[2022-08-21 13:40:08,775] {taskinstance.py:1179} INFO - Dependencies all met for <TaskInstance: example_bash_operator.runme_0 manual__2022-08-21T13:40:06.012822+00:00 [queued]>
[2022-08-21 13:40:08,817] {taskinstance.py:1179} INFO - Dependencies all met for <TaskInstance: example_bash_operator.runme_0 manual__2022-08-21T13:40:06.012822+00:00 [queued]>
[2022-08-21 13:40:08,818] {taskinstance.py:1376} INFO - 
--------------------------------------------------------------------------------
[2022-08-21 13:40:08,819] {taskinstance.py:1377} INFO - Starting attempt 1 of 1
[2022-08-21 13:40:08,819] {taskinstance.py:1378} INFO - 
--------------------------------------------------------------------------------
[2022-08-21 13:40:08,840] {taskinstance.py:1397} INFO - Executing <Task(BashOperator): runme_0> on 2022-08-21 13:40:06.012822+00:00
[2022-08-21 13:40:08,849] {standard_task_runner.py:52} INFO - Started process 1117 to run task
[2022-08-21 13:40:08,859] {standard_task_runner.py:79} INFO - Running: ['***', 'tasks', 'run', 'example_bash_operator', 'runme_0', 'manual__2022-08-21T13:40:06.012822+00:00', '--job-id', '7', '--raw', '--subdir', '/home/***/.local/lib/python3.7/site-packages/***/example_dags/example_bash_operator.py', '--cfg-path', '/tmp/tmpqeojs721', '--error-file', '/tmp/tmp2wgdareo']
[2022-08-21 13:40:08,861] {standard_task_runner.py:80} INFO - Job 7: Subtask runme_0
[2022-08-21 13:40:09,022] {task_command.py:371} INFO - Running <TaskInstance: example_bash_operator.runme_0 manual__2022-08-21T13:40:06.012822+00:00 [running]> on host 9be3abb2dacb
[2022-08-21 13:40:09,266] {taskinstance.py:1591} INFO - Exporting the following env vars:
AIRFLOW_CTX_DAG_OWNER=***
AIRFLOW_CTX_DAG_ID=example_bash_operator
AIRFLOW_CTX_TASK_ID=runme_0
AIRFLOW_CTX_EXECUTION_DATE=2022-08-21T13:40:06.012822+00:00
AIRFLOW_CTX_TRY_NUMBER=1
AIRFLOW_CTX_DAG_RUN_ID=manual__2022-08-21T13:40:06.012822+00:00
[2022-08-21 13:40:09,271] {subprocess.py:62} INFO - Tmp dir root location: 
 /tmp
[2022-08-21 13:40:09,272] {subprocess.py:74} INFO - Running command: ['bash', '-c', 'echo "example_bash_operator__runme_0__20220821" && sleep 1']
[2022-08-21 13:40:09,299] {subprocess.py:85} INFO - Output:
[2022-08-21 13:40:09,300] {subprocess.py:92} INFO - example_bash_operator__runme_0__20220821
[2022-08-21 13:40:10,296] {subprocess.py:96} INFO - Command exited with return code 0
[2022-08-21 13:40:10,338] {taskinstance.py:1420} INFO - Marking task as SUCCESS. dag_id=example_bash_operator, task_id=runme_0, execution_date=20220821T134006, start_date=20220821T134008, end_date=20220821T134010
[2022-08-21 13:40:10,385] {local_task_job.py:156} INFO - Task exited with return code 0
[2022-08-21 13:40:10,437] {local_task_job.py:273} INFO - 0 downstream tasks scheduled from follow-on schedule check
