[2022-08-21 13:44:50,880] {taskinstance.py:1179} INFO - Dependencies all met for <TaskInstance: example_branch_datetime_operator_2.datetime_branch manual__2022-08-21T13:44:50.138009+00:00 [queued]>
[2022-08-21 13:44:50,891] {taskinstance.py:1179} INFO - Dependencies all met for <TaskInstance: example_branch_datetime_operator_2.datetime_branch manual__2022-08-21T13:44:50.138009+00:00 [queued]>
[2022-08-21 13:44:50,891] {taskinstance.py:1376} INFO - 
--------------------------------------------------------------------------------
[2022-08-21 13:44:50,892] {taskinstance.py:1377} INFO - Starting attempt 1 of 1
[2022-08-21 13:44:50,892] {taskinstance.py:1378} INFO - 
--------------------------------------------------------------------------------
[2022-08-21 13:44:50,906] {taskinstance.py:1397} INFO - Executing <Task(BranchDateTimeOperator): datetime_branch> on 2022-08-21 13:44:50.138009+00:00
[2022-08-21 13:44:50,911] {standard_task_runner.py:52} INFO - Started process 1363 to run task
[2022-08-21 13:44:50,914] {standard_task_runner.py:79} INFO - Running: ['***', 'tasks', 'run', 'example_branch_datetime_operator_2', 'datetime_branch', 'manual__2022-08-21T13:44:50.138009+00:00', '--job-id', '20', '--raw', '--subdir', '/home/***/.local/lib/python3.7/site-packages/***/example_dags/example_branch_datetime_operator.py', '--cfg-path', '/tmp/tmpbn806608', '--error-file', '/tmp/tmp40sch0__']
[2022-08-21 13:44:50,914] {standard_task_runner.py:80} INFO - Job 20: Subtask datetime_branch
[2022-08-21 13:44:50,996] {task_command.py:371} INFO - Running <TaskInstance: example_branch_datetime_operator_2.datetime_branch manual__2022-08-21T13:44:50.138009+00:00 [running]> on host 9be3abb2dacb
[2022-08-21 13:44:51,078] {taskinstance.py:1591} INFO - Exporting the following env vars:
AIRFLOW_CTX_DAG_OWNER=***
AIRFLOW_CTX_DAG_ID=example_branch_datetime_operator_2
AIRFLOW_CTX_TASK_ID=datetime_branch
AIRFLOW_CTX_EXECUTION_DATE=2022-08-21T13:44:50.138009+00:00
AIRFLOW_CTX_TRY_NUMBER=1
AIRFLOW_CTX_DAG_RUN_ID=manual__2022-08-21T13:44:50.138009+00:00
[2022-08-21 13:44:51,079] {skipmixin.py:140} INFO - Following branch ['date_outside_range']
[2022-08-21 13:44:51,080] {skipmixin.py:175} INFO - Skipping tasks ['date_in_range']
[2022-08-21 13:44:51,139] {taskinstance.py:1420} INFO - Marking task as SUCCESS. dag_id=example_branch_datetime_operator_2, task_id=datetime_branch, execution_date=20220821T134450, start_date=20220821T134450, end_date=20220821T134451
[2022-08-21 13:44:51,166] {local_task_job.py:156} INFO - Task exited with return code 0
[2022-08-21 13:44:51,214] {local_task_job.py:273} INFO - 1 downstream tasks scheduled from follow-on schedule check
