[2022-08-21 13:51:00,751] {taskinstance.py:1179} INFO - Dependencies all met for <TaskInstance: example_branch_dop_operator_v3.condition scheduled__2022-08-21T13:50:00+00:00 [queued]>
[2022-08-21 13:51:00,767] {taskinstance.py:1179} INFO - Dependencies all met for <TaskInstance: example_branch_dop_operator_v3.condition scheduled__2022-08-21T13:50:00+00:00 [queued]>
[2022-08-21 13:51:00,768] {taskinstance.py:1376} INFO - 
--------------------------------------------------------------------------------
[2022-08-21 13:51:00,774] {taskinstance.py:1377} INFO - Starting attempt 1 of 1
[2022-08-21 13:51:00,775] {taskinstance.py:1378} INFO - 
--------------------------------------------------------------------------------
[2022-08-21 13:51:00,790] {taskinstance.py:1397} INFO - Executing <Task(BranchPythonOperator): condition> on 2022-08-21 13:50:00+00:00
[2022-08-21 13:51:00,794] {standard_task_runner.py:52} INFO - Started process 1666 to run task
[2022-08-21 13:51:00,797] {standard_task_runner.py:79} INFO - Running: ['***', 'tasks', 'run', 'example_branch_dop_operator_v3', 'condition', 'scheduled__2022-08-21T13:50:00+00:00', '--job-id', '27', '--raw', '--subdir', '/home/***/.local/lib/python3.7/site-packages/***/example_dags/example_branch_python_dop_operator_3.py', '--cfg-path', '/tmp/tmp0x6dzmyn', '--error-file', '/tmp/tmpghvw7g8v']
[2022-08-21 13:51:00,797] {standard_task_runner.py:80} INFO - Job 27: Subtask condition
[2022-08-21 13:51:00,869] {task_command.py:371} INFO - Running <TaskInstance: example_branch_dop_operator_v3.condition scheduled__2022-08-21T13:50:00+00:00 [running]> on host 9be3abb2dacb
[2022-08-21 13:51:00,942] {taskinstance.py:1591} INFO - Exporting the following env vars:
AIRFLOW_CTX_DAG_OWNER=***
AIRFLOW_CTX_DAG_ID=example_branch_dop_operator_v3
AIRFLOW_CTX_TASK_ID=condition
AIRFLOW_CTX_EXECUTION_DATE=2022-08-21T13:50:00+00:00
AIRFLOW_CTX_TRY_NUMBER=1
AIRFLOW_CTX_DAG_RUN_ID=scheduled__2022-08-21T13:50:00+00:00
[2022-08-21 13:51:00,944] {warnings.py:110} WARNING - /home/***/.local/lib/python3.7/site-packages/***/utils/context.py:290: AirflowContextDeprecationWarning: Accessing 'execution_date' from the template is deprecated and will be removed in a future version. Please use 'data_interval_start' or 'logical_date' instead.
  warnings.warn(_create_deprecation_warning(k, replacements))

[2022-08-21 13:51:00,945] {logging_mixin.py:115} INFO - ------------- exec dttm = 2022-08-21T13:50:00+00:00 and minute = 50
[2022-08-21 13:51:00,945] {python.py:173} INFO - Done. Returned value was: empty_task_1
[2022-08-21 13:51:00,946] {skipmixin.py:140} INFO - Following branch empty_task_1
[2022-08-21 13:51:00,947] {skipmixin.py:175} INFO - Skipping tasks ['empty_task_2']
[2022-08-21 13:51:00,995] {taskinstance.py:1420} INFO - Marking task as SUCCESS. dag_id=example_branch_dop_operator_v3, task_id=condition, execution_date=20220821T135000, start_date=20220821T135100, end_date=20220821T135100
[2022-08-21 13:51:01,050] {local_task_job.py:156} INFO - Task exited with return code 0
[2022-08-21 13:51:01,109] {local_task_job.py:273} INFO - 1 downstream tasks scheduled from follow-on schedule check
