[2022-08-21 13:17:58,710] {processor.py:153} INFO - Started process (PID=60) to work on /home/airflow/.local/lib/python3.7/site-packages/airflow/example_dags/example_branch_day_of_week_operator.py
[2022-08-21 13:17:58,712] {processor.py:641} INFO - Processing file /home/airflow/.local/lib/python3.7/site-packages/airflow/example_dags/example_branch_day_of_week_operator.py for tasks to queue
[2022-08-21 13:17:58,713] {logging_mixin.py:115} INFO - [2022-08-21 13:17:58,713] {dagbag.py:508} INFO - Filling up the DagBag from /home/airflow/.local/lib/python3.7/site-packages/airflow/example_dags/example_branch_day_of_week_operator.py
[2022-08-21 13:17:58,730] {processor.py:651} INFO - DAG(s) dict_keys(['example_weekday_branch_operator']) retrieved from /home/airflow/.local/lib/python3.7/site-packages/airflow/example_dags/example_branch_day_of_week_operator.py
[2022-08-21 13:17:58,773] {logging_mixin.py:115} INFO - [2022-08-21 13:17:58,773] {dag.py:2420} INFO - Sync 1 DAGs
[2022-08-21 13:17:58,802] {logging_mixin.py:115} INFO - [2022-08-21 13:17:58,802] {dag.py:2972} INFO - Setting next_dagrun for example_weekday_branch_operator to 2022-08-20T00:00:00+00:00, run_after=2022-08-21T00:00:00+00:00
[2022-08-21 13:17:58,818] {processor.py:161} INFO - Processing /home/airflow/.local/lib/python3.7/site-packages/airflow/example_dags/example_branch_day_of_week_operator.py took 0.115 seconds
[2022-08-21 13:18:29,351] {processor.py:153} INFO - Started process (PID=113) to work on /home/airflow/.local/lib/python3.7/site-packages/airflow/example_dags/example_branch_day_of_week_operator.py
[2022-08-21 13:18:29,352] {processor.py:641} INFO - Processing file /home/airflow/.local/lib/python3.7/site-packages/airflow/example_dags/example_branch_day_of_week_operator.py for tasks to queue
[2022-08-21 13:18:29,353] {logging_mixin.py:115} INFO - [2022-08-21 13:18:29,353] {dagbag.py:508} INFO - Filling up the DagBag from /home/airflow/.local/lib/python3.7/site-packages/airflow/example_dags/example_branch_day_of_week_operator.py
[2022-08-21 13:18:29,360] {processor.py:651} INFO - DAG(s) dict_keys(['example_weekday_branch_operator']) retrieved from /home/airflow/.local/lib/python3.7/site-packages/airflow/example_dags/example_branch_day_of_week_operator.py
[2022-08-21 13:18:29,389] {logging_mixin.py:115} INFO - [2022-08-21 13:18:29,389] {dag.py:2420} INFO - Sync 1 DAGs
[2022-08-21 13:18:29,415] {logging_mixin.py:115} INFO - [2022-08-21 13:18:29,414] {dag.py:2972} INFO - Setting next_dagrun for example_weekday_branch_operator to 2022-08-20T00:00:00+00:00, run_after=2022-08-21T00:00:00+00:00
[2022-08-21 13:18:29,429] {processor.py:161} INFO - Processing /home/airflow/.local/lib/python3.7/site-packages/airflow/example_dags/example_branch_day_of_week_operator.py took 0.081 seconds
[2022-08-21 13:18:59,636] {processor.py:153} INFO - Started process (PID=176) to work on /home/airflow/.local/lib/python3.7/site-packages/airflow/example_dags/example_branch_day_of_week_operator.py
[2022-08-21 13:18:59,636] {processor.py:641} INFO - Processing file /home/airflow/.local/lib/python3.7/site-packages/airflow/example_dags/example_branch_day_of_week_operator.py for tasks to queue
[2022-08-21 13:18:59,637] {logging_mixin.py:115} INFO - [2022-08-21 13:18:59,637] {dagbag.py:508} INFO - Filling up the DagBag from /home/airflow/.local/lib/python3.7/site-packages/airflow/example_dags/example_branch_day_of_week_operator.py
[2022-08-21 13:18:59,646] {processor.py:651} INFO - DAG(s) dict_keys(['example_weekday_branch_operator']) retrieved from /home/airflow/.local/lib/python3.7/site-packages/airflow/example_dags/example_branch_day_of_week_operator.py
[2022-08-21 13:18:59,675] {logging_mixin.py:115} INFO - [2022-08-21 13:18:59,675] {dag.py:2420} INFO - Sync 1 DAGs
[2022-08-21 13:18:59,699] {logging_mixin.py:115} INFO - [2022-08-21 13:18:59,699] {dag.py:2972} INFO - Setting next_dagrun for example_weekday_branch_operator to 2022-08-20T00:00:00+00:00, run_after=2022-08-21T00:00:00+00:00
[2022-08-21 13:18:59,721] {processor.py:161} INFO - Processing /home/airflow/.local/lib/python3.7/site-packages/airflow/example_dags/example_branch_day_of_week_operator.py took 0.088 seconds
[2022-08-21 13:19:30,068] {processor.py:153} INFO - Started process (PID=238) to work on /home/airflow/.local/lib/python3.7/site-packages/airflow/example_dags/example_branch_day_of_week_operator.py
[2022-08-21 13:19:30,068] {processor.py:641} INFO - Processing file /home/airflow/.local/lib/python3.7/site-packages/airflow/example_dags/example_branch_day_of_week_operator.py for tasks to queue
[2022-08-21 13:19:30,069] {logging_mixin.py:115} INFO - [2022-08-21 13:19:30,069] {dagbag.py:508} INFO - Filling up the DagBag from /home/airflow/.local/lib/python3.7/site-packages/airflow/example_dags/example_branch_day_of_week_operator.py
[2022-08-21 13:19:30,087] {processor.py:651} INFO - DAG(s) dict_keys(['example_weekday_branch_operator']) retrieved from /home/airflow/.local/lib/python3.7/site-packages/airflow/example_dags/example_branch_day_of_week_operator.py
[2022-08-21 13:19:30,111] {logging_mixin.py:115} INFO - [2022-08-21 13:19:30,111] {dag.py:2420} INFO - Sync 1 DAGs
[2022-08-21 13:19:30,133] {logging_mixin.py:115} INFO - [2022-08-21 13:19:30,133] {dag.py:2972} INFO - Setting next_dagrun for example_weekday_branch_operator to 2022-08-20T00:00:00+00:00, run_after=2022-08-21T00:00:00+00:00
[2022-08-21 13:19:30,155] {processor.py:161} INFO - Processing /home/airflow/.local/lib/python3.7/site-packages/airflow/example_dags/example_branch_day_of_week_operator.py took 0.090 seconds
[2022-08-21 13:20:00,755] {processor.py:153} INFO - Started process (PID=290) to work on /home/airflow/.local/lib/python3.7/site-packages/airflow/example_dags/example_branch_day_of_week_operator.py
[2022-08-21 13:20:00,756] {processor.py:641} INFO - Processing file /home/airflow/.local/lib/python3.7/site-packages/airflow/example_dags/example_branch_day_of_week_operator.py for tasks to queue
[2022-08-21 13:20:00,757] {logging_mixin.py:115} INFO - [2022-08-21 13:20:00,757] {dagbag.py:508} INFO - Filling up the DagBag from /home/airflow/.local/lib/python3.7/site-packages/airflow/example_dags/example_branch_day_of_week_operator.py
[2022-08-21 13:20:00,766] {processor.py:651} INFO - DAG(s) dict_keys(['example_weekday_branch_operator']) retrieved from /home/airflow/.local/lib/python3.7/site-packages/airflow/example_dags/example_branch_day_of_week_operator.py
[2022-08-21 13:20:00,797] {logging_mixin.py:115} INFO - [2022-08-21 13:20:00,797] {dag.py:2420} INFO - Sync 1 DAGs
[2022-08-21 13:20:00,824] {logging_mixin.py:115} INFO - [2022-08-21 13:20:00,824] {dag.py:2972} INFO - Setting next_dagrun for example_weekday_branch_operator to 2022-08-20T00:00:00+00:00, run_after=2022-08-21T00:00:00+00:00
[2022-08-21 13:20:00,840] {processor.py:161} INFO - Processing /home/airflow/.local/lib/python3.7/site-packages/airflow/example_dags/example_branch_day_of_week_operator.py took 0.089 seconds
[2022-08-21 13:20:31,081] {processor.py:153} INFO - Started process (PID=352) to work on /home/airflow/.local/lib/python3.7/site-packages/airflow/example_dags/example_branch_day_of_week_operator.py
[2022-08-21 13:20:31,082] {processor.py:641} INFO - Processing file /home/airflow/.local/lib/python3.7/site-packages/airflow/example_dags/example_branch_day_of_week_operator.py for tasks to queue
[2022-08-21 13:20:31,083] {logging_mixin.py:115} INFO - [2022-08-21 13:20:31,083] {dagbag.py:508} INFO - Filling up the DagBag from /home/airflow/.local/lib/python3.7/site-packages/airflow/example_dags/example_branch_day_of_week_operator.py
[2022-08-21 13:20:31,090] {processor.py:651} INFO - DAG(s) dict_keys(['example_weekday_branch_operator']) retrieved from /home/airflow/.local/lib/python3.7/site-packages/airflow/example_dags/example_branch_day_of_week_operator.py
[2022-08-21 13:20:31,118] {logging_mixin.py:115} INFO - [2022-08-21 13:20:31,118] {dag.py:2420} INFO - Sync 1 DAGs
[2022-08-21 13:20:31,144] {logging_mixin.py:115} INFO - [2022-08-21 13:20:31,144] {dag.py:2972} INFO - Setting next_dagrun for example_weekday_branch_operator to 2022-08-20T00:00:00+00:00, run_after=2022-08-21T00:00:00+00:00
[2022-08-21 13:20:31,158] {processor.py:161} INFO - Processing /home/airflow/.local/lib/python3.7/site-packages/airflow/example_dags/example_branch_day_of_week_operator.py took 0.080 seconds
[2022-08-21 13:21:01,346] {processor.py:153} INFO - Started process (PID=413) to work on /home/airflow/.local/lib/python3.7/site-packages/airflow/example_dags/example_branch_day_of_week_operator.py
[2022-08-21 13:21:01,346] {processor.py:641} INFO - Processing file /home/airflow/.local/lib/python3.7/site-packages/airflow/example_dags/example_branch_day_of_week_operator.py for tasks to queue
[2022-08-21 13:21:01,347] {logging_mixin.py:115} INFO - [2022-08-21 13:21:01,347] {dagbag.py:508} INFO - Filling up the DagBag from /home/airflow/.local/lib/python3.7/site-packages/airflow/example_dags/example_branch_day_of_week_operator.py
[2022-08-21 13:21:01,354] {processor.py:651} INFO - DAG(s) dict_keys(['example_weekday_branch_operator']) retrieved from /home/airflow/.local/lib/python3.7/site-packages/airflow/example_dags/example_branch_day_of_week_operator.py
[2022-08-21 13:21:01,377] {logging_mixin.py:115} INFO - [2022-08-21 13:21:01,377] {dag.py:2420} INFO - Sync 1 DAGs
[2022-08-21 13:21:01,402] {logging_mixin.py:115} INFO - [2022-08-21 13:21:01,402] {dag.py:2972} INFO - Setting next_dagrun for example_weekday_branch_operator to 2022-08-20T00:00:00+00:00, run_after=2022-08-21T00:00:00+00:00
[2022-08-21 13:21:01,417] {processor.py:161} INFO - Processing /home/airflow/.local/lib/python3.7/site-packages/airflow/example_dags/example_branch_day_of_week_operator.py took 0.074 seconds
[2022-08-21 13:21:31,558] {processor.py:153} INFO - Started process (PID=466) to work on /home/airflow/.local/lib/python3.7/site-packages/airflow/example_dags/example_branch_day_of_week_operator.py
[2022-08-21 13:21:31,559] {processor.py:641} INFO - Processing file /home/airflow/.local/lib/python3.7/site-packages/airflow/example_dags/example_branch_day_of_week_operator.py for tasks to queue
[2022-08-21 13:21:31,560] {logging_mixin.py:115} INFO - [2022-08-21 13:21:31,560] {dagbag.py:508} INFO - Filling up the DagBag from /home/airflow/.local/lib/python3.7/site-packages/airflow/example_dags/example_branch_day_of_week_operator.py
[2022-08-21 13:21:31,571] {processor.py:651} INFO - DAG(s) dict_keys(['example_weekday_branch_operator']) retrieved from /home/airflow/.local/lib/python3.7/site-packages/airflow/example_dags/example_branch_day_of_week_operator.py
[2022-08-21 13:21:31,599] {logging_mixin.py:115} INFO - [2022-08-21 13:21:31,599] {dag.py:2420} INFO - Sync 1 DAGs
[2022-08-21 13:21:31,623] {logging_mixin.py:115} INFO - [2022-08-21 13:21:31,623] {dag.py:2972} INFO - Setting next_dagrun for example_weekday_branch_operator to 2022-08-20T00:00:00+00:00, run_after=2022-08-21T00:00:00+00:00
[2022-08-21 13:21:31,639] {processor.py:161} INFO - Processing /home/airflow/.local/lib/python3.7/site-packages/airflow/example_dags/example_branch_day_of_week_operator.py took 0.084 seconds
[2022-08-21 13:22:01,851] {processor.py:153} INFO - Started process (PID=527) to work on /home/airflow/.local/lib/python3.7/site-packages/airflow/example_dags/example_branch_day_of_week_operator.py
[2022-08-21 13:22:01,852] {processor.py:641} INFO - Processing file /home/airflow/.local/lib/python3.7/site-packages/airflow/example_dags/example_branch_day_of_week_operator.py for tasks to queue
[2022-08-21 13:22:01,853] {logging_mixin.py:115} INFO - [2022-08-21 13:22:01,853] {dagbag.py:508} INFO - Filling up the DagBag from /home/airflow/.local/lib/python3.7/site-packages/airflow/example_dags/example_branch_day_of_week_operator.py
[2022-08-21 13:22:01,863] {processor.py:651} INFO - DAG(s) dict_keys(['example_weekday_branch_operator']) retrieved from /home/airflow/.local/lib/python3.7/site-packages/airflow/example_dags/example_branch_day_of_week_operator.py
[2022-08-21 13:22:01,888] {logging_mixin.py:115} INFO - [2022-08-21 13:22:01,888] {dag.py:2420} INFO - Sync 1 DAGs
[2022-08-21 13:22:01,910] {logging_mixin.py:115} INFO - [2022-08-21 13:22:01,910] {dag.py:2972} INFO - Setting next_dagrun for example_weekday_branch_operator to 2022-08-20T00:00:00+00:00, run_after=2022-08-21T00:00:00+00:00
[2022-08-21 13:22:01,928] {processor.py:161} INFO - Processing /home/airflow/.local/lib/python3.7/site-packages/airflow/example_dags/example_branch_day_of_week_operator.py took 0.081 seconds
[2022-08-21 13:22:32,104] {processor.py:153} INFO - Started process (PID=587) to work on /home/airflow/.local/lib/python3.7/site-packages/airflow/example_dags/example_branch_day_of_week_operator.py
[2022-08-21 13:22:32,106] {processor.py:641} INFO - Processing file /home/airflow/.local/lib/python3.7/site-packages/airflow/example_dags/example_branch_day_of_week_operator.py for tasks to queue
[2022-08-21 13:22:32,106] {logging_mixin.py:115} INFO - [2022-08-21 13:22:32,106] {dagbag.py:508} INFO - Filling up the DagBag from /home/airflow/.local/lib/python3.7/site-packages/airflow/example_dags/example_branch_day_of_week_operator.py
[2022-08-21 13:22:32,116] {processor.py:651} INFO - DAG(s) dict_keys(['example_weekday_branch_operator']) retrieved from /home/airflow/.local/lib/python3.7/site-packages/airflow/example_dags/example_branch_day_of_week_operator.py
[2022-08-21 13:22:32,145] {logging_mixin.py:115} INFO - [2022-08-21 13:22:32,145] {dag.py:2420} INFO - Sync 1 DAGs
[2022-08-21 13:22:32,176] {logging_mixin.py:115} INFO - [2022-08-21 13:22:32,175] {dag.py:2972} INFO - Setting next_dagrun for example_weekday_branch_operator to 2022-08-20T00:00:00+00:00, run_after=2022-08-21T00:00:00+00:00
[2022-08-21 13:22:32,191] {processor.py:161} INFO - Processing /home/airflow/.local/lib/python3.7/site-packages/airflow/example_dags/example_branch_day_of_week_operator.py took 0.092 seconds
[2022-08-21 13:23:02,365] {processor.py:153} INFO - Started process (PID=642) to work on /home/airflow/.local/lib/python3.7/site-packages/airflow/example_dags/example_branch_day_of_week_operator.py
[2022-08-21 13:23:02,366] {processor.py:641} INFO - Processing file /home/airflow/.local/lib/python3.7/site-packages/airflow/example_dags/example_branch_day_of_week_operator.py for tasks to queue
[2022-08-21 13:23:02,368] {logging_mixin.py:115} INFO - [2022-08-21 13:23:02,368] {dagbag.py:508} INFO - Filling up the DagBag from /home/airflow/.local/lib/python3.7/site-packages/airflow/example_dags/example_branch_day_of_week_operator.py
[2022-08-21 13:23:02,377] {processor.py:651} INFO - DAG(s) dict_keys(['example_weekday_branch_operator']) retrieved from /home/airflow/.local/lib/python3.7/site-packages/airflow/example_dags/example_branch_day_of_week_operator.py
[2022-08-21 13:23:02,407] {logging_mixin.py:115} INFO - [2022-08-21 13:23:02,407] {dag.py:2420} INFO - Sync 1 DAGs
[2022-08-21 13:23:02,435] {logging_mixin.py:115} INFO - [2022-08-21 13:23:02,435] {dag.py:2972} INFO - Setting next_dagrun for example_weekday_branch_operator to 2022-08-20T00:00:00+00:00, run_after=2022-08-21T00:00:00+00:00
[2022-08-21 13:23:02,448] {processor.py:161} INFO - Processing /home/airflow/.local/lib/python3.7/site-packages/airflow/example_dags/example_branch_day_of_week_operator.py took 0.087 seconds
[2022-08-21 13:23:33,368] {processor.py:153} INFO - Started process (PID=703) to work on /home/airflow/.local/lib/python3.7/site-packages/airflow/example_dags/example_branch_day_of_week_operator.py
[2022-08-21 13:23:33,369] {processor.py:641} INFO - Processing file /home/airflow/.local/lib/python3.7/site-packages/airflow/example_dags/example_branch_day_of_week_operator.py for tasks to queue
[2022-08-21 13:23:33,370] {logging_mixin.py:115} INFO - [2022-08-21 13:23:33,370] {dagbag.py:508} INFO - Filling up the DagBag from /home/airflow/.local/lib/python3.7/site-packages/airflow/example_dags/example_branch_day_of_week_operator.py
[2022-08-21 13:23:33,380] {processor.py:651} INFO - DAG(s) dict_keys(['example_weekday_branch_operator']) retrieved from /home/airflow/.local/lib/python3.7/site-packages/airflow/example_dags/example_branch_day_of_week_operator.py
[2022-08-21 13:23:33,406] {logging_mixin.py:115} INFO - [2022-08-21 13:23:33,406] {dag.py:2420} INFO - Sync 1 DAGs
[2022-08-21 13:23:33,434] {logging_mixin.py:115} INFO - [2022-08-21 13:23:33,434] {dag.py:2972} INFO - Setting next_dagrun for example_weekday_branch_operator to 2022-08-20T00:00:00+00:00, run_after=2022-08-21T00:00:00+00:00
[2022-08-21 13:23:33,451] {processor.py:161} INFO - Processing /home/airflow/.local/lib/python3.7/site-packages/airflow/example_dags/example_branch_day_of_week_operator.py took 0.086 seconds
[2022-08-21 13:24:04,219] {processor.py:153} INFO - Started process (PID=762) to work on /home/airflow/.local/lib/python3.7/site-packages/airflow/example_dags/example_branch_day_of_week_operator.py
[2022-08-21 13:24:04,221] {processor.py:641} INFO - Processing file /home/airflow/.local/lib/python3.7/site-packages/airflow/example_dags/example_branch_day_of_week_operator.py for tasks to queue
[2022-08-21 13:24:04,223] {logging_mixin.py:115} INFO - [2022-08-21 13:24:04,223] {dagbag.py:508} INFO - Filling up the DagBag from /home/airflow/.local/lib/python3.7/site-packages/airflow/example_dags/example_branch_day_of_week_operator.py
[2022-08-21 13:24:04,239] {processor.py:651} INFO - DAG(s) dict_keys(['example_weekday_branch_operator']) retrieved from /home/airflow/.local/lib/python3.7/site-packages/airflow/example_dags/example_branch_day_of_week_operator.py
[2022-08-21 13:24:04,310] {logging_mixin.py:115} INFO - [2022-08-21 13:24:04,310] {dag.py:2420} INFO - Sync 1 DAGs
[2022-08-21 13:24:04,429] {logging_mixin.py:115} INFO - [2022-08-21 13:24:04,428] {dag.py:2972} INFO - Setting next_dagrun for example_weekday_branch_operator to 2022-08-20T00:00:00+00:00, run_after=2022-08-21T00:00:00+00:00
[2022-08-21 13:24:04,470] {processor.py:161} INFO - Processing /home/airflow/.local/lib/python3.7/site-packages/airflow/example_dags/example_branch_day_of_week_operator.py took 0.258 seconds
[2022-08-21 13:24:35,193] {processor.py:153} INFO - Started process (PID=816) to work on /home/airflow/.local/lib/python3.7/site-packages/airflow/example_dags/example_branch_day_of_week_operator.py
[2022-08-21 13:24:35,194] {processor.py:641} INFO - Processing file /home/airflow/.local/lib/python3.7/site-packages/airflow/example_dags/example_branch_day_of_week_operator.py for tasks to queue
[2022-08-21 13:24:35,195] {logging_mixin.py:115} INFO - [2022-08-21 13:24:35,195] {dagbag.py:508} INFO - Filling up the DagBag from /home/airflow/.local/lib/python3.7/site-packages/airflow/example_dags/example_branch_day_of_week_operator.py
[2022-08-21 13:24:35,206] {processor.py:651} INFO - DAG(s) dict_keys(['example_weekday_branch_operator']) retrieved from /home/airflow/.local/lib/python3.7/site-packages/airflow/example_dags/example_branch_day_of_week_operator.py
[2022-08-21 13:24:35,240] {logging_mixin.py:115} INFO - [2022-08-21 13:24:35,239] {dag.py:2420} INFO - Sync 1 DAGs
[2022-08-21 13:24:35,263] {logging_mixin.py:115} INFO - [2022-08-21 13:24:35,263] {dag.py:2972} INFO - Setting next_dagrun for example_weekday_branch_operator to 2022-08-20T00:00:00+00:00, run_after=2022-08-21T00:00:00+00:00
[2022-08-21 13:24:35,278] {processor.py:161} INFO - Processing /home/airflow/.local/lib/python3.7/site-packages/airflow/example_dags/example_branch_day_of_week_operator.py took 0.087 seconds
[2022-08-21 13:25:05,372] {processor.py:153} INFO - Started process (PID=877) to work on /home/airflow/.local/lib/python3.7/site-packages/airflow/example_dags/example_branch_day_of_week_operator.py
[2022-08-21 13:25:05,373] {processor.py:641} INFO - Processing file /home/airflow/.local/lib/python3.7/site-packages/airflow/example_dags/example_branch_day_of_week_operator.py for tasks to queue
[2022-08-21 13:25:05,373] {logging_mixin.py:115} INFO - [2022-08-21 13:25:05,373] {dagbag.py:508} INFO - Filling up the DagBag from /home/airflow/.local/lib/python3.7/site-packages/airflow/example_dags/example_branch_day_of_week_operator.py
[2022-08-21 13:25:05,382] {processor.py:651} INFO - DAG(s) dict_keys(['example_weekday_branch_operator']) retrieved from /home/airflow/.local/lib/python3.7/site-packages/airflow/example_dags/example_branch_day_of_week_operator.py
[2022-08-21 13:25:05,406] {logging_mixin.py:115} INFO - [2022-08-21 13:25:05,406] {dag.py:2420} INFO - Sync 1 DAGs
[2022-08-21 13:25:05,437] {logging_mixin.py:115} INFO - [2022-08-21 13:25:05,437] {dag.py:2972} INFO - Setting next_dagrun for example_weekday_branch_operator to 2022-08-20T00:00:00+00:00, run_after=2022-08-21T00:00:00+00:00
[2022-08-21 13:25:05,454] {processor.py:161} INFO - Processing /home/airflow/.local/lib/python3.7/site-packages/airflow/example_dags/example_branch_day_of_week_operator.py took 0.085 seconds
[2022-08-21 13:25:35,592] {processor.py:153} INFO - Started process (PID=930) to work on /home/airflow/.local/lib/python3.7/site-packages/airflow/example_dags/example_branch_day_of_week_operator.py
[2022-08-21 13:25:35,593] {processor.py:641} INFO - Processing file /home/airflow/.local/lib/python3.7/site-packages/airflow/example_dags/example_branch_day_of_week_operator.py for tasks to queue
[2022-08-21 13:25:35,594] {logging_mixin.py:115} INFO - [2022-08-21 13:25:35,594] {dagbag.py:508} INFO - Filling up the DagBag from /home/airflow/.local/lib/python3.7/site-packages/airflow/example_dags/example_branch_day_of_week_operator.py
[2022-08-21 13:25:35,604] {processor.py:651} INFO - DAG(s) dict_keys(['example_weekday_branch_operator']) retrieved from /home/airflow/.local/lib/python3.7/site-packages/airflow/example_dags/example_branch_day_of_week_operator.py
[2022-08-21 13:25:35,627] {logging_mixin.py:115} INFO - [2022-08-21 13:25:35,627] {dag.py:2420} INFO - Sync 1 DAGs
[2022-08-21 13:25:35,648] {logging_mixin.py:115} INFO - [2022-08-21 13:25:35,648] {dag.py:2972} INFO - Setting next_dagrun for example_weekday_branch_operator to 2022-08-20T00:00:00+00:00, run_after=2022-08-21T00:00:00+00:00
[2022-08-21 13:25:35,660] {processor.py:161} INFO - Processing /home/airflow/.local/lib/python3.7/site-packages/airflow/example_dags/example_branch_day_of_week_operator.py took 0.071 seconds
[2022-08-21 13:26:05,796] {processor.py:153} INFO - Started process (PID=991) to work on /home/airflow/.local/lib/python3.7/site-packages/airflow/example_dags/example_branch_day_of_week_operator.py
[2022-08-21 13:26:05,797] {processor.py:641} INFO - Processing file /home/airflow/.local/lib/python3.7/site-packages/airflow/example_dags/example_branch_day_of_week_operator.py for tasks to queue
[2022-08-21 13:26:05,797] {logging_mixin.py:115} INFO - [2022-08-21 13:26:05,797] {dagbag.py:508} INFO - Filling up the DagBag from /home/airflow/.local/lib/python3.7/site-packages/airflow/example_dags/example_branch_day_of_week_operator.py
[2022-08-21 13:26:05,806] {processor.py:651} INFO - DAG(s) dict_keys(['example_weekday_branch_operator']) retrieved from /home/airflow/.local/lib/python3.7/site-packages/airflow/example_dags/example_branch_day_of_week_operator.py
[2022-08-21 13:26:05,831] {logging_mixin.py:115} INFO - [2022-08-21 13:26:05,831] {dag.py:2420} INFO - Sync 1 DAGs
[2022-08-21 13:26:05,854] {logging_mixin.py:115} INFO - [2022-08-21 13:26:05,854] {dag.py:2972} INFO - Setting next_dagrun for example_weekday_branch_operator to 2022-08-20T00:00:00+00:00, run_after=2022-08-21T00:00:00+00:00
[2022-08-21 13:26:05,874] {processor.py:161} INFO - Processing /home/airflow/.local/lib/python3.7/site-packages/airflow/example_dags/example_branch_day_of_week_operator.py took 0.080 seconds
[2022-08-21 13:26:35,937] {processor.py:153} INFO - Started process (PID=1052) to work on /home/airflow/.local/lib/python3.7/site-packages/airflow/example_dags/example_branch_day_of_week_operator.py
[2022-08-21 13:26:35,938] {processor.py:641} INFO - Processing file /home/airflow/.local/lib/python3.7/site-packages/airflow/example_dags/example_branch_day_of_week_operator.py for tasks to queue
[2022-08-21 13:26:35,939] {logging_mixin.py:115} INFO - [2022-08-21 13:26:35,939] {dagbag.py:508} INFO - Filling up the DagBag from /home/airflow/.local/lib/python3.7/site-packages/airflow/example_dags/example_branch_day_of_week_operator.py
[2022-08-21 13:26:35,950] {processor.py:651} INFO - DAG(s) dict_keys(['example_weekday_branch_operator']) retrieved from /home/airflow/.local/lib/python3.7/site-packages/airflow/example_dags/example_branch_day_of_week_operator.py
[2022-08-21 13:26:35,980] {logging_mixin.py:115} INFO - [2022-08-21 13:26:35,980] {dag.py:2420} INFO - Sync 1 DAGs
[2022-08-21 13:26:36,005] {logging_mixin.py:115} INFO - [2022-08-21 13:26:36,005] {dag.py:2972} INFO - Setting next_dagrun for example_weekday_branch_operator to 2022-08-20T00:00:00+00:00, run_after=2022-08-21T00:00:00+00:00
[2022-08-21 13:26:36,020] {processor.py:161} INFO - Processing /home/airflow/.local/lib/python3.7/site-packages/airflow/example_dags/example_branch_day_of_week_operator.py took 0.087 seconds
[2022-08-21 13:27:06,216] {processor.py:153} INFO - Started process (PID=1104) to work on /home/airflow/.local/lib/python3.7/site-packages/airflow/example_dags/example_branch_day_of_week_operator.py
[2022-08-21 13:27:06,217] {processor.py:641} INFO - Processing file /home/airflow/.local/lib/python3.7/site-packages/airflow/example_dags/example_branch_day_of_week_operator.py for tasks to queue
[2022-08-21 13:27:06,218] {logging_mixin.py:115} INFO - [2022-08-21 13:27:06,218] {dagbag.py:508} INFO - Filling up the DagBag from /home/airflow/.local/lib/python3.7/site-packages/airflow/example_dags/example_branch_day_of_week_operator.py
[2022-08-21 13:27:06,226] {processor.py:651} INFO - DAG(s) dict_keys(['example_weekday_branch_operator']) retrieved from /home/airflow/.local/lib/python3.7/site-packages/airflow/example_dags/example_branch_day_of_week_operator.py
[2022-08-21 13:27:06,252] {logging_mixin.py:115} INFO - [2022-08-21 13:27:06,252] {dag.py:2420} INFO - Sync 1 DAGs
[2022-08-21 13:27:06,273] {logging_mixin.py:115} INFO - [2022-08-21 13:27:06,272] {dag.py:2972} INFO - Setting next_dagrun for example_weekday_branch_operator to 2022-08-20T00:00:00+00:00, run_after=2022-08-21T00:00:00+00:00
[2022-08-21 13:27:06,285] {processor.py:161} INFO - Processing /home/airflow/.local/lib/python3.7/site-packages/airflow/example_dags/example_branch_day_of_week_operator.py took 0.072 seconds
[2022-08-21 13:27:36,401] {processor.py:153} INFO - Started process (PID=1166) to work on /home/airflow/.local/lib/python3.7/site-packages/airflow/example_dags/example_branch_day_of_week_operator.py
[2022-08-21 13:27:36,401] {processor.py:641} INFO - Processing file /home/airflow/.local/lib/python3.7/site-packages/airflow/example_dags/example_branch_day_of_week_operator.py for tasks to queue
[2022-08-21 13:27:36,402] {logging_mixin.py:115} INFO - [2022-08-21 13:27:36,402] {dagbag.py:508} INFO - Filling up the DagBag from /home/airflow/.local/lib/python3.7/site-packages/airflow/example_dags/example_branch_day_of_week_operator.py
[2022-08-21 13:27:36,412] {processor.py:651} INFO - DAG(s) dict_keys(['example_weekday_branch_operator']) retrieved from /home/airflow/.local/lib/python3.7/site-packages/airflow/example_dags/example_branch_day_of_week_operator.py
[2022-08-21 13:27:36,437] {logging_mixin.py:115} INFO - [2022-08-21 13:27:36,437] {dag.py:2420} INFO - Sync 1 DAGs
[2022-08-21 13:27:36,457] {logging_mixin.py:115} INFO - [2022-08-21 13:27:36,457] {dag.py:2972} INFO - Setting next_dagrun for example_weekday_branch_operator to 2022-08-20T00:00:00+00:00, run_after=2022-08-21T00:00:00+00:00
[2022-08-21 13:27:36,475] {processor.py:161} INFO - Processing /home/airflow/.local/lib/python3.7/site-packages/airflow/example_dags/example_branch_day_of_week_operator.py took 0.079 seconds
[2022-08-21 13:28:06,510] {processor.py:153} INFO - Started process (PID=1218) to work on /home/airflow/.local/lib/python3.7/site-packages/airflow/example_dags/example_branch_day_of_week_operator.py
[2022-08-21 13:28:06,511] {processor.py:641} INFO - Processing file /home/airflow/.local/lib/python3.7/site-packages/airflow/example_dags/example_branch_day_of_week_operator.py for tasks to queue
[2022-08-21 13:28:06,511] {logging_mixin.py:115} INFO - [2022-08-21 13:28:06,511] {dagbag.py:508} INFO - Filling up the DagBag from /home/airflow/.local/lib/python3.7/site-packages/airflow/example_dags/example_branch_day_of_week_operator.py
[2022-08-21 13:28:06,518] {processor.py:651} INFO - DAG(s) dict_keys(['example_weekday_branch_operator']) retrieved from /home/airflow/.local/lib/python3.7/site-packages/airflow/example_dags/example_branch_day_of_week_operator.py
[2022-08-21 13:28:06,543] {logging_mixin.py:115} INFO - [2022-08-21 13:28:06,543] {dag.py:2420} INFO - Sync 1 DAGs
[2022-08-21 13:28:06,564] {logging_mixin.py:115} INFO - [2022-08-21 13:28:06,564] {dag.py:2972} INFO - Setting next_dagrun for example_weekday_branch_operator to 2022-08-20T00:00:00+00:00, run_after=2022-08-21T00:00:00+00:00
[2022-08-21 13:28:06,583] {processor.py:161} INFO - Processing /home/airflow/.local/lib/python3.7/site-packages/airflow/example_dags/example_branch_day_of_week_operator.py took 0.076 seconds
[2022-08-21 13:28:37,303] {processor.py:153} INFO - Started process (PID=1280) to work on /home/airflow/.local/lib/python3.7/site-packages/airflow/example_dags/example_branch_day_of_week_operator.py
[2022-08-21 13:28:37,304] {processor.py:641} INFO - Processing file /home/airflow/.local/lib/python3.7/site-packages/airflow/example_dags/example_branch_day_of_week_operator.py for tasks to queue
[2022-08-21 13:28:37,305] {logging_mixin.py:115} INFO - [2022-08-21 13:28:37,305] {dagbag.py:508} INFO - Filling up the DagBag from /home/airflow/.local/lib/python3.7/site-packages/airflow/example_dags/example_branch_day_of_week_operator.py
[2022-08-21 13:28:37,313] {processor.py:651} INFO - DAG(s) dict_keys(['example_weekday_branch_operator']) retrieved from /home/airflow/.local/lib/python3.7/site-packages/airflow/example_dags/example_branch_day_of_week_operator.py
[2022-08-21 13:28:37,337] {logging_mixin.py:115} INFO - [2022-08-21 13:28:37,337] {dag.py:2420} INFO - Sync 1 DAGs
[2022-08-21 13:28:37,359] {logging_mixin.py:115} INFO - [2022-08-21 13:28:37,359] {dag.py:2972} INFO - Setting next_dagrun for example_weekday_branch_operator to 2022-08-20T00:00:00+00:00, run_after=2022-08-21T00:00:00+00:00
[2022-08-21 13:28:37,373] {processor.py:161} INFO - Processing /home/airflow/.local/lib/python3.7/site-packages/airflow/example_dags/example_branch_day_of_week_operator.py took 0.073 seconds
[2022-08-21 13:29:08,293] {processor.py:153} INFO - Started process (PID=1341) to work on /home/airflow/.local/lib/python3.7/site-packages/airflow/example_dags/example_branch_day_of_week_operator.py
[2022-08-21 13:29:08,293] {processor.py:641} INFO - Processing file /home/airflow/.local/lib/python3.7/site-packages/airflow/example_dags/example_branch_day_of_week_operator.py for tasks to queue
[2022-08-21 13:29:08,294] {logging_mixin.py:115} INFO - [2022-08-21 13:29:08,294] {dagbag.py:508} INFO - Filling up the DagBag from /home/airflow/.local/lib/python3.7/site-packages/airflow/example_dags/example_branch_day_of_week_operator.py
[2022-08-21 13:29:08,301] {processor.py:651} INFO - DAG(s) dict_keys(['example_weekday_branch_operator']) retrieved from /home/airflow/.local/lib/python3.7/site-packages/airflow/example_dags/example_branch_day_of_week_operator.py
[2022-08-21 13:29:08,324] {logging_mixin.py:115} INFO - [2022-08-21 13:29:08,324] {dag.py:2420} INFO - Sync 1 DAGs
[2022-08-21 13:29:08,345] {logging_mixin.py:115} INFO - [2022-08-21 13:29:08,345] {dag.py:2972} INFO - Setting next_dagrun for example_weekday_branch_operator to 2022-08-20T00:00:00+00:00, run_after=2022-08-21T00:00:00+00:00
[2022-08-21 13:29:08,362] {processor.py:161} INFO - Processing /home/airflow/.local/lib/python3.7/site-packages/airflow/example_dags/example_branch_day_of_week_operator.py took 0.072 seconds
[2022-08-21 13:29:39,190] {processor.py:153} INFO - Started process (PID=1402) to work on /home/airflow/.local/lib/python3.7/site-packages/airflow/example_dags/example_branch_day_of_week_operator.py
[2022-08-21 13:29:39,191] {processor.py:641} INFO - Processing file /home/airflow/.local/lib/python3.7/site-packages/airflow/example_dags/example_branch_day_of_week_operator.py for tasks to queue
[2022-08-21 13:29:39,192] {logging_mixin.py:115} INFO - [2022-08-21 13:29:39,192] {dagbag.py:508} INFO - Filling up the DagBag from /home/airflow/.local/lib/python3.7/site-packages/airflow/example_dags/example_branch_day_of_week_operator.py
[2022-08-21 13:29:39,201] {processor.py:651} INFO - DAG(s) dict_keys(['example_weekday_branch_operator']) retrieved from /home/airflow/.local/lib/python3.7/site-packages/airflow/example_dags/example_branch_day_of_week_operator.py
[2022-08-21 13:29:39,229] {logging_mixin.py:115} INFO - [2022-08-21 13:29:39,229] {dag.py:2420} INFO - Sync 1 DAGs
[2022-08-21 13:29:39,253] {logging_mixin.py:115} INFO - [2022-08-21 13:29:39,253] {dag.py:2972} INFO - Setting next_dagrun for example_weekday_branch_operator to 2022-08-20T00:00:00+00:00, run_after=2022-08-21T00:00:00+00:00
[2022-08-21 13:29:39,271] {processor.py:161} INFO - Processing /home/airflow/.local/lib/python3.7/site-packages/airflow/example_dags/example_branch_day_of_week_operator.py took 0.085 seconds
[2022-08-21 13:30:10,025] {processor.py:153} INFO - Started process (PID=1454) to work on /home/airflow/.local/lib/python3.7/site-packages/airflow/example_dags/example_branch_day_of_week_operator.py
[2022-08-21 13:30:10,026] {processor.py:641} INFO - Processing file /home/airflow/.local/lib/python3.7/site-packages/airflow/example_dags/example_branch_day_of_week_operator.py for tasks to queue
[2022-08-21 13:30:10,027] {logging_mixin.py:115} INFO - [2022-08-21 13:30:10,027] {dagbag.py:508} INFO - Filling up the DagBag from /home/airflow/.local/lib/python3.7/site-packages/airflow/example_dags/example_branch_day_of_week_operator.py
[2022-08-21 13:30:10,034] {processor.py:651} INFO - DAG(s) dict_keys(['example_weekday_branch_operator']) retrieved from /home/airflow/.local/lib/python3.7/site-packages/airflow/example_dags/example_branch_day_of_week_operator.py
[2022-08-21 13:30:10,063] {logging_mixin.py:115} INFO - [2022-08-21 13:30:10,063] {dag.py:2420} INFO - Sync 1 DAGs
[2022-08-21 13:30:10,085] {logging_mixin.py:115} INFO - [2022-08-21 13:30:10,085] {dag.py:2972} INFO - Setting next_dagrun for example_weekday_branch_operator to 2022-08-20T00:00:00+00:00, run_after=2022-08-21T00:00:00+00:00
[2022-08-21 13:30:10,096] {processor.py:161} INFO - Processing /home/airflow/.local/lib/python3.7/site-packages/airflow/example_dags/example_branch_day_of_week_operator.py took 0.074 seconds
[2022-08-21 13:30:40,301] {processor.py:153} INFO - Started process (PID=1516) to work on /home/airflow/.local/lib/python3.7/site-packages/airflow/example_dags/example_branch_day_of_week_operator.py
[2022-08-21 13:30:40,302] {processor.py:641} INFO - Processing file /home/airflow/.local/lib/python3.7/site-packages/airflow/example_dags/example_branch_day_of_week_operator.py for tasks to queue
[2022-08-21 13:30:40,303] {logging_mixin.py:115} INFO - [2022-08-21 13:30:40,303] {dagbag.py:508} INFO - Filling up the DagBag from /home/airflow/.local/lib/python3.7/site-packages/airflow/example_dags/example_branch_day_of_week_operator.py
[2022-08-21 13:30:40,316] {processor.py:651} INFO - DAG(s) dict_keys(['example_weekday_branch_operator']) retrieved from /home/airflow/.local/lib/python3.7/site-packages/airflow/example_dags/example_branch_day_of_week_operator.py
[2022-08-21 13:30:40,348] {logging_mixin.py:115} INFO - [2022-08-21 13:30:40,348] {dag.py:2420} INFO - Sync 1 DAGs
[2022-08-21 13:30:40,375] {logging_mixin.py:115} INFO - [2022-08-21 13:30:40,375] {dag.py:2972} INFO - Setting next_dagrun for example_weekday_branch_operator to 2022-08-20T00:00:00+00:00, run_after=2022-08-21T00:00:00+00:00
[2022-08-21 13:30:40,399] {processor.py:161} INFO - Processing /home/airflow/.local/lib/python3.7/site-packages/airflow/example_dags/example_branch_day_of_week_operator.py took 0.105 seconds
[2022-08-21 13:31:10,546] {processor.py:153} INFO - Started process (PID=1575) to work on /home/airflow/.local/lib/python3.7/site-packages/airflow/example_dags/example_branch_day_of_week_operator.py
[2022-08-21 13:31:10,548] {processor.py:641} INFO - Processing file /home/airflow/.local/lib/python3.7/site-packages/airflow/example_dags/example_branch_day_of_week_operator.py for tasks to queue
[2022-08-21 13:31:10,549] {logging_mixin.py:115} INFO - [2022-08-21 13:31:10,549] {dagbag.py:508} INFO - Filling up the DagBag from /home/airflow/.local/lib/python3.7/site-packages/airflow/example_dags/example_branch_day_of_week_operator.py
[2022-08-21 13:31:10,562] {processor.py:651} INFO - DAG(s) dict_keys(['example_weekday_branch_operator']) retrieved from /home/airflow/.local/lib/python3.7/site-packages/airflow/example_dags/example_branch_day_of_week_operator.py
[2022-08-21 13:31:10,606] {logging_mixin.py:115} INFO - [2022-08-21 13:31:10,606] {dag.py:2420} INFO - Sync 1 DAGs
[2022-08-21 13:31:10,644] {logging_mixin.py:115} INFO - [2022-08-21 13:31:10,644] {dag.py:2972} INFO - Setting next_dagrun for example_weekday_branch_operator to 2022-08-20T00:00:00+00:00, run_after=2022-08-21T00:00:00+00:00
[2022-08-21 13:31:10,662] {processor.py:161} INFO - Processing /home/airflow/.local/lib/python3.7/site-packages/airflow/example_dags/example_branch_day_of_week_operator.py took 0.127 seconds
[2022-08-21 13:31:40,694] {processor.py:153} INFO - Started process (PID=1629) to work on /home/airflow/.local/lib/python3.7/site-packages/airflow/example_dags/example_branch_day_of_week_operator.py
[2022-08-21 13:31:40,694] {processor.py:641} INFO - Processing file /home/airflow/.local/lib/python3.7/site-packages/airflow/example_dags/example_branch_day_of_week_operator.py for tasks to queue
[2022-08-21 13:31:40,695] {logging_mixin.py:115} INFO - [2022-08-21 13:31:40,695] {dagbag.py:508} INFO - Filling up the DagBag from /home/airflow/.local/lib/python3.7/site-packages/airflow/example_dags/example_branch_day_of_week_operator.py
[2022-08-21 13:31:40,703] {processor.py:651} INFO - DAG(s) dict_keys(['example_weekday_branch_operator']) retrieved from /home/airflow/.local/lib/python3.7/site-packages/airflow/example_dags/example_branch_day_of_week_operator.py
[2022-08-21 13:31:40,728] {logging_mixin.py:115} INFO - [2022-08-21 13:31:40,728] {dag.py:2420} INFO - Sync 1 DAGs
[2022-08-21 13:31:40,748] {logging_mixin.py:115} INFO - [2022-08-21 13:31:40,748] {dag.py:2972} INFO - Setting next_dagrun for example_weekday_branch_operator to 2022-08-20T00:00:00+00:00, run_after=2022-08-21T00:00:00+00:00
[2022-08-21 13:31:40,768] {processor.py:161} INFO - Processing /home/airflow/.local/lib/python3.7/site-packages/airflow/example_dags/example_branch_day_of_week_operator.py took 0.077 seconds
[2022-08-21 13:32:11,659] {processor.py:153} INFO - Started process (PID=1691) to work on /home/airflow/.local/lib/python3.7/site-packages/airflow/example_dags/example_branch_day_of_week_operator.py
[2022-08-21 13:32:11,660] {processor.py:641} INFO - Processing file /home/airflow/.local/lib/python3.7/site-packages/airflow/example_dags/example_branch_day_of_week_operator.py for tasks to queue
[2022-08-21 13:32:11,661] {logging_mixin.py:115} INFO - [2022-08-21 13:32:11,661] {dagbag.py:508} INFO - Filling up the DagBag from /home/airflow/.local/lib/python3.7/site-packages/airflow/example_dags/example_branch_day_of_week_operator.py
[2022-08-21 13:32:11,671] {processor.py:651} INFO - DAG(s) dict_keys(['example_weekday_branch_operator']) retrieved from /home/airflow/.local/lib/python3.7/site-packages/airflow/example_dags/example_branch_day_of_week_operator.py
[2022-08-21 13:32:11,697] {logging_mixin.py:115} INFO - [2022-08-21 13:32:11,697] {dag.py:2420} INFO - Sync 1 DAGs
[2022-08-21 13:32:11,721] {logging_mixin.py:115} INFO - [2022-08-21 13:32:11,721] {dag.py:2972} INFO - Setting next_dagrun for example_weekday_branch_operator to 2022-08-20T00:00:00+00:00, run_after=2022-08-21T00:00:00+00:00
[2022-08-21 13:32:11,740] {processor.py:161} INFO - Processing /home/airflow/.local/lib/python3.7/site-packages/airflow/example_dags/example_branch_day_of_week_operator.py took 0.084 seconds
[2022-08-21 13:32:42,497] {processor.py:153} INFO - Started process (PID=1752) to work on /home/airflow/.local/lib/python3.7/site-packages/airflow/example_dags/example_branch_day_of_week_operator.py
[2022-08-21 13:32:42,498] {processor.py:641} INFO - Processing file /home/airflow/.local/lib/python3.7/site-packages/airflow/example_dags/example_branch_day_of_week_operator.py for tasks to queue
[2022-08-21 13:32:42,499] {logging_mixin.py:115} INFO - [2022-08-21 13:32:42,498] {dagbag.py:508} INFO - Filling up the DagBag from /home/airflow/.local/lib/python3.7/site-packages/airflow/example_dags/example_branch_day_of_week_operator.py
[2022-08-21 13:32:42,508] {processor.py:651} INFO - DAG(s) dict_keys(['example_weekday_branch_operator']) retrieved from /home/airflow/.local/lib/python3.7/site-packages/airflow/example_dags/example_branch_day_of_week_operator.py
[2022-08-21 13:32:42,538] {logging_mixin.py:115} INFO - [2022-08-21 13:32:42,538] {dag.py:2420} INFO - Sync 1 DAGs
[2022-08-21 13:32:42,563] {logging_mixin.py:115} INFO - [2022-08-21 13:32:42,562] {dag.py:2972} INFO - Setting next_dagrun for example_weekday_branch_operator to 2022-08-20T00:00:00+00:00, run_after=2022-08-21T00:00:00+00:00
[2022-08-21 13:32:42,577] {processor.py:161} INFO - Processing /home/airflow/.local/lib/python3.7/site-packages/airflow/example_dags/example_branch_day_of_week_operator.py took 0.083 seconds
[2022-08-21 13:33:13,425] {processor.py:153} INFO - Started process (PID=1805) to work on /home/airflow/.local/lib/python3.7/site-packages/airflow/example_dags/example_branch_day_of_week_operator.py
[2022-08-21 13:33:13,426] {processor.py:641} INFO - Processing file /home/airflow/.local/lib/python3.7/site-packages/airflow/example_dags/example_branch_day_of_week_operator.py for tasks to queue
[2022-08-21 13:33:13,427] {logging_mixin.py:115} INFO - [2022-08-21 13:33:13,427] {dagbag.py:508} INFO - Filling up the DagBag from /home/airflow/.local/lib/python3.7/site-packages/airflow/example_dags/example_branch_day_of_week_operator.py
[2022-08-21 13:33:13,435] {processor.py:651} INFO - DAG(s) dict_keys(['example_weekday_branch_operator']) retrieved from /home/airflow/.local/lib/python3.7/site-packages/airflow/example_dags/example_branch_day_of_week_operator.py
[2022-08-21 13:33:13,459] {logging_mixin.py:115} INFO - [2022-08-21 13:33:13,459] {dag.py:2420} INFO - Sync 1 DAGs
[2022-08-21 13:33:13,480] {logging_mixin.py:115} INFO - [2022-08-21 13:33:13,480] {dag.py:2972} INFO - Setting next_dagrun for example_weekday_branch_operator to 2022-08-20T00:00:00+00:00, run_after=2022-08-21T00:00:00+00:00
[2022-08-21 13:33:13,497] {processor.py:161} INFO - Processing /home/airflow/.local/lib/python3.7/site-packages/airflow/example_dags/example_branch_day_of_week_operator.py took 0.075 seconds
[2022-08-21 13:33:44,306] {processor.py:153} INFO - Started process (PID=1866) to work on /home/airflow/.local/lib/python3.7/site-packages/airflow/example_dags/example_branch_day_of_week_operator.py
[2022-08-21 13:33:44,307] {processor.py:641} INFO - Processing file /home/airflow/.local/lib/python3.7/site-packages/airflow/example_dags/example_branch_day_of_week_operator.py for tasks to queue
[2022-08-21 13:33:44,308] {logging_mixin.py:115} INFO - [2022-08-21 13:33:44,308] {dagbag.py:508} INFO - Filling up the DagBag from /home/airflow/.local/lib/python3.7/site-packages/airflow/example_dags/example_branch_day_of_week_operator.py
[2022-08-21 13:33:44,316] {processor.py:651} INFO - DAG(s) dict_keys(['example_weekday_branch_operator']) retrieved from /home/airflow/.local/lib/python3.7/site-packages/airflow/example_dags/example_branch_day_of_week_operator.py
[2022-08-21 13:33:44,344] {logging_mixin.py:115} INFO - [2022-08-21 13:33:44,343] {dag.py:2420} INFO - Sync 1 DAGs
[2022-08-21 13:33:44,368] {logging_mixin.py:115} INFO - [2022-08-21 13:33:44,368] {dag.py:2972} INFO - Setting next_dagrun for example_weekday_branch_operator to 2022-08-20T00:00:00+00:00, run_after=2022-08-21T00:00:00+00:00
[2022-08-21 13:33:44,392] {processor.py:161} INFO - Processing /home/airflow/.local/lib/python3.7/site-packages/airflow/example_dags/example_branch_day_of_week_operator.py took 0.089 seconds
[2022-08-21 13:34:15,255] {processor.py:153} INFO - Started process (PID=1927) to work on /home/airflow/.local/lib/python3.7/site-packages/airflow/example_dags/example_branch_day_of_week_operator.py
[2022-08-21 13:34:15,256] {processor.py:641} INFO - Processing file /home/airflow/.local/lib/python3.7/site-packages/airflow/example_dags/example_branch_day_of_week_operator.py for tasks to queue
[2022-08-21 13:34:15,257] {logging_mixin.py:115} INFO - [2022-08-21 13:34:15,257] {dagbag.py:508} INFO - Filling up the DagBag from /home/airflow/.local/lib/python3.7/site-packages/airflow/example_dags/example_branch_day_of_week_operator.py
[2022-08-21 13:34:15,270] {processor.py:651} INFO - DAG(s) dict_keys(['example_weekday_branch_operator']) retrieved from /home/airflow/.local/lib/python3.7/site-packages/airflow/example_dags/example_branch_day_of_week_operator.py
[2022-08-21 13:34:15,314] {logging_mixin.py:115} INFO - [2022-08-21 13:34:15,314] {dag.py:2420} INFO - Sync 1 DAGs
[2022-08-21 13:34:15,355] {logging_mixin.py:115} INFO - [2022-08-21 13:34:15,355] {dag.py:2972} INFO - Setting next_dagrun for example_weekday_branch_operator to 2022-08-20T00:00:00+00:00, run_after=2022-08-21T00:00:00+00:00
[2022-08-21 13:34:15,381] {processor.py:161} INFO - Processing /home/airflow/.local/lib/python3.7/site-packages/airflow/example_dags/example_branch_day_of_week_operator.py took 0.130 seconds
[2022-08-21 13:34:45,466] {processor.py:153} INFO - Started process (PID=1979) to work on /home/airflow/.local/lib/python3.7/site-packages/airflow/example_dags/example_branch_day_of_week_operator.py
[2022-08-21 13:34:45,467] {processor.py:641} INFO - Processing file /home/airflow/.local/lib/python3.7/site-packages/airflow/example_dags/example_branch_day_of_week_operator.py for tasks to queue
[2022-08-21 13:34:45,468] {logging_mixin.py:115} INFO - [2022-08-21 13:34:45,468] {dagbag.py:508} INFO - Filling up the DagBag from /home/airflow/.local/lib/python3.7/site-packages/airflow/example_dags/example_branch_day_of_week_operator.py
[2022-08-21 13:34:45,477] {processor.py:651} INFO - DAG(s) dict_keys(['example_weekday_branch_operator']) retrieved from /home/airflow/.local/lib/python3.7/site-packages/airflow/example_dags/example_branch_day_of_week_operator.py
[2022-08-21 13:34:45,503] {logging_mixin.py:115} INFO - [2022-08-21 13:34:45,503] {dag.py:2420} INFO - Sync 1 DAGs
[2022-08-21 13:34:45,524] {logging_mixin.py:115} INFO - [2022-08-21 13:34:45,524] {dag.py:2972} INFO - Setting next_dagrun for example_weekday_branch_operator to 2022-08-20T00:00:00+00:00, run_after=2022-08-21T00:00:00+00:00
[2022-08-21 13:34:45,536] {processor.py:161} INFO - Processing /home/airflow/.local/lib/python3.7/site-packages/airflow/example_dags/example_branch_day_of_week_operator.py took 0.072 seconds
[2022-08-21 13:35:16,517] {processor.py:153} INFO - Started process (PID=2040) to work on /home/airflow/.local/lib/python3.7/site-packages/airflow/example_dags/example_branch_day_of_week_operator.py
[2022-08-21 13:35:16,518] {processor.py:641} INFO - Processing file /home/airflow/.local/lib/python3.7/site-packages/airflow/example_dags/example_branch_day_of_week_operator.py for tasks to queue
[2022-08-21 13:35:16,518] {logging_mixin.py:115} INFO - [2022-08-21 13:35:16,518] {dagbag.py:508} INFO - Filling up the DagBag from /home/airflow/.local/lib/python3.7/site-packages/airflow/example_dags/example_branch_day_of_week_operator.py
[2022-08-21 13:35:16,525] {processor.py:651} INFO - DAG(s) dict_keys(['example_weekday_branch_operator']) retrieved from /home/airflow/.local/lib/python3.7/site-packages/airflow/example_dags/example_branch_day_of_week_operator.py
[2022-08-21 13:35:16,550] {logging_mixin.py:115} INFO - [2022-08-21 13:35:16,550] {dag.py:2420} INFO - Sync 1 DAGs
[2022-08-21 13:35:16,571] {logging_mixin.py:115} INFO - [2022-08-21 13:35:16,571] {dag.py:2972} INFO - Setting next_dagrun for example_weekday_branch_operator to 2022-08-20T00:00:00+00:00, run_after=2022-08-21T00:00:00+00:00
[2022-08-21 13:35:16,590] {processor.py:161} INFO - Processing /home/airflow/.local/lib/python3.7/site-packages/airflow/example_dags/example_branch_day_of_week_operator.py took 0.075 seconds
[2022-08-21 13:35:47,562] {processor.py:153} INFO - Started process (PID=2101) to work on /home/airflow/.local/lib/python3.7/site-packages/airflow/example_dags/example_branch_day_of_week_operator.py
[2022-08-21 13:35:47,563] {processor.py:641} INFO - Processing file /home/airflow/.local/lib/python3.7/site-packages/airflow/example_dags/example_branch_day_of_week_operator.py for tasks to queue
[2022-08-21 13:35:47,564] {logging_mixin.py:115} INFO - [2022-08-21 13:35:47,564] {dagbag.py:508} INFO - Filling up the DagBag from /home/airflow/.local/lib/python3.7/site-packages/airflow/example_dags/example_branch_day_of_week_operator.py
[2022-08-21 13:35:47,572] {processor.py:651} INFO - DAG(s) dict_keys(['example_weekday_branch_operator']) retrieved from /home/airflow/.local/lib/python3.7/site-packages/airflow/example_dags/example_branch_day_of_week_operator.py
[2022-08-21 13:35:47,601] {logging_mixin.py:115} INFO - [2022-08-21 13:35:47,601] {dag.py:2420} INFO - Sync 1 DAGs
[2022-08-21 13:35:47,622] {logging_mixin.py:115} INFO - [2022-08-21 13:35:47,622] {dag.py:2972} INFO - Setting next_dagrun for example_weekday_branch_operator to 2022-08-20T00:00:00+00:00, run_after=2022-08-21T00:00:00+00:00
[2022-08-21 13:35:47,638] {processor.py:161} INFO - Processing /home/airflow/.local/lib/python3.7/site-packages/airflow/example_dags/example_branch_day_of_week_operator.py took 0.080 seconds
[2022-08-21 13:36:18,422] {processor.py:153} INFO - Started process (PID=2153) to work on /home/airflow/.local/lib/python3.7/site-packages/airflow/example_dags/example_branch_day_of_week_operator.py
[2022-08-21 13:36:18,423] {processor.py:641} INFO - Processing file /home/airflow/.local/lib/python3.7/site-packages/airflow/example_dags/example_branch_day_of_week_operator.py for tasks to queue
[2022-08-21 13:36:18,424] {logging_mixin.py:115} INFO - [2022-08-21 13:36:18,424] {dagbag.py:508} INFO - Filling up the DagBag from /home/airflow/.local/lib/python3.7/site-packages/airflow/example_dags/example_branch_day_of_week_operator.py
[2022-08-21 13:36:18,431] {processor.py:651} INFO - DAG(s) dict_keys(['example_weekday_branch_operator']) retrieved from /home/airflow/.local/lib/python3.7/site-packages/airflow/example_dags/example_branch_day_of_week_operator.py
[2022-08-21 13:36:18,454] {logging_mixin.py:115} INFO - [2022-08-21 13:36:18,454] {dag.py:2420} INFO - Sync 1 DAGs
[2022-08-21 13:36:18,474] {logging_mixin.py:115} INFO - [2022-08-21 13:36:18,474] {dag.py:2972} INFO - Setting next_dagrun for example_weekday_branch_operator to 2022-08-20T00:00:00+00:00, run_after=2022-08-21T00:00:00+00:00
[2022-08-21 13:36:18,491] {processor.py:161} INFO - Processing /home/airflow/.local/lib/python3.7/site-packages/airflow/example_dags/example_branch_day_of_week_operator.py took 0.071 seconds
[2022-08-21 13:36:49,377] {processor.py:153} INFO - Started process (PID=2215) to work on /home/airflow/.local/lib/python3.7/site-packages/airflow/example_dags/example_branch_day_of_week_operator.py
[2022-08-21 13:36:49,378] {processor.py:641} INFO - Processing file /home/airflow/.local/lib/python3.7/site-packages/airflow/example_dags/example_branch_day_of_week_operator.py for tasks to queue
[2022-08-21 13:36:49,379] {logging_mixin.py:115} INFO - [2022-08-21 13:36:49,378] {dagbag.py:508} INFO - Filling up the DagBag from /home/airflow/.local/lib/python3.7/site-packages/airflow/example_dags/example_branch_day_of_week_operator.py
[2022-08-21 13:36:49,386] {processor.py:651} INFO - DAG(s) dict_keys(['example_weekday_branch_operator']) retrieved from /home/airflow/.local/lib/python3.7/site-packages/airflow/example_dags/example_branch_day_of_week_operator.py
[2022-08-21 13:36:49,414] {logging_mixin.py:115} INFO - [2022-08-21 13:36:49,414] {dag.py:2420} INFO - Sync 1 DAGs
[2022-08-21 13:36:49,434] {logging_mixin.py:115} INFO - [2022-08-21 13:36:49,434] {dag.py:2972} INFO - Setting next_dagrun for example_weekday_branch_operator to 2022-08-20T00:00:00+00:00, run_after=2022-08-21T00:00:00+00:00
[2022-08-21 13:36:49,450] {processor.py:161} INFO - Processing /home/airflow/.local/lib/python3.7/site-packages/airflow/example_dags/example_branch_day_of_week_operator.py took 0.076 seconds
[2022-08-21 13:37:20,160] {processor.py:153} INFO - Started process (PID=2277) to work on /home/airflow/.local/lib/python3.7/site-packages/airflow/example_dags/example_branch_day_of_week_operator.py
[2022-08-21 13:37:20,161] {processor.py:641} INFO - Processing file /home/airflow/.local/lib/python3.7/site-packages/airflow/example_dags/example_branch_day_of_week_operator.py for tasks to queue
[2022-08-21 13:37:20,162] {logging_mixin.py:115} INFO - [2022-08-21 13:37:20,162] {dagbag.py:508} INFO - Filling up the DagBag from /home/airflow/.local/lib/python3.7/site-packages/airflow/example_dags/example_branch_day_of_week_operator.py
[2022-08-21 13:37:20,171] {processor.py:651} INFO - DAG(s) dict_keys(['example_weekday_branch_operator']) retrieved from /home/airflow/.local/lib/python3.7/site-packages/airflow/example_dags/example_branch_day_of_week_operator.py
[2022-08-21 13:37:20,192] {logging_mixin.py:115} INFO - [2022-08-21 13:37:20,192] {dag.py:2420} INFO - Sync 1 DAGs
[2022-08-21 13:37:20,213] {logging_mixin.py:115} INFO - [2022-08-21 13:37:20,213] {dag.py:2972} INFO - Setting next_dagrun for example_weekday_branch_operator to 2022-08-20T00:00:00+00:00, run_after=2022-08-21T00:00:00+00:00
[2022-08-21 13:37:20,231] {processor.py:161} INFO - Processing /home/airflow/.local/lib/python3.7/site-packages/airflow/example_dags/example_branch_day_of_week_operator.py took 0.073 seconds
[2022-08-21 13:37:50,967] {processor.py:153} INFO - Started process (PID=2336) to work on /home/airflow/.local/lib/python3.7/site-packages/airflow/example_dags/example_branch_day_of_week_operator.py
[2022-08-21 13:37:50,968] {processor.py:641} INFO - Processing file /home/airflow/.local/lib/python3.7/site-packages/airflow/example_dags/example_branch_day_of_week_operator.py for tasks to queue
[2022-08-21 13:37:50,968] {logging_mixin.py:115} INFO - [2022-08-21 13:37:50,968] {dagbag.py:508} INFO - Filling up the DagBag from /home/airflow/.local/lib/python3.7/site-packages/airflow/example_dags/example_branch_day_of_week_operator.py
[2022-08-21 13:37:50,981] {processor.py:651} INFO - DAG(s) dict_keys(['example_weekday_branch_operator']) retrieved from /home/airflow/.local/lib/python3.7/site-packages/airflow/example_dags/example_branch_day_of_week_operator.py
[2022-08-21 13:37:51,003] {logging_mixin.py:115} INFO - [2022-08-21 13:37:51,003] {dag.py:2420} INFO - Sync 1 DAGs
[2022-08-21 13:37:51,026] {logging_mixin.py:115} INFO - [2022-08-21 13:37:51,026] {dag.py:2972} INFO - Setting next_dagrun for example_weekday_branch_operator to 2022-08-20T00:00:00+00:00, run_after=2022-08-21T00:00:00+00:00
[2022-08-21 13:37:51,044] {processor.py:161} INFO - Processing /home/airflow/.local/lib/python3.7/site-packages/airflow/example_dags/example_branch_day_of_week_operator.py took 0.080 seconds
[2022-08-21 13:38:21,871] {processor.py:153} INFO - Started process (PID=2390) to work on /home/airflow/.local/lib/python3.7/site-packages/airflow/example_dags/example_branch_day_of_week_operator.py
[2022-08-21 13:38:21,872] {processor.py:641} INFO - Processing file /home/airflow/.local/lib/python3.7/site-packages/airflow/example_dags/example_branch_day_of_week_operator.py for tasks to queue
[2022-08-21 13:38:21,873] {logging_mixin.py:115} INFO - [2022-08-21 13:38:21,873] {dagbag.py:508} INFO - Filling up the DagBag from /home/airflow/.local/lib/python3.7/site-packages/airflow/example_dags/example_branch_day_of_week_operator.py
[2022-08-21 13:38:21,880] {processor.py:651} INFO - DAG(s) dict_keys(['example_weekday_branch_operator']) retrieved from /home/airflow/.local/lib/python3.7/site-packages/airflow/example_dags/example_branch_day_of_week_operator.py
[2022-08-21 13:38:21,904] {logging_mixin.py:115} INFO - [2022-08-21 13:38:21,904] {dag.py:2420} INFO - Sync 1 DAGs
[2022-08-21 13:38:21,926] {logging_mixin.py:115} INFO - [2022-08-21 13:38:21,926] {dag.py:2972} INFO - Setting next_dagrun for example_weekday_branch_operator to 2022-08-20T00:00:00+00:00, run_after=2022-08-21T00:00:00+00:00
[2022-08-21 13:38:21,946] {processor.py:161} INFO - Processing /home/airflow/.local/lib/python3.7/site-packages/airflow/example_dags/example_branch_day_of_week_operator.py took 0.077 seconds
[2022-08-21 13:38:52,863] {processor.py:153} INFO - Started process (PID=2451) to work on /home/airflow/.local/lib/python3.7/site-packages/airflow/example_dags/example_branch_day_of_week_operator.py
[2022-08-21 13:38:52,864] {processor.py:641} INFO - Processing file /home/airflow/.local/lib/python3.7/site-packages/airflow/example_dags/example_branch_day_of_week_operator.py for tasks to queue
[2022-08-21 13:38:52,865] {logging_mixin.py:115} INFO - [2022-08-21 13:38:52,865] {dagbag.py:508} INFO - Filling up the DagBag from /home/airflow/.local/lib/python3.7/site-packages/airflow/example_dags/example_branch_day_of_week_operator.py
[2022-08-21 13:38:52,879] {processor.py:651} INFO - DAG(s) dict_keys(['example_weekday_branch_operator']) retrieved from /home/airflow/.local/lib/python3.7/site-packages/airflow/example_dags/example_branch_day_of_week_operator.py
[2022-08-21 13:38:52,914] {logging_mixin.py:115} INFO - [2022-08-21 13:38:52,914] {dag.py:2420} INFO - Sync 1 DAGs
[2022-08-21 13:38:52,937] {logging_mixin.py:115} INFO - [2022-08-21 13:38:52,937] {dag.py:2972} INFO - Setting next_dagrun for example_weekday_branch_operator to 2022-08-20T00:00:00+00:00, run_after=2022-08-21T00:00:00+00:00
[2022-08-21 13:38:52,949] {processor.py:161} INFO - Processing /home/airflow/.local/lib/python3.7/site-packages/airflow/example_dags/example_branch_day_of_week_operator.py took 0.093 seconds
[2022-08-21 13:39:23,086] {processor.py:153} INFO - Started process (PID=2512) to work on /home/airflow/.local/lib/python3.7/site-packages/airflow/example_dags/example_branch_day_of_week_operator.py
[2022-08-21 13:39:23,087] {processor.py:641} INFO - Processing file /home/airflow/.local/lib/python3.7/site-packages/airflow/example_dags/example_branch_day_of_week_operator.py for tasks to queue
[2022-08-21 13:39:23,088] {logging_mixin.py:115} INFO - [2022-08-21 13:39:23,088] {dagbag.py:508} INFO - Filling up the DagBag from /home/airflow/.local/lib/python3.7/site-packages/airflow/example_dags/example_branch_day_of_week_operator.py
[2022-08-21 13:39:23,098] {processor.py:651} INFO - DAG(s) dict_keys(['example_weekday_branch_operator']) retrieved from /home/airflow/.local/lib/python3.7/site-packages/airflow/example_dags/example_branch_day_of_week_operator.py
[2022-08-21 13:39:23,129] {logging_mixin.py:115} INFO - [2022-08-21 13:39:23,129] {dag.py:2420} INFO - Sync 1 DAGs
[2022-08-21 13:39:23,155] {logging_mixin.py:115} INFO - [2022-08-21 13:39:23,155] {dag.py:2972} INFO - Setting next_dagrun for example_weekday_branch_operator to 2022-08-20T00:00:00+00:00, run_after=2022-08-21T00:00:00+00:00
[2022-08-21 13:39:23,170] {processor.py:161} INFO - Processing /home/airflow/.local/lib/python3.7/site-packages/airflow/example_dags/example_branch_day_of_week_operator.py took 0.086 seconds
[2022-08-21 13:39:54,025] {processor.py:153} INFO - Started process (PID=2566) to work on /home/airflow/.local/lib/python3.7/site-packages/airflow/example_dags/example_branch_day_of_week_operator.py
[2022-08-21 13:39:54,026] {processor.py:641} INFO - Processing file /home/airflow/.local/lib/python3.7/site-packages/airflow/example_dags/example_branch_day_of_week_operator.py for tasks to queue
[2022-08-21 13:39:54,027] {logging_mixin.py:115} INFO - [2022-08-21 13:39:54,027] {dagbag.py:508} INFO - Filling up the DagBag from /home/airflow/.local/lib/python3.7/site-packages/airflow/example_dags/example_branch_day_of_week_operator.py
[2022-08-21 13:39:54,037] {processor.py:651} INFO - DAG(s) dict_keys(['example_weekday_branch_operator']) retrieved from /home/airflow/.local/lib/python3.7/site-packages/airflow/example_dags/example_branch_day_of_week_operator.py
[2022-08-21 13:39:54,064] {logging_mixin.py:115} INFO - [2022-08-21 13:39:54,064] {dag.py:2420} INFO - Sync 1 DAGs
[2022-08-21 13:39:54,094] {logging_mixin.py:115} INFO - [2022-08-21 13:39:54,093] {dag.py:2972} INFO - Setting next_dagrun for example_weekday_branch_operator to 2022-08-20T00:00:00+00:00, run_after=2022-08-21T00:00:00+00:00
[2022-08-21 13:39:54,109] {processor.py:161} INFO - Processing /home/airflow/.local/lib/python3.7/site-packages/airflow/example_dags/example_branch_day_of_week_operator.py took 0.086 seconds
[2022-08-21 13:40:24,189] {processor.py:153} INFO - Started process (PID=2642) to work on /home/airflow/.local/lib/python3.7/site-packages/airflow/example_dags/example_branch_day_of_week_operator.py
[2022-08-21 13:40:24,190] {processor.py:641} INFO - Processing file /home/airflow/.local/lib/python3.7/site-packages/airflow/example_dags/example_branch_day_of_week_operator.py for tasks to queue
[2022-08-21 13:40:24,190] {logging_mixin.py:115} INFO - [2022-08-21 13:40:24,190] {dagbag.py:508} INFO - Filling up the DagBag from /home/airflow/.local/lib/python3.7/site-packages/airflow/example_dags/example_branch_day_of_week_operator.py
[2022-08-21 13:40:24,197] {processor.py:651} INFO - DAG(s) dict_keys(['example_weekday_branch_operator']) retrieved from /home/airflow/.local/lib/python3.7/site-packages/airflow/example_dags/example_branch_day_of_week_operator.py
[2022-08-21 13:40:24,225] {logging_mixin.py:115} INFO - [2022-08-21 13:40:24,225] {dag.py:2420} INFO - Sync 1 DAGs
[2022-08-21 13:40:24,247] {logging_mixin.py:115} INFO - [2022-08-21 13:40:24,247] {dag.py:2972} INFO - Setting next_dagrun for example_weekday_branch_operator to 2022-08-20T00:00:00+00:00, run_after=2022-08-21T00:00:00+00:00
[2022-08-21 13:40:24,259] {processor.py:161} INFO - Processing /home/airflow/.local/lib/python3.7/site-packages/airflow/example_dags/example_branch_day_of_week_operator.py took 0.073 seconds
[2022-08-21 13:40:54,381] {processor.py:153} INFO - Started process (PID=2695) to work on /home/airflow/.local/lib/python3.7/site-packages/airflow/example_dags/example_branch_day_of_week_operator.py
[2022-08-21 13:40:54,384] {processor.py:641} INFO - Processing file /home/airflow/.local/lib/python3.7/site-packages/airflow/example_dags/example_branch_day_of_week_operator.py for tasks to queue
[2022-08-21 13:40:54,385] {logging_mixin.py:115} INFO - [2022-08-21 13:40:54,385] {dagbag.py:508} INFO - Filling up the DagBag from /home/airflow/.local/lib/python3.7/site-packages/airflow/example_dags/example_branch_day_of_week_operator.py
[2022-08-21 13:40:54,398] {processor.py:651} INFO - DAG(s) dict_keys(['example_weekday_branch_operator']) retrieved from /home/airflow/.local/lib/python3.7/site-packages/airflow/example_dags/example_branch_day_of_week_operator.py
[2022-08-21 13:40:54,428] {logging_mixin.py:115} INFO - [2022-08-21 13:40:54,428] {dag.py:2420} INFO - Sync 1 DAGs
[2022-08-21 13:40:54,450] {logging_mixin.py:115} INFO - [2022-08-21 13:40:54,450] {dag.py:2972} INFO - Setting next_dagrun for example_weekday_branch_operator to 2022-08-20T00:00:00+00:00, run_after=2022-08-21T00:00:00+00:00
[2022-08-21 13:40:54,463] {processor.py:161} INFO - Processing /home/airflow/.local/lib/python3.7/site-packages/airflow/example_dags/example_branch_day_of_week_operator.py took 0.086 seconds
[2022-08-21 13:41:24,593] {processor.py:153} INFO - Started process (PID=2760) to work on /home/airflow/.local/lib/python3.7/site-packages/airflow/example_dags/example_branch_day_of_week_operator.py
[2022-08-21 13:41:24,594] {processor.py:641} INFO - Processing file /home/airflow/.local/lib/python3.7/site-packages/airflow/example_dags/example_branch_day_of_week_operator.py for tasks to queue
[2022-08-21 13:41:24,595] {logging_mixin.py:115} INFO - [2022-08-21 13:41:24,595] {dagbag.py:508} INFO - Filling up the DagBag from /home/airflow/.local/lib/python3.7/site-packages/airflow/example_dags/example_branch_day_of_week_operator.py
[2022-08-21 13:41:24,604] {processor.py:651} INFO - DAG(s) dict_keys(['example_weekday_branch_operator']) retrieved from /home/airflow/.local/lib/python3.7/site-packages/airflow/example_dags/example_branch_day_of_week_operator.py
[2022-08-21 13:41:24,630] {logging_mixin.py:115} INFO - [2022-08-21 13:41:24,630] {dag.py:2420} INFO - Sync 1 DAGs
[2022-08-21 13:41:24,654] {logging_mixin.py:115} INFO - [2022-08-21 13:41:24,654] {dag.py:2972} INFO - Setting next_dagrun for example_weekday_branch_operator to 2022-08-20T00:00:00+00:00, run_after=2022-08-21T00:00:00+00:00
[2022-08-21 13:41:24,664] {processor.py:161} INFO - Processing /home/airflow/.local/lib/python3.7/site-packages/airflow/example_dags/example_branch_day_of_week_operator.py took 0.074 seconds
[2022-08-21 13:41:54,796] {processor.py:153} INFO - Started process (PID=2821) to work on /home/airflow/.local/lib/python3.7/site-packages/airflow/example_dags/example_branch_day_of_week_operator.py
[2022-08-21 13:41:54,796] {processor.py:641} INFO - Processing file /home/airflow/.local/lib/python3.7/site-packages/airflow/example_dags/example_branch_day_of_week_operator.py for tasks to queue
[2022-08-21 13:41:54,797] {logging_mixin.py:115} INFO - [2022-08-21 13:41:54,797] {dagbag.py:508} INFO - Filling up the DagBag from /home/airflow/.local/lib/python3.7/site-packages/airflow/example_dags/example_branch_day_of_week_operator.py
[2022-08-21 13:41:54,806] {processor.py:651} INFO - DAG(s) dict_keys(['example_weekday_branch_operator']) retrieved from /home/airflow/.local/lib/python3.7/site-packages/airflow/example_dags/example_branch_day_of_week_operator.py
[2022-08-21 13:41:54,832] {logging_mixin.py:115} INFO - [2022-08-21 13:41:54,832] {dag.py:2420} INFO - Sync 1 DAGs
[2022-08-21 13:41:54,860] {logging_mixin.py:115} INFO - [2022-08-21 13:41:54,860] {dag.py:2972} INFO - Setting next_dagrun for example_weekday_branch_operator to 2022-08-20T00:00:00+00:00, run_after=2022-08-21T00:00:00+00:00
[2022-08-21 13:41:54,876] {processor.py:161} INFO - Processing /home/airflow/.local/lib/python3.7/site-packages/airflow/example_dags/example_branch_day_of_week_operator.py took 0.083 seconds
[2022-08-21 13:42:25,605] {processor.py:153} INFO - Started process (PID=2873) to work on /home/airflow/.local/lib/python3.7/site-packages/airflow/example_dags/example_branch_day_of_week_operator.py
[2022-08-21 13:42:25,606] {processor.py:641} INFO - Processing file /home/airflow/.local/lib/python3.7/site-packages/airflow/example_dags/example_branch_day_of_week_operator.py for tasks to queue
[2022-08-21 13:42:25,607] {logging_mixin.py:115} INFO - [2022-08-21 13:42:25,607] {dagbag.py:508} INFO - Filling up the DagBag from /home/airflow/.local/lib/python3.7/site-packages/airflow/example_dags/example_branch_day_of_week_operator.py
[2022-08-21 13:42:25,615] {processor.py:651} INFO - DAG(s) dict_keys(['example_weekday_branch_operator']) retrieved from /home/airflow/.local/lib/python3.7/site-packages/airflow/example_dags/example_branch_day_of_week_operator.py
[2022-08-21 13:42:25,640] {logging_mixin.py:115} INFO - [2022-08-21 13:42:25,640] {dag.py:2420} INFO - Sync 1 DAGs
[2022-08-21 13:42:25,661] {logging_mixin.py:115} INFO - [2022-08-21 13:42:25,661] {dag.py:2972} INFO - Setting next_dagrun for example_weekday_branch_operator to 2022-08-20T00:00:00+00:00, run_after=2022-08-21T00:00:00+00:00
[2022-08-21 13:42:25,674] {processor.py:161} INFO - Processing /home/airflow/.local/lib/python3.7/site-packages/airflow/example_dags/example_branch_day_of_week_operator.py took 0.072 seconds
[2022-08-21 13:42:56,590] {processor.py:153} INFO - Started process (PID=2934) to work on /home/airflow/.local/lib/python3.7/site-packages/airflow/example_dags/example_branch_day_of_week_operator.py
[2022-08-21 13:42:56,590] {processor.py:641} INFO - Processing file /home/airflow/.local/lib/python3.7/site-packages/airflow/example_dags/example_branch_day_of_week_operator.py for tasks to queue
[2022-08-21 13:42:56,591] {logging_mixin.py:115} INFO - [2022-08-21 13:42:56,591] {dagbag.py:508} INFO - Filling up the DagBag from /home/airflow/.local/lib/python3.7/site-packages/airflow/example_dags/example_branch_day_of_week_operator.py
[2022-08-21 13:42:56,598] {processor.py:651} INFO - DAG(s) dict_keys(['example_weekday_branch_operator']) retrieved from /home/airflow/.local/lib/python3.7/site-packages/airflow/example_dags/example_branch_day_of_week_operator.py
[2022-08-21 13:42:56,626] {logging_mixin.py:115} INFO - [2022-08-21 13:42:56,626] {dag.py:2420} INFO - Sync 1 DAGs
[2022-08-21 13:42:56,651] {logging_mixin.py:115} INFO - [2022-08-21 13:42:56,650] {dag.py:2972} INFO - Setting next_dagrun for example_weekday_branch_operator to 2022-08-20T00:00:00+00:00, run_after=2022-08-21T00:00:00+00:00
[2022-08-21 13:42:56,669] {processor.py:161} INFO - Processing /home/airflow/.local/lib/python3.7/site-packages/airflow/example_dags/example_branch_day_of_week_operator.py took 0.083 seconds
[2022-08-21 13:43:26,956] {processor.py:153} INFO - Started process (PID=2995) to work on /home/airflow/.local/lib/python3.7/site-packages/airflow/example_dags/example_branch_day_of_week_operator.py
[2022-08-21 13:43:26,957] {processor.py:641} INFO - Processing file /home/airflow/.local/lib/python3.7/site-packages/airflow/example_dags/example_branch_day_of_week_operator.py for tasks to queue
[2022-08-21 13:43:26,958] {logging_mixin.py:115} INFO - [2022-08-21 13:43:26,957] {dagbag.py:508} INFO - Filling up the DagBag from /home/airflow/.local/lib/python3.7/site-packages/airflow/example_dags/example_branch_day_of_week_operator.py
[2022-08-21 13:43:26,965] {processor.py:651} INFO - DAG(s) dict_keys(['example_weekday_branch_operator']) retrieved from /home/airflow/.local/lib/python3.7/site-packages/airflow/example_dags/example_branch_day_of_week_operator.py
[2022-08-21 13:43:26,991] {logging_mixin.py:115} INFO - [2022-08-21 13:43:26,990] {dag.py:2420} INFO - Sync 1 DAGs
[2022-08-21 13:43:27,016] {logging_mixin.py:115} INFO - [2022-08-21 13:43:27,015] {dag.py:2972} INFO - Setting next_dagrun for example_weekday_branch_operator to 2022-08-20T00:00:00+00:00, run_after=2022-08-21T00:00:00+00:00
[2022-08-21 13:43:27,034] {processor.py:161} INFO - Processing /home/airflow/.local/lib/python3.7/site-packages/airflow/example_dags/example_branch_day_of_week_operator.py took 0.080 seconds
[2022-08-21 13:43:57,194] {processor.py:153} INFO - Started process (PID=3047) to work on /home/airflow/.local/lib/python3.7/site-packages/airflow/example_dags/example_branch_day_of_week_operator.py
[2022-08-21 13:43:57,195] {processor.py:641} INFO - Processing file /home/airflow/.local/lib/python3.7/site-packages/airflow/example_dags/example_branch_day_of_week_operator.py for tasks to queue
[2022-08-21 13:43:57,195] {logging_mixin.py:115} INFO - [2022-08-21 13:43:57,195] {dagbag.py:508} INFO - Filling up the DagBag from /home/airflow/.local/lib/python3.7/site-packages/airflow/example_dags/example_branch_day_of_week_operator.py
[2022-08-21 13:43:57,204] {processor.py:651} INFO - DAG(s) dict_keys(['example_weekday_branch_operator']) retrieved from /home/airflow/.local/lib/python3.7/site-packages/airflow/example_dags/example_branch_day_of_week_operator.py
[2022-08-21 13:43:57,226] {logging_mixin.py:115} INFO - [2022-08-21 13:43:57,226] {dag.py:2420} INFO - Sync 1 DAGs
[2022-08-21 13:43:57,246] {logging_mixin.py:115} INFO - [2022-08-21 13:43:57,246] {dag.py:2972} INFO - Setting next_dagrun for example_weekday_branch_operator to 2022-08-20T00:00:00+00:00, run_after=2022-08-21T00:00:00+00:00
[2022-08-21 13:43:57,258] {processor.py:161} INFO - Processing /home/airflow/.local/lib/python3.7/site-packages/airflow/example_dags/example_branch_day_of_week_operator.py took 0.067 seconds
[2022-08-21 13:44:28,148] {processor.py:153} INFO - Started process (PID=3108) to work on /home/airflow/.local/lib/python3.7/site-packages/airflow/example_dags/example_branch_day_of_week_operator.py
[2022-08-21 13:44:28,149] {processor.py:641} INFO - Processing file /home/airflow/.local/lib/python3.7/site-packages/airflow/example_dags/example_branch_day_of_week_operator.py for tasks to queue
[2022-08-21 13:44:28,150] {logging_mixin.py:115} INFO - [2022-08-21 13:44:28,149] {dagbag.py:508} INFO - Filling up the DagBag from /home/airflow/.local/lib/python3.7/site-packages/airflow/example_dags/example_branch_day_of_week_operator.py
[2022-08-21 13:44:28,158] {processor.py:651} INFO - DAG(s) dict_keys(['example_weekday_branch_operator']) retrieved from /home/airflow/.local/lib/python3.7/site-packages/airflow/example_dags/example_branch_day_of_week_operator.py
[2022-08-21 13:44:28,183] {logging_mixin.py:115} INFO - [2022-08-21 13:44:28,183] {dag.py:2420} INFO - Sync 1 DAGs
[2022-08-21 13:44:28,203] {logging_mixin.py:115} INFO - [2022-08-21 13:44:28,203] {dag.py:2972} INFO - Setting next_dagrun for example_weekday_branch_operator to 2022-08-20T00:00:00+00:00, run_after=2022-08-21T00:00:00+00:00
[2022-08-21 13:44:28,221] {processor.py:161} INFO - Processing /home/airflow/.local/lib/python3.7/site-packages/airflow/example_dags/example_branch_day_of_week_operator.py took 0.076 seconds
[2022-08-21 13:44:59,133] {processor.py:153} INFO - Started process (PID=3169) to work on /home/airflow/.local/lib/python3.7/site-packages/airflow/example_dags/example_branch_day_of_week_operator.py
[2022-08-21 13:44:59,134] {processor.py:641} INFO - Processing file /home/airflow/.local/lib/python3.7/site-packages/airflow/example_dags/example_branch_day_of_week_operator.py for tasks to queue
[2022-08-21 13:44:59,135] {logging_mixin.py:115} INFO - [2022-08-21 13:44:59,135] {dagbag.py:508} INFO - Filling up the DagBag from /home/airflow/.local/lib/python3.7/site-packages/airflow/example_dags/example_branch_day_of_week_operator.py
[2022-08-21 13:44:59,146] {processor.py:651} INFO - DAG(s) dict_keys(['example_weekday_branch_operator']) retrieved from /home/airflow/.local/lib/python3.7/site-packages/airflow/example_dags/example_branch_day_of_week_operator.py
[2022-08-21 13:44:59,174] {logging_mixin.py:115} INFO - [2022-08-21 13:44:59,174] {dag.py:2420} INFO - Sync 1 DAGs
[2022-08-21 13:44:59,205] {logging_mixin.py:115} INFO - [2022-08-21 13:44:59,205] {dag.py:2972} INFO - Setting next_dagrun for example_weekday_branch_operator to 2022-08-20T00:00:00+00:00, run_after=2022-08-21T00:00:00+00:00
[2022-08-21 13:44:59,223] {processor.py:161} INFO - Processing /home/airflow/.local/lib/python3.7/site-packages/airflow/example_dags/example_branch_day_of_week_operator.py took 0.094 seconds
[2022-08-21 13:45:30,059] {processor.py:153} INFO - Started process (PID=3221) to work on /home/airflow/.local/lib/python3.7/site-packages/airflow/example_dags/example_branch_day_of_week_operator.py
[2022-08-21 13:45:30,060] {processor.py:641} INFO - Processing file /home/airflow/.local/lib/python3.7/site-packages/airflow/example_dags/example_branch_day_of_week_operator.py for tasks to queue
[2022-08-21 13:45:30,061] {logging_mixin.py:115} INFO - [2022-08-21 13:45:30,061] {dagbag.py:508} INFO - Filling up the DagBag from /home/airflow/.local/lib/python3.7/site-packages/airflow/example_dags/example_branch_day_of_week_operator.py
[2022-08-21 13:45:30,073] {processor.py:651} INFO - DAG(s) dict_keys(['example_weekday_branch_operator']) retrieved from /home/airflow/.local/lib/python3.7/site-packages/airflow/example_dags/example_branch_day_of_week_operator.py
[2022-08-21 13:45:30,106] {logging_mixin.py:115} INFO - [2022-08-21 13:45:30,106] {dag.py:2420} INFO - Sync 1 DAGs
[2022-08-21 13:45:30,126] {logging_mixin.py:115} INFO - [2022-08-21 13:45:30,126] {dag.py:2972} INFO - Setting next_dagrun for example_weekday_branch_operator to 2022-08-20T00:00:00+00:00, run_after=2022-08-21T00:00:00+00:00
[2022-08-21 13:45:30,141] {processor.py:161} INFO - Processing /home/airflow/.local/lib/python3.7/site-packages/airflow/example_dags/example_branch_day_of_week_operator.py took 0.086 seconds
[2022-08-21 13:46:00,212] {processor.py:153} INFO - Started process (PID=3282) to work on /home/airflow/.local/lib/python3.7/site-packages/airflow/example_dags/example_branch_day_of_week_operator.py
[2022-08-21 13:46:00,213] {processor.py:641} INFO - Processing file /home/airflow/.local/lib/python3.7/site-packages/airflow/example_dags/example_branch_day_of_week_operator.py for tasks to queue
[2022-08-21 13:46:00,214] {logging_mixin.py:115} INFO - [2022-08-21 13:46:00,214] {dagbag.py:508} INFO - Filling up the DagBag from /home/airflow/.local/lib/python3.7/site-packages/airflow/example_dags/example_branch_day_of_week_operator.py
[2022-08-21 13:46:00,222] {processor.py:651} INFO - DAG(s) dict_keys(['example_weekday_branch_operator']) retrieved from /home/airflow/.local/lib/python3.7/site-packages/airflow/example_dags/example_branch_day_of_week_operator.py
[2022-08-21 13:46:00,252] {logging_mixin.py:115} INFO - [2022-08-21 13:46:00,252] {dag.py:2420} INFO - Sync 1 DAGs
[2022-08-21 13:46:00,274] {logging_mixin.py:115} INFO - [2022-08-21 13:46:00,274] {dag.py:2972} INFO - Setting next_dagrun for example_weekday_branch_operator to 2022-08-20T00:00:00+00:00, run_after=2022-08-21T00:00:00+00:00
[2022-08-21 13:46:00,287] {processor.py:161} INFO - Processing /home/airflow/.local/lib/python3.7/site-packages/airflow/example_dags/example_branch_day_of_week_operator.py took 0.078 seconds
[2022-08-21 13:46:31,198] {processor.py:153} INFO - Started process (PID=3334) to work on /home/airflow/.local/lib/python3.7/site-packages/airflow/example_dags/example_branch_day_of_week_operator.py
[2022-08-21 13:46:31,199] {processor.py:641} INFO - Processing file /home/airflow/.local/lib/python3.7/site-packages/airflow/example_dags/example_branch_day_of_week_operator.py for tasks to queue
[2022-08-21 13:46:31,200] {logging_mixin.py:115} INFO - [2022-08-21 13:46:31,200] {dagbag.py:508} INFO - Filling up the DagBag from /home/airflow/.local/lib/python3.7/site-packages/airflow/example_dags/example_branch_day_of_week_operator.py
[2022-08-21 13:46:31,209] {processor.py:651} INFO - DAG(s) dict_keys(['example_weekday_branch_operator']) retrieved from /home/airflow/.local/lib/python3.7/site-packages/airflow/example_dags/example_branch_day_of_week_operator.py
[2022-08-21 13:46:31,236] {logging_mixin.py:115} INFO - [2022-08-21 13:46:31,235] {dag.py:2420} INFO - Sync 1 DAGs
[2022-08-21 13:46:31,269] {logging_mixin.py:115} INFO - [2022-08-21 13:46:31,268] {dag.py:2972} INFO - Setting next_dagrun for example_weekday_branch_operator to 2022-08-20T00:00:00+00:00, run_after=2022-08-21T00:00:00+00:00
[2022-08-21 13:46:31,287] {processor.py:161} INFO - Processing /home/airflow/.local/lib/python3.7/site-packages/airflow/example_dags/example_branch_day_of_week_operator.py took 0.091 seconds
[2022-08-21 13:47:01,483] {processor.py:153} INFO - Started process (PID=3397) to work on /home/airflow/.local/lib/python3.7/site-packages/airflow/example_dags/example_branch_day_of_week_operator.py
[2022-08-21 13:47:01,485] {processor.py:641} INFO - Processing file /home/airflow/.local/lib/python3.7/site-packages/airflow/example_dags/example_branch_day_of_week_operator.py for tasks to queue
[2022-08-21 13:47:01,486] {logging_mixin.py:115} INFO - [2022-08-21 13:47:01,486] {dagbag.py:508} INFO - Filling up the DagBag from /home/airflow/.local/lib/python3.7/site-packages/airflow/example_dags/example_branch_day_of_week_operator.py
[2022-08-21 13:47:01,495] {processor.py:651} INFO - DAG(s) dict_keys(['example_weekday_branch_operator']) retrieved from /home/airflow/.local/lib/python3.7/site-packages/airflow/example_dags/example_branch_day_of_week_operator.py
[2022-08-21 13:47:01,521] {logging_mixin.py:115} INFO - [2022-08-21 13:47:01,521] {dag.py:2420} INFO - Sync 1 DAGs
[2022-08-21 13:47:01,545] {logging_mixin.py:115} INFO - [2022-08-21 13:47:01,545] {dag.py:2972} INFO - Setting next_dagrun for example_weekday_branch_operator to 2022-08-20T00:00:00+00:00, run_after=2022-08-21T00:00:00+00:00
[2022-08-21 13:47:01,563] {processor.py:161} INFO - Processing /home/airflow/.local/lib/python3.7/site-packages/airflow/example_dags/example_branch_day_of_week_operator.py took 0.084 seconds
[2022-08-21 13:47:32,206] {processor.py:153} INFO - Started process (PID=3459) to work on /home/airflow/.local/lib/python3.7/site-packages/airflow/example_dags/example_branch_day_of_week_operator.py
[2022-08-21 13:47:32,207] {processor.py:641} INFO - Processing file /home/airflow/.local/lib/python3.7/site-packages/airflow/example_dags/example_branch_day_of_week_operator.py for tasks to queue
[2022-08-21 13:47:32,208] {logging_mixin.py:115} INFO - [2022-08-21 13:47:32,208] {dagbag.py:508} INFO - Filling up the DagBag from /home/airflow/.local/lib/python3.7/site-packages/airflow/example_dags/example_branch_day_of_week_operator.py
[2022-08-21 13:47:32,217] {processor.py:651} INFO - DAG(s) dict_keys(['example_weekday_branch_operator']) retrieved from /home/airflow/.local/lib/python3.7/site-packages/airflow/example_dags/example_branch_day_of_week_operator.py
[2022-08-21 13:47:32,242] {logging_mixin.py:115} INFO - [2022-08-21 13:47:32,242] {dag.py:2420} INFO - Sync 1 DAGs
[2022-08-21 13:47:32,264] {logging_mixin.py:115} INFO - [2022-08-21 13:47:32,264] {dag.py:2972} INFO - Setting next_dagrun for example_weekday_branch_operator to 2022-08-20T00:00:00+00:00, run_after=2022-08-21T00:00:00+00:00
[2022-08-21 13:47:32,276] {processor.py:161} INFO - Processing /home/airflow/.local/lib/python3.7/site-packages/airflow/example_dags/example_branch_day_of_week_operator.py took 0.073 seconds
[2022-08-21 13:48:03,000] {processor.py:153} INFO - Started process (PID=3511) to work on /home/airflow/.local/lib/python3.7/site-packages/airflow/example_dags/example_branch_day_of_week_operator.py
[2022-08-21 13:48:03,001] {processor.py:641} INFO - Processing file /home/airflow/.local/lib/python3.7/site-packages/airflow/example_dags/example_branch_day_of_week_operator.py for tasks to queue
[2022-08-21 13:48:03,002] {logging_mixin.py:115} INFO - [2022-08-21 13:48:03,002] {dagbag.py:508} INFO - Filling up the DagBag from /home/airflow/.local/lib/python3.7/site-packages/airflow/example_dags/example_branch_day_of_week_operator.py
[2022-08-21 13:48:03,009] {processor.py:651} INFO - DAG(s) dict_keys(['example_weekday_branch_operator']) retrieved from /home/airflow/.local/lib/python3.7/site-packages/airflow/example_dags/example_branch_day_of_week_operator.py
[2022-08-21 13:48:03,037] {logging_mixin.py:115} INFO - [2022-08-21 13:48:03,037] {dag.py:2420} INFO - Sync 1 DAGs
[2022-08-21 13:48:03,058] {logging_mixin.py:115} INFO - [2022-08-21 13:48:03,058] {dag.py:2972} INFO - Setting next_dagrun for example_weekday_branch_operator to 2022-08-20T00:00:00+00:00, run_after=2022-08-21T00:00:00+00:00
[2022-08-21 13:48:03,075] {processor.py:161} INFO - Processing /home/airflow/.local/lib/python3.7/site-packages/airflow/example_dags/example_branch_day_of_week_operator.py took 0.078 seconds
[2022-08-21 13:48:34,042] {processor.py:153} INFO - Started process (PID=3573) to work on /home/airflow/.local/lib/python3.7/site-packages/airflow/example_dags/example_branch_day_of_week_operator.py
[2022-08-21 13:48:34,043] {processor.py:641} INFO - Processing file /home/airflow/.local/lib/python3.7/site-packages/airflow/example_dags/example_branch_day_of_week_operator.py for tasks to queue
[2022-08-21 13:48:34,044] {logging_mixin.py:115} INFO - [2022-08-21 13:48:34,044] {dagbag.py:508} INFO - Filling up the DagBag from /home/airflow/.local/lib/python3.7/site-packages/airflow/example_dags/example_branch_day_of_week_operator.py
[2022-08-21 13:48:34,056] {processor.py:651} INFO - DAG(s) dict_keys(['example_weekday_branch_operator']) retrieved from /home/airflow/.local/lib/python3.7/site-packages/airflow/example_dags/example_branch_day_of_week_operator.py
[2022-08-21 13:48:34,101] {logging_mixin.py:115} INFO - [2022-08-21 13:48:34,101] {dag.py:2420} INFO - Sync 1 DAGs
[2022-08-21 13:48:34,130] {logging_mixin.py:115} INFO - [2022-08-21 13:48:34,129] {dag.py:2972} INFO - Setting next_dagrun for example_weekday_branch_operator to 2022-08-20T00:00:00+00:00, run_after=2022-08-21T00:00:00+00:00
[2022-08-21 13:48:34,149] {processor.py:161} INFO - Processing /home/airflow/.local/lib/python3.7/site-packages/airflow/example_dags/example_branch_day_of_week_operator.py took 0.111 seconds
[2022-08-21 13:49:04,589] {processor.py:153} INFO - Started process (PID=3635) to work on /home/airflow/.local/lib/python3.7/site-packages/airflow/example_dags/example_branch_day_of_week_operator.py
[2022-08-21 13:49:04,590] {processor.py:641} INFO - Processing file /home/airflow/.local/lib/python3.7/site-packages/airflow/example_dags/example_branch_day_of_week_operator.py for tasks to queue
[2022-08-21 13:49:04,591] {logging_mixin.py:115} INFO - [2022-08-21 13:49:04,591] {dagbag.py:508} INFO - Filling up the DagBag from /home/airflow/.local/lib/python3.7/site-packages/airflow/example_dags/example_branch_day_of_week_operator.py
[2022-08-21 13:49:04,599] {processor.py:651} INFO - DAG(s) dict_keys(['example_weekday_branch_operator']) retrieved from /home/airflow/.local/lib/python3.7/site-packages/airflow/example_dags/example_branch_day_of_week_operator.py
[2022-08-21 13:49:04,626] {logging_mixin.py:115} INFO - [2022-08-21 13:49:04,626] {dag.py:2420} INFO - Sync 1 DAGs
[2022-08-21 13:49:04,649] {logging_mixin.py:115} INFO - [2022-08-21 13:49:04,649] {dag.py:2972} INFO - Setting next_dagrun for example_weekday_branch_operator to 2022-08-20T00:00:00+00:00, run_after=2022-08-21T00:00:00+00:00
[2022-08-21 13:49:04,662] {processor.py:161} INFO - Processing /home/airflow/.local/lib/python3.7/site-packages/airflow/example_dags/example_branch_day_of_week_operator.py took 0.076 seconds
[2022-08-21 13:49:35,551] {processor.py:153} INFO - Started process (PID=3687) to work on /home/airflow/.local/lib/python3.7/site-packages/airflow/example_dags/example_branch_day_of_week_operator.py
[2022-08-21 13:49:35,552] {processor.py:641} INFO - Processing file /home/airflow/.local/lib/python3.7/site-packages/airflow/example_dags/example_branch_day_of_week_operator.py for tasks to queue
[2022-08-21 13:49:35,553] {logging_mixin.py:115} INFO - [2022-08-21 13:49:35,553] {dagbag.py:508} INFO - Filling up the DagBag from /home/airflow/.local/lib/python3.7/site-packages/airflow/example_dags/example_branch_day_of_week_operator.py
[2022-08-21 13:49:35,561] {processor.py:651} INFO - DAG(s) dict_keys(['example_weekday_branch_operator']) retrieved from /home/airflow/.local/lib/python3.7/site-packages/airflow/example_dags/example_branch_day_of_week_operator.py
[2022-08-21 13:49:35,588] {logging_mixin.py:115} INFO - [2022-08-21 13:49:35,587] {dag.py:2420} INFO - Sync 1 DAGs
[2022-08-21 13:49:35,611] {logging_mixin.py:115} INFO - [2022-08-21 13:49:35,611] {dag.py:2972} INFO - Setting next_dagrun for example_weekday_branch_operator to 2022-08-20T00:00:00+00:00, run_after=2022-08-21T00:00:00+00:00
[2022-08-21 13:49:35,630] {processor.py:161} INFO - Processing /home/airflow/.local/lib/python3.7/site-packages/airflow/example_dags/example_branch_day_of_week_operator.py took 0.081 seconds
[2022-08-21 13:50:06,573] {processor.py:153} INFO - Started process (PID=3748) to work on /home/airflow/.local/lib/python3.7/site-packages/airflow/example_dags/example_branch_day_of_week_operator.py
[2022-08-21 13:50:06,575] {processor.py:641} INFO - Processing file /home/airflow/.local/lib/python3.7/site-packages/airflow/example_dags/example_branch_day_of_week_operator.py for tasks to queue
[2022-08-21 13:50:06,576] {logging_mixin.py:115} INFO - [2022-08-21 13:50:06,576] {dagbag.py:508} INFO - Filling up the DagBag from /home/airflow/.local/lib/python3.7/site-packages/airflow/example_dags/example_branch_day_of_week_operator.py
[2022-08-21 13:50:06,584] {processor.py:651} INFO - DAG(s) dict_keys(['example_weekday_branch_operator']) retrieved from /home/airflow/.local/lib/python3.7/site-packages/airflow/example_dags/example_branch_day_of_week_operator.py
[2022-08-21 13:50:06,610] {logging_mixin.py:115} INFO - [2022-08-21 13:50:06,610] {dag.py:2420} INFO - Sync 1 DAGs
[2022-08-21 13:50:06,631] {logging_mixin.py:115} INFO - [2022-08-21 13:50:06,631] {dag.py:2972} INFO - Setting next_dagrun for example_weekday_branch_operator to 2022-08-20T00:00:00+00:00, run_after=2022-08-21T00:00:00+00:00
[2022-08-21 13:50:06,646] {processor.py:161} INFO - Processing /home/airflow/.local/lib/python3.7/site-packages/airflow/example_dags/example_branch_day_of_week_operator.py took 0.076 seconds
[2022-08-21 13:50:36,780] {processor.py:153} INFO - Started process (PID=3810) to work on /home/airflow/.local/lib/python3.7/site-packages/airflow/example_dags/example_branch_day_of_week_operator.py
[2022-08-21 13:50:36,781] {processor.py:641} INFO - Processing file /home/airflow/.local/lib/python3.7/site-packages/airflow/example_dags/example_branch_day_of_week_operator.py for tasks to queue
[2022-08-21 13:50:36,782] {logging_mixin.py:115} INFO - [2022-08-21 13:50:36,782] {dagbag.py:508} INFO - Filling up the DagBag from /home/airflow/.local/lib/python3.7/site-packages/airflow/example_dags/example_branch_day_of_week_operator.py
[2022-08-21 13:50:36,790] {processor.py:651} INFO - DAG(s) dict_keys(['example_weekday_branch_operator']) retrieved from /home/airflow/.local/lib/python3.7/site-packages/airflow/example_dags/example_branch_day_of_week_operator.py
[2022-08-21 13:50:36,816] {logging_mixin.py:115} INFO - [2022-08-21 13:50:36,816] {dag.py:2420} INFO - Sync 1 DAGs
[2022-08-21 13:50:36,844] {logging_mixin.py:115} INFO - [2022-08-21 13:50:36,844] {dag.py:2972} INFO - Setting next_dagrun for example_weekday_branch_operator to 2022-08-20T00:00:00+00:00, run_after=2022-08-21T00:00:00+00:00
[2022-08-21 13:50:36,860] {processor.py:161} INFO - Processing /home/airflow/.local/lib/python3.7/site-packages/airflow/example_dags/example_branch_day_of_week_operator.py took 0.084 seconds
[2022-08-21 13:51:07,032] {processor.py:153} INFO - Started process (PID=3862) to work on /home/airflow/.local/lib/python3.7/site-packages/airflow/example_dags/example_branch_day_of_week_operator.py
[2022-08-21 13:51:07,033] {processor.py:641} INFO - Processing file /home/airflow/.local/lib/python3.7/site-packages/airflow/example_dags/example_branch_day_of_week_operator.py for tasks to queue
[2022-08-21 13:51:07,034] {logging_mixin.py:115} INFO - [2022-08-21 13:51:07,034] {dagbag.py:508} INFO - Filling up the DagBag from /home/airflow/.local/lib/python3.7/site-packages/airflow/example_dags/example_branch_day_of_week_operator.py
[2022-08-21 13:51:07,042] {processor.py:651} INFO - DAG(s) dict_keys(['example_weekday_branch_operator']) retrieved from /home/airflow/.local/lib/python3.7/site-packages/airflow/example_dags/example_branch_day_of_week_operator.py
[2022-08-21 13:51:07,071] {logging_mixin.py:115} INFO - [2022-08-21 13:51:07,071] {dag.py:2420} INFO - Sync 1 DAGs
[2022-08-21 13:51:07,094] {logging_mixin.py:115} INFO - [2022-08-21 13:51:07,094] {dag.py:2972} INFO - Setting next_dagrun for example_weekday_branch_operator to 2022-08-20T00:00:00+00:00, run_after=2022-08-21T00:00:00+00:00
[2022-08-21 13:51:07,108] {processor.py:161} INFO - Processing /home/airflow/.local/lib/python3.7/site-packages/airflow/example_dags/example_branch_day_of_week_operator.py took 0.079 seconds
[2022-08-21 13:51:37,152] {processor.py:153} INFO - Started process (PID=3923) to work on /home/airflow/.local/lib/python3.7/site-packages/airflow/example_dags/example_branch_day_of_week_operator.py
[2022-08-21 13:51:37,153] {processor.py:641} INFO - Processing file /home/airflow/.local/lib/python3.7/site-packages/airflow/example_dags/example_branch_day_of_week_operator.py for tasks to queue
[2022-08-21 13:51:37,154] {logging_mixin.py:115} INFO - [2022-08-21 13:51:37,154] {dagbag.py:508} INFO - Filling up the DagBag from /home/airflow/.local/lib/python3.7/site-packages/airflow/example_dags/example_branch_day_of_week_operator.py
[2022-08-21 13:51:37,161] {processor.py:651} INFO - DAG(s) dict_keys(['example_weekday_branch_operator']) retrieved from /home/airflow/.local/lib/python3.7/site-packages/airflow/example_dags/example_branch_day_of_week_operator.py
[2022-08-21 13:51:37,188] {logging_mixin.py:115} INFO - [2022-08-21 13:51:37,188] {dag.py:2420} INFO - Sync 1 DAGs
[2022-08-21 13:51:37,212] {logging_mixin.py:115} INFO - [2022-08-21 13:51:37,212] {dag.py:2972} INFO - Setting next_dagrun for example_weekday_branch_operator to 2022-08-20T00:00:00+00:00, run_after=2022-08-21T00:00:00+00:00
[2022-08-21 13:51:37,226] {processor.py:161} INFO - Processing /home/airflow/.local/lib/python3.7/site-packages/airflow/example_dags/example_branch_day_of_week_operator.py took 0.076 seconds
[2022-08-21 13:52:07,426] {processor.py:153} INFO - Started process (PID=3984) to work on /home/airflow/.local/lib/python3.7/site-packages/airflow/example_dags/example_branch_day_of_week_operator.py
[2022-08-21 13:52:07,427] {processor.py:641} INFO - Processing file /home/airflow/.local/lib/python3.7/site-packages/airflow/example_dags/example_branch_day_of_week_operator.py for tasks to queue
[2022-08-21 13:52:07,428] {logging_mixin.py:115} INFO - [2022-08-21 13:52:07,428] {dagbag.py:508} INFO - Filling up the DagBag from /home/airflow/.local/lib/python3.7/site-packages/airflow/example_dags/example_branch_day_of_week_operator.py
[2022-08-21 13:52:07,436] {processor.py:651} INFO - DAG(s) dict_keys(['example_weekday_branch_operator']) retrieved from /home/airflow/.local/lib/python3.7/site-packages/airflow/example_dags/example_branch_day_of_week_operator.py
[2022-08-21 13:52:07,468] {logging_mixin.py:115} INFO - [2022-08-21 13:52:07,468] {dag.py:2420} INFO - Sync 1 DAGs
[2022-08-21 13:52:07,494] {logging_mixin.py:115} INFO - [2022-08-21 13:52:07,493] {dag.py:2972} INFO - Setting next_dagrun for example_weekday_branch_operator to 2022-08-20T00:00:00+00:00, run_after=2022-08-21T00:00:00+00:00
[2022-08-21 13:52:07,509] {processor.py:161} INFO - Processing /home/airflow/.local/lib/python3.7/site-packages/airflow/example_dags/example_branch_day_of_week_operator.py took 0.086 seconds
[2022-08-21 13:52:37,613] {processor.py:153} INFO - Started process (PID=4036) to work on /home/airflow/.local/lib/python3.7/site-packages/airflow/example_dags/example_branch_day_of_week_operator.py
[2022-08-21 13:52:37,614] {processor.py:641} INFO - Processing file /home/airflow/.local/lib/python3.7/site-packages/airflow/example_dags/example_branch_day_of_week_operator.py for tasks to queue
[2022-08-21 13:52:37,615] {logging_mixin.py:115} INFO - [2022-08-21 13:52:37,615] {dagbag.py:508} INFO - Filling up the DagBag from /home/airflow/.local/lib/python3.7/site-packages/airflow/example_dags/example_branch_day_of_week_operator.py
[2022-08-21 13:52:37,624] {processor.py:651} INFO - DAG(s) dict_keys(['example_weekday_branch_operator']) retrieved from /home/airflow/.local/lib/python3.7/site-packages/airflow/example_dags/example_branch_day_of_week_operator.py
[2022-08-21 13:52:37,722] {logging_mixin.py:115} INFO - [2022-08-21 13:52:37,721] {dag.py:2420} INFO - Sync 1 DAGs
[2022-08-21 13:52:37,763] {logging_mixin.py:115} INFO - [2022-08-21 13:52:37,763] {dag.py:2972} INFO - Setting next_dagrun for example_weekday_branch_operator to 2022-08-20T00:00:00+00:00, run_after=2022-08-21T00:00:00+00:00
[2022-08-21 13:52:37,784] {processor.py:161} INFO - Processing /home/airflow/.local/lib/python3.7/site-packages/airflow/example_dags/example_branch_day_of_week_operator.py took 0.175 seconds
[2022-08-21 13:53:08,179] {processor.py:153} INFO - Started process (PID=4097) to work on /home/airflow/.local/lib/python3.7/site-packages/airflow/example_dags/example_branch_day_of_week_operator.py
[2022-08-21 13:53:08,180] {processor.py:641} INFO - Processing file /home/airflow/.local/lib/python3.7/site-packages/airflow/example_dags/example_branch_day_of_week_operator.py for tasks to queue
[2022-08-21 13:53:08,181] {logging_mixin.py:115} INFO - [2022-08-21 13:53:08,181] {dagbag.py:508} INFO - Filling up the DagBag from /home/airflow/.local/lib/python3.7/site-packages/airflow/example_dags/example_branch_day_of_week_operator.py
[2022-08-21 13:53:08,188] {processor.py:651} INFO - DAG(s) dict_keys(['example_weekday_branch_operator']) retrieved from /home/airflow/.local/lib/python3.7/site-packages/airflow/example_dags/example_branch_day_of_week_operator.py
[2022-08-21 13:53:08,215] {logging_mixin.py:115} INFO - [2022-08-21 13:53:08,215] {dag.py:2420} INFO - Sync 1 DAGs
[2022-08-21 13:53:08,239] {logging_mixin.py:115} INFO - [2022-08-21 13:53:08,239] {dag.py:2972} INFO - Setting next_dagrun for example_weekday_branch_operator to 2022-08-20T00:00:00+00:00, run_after=2022-08-21T00:00:00+00:00
[2022-08-21 13:53:08,252] {processor.py:161} INFO - Processing /home/airflow/.local/lib/python3.7/site-packages/airflow/example_dags/example_branch_day_of_week_operator.py took 0.075 seconds
[2022-08-21 13:53:39,260] {processor.py:153} INFO - Started process (PID=4158) to work on /home/airflow/.local/lib/python3.7/site-packages/airflow/example_dags/example_branch_day_of_week_operator.py
[2022-08-21 13:53:39,260] {processor.py:641} INFO - Processing file /home/airflow/.local/lib/python3.7/site-packages/airflow/example_dags/example_branch_day_of_week_operator.py for tasks to queue
[2022-08-21 13:53:39,261] {logging_mixin.py:115} INFO - [2022-08-21 13:53:39,261] {dagbag.py:508} INFO - Filling up the DagBag from /home/airflow/.local/lib/python3.7/site-packages/airflow/example_dags/example_branch_day_of_week_operator.py
[2022-08-21 13:53:39,270] {processor.py:651} INFO - DAG(s) dict_keys(['example_weekday_branch_operator']) retrieved from /home/airflow/.local/lib/python3.7/site-packages/airflow/example_dags/example_branch_day_of_week_operator.py
[2022-08-21 13:53:39,332] {logging_mixin.py:115} INFO - [2022-08-21 13:53:39,332] {dag.py:2420} INFO - Sync 1 DAGs
[2022-08-21 13:53:39,362] {logging_mixin.py:115} INFO - [2022-08-21 13:53:39,362] {dag.py:2972} INFO - Setting next_dagrun for example_weekday_branch_operator to 2022-08-20T00:00:00+00:00, run_after=2022-08-21T00:00:00+00:00
[2022-08-21 13:53:39,380] {processor.py:161} INFO - Processing /home/airflow/.local/lib/python3.7/site-packages/airflow/example_dags/example_branch_day_of_week_operator.py took 0.123 seconds
