[2022-08-21 13:17:59,292] {processor.py:153} INFO - Started process (PID=68) to work on /home/airflow/.local/lib/python3.7/site-packages/airflow/example_dags/example_bash_operator.py
[2022-08-21 13:17:59,293] {processor.py:641} INFO - Processing file /home/airflow/.local/lib/python3.7/site-packages/airflow/example_dags/example_bash_operator.py for tasks to queue
[2022-08-21 13:17:59,294] {logging_mixin.py:115} INFO - [2022-08-21 13:17:59,294] {dagbag.py:508} INFO - Filling up the DagBag from /home/airflow/.local/lib/python3.7/site-packages/airflow/example_dags/example_bash_operator.py
[2022-08-21 13:17:59,316] {processor.py:651} INFO - DAG(s) dict_keys(['example_bash_operator']) retrieved from /home/airflow/.local/lib/python3.7/site-packages/airflow/example_dags/example_bash_operator.py
[2022-08-21 13:17:59,353] {logging_mixin.py:115} INFO - [2022-08-21 13:17:59,353] {dag.py:2420} INFO - Sync 1 DAGs
[2022-08-21 13:17:59,387] {logging_mixin.py:115} INFO - [2022-08-21 13:17:59,387] {dag.py:2972} INFO - Setting next_dagrun for example_bash_operator to 2022-08-20T00:00:00+00:00, run_after=2022-08-21T00:00:00+00:00
[2022-08-21 13:17:59,403] {processor.py:161} INFO - Processing /home/airflow/.local/lib/python3.7/site-packages/airflow/example_dags/example_bash_operator.py took 0.114 seconds
[2022-08-21 13:18:29,843] {processor.py:153} INFO - Started process (PID=121) to work on /home/airflow/.local/lib/python3.7/site-packages/airflow/example_dags/example_bash_operator.py
[2022-08-21 13:18:29,844] {processor.py:641} INFO - Processing file /home/airflow/.local/lib/python3.7/site-packages/airflow/example_dags/example_bash_operator.py for tasks to queue
[2022-08-21 13:18:29,845] {logging_mixin.py:115} INFO - [2022-08-21 13:18:29,845] {dagbag.py:508} INFO - Filling up the DagBag from /home/airflow/.local/lib/python3.7/site-packages/airflow/example_dags/example_bash_operator.py
[2022-08-21 13:18:29,856] {processor.py:651} INFO - DAG(s) dict_keys(['example_bash_operator']) retrieved from /home/airflow/.local/lib/python3.7/site-packages/airflow/example_dags/example_bash_operator.py
[2022-08-21 13:18:29,883] {logging_mixin.py:115} INFO - [2022-08-21 13:18:29,883] {dag.py:2420} INFO - Sync 1 DAGs
[2022-08-21 13:18:29,911] {logging_mixin.py:115} INFO - [2022-08-21 13:18:29,911] {dag.py:2972} INFO - Setting next_dagrun for example_bash_operator to 2022-08-20T00:00:00+00:00, run_after=2022-08-21T00:00:00+00:00
[2022-08-21 13:18:29,927] {processor.py:161} INFO - Processing /home/airflow/.local/lib/python3.7/site-packages/airflow/example_dags/example_bash_operator.py took 0.088 seconds
[2022-08-21 13:19:00,117] {processor.py:153} INFO - Started process (PID=184) to work on /home/airflow/.local/lib/python3.7/site-packages/airflow/example_dags/example_bash_operator.py
[2022-08-21 13:19:00,118] {processor.py:641} INFO - Processing file /home/airflow/.local/lib/python3.7/site-packages/airflow/example_dags/example_bash_operator.py for tasks to queue
[2022-08-21 13:19:00,119] {logging_mixin.py:115} INFO - [2022-08-21 13:19:00,119] {dagbag.py:508} INFO - Filling up the DagBag from /home/airflow/.local/lib/python3.7/site-packages/airflow/example_dags/example_bash_operator.py
[2022-08-21 13:19:00,130] {processor.py:651} INFO - DAG(s) dict_keys(['example_bash_operator']) retrieved from /home/airflow/.local/lib/python3.7/site-packages/airflow/example_dags/example_bash_operator.py
[2022-08-21 13:19:00,157] {logging_mixin.py:115} INFO - [2022-08-21 13:19:00,157] {dag.py:2420} INFO - Sync 1 DAGs
[2022-08-21 13:19:00,179] {logging_mixin.py:115} INFO - [2022-08-21 13:19:00,179] {dag.py:2972} INFO - Setting next_dagrun for example_bash_operator to 2022-08-20T00:00:00+00:00, run_after=2022-08-21T00:00:00+00:00
[2022-08-21 13:19:00,191] {processor.py:161} INFO - Processing /home/airflow/.local/lib/python3.7/site-packages/airflow/example_dags/example_bash_operator.py took 0.077 seconds
[2022-08-21 13:19:30,890] {processor.py:153} INFO - Started process (PID=246) to work on /home/airflow/.local/lib/python3.7/site-packages/airflow/example_dags/example_bash_operator.py
[2022-08-21 13:19:30,891] {processor.py:641} INFO - Processing file /home/airflow/.local/lib/python3.7/site-packages/airflow/example_dags/example_bash_operator.py for tasks to queue
[2022-08-21 13:19:30,891] {logging_mixin.py:115} INFO - [2022-08-21 13:19:30,891] {dagbag.py:508} INFO - Filling up the DagBag from /home/airflow/.local/lib/python3.7/site-packages/airflow/example_dags/example_bash_operator.py
[2022-08-21 13:19:30,903] {processor.py:651} INFO - DAG(s) dict_keys(['example_bash_operator']) retrieved from /home/airflow/.local/lib/python3.7/site-packages/airflow/example_dags/example_bash_operator.py
[2022-08-21 13:19:30,925] {logging_mixin.py:115} INFO - [2022-08-21 13:19:30,925] {dag.py:2420} INFO - Sync 1 DAGs
[2022-08-21 13:19:30,969] {logging_mixin.py:115} INFO - [2022-08-21 13:19:30,969] {dag.py:2972} INFO - Setting next_dagrun for example_bash_operator to 2022-08-20T00:00:00+00:00, run_after=2022-08-21T00:00:00+00:00
[2022-08-21 13:19:30,995] {processor.py:161} INFO - Processing /home/airflow/.local/lib/python3.7/site-packages/airflow/example_dags/example_bash_operator.py took 0.108 seconds
[2022-08-21 13:20:01,415] {processor.py:153} INFO - Started process (PID=298) to work on /home/airflow/.local/lib/python3.7/site-packages/airflow/example_dags/example_bash_operator.py
[2022-08-21 13:20:01,415] {processor.py:641} INFO - Processing file /home/airflow/.local/lib/python3.7/site-packages/airflow/example_dags/example_bash_operator.py for tasks to queue
[2022-08-21 13:20:01,416] {logging_mixin.py:115} INFO - [2022-08-21 13:20:01,416] {dagbag.py:508} INFO - Filling up the DagBag from /home/airflow/.local/lib/python3.7/site-packages/airflow/example_dags/example_bash_operator.py
[2022-08-21 13:20:01,426] {processor.py:651} INFO - DAG(s) dict_keys(['example_bash_operator']) retrieved from /home/airflow/.local/lib/python3.7/site-packages/airflow/example_dags/example_bash_operator.py
[2022-08-21 13:20:01,451] {logging_mixin.py:115} INFO - [2022-08-21 13:20:01,451] {dag.py:2420} INFO - Sync 1 DAGs
[2022-08-21 13:20:01,472] {logging_mixin.py:115} INFO - [2022-08-21 13:20:01,472] {dag.py:2972} INFO - Setting next_dagrun for example_bash_operator to 2022-08-20T00:00:00+00:00, run_after=2022-08-21T00:00:00+00:00
[2022-08-21 13:20:01,488] {processor.py:161} INFO - Processing /home/airflow/.local/lib/python3.7/site-packages/airflow/example_dags/example_bash_operator.py took 0.075 seconds
[2022-08-21 13:20:31,654] {processor.py:153} INFO - Started process (PID=360) to work on /home/airflow/.local/lib/python3.7/site-packages/airflow/example_dags/example_bash_operator.py
[2022-08-21 13:20:31,655] {processor.py:641} INFO - Processing file /home/airflow/.local/lib/python3.7/site-packages/airflow/example_dags/example_bash_operator.py for tasks to queue
[2022-08-21 13:20:31,655] {logging_mixin.py:115} INFO - [2022-08-21 13:20:31,655] {dagbag.py:508} INFO - Filling up the DagBag from /home/airflow/.local/lib/python3.7/site-packages/airflow/example_dags/example_bash_operator.py
[2022-08-21 13:20:31,668] {processor.py:651} INFO - DAG(s) dict_keys(['example_bash_operator']) retrieved from /home/airflow/.local/lib/python3.7/site-packages/airflow/example_dags/example_bash_operator.py
[2022-08-21 13:20:31,702] {logging_mixin.py:115} INFO - [2022-08-21 13:20:31,702] {dag.py:2420} INFO - Sync 1 DAGs
[2022-08-21 13:20:31,744] {logging_mixin.py:115} INFO - [2022-08-21 13:20:31,744] {dag.py:2972} INFO - Setting next_dagrun for example_bash_operator to 2022-08-20T00:00:00+00:00, run_after=2022-08-21T00:00:00+00:00
[2022-08-21 13:20:31,765] {processor.py:161} INFO - Processing /home/airflow/.local/lib/python3.7/site-packages/airflow/example_dags/example_bash_operator.py took 0.113 seconds
[2022-08-21 13:21:01,902] {processor.py:153} INFO - Started process (PID=421) to work on /home/airflow/.local/lib/python3.7/site-packages/airflow/example_dags/example_bash_operator.py
[2022-08-21 13:21:01,903] {processor.py:641} INFO - Processing file /home/airflow/.local/lib/python3.7/site-packages/airflow/example_dags/example_bash_operator.py for tasks to queue
[2022-08-21 13:21:01,904] {logging_mixin.py:115} INFO - [2022-08-21 13:21:01,904] {dagbag.py:508} INFO - Filling up the DagBag from /home/airflow/.local/lib/python3.7/site-packages/airflow/example_dags/example_bash_operator.py
[2022-08-21 13:21:01,916] {processor.py:651} INFO - DAG(s) dict_keys(['example_bash_operator']) retrieved from /home/airflow/.local/lib/python3.7/site-packages/airflow/example_dags/example_bash_operator.py
[2022-08-21 13:21:01,946] {logging_mixin.py:115} INFO - [2022-08-21 13:21:01,946] {dag.py:2420} INFO - Sync 1 DAGs
[2022-08-21 13:21:01,977] {logging_mixin.py:115} INFO - [2022-08-21 13:21:01,977] {dag.py:2972} INFO - Setting next_dagrun for example_bash_operator to 2022-08-20T00:00:00+00:00, run_after=2022-08-21T00:00:00+00:00
[2022-08-21 13:21:01,991] {processor.py:161} INFO - Processing /home/airflow/.local/lib/python3.7/site-packages/airflow/example_dags/example_bash_operator.py took 0.093 seconds
[2022-08-21 13:21:32,188] {processor.py:153} INFO - Started process (PID=474) to work on /home/airflow/.local/lib/python3.7/site-packages/airflow/example_dags/example_bash_operator.py
[2022-08-21 13:21:32,189] {processor.py:641} INFO - Processing file /home/airflow/.local/lib/python3.7/site-packages/airflow/example_dags/example_bash_operator.py for tasks to queue
[2022-08-21 13:21:32,189] {logging_mixin.py:115} INFO - [2022-08-21 13:21:32,189] {dagbag.py:508} INFO - Filling up the DagBag from /home/airflow/.local/lib/python3.7/site-packages/airflow/example_dags/example_bash_operator.py
[2022-08-21 13:21:32,203] {processor.py:651} INFO - DAG(s) dict_keys(['example_bash_operator']) retrieved from /home/airflow/.local/lib/python3.7/site-packages/airflow/example_dags/example_bash_operator.py
[2022-08-21 13:21:32,228] {logging_mixin.py:115} INFO - [2022-08-21 13:21:32,228] {dag.py:2420} INFO - Sync 1 DAGs
[2022-08-21 13:21:32,251] {logging_mixin.py:115} INFO - [2022-08-21 13:21:32,251] {dag.py:2972} INFO - Setting next_dagrun for example_bash_operator to 2022-08-20T00:00:00+00:00, run_after=2022-08-21T00:00:00+00:00
[2022-08-21 13:21:32,268] {processor.py:161} INFO - Processing /home/airflow/.local/lib/python3.7/site-packages/airflow/example_dags/example_bash_operator.py took 0.083 seconds
[2022-08-21 13:22:02,522] {processor.py:153} INFO - Started process (PID=535) to work on /home/airflow/.local/lib/python3.7/site-packages/airflow/example_dags/example_bash_operator.py
[2022-08-21 13:22:02,523] {processor.py:641} INFO - Processing file /home/airflow/.local/lib/python3.7/site-packages/airflow/example_dags/example_bash_operator.py for tasks to queue
[2022-08-21 13:22:02,524] {logging_mixin.py:115} INFO - [2022-08-21 13:22:02,524] {dagbag.py:508} INFO - Filling up the DagBag from /home/airflow/.local/lib/python3.7/site-packages/airflow/example_dags/example_bash_operator.py
[2022-08-21 13:22:02,540] {processor.py:651} INFO - DAG(s) dict_keys(['example_bash_operator']) retrieved from /home/airflow/.local/lib/python3.7/site-packages/airflow/example_dags/example_bash_operator.py
[2022-08-21 13:22:02,573] {logging_mixin.py:115} INFO - [2022-08-21 13:22:02,573] {dag.py:2420} INFO - Sync 1 DAGs
[2022-08-21 13:22:02,601] {logging_mixin.py:115} INFO - [2022-08-21 13:22:02,601] {dag.py:2972} INFO - Setting next_dagrun for example_bash_operator to 2022-08-20T00:00:00+00:00, run_after=2022-08-21T00:00:00+00:00
[2022-08-21 13:22:02,613] {processor.py:161} INFO - Processing /home/airflow/.local/lib/python3.7/site-packages/airflow/example_dags/example_bash_operator.py took 0.094 seconds
[2022-08-21 13:22:32,744] {processor.py:153} INFO - Started process (PID=597) to work on /home/airflow/.local/lib/python3.7/site-packages/airflow/example_dags/example_bash_operator.py
[2022-08-21 13:22:32,747] {processor.py:641} INFO - Processing file /home/airflow/.local/lib/python3.7/site-packages/airflow/example_dags/example_bash_operator.py for tasks to queue
[2022-08-21 13:22:32,748] {logging_mixin.py:115} INFO - [2022-08-21 13:22:32,748] {dagbag.py:508} INFO - Filling up the DagBag from /home/airflow/.local/lib/python3.7/site-packages/airflow/example_dags/example_bash_operator.py
[2022-08-21 13:22:32,789] {processor.py:651} INFO - DAG(s) dict_keys(['example_bash_operator']) retrieved from /home/airflow/.local/lib/python3.7/site-packages/airflow/example_dags/example_bash_operator.py
[2022-08-21 13:22:32,841] {logging_mixin.py:115} INFO - [2022-08-21 13:22:32,841] {dag.py:2420} INFO - Sync 1 DAGs
[2022-08-21 13:22:32,888] {logging_mixin.py:115} INFO - [2022-08-21 13:22:32,888] {dag.py:2972} INFO - Setting next_dagrun for example_bash_operator to 2022-08-20T00:00:00+00:00, run_after=2022-08-21T00:00:00+00:00
[2022-08-21 13:22:32,910] {processor.py:161} INFO - Processing /home/airflow/.local/lib/python3.7/site-packages/airflow/example_dags/example_bash_operator.py took 0.179 seconds
[2022-08-21 13:23:03,798] {processor.py:153} INFO - Started process (PID=650) to work on /home/airflow/.local/lib/python3.7/site-packages/airflow/example_dags/example_bash_operator.py
[2022-08-21 13:23:03,799] {processor.py:641} INFO - Processing file /home/airflow/.local/lib/python3.7/site-packages/airflow/example_dags/example_bash_operator.py for tasks to queue
[2022-08-21 13:23:03,800] {logging_mixin.py:115} INFO - [2022-08-21 13:23:03,799] {dagbag.py:508} INFO - Filling up the DagBag from /home/airflow/.local/lib/python3.7/site-packages/airflow/example_dags/example_bash_operator.py
[2022-08-21 13:23:03,812] {processor.py:651} INFO - DAG(s) dict_keys(['example_bash_operator']) retrieved from /home/airflow/.local/lib/python3.7/site-packages/airflow/example_dags/example_bash_operator.py
[2022-08-21 13:23:03,840] {logging_mixin.py:115} INFO - [2022-08-21 13:23:03,840] {dag.py:2420} INFO - Sync 1 DAGs
[2022-08-21 13:23:03,864] {logging_mixin.py:115} INFO - [2022-08-21 13:23:03,864] {dag.py:2972} INFO - Setting next_dagrun for example_bash_operator to 2022-08-20T00:00:00+00:00, run_after=2022-08-21T00:00:00+00:00
[2022-08-21 13:23:03,886] {processor.py:161} INFO - Processing /home/airflow/.local/lib/python3.7/site-packages/airflow/example_dags/example_bash_operator.py took 0.091 seconds
[2022-08-21 13:23:34,833] {processor.py:153} INFO - Started process (PID=711) to work on /home/airflow/.local/lib/python3.7/site-packages/airflow/example_dags/example_bash_operator.py
[2022-08-21 13:23:34,833] {processor.py:641} INFO - Processing file /home/airflow/.local/lib/python3.7/site-packages/airflow/example_dags/example_bash_operator.py for tasks to queue
[2022-08-21 13:23:34,834] {logging_mixin.py:115} INFO - [2022-08-21 13:23:34,834] {dagbag.py:508} INFO - Filling up the DagBag from /home/airflow/.local/lib/python3.7/site-packages/airflow/example_dags/example_bash_operator.py
[2022-08-21 13:23:34,849] {processor.py:651} INFO - DAG(s) dict_keys(['example_bash_operator']) retrieved from /home/airflow/.local/lib/python3.7/site-packages/airflow/example_dags/example_bash_operator.py
[2022-08-21 13:23:34,880] {logging_mixin.py:115} INFO - [2022-08-21 13:23:34,880] {dag.py:2420} INFO - Sync 1 DAGs
[2022-08-21 13:23:34,918] {logging_mixin.py:115} INFO - [2022-08-21 13:23:34,918] {dag.py:2972} INFO - Setting next_dagrun for example_bash_operator to 2022-08-20T00:00:00+00:00, run_after=2022-08-21T00:00:00+00:00
[2022-08-21 13:23:34,942] {processor.py:161} INFO - Processing /home/airflow/.local/lib/python3.7/site-packages/airflow/example_dags/example_bash_operator.py took 0.116 seconds
[2022-08-21 13:24:05,870] {processor.py:153} INFO - Started process (PID=772) to work on /home/airflow/.local/lib/python3.7/site-packages/airflow/example_dags/example_bash_operator.py
[2022-08-21 13:24:05,872] {processor.py:641} INFO - Processing file /home/airflow/.local/lib/python3.7/site-packages/airflow/example_dags/example_bash_operator.py for tasks to queue
[2022-08-21 13:24:05,877] {logging_mixin.py:115} INFO - [2022-08-21 13:24:05,877] {dagbag.py:508} INFO - Filling up the DagBag from /home/airflow/.local/lib/python3.7/site-packages/airflow/example_dags/example_bash_operator.py
[2022-08-21 13:24:05,904] {processor.py:651} INFO - DAG(s) dict_keys(['example_bash_operator']) retrieved from /home/airflow/.local/lib/python3.7/site-packages/airflow/example_dags/example_bash_operator.py
[2022-08-21 13:24:05,967] {logging_mixin.py:115} INFO - [2022-08-21 13:24:05,967] {dag.py:2420} INFO - Sync 1 DAGs
[2022-08-21 13:24:06,025] {logging_mixin.py:115} INFO - [2022-08-21 13:24:06,025] {dag.py:2972} INFO - Setting next_dagrun for example_bash_operator to 2022-08-20T00:00:00+00:00, run_after=2022-08-21T00:00:00+00:00
[2022-08-21 13:24:06,067] {processor.py:161} INFO - Processing /home/airflow/.local/lib/python3.7/site-packages/airflow/example_dags/example_bash_operator.py took 0.204 seconds
[2022-08-21 13:24:36,725] {processor.py:153} INFO - Started process (PID=824) to work on /home/airflow/.local/lib/python3.7/site-packages/airflow/example_dags/example_bash_operator.py
[2022-08-21 13:24:36,726] {processor.py:641} INFO - Processing file /home/airflow/.local/lib/python3.7/site-packages/airflow/example_dags/example_bash_operator.py for tasks to queue
[2022-08-21 13:24:36,727] {logging_mixin.py:115} INFO - [2022-08-21 13:24:36,727] {dagbag.py:508} INFO - Filling up the DagBag from /home/airflow/.local/lib/python3.7/site-packages/airflow/example_dags/example_bash_operator.py
[2022-08-21 13:24:36,738] {processor.py:651} INFO - DAG(s) dict_keys(['example_bash_operator']) retrieved from /home/airflow/.local/lib/python3.7/site-packages/airflow/example_dags/example_bash_operator.py
[2022-08-21 13:24:36,766] {logging_mixin.py:115} INFO - [2022-08-21 13:24:36,766] {dag.py:2420} INFO - Sync 1 DAGs
[2022-08-21 13:24:36,786] {logging_mixin.py:115} INFO - [2022-08-21 13:24:36,786] {dag.py:2972} INFO - Setting next_dagrun for example_bash_operator to 2022-08-20T00:00:00+00:00, run_after=2022-08-21T00:00:00+00:00
[2022-08-21 13:24:36,804] {processor.py:161} INFO - Processing /home/airflow/.local/lib/python3.7/site-packages/airflow/example_dags/example_bash_operator.py took 0.081 seconds
[2022-08-21 13:25:06,880] {processor.py:153} INFO - Started process (PID=885) to work on /home/airflow/.local/lib/python3.7/site-packages/airflow/example_dags/example_bash_operator.py
[2022-08-21 13:25:06,881] {processor.py:641} INFO - Processing file /home/airflow/.local/lib/python3.7/site-packages/airflow/example_dags/example_bash_operator.py for tasks to queue
[2022-08-21 13:25:06,882] {logging_mixin.py:115} INFO - [2022-08-21 13:25:06,882] {dagbag.py:508} INFO - Filling up the DagBag from /home/airflow/.local/lib/python3.7/site-packages/airflow/example_dags/example_bash_operator.py
[2022-08-21 13:25:06,892] {processor.py:651} INFO - DAG(s) dict_keys(['example_bash_operator']) retrieved from /home/airflow/.local/lib/python3.7/site-packages/airflow/example_dags/example_bash_operator.py
[2022-08-21 13:25:06,917] {logging_mixin.py:115} INFO - [2022-08-21 13:25:06,916] {dag.py:2420} INFO - Sync 1 DAGs
[2022-08-21 13:25:06,937] {logging_mixin.py:115} INFO - [2022-08-21 13:25:06,937] {dag.py:2972} INFO - Setting next_dagrun for example_bash_operator to 2022-08-20T00:00:00+00:00, run_after=2022-08-21T00:00:00+00:00
[2022-08-21 13:25:06,957] {processor.py:161} INFO - Processing /home/airflow/.local/lib/python3.7/site-packages/airflow/example_dags/example_bash_operator.py took 0.079 seconds
[2022-08-21 13:25:37,097] {processor.py:153} INFO - Started process (PID=938) to work on /home/airflow/.local/lib/python3.7/site-packages/airflow/example_dags/example_bash_operator.py
[2022-08-21 13:25:37,098] {processor.py:641} INFO - Processing file /home/airflow/.local/lib/python3.7/site-packages/airflow/example_dags/example_bash_operator.py for tasks to queue
[2022-08-21 13:25:37,099] {logging_mixin.py:115} INFO - [2022-08-21 13:25:37,099] {dagbag.py:508} INFO - Filling up the DagBag from /home/airflow/.local/lib/python3.7/site-packages/airflow/example_dags/example_bash_operator.py
[2022-08-21 13:25:37,111] {processor.py:651} INFO - DAG(s) dict_keys(['example_bash_operator']) retrieved from /home/airflow/.local/lib/python3.7/site-packages/airflow/example_dags/example_bash_operator.py
[2022-08-21 13:25:37,136] {logging_mixin.py:115} INFO - [2022-08-21 13:25:37,136] {dag.py:2420} INFO - Sync 1 DAGs
[2022-08-21 13:25:37,162] {logging_mixin.py:115} INFO - [2022-08-21 13:25:37,162] {dag.py:2972} INFO - Setting next_dagrun for example_bash_operator to 2022-08-20T00:00:00+00:00, run_after=2022-08-21T00:00:00+00:00
[2022-08-21 13:25:37,181] {processor.py:161} INFO - Processing /home/airflow/.local/lib/python3.7/site-packages/airflow/example_dags/example_bash_operator.py took 0.088 seconds
[2022-08-21 13:26:07,234] {processor.py:153} INFO - Started process (PID=999) to work on /home/airflow/.local/lib/python3.7/site-packages/airflow/example_dags/example_bash_operator.py
[2022-08-21 13:26:07,235] {processor.py:641} INFO - Processing file /home/airflow/.local/lib/python3.7/site-packages/airflow/example_dags/example_bash_operator.py for tasks to queue
[2022-08-21 13:26:07,236] {logging_mixin.py:115} INFO - [2022-08-21 13:26:07,236] {dagbag.py:508} INFO - Filling up the DagBag from /home/airflow/.local/lib/python3.7/site-packages/airflow/example_dags/example_bash_operator.py
[2022-08-21 13:26:07,248] {processor.py:651} INFO - DAG(s) dict_keys(['example_bash_operator']) retrieved from /home/airflow/.local/lib/python3.7/site-packages/airflow/example_dags/example_bash_operator.py
[2022-08-21 13:26:07,270] {logging_mixin.py:115} INFO - [2022-08-21 13:26:07,270] {dag.py:2420} INFO - Sync 1 DAGs
[2022-08-21 13:26:07,288] {logging_mixin.py:115} INFO - [2022-08-21 13:26:07,288] {dag.py:2972} INFO - Setting next_dagrun for example_bash_operator to 2022-08-20T00:00:00+00:00, run_after=2022-08-21T00:00:00+00:00
[2022-08-21 13:26:07,305] {processor.py:161} INFO - Processing /home/airflow/.local/lib/python3.7/site-packages/airflow/example_dags/example_bash_operator.py took 0.074 seconds
[2022-08-21 13:26:37,582] {processor.py:153} INFO - Started process (PID=1060) to work on /home/airflow/.local/lib/python3.7/site-packages/airflow/example_dags/example_bash_operator.py
[2022-08-21 13:26:37,584] {processor.py:641} INFO - Processing file /home/airflow/.local/lib/python3.7/site-packages/airflow/example_dags/example_bash_operator.py for tasks to queue
[2022-08-21 13:26:37,585] {logging_mixin.py:115} INFO - [2022-08-21 13:26:37,585] {dagbag.py:508} INFO - Filling up the DagBag from /home/airflow/.local/lib/python3.7/site-packages/airflow/example_dags/example_bash_operator.py
[2022-08-21 13:26:37,604] {processor.py:651} INFO - DAG(s) dict_keys(['example_bash_operator']) retrieved from /home/airflow/.local/lib/python3.7/site-packages/airflow/example_dags/example_bash_operator.py
[2022-08-21 13:26:37,635] {logging_mixin.py:115} INFO - [2022-08-21 13:26:37,635] {dag.py:2420} INFO - Sync 1 DAGs
[2022-08-21 13:26:37,666] {logging_mixin.py:115} INFO - [2022-08-21 13:26:37,666] {dag.py:2972} INFO - Setting next_dagrun for example_bash_operator to 2022-08-20T00:00:00+00:00, run_after=2022-08-21T00:00:00+00:00
[2022-08-21 13:26:37,689] {processor.py:161} INFO - Processing /home/airflow/.local/lib/python3.7/site-packages/airflow/example_dags/example_bash_operator.py took 0.111 seconds
[2022-08-21 13:27:07,743] {processor.py:153} INFO - Started process (PID=1112) to work on /home/airflow/.local/lib/python3.7/site-packages/airflow/example_dags/example_bash_operator.py
[2022-08-21 13:27:07,744] {processor.py:641} INFO - Processing file /home/airflow/.local/lib/python3.7/site-packages/airflow/example_dags/example_bash_operator.py for tasks to queue
[2022-08-21 13:27:07,745] {logging_mixin.py:115} INFO - [2022-08-21 13:27:07,745] {dagbag.py:508} INFO - Filling up the DagBag from /home/airflow/.local/lib/python3.7/site-packages/airflow/example_dags/example_bash_operator.py
[2022-08-21 13:27:07,758] {processor.py:651} INFO - DAG(s) dict_keys(['example_bash_operator']) retrieved from /home/airflow/.local/lib/python3.7/site-packages/airflow/example_dags/example_bash_operator.py
[2022-08-21 13:27:07,790] {logging_mixin.py:115} INFO - [2022-08-21 13:27:07,790] {dag.py:2420} INFO - Sync 1 DAGs
[2022-08-21 13:27:07,813] {logging_mixin.py:115} INFO - [2022-08-21 13:27:07,812] {dag.py:2972} INFO - Setting next_dagrun for example_bash_operator to 2022-08-20T00:00:00+00:00, run_after=2022-08-21T00:00:00+00:00
[2022-08-21 13:27:07,826] {processor.py:161} INFO - Processing /home/airflow/.local/lib/python3.7/site-packages/airflow/example_dags/example_bash_operator.py took 0.087 seconds
[2022-08-21 13:27:37,981] {processor.py:153} INFO - Started process (PID=1174) to work on /home/airflow/.local/lib/python3.7/site-packages/airflow/example_dags/example_bash_operator.py
[2022-08-21 13:27:37,982] {processor.py:641} INFO - Processing file /home/airflow/.local/lib/python3.7/site-packages/airflow/example_dags/example_bash_operator.py for tasks to queue
[2022-08-21 13:27:37,983] {logging_mixin.py:115} INFO - [2022-08-21 13:27:37,983] {dagbag.py:508} INFO - Filling up the DagBag from /home/airflow/.local/lib/python3.7/site-packages/airflow/example_dags/example_bash_operator.py
[2022-08-21 13:27:37,994] {processor.py:651} INFO - DAG(s) dict_keys(['example_bash_operator']) retrieved from /home/airflow/.local/lib/python3.7/site-packages/airflow/example_dags/example_bash_operator.py
[2022-08-21 13:27:38,020] {logging_mixin.py:115} INFO - [2022-08-21 13:27:38,020] {dag.py:2420} INFO - Sync 1 DAGs
[2022-08-21 13:27:38,045] {logging_mixin.py:115} INFO - [2022-08-21 13:27:38,045] {dag.py:2972} INFO - Setting next_dagrun for example_bash_operator to 2022-08-20T00:00:00+00:00, run_after=2022-08-21T00:00:00+00:00
[2022-08-21 13:27:38,059] {processor.py:161} INFO - Processing /home/airflow/.local/lib/python3.7/site-packages/airflow/example_dags/example_bash_operator.py took 0.081 seconds
[2022-08-21 13:28:08,948] {processor.py:153} INFO - Started process (PID=1235) to work on /home/airflow/.local/lib/python3.7/site-packages/airflow/example_dags/example_bash_operator.py
[2022-08-21 13:28:08,949] {processor.py:641} INFO - Processing file /home/airflow/.local/lib/python3.7/site-packages/airflow/example_dags/example_bash_operator.py for tasks to queue
[2022-08-21 13:28:08,950] {logging_mixin.py:115} INFO - [2022-08-21 13:28:08,950] {dagbag.py:508} INFO - Filling up the DagBag from /home/airflow/.local/lib/python3.7/site-packages/airflow/example_dags/example_bash_operator.py
[2022-08-21 13:28:08,976] {processor.py:651} INFO - DAG(s) dict_keys(['example_bash_operator']) retrieved from /home/airflow/.local/lib/python3.7/site-packages/airflow/example_dags/example_bash_operator.py
[2022-08-21 13:28:09,025] {logging_mixin.py:115} INFO - [2022-08-21 13:28:09,025] {dag.py:2420} INFO - Sync 1 DAGs
[2022-08-21 13:28:09,054] {logging_mixin.py:115} INFO - [2022-08-21 13:28:09,054] {dag.py:2972} INFO - Setting next_dagrun for example_bash_operator to 2022-08-20T00:00:00+00:00, run_after=2022-08-21T00:00:00+00:00
[2022-08-21 13:28:09,074] {processor.py:161} INFO - Processing /home/airflow/.local/lib/python3.7/site-packages/airflow/example_dags/example_bash_operator.py took 0.130 seconds
[2022-08-21 13:28:39,773] {processor.py:153} INFO - Started process (PID=1288) to work on /home/airflow/.local/lib/python3.7/site-packages/airflow/example_dags/example_bash_operator.py
[2022-08-21 13:28:39,775] {processor.py:641} INFO - Processing file /home/airflow/.local/lib/python3.7/site-packages/airflow/example_dags/example_bash_operator.py for tasks to queue
[2022-08-21 13:28:39,780] {logging_mixin.py:115} INFO - [2022-08-21 13:28:39,779] {dagbag.py:508} INFO - Filling up the DagBag from /home/airflow/.local/lib/python3.7/site-packages/airflow/example_dags/example_bash_operator.py
[2022-08-21 13:28:39,802] {processor.py:651} INFO - DAG(s) dict_keys(['example_bash_operator']) retrieved from /home/airflow/.local/lib/python3.7/site-packages/airflow/example_dags/example_bash_operator.py
[2022-08-21 13:28:39,854] {logging_mixin.py:115} INFO - [2022-08-21 13:28:39,854] {dag.py:2420} INFO - Sync 1 DAGs
[2022-08-21 13:28:39,886] {logging_mixin.py:115} INFO - [2022-08-21 13:28:39,886] {dag.py:2972} INFO - Setting next_dagrun for example_bash_operator to 2022-08-20T00:00:00+00:00, run_after=2022-08-21T00:00:00+00:00
[2022-08-21 13:28:39,905] {processor.py:161} INFO - Processing /home/airflow/.local/lib/python3.7/site-packages/airflow/example_dags/example_bash_operator.py took 0.137 seconds
[2022-08-21 13:29:10,717] {processor.py:153} INFO - Started process (PID=1349) to work on /home/airflow/.local/lib/python3.7/site-packages/airflow/example_dags/example_bash_operator.py
[2022-08-21 13:29:10,718] {processor.py:641} INFO - Processing file /home/airflow/.local/lib/python3.7/site-packages/airflow/example_dags/example_bash_operator.py for tasks to queue
[2022-08-21 13:29:10,719] {logging_mixin.py:115} INFO - [2022-08-21 13:29:10,719] {dagbag.py:508} INFO - Filling up the DagBag from /home/airflow/.local/lib/python3.7/site-packages/airflow/example_dags/example_bash_operator.py
[2022-08-21 13:29:10,748] {processor.py:651} INFO - DAG(s) dict_keys(['example_bash_operator']) retrieved from /home/airflow/.local/lib/python3.7/site-packages/airflow/example_dags/example_bash_operator.py
[2022-08-21 13:29:10,790] {logging_mixin.py:115} INFO - [2022-08-21 13:29:10,789] {dag.py:2420} INFO - Sync 1 DAGs
[2022-08-21 13:29:10,816] {logging_mixin.py:115} INFO - [2022-08-21 13:29:10,816] {dag.py:2972} INFO - Setting next_dagrun for example_bash_operator to 2022-08-20T00:00:00+00:00, run_after=2022-08-21T00:00:00+00:00
[2022-08-21 13:29:10,837] {processor.py:161} INFO - Processing /home/airflow/.local/lib/python3.7/site-packages/airflow/example_dags/example_bash_operator.py took 0.124 seconds
[2022-08-21 13:29:41,658] {processor.py:153} INFO - Started process (PID=1410) to work on /home/airflow/.local/lib/python3.7/site-packages/airflow/example_dags/example_bash_operator.py
[2022-08-21 13:29:41,660] {processor.py:641} INFO - Processing file /home/airflow/.local/lib/python3.7/site-packages/airflow/example_dags/example_bash_operator.py for tasks to queue
[2022-08-21 13:29:41,661] {logging_mixin.py:115} INFO - [2022-08-21 13:29:41,661] {dagbag.py:508} INFO - Filling up the DagBag from /home/airflow/.local/lib/python3.7/site-packages/airflow/example_dags/example_bash_operator.py
[2022-08-21 13:29:41,674] {processor.py:651} INFO - DAG(s) dict_keys(['example_bash_operator']) retrieved from /home/airflow/.local/lib/python3.7/site-packages/airflow/example_dags/example_bash_operator.py
[2022-08-21 13:29:41,702] {logging_mixin.py:115} INFO - [2022-08-21 13:29:41,702] {dag.py:2420} INFO - Sync 1 DAGs
[2022-08-21 13:29:41,724] {logging_mixin.py:115} INFO - [2022-08-21 13:29:41,724] {dag.py:2972} INFO - Setting next_dagrun for example_bash_operator to 2022-08-20T00:00:00+00:00, run_after=2022-08-21T00:00:00+00:00
[2022-08-21 13:29:41,741] {processor.py:161} INFO - Processing /home/airflow/.local/lib/python3.7/site-packages/airflow/example_dags/example_bash_operator.py took 0.086 seconds
[2022-08-21 13:30:12,503] {processor.py:153} INFO - Started process (PID=1462) to work on /home/airflow/.local/lib/python3.7/site-packages/airflow/example_dags/example_bash_operator.py
[2022-08-21 13:30:12,504] {processor.py:641} INFO - Processing file /home/airflow/.local/lib/python3.7/site-packages/airflow/example_dags/example_bash_operator.py for tasks to queue
[2022-08-21 13:30:12,506] {logging_mixin.py:115} INFO - [2022-08-21 13:30:12,506] {dagbag.py:508} INFO - Filling up the DagBag from /home/airflow/.local/lib/python3.7/site-packages/airflow/example_dags/example_bash_operator.py
[2022-08-21 13:30:12,523] {processor.py:651} INFO - DAG(s) dict_keys(['example_bash_operator']) retrieved from /home/airflow/.local/lib/python3.7/site-packages/airflow/example_dags/example_bash_operator.py
[2022-08-21 13:30:12,553] {logging_mixin.py:115} INFO - [2022-08-21 13:30:12,553] {dag.py:2420} INFO - Sync 1 DAGs
[2022-08-21 13:30:12,581] {logging_mixin.py:115} INFO - [2022-08-21 13:30:12,581] {dag.py:2972} INFO - Setting next_dagrun for example_bash_operator to 2022-08-20T00:00:00+00:00, run_after=2022-08-21T00:00:00+00:00
[2022-08-21 13:30:12,600] {processor.py:161} INFO - Processing /home/airflow/.local/lib/python3.7/site-packages/airflow/example_dags/example_bash_operator.py took 0.102 seconds
[2022-08-21 13:30:42,693] {processor.py:153} INFO - Started process (PID=1524) to work on /home/airflow/.local/lib/python3.7/site-packages/airflow/example_dags/example_bash_operator.py
[2022-08-21 13:30:42,694] {processor.py:641} INFO - Processing file /home/airflow/.local/lib/python3.7/site-packages/airflow/example_dags/example_bash_operator.py for tasks to queue
[2022-08-21 13:30:42,696] {logging_mixin.py:115} INFO - [2022-08-21 13:30:42,695] {dagbag.py:508} INFO - Filling up the DagBag from /home/airflow/.local/lib/python3.7/site-packages/airflow/example_dags/example_bash_operator.py
[2022-08-21 13:30:42,712] {processor.py:651} INFO - DAG(s) dict_keys(['example_bash_operator']) retrieved from /home/airflow/.local/lib/python3.7/site-packages/airflow/example_dags/example_bash_operator.py
[2022-08-21 13:30:42,741] {logging_mixin.py:115} INFO - [2022-08-21 13:30:42,740] {dag.py:2420} INFO - Sync 1 DAGs
[2022-08-21 13:30:42,767] {logging_mixin.py:115} INFO - [2022-08-21 13:30:42,767] {dag.py:2972} INFO - Setting next_dagrun for example_bash_operator to 2022-08-20T00:00:00+00:00, run_after=2022-08-21T00:00:00+00:00
[2022-08-21 13:30:42,785] {processor.py:161} INFO - Processing /home/airflow/.local/lib/python3.7/site-packages/airflow/example_dags/example_bash_operator.py took 0.097 seconds
[2022-08-21 13:31:13,212] {processor.py:153} INFO - Started process (PID=1585) to work on /home/airflow/.local/lib/python3.7/site-packages/airflow/example_dags/example_bash_operator.py
[2022-08-21 13:31:13,213] {processor.py:641} INFO - Processing file /home/airflow/.local/lib/python3.7/site-packages/airflow/example_dags/example_bash_operator.py for tasks to queue
[2022-08-21 13:31:13,213] {logging_mixin.py:115} INFO - [2022-08-21 13:31:13,213] {dagbag.py:508} INFO - Filling up the DagBag from /home/airflow/.local/lib/python3.7/site-packages/airflow/example_dags/example_bash_operator.py
[2022-08-21 13:31:13,223] {processor.py:651} INFO - DAG(s) dict_keys(['example_bash_operator']) retrieved from /home/airflow/.local/lib/python3.7/site-packages/airflow/example_dags/example_bash_operator.py
[2022-08-21 13:31:13,248] {logging_mixin.py:115} INFO - [2022-08-21 13:31:13,248] {dag.py:2420} INFO - Sync 1 DAGs
[2022-08-21 13:31:13,268] {logging_mixin.py:115} INFO - [2022-08-21 13:31:13,268] {dag.py:2972} INFO - Setting next_dagrun for example_bash_operator to 2022-08-20T00:00:00+00:00, run_after=2022-08-21T00:00:00+00:00
[2022-08-21 13:31:13,279] {processor.py:161} INFO - Processing /home/airflow/.local/lib/python3.7/site-packages/airflow/example_dags/example_bash_operator.py took 0.070 seconds
[2022-08-21 13:31:44,122] {processor.py:153} INFO - Started process (PID=1637) to work on /home/airflow/.local/lib/python3.7/site-packages/airflow/example_dags/example_bash_operator.py
[2022-08-21 13:31:44,123] {processor.py:641} INFO - Processing file /home/airflow/.local/lib/python3.7/site-packages/airflow/example_dags/example_bash_operator.py for tasks to queue
[2022-08-21 13:31:44,123] {logging_mixin.py:115} INFO - [2022-08-21 13:31:44,123] {dagbag.py:508} INFO - Filling up the DagBag from /home/airflow/.local/lib/python3.7/site-packages/airflow/example_dags/example_bash_operator.py
[2022-08-21 13:31:44,137] {processor.py:651} INFO - DAG(s) dict_keys(['example_bash_operator']) retrieved from /home/airflow/.local/lib/python3.7/site-packages/airflow/example_dags/example_bash_operator.py
[2022-08-21 13:31:44,165] {logging_mixin.py:115} INFO - [2022-08-21 13:31:44,164] {dag.py:2420} INFO - Sync 1 DAGs
[2022-08-21 13:31:44,189] {logging_mixin.py:115} INFO - [2022-08-21 13:31:44,189] {dag.py:2972} INFO - Setting next_dagrun for example_bash_operator to 2022-08-20T00:00:00+00:00, run_after=2022-08-21T00:00:00+00:00
[2022-08-21 13:31:44,209] {processor.py:161} INFO - Processing /home/airflow/.local/lib/python3.7/site-packages/airflow/example_dags/example_bash_operator.py took 0.091 seconds
[2022-08-21 13:32:15,110] {processor.py:153} INFO - Started process (PID=1699) to work on /home/airflow/.local/lib/python3.7/site-packages/airflow/example_dags/example_bash_operator.py
[2022-08-21 13:32:15,111] {processor.py:641} INFO - Processing file /home/airflow/.local/lib/python3.7/site-packages/airflow/example_dags/example_bash_operator.py for tasks to queue
[2022-08-21 13:32:15,112] {logging_mixin.py:115} INFO - [2022-08-21 13:32:15,112] {dagbag.py:508} INFO - Filling up the DagBag from /home/airflow/.local/lib/python3.7/site-packages/airflow/example_dags/example_bash_operator.py
[2022-08-21 13:32:15,122] {processor.py:651} INFO - DAG(s) dict_keys(['example_bash_operator']) retrieved from /home/airflow/.local/lib/python3.7/site-packages/airflow/example_dags/example_bash_operator.py
[2022-08-21 13:32:15,146] {logging_mixin.py:115} INFO - [2022-08-21 13:32:15,146] {dag.py:2420} INFO - Sync 1 DAGs
[2022-08-21 13:32:15,168] {logging_mixin.py:115} INFO - [2022-08-21 13:32:15,168] {dag.py:2972} INFO - Setting next_dagrun for example_bash_operator to 2022-08-20T00:00:00+00:00, run_after=2022-08-21T00:00:00+00:00
[2022-08-21 13:32:15,185] {processor.py:161} INFO - Processing /home/airflow/.local/lib/python3.7/site-packages/airflow/example_dags/example_bash_operator.py took 0.078 seconds
[2022-08-21 13:32:45,903] {processor.py:153} INFO - Started process (PID=1760) to work on /home/airflow/.local/lib/python3.7/site-packages/airflow/example_dags/example_bash_operator.py
[2022-08-21 13:32:45,904] {processor.py:641} INFO - Processing file /home/airflow/.local/lib/python3.7/site-packages/airflow/example_dags/example_bash_operator.py for tasks to queue
[2022-08-21 13:32:45,904] {logging_mixin.py:115} INFO - [2022-08-21 13:32:45,904] {dagbag.py:508} INFO - Filling up the DagBag from /home/airflow/.local/lib/python3.7/site-packages/airflow/example_dags/example_bash_operator.py
[2022-08-21 13:32:45,916] {processor.py:651} INFO - DAG(s) dict_keys(['example_bash_operator']) retrieved from /home/airflow/.local/lib/python3.7/site-packages/airflow/example_dags/example_bash_operator.py
[2022-08-21 13:32:45,944] {logging_mixin.py:115} INFO - [2022-08-21 13:32:45,944] {dag.py:2420} INFO - Sync 1 DAGs
[2022-08-21 13:32:45,967] {logging_mixin.py:115} INFO - [2022-08-21 13:32:45,967] {dag.py:2972} INFO - Setting next_dagrun for example_bash_operator to 2022-08-20T00:00:00+00:00, run_after=2022-08-21T00:00:00+00:00
[2022-08-21 13:32:45,985] {processor.py:161} INFO - Processing /home/airflow/.local/lib/python3.7/site-packages/airflow/example_dags/example_bash_operator.py took 0.085 seconds
[2022-08-21 13:33:16,846] {processor.py:153} INFO - Started process (PID=1819) to work on /home/airflow/.local/lib/python3.7/site-packages/airflow/example_dags/example_bash_operator.py
[2022-08-21 13:33:16,847] {processor.py:641} INFO - Processing file /home/airflow/.local/lib/python3.7/site-packages/airflow/example_dags/example_bash_operator.py for tasks to queue
[2022-08-21 13:33:16,847] {logging_mixin.py:115} INFO - [2022-08-21 13:33:16,847] {dagbag.py:508} INFO - Filling up the DagBag from /home/airflow/.local/lib/python3.7/site-packages/airflow/example_dags/example_bash_operator.py
[2022-08-21 13:33:16,862] {processor.py:651} INFO - DAG(s) dict_keys(['example_bash_operator']) retrieved from /home/airflow/.local/lib/python3.7/site-packages/airflow/example_dags/example_bash_operator.py
[2022-08-21 13:33:16,891] {logging_mixin.py:115} INFO - [2022-08-21 13:33:16,891] {dag.py:2420} INFO - Sync 1 DAGs
[2022-08-21 13:33:16,915] {logging_mixin.py:115} INFO - [2022-08-21 13:33:16,915] {dag.py:2972} INFO - Setting next_dagrun for example_bash_operator to 2022-08-20T00:00:00+00:00, run_after=2022-08-21T00:00:00+00:00
[2022-08-21 13:33:16,929] {processor.py:161} INFO - Processing /home/airflow/.local/lib/python3.7/site-packages/airflow/example_dags/example_bash_operator.py took 0.086 seconds
[2022-08-21 13:33:47,761] {processor.py:153} INFO - Started process (PID=1874) to work on /home/airflow/.local/lib/python3.7/site-packages/airflow/example_dags/example_bash_operator.py
[2022-08-21 13:33:47,762] {processor.py:641} INFO - Processing file /home/airflow/.local/lib/python3.7/site-packages/airflow/example_dags/example_bash_operator.py for tasks to queue
[2022-08-21 13:33:47,763] {logging_mixin.py:115} INFO - [2022-08-21 13:33:47,763] {dagbag.py:508} INFO - Filling up the DagBag from /home/airflow/.local/lib/python3.7/site-packages/airflow/example_dags/example_bash_operator.py
[2022-08-21 13:33:47,773] {processor.py:651} INFO - DAG(s) dict_keys(['example_bash_operator']) retrieved from /home/airflow/.local/lib/python3.7/site-packages/airflow/example_dags/example_bash_operator.py
[2022-08-21 13:33:47,799] {logging_mixin.py:115} INFO - [2022-08-21 13:33:47,799] {dag.py:2420} INFO - Sync 1 DAGs
[2022-08-21 13:33:47,821] {logging_mixin.py:115} INFO - [2022-08-21 13:33:47,821] {dag.py:2972} INFO - Setting next_dagrun for example_bash_operator to 2022-08-20T00:00:00+00:00, run_after=2022-08-21T00:00:00+00:00
[2022-08-21 13:33:47,840] {processor.py:161} INFO - Processing /home/airflow/.local/lib/python3.7/site-packages/airflow/example_dags/example_bash_operator.py took 0.081 seconds
[2022-08-21 13:34:17,863] {processor.py:153} INFO - Started process (PID=1935) to work on /home/airflow/.local/lib/python3.7/site-packages/airflow/example_dags/example_bash_operator.py
[2022-08-21 13:34:17,864] {processor.py:641} INFO - Processing file /home/airflow/.local/lib/python3.7/site-packages/airflow/example_dags/example_bash_operator.py for tasks to queue
[2022-08-21 13:34:17,865] {logging_mixin.py:115} INFO - [2022-08-21 13:34:17,865] {dagbag.py:508} INFO - Filling up the DagBag from /home/airflow/.local/lib/python3.7/site-packages/airflow/example_dags/example_bash_operator.py
[2022-08-21 13:34:17,876] {processor.py:651} INFO - DAG(s) dict_keys(['example_bash_operator']) retrieved from /home/airflow/.local/lib/python3.7/site-packages/airflow/example_dags/example_bash_operator.py
[2022-08-21 13:34:17,898] {logging_mixin.py:115} INFO - [2022-08-21 13:34:17,898] {dag.py:2420} INFO - Sync 1 DAGs
[2022-08-21 13:34:17,917] {logging_mixin.py:115} INFO - [2022-08-21 13:34:17,917] {dag.py:2972} INFO - Setting next_dagrun for example_bash_operator to 2022-08-20T00:00:00+00:00, run_after=2022-08-21T00:00:00+00:00
[2022-08-21 13:34:17,930] {processor.py:161} INFO - Processing /home/airflow/.local/lib/python3.7/site-packages/airflow/example_dags/example_bash_operator.py took 0.070 seconds
[2022-08-21 13:34:48,029] {processor.py:153} INFO - Started process (PID=1987) to work on /home/airflow/.local/lib/python3.7/site-packages/airflow/example_dags/example_bash_operator.py
[2022-08-21 13:34:48,030] {processor.py:641} INFO - Processing file /home/airflow/.local/lib/python3.7/site-packages/airflow/example_dags/example_bash_operator.py for tasks to queue
[2022-08-21 13:34:48,031] {logging_mixin.py:115} INFO - [2022-08-21 13:34:48,031] {dagbag.py:508} INFO - Filling up the DagBag from /home/airflow/.local/lib/python3.7/site-packages/airflow/example_dags/example_bash_operator.py
[2022-08-21 13:34:48,046] {processor.py:651} INFO - DAG(s) dict_keys(['example_bash_operator']) retrieved from /home/airflow/.local/lib/python3.7/site-packages/airflow/example_dags/example_bash_operator.py
[2022-08-21 13:34:48,073] {logging_mixin.py:115} INFO - [2022-08-21 13:34:48,073] {dag.py:2420} INFO - Sync 1 DAGs
[2022-08-21 13:34:48,092] {logging_mixin.py:115} INFO - [2022-08-21 13:34:48,092] {dag.py:2972} INFO - Setting next_dagrun for example_bash_operator to 2022-08-20T00:00:00+00:00, run_after=2022-08-21T00:00:00+00:00
[2022-08-21 13:34:48,109] {processor.py:161} INFO - Processing /home/airflow/.local/lib/python3.7/site-packages/airflow/example_dags/example_bash_operator.py took 0.082 seconds
[2022-08-21 13:35:18,262] {processor.py:153} INFO - Started process (PID=2048) to work on /home/airflow/.local/lib/python3.7/site-packages/airflow/example_dags/example_bash_operator.py
[2022-08-21 13:35:18,263] {processor.py:641} INFO - Processing file /home/airflow/.local/lib/python3.7/site-packages/airflow/example_dags/example_bash_operator.py for tasks to queue
[2022-08-21 13:35:18,264] {logging_mixin.py:115} INFO - [2022-08-21 13:35:18,264] {dagbag.py:508} INFO - Filling up the DagBag from /home/airflow/.local/lib/python3.7/site-packages/airflow/example_dags/example_bash_operator.py
[2022-08-21 13:35:18,284] {processor.py:651} INFO - DAG(s) dict_keys(['example_bash_operator']) retrieved from /home/airflow/.local/lib/python3.7/site-packages/airflow/example_dags/example_bash_operator.py
[2022-08-21 13:35:18,319] {logging_mixin.py:115} INFO - [2022-08-21 13:35:18,319] {dag.py:2420} INFO - Sync 1 DAGs
[2022-08-21 13:35:18,342] {logging_mixin.py:115} INFO - [2022-08-21 13:35:18,341] {dag.py:2972} INFO - Setting next_dagrun for example_bash_operator to 2022-08-20T00:00:00+00:00, run_after=2022-08-21T00:00:00+00:00
[2022-08-21 13:35:18,354] {processor.py:161} INFO - Processing /home/airflow/.local/lib/python3.7/site-packages/airflow/example_dags/example_bash_operator.py took 0.096 seconds
[2022-08-21 13:35:49,031] {processor.py:153} INFO - Started process (PID=2109) to work on /home/airflow/.local/lib/python3.7/site-packages/airflow/example_dags/example_bash_operator.py
[2022-08-21 13:35:49,032] {processor.py:641} INFO - Processing file /home/airflow/.local/lib/python3.7/site-packages/airflow/example_dags/example_bash_operator.py for tasks to queue
[2022-08-21 13:35:49,033] {logging_mixin.py:115} INFO - [2022-08-21 13:35:49,033] {dagbag.py:508} INFO - Filling up the DagBag from /home/airflow/.local/lib/python3.7/site-packages/airflow/example_dags/example_bash_operator.py
[2022-08-21 13:35:49,044] {processor.py:651} INFO - DAG(s) dict_keys(['example_bash_operator']) retrieved from /home/airflow/.local/lib/python3.7/site-packages/airflow/example_dags/example_bash_operator.py
[2022-08-21 13:35:49,066] {logging_mixin.py:115} INFO - [2022-08-21 13:35:49,066] {dag.py:2420} INFO - Sync 1 DAGs
[2022-08-21 13:35:49,089] {logging_mixin.py:115} INFO - [2022-08-21 13:35:49,089] {dag.py:2972} INFO - Setting next_dagrun for example_bash_operator to 2022-08-20T00:00:00+00:00, run_after=2022-08-21T00:00:00+00:00
[2022-08-21 13:35:49,108] {processor.py:161} INFO - Processing /home/airflow/.local/lib/python3.7/site-packages/airflow/example_dags/example_bash_operator.py took 0.081 seconds
[2022-08-21 13:36:19,889] {processor.py:153} INFO - Started process (PID=2168) to work on /home/airflow/.local/lib/python3.7/site-packages/airflow/example_dags/example_bash_operator.py
[2022-08-21 13:36:19,890] {processor.py:641} INFO - Processing file /home/airflow/.local/lib/python3.7/site-packages/airflow/example_dags/example_bash_operator.py for tasks to queue
[2022-08-21 13:36:19,891] {logging_mixin.py:115} INFO - [2022-08-21 13:36:19,891] {dagbag.py:508} INFO - Filling up the DagBag from /home/airflow/.local/lib/python3.7/site-packages/airflow/example_dags/example_bash_operator.py
[2022-08-21 13:36:19,911] {processor.py:651} INFO - DAG(s) dict_keys(['example_bash_operator']) retrieved from /home/airflow/.local/lib/python3.7/site-packages/airflow/example_dags/example_bash_operator.py
[2022-08-21 13:36:19,949] {logging_mixin.py:115} INFO - [2022-08-21 13:36:19,949] {dag.py:2420} INFO - Sync 1 DAGs
[2022-08-21 13:36:19,986] {logging_mixin.py:115} INFO - [2022-08-21 13:36:19,986] {dag.py:2972} INFO - Setting next_dagrun for example_bash_operator to 2022-08-20T00:00:00+00:00, run_after=2022-08-21T00:00:00+00:00
[2022-08-21 13:36:20,003] {processor.py:161} INFO - Processing /home/airflow/.local/lib/python3.7/site-packages/airflow/example_dags/example_bash_operator.py took 0.118 seconds
[2022-08-21 13:36:50,804] {processor.py:153} INFO - Started process (PID=2223) to work on /home/airflow/.local/lib/python3.7/site-packages/airflow/example_dags/example_bash_operator.py
[2022-08-21 13:36:50,805] {processor.py:641} INFO - Processing file /home/airflow/.local/lib/python3.7/site-packages/airflow/example_dags/example_bash_operator.py for tasks to queue
[2022-08-21 13:36:50,806] {logging_mixin.py:115} INFO - [2022-08-21 13:36:50,806] {dagbag.py:508} INFO - Filling up the DagBag from /home/airflow/.local/lib/python3.7/site-packages/airflow/example_dags/example_bash_operator.py
[2022-08-21 13:36:50,818] {processor.py:651} INFO - DAG(s) dict_keys(['example_bash_operator']) retrieved from /home/airflow/.local/lib/python3.7/site-packages/airflow/example_dags/example_bash_operator.py
[2022-08-21 13:36:50,843] {logging_mixin.py:115} INFO - [2022-08-21 13:36:50,843] {dag.py:2420} INFO - Sync 1 DAGs
[2022-08-21 13:36:50,863] {logging_mixin.py:115} INFO - [2022-08-21 13:36:50,863] {dag.py:2972} INFO - Setting next_dagrun for example_bash_operator to 2022-08-20T00:00:00+00:00, run_after=2022-08-21T00:00:00+00:00
[2022-08-21 13:36:50,881] {processor.py:161} INFO - Processing /home/airflow/.local/lib/python3.7/site-packages/airflow/example_dags/example_bash_operator.py took 0.079 seconds
[2022-08-21 13:37:21,567] {processor.py:153} INFO - Started process (PID=2285) to work on /home/airflow/.local/lib/python3.7/site-packages/airflow/example_dags/example_bash_operator.py
[2022-08-21 13:37:21,568] {processor.py:641} INFO - Processing file /home/airflow/.local/lib/python3.7/site-packages/airflow/example_dags/example_bash_operator.py for tasks to queue
[2022-08-21 13:37:21,569] {logging_mixin.py:115} INFO - [2022-08-21 13:37:21,569] {dagbag.py:508} INFO - Filling up the DagBag from /home/airflow/.local/lib/python3.7/site-packages/airflow/example_dags/example_bash_operator.py
[2022-08-21 13:37:21,579] {processor.py:651} INFO - DAG(s) dict_keys(['example_bash_operator']) retrieved from /home/airflow/.local/lib/python3.7/site-packages/airflow/example_dags/example_bash_operator.py
[2022-08-21 13:37:21,600] {logging_mixin.py:115} INFO - [2022-08-21 13:37:21,600] {dag.py:2420} INFO - Sync 1 DAGs
[2022-08-21 13:37:21,620] {logging_mixin.py:115} INFO - [2022-08-21 13:37:21,620] {dag.py:2972} INFO - Setting next_dagrun for example_bash_operator to 2022-08-20T00:00:00+00:00, run_after=2022-08-21T00:00:00+00:00
[2022-08-21 13:37:21,636] {processor.py:161} INFO - Processing /home/airflow/.local/lib/python3.7/site-packages/airflow/example_dags/example_bash_operator.py took 0.071 seconds
[2022-08-21 13:37:52,431] {processor.py:153} INFO - Started process (PID=2346) to work on /home/airflow/.local/lib/python3.7/site-packages/airflow/example_dags/example_bash_operator.py
[2022-08-21 13:37:52,432] {processor.py:641} INFO - Processing file /home/airflow/.local/lib/python3.7/site-packages/airflow/example_dags/example_bash_operator.py for tasks to queue
[2022-08-21 13:37:52,432] {logging_mixin.py:115} INFO - [2022-08-21 13:37:52,432] {dagbag.py:508} INFO - Filling up the DagBag from /home/airflow/.local/lib/python3.7/site-packages/airflow/example_dags/example_bash_operator.py
[2022-08-21 13:37:52,445] {processor.py:651} INFO - DAG(s) dict_keys(['example_bash_operator']) retrieved from /home/airflow/.local/lib/python3.7/site-packages/airflow/example_dags/example_bash_operator.py
[2022-08-21 13:37:52,470] {logging_mixin.py:115} INFO - [2022-08-21 13:37:52,470] {dag.py:2420} INFO - Sync 1 DAGs
[2022-08-21 13:37:52,492] {logging_mixin.py:115} INFO - [2022-08-21 13:37:52,492] {dag.py:2972} INFO - Setting next_dagrun for example_bash_operator to 2022-08-20T00:00:00+00:00, run_after=2022-08-21T00:00:00+00:00
[2022-08-21 13:37:52,512] {processor.py:161} INFO - Processing /home/airflow/.local/lib/python3.7/site-packages/airflow/example_dags/example_bash_operator.py took 0.083 seconds
[2022-08-21 13:38:23,379] {processor.py:153} INFO - Started process (PID=2398) to work on /home/airflow/.local/lib/python3.7/site-packages/airflow/example_dags/example_bash_operator.py
[2022-08-21 13:38:23,380] {processor.py:641} INFO - Processing file /home/airflow/.local/lib/python3.7/site-packages/airflow/example_dags/example_bash_operator.py for tasks to queue
[2022-08-21 13:38:23,381] {logging_mixin.py:115} INFO - [2022-08-21 13:38:23,381] {dagbag.py:508} INFO - Filling up the DagBag from /home/airflow/.local/lib/python3.7/site-packages/airflow/example_dags/example_bash_operator.py
[2022-08-21 13:38:23,392] {processor.py:651} INFO - DAG(s) dict_keys(['example_bash_operator']) retrieved from /home/airflow/.local/lib/python3.7/site-packages/airflow/example_dags/example_bash_operator.py
[2022-08-21 13:38:23,416] {logging_mixin.py:115} INFO - [2022-08-21 13:38:23,416] {dag.py:2420} INFO - Sync 1 DAGs
[2022-08-21 13:38:23,435] {logging_mixin.py:115} INFO - [2022-08-21 13:38:23,435] {dag.py:2972} INFO - Setting next_dagrun for example_bash_operator to 2022-08-20T00:00:00+00:00, run_after=2022-08-21T00:00:00+00:00
[2022-08-21 13:38:23,454] {processor.py:161} INFO - Processing /home/airflow/.local/lib/python3.7/site-packages/airflow/example_dags/example_bash_operator.py took 0.079 seconds
[2022-08-21 13:38:54,352] {processor.py:153} INFO - Started process (PID=2459) to work on /home/airflow/.local/lib/python3.7/site-packages/airflow/example_dags/example_bash_operator.py
[2022-08-21 13:38:54,353] {processor.py:641} INFO - Processing file /home/airflow/.local/lib/python3.7/site-packages/airflow/example_dags/example_bash_operator.py for tasks to queue
[2022-08-21 13:38:54,353] {logging_mixin.py:115} INFO - [2022-08-21 13:38:54,353] {dagbag.py:508} INFO - Filling up the DagBag from /home/airflow/.local/lib/python3.7/site-packages/airflow/example_dags/example_bash_operator.py
[2022-08-21 13:38:54,365] {processor.py:651} INFO - DAG(s) dict_keys(['example_bash_operator']) retrieved from /home/airflow/.local/lib/python3.7/site-packages/airflow/example_dags/example_bash_operator.py
[2022-08-21 13:38:54,420] {logging_mixin.py:115} INFO - [2022-08-21 13:38:54,420] {dag.py:2420} INFO - Sync 1 DAGs
[2022-08-21 13:38:54,446] {logging_mixin.py:115} INFO - [2022-08-21 13:38:54,446] {dag.py:2972} INFO - Setting next_dagrun for example_bash_operator to 2022-08-20T00:00:00+00:00, run_after=2022-08-21T00:00:00+00:00
[2022-08-21 13:38:54,466] {processor.py:161} INFO - Processing /home/airflow/.local/lib/python3.7/site-packages/airflow/example_dags/example_bash_operator.py took 0.117 seconds
[2022-08-21 13:39:24,546] {processor.py:153} INFO - Started process (PID=2520) to work on /home/airflow/.local/lib/python3.7/site-packages/airflow/example_dags/example_bash_operator.py
[2022-08-21 13:39:24,547] {processor.py:641} INFO - Processing file /home/airflow/.local/lib/python3.7/site-packages/airflow/example_dags/example_bash_operator.py for tasks to queue
[2022-08-21 13:39:24,548] {logging_mixin.py:115} INFO - [2022-08-21 13:39:24,548] {dagbag.py:508} INFO - Filling up the DagBag from /home/airflow/.local/lib/python3.7/site-packages/airflow/example_dags/example_bash_operator.py
[2022-08-21 13:39:24,559] {processor.py:651} INFO - DAG(s) dict_keys(['example_bash_operator']) retrieved from /home/airflow/.local/lib/python3.7/site-packages/airflow/example_dags/example_bash_operator.py
[2022-08-21 13:39:24,582] {logging_mixin.py:115} INFO - [2022-08-21 13:39:24,582] {dag.py:2420} INFO - Sync 1 DAGs
[2022-08-21 13:39:24,603] {logging_mixin.py:115} INFO - [2022-08-21 13:39:24,603] {dag.py:2972} INFO - Setting next_dagrun for example_bash_operator to 2022-08-20T00:00:00+00:00, run_after=2022-08-21T00:00:00+00:00
[2022-08-21 13:39:24,623] {processor.py:161} INFO - Processing /home/airflow/.local/lib/python3.7/site-packages/airflow/example_dags/example_bash_operator.py took 0.080 seconds
[2022-08-21 13:39:55,547] {processor.py:153} INFO - Started process (PID=2574) to work on /home/airflow/.local/lib/python3.7/site-packages/airflow/example_dags/example_bash_operator.py
[2022-08-21 13:39:55,548] {processor.py:641} INFO - Processing file /home/airflow/.local/lib/python3.7/site-packages/airflow/example_dags/example_bash_operator.py for tasks to queue
[2022-08-21 13:39:55,549] {logging_mixin.py:115} INFO - [2022-08-21 13:39:55,549] {dagbag.py:508} INFO - Filling up the DagBag from /home/airflow/.local/lib/python3.7/site-packages/airflow/example_dags/example_bash_operator.py
[2022-08-21 13:39:55,561] {processor.py:651} INFO - DAG(s) dict_keys(['example_bash_operator']) retrieved from /home/airflow/.local/lib/python3.7/site-packages/airflow/example_dags/example_bash_operator.py
[2022-08-21 13:39:55,588] {logging_mixin.py:115} INFO - [2022-08-21 13:39:55,588] {dag.py:2420} INFO - Sync 1 DAGs
[2022-08-21 13:39:55,615] {logging_mixin.py:115} INFO - [2022-08-21 13:39:55,615] {dag.py:2972} INFO - Setting next_dagrun for example_bash_operator to 2022-08-20T00:00:00+00:00, run_after=2022-08-21T00:00:00+00:00
[2022-08-21 13:39:55,635] {processor.py:161} INFO - Processing /home/airflow/.local/lib/python3.7/site-packages/airflow/example_dags/example_bash_operator.py took 0.091 seconds
[2022-08-21 13:40:25,716] {processor.py:153} INFO - Started process (PID=2650) to work on /home/airflow/.local/lib/python3.7/site-packages/airflow/example_dags/example_bash_operator.py
[2022-08-21 13:40:25,717] {processor.py:641} INFO - Processing file /home/airflow/.local/lib/python3.7/site-packages/airflow/example_dags/example_bash_operator.py for tasks to queue
[2022-08-21 13:40:25,718] {logging_mixin.py:115} INFO - [2022-08-21 13:40:25,718] {dagbag.py:508} INFO - Filling up the DagBag from /home/airflow/.local/lib/python3.7/site-packages/airflow/example_dags/example_bash_operator.py
[2022-08-21 13:40:25,729] {processor.py:651} INFO - DAG(s) dict_keys(['example_bash_operator']) retrieved from /home/airflow/.local/lib/python3.7/site-packages/airflow/example_dags/example_bash_operator.py
[2022-08-21 13:40:25,755] {logging_mixin.py:115} INFO - [2022-08-21 13:40:25,755] {dag.py:2420} INFO - Sync 1 DAGs
[2022-08-21 13:40:25,775] {logging_mixin.py:115} INFO - [2022-08-21 13:40:25,775] {dag.py:2972} INFO - Setting next_dagrun for example_bash_operator to 2022-08-21T00:00:00+00:00, run_after=2022-08-22T00:00:00+00:00
[2022-08-21 13:40:25,794] {processor.py:161} INFO - Processing /home/airflow/.local/lib/python3.7/site-packages/airflow/example_dags/example_bash_operator.py took 0.081 seconds
[2022-08-21 13:40:56,054] {processor.py:153} INFO - Started process (PID=2712) to work on /home/airflow/.local/lib/python3.7/site-packages/airflow/example_dags/example_bash_operator.py
[2022-08-21 13:40:56,055] {processor.py:641} INFO - Processing file /home/airflow/.local/lib/python3.7/site-packages/airflow/example_dags/example_bash_operator.py for tasks to queue
[2022-08-21 13:40:56,055] {logging_mixin.py:115} INFO - [2022-08-21 13:40:56,055] {dagbag.py:508} INFO - Filling up the DagBag from /home/airflow/.local/lib/python3.7/site-packages/airflow/example_dags/example_bash_operator.py
[2022-08-21 13:40:56,065] {processor.py:651} INFO - DAG(s) dict_keys(['example_bash_operator']) retrieved from /home/airflow/.local/lib/python3.7/site-packages/airflow/example_dags/example_bash_operator.py
[2022-08-21 13:40:56,091] {logging_mixin.py:115} INFO - [2022-08-21 13:40:56,091] {dag.py:2420} INFO - Sync 1 DAGs
[2022-08-21 13:40:56,116] {logging_mixin.py:115} INFO - [2022-08-21 13:40:56,116] {dag.py:2972} INFO - Setting next_dagrun for example_bash_operator to 2022-08-21T00:00:00+00:00, run_after=2022-08-22T00:00:00+00:00
[2022-08-21 13:40:56,141] {processor.py:161} INFO - Processing /home/airflow/.local/lib/python3.7/site-packages/airflow/example_dags/example_bash_operator.py took 0.089 seconds
[2022-08-21 13:41:26,237] {processor.py:153} INFO - Started process (PID=2768) to work on /home/airflow/.local/lib/python3.7/site-packages/airflow/example_dags/example_bash_operator.py
[2022-08-21 13:41:26,238] {processor.py:641} INFO - Processing file /home/airflow/.local/lib/python3.7/site-packages/airflow/example_dags/example_bash_operator.py for tasks to queue
[2022-08-21 13:41:26,239] {logging_mixin.py:115} INFO - [2022-08-21 13:41:26,239] {dagbag.py:508} INFO - Filling up the DagBag from /home/airflow/.local/lib/python3.7/site-packages/airflow/example_dags/example_bash_operator.py
[2022-08-21 13:41:26,259] {processor.py:651} INFO - DAG(s) dict_keys(['example_bash_operator']) retrieved from /home/airflow/.local/lib/python3.7/site-packages/airflow/example_dags/example_bash_operator.py
[2022-08-21 13:41:26,293] {logging_mixin.py:115} INFO - [2022-08-21 13:41:26,293] {dag.py:2420} INFO - Sync 1 DAGs
[2022-08-21 13:41:26,316] {logging_mixin.py:115} INFO - [2022-08-21 13:41:26,315] {dag.py:2972} INFO - Setting next_dagrun for example_bash_operator to 2022-08-21T00:00:00+00:00, run_after=2022-08-22T00:00:00+00:00
[2022-08-21 13:41:26,329] {processor.py:161} INFO - Processing /home/airflow/.local/lib/python3.7/site-packages/airflow/example_dags/example_bash_operator.py took 0.096 seconds
[2022-08-21 13:41:57,241] {processor.py:153} INFO - Started process (PID=2829) to work on /home/airflow/.local/lib/python3.7/site-packages/airflow/example_dags/example_bash_operator.py
[2022-08-21 13:41:57,242] {processor.py:641} INFO - Processing file /home/airflow/.local/lib/python3.7/site-packages/airflow/example_dags/example_bash_operator.py for tasks to queue
[2022-08-21 13:41:57,243] {logging_mixin.py:115} INFO - [2022-08-21 13:41:57,243] {dagbag.py:508} INFO - Filling up the DagBag from /home/airflow/.local/lib/python3.7/site-packages/airflow/example_dags/example_bash_operator.py
[2022-08-21 13:41:57,252] {processor.py:651} INFO - DAG(s) dict_keys(['example_bash_operator']) retrieved from /home/airflow/.local/lib/python3.7/site-packages/airflow/example_dags/example_bash_operator.py
[2022-08-21 13:41:57,276] {logging_mixin.py:115} INFO - [2022-08-21 13:41:57,276] {dag.py:2420} INFO - Sync 1 DAGs
[2022-08-21 13:41:57,300] {logging_mixin.py:115} INFO - [2022-08-21 13:41:57,300] {dag.py:2972} INFO - Setting next_dagrun for example_bash_operator to 2022-08-21T00:00:00+00:00, run_after=2022-08-22T00:00:00+00:00
[2022-08-21 13:41:57,314] {processor.py:161} INFO - Processing /home/airflow/.local/lib/python3.7/site-packages/airflow/example_dags/example_bash_operator.py took 0.076 seconds
[2022-08-21 13:42:28,071] {processor.py:153} INFO - Started process (PID=2890) to work on /home/airflow/.local/lib/python3.7/site-packages/airflow/example_dags/example_bash_operator.py
[2022-08-21 13:42:28,072] {processor.py:641} INFO - Processing file /home/airflow/.local/lib/python3.7/site-packages/airflow/example_dags/example_bash_operator.py for tasks to queue
[2022-08-21 13:42:28,073] {logging_mixin.py:115} INFO - [2022-08-21 13:42:28,073] {dagbag.py:508} INFO - Filling up the DagBag from /home/airflow/.local/lib/python3.7/site-packages/airflow/example_dags/example_bash_operator.py
[2022-08-21 13:42:28,087] {processor.py:651} INFO - DAG(s) dict_keys(['example_bash_operator']) retrieved from /home/airflow/.local/lib/python3.7/site-packages/airflow/example_dags/example_bash_operator.py
[2022-08-21 13:42:28,115] {logging_mixin.py:115} INFO - [2022-08-21 13:42:28,115] {dag.py:2420} INFO - Sync 1 DAGs
[2022-08-21 13:42:28,140] {logging_mixin.py:115} INFO - [2022-08-21 13:42:28,139] {dag.py:2972} INFO - Setting next_dagrun for example_bash_operator to 2022-08-21T00:00:00+00:00, run_after=2022-08-22T00:00:00+00:00
[2022-08-21 13:42:28,160] {processor.py:161} INFO - Processing /home/airflow/.local/lib/python3.7/site-packages/airflow/example_dags/example_bash_operator.py took 0.093 seconds
[2022-08-21 13:42:58,233] {processor.py:153} INFO - Started process (PID=2942) to work on /home/airflow/.local/lib/python3.7/site-packages/airflow/example_dags/example_bash_operator.py
[2022-08-21 13:42:58,234] {processor.py:641} INFO - Processing file /home/airflow/.local/lib/python3.7/site-packages/airflow/example_dags/example_bash_operator.py for tasks to queue
[2022-08-21 13:42:58,235] {logging_mixin.py:115} INFO - [2022-08-21 13:42:58,234] {dagbag.py:508} INFO - Filling up the DagBag from /home/airflow/.local/lib/python3.7/site-packages/airflow/example_dags/example_bash_operator.py
[2022-08-21 13:42:58,248] {processor.py:651} INFO - DAG(s) dict_keys(['example_bash_operator']) retrieved from /home/airflow/.local/lib/python3.7/site-packages/airflow/example_dags/example_bash_operator.py
[2022-08-21 13:42:58,279] {logging_mixin.py:115} INFO - [2022-08-21 13:42:58,279] {dag.py:2420} INFO - Sync 1 DAGs
[2022-08-21 13:42:58,304] {logging_mixin.py:115} INFO - [2022-08-21 13:42:58,304] {dag.py:2972} INFO - Setting next_dagrun for example_bash_operator to 2022-08-21T00:00:00+00:00, run_after=2022-08-22T00:00:00+00:00
[2022-08-21 13:42:58,319] {processor.py:161} INFO - Processing /home/airflow/.local/lib/python3.7/site-packages/airflow/example_dags/example_bash_operator.py took 0.090 seconds
[2022-08-21 13:43:28,536] {processor.py:153} INFO - Started process (PID=3003) to work on /home/airflow/.local/lib/python3.7/site-packages/airflow/example_dags/example_bash_operator.py
[2022-08-21 13:43:28,536] {processor.py:641} INFO - Processing file /home/airflow/.local/lib/python3.7/site-packages/airflow/example_dags/example_bash_operator.py for tasks to queue
[2022-08-21 13:43:28,537] {logging_mixin.py:115} INFO - [2022-08-21 13:43:28,537] {dagbag.py:508} INFO - Filling up the DagBag from /home/airflow/.local/lib/python3.7/site-packages/airflow/example_dags/example_bash_operator.py
[2022-08-21 13:43:28,549] {processor.py:651} INFO - DAG(s) dict_keys(['example_bash_operator']) retrieved from /home/airflow/.local/lib/python3.7/site-packages/airflow/example_dags/example_bash_operator.py
[2022-08-21 13:43:28,573] {logging_mixin.py:115} INFO - [2022-08-21 13:43:28,573] {dag.py:2420} INFO - Sync 1 DAGs
[2022-08-21 13:43:28,599] {logging_mixin.py:115} INFO - [2022-08-21 13:43:28,599] {dag.py:2972} INFO - Setting next_dagrun for example_bash_operator to 2022-08-21T00:00:00+00:00, run_after=2022-08-22T00:00:00+00:00
[2022-08-21 13:43:28,616] {processor.py:161} INFO - Processing /home/airflow/.local/lib/python3.7/site-packages/airflow/example_dags/example_bash_operator.py took 0.083 seconds
[2022-08-21 13:43:58,741] {processor.py:153} INFO - Started process (PID=3055) to work on /home/airflow/.local/lib/python3.7/site-packages/airflow/example_dags/example_bash_operator.py
[2022-08-21 13:43:58,742] {processor.py:641} INFO - Processing file /home/airflow/.local/lib/python3.7/site-packages/airflow/example_dags/example_bash_operator.py for tasks to queue
[2022-08-21 13:43:58,743] {logging_mixin.py:115} INFO - [2022-08-21 13:43:58,742] {dagbag.py:508} INFO - Filling up the DagBag from /home/airflow/.local/lib/python3.7/site-packages/airflow/example_dags/example_bash_operator.py
[2022-08-21 13:43:58,753] {processor.py:651} INFO - DAG(s) dict_keys(['example_bash_operator']) retrieved from /home/airflow/.local/lib/python3.7/site-packages/airflow/example_dags/example_bash_operator.py
[2022-08-21 13:43:58,777] {logging_mixin.py:115} INFO - [2022-08-21 13:43:58,777] {dag.py:2420} INFO - Sync 1 DAGs
[2022-08-21 13:43:58,796] {logging_mixin.py:115} INFO - [2022-08-21 13:43:58,796] {dag.py:2972} INFO - Setting next_dagrun for example_bash_operator to 2022-08-21T00:00:00+00:00, run_after=2022-08-22T00:00:00+00:00
[2022-08-21 13:43:58,816] {processor.py:161} INFO - Processing /home/airflow/.local/lib/python3.7/site-packages/airflow/example_dags/example_bash_operator.py took 0.078 seconds
[2022-08-21 13:44:29,718] {processor.py:153} INFO - Started process (PID=3116) to work on /home/airflow/.local/lib/python3.7/site-packages/airflow/example_dags/example_bash_operator.py
[2022-08-21 13:44:29,720] {processor.py:641} INFO - Processing file /home/airflow/.local/lib/python3.7/site-packages/airflow/example_dags/example_bash_operator.py for tasks to queue
[2022-08-21 13:44:29,721] {logging_mixin.py:115} INFO - [2022-08-21 13:44:29,721] {dagbag.py:508} INFO - Filling up the DagBag from /home/airflow/.local/lib/python3.7/site-packages/airflow/example_dags/example_bash_operator.py
[2022-08-21 13:44:29,734] {processor.py:651} INFO - DAG(s) dict_keys(['example_bash_operator']) retrieved from /home/airflow/.local/lib/python3.7/site-packages/airflow/example_dags/example_bash_operator.py
[2022-08-21 13:44:29,762] {logging_mixin.py:115} INFO - [2022-08-21 13:44:29,762] {dag.py:2420} INFO - Sync 1 DAGs
[2022-08-21 13:44:29,784] {logging_mixin.py:115} INFO - [2022-08-21 13:44:29,784] {dag.py:2972} INFO - Setting next_dagrun for example_bash_operator to 2022-08-21T00:00:00+00:00, run_after=2022-08-22T00:00:00+00:00
[2022-08-21 13:44:29,804] {processor.py:161} INFO - Processing /home/airflow/.local/lib/python3.7/site-packages/airflow/example_dags/example_bash_operator.py took 0.089 seconds
[2022-08-21 13:45:00,510] {processor.py:153} INFO - Started process (PID=3177) to work on /home/airflow/.local/lib/python3.7/site-packages/airflow/example_dags/example_bash_operator.py
[2022-08-21 13:45:00,511] {processor.py:641} INFO - Processing file /home/airflow/.local/lib/python3.7/site-packages/airflow/example_dags/example_bash_operator.py for tasks to queue
[2022-08-21 13:45:00,512] {logging_mixin.py:115} INFO - [2022-08-21 13:45:00,512] {dagbag.py:508} INFO - Filling up the DagBag from /home/airflow/.local/lib/python3.7/site-packages/airflow/example_dags/example_bash_operator.py
[2022-08-21 13:45:00,524] {processor.py:651} INFO - DAG(s) dict_keys(['example_bash_operator']) retrieved from /home/airflow/.local/lib/python3.7/site-packages/airflow/example_dags/example_bash_operator.py
[2022-08-21 13:45:00,554] {logging_mixin.py:115} INFO - [2022-08-21 13:45:00,554] {dag.py:2420} INFO - Sync 1 DAGs
[2022-08-21 13:45:00,578] {logging_mixin.py:115} INFO - [2022-08-21 13:45:00,577] {dag.py:2972} INFO - Setting next_dagrun for example_bash_operator to 2022-08-21T00:00:00+00:00, run_after=2022-08-22T00:00:00+00:00
[2022-08-21 13:45:00,597] {processor.py:161} INFO - Processing /home/airflow/.local/lib/python3.7/site-packages/airflow/example_dags/example_bash_operator.py took 0.091 seconds
[2022-08-21 13:45:31,705] {processor.py:153} INFO - Started process (PID=3229) to work on /home/airflow/.local/lib/python3.7/site-packages/airflow/example_dags/example_bash_operator.py
[2022-08-21 13:45:31,707] {processor.py:641} INFO - Processing file /home/airflow/.local/lib/python3.7/site-packages/airflow/example_dags/example_bash_operator.py for tasks to queue
[2022-08-21 13:45:31,709] {logging_mixin.py:115} INFO - [2022-08-21 13:45:31,708] {dagbag.py:508} INFO - Filling up the DagBag from /home/airflow/.local/lib/python3.7/site-packages/airflow/example_dags/example_bash_operator.py
[2022-08-21 13:45:31,730] {processor.py:651} INFO - DAG(s) dict_keys(['example_bash_operator']) retrieved from /home/airflow/.local/lib/python3.7/site-packages/airflow/example_dags/example_bash_operator.py
[2022-08-21 13:45:31,777] {logging_mixin.py:115} INFO - [2022-08-21 13:45:31,777] {dag.py:2420} INFO - Sync 1 DAGs
[2022-08-21 13:45:31,811] {logging_mixin.py:115} INFO - [2022-08-21 13:45:31,811] {dag.py:2972} INFO - Setting next_dagrun for example_bash_operator to 2022-08-21T00:00:00+00:00, run_after=2022-08-22T00:00:00+00:00
[2022-08-21 13:45:31,826] {processor.py:161} INFO - Processing /home/airflow/.local/lib/python3.7/site-packages/airflow/example_dags/example_bash_operator.py took 0.128 seconds
[2022-08-21 13:46:02,702] {processor.py:153} INFO - Started process (PID=3290) to work on /home/airflow/.local/lib/python3.7/site-packages/airflow/example_dags/example_bash_operator.py
[2022-08-21 13:46:02,703] {processor.py:641} INFO - Processing file /home/airflow/.local/lib/python3.7/site-packages/airflow/example_dags/example_bash_operator.py for tasks to queue
[2022-08-21 13:46:02,704] {logging_mixin.py:115} INFO - [2022-08-21 13:46:02,703] {dagbag.py:508} INFO - Filling up the DagBag from /home/airflow/.local/lib/python3.7/site-packages/airflow/example_dags/example_bash_operator.py
[2022-08-21 13:46:02,715] {processor.py:651} INFO - DAG(s) dict_keys(['example_bash_operator']) retrieved from /home/airflow/.local/lib/python3.7/site-packages/airflow/example_dags/example_bash_operator.py
[2022-08-21 13:46:02,739] {logging_mixin.py:115} INFO - [2022-08-21 13:46:02,739] {dag.py:2420} INFO - Sync 1 DAGs
[2022-08-21 13:46:02,760] {logging_mixin.py:115} INFO - [2022-08-21 13:46:02,760] {dag.py:2972} INFO - Setting next_dagrun for example_bash_operator to 2022-08-21T00:00:00+00:00, run_after=2022-08-22T00:00:00+00:00
[2022-08-21 13:46:02,782] {processor.py:161} INFO - Processing /home/airflow/.local/lib/python3.7/site-packages/airflow/example_dags/example_bash_operator.py took 0.083 seconds
[2022-08-21 13:46:32,954] {processor.py:153} INFO - Started process (PID=3351) to work on /home/airflow/.local/lib/python3.7/site-packages/airflow/example_dags/example_bash_operator.py
[2022-08-21 13:46:32,955] {processor.py:641} INFO - Processing file /home/airflow/.local/lib/python3.7/site-packages/airflow/example_dags/example_bash_operator.py for tasks to queue
[2022-08-21 13:46:32,955] {logging_mixin.py:115} INFO - [2022-08-21 13:46:32,955] {dagbag.py:508} INFO - Filling up the DagBag from /home/airflow/.local/lib/python3.7/site-packages/airflow/example_dags/example_bash_operator.py
[2022-08-21 13:46:32,969] {processor.py:651} INFO - DAG(s) dict_keys(['example_bash_operator']) retrieved from /home/airflow/.local/lib/python3.7/site-packages/airflow/example_dags/example_bash_operator.py
[2022-08-21 13:46:32,991] {logging_mixin.py:115} INFO - [2022-08-21 13:46:32,991] {dag.py:2420} INFO - Sync 1 DAGs
[2022-08-21 13:46:33,021] {logging_mixin.py:115} INFO - [2022-08-21 13:46:33,021] {dag.py:2972} INFO - Setting next_dagrun for example_bash_operator to 2022-08-21T00:00:00+00:00, run_after=2022-08-22T00:00:00+00:00
[2022-08-21 13:46:33,039] {processor.py:161} INFO - Processing /home/airflow/.local/lib/python3.7/site-packages/airflow/example_dags/example_bash_operator.py took 0.088 seconds
[2022-08-21 13:47:03,806] {processor.py:153} INFO - Started process (PID=3405) to work on /home/airflow/.local/lib/python3.7/site-packages/airflow/example_dags/example_bash_operator.py
[2022-08-21 13:47:03,807] {processor.py:641} INFO - Processing file /home/airflow/.local/lib/python3.7/site-packages/airflow/example_dags/example_bash_operator.py for tasks to queue
[2022-08-21 13:47:03,808] {logging_mixin.py:115} INFO - [2022-08-21 13:47:03,808] {dagbag.py:508} INFO - Filling up the DagBag from /home/airflow/.local/lib/python3.7/site-packages/airflow/example_dags/example_bash_operator.py
[2022-08-21 13:47:03,818] {processor.py:651} INFO - DAG(s) dict_keys(['example_bash_operator']) retrieved from /home/airflow/.local/lib/python3.7/site-packages/airflow/example_dags/example_bash_operator.py
[2022-08-21 13:47:03,845] {logging_mixin.py:115} INFO - [2022-08-21 13:47:03,845] {dag.py:2420} INFO - Sync 1 DAGs
[2022-08-21 13:47:03,873] {logging_mixin.py:115} INFO - [2022-08-21 13:47:03,873] {dag.py:2972} INFO - Setting next_dagrun for example_bash_operator to 2022-08-21T00:00:00+00:00, run_after=2022-08-22T00:00:00+00:00
[2022-08-21 13:47:03,889] {processor.py:161} INFO - Processing /home/airflow/.local/lib/python3.7/site-packages/airflow/example_dags/example_bash_operator.py took 0.085 seconds
[2022-08-21 13:47:34,564] {processor.py:153} INFO - Started process (PID=3467) to work on /home/airflow/.local/lib/python3.7/site-packages/airflow/example_dags/example_bash_operator.py
[2022-08-21 13:47:34,565] {processor.py:641} INFO - Processing file /home/airflow/.local/lib/python3.7/site-packages/airflow/example_dags/example_bash_operator.py for tasks to queue
[2022-08-21 13:47:34,566] {logging_mixin.py:115} INFO - [2022-08-21 13:47:34,566] {dagbag.py:508} INFO - Filling up the DagBag from /home/airflow/.local/lib/python3.7/site-packages/airflow/example_dags/example_bash_operator.py
[2022-08-21 13:47:34,579] {processor.py:651} INFO - DAG(s) dict_keys(['example_bash_operator']) retrieved from /home/airflow/.local/lib/python3.7/site-packages/airflow/example_dags/example_bash_operator.py
[2022-08-21 13:47:34,607] {logging_mixin.py:115} INFO - [2022-08-21 13:47:34,607] {dag.py:2420} INFO - Sync 1 DAGs
[2022-08-21 13:47:34,629] {logging_mixin.py:115} INFO - [2022-08-21 13:47:34,629] {dag.py:2972} INFO - Setting next_dagrun for example_bash_operator to 2022-08-21T00:00:00+00:00, run_after=2022-08-22T00:00:00+00:00
[2022-08-21 13:47:34,643] {processor.py:161} INFO - Processing /home/airflow/.local/lib/python3.7/site-packages/airflow/example_dags/example_bash_operator.py took 0.084 seconds
[2022-08-21 13:48:05,354] {processor.py:153} INFO - Started process (PID=3528) to work on /home/airflow/.local/lib/python3.7/site-packages/airflow/example_dags/example_bash_operator.py
[2022-08-21 13:48:05,355] {processor.py:641} INFO - Processing file /home/airflow/.local/lib/python3.7/site-packages/airflow/example_dags/example_bash_operator.py for tasks to queue
[2022-08-21 13:48:05,356] {logging_mixin.py:115} INFO - [2022-08-21 13:48:05,356] {dagbag.py:508} INFO - Filling up the DagBag from /home/airflow/.local/lib/python3.7/site-packages/airflow/example_dags/example_bash_operator.py
[2022-08-21 13:48:05,381] {processor.py:651} INFO - DAG(s) dict_keys(['example_bash_operator']) retrieved from /home/airflow/.local/lib/python3.7/site-packages/airflow/example_dags/example_bash_operator.py
[2022-08-21 13:48:05,452] {logging_mixin.py:115} INFO - [2022-08-21 13:48:05,452] {dag.py:2420} INFO - Sync 1 DAGs
[2022-08-21 13:48:05,490] {logging_mixin.py:115} INFO - [2022-08-21 13:48:05,490] {dag.py:2972} INFO - Setting next_dagrun for example_bash_operator to 2022-08-21T00:00:00+00:00, run_after=2022-08-22T00:00:00+00:00
[2022-08-21 13:48:05,517] {processor.py:161} INFO - Processing /home/airflow/.local/lib/python3.7/site-packages/airflow/example_dags/example_bash_operator.py took 0.167 seconds
[2022-08-21 13:48:35,798] {processor.py:153} INFO - Started process (PID=3581) to work on /home/airflow/.local/lib/python3.7/site-packages/airflow/example_dags/example_bash_operator.py
[2022-08-21 13:48:35,799] {processor.py:641} INFO - Processing file /home/airflow/.local/lib/python3.7/site-packages/airflow/example_dags/example_bash_operator.py for tasks to queue
[2022-08-21 13:48:35,799] {logging_mixin.py:115} INFO - [2022-08-21 13:48:35,799] {dagbag.py:508} INFO - Filling up the DagBag from /home/airflow/.local/lib/python3.7/site-packages/airflow/example_dags/example_bash_operator.py
[2022-08-21 13:48:35,812] {processor.py:651} INFO - DAG(s) dict_keys(['example_bash_operator']) retrieved from /home/airflow/.local/lib/python3.7/site-packages/airflow/example_dags/example_bash_operator.py
[2022-08-21 13:48:35,840] {logging_mixin.py:115} INFO - [2022-08-21 13:48:35,840] {dag.py:2420} INFO - Sync 1 DAGs
[2022-08-21 13:48:35,863] {logging_mixin.py:115} INFO - [2022-08-21 13:48:35,863] {dag.py:2972} INFO - Setting next_dagrun for example_bash_operator to 2022-08-21T00:00:00+00:00, run_after=2022-08-22T00:00:00+00:00
[2022-08-21 13:48:35,878] {processor.py:161} INFO - Processing /home/airflow/.local/lib/python3.7/site-packages/airflow/example_dags/example_bash_operator.py took 0.083 seconds
[2022-08-21 13:49:06,059] {processor.py:153} INFO - Started process (PID=3643) to work on /home/airflow/.local/lib/python3.7/site-packages/airflow/example_dags/example_bash_operator.py
[2022-08-21 13:49:06,060] {processor.py:641} INFO - Processing file /home/airflow/.local/lib/python3.7/site-packages/airflow/example_dags/example_bash_operator.py for tasks to queue
[2022-08-21 13:49:06,061] {logging_mixin.py:115} INFO - [2022-08-21 13:49:06,061] {dagbag.py:508} INFO - Filling up the DagBag from /home/airflow/.local/lib/python3.7/site-packages/airflow/example_dags/example_bash_operator.py
[2022-08-21 13:49:06,077] {processor.py:651} INFO - DAG(s) dict_keys(['example_bash_operator']) retrieved from /home/airflow/.local/lib/python3.7/site-packages/airflow/example_dags/example_bash_operator.py
[2022-08-21 13:49:06,111] {logging_mixin.py:115} INFO - [2022-08-21 13:49:06,110] {dag.py:2420} INFO - Sync 1 DAGs
[2022-08-21 13:49:06,136] {logging_mixin.py:115} INFO - [2022-08-21 13:49:06,136] {dag.py:2972} INFO - Setting next_dagrun for example_bash_operator to 2022-08-21T00:00:00+00:00, run_after=2022-08-22T00:00:00+00:00
[2022-08-21 13:49:06,152] {processor.py:161} INFO - Processing /home/airflow/.local/lib/python3.7/site-packages/airflow/example_dags/example_bash_operator.py took 0.096 seconds
[2022-08-21 13:49:37,023] {processor.py:153} INFO - Started process (PID=3695) to work on /home/airflow/.local/lib/python3.7/site-packages/airflow/example_dags/example_bash_operator.py
[2022-08-21 13:49:37,024] {processor.py:641} INFO - Processing file /home/airflow/.local/lib/python3.7/site-packages/airflow/example_dags/example_bash_operator.py for tasks to queue
[2022-08-21 13:49:37,025] {logging_mixin.py:115} INFO - [2022-08-21 13:49:37,025] {dagbag.py:508} INFO - Filling up the DagBag from /home/airflow/.local/lib/python3.7/site-packages/airflow/example_dags/example_bash_operator.py
[2022-08-21 13:49:37,040] {processor.py:651} INFO - DAG(s) dict_keys(['example_bash_operator']) retrieved from /home/airflow/.local/lib/python3.7/site-packages/airflow/example_dags/example_bash_operator.py
[2022-08-21 13:49:37,113] {logging_mixin.py:115} INFO - [2022-08-21 13:49:37,113] {dag.py:2420} INFO - Sync 1 DAGs
[2022-08-21 13:49:37,154] {logging_mixin.py:115} INFO - [2022-08-21 13:49:37,154] {dag.py:2972} INFO - Setting next_dagrun for example_bash_operator to 2022-08-21T00:00:00+00:00, run_after=2022-08-22T00:00:00+00:00
[2022-08-21 13:49:37,173] {processor.py:161} INFO - Processing /home/airflow/.local/lib/python3.7/site-packages/airflow/example_dags/example_bash_operator.py took 0.154 seconds
[2022-08-21 13:50:08,176] {processor.py:153} INFO - Started process (PID=3756) to work on /home/airflow/.local/lib/python3.7/site-packages/airflow/example_dags/example_bash_operator.py
[2022-08-21 13:50:08,177] {processor.py:641} INFO - Processing file /home/airflow/.local/lib/python3.7/site-packages/airflow/example_dags/example_bash_operator.py for tasks to queue
[2022-08-21 13:50:08,178] {logging_mixin.py:115} INFO - [2022-08-21 13:50:08,178] {dagbag.py:508} INFO - Filling up the DagBag from /home/airflow/.local/lib/python3.7/site-packages/airflow/example_dags/example_bash_operator.py
[2022-08-21 13:50:08,188] {processor.py:651} INFO - DAG(s) dict_keys(['example_bash_operator']) retrieved from /home/airflow/.local/lib/python3.7/site-packages/airflow/example_dags/example_bash_operator.py
[2022-08-21 13:50:08,215] {logging_mixin.py:115} INFO - [2022-08-21 13:50:08,215] {dag.py:2420} INFO - Sync 1 DAGs
[2022-08-21 13:50:08,237] {logging_mixin.py:115} INFO - [2022-08-21 13:50:08,237] {dag.py:2972} INFO - Setting next_dagrun for example_bash_operator to 2022-08-21T00:00:00+00:00, run_after=2022-08-22T00:00:00+00:00
[2022-08-21 13:50:08,258] {processor.py:161} INFO - Processing /home/airflow/.local/lib/python3.7/site-packages/airflow/example_dags/example_bash_operator.py took 0.085 seconds
[2022-08-21 13:50:38,451] {processor.py:153} INFO - Started process (PID=3818) to work on /home/airflow/.local/lib/python3.7/site-packages/airflow/example_dags/example_bash_operator.py
[2022-08-21 13:50:38,451] {processor.py:641} INFO - Processing file /home/airflow/.local/lib/python3.7/site-packages/airflow/example_dags/example_bash_operator.py for tasks to queue
[2022-08-21 13:50:38,452] {logging_mixin.py:115} INFO - [2022-08-21 13:50:38,452] {dagbag.py:508} INFO - Filling up the DagBag from /home/airflow/.local/lib/python3.7/site-packages/airflow/example_dags/example_bash_operator.py
[2022-08-21 13:50:38,467] {processor.py:651} INFO - DAG(s) dict_keys(['example_bash_operator']) retrieved from /home/airflow/.local/lib/python3.7/site-packages/airflow/example_dags/example_bash_operator.py
[2022-08-21 13:50:38,497] {logging_mixin.py:115} INFO - [2022-08-21 13:50:38,496] {dag.py:2420} INFO - Sync 1 DAGs
[2022-08-21 13:50:38,527] {logging_mixin.py:115} INFO - [2022-08-21 13:50:38,527] {dag.py:2972} INFO - Setting next_dagrun for example_bash_operator to 2022-08-21T00:00:00+00:00, run_after=2022-08-22T00:00:00+00:00
[2022-08-21 13:50:38,552] {processor.py:161} INFO - Processing /home/airflow/.local/lib/python3.7/site-packages/airflow/example_dags/example_bash_operator.py took 0.104 seconds
[2022-08-21 13:51:08,627] {processor.py:153} INFO - Started process (PID=3870) to work on /home/airflow/.local/lib/python3.7/site-packages/airflow/example_dags/example_bash_operator.py
[2022-08-21 13:51:08,629] {processor.py:641} INFO - Processing file /home/airflow/.local/lib/python3.7/site-packages/airflow/example_dags/example_bash_operator.py for tasks to queue
[2022-08-21 13:51:08,630] {logging_mixin.py:115} INFO - [2022-08-21 13:51:08,630] {dagbag.py:508} INFO - Filling up the DagBag from /home/airflow/.local/lib/python3.7/site-packages/airflow/example_dags/example_bash_operator.py
[2022-08-21 13:51:08,644] {processor.py:651} INFO - DAG(s) dict_keys(['example_bash_operator']) retrieved from /home/airflow/.local/lib/python3.7/site-packages/airflow/example_dags/example_bash_operator.py
[2022-08-21 13:51:08,669] {logging_mixin.py:115} INFO - [2022-08-21 13:51:08,668] {dag.py:2420} INFO - Sync 1 DAGs
[2022-08-21 13:51:08,690] {logging_mixin.py:115} INFO - [2022-08-21 13:51:08,690] {dag.py:2972} INFO - Setting next_dagrun for example_bash_operator to 2022-08-21T00:00:00+00:00, run_after=2022-08-22T00:00:00+00:00
[2022-08-21 13:51:08,710] {processor.py:161} INFO - Processing /home/airflow/.local/lib/python3.7/site-packages/airflow/example_dags/example_bash_operator.py took 0.087 seconds
[2022-08-21 13:51:38,849] {processor.py:153} INFO - Started process (PID=3931) to work on /home/airflow/.local/lib/python3.7/site-packages/airflow/example_dags/example_bash_operator.py
[2022-08-21 13:51:38,850] {processor.py:641} INFO - Processing file /home/airflow/.local/lib/python3.7/site-packages/airflow/example_dags/example_bash_operator.py for tasks to queue
[2022-08-21 13:51:38,851] {logging_mixin.py:115} INFO - [2022-08-21 13:51:38,851] {dagbag.py:508} INFO - Filling up the DagBag from /home/airflow/.local/lib/python3.7/site-packages/airflow/example_dags/example_bash_operator.py
[2022-08-21 13:51:38,861] {processor.py:651} INFO - DAG(s) dict_keys(['example_bash_operator']) retrieved from /home/airflow/.local/lib/python3.7/site-packages/airflow/example_dags/example_bash_operator.py
[2022-08-21 13:51:38,885] {logging_mixin.py:115} INFO - [2022-08-21 13:51:38,885] {dag.py:2420} INFO - Sync 1 DAGs
[2022-08-21 13:51:38,907] {logging_mixin.py:115} INFO - [2022-08-21 13:51:38,907] {dag.py:2972} INFO - Setting next_dagrun for example_bash_operator to 2022-08-21T00:00:00+00:00, run_after=2022-08-22T00:00:00+00:00
[2022-08-21 13:51:38,926] {processor.py:161} INFO - Processing /home/airflow/.local/lib/python3.7/site-packages/airflow/example_dags/example_bash_operator.py took 0.080 seconds
[2022-08-21 13:52:09,073] {processor.py:153} INFO - Started process (PID=3992) to work on /home/airflow/.local/lib/python3.7/site-packages/airflow/example_dags/example_bash_operator.py
[2022-08-21 13:52:09,074] {processor.py:641} INFO - Processing file /home/airflow/.local/lib/python3.7/site-packages/airflow/example_dags/example_bash_operator.py for tasks to queue
[2022-08-21 13:52:09,074] {logging_mixin.py:115} INFO - [2022-08-21 13:52:09,074] {dagbag.py:508} INFO - Filling up the DagBag from /home/airflow/.local/lib/python3.7/site-packages/airflow/example_dags/example_bash_operator.py
[2022-08-21 13:52:09,084] {processor.py:651} INFO - DAG(s) dict_keys(['example_bash_operator']) retrieved from /home/airflow/.local/lib/python3.7/site-packages/airflow/example_dags/example_bash_operator.py
[2022-08-21 13:52:09,107] {logging_mixin.py:115} INFO - [2022-08-21 13:52:09,107] {dag.py:2420} INFO - Sync 1 DAGs
[2022-08-21 13:52:09,130] {logging_mixin.py:115} INFO - [2022-08-21 13:52:09,129] {dag.py:2972} INFO - Setting next_dagrun for example_bash_operator to 2022-08-21T00:00:00+00:00, run_after=2022-08-22T00:00:00+00:00
[2022-08-21 13:52:09,149] {processor.py:161} INFO - Processing /home/airflow/.local/lib/python3.7/site-packages/airflow/example_dags/example_bash_operator.py took 0.079 seconds
[2022-08-21 13:52:39,700] {processor.py:153} INFO - Started process (PID=4044) to work on /home/airflow/.local/lib/python3.7/site-packages/airflow/example_dags/example_bash_operator.py
[2022-08-21 13:52:39,701] {processor.py:641} INFO - Processing file /home/airflow/.local/lib/python3.7/site-packages/airflow/example_dags/example_bash_operator.py for tasks to queue
[2022-08-21 13:52:39,702] {logging_mixin.py:115} INFO - [2022-08-21 13:52:39,702] {dagbag.py:508} INFO - Filling up the DagBag from /home/airflow/.local/lib/python3.7/site-packages/airflow/example_dags/example_bash_operator.py
[2022-08-21 13:52:39,713] {processor.py:651} INFO - DAG(s) dict_keys(['example_bash_operator']) retrieved from /home/airflow/.local/lib/python3.7/site-packages/airflow/example_dags/example_bash_operator.py
[2022-08-21 13:52:39,737] {logging_mixin.py:115} INFO - [2022-08-21 13:52:39,737] {dag.py:2420} INFO - Sync 1 DAGs
[2022-08-21 13:52:39,764] {logging_mixin.py:115} INFO - [2022-08-21 13:52:39,763] {dag.py:2972} INFO - Setting next_dagrun for example_bash_operator to 2022-08-21T00:00:00+00:00, run_after=2022-08-22T00:00:00+00:00
[2022-08-21 13:52:39,784] {processor.py:161} INFO - Processing /home/airflow/.local/lib/python3.7/site-packages/airflow/example_dags/example_bash_operator.py took 0.086 seconds
[2022-08-21 13:53:10,606] {processor.py:153} INFO - Started process (PID=4105) to work on /home/airflow/.local/lib/python3.7/site-packages/airflow/example_dags/example_bash_operator.py
[2022-08-21 13:53:10,607] {processor.py:641} INFO - Processing file /home/airflow/.local/lib/python3.7/site-packages/airflow/example_dags/example_bash_operator.py for tasks to queue
[2022-08-21 13:53:10,608] {logging_mixin.py:115} INFO - [2022-08-21 13:53:10,608] {dagbag.py:508} INFO - Filling up the DagBag from /home/airflow/.local/lib/python3.7/site-packages/airflow/example_dags/example_bash_operator.py
[2022-08-21 13:53:10,619] {processor.py:651} INFO - DAG(s) dict_keys(['example_bash_operator']) retrieved from /home/airflow/.local/lib/python3.7/site-packages/airflow/example_dags/example_bash_operator.py
[2022-08-21 13:53:10,646] {logging_mixin.py:115} INFO - [2022-08-21 13:53:10,646] {dag.py:2420} INFO - Sync 1 DAGs
[2022-08-21 13:53:10,672] {logging_mixin.py:115} INFO - [2022-08-21 13:53:10,672] {dag.py:2972} INFO - Setting next_dagrun for example_bash_operator to 2022-08-21T00:00:00+00:00, run_after=2022-08-22T00:00:00+00:00
[2022-08-21 13:53:10,690] {processor.py:161} INFO - Processing /home/airflow/.local/lib/python3.7/site-packages/airflow/example_dags/example_bash_operator.py took 0.087 seconds
[2022-08-21 13:53:40,867] {processor.py:153} INFO - Started process (PID=4166) to work on /home/airflow/.local/lib/python3.7/site-packages/airflow/example_dags/example_bash_operator.py
[2022-08-21 13:53:40,867] {processor.py:641} INFO - Processing file /home/airflow/.local/lib/python3.7/site-packages/airflow/example_dags/example_bash_operator.py for tasks to queue
[2022-08-21 13:53:40,868] {logging_mixin.py:115} INFO - [2022-08-21 13:53:40,868] {dagbag.py:508} INFO - Filling up the DagBag from /home/airflow/.local/lib/python3.7/site-packages/airflow/example_dags/example_bash_operator.py
[2022-08-21 13:53:40,896] {processor.py:651} INFO - DAG(s) dict_keys(['example_bash_operator']) retrieved from /home/airflow/.local/lib/python3.7/site-packages/airflow/example_dags/example_bash_operator.py
[2022-08-21 13:53:40,933] {logging_mixin.py:115} INFO - [2022-08-21 13:53:40,933] {dag.py:2420} INFO - Sync 1 DAGs
[2022-08-21 13:53:40,959] {logging_mixin.py:115} INFO - [2022-08-21 13:53:40,959] {dag.py:2972} INFO - Setting next_dagrun for example_bash_operator to 2022-08-21T00:00:00+00:00, run_after=2022-08-22T00:00:00+00:00
[2022-08-21 13:53:40,974] {processor.py:161} INFO - Processing /home/airflow/.local/lib/python3.7/site-packages/airflow/example_dags/example_bash_operator.py took 0.110 seconds
