[2022-08-21 13:17:58,846] {processor.py:153} INFO - Started process (PID=62) to work on /home/airflow/.local/lib/python3.7/site-packages/airflow/example_dags/example_python_operator.py
[2022-08-21 13:17:58,847] {processor.py:641} INFO - Processing file /home/airflow/.local/lib/python3.7/site-packages/airflow/example_dags/example_python_operator.py for tasks to queue
[2022-08-21 13:17:58,848] {logging_mixin.py:115} INFO - [2022-08-21 13:17:58,848] {dagbag.py:508} INFO - Filling up the DagBag from /home/airflow/.local/lib/python3.7/site-packages/airflow/example_dags/example_python_operator.py
[2022-08-21 13:17:58,878] {processor.py:651} INFO - DAG(s) dict_keys(['example_python_operator']) retrieved from /home/airflow/.local/lib/python3.7/site-packages/airflow/example_dags/example_python_operator.py
[2022-08-21 13:17:58,918] {logging_mixin.py:115} INFO - [2022-08-21 13:17:58,918] {dag.py:2420} INFO - Sync 1 DAGs
[2022-08-21 13:17:58,948] {logging_mixin.py:115} INFO - [2022-08-21 13:17:58,948] {dag.py:2972} INFO - Setting next_dagrun for example_python_operator to None, run_after=None
[2022-08-21 13:17:58,965] {processor.py:161} INFO - Processing /home/airflow/.local/lib/python3.7/site-packages/airflow/example_dags/example_python_operator.py took 0.122 seconds
[2022-08-21 13:18:29,452] {processor.py:153} INFO - Started process (PID=115) to work on /home/airflow/.local/lib/python3.7/site-packages/airflow/example_dags/example_python_operator.py
[2022-08-21 13:18:29,453] {processor.py:641} INFO - Processing file /home/airflow/.local/lib/python3.7/site-packages/airflow/example_dags/example_python_operator.py for tasks to queue
[2022-08-21 13:18:29,454] {logging_mixin.py:115} INFO - [2022-08-21 13:18:29,454] {dagbag.py:508} INFO - Filling up the DagBag from /home/airflow/.local/lib/python3.7/site-packages/airflow/example_dags/example_python_operator.py
[2022-08-21 13:18:29,468] {processor.py:651} INFO - DAG(s) dict_keys(['example_python_operator']) retrieved from /home/airflow/.local/lib/python3.7/site-packages/airflow/example_dags/example_python_operator.py
[2022-08-21 13:18:29,527] {logging_mixin.py:115} INFO - [2022-08-21 13:18:29,527] {dag.py:2420} INFO - Sync 1 DAGs
[2022-08-21 13:18:29,555] {logging_mixin.py:115} INFO - [2022-08-21 13:18:29,555] {dag.py:2972} INFO - Setting next_dagrun for example_python_operator to None, run_after=None
[2022-08-21 13:18:29,567] {processor.py:161} INFO - Processing /home/airflow/.local/lib/python3.7/site-packages/airflow/example_dags/example_python_operator.py took 0.118 seconds
[2022-08-21 13:18:59,742] {processor.py:153} INFO - Started process (PID=178) to work on /home/airflow/.local/lib/python3.7/site-packages/airflow/example_dags/example_python_operator.py
[2022-08-21 13:18:59,743] {processor.py:641} INFO - Processing file /home/airflow/.local/lib/python3.7/site-packages/airflow/example_dags/example_python_operator.py for tasks to queue
[2022-08-21 13:18:59,743] {logging_mixin.py:115} INFO - [2022-08-21 13:18:59,743] {dagbag.py:508} INFO - Filling up the DagBag from /home/airflow/.local/lib/python3.7/site-packages/airflow/example_dags/example_python_operator.py
[2022-08-21 13:18:59,763] {processor.py:651} INFO - DAG(s) dict_keys(['example_python_operator']) retrieved from /home/airflow/.local/lib/python3.7/site-packages/airflow/example_dags/example_python_operator.py
[2022-08-21 13:18:59,790] {logging_mixin.py:115} INFO - [2022-08-21 13:18:59,790] {dag.py:2420} INFO - Sync 1 DAGs
[2022-08-21 13:18:59,814] {logging_mixin.py:115} INFO - [2022-08-21 13:18:59,814] {dag.py:2972} INFO - Setting next_dagrun for example_python_operator to None, run_after=None
[2022-08-21 13:18:59,832] {processor.py:161} INFO - Processing /home/airflow/.local/lib/python3.7/site-packages/airflow/example_dags/example_python_operator.py took 0.095 seconds
[2022-08-21 13:19:30,265] {processor.py:153} INFO - Started process (PID=240) to work on /home/airflow/.local/lib/python3.7/site-packages/airflow/example_dags/example_python_operator.py
[2022-08-21 13:19:30,266] {processor.py:641} INFO - Processing file /home/airflow/.local/lib/python3.7/site-packages/airflow/example_dags/example_python_operator.py for tasks to queue
[2022-08-21 13:19:30,267] {logging_mixin.py:115} INFO - [2022-08-21 13:19:30,267] {dagbag.py:508} INFO - Filling up the DagBag from /home/airflow/.local/lib/python3.7/site-packages/airflow/example_dags/example_python_operator.py
[2022-08-21 13:19:30,286] {processor.py:651} INFO - DAG(s) dict_keys(['example_python_operator']) retrieved from /home/airflow/.local/lib/python3.7/site-packages/airflow/example_dags/example_python_operator.py
[2022-08-21 13:19:30,315] {logging_mixin.py:115} INFO - [2022-08-21 13:19:30,314] {dag.py:2420} INFO - Sync 1 DAGs
[2022-08-21 13:19:30,334] {logging_mixin.py:115} INFO - [2022-08-21 13:19:30,334] {dag.py:2972} INFO - Setting next_dagrun for example_python_operator to None, run_after=None
[2022-08-21 13:19:30,359] {processor.py:161} INFO - Processing /home/airflow/.local/lib/python3.7/site-packages/airflow/example_dags/example_python_operator.py took 0.096 seconds
[2022-08-21 13:20:00,953] {processor.py:153} INFO - Started process (PID=292) to work on /home/airflow/.local/lib/python3.7/site-packages/airflow/example_dags/example_python_operator.py
[2022-08-21 13:20:00,954] {processor.py:641} INFO - Processing file /home/airflow/.local/lib/python3.7/site-packages/airflow/example_dags/example_python_operator.py for tasks to queue
[2022-08-21 13:20:00,955] {logging_mixin.py:115} INFO - [2022-08-21 13:20:00,955] {dagbag.py:508} INFO - Filling up the DagBag from /home/airflow/.local/lib/python3.7/site-packages/airflow/example_dags/example_python_operator.py
[2022-08-21 13:20:00,969] {processor.py:651} INFO - DAG(s) dict_keys(['example_python_operator']) retrieved from /home/airflow/.local/lib/python3.7/site-packages/airflow/example_dags/example_python_operator.py
[2022-08-21 13:20:00,993] {logging_mixin.py:115} INFO - [2022-08-21 13:20:00,993] {dag.py:2420} INFO - Sync 1 DAGs
[2022-08-21 13:20:01,013] {logging_mixin.py:115} INFO - [2022-08-21 13:20:01,013] {dag.py:2972} INFO - Setting next_dagrun for example_python_operator to None, run_after=None
[2022-08-21 13:20:01,030] {processor.py:161} INFO - Processing /home/airflow/.local/lib/python3.7/site-packages/airflow/example_dags/example_python_operator.py took 0.079 seconds
[2022-08-21 13:20:31,184] {processor.py:153} INFO - Started process (PID=354) to work on /home/airflow/.local/lib/python3.7/site-packages/airflow/example_dags/example_python_operator.py
[2022-08-21 13:20:31,185] {processor.py:641} INFO - Processing file /home/airflow/.local/lib/python3.7/site-packages/airflow/example_dags/example_python_operator.py for tasks to queue
[2022-08-21 13:20:31,186] {logging_mixin.py:115} INFO - [2022-08-21 13:20:31,186] {dagbag.py:508} INFO - Filling up the DagBag from /home/airflow/.local/lib/python3.7/site-packages/airflow/example_dags/example_python_operator.py
[2022-08-21 13:20:31,219] {processor.py:651} INFO - DAG(s) dict_keys(['example_python_operator']) retrieved from /home/airflow/.local/lib/python3.7/site-packages/airflow/example_dags/example_python_operator.py
[2022-08-21 13:20:31,255] {logging_mixin.py:115} INFO - [2022-08-21 13:20:31,255] {dag.py:2420} INFO - Sync 1 DAGs
[2022-08-21 13:20:31,283] {logging_mixin.py:115} INFO - [2022-08-21 13:20:31,283] {dag.py:2972} INFO - Setting next_dagrun for example_python_operator to None, run_after=None
[2022-08-21 13:20:31,296] {processor.py:161} INFO - Processing /home/airflow/.local/lib/python3.7/site-packages/airflow/example_dags/example_python_operator.py took 0.115 seconds
[2022-08-21 13:21:01,440] {processor.py:153} INFO - Started process (PID=415) to work on /home/airflow/.local/lib/python3.7/site-packages/airflow/example_dags/example_python_operator.py
[2022-08-21 13:21:01,441] {processor.py:641} INFO - Processing file /home/airflow/.local/lib/python3.7/site-packages/airflow/example_dags/example_python_operator.py for tasks to queue
[2022-08-21 13:21:01,442] {logging_mixin.py:115} INFO - [2022-08-21 13:21:01,442] {dagbag.py:508} INFO - Filling up the DagBag from /home/airflow/.local/lib/python3.7/site-packages/airflow/example_dags/example_python_operator.py
[2022-08-21 13:21:01,456] {processor.py:651} INFO - DAG(s) dict_keys(['example_python_operator']) retrieved from /home/airflow/.local/lib/python3.7/site-packages/airflow/example_dags/example_python_operator.py
[2022-08-21 13:21:01,480] {logging_mixin.py:115} INFO - [2022-08-21 13:21:01,480] {dag.py:2420} INFO - Sync 1 DAGs
[2022-08-21 13:21:01,500] {logging_mixin.py:115} INFO - [2022-08-21 13:21:01,500] {dag.py:2972} INFO - Setting next_dagrun for example_python_operator to None, run_after=None
[2022-08-21 13:21:01,518] {processor.py:161} INFO - Processing /home/airflow/.local/lib/python3.7/site-packages/airflow/example_dags/example_python_operator.py took 0.081 seconds
[2022-08-21 13:21:31,661] {processor.py:153} INFO - Started process (PID=468) to work on /home/airflow/.local/lib/python3.7/site-packages/airflow/example_dags/example_python_operator.py
[2022-08-21 13:21:31,662] {processor.py:641} INFO - Processing file /home/airflow/.local/lib/python3.7/site-packages/airflow/example_dags/example_python_operator.py for tasks to queue
[2022-08-21 13:21:31,663] {logging_mixin.py:115} INFO - [2022-08-21 13:21:31,663] {dagbag.py:508} INFO - Filling up the DagBag from /home/airflow/.local/lib/python3.7/site-packages/airflow/example_dags/example_python_operator.py
[2022-08-21 13:21:31,679] {processor.py:651} INFO - DAG(s) dict_keys(['example_python_operator']) retrieved from /home/airflow/.local/lib/python3.7/site-packages/airflow/example_dags/example_python_operator.py
[2022-08-21 13:21:31,708] {logging_mixin.py:115} INFO - [2022-08-21 13:21:31,708] {dag.py:2420} INFO - Sync 1 DAGs
[2022-08-21 13:21:31,728] {logging_mixin.py:115} INFO - [2022-08-21 13:21:31,727] {dag.py:2972} INFO - Setting next_dagrun for example_python_operator to None, run_after=None
[2022-08-21 13:21:31,744] {processor.py:161} INFO - Processing /home/airflow/.local/lib/python3.7/site-packages/airflow/example_dags/example_python_operator.py took 0.087 seconds
[2022-08-21 13:22:02,055] {processor.py:153} INFO - Started process (PID=529) to work on /home/airflow/.local/lib/python3.7/site-packages/airflow/example_dags/example_python_operator.py
[2022-08-21 13:22:02,056] {processor.py:641} INFO - Processing file /home/airflow/.local/lib/python3.7/site-packages/airflow/example_dags/example_python_operator.py for tasks to queue
[2022-08-21 13:22:02,057] {logging_mixin.py:115} INFO - [2022-08-21 13:22:02,057] {dagbag.py:508} INFO - Filling up the DagBag from /home/airflow/.local/lib/python3.7/site-packages/airflow/example_dags/example_python_operator.py
[2022-08-21 13:22:02,074] {processor.py:651} INFO - DAG(s) dict_keys(['example_python_operator']) retrieved from /home/airflow/.local/lib/python3.7/site-packages/airflow/example_dags/example_python_operator.py
[2022-08-21 13:22:02,101] {logging_mixin.py:115} INFO - [2022-08-21 13:22:02,101] {dag.py:2420} INFO - Sync 1 DAGs
[2022-08-21 13:22:02,126] {logging_mixin.py:115} INFO - [2022-08-21 13:22:02,126] {dag.py:2972} INFO - Setting next_dagrun for example_python_operator to None, run_after=None
[2022-08-21 13:22:02,146] {processor.py:161} INFO - Processing /home/airflow/.local/lib/python3.7/site-packages/airflow/example_dags/example_python_operator.py took 0.094 seconds
[2022-08-21 13:22:32,211] {processor.py:153} INFO - Started process (PID=591) to work on /home/airflow/.local/lib/python3.7/site-packages/airflow/example_dags/example_python_operator.py
[2022-08-21 13:22:32,211] {processor.py:641} INFO - Processing file /home/airflow/.local/lib/python3.7/site-packages/airflow/example_dags/example_python_operator.py for tasks to queue
[2022-08-21 13:22:32,212] {logging_mixin.py:115} INFO - [2022-08-21 13:22:32,212] {dagbag.py:508} INFO - Filling up the DagBag from /home/airflow/.local/lib/python3.7/site-packages/airflow/example_dags/example_python_operator.py
[2022-08-21 13:22:32,229] {processor.py:651} INFO - DAG(s) dict_keys(['example_python_operator']) retrieved from /home/airflow/.local/lib/python3.7/site-packages/airflow/example_dags/example_python_operator.py
[2022-08-21 13:22:32,262] {logging_mixin.py:115} INFO - [2022-08-21 13:22:32,262] {dag.py:2420} INFO - Sync 1 DAGs
[2022-08-21 13:22:32,289] {logging_mixin.py:115} INFO - [2022-08-21 13:22:32,289] {dag.py:2972} INFO - Setting next_dagrun for example_python_operator to None, run_after=None
[2022-08-21 13:22:32,307] {processor.py:161} INFO - Processing /home/airflow/.local/lib/python3.7/site-packages/airflow/example_dags/example_python_operator.py took 0.100 seconds
[2022-08-21 13:23:02,467] {processor.py:153} INFO - Started process (PID=644) to work on /home/airflow/.local/lib/python3.7/site-packages/airflow/example_dags/example_python_operator.py
[2022-08-21 13:23:02,468] {processor.py:641} INFO - Processing file /home/airflow/.local/lib/python3.7/site-packages/airflow/example_dags/example_python_operator.py for tasks to queue
[2022-08-21 13:23:02,469] {logging_mixin.py:115} INFO - [2022-08-21 13:23:02,469] {dagbag.py:508} INFO - Filling up the DagBag from /home/airflow/.local/lib/python3.7/site-packages/airflow/example_dags/example_python_operator.py
[2022-08-21 13:23:02,488] {processor.py:651} INFO - DAG(s) dict_keys(['example_python_operator']) retrieved from /home/airflow/.local/lib/python3.7/site-packages/airflow/example_dags/example_python_operator.py
[2022-08-21 13:23:02,515] {logging_mixin.py:115} INFO - [2022-08-21 13:23:02,515] {dag.py:2420} INFO - Sync 1 DAGs
[2022-08-21 13:23:02,539] {logging_mixin.py:115} INFO - [2022-08-21 13:23:02,539] {dag.py:2972} INFO - Setting next_dagrun for example_python_operator to None, run_after=None
[2022-08-21 13:23:02,556] {processor.py:161} INFO - Processing /home/airflow/.local/lib/python3.7/site-packages/airflow/example_dags/example_python_operator.py took 0.092 seconds
[2022-08-21 13:23:33,473] {processor.py:153} INFO - Started process (PID=705) to work on /home/airflow/.local/lib/python3.7/site-packages/airflow/example_dags/example_python_operator.py
[2022-08-21 13:23:33,473] {processor.py:641} INFO - Processing file /home/airflow/.local/lib/python3.7/site-packages/airflow/example_dags/example_python_operator.py for tasks to queue
[2022-08-21 13:23:33,474] {logging_mixin.py:115} INFO - [2022-08-21 13:23:33,474] {dagbag.py:508} INFO - Filling up the DagBag from /home/airflow/.local/lib/python3.7/site-packages/airflow/example_dags/example_python_operator.py
[2022-08-21 13:23:33,492] {processor.py:651} INFO - DAG(s) dict_keys(['example_python_operator']) retrieved from /home/airflow/.local/lib/python3.7/site-packages/airflow/example_dags/example_python_operator.py
[2022-08-21 13:23:33,522] {logging_mixin.py:115} INFO - [2022-08-21 13:23:33,522] {dag.py:2420} INFO - Sync 1 DAGs
[2022-08-21 13:23:33,546] {logging_mixin.py:115} INFO - [2022-08-21 13:23:33,546] {dag.py:2972} INFO - Setting next_dagrun for example_python_operator to None, run_after=None
[2022-08-21 13:23:33,566] {processor.py:161} INFO - Processing /home/airflow/.local/lib/python3.7/site-packages/airflow/example_dags/example_python_operator.py took 0.097 seconds
[2022-08-21 13:24:04,566] {processor.py:153} INFO - Started process (PID=764) to work on /home/airflow/.local/lib/python3.7/site-packages/airflow/example_dags/example_python_operator.py
[2022-08-21 13:24:04,577] {processor.py:641} INFO - Processing file /home/airflow/.local/lib/python3.7/site-packages/airflow/example_dags/example_python_operator.py for tasks to queue
[2022-08-21 13:24:04,580] {logging_mixin.py:115} INFO - [2022-08-21 13:24:04,580] {dagbag.py:508} INFO - Filling up the DagBag from /home/airflow/.local/lib/python3.7/site-packages/airflow/example_dags/example_python_operator.py
[2022-08-21 13:24:04,689] {processor.py:651} INFO - DAG(s) dict_keys(['example_python_operator']) retrieved from /home/airflow/.local/lib/python3.7/site-packages/airflow/example_dags/example_python_operator.py
[2022-08-21 13:24:04,773] {logging_mixin.py:115} INFO - [2022-08-21 13:24:04,773] {dag.py:2420} INFO - Sync 1 DAGs
[2022-08-21 13:24:04,834] {logging_mixin.py:115} INFO - [2022-08-21 13:24:04,834] {dag.py:2972} INFO - Setting next_dagrun for example_python_operator to None, run_after=None
[2022-08-21 13:24:04,868] {processor.py:161} INFO - Processing /home/airflow/.local/lib/python3.7/site-packages/airflow/example_dags/example_python_operator.py took 0.307 seconds
[2022-08-21 13:24:35,399] {processor.py:153} INFO - Started process (PID=818) to work on /home/airflow/.local/lib/python3.7/site-packages/airflow/example_dags/example_python_operator.py
[2022-08-21 13:24:35,400] {processor.py:641} INFO - Processing file /home/airflow/.local/lib/python3.7/site-packages/airflow/example_dags/example_python_operator.py for tasks to queue
[2022-08-21 13:24:35,401] {logging_mixin.py:115} INFO - [2022-08-21 13:24:35,401] {dagbag.py:508} INFO - Filling up the DagBag from /home/airflow/.local/lib/python3.7/site-packages/airflow/example_dags/example_python_operator.py
[2022-08-21 13:24:35,417] {processor.py:651} INFO - DAG(s) dict_keys(['example_python_operator']) retrieved from /home/airflow/.local/lib/python3.7/site-packages/airflow/example_dags/example_python_operator.py
[2022-08-21 13:24:35,445] {logging_mixin.py:115} INFO - [2022-08-21 13:24:35,444] {dag.py:2420} INFO - Sync 1 DAGs
[2022-08-21 13:24:35,463] {logging_mixin.py:115} INFO - [2022-08-21 13:24:35,462] {dag.py:2972} INFO - Setting next_dagrun for example_python_operator to None, run_after=None
[2022-08-21 13:24:35,481] {processor.py:161} INFO - Processing /home/airflow/.local/lib/python3.7/site-packages/airflow/example_dags/example_python_operator.py took 0.085 seconds
[2022-08-21 13:25:05,576] {processor.py:153} INFO - Started process (PID=879) to work on /home/airflow/.local/lib/python3.7/site-packages/airflow/example_dags/example_python_operator.py
[2022-08-21 13:25:05,577] {processor.py:641} INFO - Processing file /home/airflow/.local/lib/python3.7/site-packages/airflow/example_dags/example_python_operator.py for tasks to queue
[2022-08-21 13:25:05,577] {logging_mixin.py:115} INFO - [2022-08-21 13:25:05,577] {dagbag.py:508} INFO - Filling up the DagBag from /home/airflow/.local/lib/python3.7/site-packages/airflow/example_dags/example_python_operator.py
[2022-08-21 13:25:05,594] {processor.py:651} INFO - DAG(s) dict_keys(['example_python_operator']) retrieved from /home/airflow/.local/lib/python3.7/site-packages/airflow/example_dags/example_python_operator.py
[2022-08-21 13:25:05,620] {logging_mixin.py:115} INFO - [2022-08-21 13:25:05,620] {dag.py:2420} INFO - Sync 1 DAGs
[2022-08-21 13:25:05,638] {logging_mixin.py:115} INFO - [2022-08-21 13:25:05,638] {dag.py:2972} INFO - Setting next_dagrun for example_python_operator to None, run_after=None
[2022-08-21 13:25:05,654] {processor.py:161} INFO - Processing /home/airflow/.local/lib/python3.7/site-packages/airflow/example_dags/example_python_operator.py took 0.082 seconds
[2022-08-21 13:25:35,780] {processor.py:153} INFO - Started process (PID=932) to work on /home/airflow/.local/lib/python3.7/site-packages/airflow/example_dags/example_python_operator.py
[2022-08-21 13:25:35,780] {processor.py:641} INFO - Processing file /home/airflow/.local/lib/python3.7/site-packages/airflow/example_dags/example_python_operator.py for tasks to queue
[2022-08-21 13:25:35,781] {logging_mixin.py:115} INFO - [2022-08-21 13:25:35,781] {dagbag.py:508} INFO - Filling up the DagBag from /home/airflow/.local/lib/python3.7/site-packages/airflow/example_dags/example_python_operator.py
[2022-08-21 13:25:35,797] {processor.py:651} INFO - DAG(s) dict_keys(['example_python_operator']) retrieved from /home/airflow/.local/lib/python3.7/site-packages/airflow/example_dags/example_python_operator.py
[2022-08-21 13:25:35,822] {logging_mixin.py:115} INFO - [2022-08-21 13:25:35,822] {dag.py:2420} INFO - Sync 1 DAGs
[2022-08-21 13:25:35,841] {logging_mixin.py:115} INFO - [2022-08-21 13:25:35,841] {dag.py:2972} INFO - Setting next_dagrun for example_python_operator to None, run_after=None
[2022-08-21 13:25:35,859] {processor.py:161} INFO - Processing /home/airflow/.local/lib/python3.7/site-packages/airflow/example_dags/example_python_operator.py took 0.082 seconds
[2022-08-21 13:26:06,002] {processor.py:153} INFO - Started process (PID=993) to work on /home/airflow/.local/lib/python3.7/site-packages/airflow/example_dags/example_python_operator.py
[2022-08-21 13:26:06,003] {processor.py:641} INFO - Processing file /home/airflow/.local/lib/python3.7/site-packages/airflow/example_dags/example_python_operator.py for tasks to queue
[2022-08-21 13:26:06,004] {logging_mixin.py:115} INFO - [2022-08-21 13:26:06,004] {dagbag.py:508} INFO - Filling up the DagBag from /home/airflow/.local/lib/python3.7/site-packages/airflow/example_dags/example_python_operator.py
[2022-08-21 13:26:06,021] {processor.py:651} INFO - DAG(s) dict_keys(['example_python_operator']) retrieved from /home/airflow/.local/lib/python3.7/site-packages/airflow/example_dags/example_python_operator.py
[2022-08-21 13:26:06,045] {logging_mixin.py:115} INFO - [2022-08-21 13:26:06,045] {dag.py:2420} INFO - Sync 1 DAGs
[2022-08-21 13:26:06,072] {logging_mixin.py:115} INFO - [2022-08-21 13:26:06,072] {dag.py:2972} INFO - Setting next_dagrun for example_python_operator to None, run_after=None
[2022-08-21 13:26:06,092] {processor.py:161} INFO - Processing /home/airflow/.local/lib/python3.7/site-packages/airflow/example_dags/example_python_operator.py took 0.092 seconds
[2022-08-21 13:26:36,162] {processor.py:153} INFO - Started process (PID=1054) to work on /home/airflow/.local/lib/python3.7/site-packages/airflow/example_dags/example_python_operator.py
[2022-08-21 13:26:36,163] {processor.py:641} INFO - Processing file /home/airflow/.local/lib/python3.7/site-packages/airflow/example_dags/example_python_operator.py for tasks to queue
[2022-08-21 13:26:36,164] {logging_mixin.py:115} INFO - [2022-08-21 13:26:36,163] {dagbag.py:508} INFO - Filling up the DagBag from /home/airflow/.local/lib/python3.7/site-packages/airflow/example_dags/example_python_operator.py
[2022-08-21 13:26:36,184] {processor.py:651} INFO - DAG(s) dict_keys(['example_python_operator']) retrieved from /home/airflow/.local/lib/python3.7/site-packages/airflow/example_dags/example_python_operator.py
[2022-08-21 13:26:36,210] {logging_mixin.py:115} INFO - [2022-08-21 13:26:36,210] {dag.py:2420} INFO - Sync 1 DAGs
[2022-08-21 13:26:36,232] {logging_mixin.py:115} INFO - [2022-08-21 13:26:36,232] {dag.py:2972} INFO - Setting next_dagrun for example_python_operator to None, run_after=None
[2022-08-21 13:26:36,251] {processor.py:161} INFO - Processing /home/airflow/.local/lib/python3.7/site-packages/airflow/example_dags/example_python_operator.py took 0.091 seconds
[2022-08-21 13:27:06,307] {processor.py:153} INFO - Started process (PID=1106) to work on /home/airflow/.local/lib/python3.7/site-packages/airflow/example_dags/example_python_operator.py
[2022-08-21 13:27:06,308] {processor.py:641} INFO - Processing file /home/airflow/.local/lib/python3.7/site-packages/airflow/example_dags/example_python_operator.py for tasks to queue
[2022-08-21 13:27:06,309] {logging_mixin.py:115} INFO - [2022-08-21 13:27:06,308] {dagbag.py:508} INFO - Filling up the DagBag from /home/airflow/.local/lib/python3.7/site-packages/airflow/example_dags/example_python_operator.py
[2022-08-21 13:27:06,322] {processor.py:651} INFO - DAG(s) dict_keys(['example_python_operator']) retrieved from /home/airflow/.local/lib/python3.7/site-packages/airflow/example_dags/example_python_operator.py
[2022-08-21 13:27:06,352] {logging_mixin.py:115} INFO - [2022-08-21 13:27:06,352] {dag.py:2420} INFO - Sync 1 DAGs
[2022-08-21 13:27:06,374] {logging_mixin.py:115} INFO - [2022-08-21 13:27:06,374] {dag.py:2972} INFO - Setting next_dagrun for example_python_operator to None, run_after=None
[2022-08-21 13:27:06,387] {processor.py:161} INFO - Processing /home/airflow/.local/lib/python3.7/site-packages/airflow/example_dags/example_python_operator.py took 0.083 seconds
[2022-08-21 13:27:36,597] {processor.py:153} INFO - Started process (PID=1168) to work on /home/airflow/.local/lib/python3.7/site-packages/airflow/example_dags/example_python_operator.py
[2022-08-21 13:27:36,598] {processor.py:641} INFO - Processing file /home/airflow/.local/lib/python3.7/site-packages/airflow/example_dags/example_python_operator.py for tasks to queue
[2022-08-21 13:27:36,599] {logging_mixin.py:115} INFO - [2022-08-21 13:27:36,599] {dagbag.py:508} INFO - Filling up the DagBag from /home/airflow/.local/lib/python3.7/site-packages/airflow/example_dags/example_python_operator.py
[2022-08-21 13:27:36,614] {processor.py:651} INFO - DAG(s) dict_keys(['example_python_operator']) retrieved from /home/airflow/.local/lib/python3.7/site-packages/airflow/example_dags/example_python_operator.py
[2022-08-21 13:27:36,638] {logging_mixin.py:115} INFO - [2022-08-21 13:27:36,638] {dag.py:2420} INFO - Sync 1 DAGs
[2022-08-21 13:27:36,656] {logging_mixin.py:115} INFO - [2022-08-21 13:27:36,656] {dag.py:2972} INFO - Setting next_dagrun for example_python_operator to None, run_after=None
[2022-08-21 13:27:36,668] {processor.py:161} INFO - Processing /home/airflow/.local/lib/python3.7/site-packages/airflow/example_dags/example_python_operator.py took 0.074 seconds
[2022-08-21 13:28:07,613] {processor.py:153} INFO - Started process (PID=1229) to work on /home/airflow/.local/lib/python3.7/site-packages/airflow/example_dags/example_python_operator.py
[2022-08-21 13:28:07,614] {processor.py:641} INFO - Processing file /home/airflow/.local/lib/python3.7/site-packages/airflow/example_dags/example_python_operator.py for tasks to queue
[2022-08-21 13:28:07,615] {logging_mixin.py:115} INFO - [2022-08-21 13:28:07,615] {dagbag.py:508} INFO - Filling up the DagBag from /home/airflow/.local/lib/python3.7/site-packages/airflow/example_dags/example_python_operator.py
[2022-08-21 13:28:07,635] {processor.py:651} INFO - DAG(s) dict_keys(['example_python_operator']) retrieved from /home/airflow/.local/lib/python3.7/site-packages/airflow/example_dags/example_python_operator.py
[2022-08-21 13:28:07,659] {logging_mixin.py:115} INFO - [2022-08-21 13:28:07,659] {dag.py:2420} INFO - Sync 1 DAGs
[2022-08-21 13:28:07,681] {logging_mixin.py:115} INFO - [2022-08-21 13:28:07,680] {dag.py:2972} INFO - Setting next_dagrun for example_python_operator to None, run_after=None
[2022-08-21 13:28:07,699] {processor.py:161} INFO - Processing /home/airflow/.local/lib/python3.7/site-packages/airflow/example_dags/example_python_operator.py took 0.089 seconds
[2022-08-21 13:28:38,404] {processor.py:153} INFO - Started process (PID=1282) to work on /home/airflow/.local/lib/python3.7/site-packages/airflow/example_dags/example_python_operator.py
[2022-08-21 13:28:38,406] {processor.py:641} INFO - Processing file /home/airflow/.local/lib/python3.7/site-packages/airflow/example_dags/example_python_operator.py for tasks to queue
[2022-08-21 13:28:38,406] {logging_mixin.py:115} INFO - [2022-08-21 13:28:38,406] {dagbag.py:508} INFO - Filling up the DagBag from /home/airflow/.local/lib/python3.7/site-packages/airflow/example_dags/example_python_operator.py
[2022-08-21 13:28:38,428] {processor.py:651} INFO - DAG(s) dict_keys(['example_python_operator']) retrieved from /home/airflow/.local/lib/python3.7/site-packages/airflow/example_dags/example_python_operator.py
[2022-08-21 13:28:38,473] {logging_mixin.py:115} INFO - [2022-08-21 13:28:38,473] {dag.py:2420} INFO - Sync 1 DAGs
[2022-08-21 13:28:38,504] {logging_mixin.py:115} INFO - [2022-08-21 13:28:38,504] {dag.py:2972} INFO - Setting next_dagrun for example_python_operator to None, run_after=None
[2022-08-21 13:28:38,527] {processor.py:161} INFO - Processing /home/airflow/.local/lib/python3.7/site-packages/airflow/example_dags/example_python_operator.py took 0.127 seconds
[2022-08-21 13:29:09,393] {processor.py:153} INFO - Started process (PID=1343) to work on /home/airflow/.local/lib/python3.7/site-packages/airflow/example_dags/example_python_operator.py
[2022-08-21 13:29:09,394] {processor.py:641} INFO - Processing file /home/airflow/.local/lib/python3.7/site-packages/airflow/example_dags/example_python_operator.py for tasks to queue
[2022-08-21 13:29:09,396] {logging_mixin.py:115} INFO - [2022-08-21 13:29:09,395] {dagbag.py:508} INFO - Filling up the DagBag from /home/airflow/.local/lib/python3.7/site-packages/airflow/example_dags/example_python_operator.py
[2022-08-21 13:29:09,412] {processor.py:651} INFO - DAG(s) dict_keys(['example_python_operator']) retrieved from /home/airflow/.local/lib/python3.7/site-packages/airflow/example_dags/example_python_operator.py
[2022-08-21 13:29:09,438] {logging_mixin.py:115} INFO - [2022-08-21 13:29:09,438] {dag.py:2420} INFO - Sync 1 DAGs
[2022-08-21 13:29:09,461] {logging_mixin.py:115} INFO - [2022-08-21 13:29:09,461] {dag.py:2972} INFO - Setting next_dagrun for example_python_operator to None, run_after=None
[2022-08-21 13:29:09,481] {processor.py:161} INFO - Processing /home/airflow/.local/lib/python3.7/site-packages/airflow/example_dags/example_python_operator.py took 0.090 seconds
[2022-08-21 13:29:40,307] {processor.py:153} INFO - Started process (PID=1404) to work on /home/airflow/.local/lib/python3.7/site-packages/airflow/example_dags/example_python_operator.py
[2022-08-21 13:29:40,308] {processor.py:641} INFO - Processing file /home/airflow/.local/lib/python3.7/site-packages/airflow/example_dags/example_python_operator.py for tasks to queue
[2022-08-21 13:29:40,309] {logging_mixin.py:115} INFO - [2022-08-21 13:29:40,309] {dagbag.py:508} INFO - Filling up the DagBag from /home/airflow/.local/lib/python3.7/site-packages/airflow/example_dags/example_python_operator.py
[2022-08-21 13:29:40,322] {processor.py:651} INFO - DAG(s) dict_keys(['example_python_operator']) retrieved from /home/airflow/.local/lib/python3.7/site-packages/airflow/example_dags/example_python_operator.py
[2022-08-21 13:29:40,347] {logging_mixin.py:115} INFO - [2022-08-21 13:29:40,347] {dag.py:2420} INFO - Sync 1 DAGs
[2022-08-21 13:29:40,365] {logging_mixin.py:115} INFO - [2022-08-21 13:29:40,365] {dag.py:2972} INFO - Setting next_dagrun for example_python_operator to None, run_after=None
[2022-08-21 13:29:40,381] {processor.py:161} INFO - Processing /home/airflow/.local/lib/python3.7/site-packages/airflow/example_dags/example_python_operator.py took 0.076 seconds
[2022-08-21 13:30:11,125] {processor.py:153} INFO - Started process (PID=1456) to work on /home/airflow/.local/lib/python3.7/site-packages/airflow/example_dags/example_python_operator.py
[2022-08-21 13:30:11,125] {processor.py:641} INFO - Processing file /home/airflow/.local/lib/python3.7/site-packages/airflow/example_dags/example_python_operator.py for tasks to queue
[2022-08-21 13:30:11,126] {logging_mixin.py:115} INFO - [2022-08-21 13:30:11,126] {dagbag.py:508} INFO - Filling up the DagBag from /home/airflow/.local/lib/python3.7/site-packages/airflow/example_dags/example_python_operator.py
[2022-08-21 13:30:11,146] {processor.py:651} INFO - DAG(s) dict_keys(['example_python_operator']) retrieved from /home/airflow/.local/lib/python3.7/site-packages/airflow/example_dags/example_python_operator.py
[2022-08-21 13:30:11,174] {logging_mixin.py:115} INFO - [2022-08-21 13:30:11,174] {dag.py:2420} INFO - Sync 1 DAGs
[2022-08-21 13:30:11,194] {logging_mixin.py:115} INFO - [2022-08-21 13:30:11,194] {dag.py:2972} INFO - Setting next_dagrun for example_python_operator to None, run_after=None
[2022-08-21 13:30:11,212] {processor.py:161} INFO - Processing /home/airflow/.local/lib/python3.7/site-packages/airflow/example_dags/example_python_operator.py took 0.091 seconds
[2022-08-21 13:30:41,323] {processor.py:153} INFO - Started process (PID=1518) to work on /home/airflow/.local/lib/python3.7/site-packages/airflow/example_dags/example_python_operator.py
[2022-08-21 13:30:41,324] {processor.py:641} INFO - Processing file /home/airflow/.local/lib/python3.7/site-packages/airflow/example_dags/example_python_operator.py for tasks to queue
[2022-08-21 13:30:41,325] {logging_mixin.py:115} INFO - [2022-08-21 13:30:41,325] {dagbag.py:508} INFO - Filling up the DagBag from /home/airflow/.local/lib/python3.7/site-packages/airflow/example_dags/example_python_operator.py
[2022-08-21 13:30:41,341] {processor.py:651} INFO - DAG(s) dict_keys(['example_python_operator']) retrieved from /home/airflow/.local/lib/python3.7/site-packages/airflow/example_dags/example_python_operator.py
[2022-08-21 13:30:41,368] {logging_mixin.py:115} INFO - [2022-08-21 13:30:41,368] {dag.py:2420} INFO - Sync 1 DAGs
[2022-08-21 13:30:41,391] {logging_mixin.py:115} INFO - [2022-08-21 13:30:41,391] {dag.py:2972} INFO - Setting next_dagrun for example_python_operator to None, run_after=None
[2022-08-21 13:30:41,413] {processor.py:161} INFO - Processing /home/airflow/.local/lib/python3.7/site-packages/airflow/example_dags/example_python_operator.py took 0.093 seconds
[2022-08-21 13:31:11,696] {processor.py:153} INFO - Started process (PID=1579) to work on /home/airflow/.local/lib/python3.7/site-packages/airflow/example_dags/example_python_operator.py
[2022-08-21 13:31:11,697] {processor.py:641} INFO - Processing file /home/airflow/.local/lib/python3.7/site-packages/airflow/example_dags/example_python_operator.py for tasks to queue
[2022-08-21 13:31:11,698] {logging_mixin.py:115} INFO - [2022-08-21 13:31:11,698] {dagbag.py:508} INFO - Filling up the DagBag from /home/airflow/.local/lib/python3.7/site-packages/airflow/example_dags/example_python_operator.py
[2022-08-21 13:31:11,725] {processor.py:651} INFO - DAG(s) dict_keys(['example_python_operator']) retrieved from /home/airflow/.local/lib/python3.7/site-packages/airflow/example_dags/example_python_operator.py
[2022-08-21 13:31:11,763] {logging_mixin.py:115} INFO - [2022-08-21 13:31:11,762] {dag.py:2420} INFO - Sync 1 DAGs
[2022-08-21 13:31:11,799] {logging_mixin.py:115} INFO - [2022-08-21 13:31:11,799] {dag.py:2972} INFO - Setting next_dagrun for example_python_operator to None, run_after=None
[2022-08-21 13:31:11,822] {processor.py:161} INFO - Processing /home/airflow/.local/lib/python3.7/site-packages/airflow/example_dags/example_python_operator.py took 0.130 seconds
[2022-08-21 13:31:41,890] {processor.py:153} INFO - Started process (PID=1631) to work on /home/airflow/.local/lib/python3.7/site-packages/airflow/example_dags/example_python_operator.py
[2022-08-21 13:31:41,891] {processor.py:641} INFO - Processing file /home/airflow/.local/lib/python3.7/site-packages/airflow/example_dags/example_python_operator.py for tasks to queue
[2022-08-21 13:31:41,892] {logging_mixin.py:115} INFO - [2022-08-21 13:31:41,892] {dagbag.py:508} INFO - Filling up the DagBag from /home/airflow/.local/lib/python3.7/site-packages/airflow/example_dags/example_python_operator.py
[2022-08-21 13:31:41,906] {processor.py:651} INFO - DAG(s) dict_keys(['example_python_operator']) retrieved from /home/airflow/.local/lib/python3.7/site-packages/airflow/example_dags/example_python_operator.py
[2022-08-21 13:31:41,933] {logging_mixin.py:115} INFO - [2022-08-21 13:31:41,932] {dag.py:2420} INFO - Sync 1 DAGs
[2022-08-21 13:31:41,952] {logging_mixin.py:115} INFO - [2022-08-21 13:31:41,952] {dag.py:2972} INFO - Setting next_dagrun for example_python_operator to None, run_after=None
[2022-08-21 13:31:41,972] {processor.py:161} INFO - Processing /home/airflow/.local/lib/python3.7/site-packages/airflow/example_dags/example_python_operator.py took 0.084 seconds
[2022-08-21 13:32:12,768] {processor.py:153} INFO - Started process (PID=1693) to work on /home/airflow/.local/lib/python3.7/site-packages/airflow/example_dags/example_python_operator.py
[2022-08-21 13:32:12,770] {processor.py:641} INFO - Processing file /home/airflow/.local/lib/python3.7/site-packages/airflow/example_dags/example_python_operator.py for tasks to queue
[2022-08-21 13:32:12,770] {logging_mixin.py:115} INFO - [2022-08-21 13:32:12,770] {dagbag.py:508} INFO - Filling up the DagBag from /home/airflow/.local/lib/python3.7/site-packages/airflow/example_dags/example_python_operator.py
[2022-08-21 13:32:12,788] {processor.py:651} INFO - DAG(s) dict_keys(['example_python_operator']) retrieved from /home/airflow/.local/lib/python3.7/site-packages/airflow/example_dags/example_python_operator.py
[2022-08-21 13:32:12,815] {logging_mixin.py:115} INFO - [2022-08-21 13:32:12,815] {dag.py:2420} INFO - Sync 1 DAGs
[2022-08-21 13:32:12,835] {logging_mixin.py:115} INFO - [2022-08-21 13:32:12,835] {dag.py:2972} INFO - Setting next_dagrun for example_python_operator to None, run_after=None
[2022-08-21 13:32:12,854] {processor.py:161} INFO - Processing /home/airflow/.local/lib/python3.7/site-packages/airflow/example_dags/example_python_operator.py took 0.089 seconds
[2022-08-21 13:32:43,613] {processor.py:153} INFO - Started process (PID=1754) to work on /home/airflow/.local/lib/python3.7/site-packages/airflow/example_dags/example_python_operator.py
[2022-08-21 13:32:43,616] {processor.py:641} INFO - Processing file /home/airflow/.local/lib/python3.7/site-packages/airflow/example_dags/example_python_operator.py for tasks to queue
[2022-08-21 13:32:43,617] {logging_mixin.py:115} INFO - [2022-08-21 13:32:43,617] {dagbag.py:508} INFO - Filling up the DagBag from /home/airflow/.local/lib/python3.7/site-packages/airflow/example_dags/example_python_operator.py
[2022-08-21 13:32:43,643] {processor.py:651} INFO - DAG(s) dict_keys(['example_python_operator']) retrieved from /home/airflow/.local/lib/python3.7/site-packages/airflow/example_dags/example_python_operator.py
[2022-08-21 13:32:43,677] {logging_mixin.py:115} INFO - [2022-08-21 13:32:43,676] {dag.py:2420} INFO - Sync 1 DAGs
[2022-08-21 13:32:43,709] {logging_mixin.py:115} INFO - [2022-08-21 13:32:43,709] {dag.py:2972} INFO - Setting next_dagrun for example_python_operator to None, run_after=None
[2022-08-21 13:32:43,737] {processor.py:161} INFO - Processing /home/airflow/.local/lib/python3.7/site-packages/airflow/example_dags/example_python_operator.py took 0.129 seconds
[2022-08-21 13:33:14,446] {processor.py:153} INFO - Started process (PID=1807) to work on /home/airflow/.local/lib/python3.7/site-packages/airflow/example_dags/example_python_operator.py
[2022-08-21 13:33:14,447] {processor.py:641} INFO - Processing file /home/airflow/.local/lib/python3.7/site-packages/airflow/example_dags/example_python_operator.py for tasks to queue
[2022-08-21 13:33:14,448] {logging_mixin.py:115} INFO - [2022-08-21 13:33:14,447] {dagbag.py:508} INFO - Filling up the DagBag from /home/airflow/.local/lib/python3.7/site-packages/airflow/example_dags/example_python_operator.py
[2022-08-21 13:33:14,461] {processor.py:651} INFO - DAG(s) dict_keys(['example_python_operator']) retrieved from /home/airflow/.local/lib/python3.7/site-packages/airflow/example_dags/example_python_operator.py
[2022-08-21 13:33:14,486] {logging_mixin.py:115} INFO - [2022-08-21 13:33:14,486] {dag.py:2420} INFO - Sync 1 DAGs
[2022-08-21 13:33:14,504] {logging_mixin.py:115} INFO - [2022-08-21 13:33:14,503] {dag.py:2972} INFO - Setting next_dagrun for example_python_operator to None, run_after=None
[2022-08-21 13:33:14,522] {processor.py:161} INFO - Processing /home/airflow/.local/lib/python3.7/site-packages/airflow/example_dags/example_python_operator.py took 0.078 seconds
[2022-08-21 13:33:45,423] {processor.py:153} INFO - Started process (PID=1868) to work on /home/airflow/.local/lib/python3.7/site-packages/airflow/example_dags/example_python_operator.py
[2022-08-21 13:33:45,424] {processor.py:641} INFO - Processing file /home/airflow/.local/lib/python3.7/site-packages/airflow/example_dags/example_python_operator.py for tasks to queue
[2022-08-21 13:33:45,425] {logging_mixin.py:115} INFO - [2022-08-21 13:33:45,425] {dagbag.py:508} INFO - Filling up the DagBag from /home/airflow/.local/lib/python3.7/site-packages/airflow/example_dags/example_python_operator.py
[2022-08-21 13:33:45,440] {processor.py:651} INFO - DAG(s) dict_keys(['example_python_operator']) retrieved from /home/airflow/.local/lib/python3.7/site-packages/airflow/example_dags/example_python_operator.py
[2022-08-21 13:33:45,469] {logging_mixin.py:115} INFO - [2022-08-21 13:33:45,469] {dag.py:2420} INFO - Sync 1 DAGs
[2022-08-21 13:33:45,490] {logging_mixin.py:115} INFO - [2022-08-21 13:33:45,490] {dag.py:2972} INFO - Setting next_dagrun for example_python_operator to None, run_after=None
[2022-08-21 13:33:45,512] {processor.py:161} INFO - Processing /home/airflow/.local/lib/python3.7/site-packages/airflow/example_dags/example_python_operator.py took 0.092 seconds
[2022-08-21 13:34:16,416] {processor.py:153} INFO - Started process (PID=1929) to work on /home/airflow/.local/lib/python3.7/site-packages/airflow/example_dags/example_python_operator.py
[2022-08-21 13:34:16,417] {processor.py:641} INFO - Processing file /home/airflow/.local/lib/python3.7/site-packages/airflow/example_dags/example_python_operator.py for tasks to queue
[2022-08-21 13:34:16,417] {logging_mixin.py:115} INFO - [2022-08-21 13:34:16,417] {dagbag.py:508} INFO - Filling up the DagBag from /home/airflow/.local/lib/python3.7/site-packages/airflow/example_dags/example_python_operator.py
[2022-08-21 13:34:16,432] {processor.py:651} INFO - DAG(s) dict_keys(['example_python_operator']) retrieved from /home/airflow/.local/lib/python3.7/site-packages/airflow/example_dags/example_python_operator.py
[2022-08-21 13:34:16,459] {logging_mixin.py:115} INFO - [2022-08-21 13:34:16,459] {dag.py:2420} INFO - Sync 1 DAGs
[2022-08-21 13:34:16,482] {logging_mixin.py:115} INFO - [2022-08-21 13:34:16,482] {dag.py:2972} INFO - Setting next_dagrun for example_python_operator to None, run_after=None
[2022-08-21 13:34:16,501] {processor.py:161} INFO - Processing /home/airflow/.local/lib/python3.7/site-packages/airflow/example_dags/example_python_operator.py took 0.088 seconds
[2022-08-21 13:34:46,563] {processor.py:153} INFO - Started process (PID=1981) to work on /home/airflow/.local/lib/python3.7/site-packages/airflow/example_dags/example_python_operator.py
[2022-08-21 13:34:46,564] {processor.py:641} INFO - Processing file /home/airflow/.local/lib/python3.7/site-packages/airflow/example_dags/example_python_operator.py for tasks to queue
[2022-08-21 13:34:46,565] {logging_mixin.py:115} INFO - [2022-08-21 13:34:46,565] {dagbag.py:508} INFO - Filling up the DagBag from /home/airflow/.local/lib/python3.7/site-packages/airflow/example_dags/example_python_operator.py
[2022-08-21 13:34:46,580] {processor.py:651} INFO - DAG(s) dict_keys(['example_python_operator']) retrieved from /home/airflow/.local/lib/python3.7/site-packages/airflow/example_dags/example_python_operator.py
[2022-08-21 13:34:46,605] {logging_mixin.py:115} INFO - [2022-08-21 13:34:46,605] {dag.py:2420} INFO - Sync 1 DAGs
[2022-08-21 13:34:46,626] {logging_mixin.py:115} INFO - [2022-08-21 13:34:46,626] {dag.py:2972} INFO - Setting next_dagrun for example_python_operator to None, run_after=None
[2022-08-21 13:34:46,647] {processor.py:161} INFO - Processing /home/airflow/.local/lib/python3.7/site-packages/airflow/example_dags/example_python_operator.py took 0.087 seconds
[2022-08-21 13:35:16,749] {processor.py:153} INFO - Started process (PID=2042) to work on /home/airflow/.local/lib/python3.7/site-packages/airflow/example_dags/example_python_operator.py
[2022-08-21 13:35:16,750] {processor.py:641} INFO - Processing file /home/airflow/.local/lib/python3.7/site-packages/airflow/example_dags/example_python_operator.py for tasks to queue
[2022-08-21 13:35:16,751] {logging_mixin.py:115} INFO - [2022-08-21 13:35:16,751] {dagbag.py:508} INFO - Filling up the DagBag from /home/airflow/.local/lib/python3.7/site-packages/airflow/example_dags/example_python_operator.py
[2022-08-21 13:35:16,765] {processor.py:651} INFO - DAG(s) dict_keys(['example_python_operator']) retrieved from /home/airflow/.local/lib/python3.7/site-packages/airflow/example_dags/example_python_operator.py
[2022-08-21 13:35:16,790] {logging_mixin.py:115} INFO - [2022-08-21 13:35:16,790] {dag.py:2420} INFO - Sync 1 DAGs
[2022-08-21 13:35:16,814] {logging_mixin.py:115} INFO - [2022-08-21 13:35:16,814] {dag.py:2972} INFO - Setting next_dagrun for example_python_operator to None, run_after=None
[2022-08-21 13:35:16,834] {processor.py:161} INFO - Processing /home/airflow/.local/lib/python3.7/site-packages/airflow/example_dags/example_python_operator.py took 0.088 seconds
[2022-08-21 13:35:47,662] {processor.py:153} INFO - Started process (PID=2103) to work on /home/airflow/.local/lib/python3.7/site-packages/airflow/example_dags/example_python_operator.py
[2022-08-21 13:35:47,663] {processor.py:641} INFO - Processing file /home/airflow/.local/lib/python3.7/site-packages/airflow/example_dags/example_python_operator.py for tasks to queue
[2022-08-21 13:35:47,664] {logging_mixin.py:115} INFO - [2022-08-21 13:35:47,664] {dagbag.py:508} INFO - Filling up the DagBag from /home/airflow/.local/lib/python3.7/site-packages/airflow/example_dags/example_python_operator.py
[2022-08-21 13:35:47,686] {processor.py:651} INFO - DAG(s) dict_keys(['example_python_operator']) retrieved from /home/airflow/.local/lib/python3.7/site-packages/airflow/example_dags/example_python_operator.py
[2022-08-21 13:35:47,711] {logging_mixin.py:115} INFO - [2022-08-21 13:35:47,710] {dag.py:2420} INFO - Sync 1 DAGs
[2022-08-21 13:35:47,732] {logging_mixin.py:115} INFO - [2022-08-21 13:35:47,732] {dag.py:2972} INFO - Setting next_dagrun for example_python_operator to None, run_after=None
[2022-08-21 13:35:47,745] {processor.py:161} INFO - Processing /home/airflow/.local/lib/python3.7/site-packages/airflow/example_dags/example_python_operator.py took 0.089 seconds
[2022-08-21 13:36:18,525] {processor.py:153} INFO - Started process (PID=2155) to work on /home/airflow/.local/lib/python3.7/site-packages/airflow/example_dags/example_python_operator.py
[2022-08-21 13:36:18,526] {processor.py:641} INFO - Processing file /home/airflow/.local/lib/python3.7/site-packages/airflow/example_dags/example_python_operator.py for tasks to queue
[2022-08-21 13:36:18,527] {logging_mixin.py:115} INFO - [2022-08-21 13:36:18,527] {dagbag.py:508} INFO - Filling up the DagBag from /home/airflow/.local/lib/python3.7/site-packages/airflow/example_dags/example_python_operator.py
[2022-08-21 13:36:18,541] {processor.py:651} INFO - DAG(s) dict_keys(['example_python_operator']) retrieved from /home/airflow/.local/lib/python3.7/site-packages/airflow/example_dags/example_python_operator.py
[2022-08-21 13:36:18,567] {logging_mixin.py:115} INFO - [2022-08-21 13:36:18,567] {dag.py:2420} INFO - Sync 1 DAGs
[2022-08-21 13:36:18,585] {logging_mixin.py:115} INFO - [2022-08-21 13:36:18,585] {dag.py:2972} INFO - Setting next_dagrun for example_python_operator to None, run_after=None
[2022-08-21 13:36:18,604] {processor.py:161} INFO - Processing /home/airflow/.local/lib/python3.7/site-packages/airflow/example_dags/example_python_operator.py took 0.082 seconds
[2022-08-21 13:36:49,476] {processor.py:153} INFO - Started process (PID=2217) to work on /home/airflow/.local/lib/python3.7/site-packages/airflow/example_dags/example_python_operator.py
[2022-08-21 13:36:49,476] {processor.py:641} INFO - Processing file /home/airflow/.local/lib/python3.7/site-packages/airflow/example_dags/example_python_operator.py for tasks to queue
[2022-08-21 13:36:49,477] {logging_mixin.py:115} INFO - [2022-08-21 13:36:49,477] {dagbag.py:508} INFO - Filling up the DagBag from /home/airflow/.local/lib/python3.7/site-packages/airflow/example_dags/example_python_operator.py
[2022-08-21 13:36:49,494] {processor.py:651} INFO - DAG(s) dict_keys(['example_python_operator']) retrieved from /home/airflow/.local/lib/python3.7/site-packages/airflow/example_dags/example_python_operator.py
[2022-08-21 13:36:49,519] {logging_mixin.py:115} INFO - [2022-08-21 13:36:49,519] {dag.py:2420} INFO - Sync 1 DAGs
[2022-08-21 13:36:49,541] {logging_mixin.py:115} INFO - [2022-08-21 13:36:49,541] {dag.py:2972} INFO - Setting next_dagrun for example_python_operator to None, run_after=None
[2022-08-21 13:36:49,554] {processor.py:161} INFO - Processing /home/airflow/.local/lib/python3.7/site-packages/airflow/example_dags/example_python_operator.py took 0.081 seconds
[2022-08-21 13:37:20,253] {processor.py:153} INFO - Started process (PID=2279) to work on /home/airflow/.local/lib/python3.7/site-packages/airflow/example_dags/example_python_operator.py
[2022-08-21 13:37:20,254] {processor.py:641} INFO - Processing file /home/airflow/.local/lib/python3.7/site-packages/airflow/example_dags/example_python_operator.py for tasks to queue
[2022-08-21 13:37:20,255] {logging_mixin.py:115} INFO - [2022-08-21 13:37:20,255] {dagbag.py:508} INFO - Filling up the DagBag from /home/airflow/.local/lib/python3.7/site-packages/airflow/example_dags/example_python_operator.py
[2022-08-21 13:37:20,268] {processor.py:651} INFO - DAG(s) dict_keys(['example_python_operator']) retrieved from /home/airflow/.local/lib/python3.7/site-packages/airflow/example_dags/example_python_operator.py
[2022-08-21 13:37:20,291] {logging_mixin.py:115} INFO - [2022-08-21 13:37:20,291] {dag.py:2420} INFO - Sync 1 DAGs
[2022-08-21 13:37:20,309] {logging_mixin.py:115} INFO - [2022-08-21 13:37:20,309] {dag.py:2972} INFO - Setting next_dagrun for example_python_operator to None, run_after=None
[2022-08-21 13:37:20,328] {processor.py:161} INFO - Processing /home/airflow/.local/lib/python3.7/site-packages/airflow/example_dags/example_python_operator.py took 0.077 seconds
[2022-08-21 13:37:51,069] {processor.py:153} INFO - Started process (PID=2338) to work on /home/airflow/.local/lib/python3.7/site-packages/airflow/example_dags/example_python_operator.py
[2022-08-21 13:37:51,070] {processor.py:641} INFO - Processing file /home/airflow/.local/lib/python3.7/site-packages/airflow/example_dags/example_python_operator.py for tasks to queue
[2022-08-21 13:37:51,071] {logging_mixin.py:115} INFO - [2022-08-21 13:37:51,071] {dagbag.py:508} INFO - Filling up the DagBag from /home/airflow/.local/lib/python3.7/site-packages/airflow/example_dags/example_python_operator.py
[2022-08-21 13:37:51,091] {processor.py:651} INFO - DAG(s) dict_keys(['example_python_operator']) retrieved from /home/airflow/.local/lib/python3.7/site-packages/airflow/example_dags/example_python_operator.py
[2022-08-21 13:37:51,123] {logging_mixin.py:115} INFO - [2022-08-21 13:37:51,122] {dag.py:2420} INFO - Sync 1 DAGs
[2022-08-21 13:37:51,153] {logging_mixin.py:115} INFO - [2022-08-21 13:37:51,152] {dag.py:2972} INFO - Setting next_dagrun for example_python_operator to None, run_after=None
[2022-08-21 13:37:51,167] {processor.py:161} INFO - Processing /home/airflow/.local/lib/python3.7/site-packages/airflow/example_dags/example_python_operator.py took 0.101 seconds
[2022-08-21 13:38:21,972] {processor.py:153} INFO - Started process (PID=2392) to work on /home/airflow/.local/lib/python3.7/site-packages/airflow/example_dags/example_python_operator.py
[2022-08-21 13:38:21,973] {processor.py:641} INFO - Processing file /home/airflow/.local/lib/python3.7/site-packages/airflow/example_dags/example_python_operator.py for tasks to queue
[2022-08-21 13:38:21,973] {logging_mixin.py:115} INFO - [2022-08-21 13:38:21,973] {dagbag.py:508} INFO - Filling up the DagBag from /home/airflow/.local/lib/python3.7/site-packages/airflow/example_dags/example_python_operator.py
[2022-08-21 13:38:21,988] {processor.py:651} INFO - DAG(s) dict_keys(['example_python_operator']) retrieved from /home/airflow/.local/lib/python3.7/site-packages/airflow/example_dags/example_python_operator.py
[2022-08-21 13:38:22,015] {logging_mixin.py:115} INFO - [2022-08-21 13:38:22,015] {dag.py:2420} INFO - Sync 1 DAGs
[2022-08-21 13:38:22,043] {logging_mixin.py:115} INFO - [2022-08-21 13:38:22,043] {dag.py:2972} INFO - Setting next_dagrun for example_python_operator to None, run_after=None
[2022-08-21 13:38:22,058] {processor.py:161} INFO - Processing /home/airflow/.local/lib/python3.7/site-packages/airflow/example_dags/example_python_operator.py took 0.089 seconds
[2022-08-21 13:38:52,975] {processor.py:153} INFO - Started process (PID=2453) to work on /home/airflow/.local/lib/python3.7/site-packages/airflow/example_dags/example_python_operator.py
[2022-08-21 13:38:52,976] {processor.py:641} INFO - Processing file /home/airflow/.local/lib/python3.7/site-packages/airflow/example_dags/example_python_operator.py for tasks to queue
[2022-08-21 13:38:52,976] {logging_mixin.py:115} INFO - [2022-08-21 13:38:52,976] {dagbag.py:508} INFO - Filling up the DagBag from /home/airflow/.local/lib/python3.7/site-packages/airflow/example_dags/example_python_operator.py
[2022-08-21 13:38:52,994] {processor.py:651} INFO - DAG(s) dict_keys(['example_python_operator']) retrieved from /home/airflow/.local/lib/python3.7/site-packages/airflow/example_dags/example_python_operator.py
[2022-08-21 13:38:53,019] {logging_mixin.py:115} INFO - [2022-08-21 13:38:53,019] {dag.py:2420} INFO - Sync 1 DAGs
[2022-08-21 13:38:53,045] {logging_mixin.py:115} INFO - [2022-08-21 13:38:53,045] {dag.py:2972} INFO - Setting next_dagrun for example_python_operator to None, run_after=None
[2022-08-21 13:38:53,074] {processor.py:161} INFO - Processing /home/airflow/.local/lib/python3.7/site-packages/airflow/example_dags/example_python_operator.py took 0.102 seconds
[2022-08-21 13:39:23,188] {processor.py:153} INFO - Started process (PID=2514) to work on /home/airflow/.local/lib/python3.7/site-packages/airflow/example_dags/example_python_operator.py
[2022-08-21 13:39:23,189] {processor.py:641} INFO - Processing file /home/airflow/.local/lib/python3.7/site-packages/airflow/example_dags/example_python_operator.py for tasks to queue
[2022-08-21 13:39:23,190] {logging_mixin.py:115} INFO - [2022-08-21 13:39:23,189] {dagbag.py:508} INFO - Filling up the DagBag from /home/airflow/.local/lib/python3.7/site-packages/airflow/example_dags/example_python_operator.py
[2022-08-21 13:39:23,210] {processor.py:651} INFO - DAG(s) dict_keys(['example_python_operator']) retrieved from /home/airflow/.local/lib/python3.7/site-packages/airflow/example_dags/example_python_operator.py
[2022-08-21 13:39:23,236] {logging_mixin.py:115} INFO - [2022-08-21 13:39:23,236] {dag.py:2420} INFO - Sync 1 DAGs
[2022-08-21 13:39:23,258] {logging_mixin.py:115} INFO - [2022-08-21 13:39:23,258] {dag.py:2972} INFO - Setting next_dagrun for example_python_operator to None, run_after=None
[2022-08-21 13:39:23,278] {processor.py:161} INFO - Processing /home/airflow/.local/lib/python3.7/site-packages/airflow/example_dags/example_python_operator.py took 0.092 seconds
[2022-08-21 13:39:54,194] {processor.py:153} INFO - Started process (PID=2568) to work on /home/airflow/.local/lib/python3.7/site-packages/airflow/example_dags/example_python_operator.py
[2022-08-21 13:39:54,196] {processor.py:641} INFO - Processing file /home/airflow/.local/lib/python3.7/site-packages/airflow/example_dags/example_python_operator.py for tasks to queue
[2022-08-21 13:39:54,197] {logging_mixin.py:115} INFO - [2022-08-21 13:39:54,197] {dagbag.py:508} INFO - Filling up the DagBag from /home/airflow/.local/lib/python3.7/site-packages/airflow/example_dags/example_python_operator.py
[2022-08-21 13:39:54,225] {processor.py:651} INFO - DAG(s) dict_keys(['example_python_operator']) retrieved from /home/airflow/.local/lib/python3.7/site-packages/airflow/example_dags/example_python_operator.py
[2022-08-21 13:39:54,254] {logging_mixin.py:115} INFO - [2022-08-21 13:39:54,254] {dag.py:2420} INFO - Sync 1 DAGs
[2022-08-21 13:39:54,280] {logging_mixin.py:115} INFO - [2022-08-21 13:39:54,280] {dag.py:2972} INFO - Setting next_dagrun for example_python_operator to None, run_after=None
[2022-08-21 13:39:54,291] {processor.py:161} INFO - Processing /home/airflow/.local/lib/python3.7/site-packages/airflow/example_dags/example_python_operator.py took 0.101 seconds
[2022-08-21 13:40:25,286] {processor.py:153} INFO - Started process (PID=2644) to work on /home/airflow/.local/lib/python3.7/site-packages/airflow/example_dags/example_python_operator.py
[2022-08-21 13:40:25,287] {processor.py:641} INFO - Processing file /home/airflow/.local/lib/python3.7/site-packages/airflow/example_dags/example_python_operator.py for tasks to queue
[2022-08-21 13:40:25,288] {logging_mixin.py:115} INFO - [2022-08-21 13:40:25,288] {dagbag.py:508} INFO - Filling up the DagBag from /home/airflow/.local/lib/python3.7/site-packages/airflow/example_dags/example_python_operator.py
[2022-08-21 13:40:25,302] {processor.py:651} INFO - DAG(s) dict_keys(['example_python_operator']) retrieved from /home/airflow/.local/lib/python3.7/site-packages/airflow/example_dags/example_python_operator.py
[2022-08-21 13:40:25,330] {logging_mixin.py:115} INFO - [2022-08-21 13:40:25,330] {dag.py:2420} INFO - Sync 1 DAGs
[2022-08-21 13:40:25,352] {logging_mixin.py:115} INFO - [2022-08-21 13:40:25,352] {dag.py:2972} INFO - Setting next_dagrun for example_python_operator to None, run_after=None
[2022-08-21 13:40:25,371] {processor.py:161} INFO - Processing /home/airflow/.local/lib/python3.7/site-packages/airflow/example_dags/example_python_operator.py took 0.088 seconds
[2022-08-21 13:40:55,488] {processor.py:153} INFO - Started process (PID=2706) to work on /home/airflow/.local/lib/python3.7/site-packages/airflow/example_dags/example_python_operator.py
[2022-08-21 13:40:55,489] {processor.py:641} INFO - Processing file /home/airflow/.local/lib/python3.7/site-packages/airflow/example_dags/example_python_operator.py for tasks to queue
[2022-08-21 13:40:55,490] {logging_mixin.py:115} INFO - [2022-08-21 13:40:55,490] {dagbag.py:508} INFO - Filling up the DagBag from /home/airflow/.local/lib/python3.7/site-packages/airflow/example_dags/example_python_operator.py
[2022-08-21 13:40:55,514] {processor.py:651} INFO - DAG(s) dict_keys(['example_python_operator']) retrieved from /home/airflow/.local/lib/python3.7/site-packages/airflow/example_dags/example_python_operator.py
[2022-08-21 13:40:55,605] {logging_mixin.py:115} INFO - [2022-08-21 13:40:55,604] {dag.py:2420} INFO - Sync 1 DAGs
[2022-08-21 13:40:55,643] {logging_mixin.py:115} INFO - [2022-08-21 13:40:55,642] {dag.py:2972} INFO - Setting next_dagrun for example_python_operator to None, run_after=None
[2022-08-21 13:40:55,662] {processor.py:161} INFO - Processing /home/airflow/.local/lib/python3.7/site-packages/airflow/example_dags/example_python_operator.py took 0.177 seconds
[2022-08-21 13:41:25,698] {processor.py:153} INFO - Started process (PID=2762) to work on /home/airflow/.local/lib/python3.7/site-packages/airflow/example_dags/example_python_operator.py
[2022-08-21 13:41:25,699] {processor.py:641} INFO - Processing file /home/airflow/.local/lib/python3.7/site-packages/airflow/example_dags/example_python_operator.py for tasks to queue
[2022-08-21 13:41:25,700] {logging_mixin.py:115} INFO - [2022-08-21 13:41:25,700] {dagbag.py:508} INFO - Filling up the DagBag from /home/airflow/.local/lib/python3.7/site-packages/airflow/example_dags/example_python_operator.py
[2022-08-21 13:41:25,720] {processor.py:651} INFO - DAG(s) dict_keys(['example_python_operator']) retrieved from /home/airflow/.local/lib/python3.7/site-packages/airflow/example_dags/example_python_operator.py
[2022-08-21 13:41:25,750] {logging_mixin.py:115} INFO - [2022-08-21 13:41:25,750] {dag.py:2420} INFO - Sync 1 DAGs
[2022-08-21 13:41:25,778] {logging_mixin.py:115} INFO - [2022-08-21 13:41:25,778] {dag.py:2972} INFO - Setting next_dagrun for example_python_operator to None, run_after=None
[2022-08-21 13:41:25,792] {processor.py:161} INFO - Processing /home/airflow/.local/lib/python3.7/site-packages/airflow/example_dags/example_python_operator.py took 0.098 seconds
[2022-08-21 13:41:55,903] {processor.py:153} INFO - Started process (PID=2823) to work on /home/airflow/.local/lib/python3.7/site-packages/airflow/example_dags/example_python_operator.py
[2022-08-21 13:41:55,904] {processor.py:641} INFO - Processing file /home/airflow/.local/lib/python3.7/site-packages/airflow/example_dags/example_python_operator.py for tasks to queue
[2022-08-21 13:41:55,905] {logging_mixin.py:115} INFO - [2022-08-21 13:41:55,905] {dagbag.py:508} INFO - Filling up the DagBag from /home/airflow/.local/lib/python3.7/site-packages/airflow/example_dags/example_python_operator.py
[2022-08-21 13:41:55,926] {processor.py:651} INFO - DAG(s) dict_keys(['example_python_operator']) retrieved from /home/airflow/.local/lib/python3.7/site-packages/airflow/example_dags/example_python_operator.py
[2022-08-21 13:41:55,955] {logging_mixin.py:115} INFO - [2022-08-21 13:41:55,955] {dag.py:2420} INFO - Sync 1 DAGs
[2022-08-21 13:41:55,975] {logging_mixin.py:115} INFO - [2022-08-21 13:41:55,975] {dag.py:2972} INFO - Setting next_dagrun for example_python_operator to None, run_after=None
[2022-08-21 13:41:55,989] {processor.py:161} INFO - Processing /home/airflow/.local/lib/python3.7/site-packages/airflow/example_dags/example_python_operator.py took 0.089 seconds
[2022-08-21 13:42:26,703] {processor.py:153} INFO - Started process (PID=2875) to work on /home/airflow/.local/lib/python3.7/site-packages/airflow/example_dags/example_python_operator.py
[2022-08-21 13:42:26,704] {processor.py:641} INFO - Processing file /home/airflow/.local/lib/python3.7/site-packages/airflow/example_dags/example_python_operator.py for tasks to queue
[2022-08-21 13:42:26,704] {logging_mixin.py:115} INFO - [2022-08-21 13:42:26,704] {dagbag.py:508} INFO - Filling up the DagBag from /home/airflow/.local/lib/python3.7/site-packages/airflow/example_dags/example_python_operator.py
[2022-08-21 13:42:26,719] {processor.py:651} INFO - DAG(s) dict_keys(['example_python_operator']) retrieved from /home/airflow/.local/lib/python3.7/site-packages/airflow/example_dags/example_python_operator.py
[2022-08-21 13:42:26,748] {logging_mixin.py:115} INFO - [2022-08-21 13:42:26,748] {dag.py:2420} INFO - Sync 1 DAGs
[2022-08-21 13:42:26,771] {logging_mixin.py:115} INFO - [2022-08-21 13:42:26,771] {dag.py:2972} INFO - Setting next_dagrun for example_python_operator to None, run_after=None
[2022-08-21 13:42:26,785] {processor.py:161} INFO - Processing /home/airflow/.local/lib/python3.7/site-packages/airflow/example_dags/example_python_operator.py took 0.085 seconds
[2022-08-21 13:42:57,705] {processor.py:153} INFO - Started process (PID=2936) to work on /home/airflow/.local/lib/python3.7/site-packages/airflow/example_dags/example_python_operator.py
[2022-08-21 13:42:57,706] {processor.py:641} INFO - Processing file /home/airflow/.local/lib/python3.7/site-packages/airflow/example_dags/example_python_operator.py for tasks to queue
[2022-08-21 13:42:57,707] {logging_mixin.py:115} INFO - [2022-08-21 13:42:57,707] {dagbag.py:508} INFO - Filling up the DagBag from /home/airflow/.local/lib/python3.7/site-packages/airflow/example_dags/example_python_operator.py
[2022-08-21 13:42:57,730] {processor.py:651} INFO - DAG(s) dict_keys(['example_python_operator']) retrieved from /home/airflow/.local/lib/python3.7/site-packages/airflow/example_dags/example_python_operator.py
[2022-08-21 13:42:57,763] {logging_mixin.py:115} INFO - [2022-08-21 13:42:57,762] {dag.py:2420} INFO - Sync 1 DAGs
[2022-08-21 13:42:57,791] {logging_mixin.py:115} INFO - [2022-08-21 13:42:57,791] {dag.py:2972} INFO - Setting next_dagrun for example_python_operator to None, run_after=None
[2022-08-21 13:42:57,808] {processor.py:161} INFO - Processing /home/airflow/.local/lib/python3.7/site-packages/airflow/example_dags/example_python_operator.py took 0.108 seconds
[2022-08-21 13:43:28,066] {processor.py:153} INFO - Started process (PID=2997) to work on /home/airflow/.local/lib/python3.7/site-packages/airflow/example_dags/example_python_operator.py
[2022-08-21 13:43:28,067] {processor.py:641} INFO - Processing file /home/airflow/.local/lib/python3.7/site-packages/airflow/example_dags/example_python_operator.py for tasks to queue
[2022-08-21 13:43:28,068] {logging_mixin.py:115} INFO - [2022-08-21 13:43:28,068] {dagbag.py:508} INFO - Filling up the DagBag from /home/airflow/.local/lib/python3.7/site-packages/airflow/example_dags/example_python_operator.py
[2022-08-21 13:43:28,082] {processor.py:651} INFO - DAG(s) dict_keys(['example_python_operator']) retrieved from /home/airflow/.local/lib/python3.7/site-packages/airflow/example_dags/example_python_operator.py
[2022-08-21 13:43:28,106] {logging_mixin.py:115} INFO - [2022-08-21 13:43:28,106] {dag.py:2420} INFO - Sync 1 DAGs
[2022-08-21 13:43:28,127] {logging_mixin.py:115} INFO - [2022-08-21 13:43:28,127] {dag.py:2972} INFO - Setting next_dagrun for example_python_operator to None, run_after=None
[2022-08-21 13:43:28,139] {processor.py:161} INFO - Processing /home/airflow/.local/lib/python3.7/site-packages/airflow/example_dags/example_python_operator.py took 0.075 seconds
[2022-08-21 13:43:58,288] {processor.py:153} INFO - Started process (PID=3049) to work on /home/airflow/.local/lib/python3.7/site-packages/airflow/example_dags/example_python_operator.py
[2022-08-21 13:43:58,289] {processor.py:641} INFO - Processing file /home/airflow/.local/lib/python3.7/site-packages/airflow/example_dags/example_python_operator.py for tasks to queue
[2022-08-21 13:43:58,290] {logging_mixin.py:115} INFO - [2022-08-21 13:43:58,290] {dagbag.py:508} INFO - Filling up the DagBag from /home/airflow/.local/lib/python3.7/site-packages/airflow/example_dags/example_python_operator.py
[2022-08-21 13:43:58,305] {processor.py:651} INFO - DAG(s) dict_keys(['example_python_operator']) retrieved from /home/airflow/.local/lib/python3.7/site-packages/airflow/example_dags/example_python_operator.py
[2022-08-21 13:43:58,331] {logging_mixin.py:115} INFO - [2022-08-21 13:43:58,331] {dag.py:2420} INFO - Sync 1 DAGs
[2022-08-21 13:43:58,351] {logging_mixin.py:115} INFO - [2022-08-21 13:43:58,351] {dag.py:2972} INFO - Setting next_dagrun for example_python_operator to None, run_after=None
[2022-08-21 13:43:58,371] {processor.py:161} INFO - Processing /home/airflow/.local/lib/python3.7/site-packages/airflow/example_dags/example_python_operator.py took 0.085 seconds
[2022-08-21 13:44:29,253] {processor.py:153} INFO - Started process (PID=3110) to work on /home/airflow/.local/lib/python3.7/site-packages/airflow/example_dags/example_python_operator.py
[2022-08-21 13:44:29,254] {processor.py:641} INFO - Processing file /home/airflow/.local/lib/python3.7/site-packages/airflow/example_dags/example_python_operator.py for tasks to queue
[2022-08-21 13:44:29,255] {logging_mixin.py:115} INFO - [2022-08-21 13:44:29,255] {dagbag.py:508} INFO - Filling up the DagBag from /home/airflow/.local/lib/python3.7/site-packages/airflow/example_dags/example_python_operator.py
[2022-08-21 13:44:29,271] {processor.py:651} INFO - DAG(s) dict_keys(['example_python_operator']) retrieved from /home/airflow/.local/lib/python3.7/site-packages/airflow/example_dags/example_python_operator.py
[2022-08-21 13:44:29,294] {logging_mixin.py:115} INFO - [2022-08-21 13:44:29,294] {dag.py:2420} INFO - Sync 1 DAGs
[2022-08-21 13:44:29,315] {logging_mixin.py:115} INFO - [2022-08-21 13:44:29,315] {dag.py:2972} INFO - Setting next_dagrun for example_python_operator to None, run_after=None
[2022-08-21 13:44:29,334] {processor.py:161} INFO - Processing /home/airflow/.local/lib/python3.7/site-packages/airflow/example_dags/example_python_operator.py took 0.083 seconds
[2022-08-21 13:45:00,188] {processor.py:153} INFO - Started process (PID=3171) to work on /home/airflow/.local/lib/python3.7/site-packages/airflow/example_dags/example_python_operator.py
[2022-08-21 13:45:00,190] {processor.py:641} INFO - Processing file /home/airflow/.local/lib/python3.7/site-packages/airflow/example_dags/example_python_operator.py for tasks to queue
[2022-08-21 13:45:00,191] {logging_mixin.py:115} INFO - [2022-08-21 13:45:00,191] {dagbag.py:508} INFO - Filling up the DagBag from /home/airflow/.local/lib/python3.7/site-packages/airflow/example_dags/example_python_operator.py
[2022-08-21 13:45:00,214] {processor.py:651} INFO - DAG(s) dict_keys(['example_python_operator']) retrieved from /home/airflow/.local/lib/python3.7/site-packages/airflow/example_dags/example_python_operator.py
[2022-08-21 13:45:00,239] {logging_mixin.py:115} INFO - [2022-08-21 13:45:00,239] {dag.py:2420} INFO - Sync 1 DAGs
[2022-08-21 13:45:00,258] {logging_mixin.py:115} INFO - [2022-08-21 13:45:00,258] {dag.py:2972} INFO - Setting next_dagrun for example_python_operator to None, run_after=None
[2022-08-21 13:45:00,272] {processor.py:161} INFO - Processing /home/airflow/.local/lib/python3.7/site-packages/airflow/example_dags/example_python_operator.py took 0.089 seconds
[2022-08-21 13:45:31,171] {processor.py:153} INFO - Started process (PID=3223) to work on /home/airflow/.local/lib/python3.7/site-packages/airflow/example_dags/example_python_operator.py
[2022-08-21 13:45:31,172] {processor.py:641} INFO - Processing file /home/airflow/.local/lib/python3.7/site-packages/airflow/example_dags/example_python_operator.py for tasks to queue
[2022-08-21 13:45:31,173] {logging_mixin.py:115} INFO - [2022-08-21 13:45:31,173] {dagbag.py:508} INFO - Filling up the DagBag from /home/airflow/.local/lib/python3.7/site-packages/airflow/example_dags/example_python_operator.py
[2022-08-21 13:45:31,190] {processor.py:651} INFO - DAG(s) dict_keys(['example_python_operator']) retrieved from /home/airflow/.local/lib/python3.7/site-packages/airflow/example_dags/example_python_operator.py
[2022-08-21 13:45:31,214] {logging_mixin.py:115} INFO - [2022-08-21 13:45:31,214] {dag.py:2420} INFO - Sync 1 DAGs
[2022-08-21 13:45:31,236] {logging_mixin.py:115} INFO - [2022-08-21 13:45:31,235] {dag.py:2972} INFO - Setting next_dagrun for example_python_operator to None, run_after=None
[2022-08-21 13:45:31,254] {processor.py:161} INFO - Processing /home/airflow/.local/lib/python3.7/site-packages/airflow/example_dags/example_python_operator.py took 0.087 seconds
[2022-08-21 13:46:01,318] {processor.py:153} INFO - Started process (PID=3284) to work on /home/airflow/.local/lib/python3.7/site-packages/airflow/example_dags/example_python_operator.py
[2022-08-21 13:46:01,319] {processor.py:641} INFO - Processing file /home/airflow/.local/lib/python3.7/site-packages/airflow/example_dags/example_python_operator.py for tasks to queue
[2022-08-21 13:46:01,320] {logging_mixin.py:115} INFO - [2022-08-21 13:46:01,320] {dagbag.py:508} INFO - Filling up the DagBag from /home/airflow/.local/lib/python3.7/site-packages/airflow/example_dags/example_python_operator.py
[2022-08-21 13:46:01,335] {processor.py:651} INFO - DAG(s) dict_keys(['example_python_operator']) retrieved from /home/airflow/.local/lib/python3.7/site-packages/airflow/example_dags/example_python_operator.py
[2022-08-21 13:46:01,358] {logging_mixin.py:115} INFO - [2022-08-21 13:46:01,358] {dag.py:2420} INFO - Sync 1 DAGs
[2022-08-21 13:46:01,380] {logging_mixin.py:115} INFO - [2022-08-21 13:46:01,380] {dag.py:2972} INFO - Setting next_dagrun for example_python_operator to None, run_after=None
[2022-08-21 13:46:01,403] {processor.py:161} INFO - Processing /home/airflow/.local/lib/python3.7/site-packages/airflow/example_dags/example_python_operator.py took 0.087 seconds
[2022-08-21 13:46:32,337] {processor.py:153} INFO - Started process (PID=3345) to work on /home/airflow/.local/lib/python3.7/site-packages/airflow/example_dags/example_python_operator.py
[2022-08-21 13:46:32,338] {processor.py:641} INFO - Processing file /home/airflow/.local/lib/python3.7/site-packages/airflow/example_dags/example_python_operator.py for tasks to queue
[2022-08-21 13:46:32,339] {logging_mixin.py:115} INFO - [2022-08-21 13:46:32,339] {dagbag.py:508} INFO - Filling up the DagBag from /home/airflow/.local/lib/python3.7/site-packages/airflow/example_dags/example_python_operator.py
[2022-08-21 13:46:32,355] {processor.py:651} INFO - DAG(s) dict_keys(['example_python_operator']) retrieved from /home/airflow/.local/lib/python3.7/site-packages/airflow/example_dags/example_python_operator.py
[2022-08-21 13:46:32,386] {logging_mixin.py:115} INFO - [2022-08-21 13:46:32,386] {dag.py:2420} INFO - Sync 1 DAGs
[2022-08-21 13:46:32,419] {logging_mixin.py:115} INFO - [2022-08-21 13:46:32,419] {dag.py:2972} INFO - Setting next_dagrun for example_python_operator to None, run_after=None
[2022-08-21 13:46:32,444] {processor.py:161} INFO - Processing /home/airflow/.local/lib/python3.7/site-packages/airflow/example_dags/example_python_operator.py took 0.111 seconds
[2022-08-21 13:47:02,506] {processor.py:153} INFO - Started process (PID=3399) to work on /home/airflow/.local/lib/python3.7/site-packages/airflow/example_dags/example_python_operator.py
[2022-08-21 13:47:02,507] {processor.py:641} INFO - Processing file /home/airflow/.local/lib/python3.7/site-packages/airflow/example_dags/example_python_operator.py for tasks to queue
[2022-08-21 13:47:02,508] {logging_mixin.py:115} INFO - [2022-08-21 13:47:02,508] {dagbag.py:508} INFO - Filling up the DagBag from /home/airflow/.local/lib/python3.7/site-packages/airflow/example_dags/example_python_operator.py
[2022-08-21 13:47:02,526] {processor.py:651} INFO - DAG(s) dict_keys(['example_python_operator']) retrieved from /home/airflow/.local/lib/python3.7/site-packages/airflow/example_dags/example_python_operator.py
[2022-08-21 13:47:02,554] {logging_mixin.py:115} INFO - [2022-08-21 13:47:02,553] {dag.py:2420} INFO - Sync 1 DAGs
[2022-08-21 13:47:02,575] {logging_mixin.py:115} INFO - [2022-08-21 13:47:02,575] {dag.py:2972} INFO - Setting next_dagrun for example_python_operator to None, run_after=None
[2022-08-21 13:47:02,589] {processor.py:161} INFO - Processing /home/airflow/.local/lib/python3.7/site-packages/airflow/example_dags/example_python_operator.py took 0.086 seconds
[2022-08-21 13:47:33,305] {processor.py:153} INFO - Started process (PID=3461) to work on /home/airflow/.local/lib/python3.7/site-packages/airflow/example_dags/example_python_operator.py
[2022-08-21 13:47:33,306] {processor.py:641} INFO - Processing file /home/airflow/.local/lib/python3.7/site-packages/airflow/example_dags/example_python_operator.py for tasks to queue
[2022-08-21 13:47:33,306] {logging_mixin.py:115} INFO - [2022-08-21 13:47:33,306] {dagbag.py:508} INFO - Filling up the DagBag from /home/airflow/.local/lib/python3.7/site-packages/airflow/example_dags/example_python_operator.py
[2022-08-21 13:47:33,323] {processor.py:651} INFO - DAG(s) dict_keys(['example_python_operator']) retrieved from /home/airflow/.local/lib/python3.7/site-packages/airflow/example_dags/example_python_operator.py
[2022-08-21 13:47:33,370] {logging_mixin.py:115} INFO - [2022-08-21 13:47:33,370] {dag.py:2420} INFO - Sync 1 DAGs
[2022-08-21 13:47:33,393] {logging_mixin.py:115} INFO - [2022-08-21 13:47:33,393] {dag.py:2972} INFO - Setting next_dagrun for example_python_operator to None, run_after=None
[2022-08-21 13:47:33,410] {processor.py:161} INFO - Processing /home/airflow/.local/lib/python3.7/site-packages/airflow/example_dags/example_python_operator.py took 0.108 seconds
[2022-08-21 13:48:04,108] {processor.py:153} INFO - Started process (PID=3513) to work on /home/airflow/.local/lib/python3.7/site-packages/airflow/example_dags/example_python_operator.py
[2022-08-21 13:48:04,109] {processor.py:641} INFO - Processing file /home/airflow/.local/lib/python3.7/site-packages/airflow/example_dags/example_python_operator.py for tasks to queue
[2022-08-21 13:48:04,110] {logging_mixin.py:115} INFO - [2022-08-21 13:48:04,110] {dagbag.py:508} INFO - Filling up the DagBag from /home/airflow/.local/lib/python3.7/site-packages/airflow/example_dags/example_python_operator.py
[2022-08-21 13:48:04,123] {processor.py:651} INFO - DAG(s) dict_keys(['example_python_operator']) retrieved from /home/airflow/.local/lib/python3.7/site-packages/airflow/example_dags/example_python_operator.py
[2022-08-21 13:48:04,148] {logging_mixin.py:115} INFO - [2022-08-21 13:48:04,148] {dag.py:2420} INFO - Sync 1 DAGs
[2022-08-21 13:48:04,175] {logging_mixin.py:115} INFO - [2022-08-21 13:48:04,175] {dag.py:2972} INFO - Setting next_dagrun for example_python_operator to None, run_after=None
[2022-08-21 13:48:04,195] {processor.py:161} INFO - Processing /home/airflow/.local/lib/python3.7/site-packages/airflow/example_dags/example_python_operator.py took 0.090 seconds
[2022-08-21 13:48:35,176] {processor.py:153} INFO - Started process (PID=3575) to work on /home/airflow/.local/lib/python3.7/site-packages/airflow/example_dags/example_python_operator.py
[2022-08-21 13:48:35,178] {processor.py:641} INFO - Processing file /home/airflow/.local/lib/python3.7/site-packages/airflow/example_dags/example_python_operator.py for tasks to queue
[2022-08-21 13:48:35,178] {logging_mixin.py:115} INFO - [2022-08-21 13:48:35,178] {dagbag.py:508} INFO - Filling up the DagBag from /home/airflow/.local/lib/python3.7/site-packages/airflow/example_dags/example_python_operator.py
[2022-08-21 13:48:35,194] {processor.py:651} INFO - DAG(s) dict_keys(['example_python_operator']) retrieved from /home/airflow/.local/lib/python3.7/site-packages/airflow/example_dags/example_python_operator.py
[2022-08-21 13:48:35,222] {logging_mixin.py:115} INFO - [2022-08-21 13:48:35,221] {dag.py:2420} INFO - Sync 1 DAGs
[2022-08-21 13:48:35,244] {logging_mixin.py:115} INFO - [2022-08-21 13:48:35,244] {dag.py:2972} INFO - Setting next_dagrun for example_python_operator to None, run_after=None
[2022-08-21 13:48:35,269] {processor.py:161} INFO - Processing /home/airflow/.local/lib/python3.7/site-packages/airflow/example_dags/example_python_operator.py took 0.095 seconds
[2022-08-21 13:49:05,686] {processor.py:153} INFO - Started process (PID=3637) to work on /home/airflow/.local/lib/python3.7/site-packages/airflow/example_dags/example_python_operator.py
[2022-08-21 13:49:05,687] {processor.py:641} INFO - Processing file /home/airflow/.local/lib/python3.7/site-packages/airflow/example_dags/example_python_operator.py for tasks to queue
[2022-08-21 13:49:05,687] {logging_mixin.py:115} INFO - [2022-08-21 13:49:05,687] {dagbag.py:508} INFO - Filling up the DagBag from /home/airflow/.local/lib/python3.7/site-packages/airflow/example_dags/example_python_operator.py
[2022-08-21 13:49:05,706] {processor.py:651} INFO - DAG(s) dict_keys(['example_python_operator']) retrieved from /home/airflow/.local/lib/python3.7/site-packages/airflow/example_dags/example_python_operator.py
[2022-08-21 13:49:05,732] {logging_mixin.py:115} INFO - [2022-08-21 13:49:05,732] {dag.py:2420} INFO - Sync 1 DAGs
[2022-08-21 13:49:05,756] {logging_mixin.py:115} INFO - [2022-08-21 13:49:05,755] {dag.py:2972} INFO - Setting next_dagrun for example_python_operator to None, run_after=None
[2022-08-21 13:49:05,775] {processor.py:161} INFO - Processing /home/airflow/.local/lib/python3.7/site-packages/airflow/example_dags/example_python_operator.py took 0.091 seconds
[2022-08-21 13:49:36,658] {processor.py:153} INFO - Started process (PID=3689) to work on /home/airflow/.local/lib/python3.7/site-packages/airflow/example_dags/example_python_operator.py
[2022-08-21 13:49:36,659] {processor.py:641} INFO - Processing file /home/airflow/.local/lib/python3.7/site-packages/airflow/example_dags/example_python_operator.py for tasks to queue
[2022-08-21 13:49:36,660] {logging_mixin.py:115} INFO - [2022-08-21 13:49:36,660] {dagbag.py:508} INFO - Filling up the DagBag from /home/airflow/.local/lib/python3.7/site-packages/airflow/example_dags/example_python_operator.py
[2022-08-21 13:49:36,679] {processor.py:651} INFO - DAG(s) dict_keys(['example_python_operator']) retrieved from /home/airflow/.local/lib/python3.7/site-packages/airflow/example_dags/example_python_operator.py
[2022-08-21 13:49:36,705] {logging_mixin.py:115} INFO - [2022-08-21 13:49:36,705] {dag.py:2420} INFO - Sync 1 DAGs
[2022-08-21 13:49:36,729] {logging_mixin.py:115} INFO - [2022-08-21 13:49:36,729] {dag.py:2972} INFO - Setting next_dagrun for example_python_operator to None, run_after=None
[2022-08-21 13:49:36,747] {processor.py:161} INFO - Processing /home/airflow/.local/lib/python3.7/site-packages/airflow/example_dags/example_python_operator.py took 0.092 seconds
[2022-08-21 13:50:07,674] {processor.py:153} INFO - Started process (PID=3750) to work on /home/airflow/.local/lib/python3.7/site-packages/airflow/example_dags/example_python_operator.py
[2022-08-21 13:50:07,675] {processor.py:641} INFO - Processing file /home/airflow/.local/lib/python3.7/site-packages/airflow/example_dags/example_python_operator.py for tasks to queue
[2022-08-21 13:50:07,675] {logging_mixin.py:115} INFO - [2022-08-21 13:50:07,675] {dagbag.py:508} INFO - Filling up the DagBag from /home/airflow/.local/lib/python3.7/site-packages/airflow/example_dags/example_python_operator.py
[2022-08-21 13:50:07,692] {processor.py:651} INFO - DAG(s) dict_keys(['example_python_operator']) retrieved from /home/airflow/.local/lib/python3.7/site-packages/airflow/example_dags/example_python_operator.py
[2022-08-21 13:50:07,720] {logging_mixin.py:115} INFO - [2022-08-21 13:50:07,720] {dag.py:2420} INFO - Sync 1 DAGs
[2022-08-21 13:50:07,747] {logging_mixin.py:115} INFO - [2022-08-21 13:50:07,747] {dag.py:2972} INFO - Setting next_dagrun for example_python_operator to None, run_after=None
[2022-08-21 13:50:07,763] {processor.py:161} INFO - Processing /home/airflow/.local/lib/python3.7/site-packages/airflow/example_dags/example_python_operator.py took 0.092 seconds
[2022-08-21 13:50:37,897] {processor.py:153} INFO - Started process (PID=3812) to work on /home/airflow/.local/lib/python3.7/site-packages/airflow/example_dags/example_python_operator.py
[2022-08-21 13:50:37,899] {processor.py:641} INFO - Processing file /home/airflow/.local/lib/python3.7/site-packages/airflow/example_dags/example_python_operator.py for tasks to queue
[2022-08-21 13:50:37,900] {logging_mixin.py:115} INFO - [2022-08-21 13:50:37,900] {dagbag.py:508} INFO - Filling up the DagBag from /home/airflow/.local/lib/python3.7/site-packages/airflow/example_dags/example_python_operator.py
[2022-08-21 13:50:37,923] {processor.py:651} INFO - DAG(s) dict_keys(['example_python_operator']) retrieved from /home/airflow/.local/lib/python3.7/site-packages/airflow/example_dags/example_python_operator.py
[2022-08-21 13:50:38,009] {logging_mixin.py:115} INFO - [2022-08-21 13:50:38,008] {dag.py:2420} INFO - Sync 1 DAGs
[2022-08-21 13:50:38,036] {logging_mixin.py:115} INFO - [2022-08-21 13:50:38,036] {dag.py:2972} INFO - Setting next_dagrun for example_python_operator to None, run_after=None
[2022-08-21 13:50:38,049] {processor.py:161} INFO - Processing /home/airflow/.local/lib/python3.7/site-packages/airflow/example_dags/example_python_operator.py took 0.158 seconds
[2022-08-21 13:51:08,152] {processor.py:153} INFO - Started process (PID=3864) to work on /home/airflow/.local/lib/python3.7/site-packages/airflow/example_dags/example_python_operator.py
[2022-08-21 13:51:08,153] {processor.py:641} INFO - Processing file /home/airflow/.local/lib/python3.7/site-packages/airflow/example_dags/example_python_operator.py for tasks to queue
[2022-08-21 13:51:08,154] {logging_mixin.py:115} INFO - [2022-08-21 13:51:08,154] {dagbag.py:508} INFO - Filling up the DagBag from /home/airflow/.local/lib/python3.7/site-packages/airflow/example_dags/example_python_operator.py
[2022-08-21 13:51:08,184] {processor.py:651} INFO - DAG(s) dict_keys(['example_python_operator']) retrieved from /home/airflow/.local/lib/python3.7/site-packages/airflow/example_dags/example_python_operator.py
[2022-08-21 13:51:08,210] {logging_mixin.py:115} INFO - [2022-08-21 13:51:08,210] {dag.py:2420} INFO - Sync 1 DAGs
[2022-08-21 13:51:08,237] {logging_mixin.py:115} INFO - [2022-08-21 13:51:08,237] {dag.py:2972} INFO - Setting next_dagrun for example_python_operator to None, run_after=None
[2022-08-21 13:51:08,255] {processor.py:161} INFO - Processing /home/airflow/.local/lib/python3.7/site-packages/airflow/example_dags/example_python_operator.py took 0.108 seconds
[2022-08-21 13:51:38,295] {processor.py:153} INFO - Started process (PID=3925) to work on /home/airflow/.local/lib/python3.7/site-packages/airflow/example_dags/example_python_operator.py
[2022-08-21 13:51:38,296] {processor.py:641} INFO - Processing file /home/airflow/.local/lib/python3.7/site-packages/airflow/example_dags/example_python_operator.py for tasks to queue
[2022-08-21 13:51:38,296] {logging_mixin.py:115} INFO - [2022-08-21 13:51:38,296] {dagbag.py:508} INFO - Filling up the DagBag from /home/airflow/.local/lib/python3.7/site-packages/airflow/example_dags/example_python_operator.py
[2022-08-21 13:51:38,309] {processor.py:651} INFO - DAG(s) dict_keys(['example_python_operator']) retrieved from /home/airflow/.local/lib/python3.7/site-packages/airflow/example_dags/example_python_operator.py
[2022-08-21 13:51:38,333] {logging_mixin.py:115} INFO - [2022-08-21 13:51:38,333] {dag.py:2420} INFO - Sync 1 DAGs
[2022-08-21 13:51:38,352] {logging_mixin.py:115} INFO - [2022-08-21 13:51:38,352] {dag.py:2972} INFO - Setting next_dagrun for example_python_operator to None, run_after=None
[2022-08-21 13:51:38,369] {processor.py:161} INFO - Processing /home/airflow/.local/lib/python3.7/site-packages/airflow/example_dags/example_python_operator.py took 0.076 seconds
[2022-08-21 13:52:08,565] {processor.py:153} INFO - Started process (PID=3986) to work on /home/airflow/.local/lib/python3.7/site-packages/airflow/example_dags/example_python_operator.py
[2022-08-21 13:52:08,569] {processor.py:641} INFO - Processing file /home/airflow/.local/lib/python3.7/site-packages/airflow/example_dags/example_python_operator.py for tasks to queue
[2022-08-21 13:52:08,571] {logging_mixin.py:115} INFO - [2022-08-21 13:52:08,571] {dagbag.py:508} INFO - Filling up the DagBag from /home/airflow/.local/lib/python3.7/site-packages/airflow/example_dags/example_python_operator.py
[2022-08-21 13:52:08,589] {processor.py:651} INFO - DAG(s) dict_keys(['example_python_operator']) retrieved from /home/airflow/.local/lib/python3.7/site-packages/airflow/example_dags/example_python_operator.py
[2022-08-21 13:52:08,621] {logging_mixin.py:115} INFO - [2022-08-21 13:52:08,621] {dag.py:2420} INFO - Sync 1 DAGs
[2022-08-21 13:52:08,656] {logging_mixin.py:115} INFO - [2022-08-21 13:52:08,656] {dag.py:2972} INFO - Setting next_dagrun for example_python_operator to None, run_after=None
[2022-08-21 13:52:08,681] {processor.py:161} INFO - Processing /home/airflow/.local/lib/python3.7/site-packages/airflow/example_dags/example_python_operator.py took 0.122 seconds
[2022-08-21 13:52:38,887] {processor.py:153} INFO - Started process (PID=4038) to work on /home/airflow/.local/lib/python3.7/site-packages/airflow/example_dags/example_python_operator.py
[2022-08-21 13:52:38,891] {processor.py:641} INFO - Processing file /home/airflow/.local/lib/python3.7/site-packages/airflow/example_dags/example_python_operator.py for tasks to queue
[2022-08-21 13:52:38,893] {logging_mixin.py:115} INFO - [2022-08-21 13:52:38,893] {dagbag.py:508} INFO - Filling up the DagBag from /home/airflow/.local/lib/python3.7/site-packages/airflow/example_dags/example_python_operator.py
[2022-08-21 13:52:38,949] {processor.py:651} INFO - DAG(s) dict_keys(['example_python_operator']) retrieved from /home/airflow/.local/lib/python3.7/site-packages/airflow/example_dags/example_python_operator.py
[2022-08-21 13:52:39,026] {logging_mixin.py:115} INFO - [2022-08-21 13:52:39,026] {dag.py:2420} INFO - Sync 1 DAGs
[2022-08-21 13:52:39,093] {logging_mixin.py:115} INFO - [2022-08-21 13:52:39,093] {dag.py:2972} INFO - Setting next_dagrun for example_python_operator to None, run_after=None
[2022-08-21 13:52:39,117] {processor.py:161} INFO - Processing /home/airflow/.local/lib/python3.7/site-packages/airflow/example_dags/example_python_operator.py took 0.249 seconds
[2022-08-21 13:53:09,281] {processor.py:153} INFO - Started process (PID=4099) to work on /home/airflow/.local/lib/python3.7/site-packages/airflow/example_dags/example_python_operator.py
[2022-08-21 13:53:09,282] {processor.py:641} INFO - Processing file /home/airflow/.local/lib/python3.7/site-packages/airflow/example_dags/example_python_operator.py for tasks to queue
[2022-08-21 13:53:09,283] {logging_mixin.py:115} INFO - [2022-08-21 13:53:09,283] {dagbag.py:508} INFO - Filling up the DagBag from /home/airflow/.local/lib/python3.7/site-packages/airflow/example_dags/example_python_operator.py
[2022-08-21 13:53:09,298] {processor.py:651} INFO - DAG(s) dict_keys(['example_python_operator']) retrieved from /home/airflow/.local/lib/python3.7/site-packages/airflow/example_dags/example_python_operator.py
[2022-08-21 13:53:09,323] {logging_mixin.py:115} INFO - [2022-08-21 13:53:09,323] {dag.py:2420} INFO - Sync 1 DAGs
[2022-08-21 13:53:09,343] {logging_mixin.py:115} INFO - [2022-08-21 13:53:09,342] {dag.py:2972} INFO - Setting next_dagrun for example_python_operator to None, run_after=None
[2022-08-21 13:53:09,357] {processor.py:161} INFO - Processing /home/airflow/.local/lib/python3.7/site-packages/airflow/example_dags/example_python_operator.py took 0.078 seconds
[2022-08-21 13:53:39,492] {processor.py:153} INFO - Started process (PID=4160) to work on /home/airflow/.local/lib/python3.7/site-packages/airflow/example_dags/example_python_operator.py
[2022-08-21 13:53:39,493] {processor.py:641} INFO - Processing file /home/airflow/.local/lib/python3.7/site-packages/airflow/example_dags/example_python_operator.py for tasks to queue
[2022-08-21 13:53:39,494] {logging_mixin.py:115} INFO - [2022-08-21 13:53:39,494] {dagbag.py:508} INFO - Filling up the DagBag from /home/airflow/.local/lib/python3.7/site-packages/airflow/example_dags/example_python_operator.py
[2022-08-21 13:53:39,509] {processor.py:651} INFO - DAG(s) dict_keys(['example_python_operator']) retrieved from /home/airflow/.local/lib/python3.7/site-packages/airflow/example_dags/example_python_operator.py
[2022-08-21 13:53:39,535] {logging_mixin.py:115} INFO - [2022-08-21 13:53:39,534] {dag.py:2420} INFO - Sync 1 DAGs
[2022-08-21 13:53:39,557] {logging_mixin.py:115} INFO - [2022-08-21 13:53:39,557] {dag.py:2972} INFO - Setting next_dagrun for example_python_operator to None, run_after=None
[2022-08-21 13:53:39,576] {processor.py:161} INFO - Processing /home/airflow/.local/lib/python3.7/site-packages/airflow/example_dags/example_python_operator.py took 0.086 seconds
