[2022-08-21 13:17:57,591] {processor.py:153} INFO - Started process (PID=48) to work on /home/airflow/.local/lib/python3.7/site-packages/airflow/example_dags/example_short_circuit_operator.py
[2022-08-21 13:17:57,592] {processor.py:641} INFO - Processing file /home/airflow/.local/lib/python3.7/site-packages/airflow/example_dags/example_short_circuit_operator.py for tasks to queue
[2022-08-21 13:17:57,593] {logging_mixin.py:115} INFO - [2022-08-21 13:17:57,592] {dagbag.py:508} INFO - Filling up the DagBag from /home/airflow/.local/lib/python3.7/site-packages/airflow/example_dags/example_short_circuit_operator.py
[2022-08-21 13:17:57,611] {processor.py:651} INFO - DAG(s) dict_keys(['example_short_circuit_operator']) retrieved from /home/airflow/.local/lib/python3.7/site-packages/airflow/example_dags/example_short_circuit_operator.py
[2022-08-21 13:17:57,662] {logging_mixin.py:115} INFO - [2022-08-21 13:17:57,662] {dag.py:2420} INFO - Sync 1 DAGs
[2022-08-21 13:17:57,693] {logging_mixin.py:115} INFO - [2022-08-21 13:17:57,692] {dag.py:2972} INFO - Setting next_dagrun for example_short_circuit_operator to 2022-08-20T13:17:57.692667+00:00, run_after=2022-08-21T13:17:57.692667+00:00
[2022-08-21 13:17:57,716] {processor.py:161} INFO - Processing /home/airflow/.local/lib/python3.7/site-packages/airflow/example_dags/example_short_circuit_operator.py took 0.128 seconds
[2022-08-21 13:18:28,664] {processor.py:153} INFO - Started process (PID=101) to work on /home/airflow/.local/lib/python3.7/site-packages/airflow/example_dags/example_short_circuit_operator.py
[2022-08-21 13:18:28,665] {processor.py:641} INFO - Processing file /home/airflow/.local/lib/python3.7/site-packages/airflow/example_dags/example_short_circuit_operator.py for tasks to queue
[2022-08-21 13:18:28,665] {logging_mixin.py:115} INFO - [2022-08-21 13:18:28,665] {dagbag.py:508} INFO - Filling up the DagBag from /home/airflow/.local/lib/python3.7/site-packages/airflow/example_dags/example_short_circuit_operator.py
[2022-08-21 13:18:28,676] {processor.py:651} INFO - DAG(s) dict_keys(['example_short_circuit_operator']) retrieved from /home/airflow/.local/lib/python3.7/site-packages/airflow/example_dags/example_short_circuit_operator.py
[2022-08-21 13:18:28,704] {logging_mixin.py:115} INFO - [2022-08-21 13:18:28,704] {dag.py:2420} INFO - Sync 1 DAGs
[2022-08-21 13:18:28,725] {logging_mixin.py:115} INFO - [2022-08-21 13:18:28,725] {dag.py:2972} INFO - Setting next_dagrun for example_short_circuit_operator to 2022-08-20T13:18:28.725157+00:00, run_after=2022-08-21T13:18:28.725157+00:00
[2022-08-21 13:18:28,743] {processor.py:161} INFO - Processing /home/airflow/.local/lib/python3.7/site-packages/airflow/example_dags/example_short_circuit_operator.py took 0.083 seconds
[2022-08-21 13:18:58,941] {processor.py:153} INFO - Started process (PID=164) to work on /home/airflow/.local/lib/python3.7/site-packages/airflow/example_dags/example_short_circuit_operator.py
[2022-08-21 13:18:58,942] {processor.py:641} INFO - Processing file /home/airflow/.local/lib/python3.7/site-packages/airflow/example_dags/example_short_circuit_operator.py for tasks to queue
[2022-08-21 13:18:58,942] {logging_mixin.py:115} INFO - [2022-08-21 13:18:58,942] {dagbag.py:508} INFO - Filling up the DagBag from /home/airflow/.local/lib/python3.7/site-packages/airflow/example_dags/example_short_circuit_operator.py
[2022-08-21 13:18:58,950] {processor.py:651} INFO - DAG(s) dict_keys(['example_short_circuit_operator']) retrieved from /home/airflow/.local/lib/python3.7/site-packages/airflow/example_dags/example_short_circuit_operator.py
[2022-08-21 13:18:58,977] {logging_mixin.py:115} INFO - [2022-08-21 13:18:58,977] {dag.py:2420} INFO - Sync 1 DAGs
[2022-08-21 13:18:58,997] {logging_mixin.py:115} INFO - [2022-08-21 13:18:58,996] {dag.py:2972} INFO - Setting next_dagrun for example_short_circuit_operator to 2022-08-20T13:18:58.996697+00:00, run_after=2022-08-21T13:18:58.996697+00:00
[2022-08-21 13:18:59,015] {processor.py:161} INFO - Processing /home/airflow/.local/lib/python3.7/site-packages/airflow/example_dags/example_short_circuit_operator.py took 0.077 seconds
[2022-08-21 13:19:29,136] {processor.py:153} INFO - Started process (PID=226) to work on /home/airflow/.local/lib/python3.7/site-packages/airflow/example_dags/example_short_circuit_operator.py
[2022-08-21 13:19:29,138] {processor.py:641} INFO - Processing file /home/airflow/.local/lib/python3.7/site-packages/airflow/example_dags/example_short_circuit_operator.py for tasks to queue
[2022-08-21 13:19:29,140] {logging_mixin.py:115} INFO - [2022-08-21 13:19:29,140] {dagbag.py:508} INFO - Filling up the DagBag from /home/airflow/.local/lib/python3.7/site-packages/airflow/example_dags/example_short_circuit_operator.py
[2022-08-21 13:19:29,150] {processor.py:651} INFO - DAG(s) dict_keys(['example_short_circuit_operator']) retrieved from /home/airflow/.local/lib/python3.7/site-packages/airflow/example_dags/example_short_circuit_operator.py
[2022-08-21 13:19:29,184] {logging_mixin.py:115} INFO - [2022-08-21 13:19:29,183] {dag.py:2420} INFO - Sync 1 DAGs
[2022-08-21 13:19:29,211] {logging_mixin.py:115} INFO - [2022-08-21 13:19:29,211] {dag.py:2972} INFO - Setting next_dagrun for example_short_circuit_operator to 2022-08-20T13:19:29.211537+00:00, run_after=2022-08-21T13:19:29.211537+00:00
[2022-08-21 13:19:29,231] {processor.py:161} INFO - Processing /home/airflow/.local/lib/python3.7/site-packages/airflow/example_dags/example_short_circuit_operator.py took 0.097 seconds
[2022-08-21 13:19:59,875] {processor.py:153} INFO - Started process (PID=278) to work on /home/airflow/.local/lib/python3.7/site-packages/airflow/example_dags/example_short_circuit_operator.py
[2022-08-21 13:19:59,876] {processor.py:641} INFO - Processing file /home/airflow/.local/lib/python3.7/site-packages/airflow/example_dags/example_short_circuit_operator.py for tasks to queue
[2022-08-21 13:19:59,876] {logging_mixin.py:115} INFO - [2022-08-21 13:19:59,876] {dagbag.py:508} INFO - Filling up the DagBag from /home/airflow/.local/lib/python3.7/site-packages/airflow/example_dags/example_short_circuit_operator.py
[2022-08-21 13:19:59,883] {processor.py:651} INFO - DAG(s) dict_keys(['example_short_circuit_operator']) retrieved from /home/airflow/.local/lib/python3.7/site-packages/airflow/example_dags/example_short_circuit_operator.py
[2022-08-21 13:19:59,914] {logging_mixin.py:115} INFO - [2022-08-21 13:19:59,914] {dag.py:2420} INFO - Sync 1 DAGs
[2022-08-21 13:19:59,940] {logging_mixin.py:115} INFO - [2022-08-21 13:19:59,940] {dag.py:2972} INFO - Setting next_dagrun for example_short_circuit_operator to 2022-08-20T13:19:59.940333+00:00, run_after=2022-08-21T13:19:59.940333+00:00
[2022-08-21 13:19:59,957] {processor.py:161} INFO - Processing /home/airflow/.local/lib/python3.7/site-packages/airflow/example_dags/example_short_circuit_operator.py took 0.086 seconds
[2022-08-21 13:20:30,341] {processor.py:153} INFO - Started process (PID=340) to work on /home/airflow/.local/lib/python3.7/site-packages/airflow/example_dags/example_short_circuit_operator.py
[2022-08-21 13:20:30,343] {processor.py:641} INFO - Processing file /home/airflow/.local/lib/python3.7/site-packages/airflow/example_dags/example_short_circuit_operator.py for tasks to queue
[2022-08-21 13:20:30,343] {logging_mixin.py:115} INFO - [2022-08-21 13:20:30,343] {dagbag.py:508} INFO - Filling up the DagBag from /home/airflow/.local/lib/python3.7/site-packages/airflow/example_dags/example_short_circuit_operator.py
[2022-08-21 13:20:30,350] {processor.py:651} INFO - DAG(s) dict_keys(['example_short_circuit_operator']) retrieved from /home/airflow/.local/lib/python3.7/site-packages/airflow/example_dags/example_short_circuit_operator.py
[2022-08-21 13:20:30,377] {logging_mixin.py:115} INFO - [2022-08-21 13:20:30,377] {dag.py:2420} INFO - Sync 1 DAGs
[2022-08-21 13:20:30,400] {logging_mixin.py:115} INFO - [2022-08-21 13:20:30,400] {dag.py:2972} INFO - Setting next_dagrun for example_short_circuit_operator to 2022-08-20T13:20:30.400516+00:00, run_after=2022-08-21T13:20:30.400516+00:00
[2022-08-21 13:20:30,418] {processor.py:161} INFO - Processing /home/airflow/.local/lib/python3.7/site-packages/airflow/example_dags/example_short_circuit_operator.py took 0.079 seconds
[2022-08-21 13:21:00,486] {processor.py:153} INFO - Started process (PID=401) to work on /home/airflow/.local/lib/python3.7/site-packages/airflow/example_dags/example_short_circuit_operator.py
[2022-08-21 13:21:00,487] {processor.py:641} INFO - Processing file /home/airflow/.local/lib/python3.7/site-packages/airflow/example_dags/example_short_circuit_operator.py for tasks to queue
[2022-08-21 13:21:00,488] {logging_mixin.py:115} INFO - [2022-08-21 13:21:00,488] {dagbag.py:508} INFO - Filling up the DagBag from /home/airflow/.local/lib/python3.7/site-packages/airflow/example_dags/example_short_circuit_operator.py
[2022-08-21 13:21:00,502] {processor.py:651} INFO - DAG(s) dict_keys(['example_short_circuit_operator']) retrieved from /home/airflow/.local/lib/python3.7/site-packages/airflow/example_dags/example_short_circuit_operator.py
[2022-08-21 13:21:00,532] {logging_mixin.py:115} INFO - [2022-08-21 13:21:00,532] {dag.py:2420} INFO - Sync 1 DAGs
[2022-08-21 13:21:00,557] {logging_mixin.py:115} INFO - [2022-08-21 13:21:00,556] {dag.py:2972} INFO - Setting next_dagrun for example_short_circuit_operator to 2022-08-20T13:21:00.556671+00:00, run_after=2022-08-21T13:21:00.556671+00:00
[2022-08-21 13:21:00,579] {processor.py:161} INFO - Processing /home/airflow/.local/lib/python3.7/site-packages/airflow/example_dags/example_short_circuit_operator.py took 0.096 seconds
[2022-08-21 13:21:30,639] {processor.py:153} INFO - Started process (PID=453) to work on /home/airflow/.local/lib/python3.7/site-packages/airflow/example_dags/example_short_circuit_operator.py
[2022-08-21 13:21:30,639] {processor.py:641} INFO - Processing file /home/airflow/.local/lib/python3.7/site-packages/airflow/example_dags/example_short_circuit_operator.py for tasks to queue
[2022-08-21 13:21:30,640] {logging_mixin.py:115} INFO - [2022-08-21 13:21:30,640] {dagbag.py:508} INFO - Filling up the DagBag from /home/airflow/.local/lib/python3.7/site-packages/airflow/example_dags/example_short_circuit_operator.py
[2022-08-21 13:21:30,648] {processor.py:651} INFO - DAG(s) dict_keys(['example_short_circuit_operator']) retrieved from /home/airflow/.local/lib/python3.7/site-packages/airflow/example_dags/example_short_circuit_operator.py
[2022-08-21 13:21:30,676] {logging_mixin.py:115} INFO - [2022-08-21 13:21:30,676] {dag.py:2420} INFO - Sync 1 DAGs
[2022-08-21 13:21:30,709] {logging_mixin.py:115} INFO - [2022-08-21 13:21:30,709] {dag.py:2972} INFO - Setting next_dagrun for example_short_circuit_operator to 2022-08-20T13:21:30.709044+00:00, run_after=2022-08-21T13:21:30.709044+00:00
[2022-08-21 13:21:30,722] {processor.py:161} INFO - Processing /home/airflow/.local/lib/python3.7/site-packages/airflow/example_dags/example_short_circuit_operator.py took 0.086 seconds
[2022-08-21 13:22:01,070] {processor.py:153} INFO - Started process (PID=515) to work on /home/airflow/.local/lib/python3.7/site-packages/airflow/example_dags/example_short_circuit_operator.py
[2022-08-21 13:22:01,071] {processor.py:641} INFO - Processing file /home/airflow/.local/lib/python3.7/site-packages/airflow/example_dags/example_short_circuit_operator.py for tasks to queue
[2022-08-21 13:22:01,072] {logging_mixin.py:115} INFO - [2022-08-21 13:22:01,072] {dagbag.py:508} INFO - Filling up the DagBag from /home/airflow/.local/lib/python3.7/site-packages/airflow/example_dags/example_short_circuit_operator.py
[2022-08-21 13:22:01,082] {processor.py:651} INFO - DAG(s) dict_keys(['example_short_circuit_operator']) retrieved from /home/airflow/.local/lib/python3.7/site-packages/airflow/example_dags/example_short_circuit_operator.py
[2022-08-21 13:22:01,118] {logging_mixin.py:115} INFO - [2022-08-21 13:22:01,118] {dag.py:2420} INFO - Sync 1 DAGs
[2022-08-21 13:22:01,155] {logging_mixin.py:115} INFO - [2022-08-21 13:22:01,155] {dag.py:2972} INFO - Setting next_dagrun for example_short_circuit_operator to 2022-08-20T13:22:01.154873+00:00, run_after=2022-08-21T13:22:01.154873+00:00
[2022-08-21 13:22:01,175] {processor.py:161} INFO - Processing /home/airflow/.local/lib/python3.7/site-packages/airflow/example_dags/example_short_circuit_operator.py took 0.110 seconds
[2022-08-21 13:22:31,250] {processor.py:153} INFO - Started process (PID=567) to work on /home/airflow/.local/lib/python3.7/site-packages/airflow/example_dags/example_short_circuit_operator.py
[2022-08-21 13:22:31,251] {processor.py:641} INFO - Processing file /home/airflow/.local/lib/python3.7/site-packages/airflow/example_dags/example_short_circuit_operator.py for tasks to queue
[2022-08-21 13:22:31,252] {logging_mixin.py:115} INFO - [2022-08-21 13:22:31,252] {dagbag.py:508} INFO - Filling up the DagBag from /home/airflow/.local/lib/python3.7/site-packages/airflow/example_dags/example_short_circuit_operator.py
[2022-08-21 13:22:31,261] {processor.py:651} INFO - DAG(s) dict_keys(['example_short_circuit_operator']) retrieved from /home/airflow/.local/lib/python3.7/site-packages/airflow/example_dags/example_short_circuit_operator.py
[2022-08-21 13:22:31,288] {logging_mixin.py:115} INFO - [2022-08-21 13:22:31,288] {dag.py:2420} INFO - Sync 1 DAGs
[2022-08-21 13:22:31,308] {logging_mixin.py:115} INFO - [2022-08-21 13:22:31,308] {dag.py:2972} INFO - Setting next_dagrun for example_short_circuit_operator to 2022-08-20T13:22:31.307856+00:00, run_after=2022-08-21T13:22:31.307856+00:00
[2022-08-21 13:22:31,321] {processor.py:161} INFO - Processing /home/airflow/.local/lib/python3.7/site-packages/airflow/example_dags/example_short_circuit_operator.py took 0.073 seconds
[2022-08-21 13:23:01,684] {processor.py:153} INFO - Started process (PID=630) to work on /home/airflow/.local/lib/python3.7/site-packages/airflow/example_dags/example_short_circuit_operator.py
[2022-08-21 13:23:01,685] {processor.py:641} INFO - Processing file /home/airflow/.local/lib/python3.7/site-packages/airflow/example_dags/example_short_circuit_operator.py for tasks to queue
[2022-08-21 13:23:01,686] {logging_mixin.py:115} INFO - [2022-08-21 13:23:01,685] {dagbag.py:508} INFO - Filling up the DagBag from /home/airflow/.local/lib/python3.7/site-packages/airflow/example_dags/example_short_circuit_operator.py
[2022-08-21 13:23:01,693] {processor.py:651} INFO - DAG(s) dict_keys(['example_short_circuit_operator']) retrieved from /home/airflow/.local/lib/python3.7/site-packages/airflow/example_dags/example_short_circuit_operator.py
[2022-08-21 13:23:01,719] {logging_mixin.py:115} INFO - [2022-08-21 13:23:01,719] {dag.py:2420} INFO - Sync 1 DAGs
[2022-08-21 13:23:01,739] {logging_mixin.py:115} INFO - [2022-08-21 13:23:01,739] {dag.py:2972} INFO - Setting next_dagrun for example_short_circuit_operator to 2022-08-20T13:23:01.739025+00:00, run_after=2022-08-21T13:23:01.739025+00:00
[2022-08-21 13:23:01,756] {processor.py:161} INFO - Processing /home/airflow/.local/lib/python3.7/site-packages/airflow/example_dags/example_short_circuit_operator.py took 0.075 seconds
[2022-08-21 13:23:32,655] {processor.py:153} INFO - Started process (PID=691) to work on /home/airflow/.local/lib/python3.7/site-packages/airflow/example_dags/example_short_circuit_operator.py
[2022-08-21 13:23:32,655] {processor.py:641} INFO - Processing file /home/airflow/.local/lib/python3.7/site-packages/airflow/example_dags/example_short_circuit_operator.py for tasks to queue
[2022-08-21 13:23:32,656] {logging_mixin.py:115} INFO - [2022-08-21 13:23:32,656] {dagbag.py:508} INFO - Filling up the DagBag from /home/airflow/.local/lib/python3.7/site-packages/airflow/example_dags/example_short_circuit_operator.py
[2022-08-21 13:23:32,666] {processor.py:651} INFO - DAG(s) dict_keys(['example_short_circuit_operator']) retrieved from /home/airflow/.local/lib/python3.7/site-packages/airflow/example_dags/example_short_circuit_operator.py
[2022-08-21 13:23:32,695] {logging_mixin.py:115} INFO - [2022-08-21 13:23:32,695] {dag.py:2420} INFO - Sync 1 DAGs
[2022-08-21 13:23:32,717] {logging_mixin.py:115} INFO - [2022-08-21 13:23:32,716] {dag.py:2972} INFO - Setting next_dagrun for example_short_circuit_operator to 2022-08-20T13:23:32.716784+00:00, run_after=2022-08-21T13:23:32.716784+00:00
[2022-08-21 13:23:32,738] {processor.py:161} INFO - Processing /home/airflow/.local/lib/python3.7/site-packages/airflow/example_dags/example_short_circuit_operator.py took 0.086 seconds
[2022-08-21 13:24:02,937] {processor.py:153} INFO - Started process (PID=743) to work on /home/airflow/.local/lib/python3.7/site-packages/airflow/example_dags/example_short_circuit_operator.py
[2022-08-21 13:24:02,940] {processor.py:641} INFO - Processing file /home/airflow/.local/lib/python3.7/site-packages/airflow/example_dags/example_short_circuit_operator.py for tasks to queue
[2022-08-21 13:24:02,941] {logging_mixin.py:115} INFO - [2022-08-21 13:24:02,941] {dagbag.py:508} INFO - Filling up the DagBag from /home/airflow/.local/lib/python3.7/site-packages/airflow/example_dags/example_short_circuit_operator.py
[2022-08-21 13:24:02,953] {processor.py:651} INFO - DAG(s) dict_keys(['example_short_circuit_operator']) retrieved from /home/airflow/.local/lib/python3.7/site-packages/airflow/example_dags/example_short_circuit_operator.py
[2022-08-21 13:24:02,983] {logging_mixin.py:115} INFO - [2022-08-21 13:24:02,983] {dag.py:2420} INFO - Sync 1 DAGs
[2022-08-21 13:24:03,006] {logging_mixin.py:115} INFO - [2022-08-21 13:24:03,006] {dag.py:2972} INFO - Setting next_dagrun for example_short_circuit_operator to 2022-08-20T13:24:03.006529+00:00, run_after=2022-08-21T13:24:03.006529+00:00
[2022-08-21 13:24:03,032] {processor.py:161} INFO - Processing /home/airflow/.local/lib/python3.7/site-packages/airflow/example_dags/example_short_circuit_operator.py took 0.100 seconds
[2022-08-21 13:24:33,399] {processor.py:153} INFO - Started process (PID=804) to work on /home/airflow/.local/lib/python3.7/site-packages/airflow/example_dags/example_short_circuit_operator.py
[2022-08-21 13:24:33,400] {processor.py:641} INFO - Processing file /home/airflow/.local/lib/python3.7/site-packages/airflow/example_dags/example_short_circuit_operator.py for tasks to queue
[2022-08-21 13:24:33,401] {logging_mixin.py:115} INFO - [2022-08-21 13:24:33,401] {dagbag.py:508} INFO - Filling up the DagBag from /home/airflow/.local/lib/python3.7/site-packages/airflow/example_dags/example_short_circuit_operator.py
[2022-08-21 13:24:33,410] {processor.py:651} INFO - DAG(s) dict_keys(['example_short_circuit_operator']) retrieved from /home/airflow/.local/lib/python3.7/site-packages/airflow/example_dags/example_short_circuit_operator.py
[2022-08-21 13:24:33,438] {logging_mixin.py:115} INFO - [2022-08-21 13:24:33,438] {dag.py:2420} INFO - Sync 1 DAGs
[2022-08-21 13:24:33,460] {logging_mixin.py:115} INFO - [2022-08-21 13:24:33,460] {dag.py:2972} INFO - Setting next_dagrun for example_short_circuit_operator to 2022-08-20T13:24:33.459770+00:00, run_after=2022-08-21T13:24:33.459770+00:00
[2022-08-21 13:24:33,480] {processor.py:161} INFO - Processing /home/airflow/.local/lib/python3.7/site-packages/airflow/example_dags/example_short_circuit_operator.py took 0.084 seconds
[2022-08-21 13:25:03,523] {processor.py:153} INFO - Started process (PID=855) to work on /home/airflow/.local/lib/python3.7/site-packages/airflow/example_dags/example_short_circuit_operator.py
[2022-08-21 13:25:03,524] {processor.py:641} INFO - Processing file /home/airflow/.local/lib/python3.7/site-packages/airflow/example_dags/example_short_circuit_operator.py for tasks to queue
[2022-08-21 13:25:03,524] {logging_mixin.py:115} INFO - [2022-08-21 13:25:03,524] {dagbag.py:508} INFO - Filling up the DagBag from /home/airflow/.local/lib/python3.7/site-packages/airflow/example_dags/example_short_circuit_operator.py
[2022-08-21 13:25:03,531] {processor.py:651} INFO - DAG(s) dict_keys(['example_short_circuit_operator']) retrieved from /home/airflow/.local/lib/python3.7/site-packages/airflow/example_dags/example_short_circuit_operator.py
[2022-08-21 13:25:03,554] {logging_mixin.py:115} INFO - [2022-08-21 13:25:03,554] {dag.py:2420} INFO - Sync 1 DAGs
[2022-08-21 13:25:03,571] {logging_mixin.py:115} INFO - [2022-08-21 13:25:03,571] {dag.py:2972} INFO - Setting next_dagrun for example_short_circuit_operator to 2022-08-20T13:25:03.571502+00:00, run_after=2022-08-21T13:25:03.571502+00:00
[2022-08-21 13:25:03,588] {processor.py:161} INFO - Processing /home/airflow/.local/lib/python3.7/site-packages/airflow/example_dags/example_short_circuit_operator.py took 0.068 seconds
[2022-08-21 13:25:33,673] {processor.py:153} INFO - Started process (PID=917) to work on /home/airflow/.local/lib/python3.7/site-packages/airflow/example_dags/example_short_circuit_operator.py
[2022-08-21 13:25:33,675] {processor.py:641} INFO - Processing file /home/airflow/.local/lib/python3.7/site-packages/airflow/example_dags/example_short_circuit_operator.py for tasks to queue
[2022-08-21 13:25:33,675] {logging_mixin.py:115} INFO - [2022-08-21 13:25:33,675] {dagbag.py:508} INFO - Filling up the DagBag from /home/airflow/.local/lib/python3.7/site-packages/airflow/example_dags/example_short_circuit_operator.py
[2022-08-21 13:25:33,683] {processor.py:651} INFO - DAG(s) dict_keys(['example_short_circuit_operator']) retrieved from /home/airflow/.local/lib/python3.7/site-packages/airflow/example_dags/example_short_circuit_operator.py
[2022-08-21 13:25:33,707] {logging_mixin.py:115} INFO - [2022-08-21 13:25:33,707] {dag.py:2420} INFO - Sync 1 DAGs
[2022-08-21 13:25:33,725] {logging_mixin.py:115} INFO - [2022-08-21 13:25:33,725] {dag.py:2972} INFO - Setting next_dagrun for example_short_circuit_operator to 2022-08-20T13:25:33.725627+00:00, run_after=2022-08-21T13:25:33.725627+00:00
[2022-08-21 13:25:33,743] {processor.py:161} INFO - Processing /home/airflow/.local/lib/python3.7/site-packages/airflow/example_dags/example_short_circuit_operator.py took 0.072 seconds
[2022-08-21 13:26:03,925] {processor.py:153} INFO - Started process (PID=979) to work on /home/airflow/.local/lib/python3.7/site-packages/airflow/example_dags/example_short_circuit_operator.py
[2022-08-21 13:26:03,925] {processor.py:641} INFO - Processing file /home/airflow/.local/lib/python3.7/site-packages/airflow/example_dags/example_short_circuit_operator.py for tasks to queue
[2022-08-21 13:26:03,926] {logging_mixin.py:115} INFO - [2022-08-21 13:26:03,926] {dagbag.py:508} INFO - Filling up the DagBag from /home/airflow/.local/lib/python3.7/site-packages/airflow/example_dags/example_short_circuit_operator.py
[2022-08-21 13:26:03,933] {processor.py:651} INFO - DAG(s) dict_keys(['example_short_circuit_operator']) retrieved from /home/airflow/.local/lib/python3.7/site-packages/airflow/example_dags/example_short_circuit_operator.py
[2022-08-21 13:26:03,959] {logging_mixin.py:115} INFO - [2022-08-21 13:26:03,959] {dag.py:2420} INFO - Sync 1 DAGs
[2022-08-21 13:26:03,979] {logging_mixin.py:115} INFO - [2022-08-21 13:26:03,979] {dag.py:2972} INFO - Setting next_dagrun for example_short_circuit_operator to 2022-08-20T13:26:03.979363+00:00, run_after=2022-08-21T13:26:03.979363+00:00
[2022-08-21 13:26:03,997] {processor.py:161} INFO - Processing /home/airflow/.local/lib/python3.7/site-packages/airflow/example_dags/example_short_circuit_operator.py took 0.075 seconds
[2022-08-21 13:26:34,131] {processor.py:153} INFO - Started process (PID=1031) to work on /home/airflow/.local/lib/python3.7/site-packages/airflow/example_dags/example_short_circuit_operator.py
[2022-08-21 13:26:34,132] {processor.py:641} INFO - Processing file /home/airflow/.local/lib/python3.7/site-packages/airflow/example_dags/example_short_circuit_operator.py for tasks to queue
[2022-08-21 13:26:34,133] {logging_mixin.py:115} INFO - [2022-08-21 13:26:34,133] {dagbag.py:508} INFO - Filling up the DagBag from /home/airflow/.local/lib/python3.7/site-packages/airflow/example_dags/example_short_circuit_operator.py
[2022-08-21 13:26:34,141] {processor.py:651} INFO - DAG(s) dict_keys(['example_short_circuit_operator']) retrieved from /home/airflow/.local/lib/python3.7/site-packages/airflow/example_dags/example_short_circuit_operator.py
[2022-08-21 13:26:34,167] {logging_mixin.py:115} INFO - [2022-08-21 13:26:34,167] {dag.py:2420} INFO - Sync 1 DAGs
[2022-08-21 13:26:34,188] {logging_mixin.py:115} INFO - [2022-08-21 13:26:34,188] {dag.py:2972} INFO - Setting next_dagrun for example_short_circuit_operator to 2022-08-20T13:26:34.187935+00:00, run_after=2022-08-21T13:26:34.187935+00:00
[2022-08-21 13:26:34,206] {processor.py:161} INFO - Processing /home/airflow/.local/lib/python3.7/site-packages/airflow/example_dags/example_short_circuit_operator.py took 0.077 seconds
[2022-08-21 13:27:04,331] {processor.py:153} INFO - Started process (PID=1092) to work on /home/airflow/.local/lib/python3.7/site-packages/airflow/example_dags/example_short_circuit_operator.py
[2022-08-21 13:27:04,332] {processor.py:641} INFO - Processing file /home/airflow/.local/lib/python3.7/site-packages/airflow/example_dags/example_short_circuit_operator.py for tasks to queue
[2022-08-21 13:27:04,333] {logging_mixin.py:115} INFO - [2022-08-21 13:27:04,332] {dagbag.py:508} INFO - Filling up the DagBag from /home/airflow/.local/lib/python3.7/site-packages/airflow/example_dags/example_short_circuit_operator.py
[2022-08-21 13:27:04,340] {processor.py:651} INFO - DAG(s) dict_keys(['example_short_circuit_operator']) retrieved from /home/airflow/.local/lib/python3.7/site-packages/airflow/example_dags/example_short_circuit_operator.py
[2022-08-21 13:27:04,365] {logging_mixin.py:115} INFO - [2022-08-21 13:27:04,365] {dag.py:2420} INFO - Sync 1 DAGs
[2022-08-21 13:27:04,384] {logging_mixin.py:115} INFO - [2022-08-21 13:27:04,384] {dag.py:2972} INFO - Setting next_dagrun for example_short_circuit_operator to 2022-08-20T13:27:04.384579+00:00, run_after=2022-08-21T13:27:04.384579+00:00
[2022-08-21 13:27:04,405] {processor.py:161} INFO - Processing /home/airflow/.local/lib/python3.7/site-packages/airflow/example_dags/example_short_circuit_operator.py took 0.077 seconds
[2022-08-21 13:27:34,545] {processor.py:153} INFO - Started process (PID=1154) to work on /home/airflow/.local/lib/python3.7/site-packages/airflow/example_dags/example_short_circuit_operator.py
[2022-08-21 13:27:34,545] {processor.py:641} INFO - Processing file /home/airflow/.local/lib/python3.7/site-packages/airflow/example_dags/example_short_circuit_operator.py for tasks to queue
[2022-08-21 13:27:34,546] {logging_mixin.py:115} INFO - [2022-08-21 13:27:34,546] {dagbag.py:508} INFO - Filling up the DagBag from /home/airflow/.local/lib/python3.7/site-packages/airflow/example_dags/example_short_circuit_operator.py
[2022-08-21 13:27:34,553] {processor.py:651} INFO - DAG(s) dict_keys(['example_short_circuit_operator']) retrieved from /home/airflow/.local/lib/python3.7/site-packages/airflow/example_dags/example_short_circuit_operator.py
[2022-08-21 13:27:34,580] {logging_mixin.py:115} INFO - [2022-08-21 13:27:34,580] {dag.py:2420} INFO - Sync 1 DAGs
[2022-08-21 13:27:34,600] {logging_mixin.py:115} INFO - [2022-08-21 13:27:34,599] {dag.py:2972} INFO - Setting next_dagrun for example_short_circuit_operator to 2022-08-20T13:27:34.599567+00:00, run_after=2022-08-21T13:27:34.599567+00:00
[2022-08-21 13:27:34,617] {processor.py:161} INFO - Processing /home/airflow/.local/lib/python3.7/site-packages/airflow/example_dags/example_short_circuit_operator.py took 0.075 seconds
[2022-08-21 13:28:04,795] {processor.py:153} INFO - Started process (PID=1206) to work on /home/airflow/.local/lib/python3.7/site-packages/airflow/example_dags/example_short_circuit_operator.py
[2022-08-21 13:28:04,795] {processor.py:641} INFO - Processing file /home/airflow/.local/lib/python3.7/site-packages/airflow/example_dags/example_short_circuit_operator.py for tasks to queue
[2022-08-21 13:28:04,796] {logging_mixin.py:115} INFO - [2022-08-21 13:28:04,796] {dagbag.py:508} INFO - Filling up the DagBag from /home/airflow/.local/lib/python3.7/site-packages/airflow/example_dags/example_short_circuit_operator.py
[2022-08-21 13:28:04,804] {processor.py:651} INFO - DAG(s) dict_keys(['example_short_circuit_operator']) retrieved from /home/airflow/.local/lib/python3.7/site-packages/airflow/example_dags/example_short_circuit_operator.py
[2022-08-21 13:28:04,829] {logging_mixin.py:115} INFO - [2022-08-21 13:28:04,829] {dag.py:2420} INFO - Sync 1 DAGs
[2022-08-21 13:28:04,851] {logging_mixin.py:115} INFO - [2022-08-21 13:28:04,851] {dag.py:2972} INFO - Setting next_dagrun for example_short_circuit_operator to 2022-08-20T13:28:04.850822+00:00, run_after=2022-08-21T13:28:04.850822+00:00
[2022-08-21 13:28:04,870] {processor.py:161} INFO - Processing /home/airflow/.local/lib/python3.7/site-packages/airflow/example_dags/example_short_circuit_operator.py took 0.078 seconds
[2022-08-21 13:28:35,638] {processor.py:153} INFO - Started process (PID=1268) to work on /home/airflow/.local/lib/python3.7/site-packages/airflow/example_dags/example_short_circuit_operator.py
[2022-08-21 13:28:35,639] {processor.py:641} INFO - Processing file /home/airflow/.local/lib/python3.7/site-packages/airflow/example_dags/example_short_circuit_operator.py for tasks to queue
[2022-08-21 13:28:35,639] {logging_mixin.py:115} INFO - [2022-08-21 13:28:35,639] {dagbag.py:508} INFO - Filling up the DagBag from /home/airflow/.local/lib/python3.7/site-packages/airflow/example_dags/example_short_circuit_operator.py
[2022-08-21 13:28:35,647] {processor.py:651} INFO - DAG(s) dict_keys(['example_short_circuit_operator']) retrieved from /home/airflow/.local/lib/python3.7/site-packages/airflow/example_dags/example_short_circuit_operator.py
[2022-08-21 13:28:35,671] {logging_mixin.py:115} INFO - [2022-08-21 13:28:35,671] {dag.py:2420} INFO - Sync 1 DAGs
[2022-08-21 13:28:35,690] {logging_mixin.py:115} INFO - [2022-08-21 13:28:35,690] {dag.py:2972} INFO - Setting next_dagrun for example_short_circuit_operator to 2022-08-20T13:28:35.689890+00:00, run_after=2022-08-21T13:28:35.689890+00:00
[2022-08-21 13:28:35,702] {processor.py:161} INFO - Processing /home/airflow/.local/lib/python3.7/site-packages/airflow/example_dags/example_short_circuit_operator.py took 0.067 seconds
[2022-08-21 13:29:06,549] {processor.py:153} INFO - Started process (PID=1329) to work on /home/airflow/.local/lib/python3.7/site-packages/airflow/example_dags/example_short_circuit_operator.py
[2022-08-21 13:29:06,550] {processor.py:641} INFO - Processing file /home/airflow/.local/lib/python3.7/site-packages/airflow/example_dags/example_short_circuit_operator.py for tasks to queue
[2022-08-21 13:29:06,551] {logging_mixin.py:115} INFO - [2022-08-21 13:29:06,551] {dagbag.py:508} INFO - Filling up the DagBag from /home/airflow/.local/lib/python3.7/site-packages/airflow/example_dags/example_short_circuit_operator.py
[2022-08-21 13:29:06,561] {processor.py:651} INFO - DAG(s) dict_keys(['example_short_circuit_operator']) retrieved from /home/airflow/.local/lib/python3.7/site-packages/airflow/example_dags/example_short_circuit_operator.py
[2022-08-21 13:29:06,586] {logging_mixin.py:115} INFO - [2022-08-21 13:29:06,586] {dag.py:2420} INFO - Sync 1 DAGs
[2022-08-21 13:29:06,606] {logging_mixin.py:115} INFO - [2022-08-21 13:29:06,606] {dag.py:2972} INFO - Setting next_dagrun for example_short_circuit_operator to 2022-08-20T13:29:06.606476+00:00, run_after=2022-08-21T13:29:06.606476+00:00
[2022-08-21 13:29:06,620] {processor.py:161} INFO - Processing /home/airflow/.local/lib/python3.7/site-packages/airflow/example_dags/example_short_circuit_operator.py took 0.074 seconds
[2022-08-21 13:29:37,368] {processor.py:153} INFO - Started process (PID=1381) to work on /home/airflow/.local/lib/python3.7/site-packages/airflow/example_dags/example_short_circuit_operator.py
[2022-08-21 13:29:37,368] {processor.py:641} INFO - Processing file /home/airflow/.local/lib/python3.7/site-packages/airflow/example_dags/example_short_circuit_operator.py for tasks to queue
[2022-08-21 13:29:37,369] {logging_mixin.py:115} INFO - [2022-08-21 13:29:37,369] {dagbag.py:508} INFO - Filling up the DagBag from /home/airflow/.local/lib/python3.7/site-packages/airflow/example_dags/example_short_circuit_operator.py
[2022-08-21 13:29:37,376] {processor.py:651} INFO - DAG(s) dict_keys(['example_short_circuit_operator']) retrieved from /home/airflow/.local/lib/python3.7/site-packages/airflow/example_dags/example_short_circuit_operator.py
[2022-08-21 13:29:37,402] {logging_mixin.py:115} INFO - [2022-08-21 13:29:37,402] {dag.py:2420} INFO - Sync 1 DAGs
[2022-08-21 13:29:37,421] {logging_mixin.py:115} INFO - [2022-08-21 13:29:37,421] {dag.py:2972} INFO - Setting next_dagrun for example_short_circuit_operator to 2022-08-20T13:29:37.420962+00:00, run_after=2022-08-21T13:29:37.420962+00:00
[2022-08-21 13:29:37,435] {processor.py:161} INFO - Processing /home/airflow/.local/lib/python3.7/site-packages/airflow/example_dags/example_short_circuit_operator.py took 0.070 seconds
[2022-08-21 13:30:08,308] {processor.py:153} INFO - Started process (PID=1442) to work on /home/airflow/.local/lib/python3.7/site-packages/airflow/example_dags/example_short_circuit_operator.py
[2022-08-21 13:30:08,310] {processor.py:641} INFO - Processing file /home/airflow/.local/lib/python3.7/site-packages/airflow/example_dags/example_short_circuit_operator.py for tasks to queue
[2022-08-21 13:30:08,311] {logging_mixin.py:115} INFO - [2022-08-21 13:30:08,311] {dagbag.py:508} INFO - Filling up the DagBag from /home/airflow/.local/lib/python3.7/site-packages/airflow/example_dags/example_short_circuit_operator.py
[2022-08-21 13:30:08,325] {processor.py:651} INFO - DAG(s) dict_keys(['example_short_circuit_operator']) retrieved from /home/airflow/.local/lib/python3.7/site-packages/airflow/example_dags/example_short_circuit_operator.py
[2022-08-21 13:30:08,369] {logging_mixin.py:115} INFO - [2022-08-21 13:30:08,369] {dag.py:2420} INFO - Sync 1 DAGs
[2022-08-21 13:30:08,400] {logging_mixin.py:115} INFO - [2022-08-21 13:30:08,400] {dag.py:2972} INFO - Setting next_dagrun for example_short_circuit_operator to 2022-08-20T13:30:08.399930+00:00, run_after=2022-08-21T13:30:08.399930+00:00
[2022-08-21 13:30:08,415] {processor.py:161} INFO - Processing /home/airflow/.local/lib/python3.7/site-packages/airflow/example_dags/example_short_circuit_operator.py took 0.111 seconds
[2022-08-21 13:30:38,465] {processor.py:153} INFO - Started process (PID=1504) to work on /home/airflow/.local/lib/python3.7/site-packages/airflow/example_dags/example_short_circuit_operator.py
[2022-08-21 13:30:38,466] {processor.py:641} INFO - Processing file /home/airflow/.local/lib/python3.7/site-packages/airflow/example_dags/example_short_circuit_operator.py for tasks to queue
[2022-08-21 13:30:38,467] {logging_mixin.py:115} INFO - [2022-08-21 13:30:38,467] {dagbag.py:508} INFO - Filling up the DagBag from /home/airflow/.local/lib/python3.7/site-packages/airflow/example_dags/example_short_circuit_operator.py
[2022-08-21 13:30:38,474] {processor.py:651} INFO - DAG(s) dict_keys(['example_short_circuit_operator']) retrieved from /home/airflow/.local/lib/python3.7/site-packages/airflow/example_dags/example_short_circuit_operator.py
[2022-08-21 13:30:38,504] {logging_mixin.py:115} INFO - [2022-08-21 13:30:38,504] {dag.py:2420} INFO - Sync 1 DAGs
[2022-08-21 13:30:38,535] {logging_mixin.py:115} INFO - [2022-08-21 13:30:38,534] {dag.py:2972} INFO - Setting next_dagrun for example_short_circuit_operator to 2022-08-20T13:30:38.534358+00:00, run_after=2022-08-21T13:30:38.534358+00:00
[2022-08-21 13:30:38,549] {processor.py:161} INFO - Processing /home/airflow/.local/lib/python3.7/site-packages/airflow/example_dags/example_short_circuit_operator.py took 0.087 seconds
[2022-08-21 13:31:08,616] {processor.py:153} INFO - Started process (PID=1556) to work on /home/airflow/.local/lib/python3.7/site-packages/airflow/example_dags/example_short_circuit_operator.py
[2022-08-21 13:31:08,617] {processor.py:641} INFO - Processing file /home/airflow/.local/lib/python3.7/site-packages/airflow/example_dags/example_short_circuit_operator.py for tasks to queue
[2022-08-21 13:31:08,618] {logging_mixin.py:115} INFO - [2022-08-21 13:31:08,618] {dagbag.py:508} INFO - Filling up the DagBag from /home/airflow/.local/lib/python3.7/site-packages/airflow/example_dags/example_short_circuit_operator.py
[2022-08-21 13:31:08,628] {processor.py:651} INFO - DAG(s) dict_keys(['example_short_circuit_operator']) retrieved from /home/airflow/.local/lib/python3.7/site-packages/airflow/example_dags/example_short_circuit_operator.py
[2022-08-21 13:31:08,659] {logging_mixin.py:115} INFO - [2022-08-21 13:31:08,659] {dag.py:2420} INFO - Sync 1 DAGs
[2022-08-21 13:31:08,685] {logging_mixin.py:115} INFO - [2022-08-21 13:31:08,684] {dag.py:2972} INFO - Setting next_dagrun for example_short_circuit_operator to 2022-08-20T13:31:08.684448+00:00, run_after=2022-08-21T13:31:08.684448+00:00
[2022-08-21 13:31:08,700] {processor.py:161} INFO - Processing /home/airflow/.local/lib/python3.7/site-packages/airflow/example_dags/example_short_circuit_operator.py took 0.087 seconds
[2022-08-21 13:31:38,945] {processor.py:153} INFO - Started process (PID=1617) to work on /home/airflow/.local/lib/python3.7/site-packages/airflow/example_dags/example_short_circuit_operator.py
[2022-08-21 13:31:38,946] {processor.py:641} INFO - Processing file /home/airflow/.local/lib/python3.7/site-packages/airflow/example_dags/example_short_circuit_operator.py for tasks to queue
[2022-08-21 13:31:38,947] {logging_mixin.py:115} INFO - [2022-08-21 13:31:38,947] {dagbag.py:508} INFO - Filling up the DagBag from /home/airflow/.local/lib/python3.7/site-packages/airflow/example_dags/example_short_circuit_operator.py
[2022-08-21 13:31:38,958] {processor.py:651} INFO - DAG(s) dict_keys(['example_short_circuit_operator']) retrieved from /home/airflow/.local/lib/python3.7/site-packages/airflow/example_dags/example_short_circuit_operator.py
[2022-08-21 13:31:38,991] {logging_mixin.py:115} INFO - [2022-08-21 13:31:38,991] {dag.py:2420} INFO - Sync 1 DAGs
[2022-08-21 13:31:39,023] {logging_mixin.py:115} INFO - [2022-08-21 13:31:39,023] {dag.py:2972} INFO - Setting next_dagrun for example_short_circuit_operator to 2022-08-20T13:31:39.023107+00:00, run_after=2022-08-21T13:31:39.023107+00:00
[2022-08-21 13:31:39,045] {processor.py:161} INFO - Processing /home/airflow/.local/lib/python3.7/site-packages/airflow/example_dags/example_short_circuit_operator.py took 0.102 seconds
[2022-08-21 13:32:09,906] {processor.py:153} INFO - Started process (PID=1679) to work on /home/airflow/.local/lib/python3.7/site-packages/airflow/example_dags/example_short_circuit_operator.py
[2022-08-21 13:32:09,907] {processor.py:641} INFO - Processing file /home/airflow/.local/lib/python3.7/site-packages/airflow/example_dags/example_short_circuit_operator.py for tasks to queue
[2022-08-21 13:32:09,908] {logging_mixin.py:115} INFO - [2022-08-21 13:32:09,908] {dagbag.py:508} INFO - Filling up the DagBag from /home/airflow/.local/lib/python3.7/site-packages/airflow/example_dags/example_short_circuit_operator.py
[2022-08-21 13:32:09,917] {processor.py:651} INFO - DAG(s) dict_keys(['example_short_circuit_operator']) retrieved from /home/airflow/.local/lib/python3.7/site-packages/airflow/example_dags/example_short_circuit_operator.py
[2022-08-21 13:32:09,948] {logging_mixin.py:115} INFO - [2022-08-21 13:32:09,948] {dag.py:2420} INFO - Sync 1 DAGs
[2022-08-21 13:32:09,978] {logging_mixin.py:115} INFO - [2022-08-21 13:32:09,978] {dag.py:2972} INFO - Setting next_dagrun for example_short_circuit_operator to 2022-08-20T13:32:09.978072+00:00, run_after=2022-08-21T13:32:09.978072+00:00
[2022-08-21 13:32:10,000] {processor.py:161} INFO - Processing /home/airflow/.local/lib/python3.7/site-packages/airflow/example_dags/example_short_circuit_operator.py took 0.097 seconds
[2022-08-21 13:32:40,762] {processor.py:153} INFO - Started process (PID=1731) to work on /home/airflow/.local/lib/python3.7/site-packages/airflow/example_dags/example_short_circuit_operator.py
[2022-08-21 13:32:40,763] {processor.py:641} INFO - Processing file /home/airflow/.local/lib/python3.7/site-packages/airflow/example_dags/example_short_circuit_operator.py for tasks to queue
[2022-08-21 13:32:40,764] {logging_mixin.py:115} INFO - [2022-08-21 13:32:40,764] {dagbag.py:508} INFO - Filling up the DagBag from /home/airflow/.local/lib/python3.7/site-packages/airflow/example_dags/example_short_circuit_operator.py
[2022-08-21 13:32:40,772] {processor.py:651} INFO - DAG(s) dict_keys(['example_short_circuit_operator']) retrieved from /home/airflow/.local/lib/python3.7/site-packages/airflow/example_dags/example_short_circuit_operator.py
[2022-08-21 13:32:40,798] {logging_mixin.py:115} INFO - [2022-08-21 13:32:40,798] {dag.py:2420} INFO - Sync 1 DAGs
[2022-08-21 13:32:40,819] {logging_mixin.py:115} INFO - [2022-08-21 13:32:40,819] {dag.py:2972} INFO - Setting next_dagrun for example_short_circuit_operator to 2022-08-20T13:32:40.818965+00:00, run_after=2022-08-21T13:32:40.818965+00:00
[2022-08-21 13:32:40,838] {processor.py:161} INFO - Processing /home/airflow/.local/lib/python3.7/site-packages/airflow/example_dags/example_short_circuit_operator.py took 0.078 seconds
[2022-08-21 13:33:11,751] {processor.py:153} INFO - Started process (PID=1793) to work on /home/airflow/.local/lib/python3.7/site-packages/airflow/example_dags/example_short_circuit_operator.py
[2022-08-21 13:33:11,752] {processor.py:641} INFO - Processing file /home/airflow/.local/lib/python3.7/site-packages/airflow/example_dags/example_short_circuit_operator.py for tasks to queue
[2022-08-21 13:33:11,752] {logging_mixin.py:115} INFO - [2022-08-21 13:33:11,752] {dagbag.py:508} INFO - Filling up the DagBag from /home/airflow/.local/lib/python3.7/site-packages/airflow/example_dags/example_short_circuit_operator.py
[2022-08-21 13:33:11,761] {processor.py:651} INFO - DAG(s) dict_keys(['example_short_circuit_operator']) retrieved from /home/airflow/.local/lib/python3.7/site-packages/airflow/example_dags/example_short_circuit_operator.py
[2022-08-21 13:33:11,796] {logging_mixin.py:115} INFO - [2022-08-21 13:33:11,796] {dag.py:2420} INFO - Sync 1 DAGs
[2022-08-21 13:33:11,820] {logging_mixin.py:115} INFO - [2022-08-21 13:33:11,820] {dag.py:2972} INFO - Setting next_dagrun for example_short_circuit_operator to 2022-08-20T13:33:11.820084+00:00, run_after=2022-08-21T13:33:11.820084+00:00
[2022-08-21 13:33:11,836] {processor.py:161} INFO - Processing /home/airflow/.local/lib/python3.7/site-packages/airflow/example_dags/example_short_circuit_operator.py took 0.088 seconds
[2022-08-21 13:33:42,571] {processor.py:153} INFO - Started process (PID=1854) to work on /home/airflow/.local/lib/python3.7/site-packages/airflow/example_dags/example_short_circuit_operator.py
[2022-08-21 13:33:42,572] {processor.py:641} INFO - Processing file /home/airflow/.local/lib/python3.7/site-packages/airflow/example_dags/example_short_circuit_operator.py for tasks to queue
[2022-08-21 13:33:42,573] {logging_mixin.py:115} INFO - [2022-08-21 13:33:42,573] {dagbag.py:508} INFO - Filling up the DagBag from /home/airflow/.local/lib/python3.7/site-packages/airflow/example_dags/example_short_circuit_operator.py
[2022-08-21 13:33:42,581] {processor.py:651} INFO - DAG(s) dict_keys(['example_short_circuit_operator']) retrieved from /home/airflow/.local/lib/python3.7/site-packages/airflow/example_dags/example_short_circuit_operator.py
[2022-08-21 13:33:42,611] {logging_mixin.py:115} INFO - [2022-08-21 13:33:42,611] {dag.py:2420} INFO - Sync 1 DAGs
[2022-08-21 13:33:42,633] {logging_mixin.py:115} INFO - [2022-08-21 13:33:42,633] {dag.py:2972} INFO - Setting next_dagrun for example_short_circuit_operator to 2022-08-20T13:33:42.633069+00:00, run_after=2022-08-21T13:33:42.633069+00:00
[2022-08-21 13:33:42,652] {processor.py:161} INFO - Processing /home/airflow/.local/lib/python3.7/site-packages/airflow/example_dags/example_short_circuit_operator.py took 0.084 seconds
[2022-08-21 13:34:13,488] {processor.py:153} INFO - Started process (PID=1906) to work on /home/airflow/.local/lib/python3.7/site-packages/airflow/example_dags/example_short_circuit_operator.py
[2022-08-21 13:34:13,490] {processor.py:641} INFO - Processing file /home/airflow/.local/lib/python3.7/site-packages/airflow/example_dags/example_short_circuit_operator.py for tasks to queue
[2022-08-21 13:34:13,491] {logging_mixin.py:115} INFO - [2022-08-21 13:34:13,491] {dagbag.py:508} INFO - Filling up the DagBag from /home/airflow/.local/lib/python3.7/site-packages/airflow/example_dags/example_short_circuit_operator.py
[2022-08-21 13:34:13,501] {processor.py:651} INFO - DAG(s) dict_keys(['example_short_circuit_operator']) retrieved from /home/airflow/.local/lib/python3.7/site-packages/airflow/example_dags/example_short_circuit_operator.py
[2022-08-21 13:34:13,526] {logging_mixin.py:115} INFO - [2022-08-21 13:34:13,526] {dag.py:2420} INFO - Sync 1 DAGs
[2022-08-21 13:34:13,546] {logging_mixin.py:115} INFO - [2022-08-21 13:34:13,546] {dag.py:2972} INFO - Setting next_dagrun for example_short_circuit_operator to 2022-08-20T13:34:13.546601+00:00, run_after=2022-08-21T13:34:13.546601+00:00
[2022-08-21 13:34:13,559] {processor.py:161} INFO - Processing /home/airflow/.local/lib/python3.7/site-packages/airflow/example_dags/example_short_circuit_operator.py took 0.075 seconds
[2022-08-21 13:34:43,777] {processor.py:153} INFO - Started process (PID=1967) to work on /home/airflow/.local/lib/python3.7/site-packages/airflow/example_dags/example_short_circuit_operator.py
[2022-08-21 13:34:43,778] {processor.py:641} INFO - Processing file /home/airflow/.local/lib/python3.7/site-packages/airflow/example_dags/example_short_circuit_operator.py for tasks to queue
[2022-08-21 13:34:43,779] {logging_mixin.py:115} INFO - [2022-08-21 13:34:43,779] {dagbag.py:508} INFO - Filling up the DagBag from /home/airflow/.local/lib/python3.7/site-packages/airflow/example_dags/example_short_circuit_operator.py
[2022-08-21 13:34:43,786] {processor.py:651} INFO - DAG(s) dict_keys(['example_short_circuit_operator']) retrieved from /home/airflow/.local/lib/python3.7/site-packages/airflow/example_dags/example_short_circuit_operator.py
[2022-08-21 13:34:43,812] {logging_mixin.py:115} INFO - [2022-08-21 13:34:43,812] {dag.py:2420} INFO - Sync 1 DAGs
[2022-08-21 13:34:43,836] {logging_mixin.py:115} INFO - [2022-08-21 13:34:43,836] {dag.py:2972} INFO - Setting next_dagrun for example_short_circuit_operator to 2022-08-20T13:34:43.835816+00:00, run_after=2022-08-21T13:34:43.835816+00:00
[2022-08-21 13:34:43,853] {processor.py:161} INFO - Processing /home/airflow/.local/lib/python3.7/site-packages/airflow/example_dags/example_short_circuit_operator.py took 0.078 seconds
[2022-08-21 13:35:14,787] {processor.py:153} INFO - Started process (PID=2028) to work on /home/airflow/.local/lib/python3.7/site-packages/airflow/example_dags/example_short_circuit_operator.py
[2022-08-21 13:35:14,788] {processor.py:641} INFO - Processing file /home/airflow/.local/lib/python3.7/site-packages/airflow/example_dags/example_short_circuit_operator.py for tasks to queue
[2022-08-21 13:35:14,789] {logging_mixin.py:115} INFO - [2022-08-21 13:35:14,789] {dagbag.py:508} INFO - Filling up the DagBag from /home/airflow/.local/lib/python3.7/site-packages/airflow/example_dags/example_short_circuit_operator.py
[2022-08-21 13:35:14,797] {processor.py:651} INFO - DAG(s) dict_keys(['example_short_circuit_operator']) retrieved from /home/airflow/.local/lib/python3.7/site-packages/airflow/example_dags/example_short_circuit_operator.py
[2022-08-21 13:35:14,825] {logging_mixin.py:115} INFO - [2022-08-21 13:35:14,825] {dag.py:2420} INFO - Sync 1 DAGs
[2022-08-21 13:35:14,847] {logging_mixin.py:115} INFO - [2022-08-21 13:35:14,847] {dag.py:2972} INFO - Setting next_dagrun for example_short_circuit_operator to 2022-08-20T13:35:14.846684+00:00, run_after=2022-08-21T13:35:14.846684+00:00
[2022-08-21 13:35:14,868] {processor.py:161} INFO - Processing /home/airflow/.local/lib/python3.7/site-packages/airflow/example_dags/example_short_circuit_operator.py took 0.083 seconds
[2022-08-21 13:35:45,796] {processor.py:153} INFO - Started process (PID=2087) to work on /home/airflow/.local/lib/python3.7/site-packages/airflow/example_dags/example_short_circuit_operator.py
[2022-08-21 13:35:45,797] {processor.py:641} INFO - Processing file /home/airflow/.local/lib/python3.7/site-packages/airflow/example_dags/example_short_circuit_operator.py for tasks to queue
[2022-08-21 13:35:45,798] {logging_mixin.py:115} INFO - [2022-08-21 13:35:45,798] {dagbag.py:508} INFO - Filling up the DagBag from /home/airflow/.local/lib/python3.7/site-packages/airflow/example_dags/example_short_circuit_operator.py
[2022-08-21 13:35:45,809] {processor.py:651} INFO - DAG(s) dict_keys(['example_short_circuit_operator']) retrieved from /home/airflow/.local/lib/python3.7/site-packages/airflow/example_dags/example_short_circuit_operator.py
[2022-08-21 13:35:45,837] {logging_mixin.py:115} INFO - [2022-08-21 13:35:45,836] {dag.py:2420} INFO - Sync 1 DAGs
[2022-08-21 13:35:45,857] {logging_mixin.py:115} INFO - [2022-08-21 13:35:45,857] {dag.py:2972} INFO - Setting next_dagrun for example_short_circuit_operator to 2022-08-20T13:35:45.857527+00:00, run_after=2022-08-21T13:35:45.857527+00:00
[2022-08-21 13:35:45,877] {processor.py:161} INFO - Processing /home/airflow/.local/lib/python3.7/site-packages/airflow/example_dags/example_short_circuit_operator.py took 0.083 seconds
[2022-08-21 13:36:16,740] {processor.py:153} INFO - Started process (PID=2141) to work on /home/airflow/.local/lib/python3.7/site-packages/airflow/example_dags/example_short_circuit_operator.py
[2022-08-21 13:36:16,741] {processor.py:641} INFO - Processing file /home/airflow/.local/lib/python3.7/site-packages/airflow/example_dags/example_short_circuit_operator.py for tasks to queue
[2022-08-21 13:36:16,742] {logging_mixin.py:115} INFO - [2022-08-21 13:36:16,742] {dagbag.py:508} INFO - Filling up the DagBag from /home/airflow/.local/lib/python3.7/site-packages/airflow/example_dags/example_short_circuit_operator.py
[2022-08-21 13:36:16,750] {processor.py:651} INFO - DAG(s) dict_keys(['example_short_circuit_operator']) retrieved from /home/airflow/.local/lib/python3.7/site-packages/airflow/example_dags/example_short_circuit_operator.py
[2022-08-21 13:36:16,777] {logging_mixin.py:115} INFO - [2022-08-21 13:36:16,777] {dag.py:2420} INFO - Sync 1 DAGs
[2022-08-21 13:36:16,799] {logging_mixin.py:115} INFO - [2022-08-21 13:36:16,799] {dag.py:2972} INFO - Setting next_dagrun for example_short_circuit_operator to 2022-08-20T13:36:16.799350+00:00, run_after=2022-08-21T13:36:16.799350+00:00
[2022-08-21 13:36:16,818] {processor.py:161} INFO - Processing /home/airflow/.local/lib/python3.7/site-packages/airflow/example_dags/example_short_circuit_operator.py took 0.080 seconds
[2022-08-21 13:36:47,593] {processor.py:153} INFO - Started process (PID=2203) to work on /home/airflow/.local/lib/python3.7/site-packages/airflow/example_dags/example_short_circuit_operator.py
[2022-08-21 13:36:47,594] {processor.py:641} INFO - Processing file /home/airflow/.local/lib/python3.7/site-packages/airflow/example_dags/example_short_circuit_operator.py for tasks to queue
[2022-08-21 13:36:47,595] {logging_mixin.py:115} INFO - [2022-08-21 13:36:47,595] {dagbag.py:508} INFO - Filling up the DagBag from /home/airflow/.local/lib/python3.7/site-packages/airflow/example_dags/example_short_circuit_operator.py
[2022-08-21 13:36:47,608] {processor.py:651} INFO - DAG(s) dict_keys(['example_short_circuit_operator']) retrieved from /home/airflow/.local/lib/python3.7/site-packages/airflow/example_dags/example_short_circuit_operator.py
[2022-08-21 13:36:47,645] {logging_mixin.py:115} INFO - [2022-08-21 13:36:47,645] {dag.py:2420} INFO - Sync 1 DAGs
[2022-08-21 13:36:47,674] {logging_mixin.py:115} INFO - [2022-08-21 13:36:47,674] {dag.py:2972} INFO - Setting next_dagrun for example_short_circuit_operator to 2022-08-20T13:36:47.673752+00:00, run_after=2022-08-21T13:36:47.673752+00:00
[2022-08-21 13:36:47,688] {processor.py:161} INFO - Processing /home/airflow/.local/lib/python3.7/site-packages/airflow/example_dags/example_short_circuit_operator.py took 0.099 seconds
[2022-08-21 13:37:18,461] {processor.py:153} INFO - Started process (PID=2265) to work on /home/airflow/.local/lib/python3.7/site-packages/airflow/example_dags/example_short_circuit_operator.py
[2022-08-21 13:37:18,462] {processor.py:641} INFO - Processing file /home/airflow/.local/lib/python3.7/site-packages/airflow/example_dags/example_short_circuit_operator.py for tasks to queue
[2022-08-21 13:37:18,463] {logging_mixin.py:115} INFO - [2022-08-21 13:37:18,463] {dagbag.py:508} INFO - Filling up the DagBag from /home/airflow/.local/lib/python3.7/site-packages/airflow/example_dags/example_short_circuit_operator.py
[2022-08-21 13:37:18,469] {processor.py:651} INFO - DAG(s) dict_keys(['example_short_circuit_operator']) retrieved from /home/airflow/.local/lib/python3.7/site-packages/airflow/example_dags/example_short_circuit_operator.py
[2022-08-21 13:37:18,496] {logging_mixin.py:115} INFO - [2022-08-21 13:37:18,495] {dag.py:2420} INFO - Sync 1 DAGs
[2022-08-21 13:37:18,514] {logging_mixin.py:115} INFO - [2022-08-21 13:37:18,514] {dag.py:2972} INFO - Setting next_dagrun for example_short_circuit_operator to 2022-08-20T13:37:18.513990+00:00, run_after=2022-08-21T13:37:18.513990+00:00
[2022-08-21 13:37:18,531] {processor.py:161} INFO - Processing /home/airflow/.local/lib/python3.7/site-packages/airflow/example_dags/example_short_circuit_operator.py took 0.073 seconds
[2022-08-21 13:37:49,202] {processor.py:153} INFO - Started process (PID=2317) to work on /home/airflow/.local/lib/python3.7/site-packages/airflow/example_dags/example_short_circuit_operator.py
[2022-08-21 13:37:49,203] {processor.py:641} INFO - Processing file /home/airflow/.local/lib/python3.7/site-packages/airflow/example_dags/example_short_circuit_operator.py for tasks to queue
[2022-08-21 13:37:49,204] {logging_mixin.py:115} INFO - [2022-08-21 13:37:49,204] {dagbag.py:508} INFO - Filling up the DagBag from /home/airflow/.local/lib/python3.7/site-packages/airflow/example_dags/example_short_circuit_operator.py
[2022-08-21 13:37:49,215] {processor.py:651} INFO - DAG(s) dict_keys(['example_short_circuit_operator']) retrieved from /home/airflow/.local/lib/python3.7/site-packages/airflow/example_dags/example_short_circuit_operator.py
[2022-08-21 13:37:49,240] {logging_mixin.py:115} INFO - [2022-08-21 13:37:49,240] {dag.py:2420} INFO - Sync 1 DAGs
[2022-08-21 13:37:49,259] {logging_mixin.py:115} INFO - [2022-08-21 13:37:49,259] {dag.py:2972} INFO - Setting next_dagrun for example_short_circuit_operator to 2022-08-20T13:37:49.259192+00:00, run_after=2022-08-21T13:37:49.259192+00:00
[2022-08-21 13:37:49,277] {processor.py:161} INFO - Processing /home/airflow/.local/lib/python3.7/site-packages/airflow/example_dags/example_short_circuit_operator.py took 0.078 seconds
[2022-08-21 13:38:20,174] {processor.py:153} INFO - Started process (PID=2378) to work on /home/airflow/.local/lib/python3.7/site-packages/airflow/example_dags/example_short_circuit_operator.py
[2022-08-21 13:38:20,175] {processor.py:641} INFO - Processing file /home/airflow/.local/lib/python3.7/site-packages/airflow/example_dags/example_short_circuit_operator.py for tasks to queue
[2022-08-21 13:38:20,176] {logging_mixin.py:115} INFO - [2022-08-21 13:38:20,176] {dagbag.py:508} INFO - Filling up the DagBag from /home/airflow/.local/lib/python3.7/site-packages/airflow/example_dags/example_short_circuit_operator.py
[2022-08-21 13:38:20,184] {processor.py:651} INFO - DAG(s) dict_keys(['example_short_circuit_operator']) retrieved from /home/airflow/.local/lib/python3.7/site-packages/airflow/example_dags/example_short_circuit_operator.py
[2022-08-21 13:38:20,211] {logging_mixin.py:115} INFO - [2022-08-21 13:38:20,211] {dag.py:2420} INFO - Sync 1 DAGs
[2022-08-21 13:38:20,233] {logging_mixin.py:115} INFO - [2022-08-21 13:38:20,233] {dag.py:2972} INFO - Setting next_dagrun for example_short_circuit_operator to 2022-08-20T13:38:20.232880+00:00, run_after=2022-08-21T13:38:20.232880+00:00
[2022-08-21 13:38:20,253] {processor.py:161} INFO - Processing /home/airflow/.local/lib/python3.7/site-packages/airflow/example_dags/example_short_circuit_operator.py took 0.082 seconds
[2022-08-21 13:38:51,072] {processor.py:153} INFO - Started process (PID=2439) to work on /home/airflow/.local/lib/python3.7/site-packages/airflow/example_dags/example_short_circuit_operator.py
[2022-08-21 13:38:51,073] {processor.py:641} INFO - Processing file /home/airflow/.local/lib/python3.7/site-packages/airflow/example_dags/example_short_circuit_operator.py for tasks to queue
[2022-08-21 13:38:51,074] {logging_mixin.py:115} INFO - [2022-08-21 13:38:51,074] {dagbag.py:508} INFO - Filling up the DagBag from /home/airflow/.local/lib/python3.7/site-packages/airflow/example_dags/example_short_circuit_operator.py
[2022-08-21 13:38:51,083] {processor.py:651} INFO - DAG(s) dict_keys(['example_short_circuit_operator']) retrieved from /home/airflow/.local/lib/python3.7/site-packages/airflow/example_dags/example_short_circuit_operator.py
[2022-08-21 13:38:51,114] {logging_mixin.py:115} INFO - [2022-08-21 13:38:51,114] {dag.py:2420} INFO - Sync 1 DAGs
[2022-08-21 13:38:51,136] {logging_mixin.py:115} INFO - [2022-08-21 13:38:51,136] {dag.py:2972} INFO - Setting next_dagrun for example_short_circuit_operator to 2022-08-20T13:38:51.135734+00:00, run_after=2022-08-21T13:38:51.135734+00:00
[2022-08-21 13:38:51,152] {processor.py:161} INFO - Processing /home/airflow/.local/lib/python3.7/site-packages/airflow/example_dags/example_short_circuit_operator.py took 0.084 seconds
[2022-08-21 13:39:22,160] {processor.py:153} INFO - Started process (PID=2491) to work on /home/airflow/.local/lib/python3.7/site-packages/airflow/example_dags/example_short_circuit_operator.py
[2022-08-21 13:39:22,161] {processor.py:641} INFO - Processing file /home/airflow/.local/lib/python3.7/site-packages/airflow/example_dags/example_short_circuit_operator.py for tasks to queue
[2022-08-21 13:39:22,162] {logging_mixin.py:115} INFO - [2022-08-21 13:39:22,162] {dagbag.py:508} INFO - Filling up the DagBag from /home/airflow/.local/lib/python3.7/site-packages/airflow/example_dags/example_short_circuit_operator.py
[2022-08-21 13:39:22,171] {processor.py:651} INFO - DAG(s) dict_keys(['example_short_circuit_operator']) retrieved from /home/airflow/.local/lib/python3.7/site-packages/airflow/example_dags/example_short_circuit_operator.py
[2022-08-21 13:39:22,199] {logging_mixin.py:115} INFO - [2022-08-21 13:39:22,199] {dag.py:2420} INFO - Sync 1 DAGs
[2022-08-21 13:39:22,220] {logging_mixin.py:115} INFO - [2022-08-21 13:39:22,220] {dag.py:2972} INFO - Setting next_dagrun for example_short_circuit_operator to 2022-08-20T13:39:22.219870+00:00, run_after=2022-08-21T13:39:22.219870+00:00
[2022-08-21 13:39:22,240] {processor.py:161} INFO - Processing /home/airflow/.local/lib/python3.7/site-packages/airflow/example_dags/example_short_circuit_operator.py took 0.083 seconds
[2022-08-21 13:39:53,230] {processor.py:153} INFO - Started process (PID=2554) to work on /home/airflow/.local/lib/python3.7/site-packages/airflow/example_dags/example_short_circuit_operator.py
[2022-08-21 13:39:53,231] {processor.py:641} INFO - Processing file /home/airflow/.local/lib/python3.7/site-packages/airflow/example_dags/example_short_circuit_operator.py for tasks to queue
[2022-08-21 13:39:53,233] {logging_mixin.py:115} INFO - [2022-08-21 13:39:53,232] {dagbag.py:508} INFO - Filling up the DagBag from /home/airflow/.local/lib/python3.7/site-packages/airflow/example_dags/example_short_circuit_operator.py
[2022-08-21 13:39:53,247] {processor.py:651} INFO - DAG(s) dict_keys(['example_short_circuit_operator']) retrieved from /home/airflow/.local/lib/python3.7/site-packages/airflow/example_dags/example_short_circuit_operator.py
[2022-08-21 13:39:53,281] {logging_mixin.py:115} INFO - [2022-08-21 13:39:53,281] {dag.py:2420} INFO - Sync 1 DAGs
[2022-08-21 13:39:53,309] {logging_mixin.py:115} INFO - [2022-08-21 13:39:53,309] {dag.py:2972} INFO - Setting next_dagrun for example_short_circuit_operator to 2022-08-20T13:39:53.308686+00:00, run_after=2022-08-21T13:39:53.308686+00:00
[2022-08-21 13:39:53,331] {processor.py:161} INFO - Processing /home/airflow/.local/lib/python3.7/site-packages/airflow/example_dags/example_short_circuit_operator.py took 0.106 seconds
[2022-08-21 13:40:23,397] {processor.py:153} INFO - Started process (PID=2630) to work on /home/airflow/.local/lib/python3.7/site-packages/airflow/example_dags/example_short_circuit_operator.py
[2022-08-21 13:40:23,398] {processor.py:641} INFO - Processing file /home/airflow/.local/lib/python3.7/site-packages/airflow/example_dags/example_short_circuit_operator.py for tasks to queue
[2022-08-21 13:40:23,399] {logging_mixin.py:115} INFO - [2022-08-21 13:40:23,399] {dagbag.py:508} INFO - Filling up the DagBag from /home/airflow/.local/lib/python3.7/site-packages/airflow/example_dags/example_short_circuit_operator.py
[2022-08-21 13:40:23,410] {processor.py:651} INFO - DAG(s) dict_keys(['example_short_circuit_operator']) retrieved from /home/airflow/.local/lib/python3.7/site-packages/airflow/example_dags/example_short_circuit_operator.py
[2022-08-21 13:40:23,442] {logging_mixin.py:115} INFO - [2022-08-21 13:40:23,441] {dag.py:2420} INFO - Sync 1 DAGs
[2022-08-21 13:40:23,465] {logging_mixin.py:115} INFO - [2022-08-21 13:40:23,465] {dag.py:2972} INFO - Setting next_dagrun for example_short_circuit_operator to 2022-08-20T13:40:23.465171+00:00, run_after=2022-08-21T13:40:23.465171+00:00
[2022-08-21 13:40:23,483] {processor.py:161} INFO - Processing /home/airflow/.local/lib/python3.7/site-packages/airflow/example_dags/example_short_circuit_operator.py took 0.089 seconds
[2022-08-21 13:40:53,572] {processor.py:153} INFO - Started process (PID=2683) to work on /home/airflow/.local/lib/python3.7/site-packages/airflow/example_dags/example_short_circuit_operator.py
[2022-08-21 13:40:53,572] {processor.py:641} INFO - Processing file /home/airflow/.local/lib/python3.7/site-packages/airflow/example_dags/example_short_circuit_operator.py for tasks to queue
[2022-08-21 13:40:53,573] {logging_mixin.py:115} INFO - [2022-08-21 13:40:53,573] {dagbag.py:508} INFO - Filling up the DagBag from /home/airflow/.local/lib/python3.7/site-packages/airflow/example_dags/example_short_circuit_operator.py
[2022-08-21 13:40:53,586] {processor.py:651} INFO - DAG(s) dict_keys(['example_short_circuit_operator']) retrieved from /home/airflow/.local/lib/python3.7/site-packages/airflow/example_dags/example_short_circuit_operator.py
[2022-08-21 13:40:53,621] {logging_mixin.py:115} INFO - [2022-08-21 13:40:53,620] {dag.py:2420} INFO - Sync 1 DAGs
[2022-08-21 13:40:53,651] {logging_mixin.py:115} INFO - [2022-08-21 13:40:53,651] {dag.py:2972} INFO - Setting next_dagrun for example_short_circuit_operator to 2022-08-20T13:40:53.651025+00:00, run_after=2022-08-21T13:40:53.651025+00:00
[2022-08-21 13:40:53,670] {processor.py:161} INFO - Processing /home/airflow/.local/lib/python3.7/site-packages/airflow/example_dags/example_short_circuit_operator.py took 0.102 seconds
[2022-08-21 13:41:23,768] {processor.py:153} INFO - Started process (PID=2748) to work on /home/airflow/.local/lib/python3.7/site-packages/airflow/example_dags/example_short_circuit_operator.py
[2022-08-21 13:41:23,769] {processor.py:641} INFO - Processing file /home/airflow/.local/lib/python3.7/site-packages/airflow/example_dags/example_short_circuit_operator.py for tasks to queue
[2022-08-21 13:41:23,771] {logging_mixin.py:115} INFO - [2022-08-21 13:41:23,770] {dagbag.py:508} INFO - Filling up the DagBag from /home/airflow/.local/lib/python3.7/site-packages/airflow/example_dags/example_short_circuit_operator.py
[2022-08-21 13:41:23,780] {processor.py:651} INFO - DAG(s) dict_keys(['example_short_circuit_operator']) retrieved from /home/airflow/.local/lib/python3.7/site-packages/airflow/example_dags/example_short_circuit_operator.py
[2022-08-21 13:41:23,813] {logging_mixin.py:115} INFO - [2022-08-21 13:41:23,813] {dag.py:2420} INFO - Sync 1 DAGs
[2022-08-21 13:41:23,838] {logging_mixin.py:115} INFO - [2022-08-21 13:41:23,838] {dag.py:2972} INFO - Setting next_dagrun for example_short_circuit_operator to 2022-08-20T13:41:23.838091+00:00, run_after=2022-08-21T13:41:23.838091+00:00
[2022-08-21 13:41:23,860] {processor.py:161} INFO - Processing /home/airflow/.local/lib/python3.7/site-packages/airflow/example_dags/example_short_circuit_operator.py took 0.097 seconds
[2022-08-21 13:41:53,982] {processor.py:153} INFO - Started process (PID=2809) to work on /home/airflow/.local/lib/python3.7/site-packages/airflow/example_dags/example_short_circuit_operator.py
[2022-08-21 13:41:53,983] {processor.py:641} INFO - Processing file /home/airflow/.local/lib/python3.7/site-packages/airflow/example_dags/example_short_circuit_operator.py for tasks to queue
[2022-08-21 13:41:53,984] {logging_mixin.py:115} INFO - [2022-08-21 13:41:53,984] {dagbag.py:508} INFO - Filling up the DagBag from /home/airflow/.local/lib/python3.7/site-packages/airflow/example_dags/example_short_circuit_operator.py
[2022-08-21 13:41:53,994] {processor.py:651} INFO - DAG(s) dict_keys(['example_short_circuit_operator']) retrieved from /home/airflow/.local/lib/python3.7/site-packages/airflow/example_dags/example_short_circuit_operator.py
[2022-08-21 13:41:54,034] {logging_mixin.py:115} INFO - [2022-08-21 13:41:54,033] {dag.py:2420} INFO - Sync 1 DAGs
[2022-08-21 13:41:54,059] {logging_mixin.py:115} INFO - [2022-08-21 13:41:54,059] {dag.py:2972} INFO - Setting next_dagrun for example_short_circuit_operator to 2022-08-20T13:41:54.059080+00:00, run_after=2022-08-21T13:41:54.059080+00:00
[2022-08-21 13:41:54,078] {processor.py:161} INFO - Processing /home/airflow/.local/lib/python3.7/site-packages/airflow/example_dags/example_short_circuit_operator.py took 0.099 seconds
[2022-08-21 13:42:24,913] {processor.py:153} INFO - Started process (PID=2861) to work on /home/airflow/.local/lib/python3.7/site-packages/airflow/example_dags/example_short_circuit_operator.py
[2022-08-21 13:42:24,914] {processor.py:641} INFO - Processing file /home/airflow/.local/lib/python3.7/site-packages/airflow/example_dags/example_short_circuit_operator.py for tasks to queue
[2022-08-21 13:42:24,915] {logging_mixin.py:115} INFO - [2022-08-21 13:42:24,915] {dagbag.py:508} INFO - Filling up the DagBag from /home/airflow/.local/lib/python3.7/site-packages/airflow/example_dags/example_short_circuit_operator.py
[2022-08-21 13:42:24,925] {processor.py:651} INFO - DAG(s) dict_keys(['example_short_circuit_operator']) retrieved from /home/airflow/.local/lib/python3.7/site-packages/airflow/example_dags/example_short_circuit_operator.py
[2022-08-21 13:42:24,956] {logging_mixin.py:115} INFO - [2022-08-21 13:42:24,956] {dag.py:2420} INFO - Sync 1 DAGs
[2022-08-21 13:42:24,986] {logging_mixin.py:115} INFO - [2022-08-21 13:42:24,986] {dag.py:2972} INFO - Setting next_dagrun for example_short_circuit_operator to 2022-08-20T13:42:24.986139+00:00, run_after=2022-08-21T13:42:24.986139+00:00
[2022-08-21 13:42:25,008] {processor.py:161} INFO - Processing /home/airflow/.local/lib/python3.7/site-packages/airflow/example_dags/example_short_circuit_operator.py took 0.098 seconds
[2022-08-21 13:42:55,898] {processor.py:153} INFO - Started process (PID=2922) to work on /home/airflow/.local/lib/python3.7/site-packages/airflow/example_dags/example_short_circuit_operator.py
[2022-08-21 13:42:55,899] {processor.py:641} INFO - Processing file /home/airflow/.local/lib/python3.7/site-packages/airflow/example_dags/example_short_circuit_operator.py for tasks to queue
[2022-08-21 13:42:55,900] {logging_mixin.py:115} INFO - [2022-08-21 13:42:55,900] {dagbag.py:508} INFO - Filling up the DagBag from /home/airflow/.local/lib/python3.7/site-packages/airflow/example_dags/example_short_circuit_operator.py
[2022-08-21 13:42:55,909] {processor.py:651} INFO - DAG(s) dict_keys(['example_short_circuit_operator']) retrieved from /home/airflow/.local/lib/python3.7/site-packages/airflow/example_dags/example_short_circuit_operator.py
[2022-08-21 13:42:55,938] {logging_mixin.py:115} INFO - [2022-08-21 13:42:55,938] {dag.py:2420} INFO - Sync 1 DAGs
[2022-08-21 13:42:55,959] {logging_mixin.py:115} INFO - [2022-08-21 13:42:55,959] {dag.py:2972} INFO - Setting next_dagrun for example_short_circuit_operator to 2022-08-20T13:42:55.959124+00:00, run_after=2022-08-21T13:42:55.959124+00:00
[2022-08-21 13:42:55,979] {processor.py:161} INFO - Processing /home/airflow/.local/lib/python3.7/site-packages/airflow/example_dags/example_short_circuit_operator.py took 0.084 seconds
[2022-08-21 13:43:26,085] {processor.py:153} INFO - Started process (PID=2981) to work on /home/airflow/.local/lib/python3.7/site-packages/airflow/example_dags/example_short_circuit_operator.py
[2022-08-21 13:43:26,086] {processor.py:641} INFO - Processing file /home/airflow/.local/lib/python3.7/site-packages/airflow/example_dags/example_short_circuit_operator.py for tasks to queue
[2022-08-21 13:43:26,087] {logging_mixin.py:115} INFO - [2022-08-21 13:43:26,086] {dagbag.py:508} INFO - Filling up the DagBag from /home/airflow/.local/lib/python3.7/site-packages/airflow/example_dags/example_short_circuit_operator.py
[2022-08-21 13:43:26,100] {processor.py:651} INFO - DAG(s) dict_keys(['example_short_circuit_operator']) retrieved from /home/airflow/.local/lib/python3.7/site-packages/airflow/example_dags/example_short_circuit_operator.py
[2022-08-21 13:43:26,135] {logging_mixin.py:115} INFO - [2022-08-21 13:43:26,135] {dag.py:2420} INFO - Sync 1 DAGs
[2022-08-21 13:43:26,158] {logging_mixin.py:115} INFO - [2022-08-21 13:43:26,158] {dag.py:2972} INFO - Setting next_dagrun for example_short_circuit_operator to 2022-08-20T13:43:26.157906+00:00, run_after=2022-08-21T13:43:26.157906+00:00
[2022-08-21 13:43:26,180] {processor.py:161} INFO - Processing /home/airflow/.local/lib/python3.7/site-packages/airflow/example_dags/example_short_circuit_operator.py took 0.099 seconds
[2022-08-21 13:43:56,548] {processor.py:153} INFO - Started process (PID=3035) to work on /home/airflow/.local/lib/python3.7/site-packages/airflow/example_dags/example_short_circuit_operator.py
[2022-08-21 13:43:56,549] {processor.py:641} INFO - Processing file /home/airflow/.local/lib/python3.7/site-packages/airflow/example_dags/example_short_circuit_operator.py for tasks to queue
[2022-08-21 13:43:56,549] {logging_mixin.py:115} INFO - [2022-08-21 13:43:56,549] {dagbag.py:508} INFO - Filling up the DagBag from /home/airflow/.local/lib/python3.7/site-packages/airflow/example_dags/example_short_circuit_operator.py
[2022-08-21 13:43:56,561] {processor.py:651} INFO - DAG(s) dict_keys(['example_short_circuit_operator']) retrieved from /home/airflow/.local/lib/python3.7/site-packages/airflow/example_dags/example_short_circuit_operator.py
[2022-08-21 13:43:56,592] {logging_mixin.py:115} INFO - [2022-08-21 13:43:56,592] {dag.py:2420} INFO - Sync 1 DAGs
[2022-08-21 13:43:56,618] {logging_mixin.py:115} INFO - [2022-08-21 13:43:56,618] {dag.py:2972} INFO - Setting next_dagrun for example_short_circuit_operator to 2022-08-20T13:43:56.617911+00:00, run_after=2022-08-21T13:43:56.617911+00:00
[2022-08-21 13:43:56,639] {processor.py:161} INFO - Processing /home/airflow/.local/lib/python3.7/site-packages/airflow/example_dags/example_short_circuit_operator.py took 0.094 seconds
[2022-08-21 13:44:27,433] {processor.py:153} INFO - Started process (PID=3096) to work on /home/airflow/.local/lib/python3.7/site-packages/airflow/example_dags/example_short_circuit_operator.py
[2022-08-21 13:44:27,434] {processor.py:641} INFO - Processing file /home/airflow/.local/lib/python3.7/site-packages/airflow/example_dags/example_short_circuit_operator.py for tasks to queue
[2022-08-21 13:44:27,434] {logging_mixin.py:115} INFO - [2022-08-21 13:44:27,434] {dagbag.py:508} INFO - Filling up the DagBag from /home/airflow/.local/lib/python3.7/site-packages/airflow/example_dags/example_short_circuit_operator.py
[2022-08-21 13:44:27,449] {processor.py:651} INFO - DAG(s) dict_keys(['example_short_circuit_operator']) retrieved from /home/airflow/.local/lib/python3.7/site-packages/airflow/example_dags/example_short_circuit_operator.py
[2022-08-21 13:44:27,484] {logging_mixin.py:115} INFO - [2022-08-21 13:44:27,484] {dag.py:2420} INFO - Sync 1 DAGs
[2022-08-21 13:44:27,514] {logging_mixin.py:115} INFO - [2022-08-21 13:44:27,513] {dag.py:2972} INFO - Setting next_dagrun for example_short_circuit_operator to 2022-08-20T13:44:27.513579+00:00, run_after=2022-08-21T13:44:27.513579+00:00
[2022-08-21 13:44:27,533] {processor.py:161} INFO - Processing /home/airflow/.local/lib/python3.7/site-packages/airflow/example_dags/example_short_circuit_operator.py took 0.104 seconds
[2022-08-21 13:44:58,352] {processor.py:153} INFO - Started process (PID=3154) to work on /home/airflow/.local/lib/python3.7/site-packages/airflow/example_dags/example_short_circuit_operator.py
[2022-08-21 13:44:58,353] {processor.py:641} INFO - Processing file /home/airflow/.local/lib/python3.7/site-packages/airflow/example_dags/example_short_circuit_operator.py for tasks to queue
[2022-08-21 13:44:58,354] {logging_mixin.py:115} INFO - [2022-08-21 13:44:58,354] {dagbag.py:508} INFO - Filling up the DagBag from /home/airflow/.local/lib/python3.7/site-packages/airflow/example_dags/example_short_circuit_operator.py
[2022-08-21 13:44:58,367] {processor.py:651} INFO - DAG(s) dict_keys(['example_short_circuit_operator']) retrieved from /home/airflow/.local/lib/python3.7/site-packages/airflow/example_dags/example_short_circuit_operator.py
[2022-08-21 13:44:58,398] {logging_mixin.py:115} INFO - [2022-08-21 13:44:58,398] {dag.py:2420} INFO - Sync 1 DAGs
[2022-08-21 13:44:58,420] {logging_mixin.py:115} INFO - [2022-08-21 13:44:58,420] {dag.py:2972} INFO - Setting next_dagrun for example_short_circuit_operator to 2022-08-20T13:44:58.420588+00:00, run_after=2022-08-21T13:44:58.420588+00:00
[2022-08-21 13:44:58,442] {processor.py:161} INFO - Processing /home/airflow/.local/lib/python3.7/site-packages/airflow/example_dags/example_short_circuit_operator.py took 0.093 seconds
[2022-08-21 13:45:29,239] {processor.py:153} INFO - Started process (PID=3209) to work on /home/airflow/.local/lib/python3.7/site-packages/airflow/example_dags/example_short_circuit_operator.py
[2022-08-21 13:45:29,240] {processor.py:641} INFO - Processing file /home/airflow/.local/lib/python3.7/site-packages/airflow/example_dags/example_short_circuit_operator.py for tasks to queue
[2022-08-21 13:45:29,241] {logging_mixin.py:115} INFO - [2022-08-21 13:45:29,241] {dagbag.py:508} INFO - Filling up the DagBag from /home/airflow/.local/lib/python3.7/site-packages/airflow/example_dags/example_short_circuit_operator.py
[2022-08-21 13:45:29,252] {processor.py:651} INFO - DAG(s) dict_keys(['example_short_circuit_operator']) retrieved from /home/airflow/.local/lib/python3.7/site-packages/airflow/example_dags/example_short_circuit_operator.py
[2022-08-21 13:45:29,285] {logging_mixin.py:115} INFO - [2022-08-21 13:45:29,285] {dag.py:2420} INFO - Sync 1 DAGs
[2022-08-21 13:45:29,312] {logging_mixin.py:115} INFO - [2022-08-21 13:45:29,312] {dag.py:2972} INFO - Setting next_dagrun for example_short_circuit_operator to 2022-08-20T13:45:29.312161+00:00, run_after=2022-08-21T13:45:29.312161+00:00
[2022-08-21 13:45:29,337] {processor.py:161} INFO - Processing /home/airflow/.local/lib/python3.7/site-packages/airflow/example_dags/example_short_circuit_operator.py took 0.101 seconds
[2022-08-21 13:45:59,426] {processor.py:153} INFO - Started process (PID=3270) to work on /home/airflow/.local/lib/python3.7/site-packages/airflow/example_dags/example_short_circuit_operator.py
[2022-08-21 13:45:59,427] {processor.py:641} INFO - Processing file /home/airflow/.local/lib/python3.7/site-packages/airflow/example_dags/example_short_circuit_operator.py for tasks to queue
[2022-08-21 13:45:59,427] {logging_mixin.py:115} INFO - [2022-08-21 13:45:59,427] {dagbag.py:508} INFO - Filling up the DagBag from /home/airflow/.local/lib/python3.7/site-packages/airflow/example_dags/example_short_circuit_operator.py
[2022-08-21 13:45:59,437] {processor.py:651} INFO - DAG(s) dict_keys(['example_short_circuit_operator']) retrieved from /home/airflow/.local/lib/python3.7/site-packages/airflow/example_dags/example_short_circuit_operator.py
[2022-08-21 13:45:59,467] {logging_mixin.py:115} INFO - [2022-08-21 13:45:59,466] {dag.py:2420} INFO - Sync 1 DAGs
[2022-08-21 13:45:59,489] {logging_mixin.py:115} INFO - [2022-08-21 13:45:59,488] {dag.py:2972} INFO - Setting next_dagrun for example_short_circuit_operator to 2022-08-20T13:45:59.488500+00:00, run_after=2022-08-21T13:45:59.488500+00:00
[2022-08-21 13:45:59,510] {processor.py:161} INFO - Processing /home/airflow/.local/lib/python3.7/site-packages/airflow/example_dags/example_short_circuit_operator.py took 0.089 seconds
[2022-08-21 13:46:30,442] {processor.py:153} INFO - Started process (PID=3322) to work on /home/airflow/.local/lib/python3.7/site-packages/airflow/example_dags/example_short_circuit_operator.py
[2022-08-21 13:46:30,443] {processor.py:641} INFO - Processing file /home/airflow/.local/lib/python3.7/site-packages/airflow/example_dags/example_short_circuit_operator.py for tasks to queue
[2022-08-21 13:46:30,444] {logging_mixin.py:115} INFO - [2022-08-21 13:46:30,444] {dagbag.py:508} INFO - Filling up the DagBag from /home/airflow/.local/lib/python3.7/site-packages/airflow/example_dags/example_short_circuit_operator.py
[2022-08-21 13:46:30,453] {processor.py:651} INFO - DAG(s) dict_keys(['example_short_circuit_operator']) retrieved from /home/airflow/.local/lib/python3.7/site-packages/airflow/example_dags/example_short_circuit_operator.py
[2022-08-21 13:46:30,480] {logging_mixin.py:115} INFO - [2022-08-21 13:46:30,480] {dag.py:2420} INFO - Sync 1 DAGs
[2022-08-21 13:46:30,499] {logging_mixin.py:115} INFO - [2022-08-21 13:46:30,499] {dag.py:2972} INFO - Setting next_dagrun for example_short_circuit_operator to 2022-08-20T13:46:30.499655+00:00, run_after=2022-08-21T13:46:30.499655+00:00
[2022-08-21 13:46:30,519] {processor.py:161} INFO - Processing /home/airflow/.local/lib/python3.7/site-packages/airflow/example_dags/example_short_circuit_operator.py took 0.079 seconds
[2022-08-21 13:47:00,640] {processor.py:153} INFO - Started process (PID=3385) to work on /home/airflow/.local/lib/python3.7/site-packages/airflow/example_dags/example_short_circuit_operator.py
[2022-08-21 13:47:00,641] {processor.py:641} INFO - Processing file /home/airflow/.local/lib/python3.7/site-packages/airflow/example_dags/example_short_circuit_operator.py for tasks to queue
[2022-08-21 13:47:00,642] {logging_mixin.py:115} INFO - [2022-08-21 13:47:00,642] {dagbag.py:508} INFO - Filling up the DagBag from /home/airflow/.local/lib/python3.7/site-packages/airflow/example_dags/example_short_circuit_operator.py
[2022-08-21 13:47:00,653] {processor.py:651} INFO - DAG(s) dict_keys(['example_short_circuit_operator']) retrieved from /home/airflow/.local/lib/python3.7/site-packages/airflow/example_dags/example_short_circuit_operator.py
[2022-08-21 13:47:00,684] {logging_mixin.py:115} INFO - [2022-08-21 13:47:00,684] {dag.py:2420} INFO - Sync 1 DAGs
[2022-08-21 13:47:00,712] {logging_mixin.py:115} INFO - [2022-08-21 13:47:00,712] {dag.py:2972} INFO - Setting next_dagrun for example_short_circuit_operator to 2022-08-20T13:47:00.712534+00:00, run_after=2022-08-21T13:47:00.712534+00:00
[2022-08-21 13:47:00,729] {processor.py:161} INFO - Processing /home/airflow/.local/lib/python3.7/site-packages/airflow/example_dags/example_short_circuit_operator.py took 0.092 seconds
[2022-08-21 13:47:31,521] {processor.py:153} INFO - Started process (PID=3447) to work on /home/airflow/.local/lib/python3.7/site-packages/airflow/example_dags/example_short_circuit_operator.py
[2022-08-21 13:47:31,522] {processor.py:641} INFO - Processing file /home/airflow/.local/lib/python3.7/site-packages/airflow/example_dags/example_short_circuit_operator.py for tasks to queue
[2022-08-21 13:47:31,523] {logging_mixin.py:115} INFO - [2022-08-21 13:47:31,523] {dagbag.py:508} INFO - Filling up the DagBag from /home/airflow/.local/lib/python3.7/site-packages/airflow/example_dags/example_short_circuit_operator.py
[2022-08-21 13:47:31,530] {processor.py:651} INFO - DAG(s) dict_keys(['example_short_circuit_operator']) retrieved from /home/airflow/.local/lib/python3.7/site-packages/airflow/example_dags/example_short_circuit_operator.py
[2022-08-21 13:47:31,558] {logging_mixin.py:115} INFO - [2022-08-21 13:47:31,557] {dag.py:2420} INFO - Sync 1 DAGs
[2022-08-21 13:47:31,584] {logging_mixin.py:115} INFO - [2022-08-21 13:47:31,584] {dag.py:2972} INFO - Setting next_dagrun for example_short_circuit_operator to 2022-08-20T13:47:31.584561+00:00, run_after=2022-08-21T13:47:31.584561+00:00
[2022-08-21 13:47:31,599] {processor.py:161} INFO - Processing /home/airflow/.local/lib/python3.7/site-packages/airflow/example_dags/example_short_circuit_operator.py took 0.080 seconds
[2022-08-21 13:48:02,308] {processor.py:153} INFO - Started process (PID=3499) to work on /home/airflow/.local/lib/python3.7/site-packages/airflow/example_dags/example_short_circuit_operator.py
[2022-08-21 13:48:02,309] {processor.py:641} INFO - Processing file /home/airflow/.local/lib/python3.7/site-packages/airflow/example_dags/example_short_circuit_operator.py for tasks to queue
[2022-08-21 13:48:02,310] {logging_mixin.py:115} INFO - [2022-08-21 13:48:02,310] {dagbag.py:508} INFO - Filling up the DagBag from /home/airflow/.local/lib/python3.7/site-packages/airflow/example_dags/example_short_circuit_operator.py
[2022-08-21 13:48:02,318] {processor.py:651} INFO - DAG(s) dict_keys(['example_short_circuit_operator']) retrieved from /home/airflow/.local/lib/python3.7/site-packages/airflow/example_dags/example_short_circuit_operator.py
[2022-08-21 13:48:02,345] {logging_mixin.py:115} INFO - [2022-08-21 13:48:02,345] {dag.py:2420} INFO - Sync 1 DAGs
[2022-08-21 13:48:02,367] {logging_mixin.py:115} INFO - [2022-08-21 13:48:02,367] {dag.py:2972} INFO - Setting next_dagrun for example_short_circuit_operator to 2022-08-20T13:48:02.367300+00:00, run_after=2022-08-21T13:48:02.367300+00:00
[2022-08-21 13:48:02,380] {processor.py:161} INFO - Processing /home/airflow/.local/lib/python3.7/site-packages/airflow/example_dags/example_short_circuit_operator.py took 0.074 seconds
[2022-08-21 13:48:33,267] {processor.py:153} INFO - Started process (PID=3561) to work on /home/airflow/.local/lib/python3.7/site-packages/airflow/example_dags/example_short_circuit_operator.py
[2022-08-21 13:48:33,268] {processor.py:641} INFO - Processing file /home/airflow/.local/lib/python3.7/site-packages/airflow/example_dags/example_short_circuit_operator.py for tasks to queue
[2022-08-21 13:48:33,269] {logging_mixin.py:115} INFO - [2022-08-21 13:48:33,269] {dagbag.py:508} INFO - Filling up the DagBag from /home/airflow/.local/lib/python3.7/site-packages/airflow/example_dags/example_short_circuit_operator.py
[2022-08-21 13:48:33,278] {processor.py:651} INFO - DAG(s) dict_keys(['example_short_circuit_operator']) retrieved from /home/airflow/.local/lib/python3.7/site-packages/airflow/example_dags/example_short_circuit_operator.py
[2022-08-21 13:48:33,307] {logging_mixin.py:115} INFO - [2022-08-21 13:48:33,307] {dag.py:2420} INFO - Sync 1 DAGs
[2022-08-21 13:48:33,331] {logging_mixin.py:115} INFO - [2022-08-21 13:48:33,330] {dag.py:2972} INFO - Setting next_dagrun for example_short_circuit_operator to 2022-08-20T13:48:33.330765+00:00, run_after=2022-08-21T13:48:33.330765+00:00
[2022-08-21 13:48:33,349] {processor.py:161} INFO - Processing /home/airflow/.local/lib/python3.7/site-packages/airflow/example_dags/example_short_circuit_operator.py took 0.084 seconds
[2022-08-21 13:49:03,835] {processor.py:153} INFO - Started process (PID=3623) to work on /home/airflow/.local/lib/python3.7/site-packages/airflow/example_dags/example_short_circuit_operator.py
[2022-08-21 13:49:03,836] {processor.py:641} INFO - Processing file /home/airflow/.local/lib/python3.7/site-packages/airflow/example_dags/example_short_circuit_operator.py for tasks to queue
[2022-08-21 13:49:03,837] {logging_mixin.py:115} INFO - [2022-08-21 13:49:03,837] {dagbag.py:508} INFO - Filling up the DagBag from /home/airflow/.local/lib/python3.7/site-packages/airflow/example_dags/example_short_circuit_operator.py
[2022-08-21 13:49:03,847] {processor.py:651} INFO - DAG(s) dict_keys(['example_short_circuit_operator']) retrieved from /home/airflow/.local/lib/python3.7/site-packages/airflow/example_dags/example_short_circuit_operator.py
[2022-08-21 13:49:03,886] {logging_mixin.py:115} INFO - [2022-08-21 13:49:03,886] {dag.py:2420} INFO - Sync 1 DAGs
[2022-08-21 13:49:03,917] {logging_mixin.py:115} INFO - [2022-08-21 13:49:03,917] {dag.py:2972} INFO - Setting next_dagrun for example_short_circuit_operator to 2022-08-20T13:49:03.916972+00:00, run_after=2022-08-21T13:49:03.916972+00:00
[2022-08-21 13:49:03,937] {processor.py:161} INFO - Processing /home/airflow/.local/lib/python3.7/site-packages/airflow/example_dags/example_short_circuit_operator.py took 0.105 seconds
[2022-08-21 13:49:34,855] {processor.py:153} INFO - Started process (PID=3675) to work on /home/airflow/.local/lib/python3.7/site-packages/airflow/example_dags/example_short_circuit_operator.py
[2022-08-21 13:49:34,856] {processor.py:641} INFO - Processing file /home/airflow/.local/lib/python3.7/site-packages/airflow/example_dags/example_short_circuit_operator.py for tasks to queue
[2022-08-21 13:49:34,857] {logging_mixin.py:115} INFO - [2022-08-21 13:49:34,857] {dagbag.py:508} INFO - Filling up the DagBag from /home/airflow/.local/lib/python3.7/site-packages/airflow/example_dags/example_short_circuit_operator.py
[2022-08-21 13:49:34,865] {processor.py:651} INFO - DAG(s) dict_keys(['example_short_circuit_operator']) retrieved from /home/airflow/.local/lib/python3.7/site-packages/airflow/example_dags/example_short_circuit_operator.py
[2022-08-21 13:49:34,894] {logging_mixin.py:115} INFO - [2022-08-21 13:49:34,894] {dag.py:2420} INFO - Sync 1 DAGs
[2022-08-21 13:49:34,922] {logging_mixin.py:115} INFO - [2022-08-21 13:49:34,922] {dag.py:2972} INFO - Setting next_dagrun for example_short_circuit_operator to 2022-08-20T13:49:34.922258+00:00, run_after=2022-08-21T13:49:34.922258+00:00
[2022-08-21 13:49:34,944] {processor.py:161} INFO - Processing /home/airflow/.local/lib/python3.7/site-packages/airflow/example_dags/example_short_circuit_operator.py took 0.093 seconds
[2022-08-21 13:50:05,858] {processor.py:153} INFO - Started process (PID=3736) to work on /home/airflow/.local/lib/python3.7/site-packages/airflow/example_dags/example_short_circuit_operator.py
[2022-08-21 13:50:05,859] {processor.py:641} INFO - Processing file /home/airflow/.local/lib/python3.7/site-packages/airflow/example_dags/example_short_circuit_operator.py for tasks to queue
[2022-08-21 13:50:05,860] {logging_mixin.py:115} INFO - [2022-08-21 13:50:05,859] {dagbag.py:508} INFO - Filling up the DagBag from /home/airflow/.local/lib/python3.7/site-packages/airflow/example_dags/example_short_circuit_operator.py
[2022-08-21 13:50:05,871] {processor.py:651} INFO - DAG(s) dict_keys(['example_short_circuit_operator']) retrieved from /home/airflow/.local/lib/python3.7/site-packages/airflow/example_dags/example_short_circuit_operator.py
[2022-08-21 13:50:05,899] {logging_mixin.py:115} INFO - [2022-08-21 13:50:05,898] {dag.py:2420} INFO - Sync 1 DAGs
[2022-08-21 13:50:05,921] {logging_mixin.py:115} INFO - [2022-08-21 13:50:05,921] {dag.py:2972} INFO - Setting next_dagrun for example_short_circuit_operator to 2022-08-20T13:50:05.921427+00:00, run_after=2022-08-21T13:50:05.921427+00:00
[2022-08-21 13:50:05,941] {processor.py:161} INFO - Processing /home/airflow/.local/lib/python3.7/site-packages/airflow/example_dags/example_short_circuit_operator.py took 0.086 seconds
[2022-08-21 13:50:35,996] {processor.py:153} INFO - Started process (PID=3798) to work on /home/airflow/.local/lib/python3.7/site-packages/airflow/example_dags/example_short_circuit_operator.py
[2022-08-21 13:50:35,997] {processor.py:641} INFO - Processing file /home/airflow/.local/lib/python3.7/site-packages/airflow/example_dags/example_short_circuit_operator.py for tasks to queue
[2022-08-21 13:50:35,998] {logging_mixin.py:115} INFO - [2022-08-21 13:50:35,998] {dagbag.py:508} INFO - Filling up the DagBag from /home/airflow/.local/lib/python3.7/site-packages/airflow/example_dags/example_short_circuit_operator.py
[2022-08-21 13:50:36,006] {processor.py:651} INFO - DAG(s) dict_keys(['example_short_circuit_operator']) retrieved from /home/airflow/.local/lib/python3.7/site-packages/airflow/example_dags/example_short_circuit_operator.py
[2022-08-21 13:50:36,034] {logging_mixin.py:115} INFO - [2022-08-21 13:50:36,034] {dag.py:2420} INFO - Sync 1 DAGs
[2022-08-21 13:50:36,067] {logging_mixin.py:115} INFO - [2022-08-21 13:50:36,067] {dag.py:2972} INFO - Setting next_dagrun for example_short_circuit_operator to 2022-08-20T13:50:36.066478+00:00, run_after=2022-08-21T13:50:36.066478+00:00
[2022-08-21 13:50:36,090] {processor.py:161} INFO - Processing /home/airflow/.local/lib/python3.7/site-packages/airflow/example_dags/example_short_circuit_operator.py took 0.097 seconds
[2022-08-21 13:51:06,127] {processor.py:153} INFO - Started process (PID=3849) to work on /home/airflow/.local/lib/python3.7/site-packages/airflow/example_dags/example_short_circuit_operator.py
[2022-08-21 13:51:06,128] {processor.py:641} INFO - Processing file /home/airflow/.local/lib/python3.7/site-packages/airflow/example_dags/example_short_circuit_operator.py for tasks to queue
[2022-08-21 13:51:06,129] {logging_mixin.py:115} INFO - [2022-08-21 13:51:06,129] {dagbag.py:508} INFO - Filling up the DagBag from /home/airflow/.local/lib/python3.7/site-packages/airflow/example_dags/example_short_circuit_operator.py
[2022-08-21 13:51:06,140] {processor.py:651} INFO - DAG(s) dict_keys(['example_short_circuit_operator']) retrieved from /home/airflow/.local/lib/python3.7/site-packages/airflow/example_dags/example_short_circuit_operator.py
[2022-08-21 13:51:06,170] {logging_mixin.py:115} INFO - [2022-08-21 13:51:06,170] {dag.py:2420} INFO - Sync 1 DAGs
[2022-08-21 13:51:06,190] {logging_mixin.py:115} INFO - [2022-08-21 13:51:06,190] {dag.py:2972} INFO - Setting next_dagrun for example_short_circuit_operator to 2022-08-20T13:51:06.190270+00:00, run_after=2022-08-21T13:51:06.190270+00:00
[2022-08-21 13:51:06,208] {processor.py:161} INFO - Processing /home/airflow/.local/lib/python3.7/site-packages/airflow/example_dags/example_short_circuit_operator.py took 0.084 seconds
[2022-08-21 13:51:36,408] {processor.py:153} INFO - Started process (PID=3911) to work on /home/airflow/.local/lib/python3.7/site-packages/airflow/example_dags/example_short_circuit_operator.py
[2022-08-21 13:51:36,409] {processor.py:641} INFO - Processing file /home/airflow/.local/lib/python3.7/site-packages/airflow/example_dags/example_short_circuit_operator.py for tasks to queue
[2022-08-21 13:51:36,410] {logging_mixin.py:115} INFO - [2022-08-21 13:51:36,410] {dagbag.py:508} INFO - Filling up the DagBag from /home/airflow/.local/lib/python3.7/site-packages/airflow/example_dags/example_short_circuit_operator.py
[2022-08-21 13:51:36,421] {processor.py:651} INFO - DAG(s) dict_keys(['example_short_circuit_operator']) retrieved from /home/airflow/.local/lib/python3.7/site-packages/airflow/example_dags/example_short_circuit_operator.py
[2022-08-21 13:51:36,450] {logging_mixin.py:115} INFO - [2022-08-21 13:51:36,450] {dag.py:2420} INFO - Sync 1 DAGs
[2022-08-21 13:51:36,474] {logging_mixin.py:115} INFO - [2022-08-21 13:51:36,473] {dag.py:2972} INFO - Setting next_dagrun for example_short_circuit_operator to 2022-08-20T13:51:36.473703+00:00, run_after=2022-08-21T13:51:36.473703+00:00
[2022-08-21 13:51:36,491] {processor.py:161} INFO - Processing /home/airflow/.local/lib/python3.7/site-packages/airflow/example_dags/example_short_circuit_operator.py took 0.086 seconds
[2022-08-21 13:52:06,532] {processor.py:153} INFO - Started process (PID=3970) to work on /home/airflow/.local/lib/python3.7/site-packages/airflow/example_dags/example_short_circuit_operator.py
[2022-08-21 13:52:06,533] {processor.py:641} INFO - Processing file /home/airflow/.local/lib/python3.7/site-packages/airflow/example_dags/example_short_circuit_operator.py for tasks to queue
[2022-08-21 13:52:06,534] {logging_mixin.py:115} INFO - [2022-08-21 13:52:06,534] {dagbag.py:508} INFO - Filling up the DagBag from /home/airflow/.local/lib/python3.7/site-packages/airflow/example_dags/example_short_circuit_operator.py
[2022-08-21 13:52:06,545] {processor.py:651} INFO - DAG(s) dict_keys(['example_short_circuit_operator']) retrieved from /home/airflow/.local/lib/python3.7/site-packages/airflow/example_dags/example_short_circuit_operator.py
[2022-08-21 13:52:06,576] {logging_mixin.py:115} INFO - [2022-08-21 13:52:06,575] {dag.py:2420} INFO - Sync 1 DAGs
[2022-08-21 13:52:06,598] {logging_mixin.py:115} INFO - [2022-08-21 13:52:06,597] {dag.py:2972} INFO - Setting next_dagrun for example_short_circuit_operator to 2022-08-20T13:52:06.597704+00:00, run_after=2022-08-21T13:52:06.597704+00:00
[2022-08-21 13:52:06,619] {processor.py:161} INFO - Processing /home/airflow/.local/lib/python3.7/site-packages/airflow/example_dags/example_short_circuit_operator.py took 0.089 seconds
[2022-08-21 13:52:36,726] {processor.py:153} INFO - Started process (PID=4024) to work on /home/airflow/.local/lib/python3.7/site-packages/airflow/example_dags/example_short_circuit_operator.py
[2022-08-21 13:52:36,727] {processor.py:641} INFO - Processing file /home/airflow/.local/lib/python3.7/site-packages/airflow/example_dags/example_short_circuit_operator.py for tasks to queue
[2022-08-21 13:52:36,728] {logging_mixin.py:115} INFO - [2022-08-21 13:52:36,728] {dagbag.py:508} INFO - Filling up the DagBag from /home/airflow/.local/lib/python3.7/site-packages/airflow/example_dags/example_short_circuit_operator.py
[2022-08-21 13:52:36,736] {processor.py:651} INFO - DAG(s) dict_keys(['example_short_circuit_operator']) retrieved from /home/airflow/.local/lib/python3.7/site-packages/airflow/example_dags/example_short_circuit_operator.py
[2022-08-21 13:52:36,762] {logging_mixin.py:115} INFO - [2022-08-21 13:52:36,762] {dag.py:2420} INFO - Sync 1 DAGs
[2022-08-21 13:52:36,783] {logging_mixin.py:115} INFO - [2022-08-21 13:52:36,783] {dag.py:2972} INFO - Setting next_dagrun for example_short_circuit_operator to 2022-08-20T13:52:36.782909+00:00, run_after=2022-08-21T13:52:36.782909+00:00
[2022-08-21 13:52:36,800] {processor.py:161} INFO - Processing /home/airflow/.local/lib/python3.7/site-packages/airflow/example_dags/example_short_circuit_operator.py took 0.077 seconds
[2022-08-21 13:53:07,446] {processor.py:153} INFO - Started process (PID=4085) to work on /home/airflow/.local/lib/python3.7/site-packages/airflow/example_dags/example_short_circuit_operator.py
[2022-08-21 13:53:07,447] {processor.py:641} INFO - Processing file /home/airflow/.local/lib/python3.7/site-packages/airflow/example_dags/example_short_circuit_operator.py for tasks to queue
[2022-08-21 13:53:07,448] {logging_mixin.py:115} INFO - [2022-08-21 13:53:07,448] {dagbag.py:508} INFO - Filling up the DagBag from /home/airflow/.local/lib/python3.7/site-packages/airflow/example_dags/example_short_circuit_operator.py
[2022-08-21 13:53:07,456] {processor.py:651} INFO - DAG(s) dict_keys(['example_short_circuit_operator']) retrieved from /home/airflow/.local/lib/python3.7/site-packages/airflow/example_dags/example_short_circuit_operator.py
[2022-08-21 13:53:07,487] {logging_mixin.py:115} INFO - [2022-08-21 13:53:07,487] {dag.py:2420} INFO - Sync 1 DAGs
[2022-08-21 13:53:07,515] {logging_mixin.py:115} INFO - [2022-08-21 13:53:07,515] {dag.py:2972} INFO - Setting next_dagrun for example_short_circuit_operator to 2022-08-20T13:53:07.514959+00:00, run_after=2022-08-21T13:53:07.514959+00:00
[2022-08-21 13:53:07,533] {processor.py:161} INFO - Processing /home/airflow/.local/lib/python3.7/site-packages/airflow/example_dags/example_short_circuit_operator.py took 0.091 seconds
[2022-08-21 13:53:38,333] {processor.py:153} INFO - Started process (PID=4137) to work on /home/airflow/.local/lib/python3.7/site-packages/airflow/example_dags/example_short_circuit_operator.py
[2022-08-21 13:53:38,334] {processor.py:641} INFO - Processing file /home/airflow/.local/lib/python3.7/site-packages/airflow/example_dags/example_short_circuit_operator.py for tasks to queue
[2022-08-21 13:53:38,334] {logging_mixin.py:115} INFO - [2022-08-21 13:53:38,334] {dagbag.py:508} INFO - Filling up the DagBag from /home/airflow/.local/lib/python3.7/site-packages/airflow/example_dags/example_short_circuit_operator.py
[2022-08-21 13:53:38,343] {processor.py:651} INFO - DAG(s) dict_keys(['example_short_circuit_operator']) retrieved from /home/airflow/.local/lib/python3.7/site-packages/airflow/example_dags/example_short_circuit_operator.py
[2022-08-21 13:53:38,456] {logging_mixin.py:115} INFO - [2022-08-21 13:53:38,456] {dag.py:2420} INFO - Sync 1 DAGs
[2022-08-21 13:53:38,490] {logging_mixin.py:115} INFO - [2022-08-21 13:53:38,489] {dag.py:2972} INFO - Setting next_dagrun for example_short_circuit_operator to 2022-08-20T13:53:38.489654+00:00, run_after=2022-08-21T13:53:38.489654+00:00
[2022-08-21 13:53:38,511] {processor.py:161} INFO - Processing /home/airflow/.local/lib/python3.7/site-packages/airflow/example_dags/example_short_circuit_operator.py took 0.184 seconds
