[2022-08-21 13:17:58,231] {processor.py:153} INFO - Started process (PID=55) to work on /home/airflow/.local/lib/python3.7/site-packages/airflow/example_dags/example_complex.py
[2022-08-21 13:17:58,232] {processor.py:641} INFO - Processing file /home/airflow/.local/lib/python3.7/site-packages/airflow/example_dags/example_complex.py for tasks to queue
[2022-08-21 13:17:58,233] {logging_mixin.py:115} INFO - [2022-08-21 13:17:58,233] {dagbag.py:508} INFO - Filling up the DagBag from /home/airflow/.local/lib/python3.7/site-packages/airflow/example_dags/example_complex.py
[2022-08-21 13:17:58,252] {processor.py:651} INFO - DAG(s) dict_keys(['example_complex']) retrieved from /home/airflow/.local/lib/python3.7/site-packages/airflow/example_dags/example_complex.py
[2022-08-21 13:17:58,292] {logging_mixin.py:115} INFO - [2022-08-21 13:17:58,292] {dag.py:2420} INFO - Sync 1 DAGs
[2022-08-21 13:17:58,321] {logging_mixin.py:115} INFO - [2022-08-21 13:17:58,320] {dag.py:2972} INFO - Setting next_dagrun for example_complex to None, run_after=None
[2022-08-21 13:17:58,337] {processor.py:161} INFO - Processing /home/airflow/.local/lib/python3.7/site-packages/airflow/example_dags/example_complex.py took 0.110 seconds
[2022-08-21 13:18:29,106] {processor.py:153} INFO - Started process (PID=108) to work on /home/airflow/.local/lib/python3.7/site-packages/airflow/example_dags/example_complex.py
[2022-08-21 13:18:29,107] {processor.py:641} INFO - Processing file /home/airflow/.local/lib/python3.7/site-packages/airflow/example_dags/example_complex.py for tasks to queue
[2022-08-21 13:18:29,108] {logging_mixin.py:115} INFO - [2022-08-21 13:18:29,108] {dagbag.py:508} INFO - Filling up the DagBag from /home/airflow/.local/lib/python3.7/site-packages/airflow/example_dags/example_complex.py
[2022-08-21 13:18:29,121] {processor.py:651} INFO - DAG(s) dict_keys(['example_complex']) retrieved from /home/airflow/.local/lib/python3.7/site-packages/airflow/example_dags/example_complex.py
[2022-08-21 13:18:29,150] {logging_mixin.py:115} INFO - [2022-08-21 13:18:29,150] {dag.py:2420} INFO - Sync 1 DAGs
[2022-08-21 13:18:29,170] {logging_mixin.py:115} INFO - [2022-08-21 13:18:29,170] {dag.py:2972} INFO - Setting next_dagrun for example_complex to None, run_after=None
[2022-08-21 13:18:29,183] {processor.py:161} INFO - Processing /home/airflow/.local/lib/python3.7/site-packages/airflow/example_dags/example_complex.py took 0.081 seconds
[2022-08-21 13:18:59,377] {processor.py:153} INFO - Started process (PID=171) to work on /home/airflow/.local/lib/python3.7/site-packages/airflow/example_dags/example_complex.py
[2022-08-21 13:18:59,378] {processor.py:641} INFO - Processing file /home/airflow/.local/lib/python3.7/site-packages/airflow/example_dags/example_complex.py for tasks to queue
[2022-08-21 13:18:59,379] {logging_mixin.py:115} INFO - [2022-08-21 13:18:59,379] {dagbag.py:508} INFO - Filling up the DagBag from /home/airflow/.local/lib/python3.7/site-packages/airflow/example_dags/example_complex.py
[2022-08-21 13:18:59,393] {processor.py:651} INFO - DAG(s) dict_keys(['example_complex']) retrieved from /home/airflow/.local/lib/python3.7/site-packages/airflow/example_dags/example_complex.py
[2022-08-21 13:18:59,425] {logging_mixin.py:115} INFO - [2022-08-21 13:18:59,424] {dag.py:2420} INFO - Sync 1 DAGs
[2022-08-21 13:18:59,446] {logging_mixin.py:115} INFO - [2022-08-21 13:18:59,446] {dag.py:2972} INFO - Setting next_dagrun for example_complex to None, run_after=None
[2022-08-21 13:18:59,464] {processor.py:161} INFO - Processing /home/airflow/.local/lib/python3.7/site-packages/airflow/example_dags/example_complex.py took 0.091 seconds
[2022-08-21 13:19:29,656] {processor.py:153} INFO - Started process (PID=233) to work on /home/airflow/.local/lib/python3.7/site-packages/airflow/example_dags/example_complex.py
[2022-08-21 13:19:29,657] {processor.py:641} INFO - Processing file /home/airflow/.local/lib/python3.7/site-packages/airflow/example_dags/example_complex.py for tasks to queue
[2022-08-21 13:19:29,659] {logging_mixin.py:115} INFO - [2022-08-21 13:19:29,659] {dagbag.py:508} INFO - Filling up the DagBag from /home/airflow/.local/lib/python3.7/site-packages/airflow/example_dags/example_complex.py
[2022-08-21 13:19:29,674] {processor.py:651} INFO - DAG(s) dict_keys(['example_complex']) retrieved from /home/airflow/.local/lib/python3.7/site-packages/airflow/example_dags/example_complex.py
[2022-08-21 13:19:29,718] {logging_mixin.py:115} INFO - [2022-08-21 13:19:29,718] {dag.py:2420} INFO - Sync 1 DAGs
[2022-08-21 13:19:29,752] {logging_mixin.py:115} INFO - [2022-08-21 13:19:29,752] {dag.py:2972} INFO - Setting next_dagrun for example_complex to None, run_after=None
[2022-08-21 13:19:29,767] {processor.py:161} INFO - Processing /home/airflow/.local/lib/python3.7/site-packages/airflow/example_dags/example_complex.py took 0.114 seconds
[2022-08-21 13:20:00,381] {processor.py:153} INFO - Started process (PID=285) to work on /home/airflow/.local/lib/python3.7/site-packages/airflow/example_dags/example_complex.py
[2022-08-21 13:20:00,382] {processor.py:641} INFO - Processing file /home/airflow/.local/lib/python3.7/site-packages/airflow/example_dags/example_complex.py for tasks to queue
[2022-08-21 13:20:00,383] {logging_mixin.py:115} INFO - [2022-08-21 13:20:00,383] {dagbag.py:508} INFO - Filling up the DagBag from /home/airflow/.local/lib/python3.7/site-packages/airflow/example_dags/example_complex.py
[2022-08-21 13:20:00,395] {processor.py:651} INFO - DAG(s) dict_keys(['example_complex']) retrieved from /home/airflow/.local/lib/python3.7/site-packages/airflow/example_dags/example_complex.py
[2022-08-21 13:20:00,426] {logging_mixin.py:115} INFO - [2022-08-21 13:20:00,426] {dag.py:2420} INFO - Sync 1 DAGs
[2022-08-21 13:20:00,450] {logging_mixin.py:115} INFO - [2022-08-21 13:20:00,450] {dag.py:2972} INFO - Setting next_dagrun for example_complex to None, run_after=None
[2022-08-21 13:20:00,470] {processor.py:161} INFO - Processing /home/airflow/.local/lib/python3.7/site-packages/airflow/example_dags/example_complex.py took 0.091 seconds
[2022-08-21 13:20:30,788] {processor.py:153} INFO - Started process (PID=347) to work on /home/airflow/.local/lib/python3.7/site-packages/airflow/example_dags/example_complex.py
[2022-08-21 13:20:30,789] {processor.py:641} INFO - Processing file /home/airflow/.local/lib/python3.7/site-packages/airflow/example_dags/example_complex.py for tasks to queue
[2022-08-21 13:20:30,790] {logging_mixin.py:115} INFO - [2022-08-21 13:20:30,790] {dagbag.py:508} INFO - Filling up the DagBag from /home/airflow/.local/lib/python3.7/site-packages/airflow/example_dags/example_complex.py
[2022-08-21 13:20:30,807] {processor.py:651} INFO - DAG(s) dict_keys(['example_complex']) retrieved from /home/airflow/.local/lib/python3.7/site-packages/airflow/example_dags/example_complex.py
[2022-08-21 13:20:30,850] {logging_mixin.py:115} INFO - [2022-08-21 13:20:30,849] {dag.py:2420} INFO - Sync 1 DAGs
[2022-08-21 13:20:30,890] {logging_mixin.py:115} INFO - [2022-08-21 13:20:30,889] {dag.py:2972} INFO - Setting next_dagrun for example_complex to None, run_after=None
[2022-08-21 13:20:30,913] {processor.py:161} INFO - Processing /home/airflow/.local/lib/python3.7/site-packages/airflow/example_dags/example_complex.py took 0.128 seconds
[2022-08-21 13:21:01,000] {processor.py:153} INFO - Started process (PID=408) to work on /home/airflow/.local/lib/python3.7/site-packages/airflow/example_dags/example_complex.py
[2022-08-21 13:21:01,001] {processor.py:641} INFO - Processing file /home/airflow/.local/lib/python3.7/site-packages/airflow/example_dags/example_complex.py for tasks to queue
[2022-08-21 13:21:01,002] {logging_mixin.py:115} INFO - [2022-08-21 13:21:01,002] {dagbag.py:508} INFO - Filling up the DagBag from /home/airflow/.local/lib/python3.7/site-packages/airflow/example_dags/example_complex.py
[2022-08-21 13:21:01,019] {processor.py:651} INFO - DAG(s) dict_keys(['example_complex']) retrieved from /home/airflow/.local/lib/python3.7/site-packages/airflow/example_dags/example_complex.py
[2022-08-21 13:21:01,057] {logging_mixin.py:115} INFO - [2022-08-21 13:21:01,057] {dag.py:2420} INFO - Sync 1 DAGs
[2022-08-21 13:21:01,084] {logging_mixin.py:115} INFO - [2022-08-21 13:21:01,084] {dag.py:2972} INFO - Setting next_dagrun for example_complex to None, run_after=None
[2022-08-21 13:21:01,103] {processor.py:161} INFO - Processing /home/airflow/.local/lib/python3.7/site-packages/airflow/example_dags/example_complex.py took 0.108 seconds
[2022-08-21 13:21:31,251] {processor.py:153} INFO - Started process (PID=461) to work on /home/airflow/.local/lib/python3.7/site-packages/airflow/example_dags/example_complex.py
[2022-08-21 13:21:31,252] {processor.py:641} INFO - Processing file /home/airflow/.local/lib/python3.7/site-packages/airflow/example_dags/example_complex.py for tasks to queue
[2022-08-21 13:21:31,252] {logging_mixin.py:115} INFO - [2022-08-21 13:21:31,252] {dagbag.py:508} INFO - Filling up the DagBag from /home/airflow/.local/lib/python3.7/site-packages/airflow/example_dags/example_complex.py
[2022-08-21 13:21:31,265] {processor.py:651} INFO - DAG(s) dict_keys(['example_complex']) retrieved from /home/airflow/.local/lib/python3.7/site-packages/airflow/example_dags/example_complex.py
[2022-08-21 13:21:31,297] {logging_mixin.py:115} INFO - [2022-08-21 13:21:31,297] {dag.py:2420} INFO - Sync 1 DAGs
[2022-08-21 13:21:31,322] {logging_mixin.py:115} INFO - [2022-08-21 13:21:31,322] {dag.py:2972} INFO - Setting next_dagrun for example_complex to None, run_after=None
[2022-08-21 13:21:31,340] {processor.py:161} INFO - Processing /home/airflow/.local/lib/python3.7/site-packages/airflow/example_dags/example_complex.py took 0.092 seconds
[2022-08-21 13:22:01,509] {processor.py:153} INFO - Started process (PID=522) to work on /home/airflow/.local/lib/python3.7/site-packages/airflow/example_dags/example_complex.py
[2022-08-21 13:22:01,510] {processor.py:641} INFO - Processing file /home/airflow/.local/lib/python3.7/site-packages/airflow/example_dags/example_complex.py for tasks to queue
[2022-08-21 13:22:01,511] {logging_mixin.py:115} INFO - [2022-08-21 13:22:01,511] {dagbag.py:508} INFO - Filling up the DagBag from /home/airflow/.local/lib/python3.7/site-packages/airflow/example_dags/example_complex.py
[2022-08-21 13:22:01,526] {processor.py:651} INFO - DAG(s) dict_keys(['example_complex']) retrieved from /home/airflow/.local/lib/python3.7/site-packages/airflow/example_dags/example_complex.py
[2022-08-21 13:22:01,557] {logging_mixin.py:115} INFO - [2022-08-21 13:22:01,556] {dag.py:2420} INFO - Sync 1 DAGs
[2022-08-21 13:22:01,580] {logging_mixin.py:115} INFO - [2022-08-21 13:22:01,580] {dag.py:2972} INFO - Setting next_dagrun for example_complex to None, run_after=None
[2022-08-21 13:22:01,598] {processor.py:161} INFO - Processing /home/airflow/.local/lib/python3.7/site-packages/airflow/example_dags/example_complex.py took 0.092 seconds
[2022-08-21 13:22:31,729] {processor.py:153} INFO - Started process (PID=574) to work on /home/airflow/.local/lib/python3.7/site-packages/airflow/example_dags/example_complex.py
[2022-08-21 13:22:31,729] {processor.py:641} INFO - Processing file /home/airflow/.local/lib/python3.7/site-packages/airflow/example_dags/example_complex.py for tasks to queue
[2022-08-21 13:22:31,730] {logging_mixin.py:115} INFO - [2022-08-21 13:22:31,730] {dagbag.py:508} INFO - Filling up the DagBag from /home/airflow/.local/lib/python3.7/site-packages/airflow/example_dags/example_complex.py
[2022-08-21 13:22:31,743] {processor.py:651} INFO - DAG(s) dict_keys(['example_complex']) retrieved from /home/airflow/.local/lib/python3.7/site-packages/airflow/example_dags/example_complex.py
[2022-08-21 13:22:31,781] {logging_mixin.py:115} INFO - [2022-08-21 13:22:31,781] {dag.py:2420} INFO - Sync 1 DAGs
[2022-08-21 13:22:31,805] {logging_mixin.py:115} INFO - [2022-08-21 13:22:31,805] {dag.py:2972} INFO - Setting next_dagrun for example_complex to None, run_after=None
[2022-08-21 13:22:31,825] {processor.py:161} INFO - Processing /home/airflow/.local/lib/python3.7/site-packages/airflow/example_dags/example_complex.py took 0.099 seconds
[2022-08-21 13:23:02,097] {processor.py:153} INFO - Started process (PID=637) to work on /home/airflow/.local/lib/python3.7/site-packages/airflow/example_dags/example_complex.py
[2022-08-21 13:23:02,098] {processor.py:641} INFO - Processing file /home/airflow/.local/lib/python3.7/site-packages/airflow/example_dags/example_complex.py for tasks to queue
[2022-08-21 13:23:02,099] {logging_mixin.py:115} INFO - [2022-08-21 13:23:02,098] {dagbag.py:508} INFO - Filling up the DagBag from /home/airflow/.local/lib/python3.7/site-packages/airflow/example_dags/example_complex.py
[2022-08-21 13:23:02,110] {processor.py:651} INFO - DAG(s) dict_keys(['example_complex']) retrieved from /home/airflow/.local/lib/python3.7/site-packages/airflow/example_dags/example_complex.py
[2022-08-21 13:23:02,139] {logging_mixin.py:115} INFO - [2022-08-21 13:23:02,139] {dag.py:2420} INFO - Sync 1 DAGs
[2022-08-21 13:23:02,159] {logging_mixin.py:115} INFO - [2022-08-21 13:23:02,159] {dag.py:2972} INFO - Setting next_dagrun for example_complex to None, run_after=None
[2022-08-21 13:23:02,178] {processor.py:161} INFO - Processing /home/airflow/.local/lib/python3.7/site-packages/airflow/example_dags/example_complex.py took 0.084 seconds
[2022-08-21 13:23:33,121] {processor.py:153} INFO - Started process (PID=698) to work on /home/airflow/.local/lib/python3.7/site-packages/airflow/example_dags/example_complex.py
[2022-08-21 13:23:33,122] {processor.py:641} INFO - Processing file /home/airflow/.local/lib/python3.7/site-packages/airflow/example_dags/example_complex.py for tasks to queue
[2022-08-21 13:23:33,123] {logging_mixin.py:115} INFO - [2022-08-21 13:23:33,123] {dagbag.py:508} INFO - Filling up the DagBag from /home/airflow/.local/lib/python3.7/site-packages/airflow/example_dags/example_complex.py
[2022-08-21 13:23:33,138] {processor.py:651} INFO - DAG(s) dict_keys(['example_complex']) retrieved from /home/airflow/.local/lib/python3.7/site-packages/airflow/example_dags/example_complex.py
[2022-08-21 13:23:33,168] {logging_mixin.py:115} INFO - [2022-08-21 13:23:33,168] {dag.py:2420} INFO - Sync 1 DAGs
[2022-08-21 13:23:33,188] {logging_mixin.py:115} INFO - [2022-08-21 13:23:33,188] {dag.py:2972} INFO - Setting next_dagrun for example_complex to None, run_after=None
[2022-08-21 13:23:33,202] {processor.py:161} INFO - Processing /home/airflow/.local/lib/python3.7/site-packages/airflow/example_dags/example_complex.py took 0.083 seconds
[2022-08-21 13:24:03,624] {processor.py:153} INFO - Started process (PID=750) to work on /home/airflow/.local/lib/python3.7/site-packages/airflow/example_dags/example_complex.py
[2022-08-21 13:24:03,625] {processor.py:641} INFO - Processing file /home/airflow/.local/lib/python3.7/site-packages/airflow/example_dags/example_complex.py for tasks to queue
[2022-08-21 13:24:03,626] {logging_mixin.py:115} INFO - [2022-08-21 13:24:03,626] {dagbag.py:508} INFO - Filling up the DagBag from /home/airflow/.local/lib/python3.7/site-packages/airflow/example_dags/example_complex.py
[2022-08-21 13:24:03,648] {processor.py:651} INFO - DAG(s) dict_keys(['example_complex']) retrieved from /home/airflow/.local/lib/python3.7/site-packages/airflow/example_dags/example_complex.py
[2022-08-21 13:24:03,706] {logging_mixin.py:115} INFO - [2022-08-21 13:24:03,706] {dag.py:2420} INFO - Sync 1 DAGs
[2022-08-21 13:24:03,757] {logging_mixin.py:115} INFO - [2022-08-21 13:24:03,757] {dag.py:2972} INFO - Setting next_dagrun for example_complex to None, run_after=None
[2022-08-21 13:24:03,784] {processor.py:161} INFO - Processing /home/airflow/.local/lib/python3.7/site-packages/airflow/example_dags/example_complex.py took 0.168 seconds
[2022-08-21 13:24:33,894] {processor.py:153} INFO - Started process (PID=811) to work on /home/airflow/.local/lib/python3.7/site-packages/airflow/example_dags/example_complex.py
[2022-08-21 13:24:33,894] {processor.py:641} INFO - Processing file /home/airflow/.local/lib/python3.7/site-packages/airflow/example_dags/example_complex.py for tasks to queue
[2022-08-21 13:24:33,895] {logging_mixin.py:115} INFO - [2022-08-21 13:24:33,895] {dagbag.py:508} INFO - Filling up the DagBag from /home/airflow/.local/lib/python3.7/site-packages/airflow/example_dags/example_complex.py
[2022-08-21 13:24:33,915] {processor.py:651} INFO - DAG(s) dict_keys(['example_complex']) retrieved from /home/airflow/.local/lib/python3.7/site-packages/airflow/example_dags/example_complex.py
[2022-08-21 13:24:33,954] {logging_mixin.py:115} INFO - [2022-08-21 13:24:33,954] {dag.py:2420} INFO - Sync 1 DAGs
[2022-08-21 13:24:33,984] {logging_mixin.py:115} INFO - [2022-08-21 13:24:33,984] {dag.py:2972} INFO - Setting next_dagrun for example_complex to None, run_after=None
[2022-08-21 13:24:34,002] {processor.py:161} INFO - Processing /home/airflow/.local/lib/python3.7/site-packages/airflow/example_dags/example_complex.py took 0.111 seconds
[2022-08-21 13:25:04,152] {processor.py:153} INFO - Started process (PID=870) to work on /home/airflow/.local/lib/python3.7/site-packages/airflow/example_dags/example_complex.py
[2022-08-21 13:25:04,153] {processor.py:641} INFO - Processing file /home/airflow/.local/lib/python3.7/site-packages/airflow/example_dags/example_complex.py for tasks to queue
[2022-08-21 13:25:04,154] {logging_mixin.py:115} INFO - [2022-08-21 13:25:04,154] {dagbag.py:508} INFO - Filling up the DagBag from /home/airflow/.local/lib/python3.7/site-packages/airflow/example_dags/example_complex.py
[2022-08-21 13:25:04,170] {processor.py:651} INFO - DAG(s) dict_keys(['example_complex']) retrieved from /home/airflow/.local/lib/python3.7/site-packages/airflow/example_dags/example_complex.py
[2022-08-21 13:25:04,204] {logging_mixin.py:115} INFO - [2022-08-21 13:25:04,204] {dag.py:2420} INFO - Sync 1 DAGs
[2022-08-21 13:25:04,226] {logging_mixin.py:115} INFO - [2022-08-21 13:25:04,226] {dag.py:2972} INFO - Setting next_dagrun for example_complex to None, run_after=None
[2022-08-21 13:25:04,239] {processor.py:161} INFO - Processing /home/airflow/.local/lib/python3.7/site-packages/airflow/example_dags/example_complex.py took 0.090 seconds
[2022-08-21 13:25:34,389] {processor.py:153} INFO - Started process (PID=925) to work on /home/airflow/.local/lib/python3.7/site-packages/airflow/example_dags/example_complex.py
[2022-08-21 13:25:34,390] {processor.py:641} INFO - Processing file /home/airflow/.local/lib/python3.7/site-packages/airflow/example_dags/example_complex.py for tasks to queue
[2022-08-21 13:25:34,391] {logging_mixin.py:115} INFO - [2022-08-21 13:25:34,391] {dagbag.py:508} INFO - Filling up the DagBag from /home/airflow/.local/lib/python3.7/site-packages/airflow/example_dags/example_complex.py
[2022-08-21 13:25:34,402] {processor.py:651} INFO - DAG(s) dict_keys(['example_complex']) retrieved from /home/airflow/.local/lib/python3.7/site-packages/airflow/example_dags/example_complex.py
[2022-08-21 13:25:34,430] {logging_mixin.py:115} INFO - [2022-08-21 13:25:34,430] {dag.py:2420} INFO - Sync 1 DAGs
[2022-08-21 13:25:34,448] {logging_mixin.py:115} INFO - [2022-08-21 13:25:34,448] {dag.py:2972} INFO - Setting next_dagrun for example_complex to None, run_after=None
[2022-08-21 13:25:34,464] {processor.py:161} INFO - Processing /home/airflow/.local/lib/python3.7/site-packages/airflow/example_dags/example_complex.py took 0.078 seconds
[2022-08-21 13:26:04,587] {processor.py:153} INFO - Started process (PID=986) to work on /home/airflow/.local/lib/python3.7/site-packages/airflow/example_dags/example_complex.py
[2022-08-21 13:26:04,587] {processor.py:641} INFO - Processing file /home/airflow/.local/lib/python3.7/site-packages/airflow/example_dags/example_complex.py for tasks to queue
[2022-08-21 13:26:04,588] {logging_mixin.py:115} INFO - [2022-08-21 13:26:04,588] {dagbag.py:508} INFO - Filling up the DagBag from /home/airflow/.local/lib/python3.7/site-packages/airflow/example_dags/example_complex.py
[2022-08-21 13:26:04,599] {processor.py:651} INFO - DAG(s) dict_keys(['example_complex']) retrieved from /home/airflow/.local/lib/python3.7/site-packages/airflow/example_dags/example_complex.py
[2022-08-21 13:26:04,628] {logging_mixin.py:115} INFO - [2022-08-21 13:26:04,628] {dag.py:2420} INFO - Sync 1 DAGs
[2022-08-21 13:26:04,647] {logging_mixin.py:115} INFO - [2022-08-21 13:26:04,647] {dag.py:2972} INFO - Setting next_dagrun for example_complex to None, run_after=None
[2022-08-21 13:26:04,660] {processor.py:161} INFO - Processing /home/airflow/.local/lib/python3.7/site-packages/airflow/example_dags/example_complex.py took 0.076 seconds
[2022-08-21 13:26:34,738] {processor.py:153} INFO - Started process (PID=1038) to work on /home/airflow/.local/lib/python3.7/site-packages/airflow/example_dags/example_complex.py
[2022-08-21 13:26:34,739] {processor.py:641} INFO - Processing file /home/airflow/.local/lib/python3.7/site-packages/airflow/example_dags/example_complex.py for tasks to queue
[2022-08-21 13:26:34,740] {logging_mixin.py:115} INFO - [2022-08-21 13:26:34,740] {dagbag.py:508} INFO - Filling up the DagBag from /home/airflow/.local/lib/python3.7/site-packages/airflow/example_dags/example_complex.py
[2022-08-21 13:26:34,751] {processor.py:651} INFO - DAG(s) dict_keys(['example_complex']) retrieved from /home/airflow/.local/lib/python3.7/site-packages/airflow/example_dags/example_complex.py
[2022-08-21 13:26:34,779] {logging_mixin.py:115} INFO - [2022-08-21 13:26:34,779] {dag.py:2420} INFO - Sync 1 DAGs
[2022-08-21 13:26:34,799] {logging_mixin.py:115} INFO - [2022-08-21 13:26:34,799] {dag.py:2972} INFO - Setting next_dagrun for example_complex to None, run_after=None
[2022-08-21 13:26:34,814] {processor.py:161} INFO - Processing /home/airflow/.local/lib/python3.7/site-packages/airflow/example_dags/example_complex.py took 0.079 seconds
[2022-08-21 13:27:04,965] {processor.py:153} INFO - Started process (PID=1099) to work on /home/airflow/.local/lib/python3.7/site-packages/airflow/example_dags/example_complex.py
[2022-08-21 13:27:04,967] {processor.py:641} INFO - Processing file /home/airflow/.local/lib/python3.7/site-packages/airflow/example_dags/example_complex.py for tasks to queue
[2022-08-21 13:27:04,968] {logging_mixin.py:115} INFO - [2022-08-21 13:27:04,968] {dagbag.py:508} INFO - Filling up the DagBag from /home/airflow/.local/lib/python3.7/site-packages/airflow/example_dags/example_complex.py
[2022-08-21 13:27:04,986] {processor.py:651} INFO - DAG(s) dict_keys(['example_complex']) retrieved from /home/airflow/.local/lib/python3.7/site-packages/airflow/example_dags/example_complex.py
[2022-08-21 13:27:05,034] {logging_mixin.py:115} INFO - [2022-08-21 13:27:05,034] {dag.py:2420} INFO - Sync 1 DAGs
[2022-08-21 13:27:05,062] {logging_mixin.py:115} INFO - [2022-08-21 13:27:05,062] {dag.py:2972} INFO - Setting next_dagrun for example_complex to None, run_after=None
[2022-08-21 13:27:05,083] {processor.py:161} INFO - Processing /home/airflow/.local/lib/python3.7/site-packages/airflow/example_dags/example_complex.py took 0.123 seconds
[2022-08-21 13:27:35,185] {processor.py:153} INFO - Started process (PID=1161) to work on /home/airflow/.local/lib/python3.7/site-packages/airflow/example_dags/example_complex.py
[2022-08-21 13:27:35,186] {processor.py:641} INFO - Processing file /home/airflow/.local/lib/python3.7/site-packages/airflow/example_dags/example_complex.py for tasks to queue
[2022-08-21 13:27:35,187] {logging_mixin.py:115} INFO - [2022-08-21 13:27:35,187] {dagbag.py:508} INFO - Filling up the DagBag from /home/airflow/.local/lib/python3.7/site-packages/airflow/example_dags/example_complex.py
[2022-08-21 13:27:35,201] {processor.py:651} INFO - DAG(s) dict_keys(['example_complex']) retrieved from /home/airflow/.local/lib/python3.7/site-packages/airflow/example_dags/example_complex.py
[2022-08-21 13:27:35,236] {logging_mixin.py:115} INFO - [2022-08-21 13:27:35,236] {dag.py:2420} INFO - Sync 1 DAGs
[2022-08-21 13:27:35,259] {logging_mixin.py:115} INFO - [2022-08-21 13:27:35,258] {dag.py:2972} INFO - Setting next_dagrun for example_complex to None, run_after=None
[2022-08-21 13:27:35,273] {processor.py:161} INFO - Processing /home/airflow/.local/lib/python3.7/site-packages/airflow/example_dags/example_complex.py took 0.091 seconds
[2022-08-21 13:28:06,245] {processor.py:153} INFO - Started process (PID=1213) to work on /home/airflow/.local/lib/python3.7/site-packages/airflow/example_dags/example_complex.py
[2022-08-21 13:28:06,246] {processor.py:641} INFO - Processing file /home/airflow/.local/lib/python3.7/site-packages/airflow/example_dags/example_complex.py for tasks to queue
[2022-08-21 13:28:06,247] {logging_mixin.py:115} INFO - [2022-08-21 13:28:06,246] {dagbag.py:508} INFO - Filling up the DagBag from /home/airflow/.local/lib/python3.7/site-packages/airflow/example_dags/example_complex.py
[2022-08-21 13:28:06,258] {processor.py:651} INFO - DAG(s) dict_keys(['example_complex']) retrieved from /home/airflow/.local/lib/python3.7/site-packages/airflow/example_dags/example_complex.py
[2022-08-21 13:28:06,288] {logging_mixin.py:115} INFO - [2022-08-21 13:28:06,288] {dag.py:2420} INFO - Sync 1 DAGs
[2022-08-21 13:28:06,310] {logging_mixin.py:115} INFO - [2022-08-21 13:28:06,310] {dag.py:2972} INFO - Setting next_dagrun for example_complex to None, run_after=None
[2022-08-21 13:28:06,322] {processor.py:161} INFO - Processing /home/airflow/.local/lib/python3.7/site-packages/airflow/example_dags/example_complex.py took 0.081 seconds
[2022-08-21 13:28:37,030] {processor.py:153} INFO - Started process (PID=1275) to work on /home/airflow/.local/lib/python3.7/site-packages/airflow/example_dags/example_complex.py
[2022-08-21 13:28:37,031] {processor.py:641} INFO - Processing file /home/airflow/.local/lib/python3.7/site-packages/airflow/example_dags/example_complex.py for tasks to queue
[2022-08-21 13:28:37,031] {logging_mixin.py:115} INFO - [2022-08-21 13:28:37,031] {dagbag.py:508} INFO - Filling up the DagBag from /home/airflow/.local/lib/python3.7/site-packages/airflow/example_dags/example_complex.py
[2022-08-21 13:28:37,043] {processor.py:651} INFO - DAG(s) dict_keys(['example_complex']) retrieved from /home/airflow/.local/lib/python3.7/site-packages/airflow/example_dags/example_complex.py
[2022-08-21 13:28:37,069] {logging_mixin.py:115} INFO - [2022-08-21 13:28:37,069] {dag.py:2420} INFO - Sync 1 DAGs
[2022-08-21 13:28:37,089] {logging_mixin.py:115} INFO - [2022-08-21 13:28:37,089] {dag.py:2972} INFO - Setting next_dagrun for example_complex to None, run_after=None
[2022-08-21 13:28:37,103] {processor.py:161} INFO - Processing /home/airflow/.local/lib/python3.7/site-packages/airflow/example_dags/example_complex.py took 0.075 seconds
[2022-08-21 13:29:07,981] {processor.py:153} INFO - Started process (PID=1336) to work on /home/airflow/.local/lib/python3.7/site-packages/airflow/example_dags/example_complex.py
[2022-08-21 13:29:07,982] {processor.py:641} INFO - Processing file /home/airflow/.local/lib/python3.7/site-packages/airflow/example_dags/example_complex.py for tasks to queue
[2022-08-21 13:29:07,983] {logging_mixin.py:115} INFO - [2022-08-21 13:29:07,983] {dagbag.py:508} INFO - Filling up the DagBag from /home/airflow/.local/lib/python3.7/site-packages/airflow/example_dags/example_complex.py
[2022-08-21 13:29:07,997] {processor.py:651} INFO - DAG(s) dict_keys(['example_complex']) retrieved from /home/airflow/.local/lib/python3.7/site-packages/airflow/example_dags/example_complex.py
[2022-08-21 13:29:08,032] {logging_mixin.py:115} INFO - [2022-08-21 13:29:08,032] {dag.py:2420} INFO - Sync 1 DAGs
[2022-08-21 13:29:08,060] {logging_mixin.py:115} INFO - [2022-08-21 13:29:08,060] {dag.py:2972} INFO - Setting next_dagrun for example_complex to None, run_after=None
[2022-08-21 13:29:08,076] {processor.py:161} INFO - Processing /home/airflow/.local/lib/python3.7/site-packages/airflow/example_dags/example_complex.py took 0.099 seconds
[2022-08-21 13:29:38,781] {processor.py:153} INFO - Started process (PID=1397) to work on /home/airflow/.local/lib/python3.7/site-packages/airflow/example_dags/example_complex.py
[2022-08-21 13:29:38,782] {processor.py:641} INFO - Processing file /home/airflow/.local/lib/python3.7/site-packages/airflow/example_dags/example_complex.py for tasks to queue
[2022-08-21 13:29:38,783] {logging_mixin.py:115} INFO - [2022-08-21 13:29:38,783] {dagbag.py:508} INFO - Filling up the DagBag from /home/airflow/.local/lib/python3.7/site-packages/airflow/example_dags/example_complex.py
[2022-08-21 13:29:38,799] {processor.py:651} INFO - DAG(s) dict_keys(['example_complex']) retrieved from /home/airflow/.local/lib/python3.7/site-packages/airflow/example_dags/example_complex.py
[2022-08-21 13:29:38,844] {logging_mixin.py:115} INFO - [2022-08-21 13:29:38,844] {dag.py:2420} INFO - Sync 1 DAGs
[2022-08-21 13:29:38,879] {logging_mixin.py:115} INFO - [2022-08-21 13:29:38,879] {dag.py:2972} INFO - Setting next_dagrun for example_complex to None, run_after=None
[2022-08-21 13:29:38,898] {processor.py:161} INFO - Processing /home/airflow/.local/lib/python3.7/site-packages/airflow/example_dags/example_complex.py took 0.121 seconds
[2022-08-21 13:30:09,776] {processor.py:153} INFO - Started process (PID=1449) to work on /home/airflow/.local/lib/python3.7/site-packages/airflow/example_dags/example_complex.py
[2022-08-21 13:30:09,777] {processor.py:641} INFO - Processing file /home/airflow/.local/lib/python3.7/site-packages/airflow/example_dags/example_complex.py for tasks to queue
[2022-08-21 13:30:09,778] {logging_mixin.py:115} INFO - [2022-08-21 13:30:09,778] {dagbag.py:508} INFO - Filling up the DagBag from /home/airflow/.local/lib/python3.7/site-packages/airflow/example_dags/example_complex.py
[2022-08-21 13:30:09,789] {processor.py:651} INFO - DAG(s) dict_keys(['example_complex']) retrieved from /home/airflow/.local/lib/python3.7/site-packages/airflow/example_dags/example_complex.py
[2022-08-21 13:30:09,819] {logging_mixin.py:115} INFO - [2022-08-21 13:30:09,819] {dag.py:2420} INFO - Sync 1 DAGs
[2022-08-21 13:30:09,840] {logging_mixin.py:115} INFO - [2022-08-21 13:30:09,840] {dag.py:2972} INFO - Setting next_dagrun for example_complex to None, run_after=None
[2022-08-21 13:30:09,852] {processor.py:161} INFO - Processing /home/airflow/.local/lib/python3.7/site-packages/airflow/example_dags/example_complex.py took 0.079 seconds
[2022-08-21 13:30:39,941] {processor.py:153} INFO - Started process (PID=1511) to work on /home/airflow/.local/lib/python3.7/site-packages/airflow/example_dags/example_complex.py
[2022-08-21 13:30:39,942] {processor.py:641} INFO - Processing file /home/airflow/.local/lib/python3.7/site-packages/airflow/example_dags/example_complex.py for tasks to queue
[2022-08-21 13:30:39,943] {logging_mixin.py:115} INFO - [2022-08-21 13:30:39,943] {dagbag.py:508} INFO - Filling up the DagBag from /home/airflow/.local/lib/python3.7/site-packages/airflow/example_dags/example_complex.py
[2022-08-21 13:30:39,959] {processor.py:651} INFO - DAG(s) dict_keys(['example_complex']) retrieved from /home/airflow/.local/lib/python3.7/site-packages/airflow/example_dags/example_complex.py
[2022-08-21 13:30:40,003] {logging_mixin.py:115} INFO - [2022-08-21 13:30:40,003] {dag.py:2420} INFO - Sync 1 DAGs
[2022-08-21 13:30:40,038] {logging_mixin.py:115} INFO - [2022-08-21 13:30:40,038] {dag.py:2972} INFO - Setting next_dagrun for example_complex to None, run_after=None
[2022-08-21 13:30:40,055] {processor.py:161} INFO - Processing /home/airflow/.local/lib/python3.7/site-packages/airflow/example_dags/example_complex.py took 0.117 seconds
[2022-08-21 13:31:10,190] {processor.py:153} INFO - Started process (PID=1564) to work on /home/airflow/.local/lib/python3.7/site-packages/airflow/example_dags/example_complex.py
[2022-08-21 13:31:10,191] {processor.py:641} INFO - Processing file /home/airflow/.local/lib/python3.7/site-packages/airflow/example_dags/example_complex.py for tasks to queue
[2022-08-21 13:31:10,192] {logging_mixin.py:115} INFO - [2022-08-21 13:31:10,192] {dagbag.py:508} INFO - Filling up the DagBag from /home/airflow/.local/lib/python3.7/site-packages/airflow/example_dags/example_complex.py
[2022-08-21 13:31:10,208] {processor.py:651} INFO - DAG(s) dict_keys(['example_complex']) retrieved from /home/airflow/.local/lib/python3.7/site-packages/airflow/example_dags/example_complex.py
[2022-08-21 13:31:10,250] {logging_mixin.py:115} INFO - [2022-08-21 13:31:10,250] {dag.py:2420} INFO - Sync 1 DAGs
[2022-08-21 13:31:10,280] {logging_mixin.py:115} INFO - [2022-08-21 13:31:10,279] {dag.py:2972} INFO - Setting next_dagrun for example_complex to None, run_after=None
[2022-08-21 13:31:10,296] {processor.py:161} INFO - Processing /home/airflow/.local/lib/python3.7/site-packages/airflow/example_dags/example_complex.py took 0.109 seconds
[2022-08-21 13:31:40,367] {processor.py:153} INFO - Started process (PID=1624) to work on /home/airflow/.local/lib/python3.7/site-packages/airflow/example_dags/example_complex.py
[2022-08-21 13:31:40,368] {processor.py:641} INFO - Processing file /home/airflow/.local/lib/python3.7/site-packages/airflow/example_dags/example_complex.py for tasks to queue
[2022-08-21 13:31:40,369] {logging_mixin.py:115} INFO - [2022-08-21 13:31:40,369] {dagbag.py:508} INFO - Filling up the DagBag from /home/airflow/.local/lib/python3.7/site-packages/airflow/example_dags/example_complex.py
[2022-08-21 13:31:40,379] {processor.py:651} INFO - DAG(s) dict_keys(['example_complex']) retrieved from /home/airflow/.local/lib/python3.7/site-packages/airflow/example_dags/example_complex.py
[2022-08-21 13:31:40,415] {logging_mixin.py:115} INFO - [2022-08-21 13:31:40,415] {dag.py:2420} INFO - Sync 1 DAGs
[2022-08-21 13:31:40,437] {logging_mixin.py:115} INFO - [2022-08-21 13:31:40,437] {dag.py:2972} INFO - Setting next_dagrun for example_complex to None, run_after=None
[2022-08-21 13:31:40,449] {processor.py:161} INFO - Processing /home/airflow/.local/lib/python3.7/site-packages/airflow/example_dags/example_complex.py took 0.085 seconds
[2022-08-21 13:32:11,328] {processor.py:153} INFO - Started process (PID=1686) to work on /home/airflow/.local/lib/python3.7/site-packages/airflow/example_dags/example_complex.py
[2022-08-21 13:32:11,330] {processor.py:641} INFO - Processing file /home/airflow/.local/lib/python3.7/site-packages/airflow/example_dags/example_complex.py for tasks to queue
[2022-08-21 13:32:11,332] {logging_mixin.py:115} INFO - [2022-08-21 13:32:11,331] {dagbag.py:508} INFO - Filling up the DagBag from /home/airflow/.local/lib/python3.7/site-packages/airflow/example_dags/example_complex.py
[2022-08-21 13:32:11,346] {processor.py:651} INFO - DAG(s) dict_keys(['example_complex']) retrieved from /home/airflow/.local/lib/python3.7/site-packages/airflow/example_dags/example_complex.py
[2022-08-21 13:32:11,385] {logging_mixin.py:115} INFO - [2022-08-21 13:32:11,384] {dag.py:2420} INFO - Sync 1 DAGs
[2022-08-21 13:32:11,414] {logging_mixin.py:115} INFO - [2022-08-21 13:32:11,414] {dag.py:2972} INFO - Setting next_dagrun for example_complex to None, run_after=None
[2022-08-21 13:32:11,437] {processor.py:161} INFO - Processing /home/airflow/.local/lib/python3.7/site-packages/airflow/example_dags/example_complex.py took 0.114 seconds
[2022-08-21 13:32:42,210] {processor.py:153} INFO - Started process (PID=1745) to work on /home/airflow/.local/lib/python3.7/site-packages/airflow/example_dags/example_complex.py
[2022-08-21 13:32:42,210] {processor.py:641} INFO - Processing file /home/airflow/.local/lib/python3.7/site-packages/airflow/example_dags/example_complex.py for tasks to queue
[2022-08-21 13:32:42,211] {logging_mixin.py:115} INFO - [2022-08-21 13:32:42,211] {dagbag.py:508} INFO - Filling up the DagBag from /home/airflow/.local/lib/python3.7/site-packages/airflow/example_dags/example_complex.py
[2022-08-21 13:32:42,227] {processor.py:651} INFO - DAG(s) dict_keys(['example_complex']) retrieved from /home/airflow/.local/lib/python3.7/site-packages/airflow/example_dags/example_complex.py
[2022-08-21 13:32:42,262] {logging_mixin.py:115} INFO - [2022-08-21 13:32:42,262] {dag.py:2420} INFO - Sync 1 DAGs
[2022-08-21 13:32:42,285] {logging_mixin.py:115} INFO - [2022-08-21 13:32:42,285] {dag.py:2972} INFO - Setting next_dagrun for example_complex to None, run_after=None
[2022-08-21 13:32:42,305] {processor.py:161} INFO - Processing /home/airflow/.local/lib/python3.7/site-packages/airflow/example_dags/example_complex.py took 0.099 seconds
[2022-08-21 13:33:13,164] {processor.py:153} INFO - Started process (PID=1800) to work on /home/airflow/.local/lib/python3.7/site-packages/airflow/example_dags/example_complex.py
[2022-08-21 13:33:13,165] {processor.py:641} INFO - Processing file /home/airflow/.local/lib/python3.7/site-packages/airflow/example_dags/example_complex.py for tasks to queue
[2022-08-21 13:33:13,165] {logging_mixin.py:115} INFO - [2022-08-21 13:33:13,165] {dagbag.py:508} INFO - Filling up the DagBag from /home/airflow/.local/lib/python3.7/site-packages/airflow/example_dags/example_complex.py
[2022-08-21 13:33:13,177] {processor.py:651} INFO - DAG(s) dict_keys(['example_complex']) retrieved from /home/airflow/.local/lib/python3.7/site-packages/airflow/example_dags/example_complex.py
[2022-08-21 13:33:13,207] {logging_mixin.py:115} INFO - [2022-08-21 13:33:13,207] {dag.py:2420} INFO - Sync 1 DAGs
[2022-08-21 13:33:13,227] {logging_mixin.py:115} INFO - [2022-08-21 13:33:13,227] {dag.py:2972} INFO - Setting next_dagrun for example_complex to None, run_after=None
[2022-08-21 13:33:13,238] {processor.py:161} INFO - Processing /home/airflow/.local/lib/python3.7/site-packages/airflow/example_dags/example_complex.py took 0.078 seconds
[2022-08-21 13:33:43,999] {processor.py:153} INFO - Started process (PID=1861) to work on /home/airflow/.local/lib/python3.7/site-packages/airflow/example_dags/example_complex.py
[2022-08-21 13:33:44,000] {processor.py:641} INFO - Processing file /home/airflow/.local/lib/python3.7/site-packages/airflow/example_dags/example_complex.py for tasks to queue
[2022-08-21 13:33:44,001] {logging_mixin.py:115} INFO - [2022-08-21 13:33:44,001] {dagbag.py:508} INFO - Filling up the DagBag from /home/airflow/.local/lib/python3.7/site-packages/airflow/example_dags/example_complex.py
[2022-08-21 13:33:44,017] {processor.py:651} INFO - DAG(s) dict_keys(['example_complex']) retrieved from /home/airflow/.local/lib/python3.7/site-packages/airflow/example_dags/example_complex.py
[2022-08-21 13:33:44,050] {logging_mixin.py:115} INFO - [2022-08-21 13:33:44,050] {dag.py:2420} INFO - Sync 1 DAGs
[2022-08-21 13:33:44,071] {logging_mixin.py:115} INFO - [2022-08-21 13:33:44,071] {dag.py:2972} INFO - Setting next_dagrun for example_complex to None, run_after=None
[2022-08-21 13:33:44,082] {processor.py:161} INFO - Processing /home/airflow/.local/lib/python3.7/site-packages/airflow/example_dags/example_complex.py took 0.086 seconds
[2022-08-21 13:34:14,876] {processor.py:153} INFO - Started process (PID=1922) to work on /home/airflow/.local/lib/python3.7/site-packages/airflow/example_dags/example_complex.py
[2022-08-21 13:34:14,877] {processor.py:641} INFO - Processing file /home/airflow/.local/lib/python3.7/site-packages/airflow/example_dags/example_complex.py for tasks to queue
[2022-08-21 13:34:14,878] {logging_mixin.py:115} INFO - [2022-08-21 13:34:14,878] {dagbag.py:508} INFO - Filling up the DagBag from /home/airflow/.local/lib/python3.7/site-packages/airflow/example_dags/example_complex.py
[2022-08-21 13:34:14,895] {processor.py:651} INFO - DAG(s) dict_keys(['example_complex']) retrieved from /home/airflow/.local/lib/python3.7/site-packages/airflow/example_dags/example_complex.py
[2022-08-21 13:34:14,934] {logging_mixin.py:115} INFO - [2022-08-21 13:34:14,934] {dag.py:2420} INFO - Sync 1 DAGs
[2022-08-21 13:34:14,968] {logging_mixin.py:115} INFO - [2022-08-21 13:34:14,968] {dag.py:2972} INFO - Setting next_dagrun for example_complex to None, run_after=None
[2022-08-21 13:34:14,989] {processor.py:161} INFO - Processing /home/airflow/.local/lib/python3.7/site-packages/airflow/example_dags/example_complex.py took 0.116 seconds
[2022-08-21 13:34:45,170] {processor.py:153} INFO - Started process (PID=1974) to work on /home/airflow/.local/lib/python3.7/site-packages/airflow/example_dags/example_complex.py
[2022-08-21 13:34:45,171] {processor.py:641} INFO - Processing file /home/airflow/.local/lib/python3.7/site-packages/airflow/example_dags/example_complex.py for tasks to queue
[2022-08-21 13:34:45,172] {logging_mixin.py:115} INFO - [2022-08-21 13:34:45,172] {dagbag.py:508} INFO - Filling up the DagBag from /home/airflow/.local/lib/python3.7/site-packages/airflow/example_dags/example_complex.py
[2022-08-21 13:34:45,184] {processor.py:651} INFO - DAG(s) dict_keys(['example_complex']) retrieved from /home/airflow/.local/lib/python3.7/site-packages/airflow/example_dags/example_complex.py
[2022-08-21 13:34:45,215] {logging_mixin.py:115} INFO - [2022-08-21 13:34:45,215] {dag.py:2420} INFO - Sync 1 DAGs
[2022-08-21 13:34:45,234] {logging_mixin.py:115} INFO - [2022-08-21 13:34:45,234] {dag.py:2972} INFO - Setting next_dagrun for example_complex to None, run_after=None
[2022-08-21 13:34:45,254] {processor.py:161} INFO - Processing /home/airflow/.local/lib/python3.7/site-packages/airflow/example_dags/example_complex.py took 0.088 seconds
[2022-08-21 13:35:16,238] {processor.py:153} INFO - Started process (PID=2035) to work on /home/airflow/.local/lib/python3.7/site-packages/airflow/example_dags/example_complex.py
[2022-08-21 13:35:16,239] {processor.py:641} INFO - Processing file /home/airflow/.local/lib/python3.7/site-packages/airflow/example_dags/example_complex.py for tasks to queue
[2022-08-21 13:35:16,240] {logging_mixin.py:115} INFO - [2022-08-21 13:35:16,240] {dagbag.py:508} INFO - Filling up the DagBag from /home/airflow/.local/lib/python3.7/site-packages/airflow/example_dags/example_complex.py
[2022-08-21 13:35:16,250] {processor.py:651} INFO - DAG(s) dict_keys(['example_complex']) retrieved from /home/airflow/.local/lib/python3.7/site-packages/airflow/example_dags/example_complex.py
[2022-08-21 13:35:16,279] {logging_mixin.py:115} INFO - [2022-08-21 13:35:16,279] {dag.py:2420} INFO - Sync 1 DAGs
[2022-08-21 13:35:16,299] {logging_mixin.py:115} INFO - [2022-08-21 13:35:16,298] {dag.py:2972} INFO - Setting next_dagrun for example_complex to None, run_after=None
[2022-08-21 13:35:16,312] {processor.py:161} INFO - Processing /home/airflow/.local/lib/python3.7/site-packages/airflow/example_dags/example_complex.py took 0.077 seconds
[2022-08-21 13:35:47,245] {processor.py:153} INFO - Started process (PID=2096) to work on /home/airflow/.local/lib/python3.7/site-packages/airflow/example_dags/example_complex.py
[2022-08-21 13:35:47,246] {processor.py:641} INFO - Processing file /home/airflow/.local/lib/python3.7/site-packages/airflow/example_dags/example_complex.py for tasks to queue
[2022-08-21 13:35:47,247] {logging_mixin.py:115} INFO - [2022-08-21 13:35:47,247] {dagbag.py:508} INFO - Filling up the DagBag from /home/airflow/.local/lib/python3.7/site-packages/airflow/example_dags/example_complex.py
[2022-08-21 13:35:47,262] {processor.py:651} INFO - DAG(s) dict_keys(['example_complex']) retrieved from /home/airflow/.local/lib/python3.7/site-packages/airflow/example_dags/example_complex.py
[2022-08-21 13:35:47,291] {logging_mixin.py:115} INFO - [2022-08-21 13:35:47,291] {dag.py:2420} INFO - Sync 1 DAGs
[2022-08-21 13:35:47,311] {logging_mixin.py:115} INFO - [2022-08-21 13:35:47,311] {dag.py:2972} INFO - Setting next_dagrun for example_complex to None, run_after=None
[2022-08-21 13:35:47,333] {processor.py:161} INFO - Processing /home/airflow/.local/lib/python3.7/site-packages/airflow/example_dags/example_complex.py took 0.090 seconds
[2022-08-21 13:36:18,140] {processor.py:153} INFO - Started process (PID=2148) to work on /home/airflow/.local/lib/python3.7/site-packages/airflow/example_dags/example_complex.py
[2022-08-21 13:36:18,141] {processor.py:641} INFO - Processing file /home/airflow/.local/lib/python3.7/site-packages/airflow/example_dags/example_complex.py for tasks to queue
[2022-08-21 13:36:18,142] {logging_mixin.py:115} INFO - [2022-08-21 13:36:18,141] {dagbag.py:508} INFO - Filling up the DagBag from /home/airflow/.local/lib/python3.7/site-packages/airflow/example_dags/example_complex.py
[2022-08-21 13:36:18,152] {processor.py:651} INFO - DAG(s) dict_keys(['example_complex']) retrieved from /home/airflow/.local/lib/python3.7/site-packages/airflow/example_dags/example_complex.py
[2022-08-21 13:36:18,183] {logging_mixin.py:115} INFO - [2022-08-21 13:36:18,183] {dag.py:2420} INFO - Sync 1 DAGs
[2022-08-21 13:36:18,208] {logging_mixin.py:115} INFO - [2022-08-21 13:36:18,208] {dag.py:2972} INFO - Setting next_dagrun for example_complex to None, run_after=None
[2022-08-21 13:36:18,222] {processor.py:161} INFO - Processing /home/airflow/.local/lib/python3.7/site-packages/airflow/example_dags/example_complex.py took 0.085 seconds
[2022-08-21 13:36:49,078] {processor.py:153} INFO - Started process (PID=2210) to work on /home/airflow/.local/lib/python3.7/site-packages/airflow/example_dags/example_complex.py
[2022-08-21 13:36:49,078] {processor.py:641} INFO - Processing file /home/airflow/.local/lib/python3.7/site-packages/airflow/example_dags/example_complex.py for tasks to queue
[2022-08-21 13:36:49,079] {logging_mixin.py:115} INFO - [2022-08-21 13:36:49,079] {dagbag.py:508} INFO - Filling up the DagBag from /home/airflow/.local/lib/python3.7/site-packages/airflow/example_dags/example_complex.py
[2022-08-21 13:36:49,092] {processor.py:651} INFO - DAG(s) dict_keys(['example_complex']) retrieved from /home/airflow/.local/lib/python3.7/site-packages/airflow/example_dags/example_complex.py
[2022-08-21 13:36:49,125] {logging_mixin.py:115} INFO - [2022-08-21 13:36:49,125] {dag.py:2420} INFO - Sync 1 DAGs
[2022-08-21 13:36:49,152] {logging_mixin.py:115} INFO - [2022-08-21 13:36:49,152] {dag.py:2972} INFO - Setting next_dagrun for example_complex to None, run_after=None
[2022-08-21 13:36:49,167] {processor.py:161} INFO - Processing /home/airflow/.local/lib/python3.7/site-packages/airflow/example_dags/example_complex.py took 0.092 seconds
[2022-08-21 13:37:19,862] {processor.py:153} INFO - Started process (PID=2272) to work on /home/airflow/.local/lib/python3.7/site-packages/airflow/example_dags/example_complex.py
[2022-08-21 13:37:19,863] {processor.py:641} INFO - Processing file /home/airflow/.local/lib/python3.7/site-packages/airflow/example_dags/example_complex.py for tasks to queue
[2022-08-21 13:37:19,864] {logging_mixin.py:115} INFO - [2022-08-21 13:37:19,864] {dagbag.py:508} INFO - Filling up the DagBag from /home/airflow/.local/lib/python3.7/site-packages/airflow/example_dags/example_complex.py
[2022-08-21 13:37:19,876] {processor.py:651} INFO - DAG(s) dict_keys(['example_complex']) retrieved from /home/airflow/.local/lib/python3.7/site-packages/airflow/example_dags/example_complex.py
[2022-08-21 13:37:19,912] {logging_mixin.py:115} INFO - [2022-08-21 13:37:19,912] {dag.py:2420} INFO - Sync 1 DAGs
[2022-08-21 13:37:19,939] {logging_mixin.py:115} INFO - [2022-08-21 13:37:19,939] {dag.py:2972} INFO - Setting next_dagrun for example_complex to None, run_after=None
[2022-08-21 13:37:19,955] {processor.py:161} INFO - Processing /home/airflow/.local/lib/python3.7/site-packages/airflow/example_dags/example_complex.py took 0.096 seconds
[2022-08-21 13:37:50,603] {processor.py:153} INFO - Started process (PID=2324) to work on /home/airflow/.local/lib/python3.7/site-packages/airflow/example_dags/example_complex.py
[2022-08-21 13:37:50,604] {processor.py:641} INFO - Processing file /home/airflow/.local/lib/python3.7/site-packages/airflow/example_dags/example_complex.py for tasks to queue
[2022-08-21 13:37:50,607] {logging_mixin.py:115} INFO - [2022-08-21 13:37:50,607] {dagbag.py:508} INFO - Filling up the DagBag from /home/airflow/.local/lib/python3.7/site-packages/airflow/example_dags/example_complex.py
[2022-08-21 13:37:50,618] {processor.py:651} INFO - DAG(s) dict_keys(['example_complex']) retrieved from /home/airflow/.local/lib/python3.7/site-packages/airflow/example_dags/example_complex.py
[2022-08-21 13:37:50,651] {logging_mixin.py:115} INFO - [2022-08-21 13:37:50,651] {dag.py:2420} INFO - Sync 1 DAGs
[2022-08-21 13:37:50,674] {logging_mixin.py:115} INFO - [2022-08-21 13:37:50,674] {dag.py:2972} INFO - Setting next_dagrun for example_complex to None, run_after=None
[2022-08-21 13:37:50,689] {processor.py:161} INFO - Processing /home/airflow/.local/lib/python3.7/site-packages/airflow/example_dags/example_complex.py took 0.090 seconds
[2022-08-21 13:38:21,582] {processor.py:153} INFO - Started process (PID=2385) to work on /home/airflow/.local/lib/python3.7/site-packages/airflow/example_dags/example_complex.py
[2022-08-21 13:38:21,583] {processor.py:641} INFO - Processing file /home/airflow/.local/lib/python3.7/site-packages/airflow/example_dags/example_complex.py for tasks to queue
[2022-08-21 13:38:21,584] {logging_mixin.py:115} INFO - [2022-08-21 13:38:21,584] {dagbag.py:508} INFO - Filling up the DagBag from /home/airflow/.local/lib/python3.7/site-packages/airflow/example_dags/example_complex.py
[2022-08-21 13:38:21,595] {processor.py:651} INFO - DAG(s) dict_keys(['example_complex']) retrieved from /home/airflow/.local/lib/python3.7/site-packages/airflow/example_dags/example_complex.py
[2022-08-21 13:38:21,626] {logging_mixin.py:115} INFO - [2022-08-21 13:38:21,626] {dag.py:2420} INFO - Sync 1 DAGs
[2022-08-21 13:38:21,646] {logging_mixin.py:115} INFO - [2022-08-21 13:38:21,646] {dag.py:2972} INFO - Setting next_dagrun for example_complex to None, run_after=None
[2022-08-21 13:38:21,660] {processor.py:161} INFO - Processing /home/airflow/.local/lib/python3.7/site-packages/airflow/example_dags/example_complex.py took 0.080 seconds
[2022-08-21 13:38:52,522] {processor.py:153} INFO - Started process (PID=2446) to work on /home/airflow/.local/lib/python3.7/site-packages/airflow/example_dags/example_complex.py
[2022-08-21 13:38:52,524] {processor.py:641} INFO - Processing file /home/airflow/.local/lib/python3.7/site-packages/airflow/example_dags/example_complex.py for tasks to queue
[2022-08-21 13:38:52,526] {logging_mixin.py:115} INFO - [2022-08-21 13:38:52,525] {dagbag.py:508} INFO - Filling up the DagBag from /home/airflow/.local/lib/python3.7/site-packages/airflow/example_dags/example_complex.py
[2022-08-21 13:38:52,543] {processor.py:651} INFO - DAG(s) dict_keys(['example_complex']) retrieved from /home/airflow/.local/lib/python3.7/site-packages/airflow/example_dags/example_complex.py
[2022-08-21 13:38:52,588] {logging_mixin.py:115} INFO - [2022-08-21 13:38:52,588] {dag.py:2420} INFO - Sync 1 DAGs
[2022-08-21 13:38:52,616] {logging_mixin.py:115} INFO - [2022-08-21 13:38:52,616] {dag.py:2972} INFO - Setting next_dagrun for example_complex to None, run_after=None
[2022-08-21 13:38:52,635] {processor.py:161} INFO - Processing /home/airflow/.local/lib/python3.7/site-packages/airflow/example_dags/example_complex.py took 0.117 seconds
[2022-08-21 13:39:22,783] {processor.py:153} INFO - Started process (PID=2505) to work on /home/airflow/.local/lib/python3.7/site-packages/airflow/example_dags/example_complex.py
[2022-08-21 13:39:22,784] {processor.py:641} INFO - Processing file /home/airflow/.local/lib/python3.7/site-packages/airflow/example_dags/example_complex.py for tasks to queue
[2022-08-21 13:39:22,785] {logging_mixin.py:115} INFO - [2022-08-21 13:39:22,785] {dagbag.py:508} INFO - Filling up the DagBag from /home/airflow/.local/lib/python3.7/site-packages/airflow/example_dags/example_complex.py
[2022-08-21 13:39:22,801] {processor.py:651} INFO - DAG(s) dict_keys(['example_complex']) retrieved from /home/airflow/.local/lib/python3.7/site-packages/airflow/example_dags/example_complex.py
[2022-08-21 13:39:22,832] {logging_mixin.py:115} INFO - [2022-08-21 13:39:22,832] {dag.py:2420} INFO - Sync 1 DAGs
[2022-08-21 13:39:22,857] {logging_mixin.py:115} INFO - [2022-08-21 13:39:22,857] {dag.py:2972} INFO - Setting next_dagrun for example_complex to None, run_after=None
[2022-08-21 13:39:22,874] {processor.py:161} INFO - Processing /home/airflow/.local/lib/python3.7/site-packages/airflow/example_dags/example_complex.py took 0.093 seconds
[2022-08-21 13:39:53,719] {processor.py:153} INFO - Started process (PID=2561) to work on /home/airflow/.local/lib/python3.7/site-packages/airflow/example_dags/example_complex.py
[2022-08-21 13:39:53,720] {processor.py:641} INFO - Processing file /home/airflow/.local/lib/python3.7/site-packages/airflow/example_dags/example_complex.py for tasks to queue
[2022-08-21 13:39:53,720] {logging_mixin.py:115} INFO - [2022-08-21 13:39:53,720] {dagbag.py:508} INFO - Filling up the DagBag from /home/airflow/.local/lib/python3.7/site-packages/airflow/example_dags/example_complex.py
[2022-08-21 13:39:53,734] {processor.py:651} INFO - DAG(s) dict_keys(['example_complex']) retrieved from /home/airflow/.local/lib/python3.7/site-packages/airflow/example_dags/example_complex.py
[2022-08-21 13:39:53,766] {logging_mixin.py:115} INFO - [2022-08-21 13:39:53,766] {dag.py:2420} INFO - Sync 1 DAGs
[2022-08-21 13:39:53,785] {logging_mixin.py:115} INFO - [2022-08-21 13:39:53,785] {dag.py:2972} INFO - Setting next_dagrun for example_complex to None, run_after=None
[2022-08-21 13:39:53,803] {processor.py:161} INFO - Processing /home/airflow/.local/lib/python3.7/site-packages/airflow/example_dags/example_complex.py took 0.088 seconds
[2022-08-21 13:40:23,904] {processor.py:153} INFO - Started process (PID=2637) to work on /home/airflow/.local/lib/python3.7/site-packages/airflow/example_dags/example_complex.py
[2022-08-21 13:40:23,905] {processor.py:641} INFO - Processing file /home/airflow/.local/lib/python3.7/site-packages/airflow/example_dags/example_complex.py for tasks to queue
[2022-08-21 13:40:23,906] {logging_mixin.py:115} INFO - [2022-08-21 13:40:23,906] {dagbag.py:508} INFO - Filling up the DagBag from /home/airflow/.local/lib/python3.7/site-packages/airflow/example_dags/example_complex.py
[2022-08-21 13:40:23,920] {processor.py:651} INFO - DAG(s) dict_keys(['example_complex']) retrieved from /home/airflow/.local/lib/python3.7/site-packages/airflow/example_dags/example_complex.py
[2022-08-21 13:40:23,949] {logging_mixin.py:115} INFO - [2022-08-21 13:40:23,949] {dag.py:2420} INFO - Sync 1 DAGs
[2022-08-21 13:40:23,969] {logging_mixin.py:115} INFO - [2022-08-21 13:40:23,969] {dag.py:2972} INFO - Setting next_dagrun for example_complex to None, run_after=None
[2022-08-21 13:40:23,987] {processor.py:161} INFO - Processing /home/airflow/.local/lib/python3.7/site-packages/airflow/example_dags/example_complex.py took 0.088 seconds
[2022-08-21 13:40:54,075] {processor.py:153} INFO - Started process (PID=2690) to work on /home/airflow/.local/lib/python3.7/site-packages/airflow/example_dags/example_complex.py
[2022-08-21 13:40:54,077] {processor.py:641} INFO - Processing file /home/airflow/.local/lib/python3.7/site-packages/airflow/example_dags/example_complex.py for tasks to queue
[2022-08-21 13:40:54,079] {logging_mixin.py:115} INFO - [2022-08-21 13:40:54,079] {dagbag.py:508} INFO - Filling up the DagBag from /home/airflow/.local/lib/python3.7/site-packages/airflow/example_dags/example_complex.py
[2022-08-21 13:40:54,096] {processor.py:651} INFO - DAG(s) dict_keys(['example_complex']) retrieved from /home/airflow/.local/lib/python3.7/site-packages/airflow/example_dags/example_complex.py
[2022-08-21 13:40:54,130] {logging_mixin.py:115} INFO - [2022-08-21 13:40:54,129] {dag.py:2420} INFO - Sync 1 DAGs
[2022-08-21 13:40:54,150] {logging_mixin.py:115} INFO - [2022-08-21 13:40:54,150] {dag.py:2972} INFO - Setting next_dagrun for example_complex to None, run_after=None
[2022-08-21 13:40:54,165] {processor.py:161} INFO - Processing /home/airflow/.local/lib/python3.7/site-packages/airflow/example_dags/example_complex.py took 0.093 seconds
[2022-08-21 13:41:24,264] {processor.py:153} INFO - Started process (PID=2755) to work on /home/airflow/.local/lib/python3.7/site-packages/airflow/example_dags/example_complex.py
[2022-08-21 13:41:24,265] {processor.py:641} INFO - Processing file /home/airflow/.local/lib/python3.7/site-packages/airflow/example_dags/example_complex.py for tasks to queue
[2022-08-21 13:41:24,265] {logging_mixin.py:115} INFO - [2022-08-21 13:41:24,265] {dagbag.py:508} INFO - Filling up the DagBag from /home/airflow/.local/lib/python3.7/site-packages/airflow/example_dags/example_complex.py
[2022-08-21 13:41:24,276] {processor.py:651} INFO - DAG(s) dict_keys(['example_complex']) retrieved from /home/airflow/.local/lib/python3.7/site-packages/airflow/example_dags/example_complex.py
[2022-08-21 13:41:24,303] {logging_mixin.py:115} INFO - [2022-08-21 13:41:24,303] {dag.py:2420} INFO - Sync 1 DAGs
[2022-08-21 13:41:24,323] {logging_mixin.py:115} INFO - [2022-08-21 13:41:24,323] {dag.py:2972} INFO - Setting next_dagrun for example_complex to None, run_after=None
[2022-08-21 13:41:24,337] {processor.py:161} INFO - Processing /home/airflow/.local/lib/python3.7/site-packages/airflow/example_dags/example_complex.py took 0.076 seconds
[2022-08-21 13:41:54,507] {processor.py:153} INFO - Started process (PID=2816) to work on /home/airflow/.local/lib/python3.7/site-packages/airflow/example_dags/example_complex.py
[2022-08-21 13:41:54,508] {processor.py:641} INFO - Processing file /home/airflow/.local/lib/python3.7/site-packages/airflow/example_dags/example_complex.py for tasks to queue
[2022-08-21 13:41:54,509] {logging_mixin.py:115} INFO - [2022-08-21 13:41:54,509] {dagbag.py:508} INFO - Filling up the DagBag from /home/airflow/.local/lib/python3.7/site-packages/airflow/example_dags/example_complex.py
[2022-08-21 13:41:54,526] {processor.py:651} INFO - DAG(s) dict_keys(['example_complex']) retrieved from /home/airflow/.local/lib/python3.7/site-packages/airflow/example_dags/example_complex.py
[2022-08-21 13:41:54,581] {logging_mixin.py:115} INFO - [2022-08-21 13:41:54,580] {dag.py:2420} INFO - Sync 1 DAGs
[2022-08-21 13:41:54,615] {logging_mixin.py:115} INFO - [2022-08-21 13:41:54,614] {dag.py:2972} INFO - Setting next_dagrun for example_complex to None, run_after=None
[2022-08-21 13:41:54,635] {processor.py:161} INFO - Processing /home/airflow/.local/lib/python3.7/site-packages/airflow/example_dags/example_complex.py took 0.133 seconds
[2022-08-21 13:42:25,350] {processor.py:153} INFO - Started process (PID=2868) to work on /home/airflow/.local/lib/python3.7/site-packages/airflow/example_dags/example_complex.py
[2022-08-21 13:42:25,351] {processor.py:641} INFO - Processing file /home/airflow/.local/lib/python3.7/site-packages/airflow/example_dags/example_complex.py for tasks to queue
[2022-08-21 13:42:25,352] {logging_mixin.py:115} INFO - [2022-08-21 13:42:25,352] {dagbag.py:508} INFO - Filling up the DagBag from /home/airflow/.local/lib/python3.7/site-packages/airflow/example_dags/example_complex.py
[2022-08-21 13:42:25,364] {processor.py:651} INFO - DAG(s) dict_keys(['example_complex']) retrieved from /home/airflow/.local/lib/python3.7/site-packages/airflow/example_dags/example_complex.py
[2022-08-21 13:42:25,400] {logging_mixin.py:115} INFO - [2022-08-21 13:42:25,400] {dag.py:2420} INFO - Sync 1 DAGs
[2022-08-21 13:42:25,423] {logging_mixin.py:115} INFO - [2022-08-21 13:42:25,423] {dag.py:2972} INFO - Setting next_dagrun for example_complex to None, run_after=None
[2022-08-21 13:42:25,438] {processor.py:161} INFO - Processing /home/airflow/.local/lib/python3.7/site-packages/airflow/example_dags/example_complex.py took 0.091 seconds
[2022-08-21 13:42:56,337] {processor.py:153} INFO - Started process (PID=2929) to work on /home/airflow/.local/lib/python3.7/site-packages/airflow/example_dags/example_complex.py
[2022-08-21 13:42:56,338] {processor.py:641} INFO - Processing file /home/airflow/.local/lib/python3.7/site-packages/airflow/example_dags/example_complex.py for tasks to queue
[2022-08-21 13:42:56,339] {logging_mixin.py:115} INFO - [2022-08-21 13:42:56,339] {dagbag.py:508} INFO - Filling up the DagBag from /home/airflow/.local/lib/python3.7/site-packages/airflow/example_dags/example_complex.py
[2022-08-21 13:42:56,353] {processor.py:651} INFO - DAG(s) dict_keys(['example_complex']) retrieved from /home/airflow/.local/lib/python3.7/site-packages/airflow/example_dags/example_complex.py
[2022-08-21 13:42:56,381] {logging_mixin.py:115} INFO - [2022-08-21 13:42:56,381] {dag.py:2420} INFO - Sync 1 DAGs
[2022-08-21 13:42:56,404] {logging_mixin.py:115} INFO - [2022-08-21 13:42:56,404] {dag.py:2972} INFO - Setting next_dagrun for example_complex to None, run_after=None
[2022-08-21 13:42:56,419] {processor.py:161} INFO - Processing /home/airflow/.local/lib/python3.7/site-packages/airflow/example_dags/example_complex.py took 0.086 seconds
[2022-08-21 13:43:26,630] {processor.py:153} INFO - Started process (PID=2990) to work on /home/airflow/.local/lib/python3.7/site-packages/airflow/example_dags/example_complex.py
[2022-08-21 13:43:26,630] {processor.py:641} INFO - Processing file /home/airflow/.local/lib/python3.7/site-packages/airflow/example_dags/example_complex.py for tasks to queue
[2022-08-21 13:43:26,631] {logging_mixin.py:115} INFO - [2022-08-21 13:43:26,631] {dagbag.py:508} INFO - Filling up the DagBag from /home/airflow/.local/lib/python3.7/site-packages/airflow/example_dags/example_complex.py
[2022-08-21 13:43:26,648] {processor.py:651} INFO - DAG(s) dict_keys(['example_complex']) retrieved from /home/airflow/.local/lib/python3.7/site-packages/airflow/example_dags/example_complex.py
[2022-08-21 13:43:26,691] {logging_mixin.py:115} INFO - [2022-08-21 13:43:26,691] {dag.py:2420} INFO - Sync 1 DAGs
[2022-08-21 13:43:26,718] {logging_mixin.py:115} INFO - [2022-08-21 13:43:26,718] {dag.py:2972} INFO - Setting next_dagrun for example_complex to None, run_after=None
[2022-08-21 13:43:26,734] {processor.py:161} INFO - Processing /home/airflow/.local/lib/python3.7/site-packages/airflow/example_dags/example_complex.py took 0.108 seconds
[2022-08-21 13:43:56,991] {processor.py:153} INFO - Started process (PID=3042) to work on /home/airflow/.local/lib/python3.7/site-packages/airflow/example_dags/example_complex.py
[2022-08-21 13:43:56,991] {processor.py:641} INFO - Processing file /home/airflow/.local/lib/python3.7/site-packages/airflow/example_dags/example_complex.py for tasks to queue
[2022-08-21 13:43:56,992] {logging_mixin.py:115} INFO - [2022-08-21 13:43:56,992] {dagbag.py:508} INFO - Filling up the DagBag from /home/airflow/.local/lib/python3.7/site-packages/airflow/example_dags/example_complex.py
[2022-08-21 13:43:57,007] {processor.py:651} INFO - DAG(s) dict_keys(['example_complex']) retrieved from /home/airflow/.local/lib/python3.7/site-packages/airflow/example_dags/example_complex.py
[2022-08-21 13:43:57,038] {logging_mixin.py:115} INFO - [2022-08-21 13:43:57,038] {dag.py:2420} INFO - Sync 1 DAGs
[2022-08-21 13:43:57,056] {logging_mixin.py:115} INFO - [2022-08-21 13:43:57,056] {dag.py:2972} INFO - Setting next_dagrun for example_complex to None, run_after=None
[2022-08-21 13:43:57,075] {processor.py:161} INFO - Processing /home/airflow/.local/lib/python3.7/site-packages/airflow/example_dags/example_complex.py took 0.087 seconds
[2022-08-21 13:44:27,928] {processor.py:153} INFO - Started process (PID=3103) to work on /home/airflow/.local/lib/python3.7/site-packages/airflow/example_dags/example_complex.py
[2022-08-21 13:44:27,929] {processor.py:641} INFO - Processing file /home/airflow/.local/lib/python3.7/site-packages/airflow/example_dags/example_complex.py for tasks to queue
[2022-08-21 13:44:27,930] {logging_mixin.py:115} INFO - [2022-08-21 13:44:27,930] {dagbag.py:508} INFO - Filling up the DagBag from /home/airflow/.local/lib/python3.7/site-packages/airflow/example_dags/example_complex.py
[2022-08-21 13:44:27,944] {processor.py:651} INFO - DAG(s) dict_keys(['example_complex']) retrieved from /home/airflow/.local/lib/python3.7/site-packages/airflow/example_dags/example_complex.py
[2022-08-21 13:44:27,976] {logging_mixin.py:115} INFO - [2022-08-21 13:44:27,976] {dag.py:2420} INFO - Sync 1 DAGs
[2022-08-21 13:44:27,996] {logging_mixin.py:115} INFO - [2022-08-21 13:44:27,996] {dag.py:2972} INFO - Setting next_dagrun for example_complex to None, run_after=None
[2022-08-21 13:44:28,014] {processor.py:161} INFO - Processing /home/airflow/.local/lib/python3.7/site-packages/airflow/example_dags/example_complex.py took 0.089 seconds
[2022-08-21 13:44:58,861] {processor.py:153} INFO - Started process (PID=3164) to work on /home/airflow/.local/lib/python3.7/site-packages/airflow/example_dags/example_complex.py
[2022-08-21 13:44:58,862] {processor.py:641} INFO - Processing file /home/airflow/.local/lib/python3.7/site-packages/airflow/example_dags/example_complex.py for tasks to queue
[2022-08-21 13:44:58,863] {logging_mixin.py:115} INFO - [2022-08-21 13:44:58,863] {dagbag.py:508} INFO - Filling up the DagBag from /home/airflow/.local/lib/python3.7/site-packages/airflow/example_dags/example_complex.py
[2022-08-21 13:44:58,880] {processor.py:651} INFO - DAG(s) dict_keys(['example_complex']) retrieved from /home/airflow/.local/lib/python3.7/site-packages/airflow/example_dags/example_complex.py
[2022-08-21 13:44:58,912] {logging_mixin.py:115} INFO - [2022-08-21 13:44:58,912] {dag.py:2420} INFO - Sync 1 DAGs
[2022-08-21 13:44:58,937] {logging_mixin.py:115} INFO - [2022-08-21 13:44:58,937] {dag.py:2972} INFO - Setting next_dagrun for example_complex to None, run_after=None
[2022-08-21 13:44:58,956] {processor.py:161} INFO - Processing /home/airflow/.local/lib/python3.7/site-packages/airflow/example_dags/example_complex.py took 0.099 seconds
[2022-08-21 13:45:29,749] {processor.py:153} INFO - Started process (PID=3216) to work on /home/airflow/.local/lib/python3.7/site-packages/airflow/example_dags/example_complex.py
[2022-08-21 13:45:29,749] {processor.py:641} INFO - Processing file /home/airflow/.local/lib/python3.7/site-packages/airflow/example_dags/example_complex.py for tasks to queue
[2022-08-21 13:45:29,750] {logging_mixin.py:115} INFO - [2022-08-21 13:45:29,750] {dagbag.py:508} INFO - Filling up the DagBag from /home/airflow/.local/lib/python3.7/site-packages/airflow/example_dags/example_complex.py
[2022-08-21 13:45:29,765] {processor.py:651} INFO - DAG(s) dict_keys(['example_complex']) retrieved from /home/airflow/.local/lib/python3.7/site-packages/airflow/example_dags/example_complex.py
[2022-08-21 13:45:29,800] {logging_mixin.py:115} INFO - [2022-08-21 13:45:29,800] {dag.py:2420} INFO - Sync 1 DAGs
[2022-08-21 13:45:29,824] {logging_mixin.py:115} INFO - [2022-08-21 13:45:29,824] {dag.py:2972} INFO - Setting next_dagrun for example_complex to None, run_after=None
[2022-08-21 13:45:29,840] {processor.py:161} INFO - Processing /home/airflow/.local/lib/python3.7/site-packages/airflow/example_dags/example_complex.py took 0.094 seconds
[2022-08-21 13:45:59,928] {processor.py:153} INFO - Started process (PID=3277) to work on /home/airflow/.local/lib/python3.7/site-packages/airflow/example_dags/example_complex.py
[2022-08-21 13:45:59,929] {processor.py:641} INFO - Processing file /home/airflow/.local/lib/python3.7/site-packages/airflow/example_dags/example_complex.py for tasks to queue
[2022-08-21 13:45:59,930] {logging_mixin.py:115} INFO - [2022-08-21 13:45:59,930] {dagbag.py:508} INFO - Filling up the DagBag from /home/airflow/.local/lib/python3.7/site-packages/airflow/example_dags/example_complex.py
[2022-08-21 13:45:59,948] {processor.py:651} INFO - DAG(s) dict_keys(['example_complex']) retrieved from /home/airflow/.local/lib/python3.7/site-packages/airflow/example_dags/example_complex.py
[2022-08-21 13:45:59,989] {logging_mixin.py:115} INFO - [2022-08-21 13:45:59,989] {dag.py:2420} INFO - Sync 1 DAGs
[2022-08-21 13:46:00,022] {logging_mixin.py:115} INFO - [2022-08-21 13:46:00,022] {dag.py:2972} INFO - Setting next_dagrun for example_complex to None, run_after=None
[2022-08-21 13:46:00,049] {processor.py:161} INFO - Processing /home/airflow/.local/lib/python3.7/site-packages/airflow/example_dags/example_complex.py took 0.125 seconds
[2022-08-21 13:46:30,879] {processor.py:153} INFO - Started process (PID=3329) to work on /home/airflow/.local/lib/python3.7/site-packages/airflow/example_dags/example_complex.py
[2022-08-21 13:46:30,880] {processor.py:641} INFO - Processing file /home/airflow/.local/lib/python3.7/site-packages/airflow/example_dags/example_complex.py for tasks to queue
[2022-08-21 13:46:30,881] {logging_mixin.py:115} INFO - [2022-08-21 13:46:30,881] {dagbag.py:508} INFO - Filling up the DagBag from /home/airflow/.local/lib/python3.7/site-packages/airflow/example_dags/example_complex.py
[2022-08-21 13:46:30,895] {processor.py:651} INFO - DAG(s) dict_keys(['example_complex']) retrieved from /home/airflow/.local/lib/python3.7/site-packages/airflow/example_dags/example_complex.py
[2022-08-21 13:46:30,929] {logging_mixin.py:115} INFO - [2022-08-21 13:46:30,929] {dag.py:2420} INFO - Sync 1 DAGs
[2022-08-21 13:46:30,952] {logging_mixin.py:115} INFO - [2022-08-21 13:46:30,952] {dag.py:2972} INFO - Setting next_dagrun for example_complex to None, run_after=None
[2022-08-21 13:46:30,975] {processor.py:161} INFO - Processing /home/airflow/.local/lib/python3.7/site-packages/airflow/example_dags/example_complex.py took 0.099 seconds
[2022-08-21 13:47:01,195] {processor.py:153} INFO - Started process (PID=3392) to work on /home/airflow/.local/lib/python3.7/site-packages/airflow/example_dags/example_complex.py
[2022-08-21 13:47:01,195] {processor.py:641} INFO - Processing file /home/airflow/.local/lib/python3.7/site-packages/airflow/example_dags/example_complex.py for tasks to queue
[2022-08-21 13:47:01,196] {logging_mixin.py:115} INFO - [2022-08-21 13:47:01,196] {dagbag.py:508} INFO - Filling up the DagBag from /home/airflow/.local/lib/python3.7/site-packages/airflow/example_dags/example_complex.py
[2022-08-21 13:47:01,208] {processor.py:651} INFO - DAG(s) dict_keys(['example_complex']) retrieved from /home/airflow/.local/lib/python3.7/site-packages/airflow/example_dags/example_complex.py
[2022-08-21 13:47:01,238] {logging_mixin.py:115} INFO - [2022-08-21 13:47:01,238] {dag.py:2420} INFO - Sync 1 DAGs
[2022-08-21 13:47:01,258] {logging_mixin.py:115} INFO - [2022-08-21 13:47:01,258] {dag.py:2972} INFO - Setting next_dagrun for example_complex to None, run_after=None
[2022-08-21 13:47:01,274] {processor.py:161} INFO - Processing /home/airflow/.local/lib/python3.7/site-packages/airflow/example_dags/example_complex.py took 0.082 seconds
[2022-08-21 13:47:31,923] {processor.py:153} INFO - Started process (PID=3454) to work on /home/airflow/.local/lib/python3.7/site-packages/airflow/example_dags/example_complex.py
[2022-08-21 13:47:31,924] {processor.py:641} INFO - Processing file /home/airflow/.local/lib/python3.7/site-packages/airflow/example_dags/example_complex.py for tasks to queue
[2022-08-21 13:47:31,925] {logging_mixin.py:115} INFO - [2022-08-21 13:47:31,925] {dagbag.py:508} INFO - Filling up the DagBag from /home/airflow/.local/lib/python3.7/site-packages/airflow/example_dags/example_complex.py
[2022-08-21 13:47:31,936] {processor.py:651} INFO - DAG(s) dict_keys(['example_complex']) retrieved from /home/airflow/.local/lib/python3.7/site-packages/airflow/example_dags/example_complex.py
[2022-08-21 13:47:31,964] {logging_mixin.py:115} INFO - [2022-08-21 13:47:31,964] {dag.py:2420} INFO - Sync 1 DAGs
[2022-08-21 13:47:31,984] {logging_mixin.py:115} INFO - [2022-08-21 13:47:31,984] {dag.py:2972} INFO - Setting next_dagrun for example_complex to None, run_after=None
[2022-08-21 13:47:32,001] {processor.py:161} INFO - Processing /home/airflow/.local/lib/python3.7/site-packages/airflow/example_dags/example_complex.py took 0.080 seconds
[2022-08-21 13:48:02,755] {processor.py:153} INFO - Started process (PID=3506) to work on /home/airflow/.local/lib/python3.7/site-packages/airflow/example_dags/example_complex.py
[2022-08-21 13:48:02,756] {processor.py:641} INFO - Processing file /home/airflow/.local/lib/python3.7/site-packages/airflow/example_dags/example_complex.py for tasks to queue
[2022-08-21 13:48:02,757] {logging_mixin.py:115} INFO - [2022-08-21 13:48:02,757] {dagbag.py:508} INFO - Filling up the DagBag from /home/airflow/.local/lib/python3.7/site-packages/airflow/example_dags/example_complex.py
[2022-08-21 13:48:02,769] {processor.py:651} INFO - DAG(s) dict_keys(['example_complex']) retrieved from /home/airflow/.local/lib/python3.7/site-packages/airflow/example_dags/example_complex.py
[2022-08-21 13:48:02,798] {logging_mixin.py:115} INFO - [2022-08-21 13:48:02,798] {dag.py:2420} INFO - Sync 1 DAGs
[2022-08-21 13:48:02,819] {logging_mixin.py:115} INFO - [2022-08-21 13:48:02,819] {dag.py:2972} INFO - Setting next_dagrun for example_complex to None, run_after=None
[2022-08-21 13:48:02,837] {processor.py:161} INFO - Processing /home/airflow/.local/lib/python3.7/site-packages/airflow/example_dags/example_complex.py took 0.084 seconds
[2022-08-21 13:48:33,692] {processor.py:153} INFO - Started process (PID=3568) to work on /home/airflow/.local/lib/python3.7/site-packages/airflow/example_dags/example_complex.py
[2022-08-21 13:48:33,693] {processor.py:641} INFO - Processing file /home/airflow/.local/lib/python3.7/site-packages/airflow/example_dags/example_complex.py for tasks to queue
[2022-08-21 13:48:33,694] {logging_mixin.py:115} INFO - [2022-08-21 13:48:33,694] {dagbag.py:508} INFO - Filling up the DagBag from /home/airflow/.local/lib/python3.7/site-packages/airflow/example_dags/example_complex.py
[2022-08-21 13:48:33,706] {processor.py:651} INFO - DAG(s) dict_keys(['example_complex']) retrieved from /home/airflow/.local/lib/python3.7/site-packages/airflow/example_dags/example_complex.py
[2022-08-21 13:48:33,736] {logging_mixin.py:115} INFO - [2022-08-21 13:48:33,736] {dag.py:2420} INFO - Sync 1 DAGs
[2022-08-21 13:48:33,761] {logging_mixin.py:115} INFO - [2022-08-21 13:48:33,761] {dag.py:2972} INFO - Setting next_dagrun for example_complex to None, run_after=None
[2022-08-21 13:48:33,781] {processor.py:161} INFO - Processing /home/airflow/.local/lib/python3.7/site-packages/airflow/example_dags/example_complex.py took 0.092 seconds
[2022-08-21 13:49:04,289] {processor.py:153} INFO - Started process (PID=3630) to work on /home/airflow/.local/lib/python3.7/site-packages/airflow/example_dags/example_complex.py
[2022-08-21 13:49:04,290] {processor.py:641} INFO - Processing file /home/airflow/.local/lib/python3.7/site-packages/airflow/example_dags/example_complex.py for tasks to queue
[2022-08-21 13:49:04,291] {logging_mixin.py:115} INFO - [2022-08-21 13:49:04,291] {dagbag.py:508} INFO - Filling up the DagBag from /home/airflow/.local/lib/python3.7/site-packages/airflow/example_dags/example_complex.py
[2022-08-21 13:49:04,302] {processor.py:651} INFO - DAG(s) dict_keys(['example_complex']) retrieved from /home/airflow/.local/lib/python3.7/site-packages/airflow/example_dags/example_complex.py
[2022-08-21 13:49:04,331] {logging_mixin.py:115} INFO - [2022-08-21 13:49:04,331] {dag.py:2420} INFO - Sync 1 DAGs
[2022-08-21 13:49:04,353] {logging_mixin.py:115} INFO - [2022-08-21 13:49:04,352] {dag.py:2972} INFO - Setting next_dagrun for example_complex to None, run_after=None
[2022-08-21 13:49:04,369] {processor.py:161} INFO - Processing /home/airflow/.local/lib/python3.7/site-packages/airflow/example_dags/example_complex.py took 0.083 seconds
[2022-08-21 13:49:35,288] {processor.py:153} INFO - Started process (PID=3682) to work on /home/airflow/.local/lib/python3.7/site-packages/airflow/example_dags/example_complex.py
[2022-08-21 13:49:35,289] {processor.py:641} INFO - Processing file /home/airflow/.local/lib/python3.7/site-packages/airflow/example_dags/example_complex.py for tasks to queue
[2022-08-21 13:49:35,290] {logging_mixin.py:115} INFO - [2022-08-21 13:49:35,289] {dagbag.py:508} INFO - Filling up the DagBag from /home/airflow/.local/lib/python3.7/site-packages/airflow/example_dags/example_complex.py
[2022-08-21 13:49:35,302] {processor.py:651} INFO - DAG(s) dict_keys(['example_complex']) retrieved from /home/airflow/.local/lib/python3.7/site-packages/airflow/example_dags/example_complex.py
[2022-08-21 13:49:35,333] {logging_mixin.py:115} INFO - [2022-08-21 13:49:35,333] {dag.py:2420} INFO - Sync 1 DAGs
[2022-08-21 13:49:35,356] {logging_mixin.py:115} INFO - [2022-08-21 13:49:35,356] {dag.py:2972} INFO - Setting next_dagrun for example_complex to None, run_after=None
[2022-08-21 13:49:35,376] {processor.py:161} INFO - Processing /home/airflow/.local/lib/python3.7/site-packages/airflow/example_dags/example_complex.py took 0.091 seconds
[2022-08-21 13:50:06,284] {processor.py:153} INFO - Started process (PID=3743) to work on /home/airflow/.local/lib/python3.7/site-packages/airflow/example_dags/example_complex.py
[2022-08-21 13:50:06,285] {processor.py:641} INFO - Processing file /home/airflow/.local/lib/python3.7/site-packages/airflow/example_dags/example_complex.py for tasks to queue
[2022-08-21 13:50:06,286] {logging_mixin.py:115} INFO - [2022-08-21 13:50:06,286] {dagbag.py:508} INFO - Filling up the DagBag from /home/airflow/.local/lib/python3.7/site-packages/airflow/example_dags/example_complex.py
[2022-08-21 13:50:06,298] {processor.py:651} INFO - DAG(s) dict_keys(['example_complex']) retrieved from /home/airflow/.local/lib/python3.7/site-packages/airflow/example_dags/example_complex.py
[2022-08-21 13:50:06,325] {logging_mixin.py:115} INFO - [2022-08-21 13:50:06,325] {dag.py:2420} INFO - Sync 1 DAGs
[2022-08-21 13:50:06,346] {logging_mixin.py:115} INFO - [2022-08-21 13:50:06,346] {dag.py:2972} INFO - Setting next_dagrun for example_complex to None, run_after=None
[2022-08-21 13:50:06,363] {processor.py:161} INFO - Processing /home/airflow/.local/lib/python3.7/site-packages/airflow/example_dags/example_complex.py took 0.082 seconds
[2022-08-21 13:50:36,480] {processor.py:153} INFO - Started process (PID=3805) to work on /home/airflow/.local/lib/python3.7/site-packages/airflow/example_dags/example_complex.py
[2022-08-21 13:50:36,481] {processor.py:641} INFO - Processing file /home/airflow/.local/lib/python3.7/site-packages/airflow/example_dags/example_complex.py for tasks to queue
[2022-08-21 13:50:36,482] {logging_mixin.py:115} INFO - [2022-08-21 13:50:36,482] {dagbag.py:508} INFO - Filling up the DagBag from /home/airflow/.local/lib/python3.7/site-packages/airflow/example_dags/example_complex.py
[2022-08-21 13:50:36,498] {processor.py:651} INFO - DAG(s) dict_keys(['example_complex']) retrieved from /home/airflow/.local/lib/python3.7/site-packages/airflow/example_dags/example_complex.py
[2022-08-21 13:50:36,528] {logging_mixin.py:115} INFO - [2022-08-21 13:50:36,528] {dag.py:2420} INFO - Sync 1 DAGs
[2022-08-21 13:50:36,547] {logging_mixin.py:115} INFO - [2022-08-21 13:50:36,547] {dag.py:2972} INFO - Setting next_dagrun for example_complex to None, run_after=None
[2022-08-21 13:50:36,561] {processor.py:161} INFO - Processing /home/airflow/.local/lib/python3.7/site-packages/airflow/example_dags/example_complex.py took 0.083 seconds
[2022-08-21 13:51:06,708] {processor.py:153} INFO - Started process (PID=3857) to work on /home/airflow/.local/lib/python3.7/site-packages/airflow/example_dags/example_complex.py
[2022-08-21 13:51:06,709] {processor.py:641} INFO - Processing file /home/airflow/.local/lib/python3.7/site-packages/airflow/example_dags/example_complex.py for tasks to queue
[2022-08-21 13:51:06,709] {logging_mixin.py:115} INFO - [2022-08-21 13:51:06,709] {dagbag.py:508} INFO - Filling up the DagBag from /home/airflow/.local/lib/python3.7/site-packages/airflow/example_dags/example_complex.py
[2022-08-21 13:51:06,724] {processor.py:651} INFO - DAG(s) dict_keys(['example_complex']) retrieved from /home/airflow/.local/lib/python3.7/site-packages/airflow/example_dags/example_complex.py
[2022-08-21 13:51:06,759] {logging_mixin.py:115} INFO - [2022-08-21 13:51:06,759] {dag.py:2420} INFO - Sync 1 DAGs
[2022-08-21 13:51:06,791] {logging_mixin.py:115} INFO - [2022-08-21 13:51:06,791] {dag.py:2972} INFO - Setting next_dagrun for example_complex to None, run_after=None
[2022-08-21 13:51:06,810] {processor.py:161} INFO - Processing /home/airflow/.local/lib/python3.7/site-packages/airflow/example_dags/example_complex.py took 0.105 seconds
[2022-08-21 13:51:36,861] {processor.py:153} INFO - Started process (PID=3918) to work on /home/airflow/.local/lib/python3.7/site-packages/airflow/example_dags/example_complex.py
[2022-08-21 13:51:36,862] {processor.py:641} INFO - Processing file /home/airflow/.local/lib/python3.7/site-packages/airflow/example_dags/example_complex.py for tasks to queue
[2022-08-21 13:51:36,862] {logging_mixin.py:115} INFO - [2022-08-21 13:51:36,862] {dagbag.py:508} INFO - Filling up the DagBag from /home/airflow/.local/lib/python3.7/site-packages/airflow/example_dags/example_complex.py
[2022-08-21 13:51:36,875] {processor.py:651} INFO - DAG(s) dict_keys(['example_complex']) retrieved from /home/airflow/.local/lib/python3.7/site-packages/airflow/example_dags/example_complex.py
[2022-08-21 13:51:36,904] {logging_mixin.py:115} INFO - [2022-08-21 13:51:36,904] {dag.py:2420} INFO - Sync 1 DAGs
[2022-08-21 13:51:36,924] {logging_mixin.py:115} INFO - [2022-08-21 13:51:36,924] {dag.py:2972} INFO - Setting next_dagrun for example_complex to None, run_after=None
[2022-08-21 13:51:36,937] {processor.py:161} INFO - Processing /home/airflow/.local/lib/python3.7/site-packages/airflow/example_dags/example_complex.py took 0.079 seconds
[2022-08-21 13:52:07,149] {processor.py:153} INFO - Started process (PID=3979) to work on /home/airflow/.local/lib/python3.7/site-packages/airflow/example_dags/example_complex.py
[2022-08-21 13:52:07,150] {processor.py:641} INFO - Processing file /home/airflow/.local/lib/python3.7/site-packages/airflow/example_dags/example_complex.py for tasks to queue
[2022-08-21 13:52:07,151] {logging_mixin.py:115} INFO - [2022-08-21 13:52:07,151] {dagbag.py:508} INFO - Filling up the DagBag from /home/airflow/.local/lib/python3.7/site-packages/airflow/example_dags/example_complex.py
[2022-08-21 13:52:07,162] {processor.py:651} INFO - DAG(s) dict_keys(['example_complex']) retrieved from /home/airflow/.local/lib/python3.7/site-packages/airflow/example_dags/example_complex.py
[2022-08-21 13:52:07,198] {logging_mixin.py:115} INFO - [2022-08-21 13:52:07,198] {dag.py:2420} INFO - Sync 1 DAGs
[2022-08-21 13:52:07,223] {logging_mixin.py:115} INFO - [2022-08-21 13:52:07,223] {dag.py:2972} INFO - Setting next_dagrun for example_complex to None, run_after=None
[2022-08-21 13:52:07,241] {processor.py:161} INFO - Processing /home/airflow/.local/lib/python3.7/site-packages/airflow/example_dags/example_complex.py took 0.095 seconds
[2022-08-21 13:52:37,336] {processor.py:153} INFO - Started process (PID=4031) to work on /home/airflow/.local/lib/python3.7/site-packages/airflow/example_dags/example_complex.py
[2022-08-21 13:52:37,337] {processor.py:641} INFO - Processing file /home/airflow/.local/lib/python3.7/site-packages/airflow/example_dags/example_complex.py for tasks to queue
[2022-08-21 13:52:37,338] {logging_mixin.py:115} INFO - [2022-08-21 13:52:37,338] {dagbag.py:508} INFO - Filling up the DagBag from /home/airflow/.local/lib/python3.7/site-packages/airflow/example_dags/example_complex.py
[2022-08-21 13:52:37,350] {processor.py:651} INFO - DAG(s) dict_keys(['example_complex']) retrieved from /home/airflow/.local/lib/python3.7/site-packages/airflow/example_dags/example_complex.py
[2022-08-21 13:52:37,381] {logging_mixin.py:115} INFO - [2022-08-21 13:52:37,381] {dag.py:2420} INFO - Sync 1 DAGs
[2022-08-21 13:52:37,403] {logging_mixin.py:115} INFO - [2022-08-21 13:52:37,403] {dag.py:2972} INFO - Setting next_dagrun for example_complex to None, run_after=None
[2022-08-21 13:52:37,419] {processor.py:161} INFO - Processing /home/airflow/.local/lib/python3.7/site-packages/airflow/example_dags/example_complex.py took 0.086 seconds
[2022-08-21 13:53:07,909] {processor.py:153} INFO - Started process (PID=4092) to work on /home/airflow/.local/lib/python3.7/site-packages/airflow/example_dags/example_complex.py
[2022-08-21 13:53:07,911] {processor.py:641} INFO - Processing file /home/airflow/.local/lib/python3.7/site-packages/airflow/example_dags/example_complex.py for tasks to queue
[2022-08-21 13:53:07,911] {logging_mixin.py:115} INFO - [2022-08-21 13:53:07,911] {dagbag.py:508} INFO - Filling up the DagBag from /home/airflow/.local/lib/python3.7/site-packages/airflow/example_dags/example_complex.py
[2022-08-21 13:53:07,923] {processor.py:651} INFO - DAG(s) dict_keys(['example_complex']) retrieved from /home/airflow/.local/lib/python3.7/site-packages/airflow/example_dags/example_complex.py
[2022-08-21 13:53:07,956] {logging_mixin.py:115} INFO - [2022-08-21 13:53:07,956] {dag.py:2420} INFO - Sync 1 DAGs
[2022-08-21 13:53:07,983] {logging_mixin.py:115} INFO - [2022-08-21 13:53:07,983] {dag.py:2972} INFO - Setting next_dagrun for example_complex to None, run_after=None
[2022-08-21 13:53:08,001] {processor.py:161} INFO - Processing /home/airflow/.local/lib/python3.7/site-packages/airflow/example_dags/example_complex.py took 0.095 seconds
[2022-08-21 13:53:38,933] {processor.py:153} INFO - Started process (PID=4153) to work on /home/airflow/.local/lib/python3.7/site-packages/airflow/example_dags/example_complex.py
[2022-08-21 13:53:38,934] {processor.py:641} INFO - Processing file /home/airflow/.local/lib/python3.7/site-packages/airflow/example_dags/example_complex.py for tasks to queue
[2022-08-21 13:53:38,935] {logging_mixin.py:115} INFO - [2022-08-21 13:53:38,935] {dagbag.py:508} INFO - Filling up the DagBag from /home/airflow/.local/lib/python3.7/site-packages/airflow/example_dags/example_complex.py
[2022-08-21 13:53:38,951] {processor.py:651} INFO - DAG(s) dict_keys(['example_complex']) retrieved from /home/airflow/.local/lib/python3.7/site-packages/airflow/example_dags/example_complex.py
[2022-08-21 13:53:38,983] {logging_mixin.py:115} INFO - [2022-08-21 13:53:38,983] {dag.py:2420} INFO - Sync 1 DAGs
[2022-08-21 13:53:39,009] {logging_mixin.py:115} INFO - [2022-08-21 13:53:39,009] {dag.py:2972} INFO - Setting next_dagrun for example_complex to None, run_after=None
[2022-08-21 13:53:39,026] {processor.py:161} INFO - Processing /home/airflow/.local/lib/python3.7/site-packages/airflow/example_dags/example_complex.py took 0.097 seconds
