[2022-08-21 13:17:59,644] {processor.py:153} INFO - Started process (PID=71) to work on /home/airflow/.local/lib/python3.7/site-packages/airflow/example_dags/example_branch_python_dop_operator_3.py
[2022-08-21 13:17:59,645] {processor.py:641} INFO - Processing file /home/airflow/.local/lib/python3.7/site-packages/airflow/example_dags/example_branch_python_dop_operator_3.py for tasks to queue
[2022-08-21 13:17:59,647] {logging_mixin.py:115} INFO - [2022-08-21 13:17:59,647] {dagbag.py:508} INFO - Filling up the DagBag from /home/airflow/.local/lib/python3.7/site-packages/airflow/example_dags/example_branch_python_dop_operator_3.py
[2022-08-21 13:17:59,672] {processor.py:651} INFO - DAG(s) dict_keys(['example_branch_dop_operator_v3']) retrieved from /home/airflow/.local/lib/python3.7/site-packages/airflow/example_dags/example_branch_python_dop_operator_3.py
[2022-08-21 13:17:59,731] {logging_mixin.py:115} INFO - [2022-08-21 13:17:59,731] {dag.py:2420} INFO - Sync 1 DAGs
[2022-08-21 13:17:59,778] {logging_mixin.py:115} INFO - [2022-08-21 13:17:59,778] {dag.py:2972} INFO - Setting next_dagrun for example_branch_dop_operator_v3 to 2022-08-21T13:16:00+00:00, run_after=2022-08-21T13:17:00+00:00
[2022-08-21 13:17:59,807] {processor.py:161} INFO - Processing /home/airflow/.local/lib/python3.7/site-packages/airflow/example_dags/example_branch_python_dop_operator_3.py took 0.176 seconds
[2022-08-21 13:18:30,112] {processor.py:153} INFO - Started process (PID=124) to work on /home/airflow/.local/lib/python3.7/site-packages/airflow/example_dags/example_branch_python_dop_operator_3.py
[2022-08-21 13:18:30,114] {processor.py:641} INFO - Processing file /home/airflow/.local/lib/python3.7/site-packages/airflow/example_dags/example_branch_python_dop_operator_3.py for tasks to queue
[2022-08-21 13:18:30,118] {logging_mixin.py:115} INFO - [2022-08-21 13:18:30,117] {dagbag.py:508} INFO - Filling up the DagBag from /home/airflow/.local/lib/python3.7/site-packages/airflow/example_dags/example_branch_python_dop_operator_3.py
[2022-08-21 13:18:30,135] {processor.py:651} INFO - DAG(s) dict_keys(['example_branch_dop_operator_v3']) retrieved from /home/airflow/.local/lib/python3.7/site-packages/airflow/example_dags/example_branch_python_dop_operator_3.py
[2022-08-21 13:18:30,164] {logging_mixin.py:115} INFO - [2022-08-21 13:18:30,164] {dag.py:2420} INFO - Sync 1 DAGs
[2022-08-21 13:18:30,195] {logging_mixin.py:115} INFO - [2022-08-21 13:18:30,195] {dag.py:2972} INFO - Setting next_dagrun for example_branch_dop_operator_v3 to 2022-08-21T13:17:00+00:00, run_after=2022-08-21T13:18:00+00:00
[2022-08-21 13:18:30,214] {processor.py:161} INFO - Processing /home/airflow/.local/lib/python3.7/site-packages/airflow/example_dags/example_branch_python_dop_operator_3.py took 0.108 seconds
[2022-08-21 13:19:00,297] {processor.py:153} INFO - Started process (PID=187) to work on /home/airflow/.local/lib/python3.7/site-packages/airflow/example_dags/example_branch_python_dop_operator_3.py
[2022-08-21 13:19:00,298] {processor.py:641} INFO - Processing file /home/airflow/.local/lib/python3.7/site-packages/airflow/example_dags/example_branch_python_dop_operator_3.py for tasks to queue
[2022-08-21 13:19:00,299] {logging_mixin.py:115} INFO - [2022-08-21 13:19:00,299] {dagbag.py:508} INFO - Filling up the DagBag from /home/airflow/.local/lib/python3.7/site-packages/airflow/example_dags/example_branch_python_dop_operator_3.py
[2022-08-21 13:19:00,318] {processor.py:651} INFO - DAG(s) dict_keys(['example_branch_dop_operator_v3']) retrieved from /home/airflow/.local/lib/python3.7/site-packages/airflow/example_dags/example_branch_python_dop_operator_3.py
[2022-08-21 13:19:00,380] {logging_mixin.py:115} INFO - [2022-08-21 13:19:00,380] {dag.py:2420} INFO - Sync 1 DAGs
[2022-08-21 13:19:00,426] {logging_mixin.py:115} INFO - [2022-08-21 13:19:00,426] {dag.py:2972} INFO - Setting next_dagrun for example_branch_dop_operator_v3 to 2022-08-21T13:18:00+00:00, run_after=2022-08-21T13:19:00+00:00
[2022-08-21 13:19:00,447] {processor.py:161} INFO - Processing /home/airflow/.local/lib/python3.7/site-packages/airflow/example_dags/example_branch_python_dop_operator_3.py took 0.153 seconds
[2022-08-21 13:19:31,252] {processor.py:153} INFO - Started process (PID=249) to work on /home/airflow/.local/lib/python3.7/site-packages/airflow/example_dags/example_branch_python_dop_operator_3.py
[2022-08-21 13:19:31,253] {processor.py:641} INFO - Processing file /home/airflow/.local/lib/python3.7/site-packages/airflow/example_dags/example_branch_python_dop_operator_3.py for tasks to queue
[2022-08-21 13:19:31,254] {logging_mixin.py:115} INFO - [2022-08-21 13:19:31,254] {dagbag.py:508} INFO - Filling up the DagBag from /home/airflow/.local/lib/python3.7/site-packages/airflow/example_dags/example_branch_python_dop_operator_3.py
[2022-08-21 13:19:31,262] {processor.py:651} INFO - DAG(s) dict_keys(['example_branch_dop_operator_v3']) retrieved from /home/airflow/.local/lib/python3.7/site-packages/airflow/example_dags/example_branch_python_dop_operator_3.py
[2022-08-21 13:19:31,292] {logging_mixin.py:115} INFO - [2022-08-21 13:19:31,292] {dag.py:2420} INFO - Sync 1 DAGs
[2022-08-21 13:19:31,326] {logging_mixin.py:115} INFO - [2022-08-21 13:19:31,326] {dag.py:2972} INFO - Setting next_dagrun for example_branch_dop_operator_v3 to 2022-08-21T13:18:00+00:00, run_after=2022-08-21T13:19:00+00:00
[2022-08-21 13:19:31,344] {processor.py:161} INFO - Processing /home/airflow/.local/lib/python3.7/site-packages/airflow/example_dags/example_branch_python_dop_operator_3.py took 0.095 seconds
[2022-08-21 13:20:01,614] {processor.py:153} INFO - Started process (PID=301) to work on /home/airflow/.local/lib/python3.7/site-packages/airflow/example_dags/example_branch_python_dop_operator_3.py
[2022-08-21 13:20:01,615] {processor.py:641} INFO - Processing file /home/airflow/.local/lib/python3.7/site-packages/airflow/example_dags/example_branch_python_dop_operator_3.py for tasks to queue
[2022-08-21 13:20:01,616] {logging_mixin.py:115} INFO - [2022-08-21 13:20:01,616] {dagbag.py:508} INFO - Filling up the DagBag from /home/airflow/.local/lib/python3.7/site-packages/airflow/example_dags/example_branch_python_dop_operator_3.py
[2022-08-21 13:20:01,624] {processor.py:651} INFO - DAG(s) dict_keys(['example_branch_dop_operator_v3']) retrieved from /home/airflow/.local/lib/python3.7/site-packages/airflow/example_dags/example_branch_python_dop_operator_3.py
[2022-08-21 13:20:01,649] {logging_mixin.py:115} INFO - [2022-08-21 13:20:01,649] {dag.py:2420} INFO - Sync 1 DAGs
[2022-08-21 13:20:01,676] {logging_mixin.py:115} INFO - [2022-08-21 13:20:01,676] {dag.py:2972} INFO - Setting next_dagrun for example_branch_dop_operator_v3 to 2022-08-21T13:19:00+00:00, run_after=2022-08-21T13:20:00+00:00
[2022-08-21 13:20:01,696] {processor.py:161} INFO - Processing /home/airflow/.local/lib/python3.7/site-packages/airflow/example_dags/example_branch_python_dop_operator_3.py took 0.084 seconds
[2022-08-21 13:20:31,905] {processor.py:153} INFO - Started process (PID=363) to work on /home/airflow/.local/lib/python3.7/site-packages/airflow/example_dags/example_branch_python_dop_operator_3.py
[2022-08-21 13:20:31,906] {processor.py:641} INFO - Processing file /home/airflow/.local/lib/python3.7/site-packages/airflow/example_dags/example_branch_python_dop_operator_3.py for tasks to queue
[2022-08-21 13:20:31,907] {logging_mixin.py:115} INFO - [2022-08-21 13:20:31,907] {dagbag.py:508} INFO - Filling up the DagBag from /home/airflow/.local/lib/python3.7/site-packages/airflow/example_dags/example_branch_python_dop_operator_3.py
[2022-08-21 13:20:31,916] {processor.py:651} INFO - DAG(s) dict_keys(['example_branch_dop_operator_v3']) retrieved from /home/airflow/.local/lib/python3.7/site-packages/airflow/example_dags/example_branch_python_dop_operator_3.py
[2022-08-21 13:20:31,944] {logging_mixin.py:115} INFO - [2022-08-21 13:20:31,943] {dag.py:2420} INFO - Sync 1 DAGs
[2022-08-21 13:20:31,970] {logging_mixin.py:115} INFO - [2022-08-21 13:20:31,970] {dag.py:2972} INFO - Setting next_dagrun for example_branch_dop_operator_v3 to 2022-08-21T13:19:00+00:00, run_after=2022-08-21T13:20:00+00:00
[2022-08-21 13:20:31,981] {processor.py:161} INFO - Processing /home/airflow/.local/lib/python3.7/site-packages/airflow/example_dags/example_branch_python_dop_operator_3.py took 0.079 seconds
[2022-08-21 13:21:02,078] {processor.py:153} INFO - Started process (PID=424) to work on /home/airflow/.local/lib/python3.7/site-packages/airflow/example_dags/example_branch_python_dop_operator_3.py
[2022-08-21 13:21:02,079] {processor.py:641} INFO - Processing file /home/airflow/.local/lib/python3.7/site-packages/airflow/example_dags/example_branch_python_dop_operator_3.py for tasks to queue
[2022-08-21 13:21:02,080] {logging_mixin.py:115} INFO - [2022-08-21 13:21:02,080] {dagbag.py:508} INFO - Filling up the DagBag from /home/airflow/.local/lib/python3.7/site-packages/airflow/example_dags/example_branch_python_dop_operator_3.py
[2022-08-21 13:21:02,088] {processor.py:651} INFO - DAG(s) dict_keys(['example_branch_dop_operator_v3']) retrieved from /home/airflow/.local/lib/python3.7/site-packages/airflow/example_dags/example_branch_python_dop_operator_3.py
[2022-08-21 13:21:02,113] {logging_mixin.py:115} INFO - [2022-08-21 13:21:02,113] {dag.py:2420} INFO - Sync 1 DAGs
[2022-08-21 13:21:02,137] {logging_mixin.py:115} INFO - [2022-08-21 13:21:02,137] {dag.py:2972} INFO - Setting next_dagrun for example_branch_dop_operator_v3 to 2022-08-21T13:20:00+00:00, run_after=2022-08-21T13:21:00+00:00
[2022-08-21 13:21:02,150] {processor.py:161} INFO - Processing /home/airflow/.local/lib/python3.7/site-packages/airflow/example_dags/example_branch_python_dop_operator_3.py took 0.074 seconds
[2022-08-21 13:21:32,412] {processor.py:153} INFO - Started process (PID=477) to work on /home/airflow/.local/lib/python3.7/site-packages/airflow/example_dags/example_branch_python_dop_operator_3.py
[2022-08-21 13:21:32,412] {processor.py:641} INFO - Processing file /home/airflow/.local/lib/python3.7/site-packages/airflow/example_dags/example_branch_python_dop_operator_3.py for tasks to queue
[2022-08-21 13:21:32,414] {logging_mixin.py:115} INFO - [2022-08-21 13:21:32,414] {dagbag.py:508} INFO - Filling up the DagBag from /home/airflow/.local/lib/python3.7/site-packages/airflow/example_dags/example_branch_python_dop_operator_3.py
[2022-08-21 13:21:32,421] {processor.py:651} INFO - DAG(s) dict_keys(['example_branch_dop_operator_v3']) retrieved from /home/airflow/.local/lib/python3.7/site-packages/airflow/example_dags/example_branch_python_dop_operator_3.py
[2022-08-21 13:21:32,444] {logging_mixin.py:115} INFO - [2022-08-21 13:21:32,444] {dag.py:2420} INFO - Sync 1 DAGs
[2022-08-21 13:21:32,469] {logging_mixin.py:115} INFO - [2022-08-21 13:21:32,469] {dag.py:2972} INFO - Setting next_dagrun for example_branch_dop_operator_v3 to 2022-08-21T13:20:00+00:00, run_after=2022-08-21T13:21:00+00:00
[2022-08-21 13:21:32,486] {processor.py:161} INFO - Processing /home/airflow/.local/lib/python3.7/site-packages/airflow/example_dags/example_branch_python_dop_operator_3.py took 0.077 seconds
[2022-08-21 13:22:02,641] {processor.py:153} INFO - Started process (PID=538) to work on /home/airflow/.local/lib/python3.7/site-packages/airflow/example_dags/example_branch_python_dop_operator_3.py
[2022-08-21 13:22:02,642] {processor.py:641} INFO - Processing file /home/airflow/.local/lib/python3.7/site-packages/airflow/example_dags/example_branch_python_dop_operator_3.py for tasks to queue
[2022-08-21 13:22:02,643] {logging_mixin.py:115} INFO - [2022-08-21 13:22:02,643] {dagbag.py:508} INFO - Filling up the DagBag from /home/airflow/.local/lib/python3.7/site-packages/airflow/example_dags/example_branch_python_dop_operator_3.py
[2022-08-21 13:22:02,651] {processor.py:651} INFO - DAG(s) dict_keys(['example_branch_dop_operator_v3']) retrieved from /home/airflow/.local/lib/python3.7/site-packages/airflow/example_dags/example_branch_python_dop_operator_3.py
[2022-08-21 13:22:02,674] {logging_mixin.py:115} INFO - [2022-08-21 13:22:02,673] {dag.py:2420} INFO - Sync 1 DAGs
[2022-08-21 13:22:02,696] {logging_mixin.py:115} INFO - [2022-08-21 13:22:02,696] {dag.py:2972} INFO - Setting next_dagrun for example_branch_dop_operator_v3 to 2022-08-21T13:21:00+00:00, run_after=2022-08-21T13:22:00+00:00
[2022-08-21 13:22:02,714] {processor.py:161} INFO - Processing /home/airflow/.local/lib/python3.7/site-packages/airflow/example_dags/example_branch_python_dop_operator_3.py took 0.076 seconds
[2022-08-21 13:22:32,954] {processor.py:153} INFO - Started process (PID=600) to work on /home/airflow/.local/lib/python3.7/site-packages/airflow/example_dags/example_branch_python_dop_operator_3.py
[2022-08-21 13:22:32,955] {processor.py:641} INFO - Processing file /home/airflow/.local/lib/python3.7/site-packages/airflow/example_dags/example_branch_python_dop_operator_3.py for tasks to queue
[2022-08-21 13:22:32,955] {logging_mixin.py:115} INFO - [2022-08-21 13:22:32,955] {dagbag.py:508} INFO - Filling up the DagBag from /home/airflow/.local/lib/python3.7/site-packages/airflow/example_dags/example_branch_python_dop_operator_3.py
[2022-08-21 13:22:32,963] {processor.py:651} INFO - DAG(s) dict_keys(['example_branch_dop_operator_v3']) retrieved from /home/airflow/.local/lib/python3.7/site-packages/airflow/example_dags/example_branch_python_dop_operator_3.py
[2022-08-21 13:22:32,991] {logging_mixin.py:115} INFO - [2022-08-21 13:22:32,991] {dag.py:2420} INFO - Sync 1 DAGs
[2022-08-21 13:22:33,020] {logging_mixin.py:115} INFO - [2022-08-21 13:22:33,020] {dag.py:2972} INFO - Setting next_dagrun for example_branch_dop_operator_v3 to 2022-08-21T13:21:00+00:00, run_after=2022-08-21T13:22:00+00:00
[2022-08-21 13:22:33,038] {processor.py:161} INFO - Processing /home/airflow/.local/lib/python3.7/site-packages/airflow/example_dags/example_branch_python_dop_operator_3.py took 0.087 seconds
[2022-08-21 13:23:03,950] {processor.py:153} INFO - Started process (PID=653) to work on /home/airflow/.local/lib/python3.7/site-packages/airflow/example_dags/example_branch_python_dop_operator_3.py
[2022-08-21 13:23:03,951] {processor.py:641} INFO - Processing file /home/airflow/.local/lib/python3.7/site-packages/airflow/example_dags/example_branch_python_dop_operator_3.py for tasks to queue
[2022-08-21 13:23:03,952] {logging_mixin.py:115} INFO - [2022-08-21 13:23:03,952] {dagbag.py:508} INFO - Filling up the DagBag from /home/airflow/.local/lib/python3.7/site-packages/airflow/example_dags/example_branch_python_dop_operator_3.py
[2022-08-21 13:23:03,965] {processor.py:651} INFO - DAG(s) dict_keys(['example_branch_dop_operator_v3']) retrieved from /home/airflow/.local/lib/python3.7/site-packages/airflow/example_dags/example_branch_python_dop_operator_3.py
[2022-08-21 13:23:03,997] {logging_mixin.py:115} INFO - [2022-08-21 13:23:03,997] {dag.py:2420} INFO - Sync 1 DAGs
[2022-08-21 13:23:04,026] {logging_mixin.py:115} INFO - [2022-08-21 13:23:04,026] {dag.py:2972} INFO - Setting next_dagrun for example_branch_dop_operator_v3 to 2022-08-21T13:22:00+00:00, run_after=2022-08-21T13:23:00+00:00
[2022-08-21 13:23:04,050] {processor.py:161} INFO - Processing /home/airflow/.local/lib/python3.7/site-packages/airflow/example_dags/example_branch_python_dop_operator_3.py took 0.103 seconds
[2022-08-21 13:23:35,211] {processor.py:153} INFO - Started process (PID=714) to work on /home/airflow/.local/lib/python3.7/site-packages/airflow/example_dags/example_branch_python_dop_operator_3.py
[2022-08-21 13:23:35,213] {processor.py:641} INFO - Processing file /home/airflow/.local/lib/python3.7/site-packages/airflow/example_dags/example_branch_python_dop_operator_3.py for tasks to queue
[2022-08-21 13:23:35,215] {logging_mixin.py:115} INFO - [2022-08-21 13:23:35,214] {dagbag.py:508} INFO - Filling up the DagBag from /home/airflow/.local/lib/python3.7/site-packages/airflow/example_dags/example_branch_python_dop_operator_3.py
[2022-08-21 13:23:35,227] {processor.py:651} INFO - DAG(s) dict_keys(['example_branch_dop_operator_v3']) retrieved from /home/airflow/.local/lib/python3.7/site-packages/airflow/example_dags/example_branch_python_dop_operator_3.py
[2022-08-21 13:23:35,272] {logging_mixin.py:115} INFO - [2022-08-21 13:23:35,272] {dag.py:2420} INFO - Sync 1 DAGs
[2022-08-21 13:23:35,320] {logging_mixin.py:115} INFO - [2022-08-21 13:23:35,320] {dag.py:2972} INFO - Setting next_dagrun for example_branch_dop_operator_v3 to 2022-08-21T13:22:00+00:00, run_after=2022-08-21T13:23:00+00:00
[2022-08-21 13:23:35,335] {processor.py:161} INFO - Processing /home/airflow/.local/lib/python3.7/site-packages/airflow/example_dags/example_branch_python_dop_operator_3.py took 0.128 seconds
[2022-08-21 13:24:06,605] {processor.py:153} INFO - Started process (PID=775) to work on /home/airflow/.local/lib/python3.7/site-packages/airflow/example_dags/example_branch_python_dop_operator_3.py
[2022-08-21 13:24:06,609] {processor.py:641} INFO - Processing file /home/airflow/.local/lib/python3.7/site-packages/airflow/example_dags/example_branch_python_dop_operator_3.py for tasks to queue
[2022-08-21 13:24:06,615] {logging_mixin.py:115} INFO - [2022-08-21 13:24:06,614] {dagbag.py:508} INFO - Filling up the DagBag from /home/airflow/.local/lib/python3.7/site-packages/airflow/example_dags/example_branch_python_dop_operator_3.py
[2022-08-21 13:24:06,634] {processor.py:651} INFO - DAG(s) dict_keys(['example_branch_dop_operator_v3']) retrieved from /home/airflow/.local/lib/python3.7/site-packages/airflow/example_dags/example_branch_python_dop_operator_3.py
[2022-08-21 13:24:06,707] {logging_mixin.py:115} INFO - [2022-08-21 13:24:06,706] {dag.py:2420} INFO - Sync 1 DAGs
[2022-08-21 13:24:06,772] {logging_mixin.py:115} INFO - [2022-08-21 13:24:06,772] {dag.py:2972} INFO - Setting next_dagrun for example_branch_dop_operator_v3 to 2022-08-21T13:23:00+00:00, run_after=2022-08-21T13:24:00+00:00
[2022-08-21 13:24:06,801] {processor.py:161} INFO - Processing /home/airflow/.local/lib/python3.7/site-packages/airflow/example_dags/example_branch_python_dop_operator_3.py took 0.204 seconds
[2022-08-21 13:24:36,860] {processor.py:153} INFO - Started process (PID=826) to work on /home/airflow/.local/lib/python3.7/site-packages/airflow/example_dags/example_branch_python_dop_operator_3.py
[2022-08-21 13:24:36,860] {processor.py:641} INFO - Processing file /home/airflow/.local/lib/python3.7/site-packages/airflow/example_dags/example_branch_python_dop_operator_3.py for tasks to queue
[2022-08-21 13:24:36,861] {logging_mixin.py:115} INFO - [2022-08-21 13:24:36,861] {dagbag.py:508} INFO - Filling up the DagBag from /home/airflow/.local/lib/python3.7/site-packages/airflow/example_dags/example_branch_python_dop_operator_3.py
[2022-08-21 13:24:36,869] {processor.py:651} INFO - DAG(s) dict_keys(['example_branch_dop_operator_v3']) retrieved from /home/airflow/.local/lib/python3.7/site-packages/airflow/example_dags/example_branch_python_dop_operator_3.py
[2022-08-21 13:24:36,892] {logging_mixin.py:115} INFO - [2022-08-21 13:24:36,892] {dag.py:2420} INFO - Sync 1 DAGs
[2022-08-21 13:24:36,919] {logging_mixin.py:115} INFO - [2022-08-21 13:24:36,919] {dag.py:2972} INFO - Setting next_dagrun for example_branch_dop_operator_v3 to 2022-08-21T13:23:00+00:00, run_after=2022-08-21T13:24:00+00:00
[2022-08-21 13:24:36,942] {processor.py:161} INFO - Processing /home/airflow/.local/lib/python3.7/site-packages/airflow/example_dags/example_branch_python_dop_operator_3.py took 0.085 seconds
[2022-08-21 13:25:06,977] {processor.py:153} INFO - Started process (PID=887) to work on /home/airflow/.local/lib/python3.7/site-packages/airflow/example_dags/example_branch_python_dop_operator_3.py
[2022-08-21 13:25:06,978] {processor.py:641} INFO - Processing file /home/airflow/.local/lib/python3.7/site-packages/airflow/example_dags/example_branch_python_dop_operator_3.py for tasks to queue
[2022-08-21 13:25:06,979] {logging_mixin.py:115} INFO - [2022-08-21 13:25:06,979] {dagbag.py:508} INFO - Filling up the DagBag from /home/airflow/.local/lib/python3.7/site-packages/airflow/example_dags/example_branch_python_dop_operator_3.py
[2022-08-21 13:25:06,989] {processor.py:651} INFO - DAG(s) dict_keys(['example_branch_dop_operator_v3']) retrieved from /home/airflow/.local/lib/python3.7/site-packages/airflow/example_dags/example_branch_python_dop_operator_3.py
[2022-08-21 13:25:07,019] {logging_mixin.py:115} INFO - [2022-08-21 13:25:07,019] {dag.py:2420} INFO - Sync 1 DAGs
[2022-08-21 13:25:07,049] {logging_mixin.py:115} INFO - [2022-08-21 13:25:07,049] {dag.py:2972} INFO - Setting next_dagrun for example_branch_dop_operator_v3 to 2022-08-21T13:24:00+00:00, run_after=2022-08-21T13:25:00+00:00
[2022-08-21 13:25:07,067] {processor.py:161} INFO - Processing /home/airflow/.local/lib/python3.7/site-packages/airflow/example_dags/example_branch_python_dop_operator_3.py took 0.093 seconds
[2022-08-21 13:25:37,210] {processor.py:153} INFO - Started process (PID=940) to work on /home/airflow/.local/lib/python3.7/site-packages/airflow/example_dags/example_branch_python_dop_operator_3.py
[2022-08-21 13:25:37,211] {processor.py:641} INFO - Processing file /home/airflow/.local/lib/python3.7/site-packages/airflow/example_dags/example_branch_python_dop_operator_3.py for tasks to queue
[2022-08-21 13:25:37,212] {logging_mixin.py:115} INFO - [2022-08-21 13:25:37,212] {dagbag.py:508} INFO - Filling up the DagBag from /home/airflow/.local/lib/python3.7/site-packages/airflow/example_dags/example_branch_python_dop_operator_3.py
[2022-08-21 13:25:37,223] {processor.py:651} INFO - DAG(s) dict_keys(['example_branch_dop_operator_v3']) retrieved from /home/airflow/.local/lib/python3.7/site-packages/airflow/example_dags/example_branch_python_dop_operator_3.py
[2022-08-21 13:25:37,253] {logging_mixin.py:115} INFO - [2022-08-21 13:25:37,253] {dag.py:2420} INFO - Sync 1 DAGs
[2022-08-21 13:25:37,284] {logging_mixin.py:115} INFO - [2022-08-21 13:25:37,283] {dag.py:2972} INFO - Setting next_dagrun for example_branch_dop_operator_v3 to 2022-08-21T13:24:00+00:00, run_after=2022-08-21T13:25:00+00:00
[2022-08-21 13:25:37,299] {processor.py:161} INFO - Processing /home/airflow/.local/lib/python3.7/site-packages/airflow/example_dags/example_branch_python_dop_operator_3.py took 0.093 seconds
[2022-08-21 13:26:07,336] {processor.py:153} INFO - Started process (PID=1000) to work on /home/airflow/.local/lib/python3.7/site-packages/airflow/example_dags/example_branch_python_dop_operator_3.py
[2022-08-21 13:26:07,336] {processor.py:641} INFO - Processing file /home/airflow/.local/lib/python3.7/site-packages/airflow/example_dags/example_branch_python_dop_operator_3.py for tasks to queue
[2022-08-21 13:26:07,337] {logging_mixin.py:115} INFO - [2022-08-21 13:26:07,337] {dagbag.py:508} INFO - Filling up the DagBag from /home/airflow/.local/lib/python3.7/site-packages/airflow/example_dags/example_branch_python_dop_operator_3.py
[2022-08-21 13:26:07,346] {processor.py:651} INFO - DAG(s) dict_keys(['example_branch_dop_operator_v3']) retrieved from /home/airflow/.local/lib/python3.7/site-packages/airflow/example_dags/example_branch_python_dop_operator_3.py
[2022-08-21 13:26:07,367] {logging_mixin.py:115} INFO - [2022-08-21 13:26:07,367] {dag.py:2420} INFO - Sync 1 DAGs
[2022-08-21 13:26:07,391] {logging_mixin.py:115} INFO - [2022-08-21 13:26:07,391] {dag.py:2972} INFO - Setting next_dagrun for example_branch_dop_operator_v3 to 2022-08-21T13:25:00+00:00, run_after=2022-08-21T13:26:00+00:00
[2022-08-21 13:26:07,408] {processor.py:161} INFO - Processing /home/airflow/.local/lib/python3.7/site-packages/airflow/example_dags/example_branch_python_dop_operator_3.py took 0.076 seconds
[2022-08-21 13:26:37,711] {processor.py:153} INFO - Started process (PID=1062) to work on /home/airflow/.local/lib/python3.7/site-packages/airflow/example_dags/example_branch_python_dop_operator_3.py
[2022-08-21 13:26:37,712] {processor.py:641} INFO - Processing file /home/airflow/.local/lib/python3.7/site-packages/airflow/example_dags/example_branch_python_dop_operator_3.py for tasks to queue
[2022-08-21 13:26:37,712] {logging_mixin.py:115} INFO - [2022-08-21 13:26:37,712] {dagbag.py:508} INFO - Filling up the DagBag from /home/airflow/.local/lib/python3.7/site-packages/airflow/example_dags/example_branch_python_dop_operator_3.py
[2022-08-21 13:26:37,724] {processor.py:651} INFO - DAG(s) dict_keys(['example_branch_dop_operator_v3']) retrieved from /home/airflow/.local/lib/python3.7/site-packages/airflow/example_dags/example_branch_python_dop_operator_3.py
[2022-08-21 13:26:37,758] {logging_mixin.py:115} INFO - [2022-08-21 13:26:37,758] {dag.py:2420} INFO - Sync 1 DAGs
[2022-08-21 13:26:37,791] {logging_mixin.py:115} INFO - [2022-08-21 13:26:37,791] {dag.py:2972} INFO - Setting next_dagrun for example_branch_dop_operator_v3 to 2022-08-21T13:25:00+00:00, run_after=2022-08-21T13:26:00+00:00
[2022-08-21 13:26:37,811] {processor.py:161} INFO - Processing /home/airflow/.local/lib/python3.7/site-packages/airflow/example_dags/example_branch_python_dop_operator_3.py took 0.104 seconds
[2022-08-21 13:27:07,955] {processor.py:153} INFO - Started process (PID=1114) to work on /home/airflow/.local/lib/python3.7/site-packages/airflow/example_dags/example_branch_python_dop_operator_3.py
[2022-08-21 13:27:07,956] {processor.py:641} INFO - Processing file /home/airflow/.local/lib/python3.7/site-packages/airflow/example_dags/example_branch_python_dop_operator_3.py for tasks to queue
[2022-08-21 13:27:07,957] {logging_mixin.py:115} INFO - [2022-08-21 13:27:07,956] {dagbag.py:508} INFO - Filling up the DagBag from /home/airflow/.local/lib/python3.7/site-packages/airflow/example_dags/example_branch_python_dop_operator_3.py
[2022-08-21 13:27:07,965] {processor.py:651} INFO - DAG(s) dict_keys(['example_branch_dop_operator_v3']) retrieved from /home/airflow/.local/lib/python3.7/site-packages/airflow/example_dags/example_branch_python_dop_operator_3.py
[2022-08-21 13:27:07,991] {logging_mixin.py:115} INFO - [2022-08-21 13:27:07,991] {dag.py:2420} INFO - Sync 1 DAGs
[2022-08-21 13:27:08,017] {logging_mixin.py:115} INFO - [2022-08-21 13:27:08,017] {dag.py:2972} INFO - Setting next_dagrun for example_branch_dop_operator_v3 to 2022-08-21T13:26:00+00:00, run_after=2022-08-21T13:27:00+00:00
[2022-08-21 13:27:08,031] {processor.py:161} INFO - Processing /home/airflow/.local/lib/python3.7/site-packages/airflow/example_dags/example_branch_python_dop_operator_3.py took 0.079 seconds
[2022-08-21 13:27:38,122] {processor.py:153} INFO - Started process (PID=1176) to work on /home/airflow/.local/lib/python3.7/site-packages/airflow/example_dags/example_branch_python_dop_operator_3.py
[2022-08-21 13:27:38,123] {processor.py:641} INFO - Processing file /home/airflow/.local/lib/python3.7/site-packages/airflow/example_dags/example_branch_python_dop_operator_3.py for tasks to queue
[2022-08-21 13:27:38,123] {logging_mixin.py:115} INFO - [2022-08-21 13:27:38,123] {dagbag.py:508} INFO - Filling up the DagBag from /home/airflow/.local/lib/python3.7/site-packages/airflow/example_dags/example_branch_python_dop_operator_3.py
[2022-08-21 13:27:38,138] {processor.py:651} INFO - DAG(s) dict_keys(['example_branch_dop_operator_v3']) retrieved from /home/airflow/.local/lib/python3.7/site-packages/airflow/example_dags/example_branch_python_dop_operator_3.py
[2022-08-21 13:27:38,169] {logging_mixin.py:115} INFO - [2022-08-21 13:27:38,168] {dag.py:2420} INFO - Sync 1 DAGs
[2022-08-21 13:27:38,197] {logging_mixin.py:115} INFO - [2022-08-21 13:27:38,196] {dag.py:2972} INFO - Setting next_dagrun for example_branch_dop_operator_v3 to 2022-08-21T13:26:00+00:00, run_after=2022-08-21T13:27:00+00:00
[2022-08-21 13:27:38,218] {processor.py:161} INFO - Processing /home/airflow/.local/lib/python3.7/site-packages/airflow/example_dags/example_branch_python_dop_operator_3.py took 0.098 seconds
[2022-08-21 13:28:09,095] {processor.py:153} INFO - Started process (PID=1237) to work on /home/airflow/.local/lib/python3.7/site-packages/airflow/example_dags/example_branch_python_dop_operator_3.py
[2022-08-21 13:28:09,096] {processor.py:641} INFO - Processing file /home/airflow/.local/lib/python3.7/site-packages/airflow/example_dags/example_branch_python_dop_operator_3.py for tasks to queue
[2022-08-21 13:28:09,097] {logging_mixin.py:115} INFO - [2022-08-21 13:28:09,097] {dagbag.py:508} INFO - Filling up the DagBag from /home/airflow/.local/lib/python3.7/site-packages/airflow/example_dags/example_branch_python_dop_operator_3.py
[2022-08-21 13:28:09,107] {processor.py:651} INFO - DAG(s) dict_keys(['example_branch_dop_operator_v3']) retrieved from /home/airflow/.local/lib/python3.7/site-packages/airflow/example_dags/example_branch_python_dop_operator_3.py
[2022-08-21 13:28:09,136] {logging_mixin.py:115} INFO - [2022-08-21 13:28:09,136] {dag.py:2420} INFO - Sync 1 DAGs
[2022-08-21 13:28:09,165] {logging_mixin.py:115} INFO - [2022-08-21 13:28:09,165] {dag.py:2972} INFO - Setting next_dagrun for example_branch_dop_operator_v3 to 2022-08-21T13:27:00+00:00, run_after=2022-08-21T13:28:00+00:00
[2022-08-21 13:28:09,185] {processor.py:161} INFO - Processing /home/airflow/.local/lib/python3.7/site-packages/airflow/example_dags/example_branch_python_dop_operator_3.py took 0.094 seconds
[2022-08-21 13:28:39,948] {processor.py:153} INFO - Started process (PID=1290) to work on /home/airflow/.local/lib/python3.7/site-packages/airflow/example_dags/example_branch_python_dop_operator_3.py
[2022-08-21 13:28:39,949] {processor.py:641} INFO - Processing file /home/airflow/.local/lib/python3.7/site-packages/airflow/example_dags/example_branch_python_dop_operator_3.py for tasks to queue
[2022-08-21 13:28:39,952] {logging_mixin.py:115} INFO - [2022-08-21 13:28:39,952] {dagbag.py:508} INFO - Filling up the DagBag from /home/airflow/.local/lib/python3.7/site-packages/airflow/example_dags/example_branch_python_dop_operator_3.py
[2022-08-21 13:28:39,968] {processor.py:651} INFO - DAG(s) dict_keys(['example_branch_dop_operator_v3']) retrieved from /home/airflow/.local/lib/python3.7/site-packages/airflow/example_dags/example_branch_python_dop_operator_3.py
[2022-08-21 13:28:40,003] {logging_mixin.py:115} INFO - [2022-08-21 13:28:40,002] {dag.py:2420} INFO - Sync 1 DAGs
[2022-08-21 13:28:40,032] {logging_mixin.py:115} INFO - [2022-08-21 13:28:40,032] {dag.py:2972} INFO - Setting next_dagrun for example_branch_dop_operator_v3 to 2022-08-21T13:27:00+00:00, run_after=2022-08-21T13:28:00+00:00
[2022-08-21 13:28:40,047] {processor.py:161} INFO - Processing /home/airflow/.local/lib/python3.7/site-packages/airflow/example_dags/example_branch_python_dop_operator_3.py took 0.103 seconds
[2022-08-21 13:29:10,857] {processor.py:153} INFO - Started process (PID=1351) to work on /home/airflow/.local/lib/python3.7/site-packages/airflow/example_dags/example_branch_python_dop_operator_3.py
[2022-08-21 13:29:10,858] {processor.py:641} INFO - Processing file /home/airflow/.local/lib/python3.7/site-packages/airflow/example_dags/example_branch_python_dop_operator_3.py for tasks to queue
[2022-08-21 13:29:10,858] {logging_mixin.py:115} INFO - [2022-08-21 13:29:10,858] {dagbag.py:508} INFO - Filling up the DagBag from /home/airflow/.local/lib/python3.7/site-packages/airflow/example_dags/example_branch_python_dop_operator_3.py
[2022-08-21 13:29:10,870] {processor.py:651} INFO - DAG(s) dict_keys(['example_branch_dop_operator_v3']) retrieved from /home/airflow/.local/lib/python3.7/site-packages/airflow/example_dags/example_branch_python_dop_operator_3.py
[2022-08-21 13:29:10,891] {logging_mixin.py:115} INFO - [2022-08-21 13:29:10,891] {dag.py:2420} INFO - Sync 1 DAGs
[2022-08-21 13:29:10,913] {logging_mixin.py:115} INFO - [2022-08-21 13:29:10,913] {dag.py:2972} INFO - Setting next_dagrun for example_branch_dop_operator_v3 to 2022-08-21T13:28:00+00:00, run_after=2022-08-21T13:29:00+00:00
[2022-08-21 13:29:10,929] {processor.py:161} INFO - Processing /home/airflow/.local/lib/python3.7/site-packages/airflow/example_dags/example_branch_python_dop_operator_3.py took 0.076 seconds
[2022-08-21 13:29:41,757] {processor.py:153} INFO - Started process (PID=1412) to work on /home/airflow/.local/lib/python3.7/site-packages/airflow/example_dags/example_branch_python_dop_operator_3.py
[2022-08-21 13:29:41,758] {processor.py:641} INFO - Processing file /home/airflow/.local/lib/python3.7/site-packages/airflow/example_dags/example_branch_python_dop_operator_3.py for tasks to queue
[2022-08-21 13:29:41,759] {logging_mixin.py:115} INFO - [2022-08-21 13:29:41,758] {dagbag.py:508} INFO - Filling up the DagBag from /home/airflow/.local/lib/python3.7/site-packages/airflow/example_dags/example_branch_python_dop_operator_3.py
[2022-08-21 13:29:41,769] {processor.py:651} INFO - DAG(s) dict_keys(['example_branch_dop_operator_v3']) retrieved from /home/airflow/.local/lib/python3.7/site-packages/airflow/example_dags/example_branch_python_dop_operator_3.py
[2022-08-21 13:29:41,791] {logging_mixin.py:115} INFO - [2022-08-21 13:29:41,791] {dag.py:2420} INFO - Sync 1 DAGs
[2022-08-21 13:29:41,814] {logging_mixin.py:115} INFO - [2022-08-21 13:29:41,814] {dag.py:2972} INFO - Setting next_dagrun for example_branch_dop_operator_v3 to 2022-08-21T13:28:00+00:00, run_after=2022-08-21T13:29:00+00:00
[2022-08-21 13:29:41,824] {processor.py:161} INFO - Processing /home/airflow/.local/lib/python3.7/site-packages/airflow/example_dags/example_branch_python_dop_operator_3.py took 0.069 seconds
[2022-08-21 13:30:12,623] {processor.py:153} INFO - Started process (PID=1464) to work on /home/airflow/.local/lib/python3.7/site-packages/airflow/example_dags/example_branch_python_dop_operator_3.py
[2022-08-21 13:30:12,624] {processor.py:641} INFO - Processing file /home/airflow/.local/lib/python3.7/site-packages/airflow/example_dags/example_branch_python_dop_operator_3.py for tasks to queue
[2022-08-21 13:30:12,625] {logging_mixin.py:115} INFO - [2022-08-21 13:30:12,625] {dagbag.py:508} INFO - Filling up the DagBag from /home/airflow/.local/lib/python3.7/site-packages/airflow/example_dags/example_branch_python_dop_operator_3.py
[2022-08-21 13:30:12,635] {processor.py:651} INFO - DAG(s) dict_keys(['example_branch_dop_operator_v3']) retrieved from /home/airflow/.local/lib/python3.7/site-packages/airflow/example_dags/example_branch_python_dop_operator_3.py
[2022-08-21 13:30:12,664] {logging_mixin.py:115} INFO - [2022-08-21 13:30:12,664] {dag.py:2420} INFO - Sync 1 DAGs
[2022-08-21 13:30:12,697] {logging_mixin.py:115} INFO - [2022-08-21 13:30:12,697] {dag.py:2972} INFO - Setting next_dagrun for example_branch_dop_operator_v3 to 2022-08-21T13:29:00+00:00, run_after=2022-08-21T13:30:00+00:00
[2022-08-21 13:30:12,718] {processor.py:161} INFO - Processing /home/airflow/.local/lib/python3.7/site-packages/airflow/example_dags/example_branch_python_dop_operator_3.py took 0.097 seconds
[2022-08-21 13:30:42,853] {processor.py:153} INFO - Started process (PID=1526) to work on /home/airflow/.local/lib/python3.7/site-packages/airflow/example_dags/example_branch_python_dop_operator_3.py
[2022-08-21 13:30:42,854] {processor.py:641} INFO - Processing file /home/airflow/.local/lib/python3.7/site-packages/airflow/example_dags/example_branch_python_dop_operator_3.py for tasks to queue
[2022-08-21 13:30:42,855] {logging_mixin.py:115} INFO - [2022-08-21 13:30:42,855] {dagbag.py:508} INFO - Filling up the DagBag from /home/airflow/.local/lib/python3.7/site-packages/airflow/example_dags/example_branch_python_dop_operator_3.py
[2022-08-21 13:30:42,864] {processor.py:651} INFO - DAG(s) dict_keys(['example_branch_dop_operator_v3']) retrieved from /home/airflow/.local/lib/python3.7/site-packages/airflow/example_dags/example_branch_python_dop_operator_3.py
[2022-08-21 13:30:42,887] {logging_mixin.py:115} INFO - [2022-08-21 13:30:42,887] {dag.py:2420} INFO - Sync 1 DAGs
[2022-08-21 13:30:42,912] {logging_mixin.py:115} INFO - [2022-08-21 13:30:42,912] {dag.py:2972} INFO - Setting next_dagrun for example_branch_dop_operator_v3 to 2022-08-21T13:29:00+00:00, run_after=2022-08-21T13:30:00+00:00
[2022-08-21 13:30:42,922] {processor.py:161} INFO - Processing /home/airflow/.local/lib/python3.7/site-packages/airflow/example_dags/example_branch_python_dop_operator_3.py took 0.071 seconds
[2022-08-21 13:31:13,297] {processor.py:153} INFO - Started process (PID=1587) to work on /home/airflow/.local/lib/python3.7/site-packages/airflow/example_dags/example_branch_python_dop_operator_3.py
[2022-08-21 13:31:13,298] {processor.py:641} INFO - Processing file /home/airflow/.local/lib/python3.7/site-packages/airflow/example_dags/example_branch_python_dop_operator_3.py for tasks to queue
[2022-08-21 13:31:13,299] {logging_mixin.py:115} INFO - [2022-08-21 13:31:13,299] {dagbag.py:508} INFO - Filling up the DagBag from /home/airflow/.local/lib/python3.7/site-packages/airflow/example_dags/example_branch_python_dop_operator_3.py
[2022-08-21 13:31:13,308] {processor.py:651} INFO - DAG(s) dict_keys(['example_branch_dop_operator_v3']) retrieved from /home/airflow/.local/lib/python3.7/site-packages/airflow/example_dags/example_branch_python_dop_operator_3.py
[2022-08-21 13:31:13,332] {logging_mixin.py:115} INFO - [2022-08-21 13:31:13,332] {dag.py:2420} INFO - Sync 1 DAGs
[2022-08-21 13:31:13,353] {logging_mixin.py:115} INFO - [2022-08-21 13:31:13,353] {dag.py:2972} INFO - Setting next_dagrun for example_branch_dop_operator_v3 to 2022-08-21T13:30:00+00:00, run_after=2022-08-21T13:31:00+00:00
[2022-08-21 13:31:13,368] {processor.py:161} INFO - Processing /home/airflow/.local/lib/python3.7/site-packages/airflow/example_dags/example_branch_python_dop_operator_3.py took 0.074 seconds
[2022-08-21 13:31:44,231] {processor.py:153} INFO - Started process (PID=1639) to work on /home/airflow/.local/lib/python3.7/site-packages/airflow/example_dags/example_branch_python_dop_operator_3.py
[2022-08-21 13:31:44,232] {processor.py:641} INFO - Processing file /home/airflow/.local/lib/python3.7/site-packages/airflow/example_dags/example_branch_python_dop_operator_3.py for tasks to queue
[2022-08-21 13:31:44,233] {logging_mixin.py:115} INFO - [2022-08-21 13:31:44,233] {dagbag.py:508} INFO - Filling up the DagBag from /home/airflow/.local/lib/python3.7/site-packages/airflow/example_dags/example_branch_python_dop_operator_3.py
[2022-08-21 13:31:44,244] {processor.py:651} INFO - DAG(s) dict_keys(['example_branch_dop_operator_v3']) retrieved from /home/airflow/.local/lib/python3.7/site-packages/airflow/example_dags/example_branch_python_dop_operator_3.py
[2022-08-21 13:31:44,266] {logging_mixin.py:115} INFO - [2022-08-21 13:31:44,266] {dag.py:2420} INFO - Sync 1 DAGs
[2022-08-21 13:31:44,294] {logging_mixin.py:115} INFO - [2022-08-21 13:31:44,293] {dag.py:2972} INFO - Setting next_dagrun for example_branch_dop_operator_v3 to 2022-08-21T13:30:00+00:00, run_after=2022-08-21T13:31:00+00:00
[2022-08-21 13:31:44,337] {processor.py:161} INFO - Processing /home/airflow/.local/lib/python3.7/site-packages/airflow/example_dags/example_branch_python_dop_operator_3.py took 0.110 seconds
[2022-08-21 13:32:15,213] {processor.py:153} INFO - Started process (PID=1701) to work on /home/airflow/.local/lib/python3.7/site-packages/airflow/example_dags/example_branch_python_dop_operator_3.py
[2022-08-21 13:32:15,214] {processor.py:641} INFO - Processing file /home/airflow/.local/lib/python3.7/site-packages/airflow/example_dags/example_branch_python_dop_operator_3.py for tasks to queue
[2022-08-21 13:32:15,215] {logging_mixin.py:115} INFO - [2022-08-21 13:32:15,215] {dagbag.py:508} INFO - Filling up the DagBag from /home/airflow/.local/lib/python3.7/site-packages/airflow/example_dags/example_branch_python_dop_operator_3.py
[2022-08-21 13:32:15,223] {processor.py:651} INFO - DAG(s) dict_keys(['example_branch_dop_operator_v3']) retrieved from /home/airflow/.local/lib/python3.7/site-packages/airflow/example_dags/example_branch_python_dop_operator_3.py
[2022-08-21 13:32:15,249] {logging_mixin.py:115} INFO - [2022-08-21 13:32:15,249] {dag.py:2420} INFO - Sync 1 DAGs
[2022-08-21 13:32:15,274] {logging_mixin.py:115} INFO - [2022-08-21 13:32:15,274] {dag.py:2972} INFO - Setting next_dagrun for example_branch_dop_operator_v3 to 2022-08-21T13:31:00+00:00, run_after=2022-08-21T13:32:00+00:00
[2022-08-21 13:32:15,291] {processor.py:161} INFO - Processing /home/airflow/.local/lib/python3.7/site-packages/airflow/example_dags/example_branch_python_dop_operator_3.py took 0.081 seconds
[2022-08-21 13:32:46,005] {processor.py:153} INFO - Started process (PID=1762) to work on /home/airflow/.local/lib/python3.7/site-packages/airflow/example_dags/example_branch_python_dop_operator_3.py
[2022-08-21 13:32:46,005] {processor.py:641} INFO - Processing file /home/airflow/.local/lib/python3.7/site-packages/airflow/example_dags/example_branch_python_dop_operator_3.py for tasks to queue
[2022-08-21 13:32:46,006] {logging_mixin.py:115} INFO - [2022-08-21 13:32:46,006] {dagbag.py:508} INFO - Filling up the DagBag from /home/airflow/.local/lib/python3.7/site-packages/airflow/example_dags/example_branch_python_dop_operator_3.py
[2022-08-21 13:32:46,016] {processor.py:651} INFO - DAG(s) dict_keys(['example_branch_dop_operator_v3']) retrieved from /home/airflow/.local/lib/python3.7/site-packages/airflow/example_dags/example_branch_python_dop_operator_3.py
[2022-08-21 13:32:46,043] {logging_mixin.py:115} INFO - [2022-08-21 13:32:46,043] {dag.py:2420} INFO - Sync 1 DAGs
[2022-08-21 13:32:46,068] {logging_mixin.py:115} INFO - [2022-08-21 13:32:46,068] {dag.py:2972} INFO - Setting next_dagrun for example_branch_dop_operator_v3 to 2022-08-21T13:31:00+00:00, run_after=2022-08-21T13:32:00+00:00
[2022-08-21 13:32:46,079] {processor.py:161} INFO - Processing /home/airflow/.local/lib/python3.7/site-packages/airflow/example_dags/example_branch_python_dop_operator_3.py took 0.077 seconds
[2022-08-21 13:33:16,953] {processor.py:153} INFO - Started process (PID=1822) to work on /home/airflow/.local/lib/python3.7/site-packages/airflow/example_dags/example_branch_python_dop_operator_3.py
[2022-08-21 13:33:16,954] {processor.py:641} INFO - Processing file /home/airflow/.local/lib/python3.7/site-packages/airflow/example_dags/example_branch_python_dop_operator_3.py for tasks to queue
[2022-08-21 13:33:16,955] {logging_mixin.py:115} INFO - [2022-08-21 13:33:16,955] {dagbag.py:508} INFO - Filling up the DagBag from /home/airflow/.local/lib/python3.7/site-packages/airflow/example_dags/example_branch_python_dop_operator_3.py
[2022-08-21 13:33:16,967] {processor.py:651} INFO - DAG(s) dict_keys(['example_branch_dop_operator_v3']) retrieved from /home/airflow/.local/lib/python3.7/site-packages/airflow/example_dags/example_branch_python_dop_operator_3.py
[2022-08-21 13:33:16,992] {logging_mixin.py:115} INFO - [2022-08-21 13:33:16,992] {dag.py:2420} INFO - Sync 1 DAGs
[2022-08-21 13:33:17,025] {logging_mixin.py:115} INFO - [2022-08-21 13:33:17,025] {dag.py:2972} INFO - Setting next_dagrun for example_branch_dop_operator_v3 to 2022-08-21T13:32:00+00:00, run_after=2022-08-21T13:33:00+00:00
[2022-08-21 13:33:17,043] {processor.py:161} INFO - Processing /home/airflow/.local/lib/python3.7/site-packages/airflow/example_dags/example_branch_python_dop_operator_3.py took 0.093 seconds
[2022-08-21 13:33:47,864] {processor.py:153} INFO - Started process (PID=1876) to work on /home/airflow/.local/lib/python3.7/site-packages/airflow/example_dags/example_branch_python_dop_operator_3.py
[2022-08-21 13:33:47,865] {processor.py:641} INFO - Processing file /home/airflow/.local/lib/python3.7/site-packages/airflow/example_dags/example_branch_python_dop_operator_3.py for tasks to queue
[2022-08-21 13:33:47,866] {logging_mixin.py:115} INFO - [2022-08-21 13:33:47,866] {dagbag.py:508} INFO - Filling up the DagBag from /home/airflow/.local/lib/python3.7/site-packages/airflow/example_dags/example_branch_python_dop_operator_3.py
[2022-08-21 13:33:47,875] {processor.py:651} INFO - DAG(s) dict_keys(['example_branch_dop_operator_v3']) retrieved from /home/airflow/.local/lib/python3.7/site-packages/airflow/example_dags/example_branch_python_dop_operator_3.py
[2022-08-21 13:33:47,899] {logging_mixin.py:115} INFO - [2022-08-21 13:33:47,899] {dag.py:2420} INFO - Sync 1 DAGs
[2022-08-21 13:33:47,923] {logging_mixin.py:115} INFO - [2022-08-21 13:33:47,923] {dag.py:2972} INFO - Setting next_dagrun for example_branch_dop_operator_v3 to 2022-08-21T13:32:00+00:00, run_after=2022-08-21T13:33:00+00:00
[2022-08-21 13:33:47,943] {processor.py:161} INFO - Processing /home/airflow/.local/lib/python3.7/site-packages/airflow/example_dags/example_branch_python_dop_operator_3.py took 0.081 seconds
[2022-08-21 13:34:18,904] {processor.py:153} INFO - Started process (PID=1937) to work on /home/airflow/.local/lib/python3.7/site-packages/airflow/example_dags/example_branch_python_dop_operator_3.py
[2022-08-21 13:34:18,905] {processor.py:641} INFO - Processing file /home/airflow/.local/lib/python3.7/site-packages/airflow/example_dags/example_branch_python_dop_operator_3.py for tasks to queue
[2022-08-21 13:34:18,906] {logging_mixin.py:115} INFO - [2022-08-21 13:34:18,906] {dagbag.py:508} INFO - Filling up the DagBag from /home/airflow/.local/lib/python3.7/site-packages/airflow/example_dags/example_branch_python_dop_operator_3.py
[2022-08-21 13:34:18,915] {processor.py:651} INFO - DAG(s) dict_keys(['example_branch_dop_operator_v3']) retrieved from /home/airflow/.local/lib/python3.7/site-packages/airflow/example_dags/example_branch_python_dop_operator_3.py
[2022-08-21 13:34:18,941] {logging_mixin.py:115} INFO - [2022-08-21 13:34:18,941] {dag.py:2420} INFO - Sync 1 DAGs
[2022-08-21 13:34:18,964] {logging_mixin.py:115} INFO - [2022-08-21 13:34:18,964] {dag.py:2972} INFO - Setting next_dagrun for example_branch_dop_operator_v3 to 2022-08-21T13:33:00+00:00, run_after=2022-08-21T13:34:00+00:00
[2022-08-21 13:34:18,982] {processor.py:161} INFO - Processing /home/airflow/.local/lib/python3.7/site-packages/airflow/example_dags/example_branch_python_dop_operator_3.py took 0.080 seconds
[2022-08-21 13:34:49,137] {processor.py:153} INFO - Started process (PID=1998) to work on /home/airflow/.local/lib/python3.7/site-packages/airflow/example_dags/example_branch_python_dop_operator_3.py
[2022-08-21 13:34:49,138] {processor.py:641} INFO - Processing file /home/airflow/.local/lib/python3.7/site-packages/airflow/example_dags/example_branch_python_dop_operator_3.py for tasks to queue
[2022-08-21 13:34:49,138] {logging_mixin.py:115} INFO - [2022-08-21 13:34:49,138] {dagbag.py:508} INFO - Filling up the DagBag from /home/airflow/.local/lib/python3.7/site-packages/airflow/example_dags/example_branch_python_dop_operator_3.py
[2022-08-21 13:34:49,148] {processor.py:651} INFO - DAG(s) dict_keys(['example_branch_dop_operator_v3']) retrieved from /home/airflow/.local/lib/python3.7/site-packages/airflow/example_dags/example_branch_python_dop_operator_3.py
[2022-08-21 13:34:49,173] {logging_mixin.py:115} INFO - [2022-08-21 13:34:49,173] {dag.py:2420} INFO - Sync 1 DAGs
[2022-08-21 13:34:49,199] {logging_mixin.py:115} INFO - [2022-08-21 13:34:49,199] {dag.py:2972} INFO - Setting next_dagrun for example_branch_dop_operator_v3 to 2022-08-21T13:33:00+00:00, run_after=2022-08-21T13:34:00+00:00
[2022-08-21 13:34:49,219] {processor.py:161} INFO - Processing /home/airflow/.local/lib/python3.7/site-packages/airflow/example_dags/example_branch_python_dop_operator_3.py took 0.085 seconds
[2022-08-21 13:35:19,266] {processor.py:153} INFO - Started process (PID=2050) to work on /home/airflow/.local/lib/python3.7/site-packages/airflow/example_dags/example_branch_python_dop_operator_3.py
[2022-08-21 13:35:19,267] {processor.py:641} INFO - Processing file /home/airflow/.local/lib/python3.7/site-packages/airflow/example_dags/example_branch_python_dop_operator_3.py for tasks to queue
[2022-08-21 13:35:19,267] {logging_mixin.py:115} INFO - [2022-08-21 13:35:19,267] {dagbag.py:508} INFO - Filling up the DagBag from /home/airflow/.local/lib/python3.7/site-packages/airflow/example_dags/example_branch_python_dop_operator_3.py
[2022-08-21 13:35:19,276] {processor.py:651} INFO - DAG(s) dict_keys(['example_branch_dop_operator_v3']) retrieved from /home/airflow/.local/lib/python3.7/site-packages/airflow/example_dags/example_branch_python_dop_operator_3.py
[2022-08-21 13:35:19,299] {logging_mixin.py:115} INFO - [2022-08-21 13:35:19,299] {dag.py:2420} INFO - Sync 1 DAGs
[2022-08-21 13:35:19,322] {logging_mixin.py:115} INFO - [2022-08-21 13:35:19,322] {dag.py:2972} INFO - Setting next_dagrun for example_branch_dop_operator_v3 to 2022-08-21T13:34:00+00:00, run_after=2022-08-21T13:35:00+00:00
[2022-08-21 13:35:19,340] {processor.py:161} INFO - Processing /home/airflow/.local/lib/python3.7/site-packages/airflow/example_dags/example_branch_python_dop_operator_3.py took 0.077 seconds
[2022-08-21 13:35:50,061] {processor.py:153} INFO - Started process (PID=2111) to work on /home/airflow/.local/lib/python3.7/site-packages/airflow/example_dags/example_branch_python_dop_operator_3.py
[2022-08-21 13:35:50,062] {processor.py:641} INFO - Processing file /home/airflow/.local/lib/python3.7/site-packages/airflow/example_dags/example_branch_python_dop_operator_3.py for tasks to queue
[2022-08-21 13:35:50,063] {logging_mixin.py:115} INFO - [2022-08-21 13:35:50,063] {dagbag.py:508} INFO - Filling up the DagBag from /home/airflow/.local/lib/python3.7/site-packages/airflow/example_dags/example_branch_python_dop_operator_3.py
[2022-08-21 13:35:50,077] {processor.py:651} INFO - DAG(s) dict_keys(['example_branch_dop_operator_v3']) retrieved from /home/airflow/.local/lib/python3.7/site-packages/airflow/example_dags/example_branch_python_dop_operator_3.py
[2022-08-21 13:35:50,109] {logging_mixin.py:115} INFO - [2022-08-21 13:35:50,109] {dag.py:2420} INFO - Sync 1 DAGs
[2022-08-21 13:35:50,135] {logging_mixin.py:115} INFO - [2022-08-21 13:35:50,135] {dag.py:2972} INFO - Setting next_dagrun for example_branch_dop_operator_v3 to 2022-08-21T13:34:00+00:00, run_after=2022-08-21T13:35:00+00:00
[2022-08-21 13:35:50,147] {processor.py:161} INFO - Processing /home/airflow/.local/lib/python3.7/site-packages/airflow/example_dags/example_branch_python_dop_operator_3.py took 0.089 seconds
[2022-08-21 13:36:20,897] {processor.py:153} INFO - Started process (PID=2173) to work on /home/airflow/.local/lib/python3.7/site-packages/airflow/example_dags/example_branch_python_dop_operator_3.py
[2022-08-21 13:36:20,898] {processor.py:641} INFO - Processing file /home/airflow/.local/lib/python3.7/site-packages/airflow/example_dags/example_branch_python_dop_operator_3.py for tasks to queue
[2022-08-21 13:36:20,899] {logging_mixin.py:115} INFO - [2022-08-21 13:36:20,899] {dagbag.py:508} INFO - Filling up the DagBag from /home/airflow/.local/lib/python3.7/site-packages/airflow/example_dags/example_branch_python_dop_operator_3.py
[2022-08-21 13:36:20,917] {processor.py:651} INFO - DAG(s) dict_keys(['example_branch_dop_operator_v3']) retrieved from /home/airflow/.local/lib/python3.7/site-packages/airflow/example_dags/example_branch_python_dop_operator_3.py
[2022-08-21 13:36:20,994] {logging_mixin.py:115} INFO - [2022-08-21 13:36:20,994] {dag.py:2420} INFO - Sync 1 DAGs
[2022-08-21 13:36:21,041] {logging_mixin.py:115} INFO - [2022-08-21 13:36:21,041] {dag.py:2972} INFO - Setting next_dagrun for example_branch_dop_operator_v3 to 2022-08-21T13:35:00+00:00, run_after=2022-08-21T13:36:00+00:00
[2022-08-21 13:36:21,069] {processor.py:161} INFO - Processing /home/airflow/.local/lib/python3.7/site-packages/airflow/example_dags/example_branch_python_dop_operator_3.py took 0.175 seconds
[2022-08-21 13:36:51,826] {processor.py:153} INFO - Started process (PID=2225) to work on /home/airflow/.local/lib/python3.7/site-packages/airflow/example_dags/example_branch_python_dop_operator_3.py
[2022-08-21 13:36:51,828] {processor.py:641} INFO - Processing file /home/airflow/.local/lib/python3.7/site-packages/airflow/example_dags/example_branch_python_dop_operator_3.py for tasks to queue
[2022-08-21 13:36:51,829] {logging_mixin.py:115} INFO - [2022-08-21 13:36:51,828] {dagbag.py:508} INFO - Filling up the DagBag from /home/airflow/.local/lib/python3.7/site-packages/airflow/example_dags/example_branch_python_dop_operator_3.py
[2022-08-21 13:36:51,850] {processor.py:651} INFO - DAG(s) dict_keys(['example_branch_dop_operator_v3']) retrieved from /home/airflow/.local/lib/python3.7/site-packages/airflow/example_dags/example_branch_python_dop_operator_3.py
[2022-08-21 13:36:51,887] {logging_mixin.py:115} INFO - [2022-08-21 13:36:51,887] {dag.py:2420} INFO - Sync 1 DAGs
[2022-08-21 13:36:51,923] {logging_mixin.py:115} INFO - [2022-08-21 13:36:51,923] {dag.py:2972} INFO - Setting next_dagrun for example_branch_dop_operator_v3 to 2022-08-21T13:35:00+00:00, run_after=2022-08-21T13:36:00+00:00
[2022-08-21 13:36:51,944] {processor.py:161} INFO - Processing /home/airflow/.local/lib/python3.7/site-packages/airflow/example_dags/example_branch_python_dop_operator_3.py took 0.125 seconds
[2022-08-21 13:37:22,579] {processor.py:153} INFO - Started process (PID=2287) to work on /home/airflow/.local/lib/python3.7/site-packages/airflow/example_dags/example_branch_python_dop_operator_3.py
[2022-08-21 13:37:22,579] {processor.py:641} INFO - Processing file /home/airflow/.local/lib/python3.7/site-packages/airflow/example_dags/example_branch_python_dop_operator_3.py for tasks to queue
[2022-08-21 13:37:22,580] {logging_mixin.py:115} INFO - [2022-08-21 13:37:22,580] {dagbag.py:508} INFO - Filling up the DagBag from /home/airflow/.local/lib/python3.7/site-packages/airflow/example_dags/example_branch_python_dop_operator_3.py
[2022-08-21 13:37:22,588] {processor.py:651} INFO - DAG(s) dict_keys(['example_branch_dop_operator_v3']) retrieved from /home/airflow/.local/lib/python3.7/site-packages/airflow/example_dags/example_branch_python_dop_operator_3.py
[2022-08-21 13:37:22,613] {logging_mixin.py:115} INFO - [2022-08-21 13:37:22,613] {dag.py:2420} INFO - Sync 1 DAGs
[2022-08-21 13:37:22,641] {logging_mixin.py:115} INFO - [2022-08-21 13:37:22,641] {dag.py:2972} INFO - Setting next_dagrun for example_branch_dop_operator_v3 to 2022-08-21T13:36:00+00:00, run_after=2022-08-21T13:37:00+00:00
[2022-08-21 13:37:22,663] {processor.py:161} INFO - Processing /home/airflow/.local/lib/python3.7/site-packages/airflow/example_dags/example_branch_python_dop_operator_3.py took 0.087 seconds
[2022-08-21 13:37:53,440] {processor.py:153} INFO - Started process (PID=2348) to work on /home/airflow/.local/lib/python3.7/site-packages/airflow/example_dags/example_branch_python_dop_operator_3.py
[2022-08-21 13:37:53,441] {processor.py:641} INFO - Processing file /home/airflow/.local/lib/python3.7/site-packages/airflow/example_dags/example_branch_python_dop_operator_3.py for tasks to queue
[2022-08-21 13:37:53,442] {logging_mixin.py:115} INFO - [2022-08-21 13:37:53,442] {dagbag.py:508} INFO - Filling up the DagBag from /home/airflow/.local/lib/python3.7/site-packages/airflow/example_dags/example_branch_python_dop_operator_3.py
[2022-08-21 13:37:53,452] {processor.py:651} INFO - DAG(s) dict_keys(['example_branch_dop_operator_v3']) retrieved from /home/airflow/.local/lib/python3.7/site-packages/airflow/example_dags/example_branch_python_dop_operator_3.py
[2022-08-21 13:37:53,478] {logging_mixin.py:115} INFO - [2022-08-21 13:37:53,478] {dag.py:2420} INFO - Sync 1 DAGs
[2022-08-21 13:37:53,501] {logging_mixin.py:115} INFO - [2022-08-21 13:37:53,501] {dag.py:2972} INFO - Setting next_dagrun for example_branch_dop_operator_v3 to 2022-08-21T13:36:00+00:00, run_after=2022-08-21T13:37:00+00:00
[2022-08-21 13:37:53,518] {processor.py:161} INFO - Processing /home/airflow/.local/lib/python3.7/site-packages/airflow/example_dags/example_branch_python_dop_operator_3.py took 0.083 seconds
[2022-08-21 13:38:24,413] {processor.py:153} INFO - Started process (PID=2400) to work on /home/airflow/.local/lib/python3.7/site-packages/airflow/example_dags/example_branch_python_dop_operator_3.py
[2022-08-21 13:38:24,414] {processor.py:641} INFO - Processing file /home/airflow/.local/lib/python3.7/site-packages/airflow/example_dags/example_branch_python_dop_operator_3.py for tasks to queue
[2022-08-21 13:38:24,416] {logging_mixin.py:115} INFO - [2022-08-21 13:38:24,415] {dagbag.py:508} INFO - Filling up the DagBag from /home/airflow/.local/lib/python3.7/site-packages/airflow/example_dags/example_branch_python_dop_operator_3.py
[2022-08-21 13:38:24,426] {processor.py:651} INFO - DAG(s) dict_keys(['example_branch_dop_operator_v3']) retrieved from /home/airflow/.local/lib/python3.7/site-packages/airflow/example_dags/example_branch_python_dop_operator_3.py
[2022-08-21 13:38:24,454] {logging_mixin.py:115} INFO - [2022-08-21 13:38:24,454] {dag.py:2420} INFO - Sync 1 DAGs
[2022-08-21 13:38:24,484] {logging_mixin.py:115} INFO - [2022-08-21 13:38:24,484] {dag.py:2972} INFO - Setting next_dagrun for example_branch_dop_operator_v3 to 2022-08-21T13:37:00+00:00, run_after=2022-08-21T13:38:00+00:00
[2022-08-21 13:38:24,503] {processor.py:161} INFO - Processing /home/airflow/.local/lib/python3.7/site-packages/airflow/example_dags/example_branch_python_dop_operator_3.py took 0.093 seconds
[2022-08-21 13:38:55,375] {processor.py:153} INFO - Started process (PID=2461) to work on /home/airflow/.local/lib/python3.7/site-packages/airflow/example_dags/example_branch_python_dop_operator_3.py
[2022-08-21 13:38:55,376] {processor.py:641} INFO - Processing file /home/airflow/.local/lib/python3.7/site-packages/airflow/example_dags/example_branch_python_dop_operator_3.py for tasks to queue
[2022-08-21 13:38:55,377] {logging_mixin.py:115} INFO - [2022-08-21 13:38:55,377] {dagbag.py:508} INFO - Filling up the DagBag from /home/airflow/.local/lib/python3.7/site-packages/airflow/example_dags/example_branch_python_dop_operator_3.py
[2022-08-21 13:38:55,389] {processor.py:651} INFO - DAG(s) dict_keys(['example_branch_dop_operator_v3']) retrieved from /home/airflow/.local/lib/python3.7/site-packages/airflow/example_dags/example_branch_python_dop_operator_3.py
[2022-08-21 13:38:55,423] {logging_mixin.py:115} INFO - [2022-08-21 13:38:55,423] {dag.py:2420} INFO - Sync 1 DAGs
[2022-08-21 13:38:55,450] {logging_mixin.py:115} INFO - [2022-08-21 13:38:55,450] {dag.py:2972} INFO - Setting next_dagrun for example_branch_dop_operator_v3 to 2022-08-21T13:37:00+00:00, run_after=2022-08-21T13:38:00+00:00
[2022-08-21 13:38:55,470] {processor.py:161} INFO - Processing /home/airflow/.local/lib/python3.7/site-packages/airflow/example_dags/example_branch_python_dop_operator_3.py took 0.099 seconds
[2022-08-21 13:39:25,578] {processor.py:153} INFO - Started process (PID=2522) to work on /home/airflow/.local/lib/python3.7/site-packages/airflow/example_dags/example_branch_python_dop_operator_3.py
[2022-08-21 13:39:25,579] {processor.py:641} INFO - Processing file /home/airflow/.local/lib/python3.7/site-packages/airflow/example_dags/example_branch_python_dop_operator_3.py for tasks to queue
[2022-08-21 13:39:25,579] {logging_mixin.py:115} INFO - [2022-08-21 13:39:25,579] {dagbag.py:508} INFO - Filling up the DagBag from /home/airflow/.local/lib/python3.7/site-packages/airflow/example_dags/example_branch_python_dop_operator_3.py
[2022-08-21 13:39:25,587] {processor.py:651} INFO - DAG(s) dict_keys(['example_branch_dop_operator_v3']) retrieved from /home/airflow/.local/lib/python3.7/site-packages/airflow/example_dags/example_branch_python_dop_operator_3.py
[2022-08-21 13:39:25,614] {logging_mixin.py:115} INFO - [2022-08-21 13:39:25,614] {dag.py:2420} INFO - Sync 1 DAGs
[2022-08-21 13:39:25,644] {logging_mixin.py:115} INFO - [2022-08-21 13:39:25,644] {dag.py:2972} INFO - Setting next_dagrun for example_branch_dop_operator_v3 to 2022-08-21T13:38:00+00:00, run_after=2022-08-21T13:39:00+00:00
[2022-08-21 13:39:25,658] {processor.py:161} INFO - Processing /home/airflow/.local/lib/python3.7/site-packages/airflow/example_dags/example_branch_python_dop_operator_3.py took 0.083 seconds
[2022-08-21 13:39:56,582] {processor.py:153} INFO - Started process (PID=2576) to work on /home/airflow/.local/lib/python3.7/site-packages/airflow/example_dags/example_branch_python_dop_operator_3.py
[2022-08-21 13:39:56,582] {processor.py:641} INFO - Processing file /home/airflow/.local/lib/python3.7/site-packages/airflow/example_dags/example_branch_python_dop_operator_3.py for tasks to queue
[2022-08-21 13:39:56,583] {logging_mixin.py:115} INFO - [2022-08-21 13:39:56,583] {dagbag.py:508} INFO - Filling up the DagBag from /home/airflow/.local/lib/python3.7/site-packages/airflow/example_dags/example_branch_python_dop_operator_3.py
[2022-08-21 13:39:56,592] {processor.py:651} INFO - DAG(s) dict_keys(['example_branch_dop_operator_v3']) retrieved from /home/airflow/.local/lib/python3.7/site-packages/airflow/example_dags/example_branch_python_dop_operator_3.py
[2022-08-21 13:39:56,619] {logging_mixin.py:115} INFO - [2022-08-21 13:39:56,618] {dag.py:2420} INFO - Sync 1 DAGs
[2022-08-21 13:39:56,647] {logging_mixin.py:115} INFO - [2022-08-21 13:39:56,647] {dag.py:2972} INFO - Setting next_dagrun for example_branch_dop_operator_v3 to 2022-08-21T13:38:00+00:00, run_after=2022-08-21T13:39:00+00:00
[2022-08-21 13:39:56,666] {processor.py:161} INFO - Processing /home/airflow/.local/lib/python3.7/site-packages/airflow/example_dags/example_branch_python_dop_operator_3.py took 0.087 seconds
[2022-08-21 13:40:26,750] {processor.py:153} INFO - Started process (PID=2652) to work on /home/airflow/.local/lib/python3.7/site-packages/airflow/example_dags/example_branch_python_dop_operator_3.py
[2022-08-21 13:40:26,751] {processor.py:641} INFO - Processing file /home/airflow/.local/lib/python3.7/site-packages/airflow/example_dags/example_branch_python_dop_operator_3.py for tasks to queue
[2022-08-21 13:40:26,752] {logging_mixin.py:115} INFO - [2022-08-21 13:40:26,752] {dagbag.py:508} INFO - Filling up the DagBag from /home/airflow/.local/lib/python3.7/site-packages/airflow/example_dags/example_branch_python_dop_operator_3.py
[2022-08-21 13:40:26,761] {processor.py:651} INFO - DAG(s) dict_keys(['example_branch_dop_operator_v3']) retrieved from /home/airflow/.local/lib/python3.7/site-packages/airflow/example_dags/example_branch_python_dop_operator_3.py
[2022-08-21 13:40:26,786] {logging_mixin.py:115} INFO - [2022-08-21 13:40:26,786] {dag.py:2420} INFO - Sync 1 DAGs
[2022-08-21 13:40:26,816] {logging_mixin.py:115} INFO - [2022-08-21 13:40:26,816] {dag.py:2972} INFO - Setting next_dagrun for example_branch_dop_operator_v3 to 2022-08-21T13:39:00+00:00, run_after=2022-08-21T13:40:00+00:00
[2022-08-21 13:40:26,831] {processor.py:161} INFO - Processing /home/airflow/.local/lib/python3.7/site-packages/airflow/example_dags/example_branch_python_dop_operator_3.py took 0.084 seconds
[2022-08-21 13:40:57,064] {processor.py:153} INFO - Started process (PID=2714) to work on /home/airflow/.local/lib/python3.7/site-packages/airflow/example_dags/example_branch_python_dop_operator_3.py
[2022-08-21 13:40:57,065] {processor.py:641} INFO - Processing file /home/airflow/.local/lib/python3.7/site-packages/airflow/example_dags/example_branch_python_dop_operator_3.py for tasks to queue
[2022-08-21 13:40:57,066] {logging_mixin.py:115} INFO - [2022-08-21 13:40:57,066] {dagbag.py:508} INFO - Filling up the DagBag from /home/airflow/.local/lib/python3.7/site-packages/airflow/example_dags/example_branch_python_dop_operator_3.py
[2022-08-21 13:40:57,074] {processor.py:651} INFO - DAG(s) dict_keys(['example_branch_dop_operator_v3']) retrieved from /home/airflow/.local/lib/python3.7/site-packages/airflow/example_dags/example_branch_python_dop_operator_3.py
[2022-08-21 13:40:57,097] {logging_mixin.py:115} INFO - [2022-08-21 13:40:57,097] {dag.py:2420} INFO - Sync 1 DAGs
[2022-08-21 13:40:57,120] {logging_mixin.py:115} INFO - [2022-08-21 13:40:57,120] {dag.py:2972} INFO - Setting next_dagrun for example_branch_dop_operator_v3 to 2022-08-21T13:39:00+00:00, run_after=2022-08-21T13:40:00+00:00
[2022-08-21 13:40:57,138] {processor.py:161} INFO - Processing /home/airflow/.local/lib/python3.7/site-packages/airflow/example_dags/example_branch_python_dop_operator_3.py took 0.076 seconds
[2022-08-21 13:41:27,238] {processor.py:153} INFO - Started process (PID=2770) to work on /home/airflow/.local/lib/python3.7/site-packages/airflow/example_dags/example_branch_python_dop_operator_3.py
[2022-08-21 13:41:27,239] {processor.py:641} INFO - Processing file /home/airflow/.local/lib/python3.7/site-packages/airflow/example_dags/example_branch_python_dop_operator_3.py for tasks to queue
[2022-08-21 13:41:27,240] {logging_mixin.py:115} INFO - [2022-08-21 13:41:27,240] {dagbag.py:508} INFO - Filling up the DagBag from /home/airflow/.local/lib/python3.7/site-packages/airflow/example_dags/example_branch_python_dop_operator_3.py
[2022-08-21 13:41:27,250] {processor.py:651} INFO - DAG(s) dict_keys(['example_branch_dop_operator_v3']) retrieved from /home/airflow/.local/lib/python3.7/site-packages/airflow/example_dags/example_branch_python_dop_operator_3.py
[2022-08-21 13:41:27,275] {logging_mixin.py:115} INFO - [2022-08-21 13:41:27,275] {dag.py:2420} INFO - Sync 1 DAGs
[2022-08-21 13:41:27,304] {logging_mixin.py:115} INFO - [2022-08-21 13:41:27,304] {dag.py:2972} INFO - Setting next_dagrun for example_branch_dop_operator_v3 to 2022-08-21T13:40:00+00:00, run_after=2022-08-21T13:41:00+00:00
[2022-08-21 13:41:27,325] {processor.py:161} INFO - Processing /home/airflow/.local/lib/python3.7/site-packages/airflow/example_dags/example_branch_python_dop_operator_3.py took 0.090 seconds
[2022-08-21 13:41:58,249] {processor.py:153} INFO - Started process (PID=2831) to work on /home/airflow/.local/lib/python3.7/site-packages/airflow/example_dags/example_branch_python_dop_operator_3.py
[2022-08-21 13:41:58,250] {processor.py:641} INFO - Processing file /home/airflow/.local/lib/python3.7/site-packages/airflow/example_dags/example_branch_python_dop_operator_3.py for tasks to queue
[2022-08-21 13:41:58,251] {logging_mixin.py:115} INFO - [2022-08-21 13:41:58,251] {dagbag.py:508} INFO - Filling up the DagBag from /home/airflow/.local/lib/python3.7/site-packages/airflow/example_dags/example_branch_python_dop_operator_3.py
[2022-08-21 13:41:58,259] {processor.py:651} INFO - DAG(s) dict_keys(['example_branch_dop_operator_v3']) retrieved from /home/airflow/.local/lib/python3.7/site-packages/airflow/example_dags/example_branch_python_dop_operator_3.py
[2022-08-21 13:41:58,285] {logging_mixin.py:115} INFO - [2022-08-21 13:41:58,285] {dag.py:2420} INFO - Sync 1 DAGs
[2022-08-21 13:41:58,312] {logging_mixin.py:115} INFO - [2022-08-21 13:41:58,312] {dag.py:2972} INFO - Setting next_dagrun for example_branch_dop_operator_v3 to 2022-08-21T13:40:00+00:00, run_after=2022-08-21T13:41:00+00:00
[2022-08-21 13:41:58,330] {processor.py:161} INFO - Processing /home/airflow/.local/lib/python3.7/site-packages/airflow/example_dags/example_branch_python_dop_operator_3.py took 0.083 seconds
[2022-08-21 13:42:29,177] {processor.py:153} INFO - Started process (PID=2892) to work on /home/airflow/.local/lib/python3.7/site-packages/airflow/example_dags/example_branch_python_dop_operator_3.py
[2022-08-21 13:42:29,178] {processor.py:641} INFO - Processing file /home/airflow/.local/lib/python3.7/site-packages/airflow/example_dags/example_branch_python_dop_operator_3.py for tasks to queue
[2022-08-21 13:42:29,179] {logging_mixin.py:115} INFO - [2022-08-21 13:42:29,179] {dagbag.py:508} INFO - Filling up the DagBag from /home/airflow/.local/lib/python3.7/site-packages/airflow/example_dags/example_branch_python_dop_operator_3.py
[2022-08-21 13:42:29,189] {processor.py:651} INFO - DAG(s) dict_keys(['example_branch_dop_operator_v3']) retrieved from /home/airflow/.local/lib/python3.7/site-packages/airflow/example_dags/example_branch_python_dop_operator_3.py
[2022-08-21 13:42:29,215] {logging_mixin.py:115} INFO - [2022-08-21 13:42:29,215] {dag.py:2420} INFO - Sync 1 DAGs
[2022-08-21 13:42:29,240] {logging_mixin.py:115} INFO - [2022-08-21 13:42:29,240] {dag.py:2972} INFO - Setting next_dagrun for example_branch_dop_operator_v3 to 2022-08-21T13:41:00+00:00, run_after=2022-08-21T13:42:00+00:00
[2022-08-21 13:42:29,258] {processor.py:161} INFO - Processing /home/airflow/.local/lib/python3.7/site-packages/airflow/example_dags/example_branch_python_dop_operator_3.py took 0.083 seconds
[2022-08-21 13:42:59,350] {processor.py:153} INFO - Started process (PID=2944) to work on /home/airflow/.local/lib/python3.7/site-packages/airflow/example_dags/example_branch_python_dop_operator_3.py
[2022-08-21 13:42:59,351] {processor.py:641} INFO - Processing file /home/airflow/.local/lib/python3.7/site-packages/airflow/example_dags/example_branch_python_dop_operator_3.py for tasks to queue
[2022-08-21 13:42:59,352] {logging_mixin.py:115} INFO - [2022-08-21 13:42:59,352] {dagbag.py:508} INFO - Filling up the DagBag from /home/airflow/.local/lib/python3.7/site-packages/airflow/example_dags/example_branch_python_dop_operator_3.py
[2022-08-21 13:42:59,364] {processor.py:651} INFO - DAG(s) dict_keys(['example_branch_dop_operator_v3']) retrieved from /home/airflow/.local/lib/python3.7/site-packages/airflow/example_dags/example_branch_python_dop_operator_3.py
[2022-08-21 13:42:59,395] {logging_mixin.py:115} INFO - [2022-08-21 13:42:59,394] {dag.py:2420} INFO - Sync 1 DAGs
[2022-08-21 13:42:59,420] {logging_mixin.py:115} INFO - [2022-08-21 13:42:59,420] {dag.py:2972} INFO - Setting next_dagrun for example_branch_dop_operator_v3 to 2022-08-21T13:41:00+00:00, run_after=2022-08-21T13:42:00+00:00
[2022-08-21 13:42:59,441] {processor.py:161} INFO - Processing /home/airflow/.local/lib/python3.7/site-packages/airflow/example_dags/example_branch_python_dop_operator_3.py took 0.093 seconds
[2022-08-21 13:43:29,536] {processor.py:153} INFO - Started process (PID=3005) to work on /home/airflow/.local/lib/python3.7/site-packages/airflow/example_dags/example_branch_python_dop_operator_3.py
[2022-08-21 13:43:29,537] {processor.py:641} INFO - Processing file /home/airflow/.local/lib/python3.7/site-packages/airflow/example_dags/example_branch_python_dop_operator_3.py for tasks to queue
[2022-08-21 13:43:29,538] {logging_mixin.py:115} INFO - [2022-08-21 13:43:29,538] {dagbag.py:508} INFO - Filling up the DagBag from /home/airflow/.local/lib/python3.7/site-packages/airflow/example_dags/example_branch_python_dop_operator_3.py
[2022-08-21 13:43:29,547] {processor.py:651} INFO - DAG(s) dict_keys(['example_branch_dop_operator_v3']) retrieved from /home/airflow/.local/lib/python3.7/site-packages/airflow/example_dags/example_branch_python_dop_operator_3.py
[2022-08-21 13:43:29,575] {logging_mixin.py:115} INFO - [2022-08-21 13:43:29,575] {dag.py:2420} INFO - Sync 1 DAGs
[2022-08-21 13:43:29,601] {logging_mixin.py:115} INFO - [2022-08-21 13:43:29,601] {dag.py:2972} INFO - Setting next_dagrun for example_branch_dop_operator_v3 to 2022-08-21T13:42:00+00:00, run_after=2022-08-21T13:43:00+00:00
[2022-08-21 13:43:29,621] {processor.py:161} INFO - Processing /home/airflow/.local/lib/python3.7/site-packages/airflow/example_dags/example_branch_python_dop_operator_3.py took 0.088 seconds
[2022-08-21 13:43:59,740] {processor.py:153} INFO - Started process (PID=3057) to work on /home/airflow/.local/lib/python3.7/site-packages/airflow/example_dags/example_branch_python_dop_operator_3.py
[2022-08-21 13:43:59,741] {processor.py:641} INFO - Processing file /home/airflow/.local/lib/python3.7/site-packages/airflow/example_dags/example_branch_python_dop_operator_3.py for tasks to queue
[2022-08-21 13:43:59,742] {logging_mixin.py:115} INFO - [2022-08-21 13:43:59,742] {dagbag.py:508} INFO - Filling up the DagBag from /home/airflow/.local/lib/python3.7/site-packages/airflow/example_dags/example_branch_python_dop_operator_3.py
[2022-08-21 13:43:59,754] {processor.py:651} INFO - DAG(s) dict_keys(['example_branch_dop_operator_v3']) retrieved from /home/airflow/.local/lib/python3.7/site-packages/airflow/example_dags/example_branch_python_dop_operator_3.py
[2022-08-21 13:43:59,783] {logging_mixin.py:115} INFO - [2022-08-21 13:43:59,783] {dag.py:2420} INFO - Sync 1 DAGs
[2022-08-21 13:43:59,812] {logging_mixin.py:115} INFO - [2022-08-21 13:43:59,812] {dag.py:2972} INFO - Setting next_dagrun for example_branch_dop_operator_v3 to 2022-08-21T13:42:00+00:00, run_after=2022-08-21T13:43:00+00:00
[2022-08-21 13:43:59,828] {processor.py:161} INFO - Processing /home/airflow/.local/lib/python3.7/site-packages/airflow/example_dags/example_branch_python_dop_operator_3.py took 0.092 seconds
[2022-08-21 13:44:30,709] {processor.py:153} INFO - Started process (PID=3118) to work on /home/airflow/.local/lib/python3.7/site-packages/airflow/example_dags/example_branch_python_dop_operator_3.py
[2022-08-21 13:44:30,711] {processor.py:641} INFO - Processing file /home/airflow/.local/lib/python3.7/site-packages/airflow/example_dags/example_branch_python_dop_operator_3.py for tasks to queue
[2022-08-21 13:44:30,712] {logging_mixin.py:115} INFO - [2022-08-21 13:44:30,711] {dagbag.py:508} INFO - Filling up the DagBag from /home/airflow/.local/lib/python3.7/site-packages/airflow/example_dags/example_branch_python_dop_operator_3.py
[2022-08-21 13:44:30,723] {processor.py:651} INFO - DAG(s) dict_keys(['example_branch_dop_operator_v3']) retrieved from /home/airflow/.local/lib/python3.7/site-packages/airflow/example_dags/example_branch_python_dop_operator_3.py
[2022-08-21 13:44:30,751] {logging_mixin.py:115} INFO - [2022-08-21 13:44:30,751] {dag.py:2420} INFO - Sync 1 DAGs
[2022-08-21 13:44:30,779] {logging_mixin.py:115} INFO - [2022-08-21 13:44:30,779] {dag.py:2972} INFO - Setting next_dagrun for example_branch_dop_operator_v3 to 2022-08-21T13:43:00+00:00, run_after=2022-08-21T13:44:00+00:00
[2022-08-21 13:44:30,797] {processor.py:161} INFO - Processing /home/airflow/.local/lib/python3.7/site-packages/airflow/example_dags/example_branch_python_dop_operator_3.py took 0.091 seconds
[2022-08-21 13:45:01,561] {processor.py:153} INFO - Started process (PID=3179) to work on /home/airflow/.local/lib/python3.7/site-packages/airflow/example_dags/example_branch_python_dop_operator_3.py
[2022-08-21 13:45:01,562] {processor.py:641} INFO - Processing file /home/airflow/.local/lib/python3.7/site-packages/airflow/example_dags/example_branch_python_dop_operator_3.py for tasks to queue
[2022-08-21 13:45:01,563] {logging_mixin.py:115} INFO - [2022-08-21 13:45:01,563] {dagbag.py:508} INFO - Filling up the DagBag from /home/airflow/.local/lib/python3.7/site-packages/airflow/example_dags/example_branch_python_dop_operator_3.py
[2022-08-21 13:45:01,574] {processor.py:651} INFO - DAG(s) dict_keys(['example_branch_dop_operator_v3']) retrieved from /home/airflow/.local/lib/python3.7/site-packages/airflow/example_dags/example_branch_python_dop_operator_3.py
[2022-08-21 13:45:01,602] {logging_mixin.py:115} INFO - [2022-08-21 13:45:01,601] {dag.py:2420} INFO - Sync 1 DAGs
[2022-08-21 13:45:01,629] {logging_mixin.py:115} INFO - [2022-08-21 13:45:01,629] {dag.py:2972} INFO - Setting next_dagrun for example_branch_dop_operator_v3 to 2022-08-21T13:44:00+00:00, run_after=2022-08-21T13:45:00+00:00
[2022-08-21 13:45:01,653] {processor.py:161} INFO - Processing /home/airflow/.local/lib/python3.7/site-packages/airflow/example_dags/example_branch_python_dop_operator_3.py took 0.095 seconds
[2022-08-21 13:45:31,853] {processor.py:153} INFO - Started process (PID=3231) to work on /home/airflow/.local/lib/python3.7/site-packages/airflow/example_dags/example_branch_python_dop_operator_3.py
[2022-08-21 13:45:31,853] {processor.py:641} INFO - Processing file /home/airflow/.local/lib/python3.7/site-packages/airflow/example_dags/example_branch_python_dop_operator_3.py for tasks to queue
[2022-08-21 13:45:31,854] {logging_mixin.py:115} INFO - [2022-08-21 13:45:31,854] {dagbag.py:508} INFO - Filling up the DagBag from /home/airflow/.local/lib/python3.7/site-packages/airflow/example_dags/example_branch_python_dop_operator_3.py
[2022-08-21 13:45:31,863] {processor.py:651} INFO - DAG(s) dict_keys(['example_branch_dop_operator_v3']) retrieved from /home/airflow/.local/lib/python3.7/site-packages/airflow/example_dags/example_branch_python_dop_operator_3.py
[2022-08-21 13:45:31,889] {logging_mixin.py:115} INFO - [2022-08-21 13:45:31,889] {dag.py:2420} INFO - Sync 1 DAGs
[2022-08-21 13:45:31,914] {logging_mixin.py:115} INFO - [2022-08-21 13:45:31,914] {dag.py:2972} INFO - Setting next_dagrun for example_branch_dop_operator_v3 to 2022-08-21T13:44:00+00:00, run_after=2022-08-21T13:45:00+00:00
[2022-08-21 13:45:31,926] {processor.py:161} INFO - Processing /home/airflow/.local/lib/python3.7/site-packages/airflow/example_dags/example_branch_python_dop_operator_3.py took 0.076 seconds
[2022-08-21 13:46:02,833] {processor.py:153} INFO - Started process (PID=3292) to work on /home/airflow/.local/lib/python3.7/site-packages/airflow/example_dags/example_branch_python_dop_operator_3.py
[2022-08-21 13:46:02,834] {processor.py:641} INFO - Processing file /home/airflow/.local/lib/python3.7/site-packages/airflow/example_dags/example_branch_python_dop_operator_3.py for tasks to queue
[2022-08-21 13:46:02,835] {logging_mixin.py:115} INFO - [2022-08-21 13:46:02,835] {dagbag.py:508} INFO - Filling up the DagBag from /home/airflow/.local/lib/python3.7/site-packages/airflow/example_dags/example_branch_python_dop_operator_3.py
[2022-08-21 13:46:02,848] {processor.py:651} INFO - DAG(s) dict_keys(['example_branch_dop_operator_v3']) retrieved from /home/airflow/.local/lib/python3.7/site-packages/airflow/example_dags/example_branch_python_dop_operator_3.py
[2022-08-21 13:46:02,871] {logging_mixin.py:115} INFO - [2022-08-21 13:46:02,871] {dag.py:2420} INFO - Sync 1 DAGs
[2022-08-21 13:46:02,893] {logging_mixin.py:115} INFO - [2022-08-21 13:46:02,893] {dag.py:2972} INFO - Setting next_dagrun for example_branch_dop_operator_v3 to 2022-08-21T13:45:00+00:00, run_after=2022-08-21T13:46:00+00:00
[2022-08-21 13:46:02,913] {processor.py:161} INFO - Processing /home/airflow/.local/lib/python3.7/site-packages/airflow/example_dags/example_branch_python_dop_operator_3.py took 0.084 seconds
[2022-08-21 13:46:33,124] {processor.py:153} INFO - Started process (PID=3353) to work on /home/airflow/.local/lib/python3.7/site-packages/airflow/example_dags/example_branch_python_dop_operator_3.py
[2022-08-21 13:46:33,125] {processor.py:641} INFO - Processing file /home/airflow/.local/lib/python3.7/site-packages/airflow/example_dags/example_branch_python_dop_operator_3.py for tasks to queue
[2022-08-21 13:46:33,126] {logging_mixin.py:115} INFO - [2022-08-21 13:46:33,126] {dagbag.py:508} INFO - Filling up the DagBag from /home/airflow/.local/lib/python3.7/site-packages/airflow/example_dags/example_branch_python_dop_operator_3.py
[2022-08-21 13:46:33,141] {processor.py:651} INFO - DAG(s) dict_keys(['example_branch_dop_operator_v3']) retrieved from /home/airflow/.local/lib/python3.7/site-packages/airflow/example_dags/example_branch_python_dop_operator_3.py
[2022-08-21 13:46:33,171] {logging_mixin.py:115} INFO - [2022-08-21 13:46:33,171] {dag.py:2420} INFO - Sync 1 DAGs
[2022-08-21 13:46:33,199] {logging_mixin.py:115} INFO - [2022-08-21 13:46:33,199] {dag.py:2972} INFO - Setting next_dagrun for example_branch_dop_operator_v3 to 2022-08-21T13:45:00+00:00, run_after=2022-08-21T13:46:00+00:00
[2022-08-21 13:46:33,218] {processor.py:161} INFO - Processing /home/airflow/.local/lib/python3.7/site-packages/airflow/example_dags/example_branch_python_dop_operator_3.py took 0.097 seconds
[2022-08-21 13:47:03,950] {processor.py:153} INFO - Started process (PID=3407) to work on /home/airflow/.local/lib/python3.7/site-packages/airflow/example_dags/example_branch_python_dop_operator_3.py
[2022-08-21 13:47:03,951] {processor.py:641} INFO - Processing file /home/airflow/.local/lib/python3.7/site-packages/airflow/example_dags/example_branch_python_dop_operator_3.py for tasks to queue
[2022-08-21 13:47:03,952] {logging_mixin.py:115} INFO - [2022-08-21 13:47:03,952] {dagbag.py:508} INFO - Filling up the DagBag from /home/airflow/.local/lib/python3.7/site-packages/airflow/example_dags/example_branch_python_dop_operator_3.py
[2022-08-21 13:47:03,961] {processor.py:651} INFO - DAG(s) dict_keys(['example_branch_dop_operator_v3']) retrieved from /home/airflow/.local/lib/python3.7/site-packages/airflow/example_dags/example_branch_python_dop_operator_3.py
[2022-08-21 13:47:03,988] {logging_mixin.py:115} INFO - [2022-08-21 13:47:03,988] {dag.py:2420} INFO - Sync 1 DAGs
[2022-08-21 13:47:04,013] {logging_mixin.py:115} INFO - [2022-08-21 13:47:04,013] {dag.py:2972} INFO - Setting next_dagrun for example_branch_dop_operator_v3 to 2022-08-21T13:47:00+00:00, run_after=2022-08-21T13:48:00+00:00
[2022-08-21 13:47:04,028] {processor.py:161} INFO - Processing /home/airflow/.local/lib/python3.7/site-packages/airflow/example_dags/example_branch_python_dop_operator_3.py took 0.082 seconds
[2022-08-21 13:47:34,665] {processor.py:153} INFO - Started process (PID=3469) to work on /home/airflow/.local/lib/python3.7/site-packages/airflow/example_dags/example_branch_python_dop_operator_3.py
[2022-08-21 13:47:34,666] {processor.py:641} INFO - Processing file /home/airflow/.local/lib/python3.7/site-packages/airflow/example_dags/example_branch_python_dop_operator_3.py for tasks to queue
[2022-08-21 13:47:34,668] {logging_mixin.py:115} INFO - [2022-08-21 13:47:34,667] {dagbag.py:508} INFO - Filling up the DagBag from /home/airflow/.local/lib/python3.7/site-packages/airflow/example_dags/example_branch_python_dop_operator_3.py
[2022-08-21 13:47:34,676] {processor.py:651} INFO - DAG(s) dict_keys(['example_branch_dop_operator_v3']) retrieved from /home/airflow/.local/lib/python3.7/site-packages/airflow/example_dags/example_branch_python_dop_operator_3.py
[2022-08-21 13:47:34,703] {logging_mixin.py:115} INFO - [2022-08-21 13:47:34,703] {dag.py:2420} INFO - Sync 1 DAGs
[2022-08-21 13:47:34,727] {logging_mixin.py:115} INFO - [2022-08-21 13:47:34,727] {dag.py:2972} INFO - Setting next_dagrun for example_branch_dop_operator_v3 to 2022-08-21T13:47:00+00:00, run_after=2022-08-21T13:48:00+00:00
[2022-08-21 13:47:34,742] {processor.py:161} INFO - Processing /home/airflow/.local/lib/python3.7/site-packages/airflow/example_dags/example_branch_python_dop_operator_3.py took 0.081 seconds
[2022-08-21 13:48:05,540] {processor.py:153} INFO - Started process (PID=3530) to work on /home/airflow/.local/lib/python3.7/site-packages/airflow/example_dags/example_branch_python_dop_operator_3.py
[2022-08-21 13:48:05,541] {processor.py:641} INFO - Processing file /home/airflow/.local/lib/python3.7/site-packages/airflow/example_dags/example_branch_python_dop_operator_3.py for tasks to queue
[2022-08-21 13:48:05,542] {logging_mixin.py:115} INFO - [2022-08-21 13:48:05,542] {dagbag.py:508} INFO - Filling up the DagBag from /home/airflow/.local/lib/python3.7/site-packages/airflow/example_dags/example_branch_python_dop_operator_3.py
[2022-08-21 13:48:05,555] {processor.py:651} INFO - DAG(s) dict_keys(['example_branch_dop_operator_v3']) retrieved from /home/airflow/.local/lib/python3.7/site-packages/airflow/example_dags/example_branch_python_dop_operator_3.py
[2022-08-21 13:48:05,582] {logging_mixin.py:115} INFO - [2022-08-21 13:48:05,581] {dag.py:2420} INFO - Sync 1 DAGs
[2022-08-21 13:48:05,618] {logging_mixin.py:115} INFO - [2022-08-21 13:48:05,618] {dag.py:2972} INFO - Setting next_dagrun for example_branch_dop_operator_v3 to 2022-08-21T13:48:00+00:00, run_after=2022-08-21T13:49:00+00:00
[2022-08-21 13:48:05,630] {processor.py:161} INFO - Processing /home/airflow/.local/lib/python3.7/site-packages/airflow/example_dags/example_branch_python_dop_operator_3.py took 0.093 seconds
[2022-08-21 13:48:36,010] {processor.py:153} INFO - Started process (PID=3583) to work on /home/airflow/.local/lib/python3.7/site-packages/airflow/example_dags/example_branch_python_dop_operator_3.py
[2022-08-21 13:48:36,011] {processor.py:641} INFO - Processing file /home/airflow/.local/lib/python3.7/site-packages/airflow/example_dags/example_branch_python_dop_operator_3.py for tasks to queue
[2022-08-21 13:48:36,012] {logging_mixin.py:115} INFO - [2022-08-21 13:48:36,012] {dagbag.py:508} INFO - Filling up the DagBag from /home/airflow/.local/lib/python3.7/site-packages/airflow/example_dags/example_branch_python_dop_operator_3.py
[2022-08-21 13:48:36,021] {processor.py:651} INFO - DAG(s) dict_keys(['example_branch_dop_operator_v3']) retrieved from /home/airflow/.local/lib/python3.7/site-packages/airflow/example_dags/example_branch_python_dop_operator_3.py
[2022-08-21 13:48:36,049] {logging_mixin.py:115} INFO - [2022-08-21 13:48:36,049] {dag.py:2420} INFO - Sync 1 DAGs
[2022-08-21 13:48:36,083] {logging_mixin.py:115} INFO - [2022-08-21 13:48:36,083] {dag.py:2972} INFO - Setting next_dagrun for example_branch_dop_operator_v3 to 2022-08-21T13:48:00+00:00, run_after=2022-08-21T13:49:00+00:00
[2022-08-21 13:48:36,103] {processor.py:161} INFO - Processing /home/airflow/.local/lib/python3.7/site-packages/airflow/example_dags/example_branch_python_dop_operator_3.py took 0.095 seconds
[2022-08-21 13:49:06,174] {processor.py:153} INFO - Started process (PID=3645) to work on /home/airflow/.local/lib/python3.7/site-packages/airflow/example_dags/example_branch_python_dop_operator_3.py
[2022-08-21 13:49:06,174] {processor.py:641} INFO - Processing file /home/airflow/.local/lib/python3.7/site-packages/airflow/example_dags/example_branch_python_dop_operator_3.py for tasks to queue
[2022-08-21 13:49:06,175] {logging_mixin.py:115} INFO - [2022-08-21 13:49:06,175] {dagbag.py:508} INFO - Filling up the DagBag from /home/airflow/.local/lib/python3.7/site-packages/airflow/example_dags/example_branch_python_dop_operator_3.py
[2022-08-21 13:49:06,186] {processor.py:651} INFO - DAG(s) dict_keys(['example_branch_dop_operator_v3']) retrieved from /home/airflow/.local/lib/python3.7/site-packages/airflow/example_dags/example_branch_python_dop_operator_3.py
[2022-08-21 13:49:06,208] {logging_mixin.py:115} INFO - [2022-08-21 13:49:06,208] {dag.py:2420} INFO - Sync 1 DAGs
[2022-08-21 13:49:06,232] {logging_mixin.py:115} INFO - [2022-08-21 13:49:06,232] {dag.py:2972} INFO - Setting next_dagrun for example_branch_dop_operator_v3 to 2022-08-21T13:49:00+00:00, run_after=2022-08-21T13:50:00+00:00
[2022-08-21 13:49:06,243] {processor.py:161} INFO - Processing /home/airflow/.local/lib/python3.7/site-packages/airflow/example_dags/example_branch_python_dop_operator_3.py took 0.074 seconds
[2022-08-21 13:49:37,223] {processor.py:153} INFO - Started process (PID=3704) to work on /home/airflow/.local/lib/python3.7/site-packages/airflow/example_dags/example_branch_python_dop_operator_3.py
[2022-08-21 13:49:37,224] {processor.py:641} INFO - Processing file /home/airflow/.local/lib/python3.7/site-packages/airflow/example_dags/example_branch_python_dop_operator_3.py for tasks to queue
[2022-08-21 13:49:37,225] {logging_mixin.py:115} INFO - [2022-08-21 13:49:37,225] {dagbag.py:508} INFO - Filling up the DagBag from /home/airflow/.local/lib/python3.7/site-packages/airflow/example_dags/example_branch_python_dop_operator_3.py
[2022-08-21 13:49:37,238] {processor.py:651} INFO - DAG(s) dict_keys(['example_branch_dop_operator_v3']) retrieved from /home/airflow/.local/lib/python3.7/site-packages/airflow/example_dags/example_branch_python_dop_operator_3.py
[2022-08-21 13:49:37,262] {logging_mixin.py:115} INFO - [2022-08-21 13:49:37,262] {dag.py:2420} INFO - Sync 1 DAGs
[2022-08-21 13:49:37,289] {logging_mixin.py:115} INFO - [2022-08-21 13:49:37,289] {dag.py:2972} INFO - Setting next_dagrun for example_branch_dop_operator_v3 to 2022-08-21T13:49:00+00:00, run_after=2022-08-21T13:50:00+00:00
[2022-08-21 13:49:37,302] {processor.py:161} INFO - Processing /home/airflow/.local/lib/python3.7/site-packages/airflow/example_dags/example_branch_python_dop_operator_3.py took 0.082 seconds
[2022-08-21 13:50:08,283] {processor.py:153} INFO - Started process (PID=3758) to work on /home/airflow/.local/lib/python3.7/site-packages/airflow/example_dags/example_branch_python_dop_operator_3.py
[2022-08-21 13:50:08,284] {processor.py:641} INFO - Processing file /home/airflow/.local/lib/python3.7/site-packages/airflow/example_dags/example_branch_python_dop_operator_3.py for tasks to queue
[2022-08-21 13:50:08,285] {logging_mixin.py:115} INFO - [2022-08-21 13:50:08,285] {dagbag.py:508} INFO - Filling up the DagBag from /home/airflow/.local/lib/python3.7/site-packages/airflow/example_dags/example_branch_python_dop_operator_3.py
[2022-08-21 13:50:08,293] {processor.py:651} INFO - DAG(s) dict_keys(['example_branch_dop_operator_v3']) retrieved from /home/airflow/.local/lib/python3.7/site-packages/airflow/example_dags/example_branch_python_dop_operator_3.py
[2022-08-21 13:50:08,318] {logging_mixin.py:115} INFO - [2022-08-21 13:50:08,318] {dag.py:2420} INFO - Sync 1 DAGs
[2022-08-21 13:50:08,344] {logging_mixin.py:115} INFO - [2022-08-21 13:50:08,343] {dag.py:2972} INFO - Setting next_dagrun for example_branch_dop_operator_v3 to 2022-08-21T13:50:00+00:00, run_after=2022-08-21T13:51:00+00:00
[2022-08-21 13:50:08,361] {processor.py:161} INFO - Processing /home/airflow/.local/lib/python3.7/site-packages/airflow/example_dags/example_branch_python_dop_operator_3.py took 0.080 seconds
[2022-08-21 13:50:38,588] {processor.py:153} INFO - Started process (PID=3820) to work on /home/airflow/.local/lib/python3.7/site-packages/airflow/example_dags/example_branch_python_dop_operator_3.py
[2022-08-21 13:50:38,588] {processor.py:641} INFO - Processing file /home/airflow/.local/lib/python3.7/site-packages/airflow/example_dags/example_branch_python_dop_operator_3.py for tasks to queue
[2022-08-21 13:50:38,589] {logging_mixin.py:115} INFO - [2022-08-21 13:50:38,589] {dagbag.py:508} INFO - Filling up the DagBag from /home/airflow/.local/lib/python3.7/site-packages/airflow/example_dags/example_branch_python_dop_operator_3.py
[2022-08-21 13:50:38,601] {processor.py:651} INFO - DAG(s) dict_keys(['example_branch_dop_operator_v3']) retrieved from /home/airflow/.local/lib/python3.7/site-packages/airflow/example_dags/example_branch_python_dop_operator_3.py
[2022-08-21 13:50:38,627] {logging_mixin.py:115} INFO - [2022-08-21 13:50:38,627] {dag.py:2420} INFO - Sync 1 DAGs
[2022-08-21 13:50:38,659] {logging_mixin.py:115} INFO - [2022-08-21 13:50:38,659] {dag.py:2972} INFO - Setting next_dagrun for example_branch_dop_operator_v3 to 2022-08-21T13:50:00+00:00, run_after=2022-08-21T13:51:00+00:00
[2022-08-21 13:50:38,680] {processor.py:161} INFO - Processing /home/airflow/.local/lib/python3.7/site-packages/airflow/example_dags/example_branch_python_dop_operator_3.py took 0.095 seconds
[2022-08-21 13:51:08,739] {processor.py:153} INFO - Started process (PID=3872) to work on /home/airflow/.local/lib/python3.7/site-packages/airflow/example_dags/example_branch_python_dop_operator_3.py
[2022-08-21 13:51:08,740] {processor.py:641} INFO - Processing file /home/airflow/.local/lib/python3.7/site-packages/airflow/example_dags/example_branch_python_dop_operator_3.py for tasks to queue
[2022-08-21 13:51:08,740] {logging_mixin.py:115} INFO - [2022-08-21 13:51:08,740] {dagbag.py:508} INFO - Filling up the DagBag from /home/airflow/.local/lib/python3.7/site-packages/airflow/example_dags/example_branch_python_dop_operator_3.py
[2022-08-21 13:51:08,748] {processor.py:651} INFO - DAG(s) dict_keys(['example_branch_dop_operator_v3']) retrieved from /home/airflow/.local/lib/python3.7/site-packages/airflow/example_dags/example_branch_python_dop_operator_3.py
[2022-08-21 13:51:08,771] {logging_mixin.py:115} INFO - [2022-08-21 13:51:08,771] {dag.py:2420} INFO - Sync 1 DAGs
[2022-08-21 13:51:08,794] {logging_mixin.py:115} INFO - [2022-08-21 13:51:08,794] {dag.py:2972} INFO - Setting next_dagrun for example_branch_dop_operator_v3 to 2022-08-21T13:51:00+00:00, run_after=2022-08-21T13:52:00+00:00
[2022-08-21 13:51:08,813] {processor.py:161} INFO - Processing /home/airflow/.local/lib/python3.7/site-packages/airflow/example_dags/example_branch_python_dop_operator_3.py took 0.077 seconds
[2022-08-21 13:51:38,955] {processor.py:153} INFO - Started process (PID=3933) to work on /home/airflow/.local/lib/python3.7/site-packages/airflow/example_dags/example_branch_python_dop_operator_3.py
[2022-08-21 13:51:38,956] {processor.py:641} INFO - Processing file /home/airflow/.local/lib/python3.7/site-packages/airflow/example_dags/example_branch_python_dop_operator_3.py for tasks to queue
[2022-08-21 13:51:38,956] {logging_mixin.py:115} INFO - [2022-08-21 13:51:38,956] {dagbag.py:508} INFO - Filling up the DagBag from /home/airflow/.local/lib/python3.7/site-packages/airflow/example_dags/example_branch_python_dop_operator_3.py
[2022-08-21 13:51:38,964] {processor.py:651} INFO - DAG(s) dict_keys(['example_branch_dop_operator_v3']) retrieved from /home/airflow/.local/lib/python3.7/site-packages/airflow/example_dags/example_branch_python_dop_operator_3.py
[2022-08-21 13:51:38,987] {logging_mixin.py:115} INFO - [2022-08-21 13:51:38,987] {dag.py:2420} INFO - Sync 1 DAGs
[2022-08-21 13:51:39,011] {logging_mixin.py:115} INFO - [2022-08-21 13:51:39,011] {dag.py:2972} INFO - Setting next_dagrun for example_branch_dop_operator_v3 to 2022-08-21T13:51:00+00:00, run_after=2022-08-21T13:52:00+00:00
[2022-08-21 13:51:39,029] {processor.py:161} INFO - Processing /home/airflow/.local/lib/python3.7/site-packages/airflow/example_dags/example_branch_python_dop_operator_3.py took 0.077 seconds
[2022-08-21 13:52:09,183] {processor.py:153} INFO - Started process (PID=3994) to work on /home/airflow/.local/lib/python3.7/site-packages/airflow/example_dags/example_branch_python_dop_operator_3.py
[2022-08-21 13:52:09,184] {processor.py:641} INFO - Processing file /home/airflow/.local/lib/python3.7/site-packages/airflow/example_dags/example_branch_python_dop_operator_3.py for tasks to queue
[2022-08-21 13:52:09,184] {logging_mixin.py:115} INFO - [2022-08-21 13:52:09,184] {dagbag.py:508} INFO - Filling up the DagBag from /home/airflow/.local/lib/python3.7/site-packages/airflow/example_dags/example_branch_python_dop_operator_3.py
[2022-08-21 13:52:09,194] {processor.py:651} INFO - DAG(s) dict_keys(['example_branch_dop_operator_v3']) retrieved from /home/airflow/.local/lib/python3.7/site-packages/airflow/example_dags/example_branch_python_dop_operator_3.py
[2022-08-21 13:52:09,233] {logging_mixin.py:115} INFO - [2022-08-21 13:52:09,232] {dag.py:2420} INFO - Sync 1 DAGs
[2022-08-21 13:52:09,284] {logging_mixin.py:115} INFO - [2022-08-21 13:52:09,284] {dag.py:2972} INFO - Setting next_dagrun for example_branch_dop_operator_v3 to 2022-08-21T13:52:00+00:00, run_after=2022-08-21T13:53:00+00:00
[2022-08-21 13:52:09,306] {processor.py:161} INFO - Processing /home/airflow/.local/lib/python3.7/site-packages/airflow/example_dags/example_branch_python_dop_operator_3.py took 0.127 seconds
[2022-08-21 13:52:39,812] {processor.py:153} INFO - Started process (PID=4046) to work on /home/airflow/.local/lib/python3.7/site-packages/airflow/example_dags/example_branch_python_dop_operator_3.py
[2022-08-21 13:52:39,813] {processor.py:641} INFO - Processing file /home/airflow/.local/lib/python3.7/site-packages/airflow/example_dags/example_branch_python_dop_operator_3.py for tasks to queue
[2022-08-21 13:52:39,813] {logging_mixin.py:115} INFO - [2022-08-21 13:52:39,813] {dagbag.py:508} INFO - Filling up the DagBag from /home/airflow/.local/lib/python3.7/site-packages/airflow/example_dags/example_branch_python_dop_operator_3.py
[2022-08-21 13:52:39,823] {processor.py:651} INFO - DAG(s) dict_keys(['example_branch_dop_operator_v3']) retrieved from /home/airflow/.local/lib/python3.7/site-packages/airflow/example_dags/example_branch_python_dop_operator_3.py
[2022-08-21 13:52:39,852] {logging_mixin.py:115} INFO - [2022-08-21 13:52:39,851] {dag.py:2420} INFO - Sync 1 DAGs
[2022-08-21 13:52:39,878] {logging_mixin.py:115} INFO - [2022-08-21 13:52:39,878] {dag.py:2972} INFO - Setting next_dagrun for example_branch_dop_operator_v3 to 2022-08-21T13:52:00+00:00, run_after=2022-08-21T13:53:00+00:00
[2022-08-21 13:52:39,901] {processor.py:161} INFO - Processing /home/airflow/.local/lib/python3.7/site-packages/airflow/example_dags/example_branch_python_dop_operator_3.py took 0.093 seconds
[2022-08-21 13:53:10,723] {processor.py:153} INFO - Started process (PID=4107) to work on /home/airflow/.local/lib/python3.7/site-packages/airflow/example_dags/example_branch_python_dop_operator_3.py
[2022-08-21 13:53:10,723] {processor.py:641} INFO - Processing file /home/airflow/.local/lib/python3.7/site-packages/airflow/example_dags/example_branch_python_dop_operator_3.py for tasks to queue
[2022-08-21 13:53:10,724] {logging_mixin.py:115} INFO - [2022-08-21 13:53:10,724] {dagbag.py:508} INFO - Filling up the DagBag from /home/airflow/.local/lib/python3.7/site-packages/airflow/example_dags/example_branch_python_dop_operator_3.py
[2022-08-21 13:53:10,737] {processor.py:651} INFO - DAG(s) dict_keys(['example_branch_dop_operator_v3']) retrieved from /home/airflow/.local/lib/python3.7/site-packages/airflow/example_dags/example_branch_python_dop_operator_3.py
[2022-08-21 13:53:10,763] {logging_mixin.py:115} INFO - [2022-08-21 13:53:10,763] {dag.py:2420} INFO - Sync 1 DAGs
[2022-08-21 13:53:10,787] {logging_mixin.py:115} INFO - [2022-08-21 13:53:10,787] {dag.py:2972} INFO - Setting next_dagrun for example_branch_dop_operator_v3 to 2022-08-21T13:53:00+00:00, run_after=2022-08-21T13:54:00+00:00
[2022-08-21 13:53:10,801] {processor.py:161} INFO - Processing /home/airflow/.local/lib/python3.7/site-packages/airflow/example_dags/example_branch_python_dop_operator_3.py took 0.082 seconds
[2022-08-21 13:53:41,118] {processor.py:153} INFO - Started process (PID=4168) to work on /home/airflow/.local/lib/python3.7/site-packages/airflow/example_dags/example_branch_python_dop_operator_3.py
[2022-08-21 13:53:41,119] {processor.py:641} INFO - Processing file /home/airflow/.local/lib/python3.7/site-packages/airflow/example_dags/example_branch_python_dop_operator_3.py for tasks to queue
[2022-08-21 13:53:41,121] {logging_mixin.py:115} INFO - [2022-08-21 13:53:41,120] {dagbag.py:508} INFO - Filling up the DagBag from /home/airflow/.local/lib/python3.7/site-packages/airflow/example_dags/example_branch_python_dop_operator_3.py
[2022-08-21 13:53:41,132] {processor.py:651} INFO - DAG(s) dict_keys(['example_branch_dop_operator_v3']) retrieved from /home/airflow/.local/lib/python3.7/site-packages/airflow/example_dags/example_branch_python_dop_operator_3.py
[2022-08-21 13:53:41,163] {logging_mixin.py:115} INFO - [2022-08-21 13:53:41,163] {dag.py:2420} INFO - Sync 1 DAGs
[2022-08-21 13:53:41,197] {logging_mixin.py:115} INFO - [2022-08-21 13:53:41,196] {dag.py:2972} INFO - Setting next_dagrun for example_branch_dop_operator_v3 to 2022-08-21T13:53:00+00:00, run_after=2022-08-21T13:54:00+00:00
[2022-08-21 13:53:41,213] {processor.py:161} INFO - Processing /home/airflow/.local/lib/python3.7/site-packages/airflow/example_dags/example_branch_python_dop_operator_3.py took 0.098 seconds
