[2022-08-21 13:17:59,832] {processor.py:153} INFO - Started process (PID=72) to work on /home/airflow/.local/lib/python3.7/site-packages/airflow/example_dags/example_local_kubernetes_executor.py
[2022-08-21 13:17:59,833] {processor.py:641} INFO - Processing file /home/airflow/.local/lib/python3.7/site-packages/airflow/example_dags/example_local_kubernetes_executor.py for tasks to queue
[2022-08-21 13:17:59,833] {logging_mixin.py:115} INFO - [2022-08-21 13:17:59,833] {dagbag.py:508} INFO - Filling up the DagBag from /home/airflow/.local/lib/python3.7/site-packages/airflow/example_dags/example_local_kubernetes_executor.py
[2022-08-21 13:17:59,859] {processor.py:651} INFO - DAG(s) dict_keys(['example_local_kubernetes_executor']) retrieved from /home/airflow/.local/lib/python3.7/site-packages/airflow/example_dags/example_local_kubernetes_executor.py
[2022-08-21 13:17:59,902] {logging_mixin.py:115} INFO - [2022-08-21 13:17:59,901] {dag.py:2420} INFO - Sync 1 DAGs
[2022-08-21 13:17:59,958] {logging_mixin.py:115} INFO - [2022-08-21 13:17:59,958] {dag.py:2972} INFO - Setting next_dagrun for example_local_kubernetes_executor to None, run_after=None
[2022-08-21 13:17:59,982] {processor.py:161} INFO - Processing /home/airflow/.local/lib/python3.7/site-packages/airflow/example_dags/example_local_kubernetes_executor.py took 0.152 seconds
[2022-08-21 13:18:30,203] {processor.py:153} INFO - Started process (PID=125) to work on /home/airflow/.local/lib/python3.7/site-packages/airflow/example_dags/example_local_kubernetes_executor.py
[2022-08-21 13:18:30,205] {processor.py:641} INFO - Processing file /home/airflow/.local/lib/python3.7/site-packages/airflow/example_dags/example_local_kubernetes_executor.py for tasks to queue
[2022-08-21 13:18:30,206] {logging_mixin.py:115} INFO - [2022-08-21 13:18:30,206] {dagbag.py:508} INFO - Filling up the DagBag from /home/airflow/.local/lib/python3.7/site-packages/airflow/example_dags/example_local_kubernetes_executor.py
[2022-08-21 13:18:30,229] {processor.py:651} INFO - DAG(s) dict_keys(['example_local_kubernetes_executor']) retrieved from /home/airflow/.local/lib/python3.7/site-packages/airflow/example_dags/example_local_kubernetes_executor.py
[2022-08-21 13:18:30,257] {logging_mixin.py:115} INFO - [2022-08-21 13:18:30,257] {dag.py:2420} INFO - Sync 1 DAGs
[2022-08-21 13:18:30,277] {logging_mixin.py:115} INFO - [2022-08-21 13:18:30,277] {dag.py:2972} INFO - Setting next_dagrun for example_local_kubernetes_executor to None, run_after=None
[2022-08-21 13:18:30,291] {processor.py:161} INFO - Processing /home/airflow/.local/lib/python3.7/site-packages/airflow/example_dags/example_local_kubernetes_executor.py took 0.092 seconds
[2022-08-21 13:19:00,469] {processor.py:153} INFO - Started process (PID=188) to work on /home/airflow/.local/lib/python3.7/site-packages/airflow/example_dags/example_local_kubernetes_executor.py
[2022-08-21 13:19:00,470] {processor.py:641} INFO - Processing file /home/airflow/.local/lib/python3.7/site-packages/airflow/example_dags/example_local_kubernetes_executor.py for tasks to queue
[2022-08-21 13:19:00,471] {logging_mixin.py:115} INFO - [2022-08-21 13:19:00,470] {dagbag.py:508} INFO - Filling up the DagBag from /home/airflow/.local/lib/python3.7/site-packages/airflow/example_dags/example_local_kubernetes_executor.py
[2022-08-21 13:19:00,493] {processor.py:651} INFO - DAG(s) dict_keys(['example_local_kubernetes_executor']) retrieved from /home/airflow/.local/lib/python3.7/site-packages/airflow/example_dags/example_local_kubernetes_executor.py
[2022-08-21 13:19:00,519] {logging_mixin.py:115} INFO - [2022-08-21 13:19:00,519] {dag.py:2420} INFO - Sync 1 DAGs
[2022-08-21 13:19:00,538] {logging_mixin.py:115} INFO - [2022-08-21 13:19:00,538] {dag.py:2972} INFO - Setting next_dagrun for example_local_kubernetes_executor to None, run_after=None
[2022-08-21 13:19:00,555] {processor.py:161} INFO - Processing /home/airflow/.local/lib/python3.7/site-packages/airflow/example_dags/example_local_kubernetes_executor.py took 0.089 seconds
[2022-08-21 13:19:31,252] {processor.py:153} INFO - Started process (PID=250) to work on /home/airflow/.local/lib/python3.7/site-packages/airflow/example_dags/example_local_kubernetes_executor.py
[2022-08-21 13:19:31,253] {processor.py:641} INFO - Processing file /home/airflow/.local/lib/python3.7/site-packages/airflow/example_dags/example_local_kubernetes_executor.py for tasks to queue
[2022-08-21 13:19:31,254] {logging_mixin.py:115} INFO - [2022-08-21 13:19:31,254] {dagbag.py:508} INFO - Filling up the DagBag from /home/airflow/.local/lib/python3.7/site-packages/airflow/example_dags/example_local_kubernetes_executor.py
[2022-08-21 13:19:31,269] {processor.py:651} INFO - DAG(s) dict_keys(['example_local_kubernetes_executor']) retrieved from /home/airflow/.local/lib/python3.7/site-packages/airflow/example_dags/example_local_kubernetes_executor.py
[2022-08-21 13:19:31,299] {logging_mixin.py:115} INFO - [2022-08-21 13:19:31,298] {dag.py:2420} INFO - Sync 1 DAGs
[2022-08-21 13:19:31,329] {logging_mixin.py:115} INFO - [2022-08-21 13:19:31,328] {dag.py:2972} INFO - Setting next_dagrun for example_local_kubernetes_executor to None, run_after=None
[2022-08-21 13:19:31,351] {processor.py:161} INFO - Processing /home/airflow/.local/lib/python3.7/site-packages/airflow/example_dags/example_local_kubernetes_executor.py took 0.101 seconds
[2022-08-21 13:20:01,720] {processor.py:153} INFO - Started process (PID=302) to work on /home/airflow/.local/lib/python3.7/site-packages/airflow/example_dags/example_local_kubernetes_executor.py
[2022-08-21 13:20:01,721] {processor.py:641} INFO - Processing file /home/airflow/.local/lib/python3.7/site-packages/airflow/example_dags/example_local_kubernetes_executor.py for tasks to queue
[2022-08-21 13:20:01,721] {logging_mixin.py:115} INFO - [2022-08-21 13:20:01,721] {dagbag.py:508} INFO - Filling up the DagBag from /home/airflow/.local/lib/python3.7/site-packages/airflow/example_dags/example_local_kubernetes_executor.py
[2022-08-21 13:20:01,743] {processor.py:651} INFO - DAG(s) dict_keys(['example_local_kubernetes_executor']) retrieved from /home/airflow/.local/lib/python3.7/site-packages/airflow/example_dags/example_local_kubernetes_executor.py
[2022-08-21 13:20:01,769] {logging_mixin.py:115} INFO - [2022-08-21 13:20:01,769] {dag.py:2420} INFO - Sync 1 DAGs
[2022-08-21 13:20:01,790] {logging_mixin.py:115} INFO - [2022-08-21 13:20:01,790] {dag.py:2972} INFO - Setting next_dagrun for example_local_kubernetes_executor to None, run_after=None
[2022-08-21 13:20:01,805] {processor.py:161} INFO - Processing /home/airflow/.local/lib/python3.7/site-packages/airflow/example_dags/example_local_kubernetes_executor.py took 0.088 seconds
[2022-08-21 13:20:31,952] {processor.py:153} INFO - Started process (PID=364) to work on /home/airflow/.local/lib/python3.7/site-packages/airflow/example_dags/example_local_kubernetes_executor.py
[2022-08-21 13:20:31,953] {processor.py:641} INFO - Processing file /home/airflow/.local/lib/python3.7/site-packages/airflow/example_dags/example_local_kubernetes_executor.py for tasks to queue
[2022-08-21 13:20:31,953] {logging_mixin.py:115} INFO - [2022-08-21 13:20:31,953] {dagbag.py:508} INFO - Filling up the DagBag from /home/airflow/.local/lib/python3.7/site-packages/airflow/example_dags/example_local_kubernetes_executor.py
[2022-08-21 13:20:31,968] {processor.py:651} INFO - DAG(s) dict_keys(['example_local_kubernetes_executor']) retrieved from /home/airflow/.local/lib/python3.7/site-packages/airflow/example_dags/example_local_kubernetes_executor.py
[2022-08-21 13:20:31,991] {logging_mixin.py:115} INFO - [2022-08-21 13:20:31,991] {dag.py:2420} INFO - Sync 1 DAGs
[2022-08-21 13:20:32,015] {logging_mixin.py:115} INFO - [2022-08-21 13:20:32,014] {dag.py:2972} INFO - Setting next_dagrun for example_local_kubernetes_executor to None, run_after=None
[2022-08-21 13:20:32,026] {processor.py:161} INFO - Processing /home/airflow/.local/lib/python3.7/site-packages/airflow/example_dags/example_local_kubernetes_executor.py took 0.076 seconds
[2022-08-21 13:21:02,116] {processor.py:153} INFO - Started process (PID=425) to work on /home/airflow/.local/lib/python3.7/site-packages/airflow/example_dags/example_local_kubernetes_executor.py
[2022-08-21 13:21:02,116] {processor.py:641} INFO - Processing file /home/airflow/.local/lib/python3.7/site-packages/airflow/example_dags/example_local_kubernetes_executor.py for tasks to queue
[2022-08-21 13:21:02,117] {logging_mixin.py:115} INFO - [2022-08-21 13:21:02,117] {dagbag.py:508} INFO - Filling up the DagBag from /home/airflow/.local/lib/python3.7/site-packages/airflow/example_dags/example_local_kubernetes_executor.py
[2022-08-21 13:21:02,133] {processor.py:651} INFO - DAG(s) dict_keys(['example_local_kubernetes_executor']) retrieved from /home/airflow/.local/lib/python3.7/site-packages/airflow/example_dags/example_local_kubernetes_executor.py
[2022-08-21 13:21:02,155] {logging_mixin.py:115} INFO - [2022-08-21 13:21:02,155] {dag.py:2420} INFO - Sync 1 DAGs
[2022-08-21 13:21:02,177] {logging_mixin.py:115} INFO - [2022-08-21 13:21:02,177] {dag.py:2972} INFO - Setting next_dagrun for example_local_kubernetes_executor to None, run_after=None
[2022-08-21 13:21:02,189] {processor.py:161} INFO - Processing /home/airflow/.local/lib/python3.7/site-packages/airflow/example_dags/example_local_kubernetes_executor.py took 0.076 seconds
[2022-08-21 13:21:32,510] {processor.py:153} INFO - Started process (PID=478) to work on /home/airflow/.local/lib/python3.7/site-packages/airflow/example_dags/example_local_kubernetes_executor.py
[2022-08-21 13:21:32,511] {processor.py:641} INFO - Processing file /home/airflow/.local/lib/python3.7/site-packages/airflow/example_dags/example_local_kubernetes_executor.py for tasks to queue
[2022-08-21 13:21:32,512] {logging_mixin.py:115} INFO - [2022-08-21 13:21:32,512] {dagbag.py:508} INFO - Filling up the DagBag from /home/airflow/.local/lib/python3.7/site-packages/airflow/example_dags/example_local_kubernetes_executor.py
[2022-08-21 13:21:32,528] {processor.py:651} INFO - DAG(s) dict_keys(['example_local_kubernetes_executor']) retrieved from /home/airflow/.local/lib/python3.7/site-packages/airflow/example_dags/example_local_kubernetes_executor.py
[2022-08-21 13:21:32,553] {logging_mixin.py:115} INFO - [2022-08-21 13:21:32,552] {dag.py:2420} INFO - Sync 1 DAGs
[2022-08-21 13:21:32,576] {logging_mixin.py:115} INFO - [2022-08-21 13:21:32,576] {dag.py:2972} INFO - Setting next_dagrun for example_local_kubernetes_executor to None, run_after=None
[2022-08-21 13:21:32,589] {processor.py:161} INFO - Processing /home/airflow/.local/lib/python3.7/site-packages/airflow/example_dags/example_local_kubernetes_executor.py took 0.081 seconds
[2022-08-21 13:22:02,733] {processor.py:153} INFO - Started process (PID=539) to work on /home/airflow/.local/lib/python3.7/site-packages/airflow/example_dags/example_local_kubernetes_executor.py
[2022-08-21 13:22:02,734] {processor.py:641} INFO - Processing file /home/airflow/.local/lib/python3.7/site-packages/airflow/example_dags/example_local_kubernetes_executor.py for tasks to queue
[2022-08-21 13:22:02,734] {logging_mixin.py:115} INFO - [2022-08-21 13:22:02,734] {dagbag.py:508} INFO - Filling up the DagBag from /home/airflow/.local/lib/python3.7/site-packages/airflow/example_dags/example_local_kubernetes_executor.py
[2022-08-21 13:22:02,748] {processor.py:651} INFO - DAG(s) dict_keys(['example_local_kubernetes_executor']) retrieved from /home/airflow/.local/lib/python3.7/site-packages/airflow/example_dags/example_local_kubernetes_executor.py
[2022-08-21 13:22:02,774] {logging_mixin.py:115} INFO - [2022-08-21 13:22:02,774] {dag.py:2420} INFO - Sync 1 DAGs
[2022-08-21 13:22:02,793] {logging_mixin.py:115} INFO - [2022-08-21 13:22:02,793] {dag.py:2972} INFO - Setting next_dagrun for example_local_kubernetes_executor to None, run_after=None
[2022-08-21 13:22:02,806] {processor.py:161} INFO - Processing /home/airflow/.local/lib/python3.7/site-packages/airflow/example_dags/example_local_kubernetes_executor.py took 0.076 seconds
[2022-08-21 13:22:33,058] {processor.py:153} INFO - Started process (PID=601) to work on /home/airflow/.local/lib/python3.7/site-packages/airflow/example_dags/example_local_kubernetes_executor.py
[2022-08-21 13:22:33,059] {processor.py:641} INFO - Processing file /home/airflow/.local/lib/python3.7/site-packages/airflow/example_dags/example_local_kubernetes_executor.py for tasks to queue
[2022-08-21 13:22:33,060] {logging_mixin.py:115} INFO - [2022-08-21 13:22:33,059] {dagbag.py:508} INFO - Filling up the DagBag from /home/airflow/.local/lib/python3.7/site-packages/airflow/example_dags/example_local_kubernetes_executor.py
[2022-08-21 13:22:33,079] {processor.py:651} INFO - DAG(s) dict_keys(['example_local_kubernetes_executor']) retrieved from /home/airflow/.local/lib/python3.7/site-packages/airflow/example_dags/example_local_kubernetes_executor.py
[2022-08-21 13:22:33,113] {logging_mixin.py:115} INFO - [2022-08-21 13:22:33,113] {dag.py:2420} INFO - Sync 1 DAGs
[2022-08-21 13:22:33,135] {logging_mixin.py:115} INFO - [2022-08-21 13:22:33,134] {dag.py:2972} INFO - Setting next_dagrun for example_local_kubernetes_executor to None, run_after=None
[2022-08-21 13:22:33,159] {processor.py:161} INFO - Processing /home/airflow/.local/lib/python3.7/site-packages/airflow/example_dags/example_local_kubernetes_executor.py took 0.104 seconds
[2022-08-21 13:23:04,069] {processor.py:153} INFO - Started process (PID=654) to work on /home/airflow/.local/lib/python3.7/site-packages/airflow/example_dags/example_local_kubernetes_executor.py
[2022-08-21 13:23:04,070] {processor.py:641} INFO - Processing file /home/airflow/.local/lib/python3.7/site-packages/airflow/example_dags/example_local_kubernetes_executor.py for tasks to queue
[2022-08-21 13:23:04,071] {logging_mixin.py:115} INFO - [2022-08-21 13:23:04,071] {dagbag.py:508} INFO - Filling up the DagBag from /home/airflow/.local/lib/python3.7/site-packages/airflow/example_dags/example_local_kubernetes_executor.py
[2022-08-21 13:23:04,090] {processor.py:651} INFO - DAG(s) dict_keys(['example_local_kubernetes_executor']) retrieved from /home/airflow/.local/lib/python3.7/site-packages/airflow/example_dags/example_local_kubernetes_executor.py
[2022-08-21 13:23:04,117] {logging_mixin.py:115} INFO - [2022-08-21 13:23:04,117] {dag.py:2420} INFO - Sync 1 DAGs
[2022-08-21 13:23:04,141] {logging_mixin.py:115} INFO - [2022-08-21 13:23:04,141] {dag.py:2972} INFO - Setting next_dagrun for example_local_kubernetes_executor to None, run_after=None
[2022-08-21 13:23:04,160] {processor.py:161} INFO - Processing /home/airflow/.local/lib/python3.7/site-packages/airflow/example_dags/example_local_kubernetes_executor.py took 0.094 seconds
[2022-08-21 13:23:35,317] {processor.py:153} INFO - Started process (PID=715) to work on /home/airflow/.local/lib/python3.7/site-packages/airflow/example_dags/example_local_kubernetes_executor.py
[2022-08-21 13:23:35,318] {processor.py:641} INFO - Processing file /home/airflow/.local/lib/python3.7/site-packages/airflow/example_dags/example_local_kubernetes_executor.py for tasks to queue
[2022-08-21 13:23:35,319] {logging_mixin.py:115} INFO - [2022-08-21 13:23:35,319] {dagbag.py:508} INFO - Filling up the DagBag from /home/airflow/.local/lib/python3.7/site-packages/airflow/example_dags/example_local_kubernetes_executor.py
[2022-08-21 13:23:35,337] {processor.py:651} INFO - DAG(s) dict_keys(['example_local_kubernetes_executor']) retrieved from /home/airflow/.local/lib/python3.7/site-packages/airflow/example_dags/example_local_kubernetes_executor.py
[2022-08-21 13:23:35,371] {logging_mixin.py:115} INFO - [2022-08-21 13:23:35,371] {dag.py:2420} INFO - Sync 1 DAGs
[2022-08-21 13:23:35,395] {logging_mixin.py:115} INFO - [2022-08-21 13:23:35,395] {dag.py:2972} INFO - Setting next_dagrun for example_local_kubernetes_executor to None, run_after=None
[2022-08-21 13:23:35,415] {processor.py:161} INFO - Processing /home/airflow/.local/lib/python3.7/site-packages/airflow/example_dags/example_local_kubernetes_executor.py took 0.101 seconds
[2022-08-21 13:24:06,859] {processor.py:153} INFO - Started process (PID=776) to work on /home/airflow/.local/lib/python3.7/site-packages/airflow/example_dags/example_local_kubernetes_executor.py
[2022-08-21 13:24:06,863] {processor.py:641} INFO - Processing file /home/airflow/.local/lib/python3.7/site-packages/airflow/example_dags/example_local_kubernetes_executor.py for tasks to queue
[2022-08-21 13:24:06,867] {logging_mixin.py:115} INFO - [2022-08-21 13:24:06,866] {dagbag.py:508} INFO - Filling up the DagBag from /home/airflow/.local/lib/python3.7/site-packages/airflow/example_dags/example_local_kubernetes_executor.py
[2022-08-21 13:24:06,910] {processor.py:651} INFO - DAG(s) dict_keys(['example_local_kubernetes_executor']) retrieved from /home/airflow/.local/lib/python3.7/site-packages/airflow/example_dags/example_local_kubernetes_executor.py
[2022-08-21 13:24:06,977] {logging_mixin.py:115} INFO - [2022-08-21 13:24:06,977] {dag.py:2420} INFO - Sync 1 DAGs
[2022-08-21 13:24:07,036] {logging_mixin.py:115} INFO - [2022-08-21 13:24:07,036] {dag.py:2972} INFO - Setting next_dagrun for example_local_kubernetes_executor to None, run_after=None
[2022-08-21 13:24:07,103] {processor.py:161} INFO - Processing /home/airflow/.local/lib/python3.7/site-packages/airflow/example_dags/example_local_kubernetes_executor.py took 0.248 seconds
[2022-08-21 13:24:37,865] {processor.py:153} INFO - Started process (PID=828) to work on /home/airflow/.local/lib/python3.7/site-packages/airflow/example_dags/example_local_kubernetes_executor.py
[2022-08-21 13:24:37,866] {processor.py:641} INFO - Processing file /home/airflow/.local/lib/python3.7/site-packages/airflow/example_dags/example_local_kubernetes_executor.py for tasks to queue
[2022-08-21 13:24:37,866] {logging_mixin.py:115} INFO - [2022-08-21 13:24:37,866] {dagbag.py:508} INFO - Filling up the DagBag from /home/airflow/.local/lib/python3.7/site-packages/airflow/example_dags/example_local_kubernetes_executor.py
[2022-08-21 13:24:37,885] {processor.py:651} INFO - DAG(s) dict_keys(['example_local_kubernetes_executor']) retrieved from /home/airflow/.local/lib/python3.7/site-packages/airflow/example_dags/example_local_kubernetes_executor.py
[2022-08-21 13:24:37,913] {logging_mixin.py:115} INFO - [2022-08-21 13:24:37,913] {dag.py:2420} INFO - Sync 1 DAGs
[2022-08-21 13:24:37,937] {logging_mixin.py:115} INFO - [2022-08-21 13:24:37,936] {dag.py:2972} INFO - Setting next_dagrun for example_local_kubernetes_executor to None, run_after=None
[2022-08-21 13:24:37,958] {processor.py:161} INFO - Processing /home/airflow/.local/lib/python3.7/site-packages/airflow/example_dags/example_local_kubernetes_executor.py took 0.096 seconds
[2022-08-21 13:25:08,015] {processor.py:153} INFO - Started process (PID=888) to work on /home/airflow/.local/lib/python3.7/site-packages/airflow/example_dags/example_local_kubernetes_executor.py
[2022-08-21 13:25:08,016] {processor.py:641} INFO - Processing file /home/airflow/.local/lib/python3.7/site-packages/airflow/example_dags/example_local_kubernetes_executor.py for tasks to queue
[2022-08-21 13:25:08,017] {logging_mixin.py:115} INFO - [2022-08-21 13:25:08,017] {dagbag.py:508} INFO - Filling up the DagBag from /home/airflow/.local/lib/python3.7/site-packages/airflow/example_dags/example_local_kubernetes_executor.py
[2022-08-21 13:25:08,035] {processor.py:651} INFO - DAG(s) dict_keys(['example_local_kubernetes_executor']) retrieved from /home/airflow/.local/lib/python3.7/site-packages/airflow/example_dags/example_local_kubernetes_executor.py
[2022-08-21 13:25:08,060] {logging_mixin.py:115} INFO - [2022-08-21 13:25:08,059] {dag.py:2420} INFO - Sync 1 DAGs
[2022-08-21 13:25:08,080] {logging_mixin.py:115} INFO - [2022-08-21 13:25:08,080] {dag.py:2972} INFO - Setting next_dagrun for example_local_kubernetes_executor to None, run_after=None
[2022-08-21 13:25:08,094] {processor.py:161} INFO - Processing /home/airflow/.local/lib/python3.7/site-packages/airflow/example_dags/example_local_kubernetes_executor.py took 0.082 seconds
[2022-08-21 13:25:38,328] {processor.py:153} INFO - Started process (PID=942) to work on /home/airflow/.local/lib/python3.7/site-packages/airflow/example_dags/example_local_kubernetes_executor.py
[2022-08-21 13:25:38,329] {processor.py:641} INFO - Processing file /home/airflow/.local/lib/python3.7/site-packages/airflow/example_dags/example_local_kubernetes_executor.py for tasks to queue
[2022-08-21 13:25:38,330] {logging_mixin.py:115} INFO - [2022-08-21 13:25:38,329] {dagbag.py:508} INFO - Filling up the DagBag from /home/airflow/.local/lib/python3.7/site-packages/airflow/example_dags/example_local_kubernetes_executor.py
[2022-08-21 13:25:38,347] {processor.py:651} INFO - DAG(s) dict_keys(['example_local_kubernetes_executor']) retrieved from /home/airflow/.local/lib/python3.7/site-packages/airflow/example_dags/example_local_kubernetes_executor.py
[2022-08-21 13:25:38,440] {logging_mixin.py:115} INFO - [2022-08-21 13:25:38,439] {dag.py:2420} INFO - Sync 1 DAGs
[2022-08-21 13:25:38,462] {logging_mixin.py:115} INFO - [2022-08-21 13:25:38,462] {dag.py:2972} INFO - Setting next_dagrun for example_local_kubernetes_executor to None, run_after=None
[2022-08-21 13:25:38,483] {processor.py:161} INFO - Processing /home/airflow/.local/lib/python3.7/site-packages/airflow/example_dags/example_local_kubernetes_executor.py took 0.159 seconds
[2022-08-21 13:26:08,543] {processor.py:153} INFO - Started process (PID=1002) to work on /home/airflow/.local/lib/python3.7/site-packages/airflow/example_dags/example_local_kubernetes_executor.py
[2022-08-21 13:26:08,544] {processor.py:641} INFO - Processing file /home/airflow/.local/lib/python3.7/site-packages/airflow/example_dags/example_local_kubernetes_executor.py for tasks to queue
[2022-08-21 13:26:08,545] {logging_mixin.py:115} INFO - [2022-08-21 13:26:08,545] {dagbag.py:508} INFO - Filling up the DagBag from /home/airflow/.local/lib/python3.7/site-packages/airflow/example_dags/example_local_kubernetes_executor.py
[2022-08-21 13:26:08,558] {processor.py:651} INFO - DAG(s) dict_keys(['example_local_kubernetes_executor']) retrieved from /home/airflow/.local/lib/python3.7/site-packages/airflow/example_dags/example_local_kubernetes_executor.py
[2022-08-21 13:26:08,581] {logging_mixin.py:115} INFO - [2022-08-21 13:26:08,581] {dag.py:2420} INFO - Sync 1 DAGs
[2022-08-21 13:26:08,601] {logging_mixin.py:115} INFO - [2022-08-21 13:26:08,601] {dag.py:2972} INFO - Setting next_dagrun for example_local_kubernetes_executor to None, run_after=None
[2022-08-21 13:26:08,620] {processor.py:161} INFO - Processing /home/airflow/.local/lib/python3.7/site-packages/airflow/example_dags/example_local_kubernetes_executor.py took 0.080 seconds
[2022-08-21 13:26:38,766] {processor.py:153} INFO - Started process (PID=1064) to work on /home/airflow/.local/lib/python3.7/site-packages/airflow/example_dags/example_local_kubernetes_executor.py
[2022-08-21 13:26:38,767] {processor.py:641} INFO - Processing file /home/airflow/.local/lib/python3.7/site-packages/airflow/example_dags/example_local_kubernetes_executor.py for tasks to queue
[2022-08-21 13:26:38,768] {logging_mixin.py:115} INFO - [2022-08-21 13:26:38,768] {dagbag.py:508} INFO - Filling up the DagBag from /home/airflow/.local/lib/python3.7/site-packages/airflow/example_dags/example_local_kubernetes_executor.py
[2022-08-21 13:26:38,782] {processor.py:651} INFO - DAG(s) dict_keys(['example_local_kubernetes_executor']) retrieved from /home/airflow/.local/lib/python3.7/site-packages/airflow/example_dags/example_local_kubernetes_executor.py
[2022-08-21 13:26:38,803] {logging_mixin.py:115} INFO - [2022-08-21 13:26:38,803] {dag.py:2420} INFO - Sync 1 DAGs
[2022-08-21 13:26:38,830] {logging_mixin.py:115} INFO - [2022-08-21 13:26:38,830] {dag.py:2972} INFO - Setting next_dagrun for example_local_kubernetes_executor to None, run_after=None
[2022-08-21 13:26:38,849] {processor.py:161} INFO - Processing /home/airflow/.local/lib/python3.7/site-packages/airflow/example_dags/example_local_kubernetes_executor.py took 0.086 seconds
[2022-08-21 13:27:08,962] {processor.py:153} INFO - Started process (PID=1116) to work on /home/airflow/.local/lib/python3.7/site-packages/airflow/example_dags/example_local_kubernetes_executor.py
[2022-08-21 13:27:08,963] {processor.py:641} INFO - Processing file /home/airflow/.local/lib/python3.7/site-packages/airflow/example_dags/example_local_kubernetes_executor.py for tasks to queue
[2022-08-21 13:27:08,964] {logging_mixin.py:115} INFO - [2022-08-21 13:27:08,964] {dagbag.py:508} INFO - Filling up the DagBag from /home/airflow/.local/lib/python3.7/site-packages/airflow/example_dags/example_local_kubernetes_executor.py
[2022-08-21 13:27:08,978] {processor.py:651} INFO - DAG(s) dict_keys(['example_local_kubernetes_executor']) retrieved from /home/airflow/.local/lib/python3.7/site-packages/airflow/example_dags/example_local_kubernetes_executor.py
[2022-08-21 13:27:09,000] {logging_mixin.py:115} INFO - [2022-08-21 13:27:08,999] {dag.py:2420} INFO - Sync 1 DAGs
[2022-08-21 13:27:09,018] {logging_mixin.py:115} INFO - [2022-08-21 13:27:09,018] {dag.py:2972} INFO - Setting next_dagrun for example_local_kubernetes_executor to None, run_after=None
[2022-08-21 13:27:09,035] {processor.py:161} INFO - Processing /home/airflow/.local/lib/python3.7/site-packages/airflow/example_dags/example_local_kubernetes_executor.py took 0.075 seconds
[2022-08-21 13:27:39,232] {processor.py:153} INFO - Started process (PID=1178) to work on /home/airflow/.local/lib/python3.7/site-packages/airflow/example_dags/example_local_kubernetes_executor.py
[2022-08-21 13:27:39,233] {processor.py:641} INFO - Processing file /home/airflow/.local/lib/python3.7/site-packages/airflow/example_dags/example_local_kubernetes_executor.py for tasks to queue
[2022-08-21 13:27:39,234] {logging_mixin.py:115} INFO - [2022-08-21 13:27:39,234] {dagbag.py:508} INFO - Filling up the DagBag from /home/airflow/.local/lib/python3.7/site-packages/airflow/example_dags/example_local_kubernetes_executor.py
[2022-08-21 13:27:39,252] {processor.py:651} INFO - DAG(s) dict_keys(['example_local_kubernetes_executor']) retrieved from /home/airflow/.local/lib/python3.7/site-packages/airflow/example_dags/example_local_kubernetes_executor.py
[2022-08-21 13:27:39,284] {logging_mixin.py:115} INFO - [2022-08-21 13:27:39,284] {dag.py:2420} INFO - Sync 1 DAGs
[2022-08-21 13:27:39,312] {logging_mixin.py:115} INFO - [2022-08-21 13:27:39,312] {dag.py:2972} INFO - Setting next_dagrun for example_local_kubernetes_executor to None, run_after=None
[2022-08-21 13:27:39,333] {processor.py:161} INFO - Processing /home/airflow/.local/lib/python3.7/site-packages/airflow/example_dags/example_local_kubernetes_executor.py took 0.105 seconds
[2022-08-21 13:28:10,144] {processor.py:153} INFO - Started process (PID=1239) to work on /home/airflow/.local/lib/python3.7/site-packages/airflow/example_dags/example_local_kubernetes_executor.py
[2022-08-21 13:28:10,144] {processor.py:641} INFO - Processing file /home/airflow/.local/lib/python3.7/site-packages/airflow/example_dags/example_local_kubernetes_executor.py for tasks to queue
[2022-08-21 13:28:10,145] {logging_mixin.py:115} INFO - [2022-08-21 13:28:10,145] {dagbag.py:508} INFO - Filling up the DagBag from /home/airflow/.local/lib/python3.7/site-packages/airflow/example_dags/example_local_kubernetes_executor.py
[2022-08-21 13:28:10,162] {processor.py:651} INFO - DAG(s) dict_keys(['example_local_kubernetes_executor']) retrieved from /home/airflow/.local/lib/python3.7/site-packages/airflow/example_dags/example_local_kubernetes_executor.py
[2022-08-21 13:28:10,186] {logging_mixin.py:115} INFO - [2022-08-21 13:28:10,186] {dag.py:2420} INFO - Sync 1 DAGs
[2022-08-21 13:28:10,206] {logging_mixin.py:115} INFO - [2022-08-21 13:28:10,206] {dag.py:2972} INFO - Setting next_dagrun for example_local_kubernetes_executor to None, run_after=None
[2022-08-21 13:28:10,219] {processor.py:161} INFO - Processing /home/airflow/.local/lib/python3.7/site-packages/airflow/example_dags/example_local_kubernetes_executor.py took 0.078 seconds
[2022-08-21 13:28:40,974] {processor.py:153} INFO - Started process (PID=1292) to work on /home/airflow/.local/lib/python3.7/site-packages/airflow/example_dags/example_local_kubernetes_executor.py
[2022-08-21 13:28:40,975] {processor.py:641} INFO - Processing file /home/airflow/.local/lib/python3.7/site-packages/airflow/example_dags/example_local_kubernetes_executor.py for tasks to queue
[2022-08-21 13:28:40,976] {logging_mixin.py:115} INFO - [2022-08-21 13:28:40,976] {dagbag.py:508} INFO - Filling up the DagBag from /home/airflow/.local/lib/python3.7/site-packages/airflow/example_dags/example_local_kubernetes_executor.py
[2022-08-21 13:28:40,989] {processor.py:651} INFO - DAG(s) dict_keys(['example_local_kubernetes_executor']) retrieved from /home/airflow/.local/lib/python3.7/site-packages/airflow/example_dags/example_local_kubernetes_executor.py
[2022-08-21 13:28:41,016] {logging_mixin.py:115} INFO - [2022-08-21 13:28:41,016] {dag.py:2420} INFO - Sync 1 DAGs
[2022-08-21 13:28:41,037] {logging_mixin.py:115} INFO - [2022-08-21 13:28:41,037] {dag.py:2972} INFO - Setting next_dagrun for example_local_kubernetes_executor to None, run_after=None
[2022-08-21 13:28:41,057] {processor.py:161} INFO - Processing /home/airflow/.local/lib/python3.7/site-packages/airflow/example_dags/example_local_kubernetes_executor.py took 0.085 seconds
[2022-08-21 13:29:11,885] {processor.py:153} INFO - Started process (PID=1353) to work on /home/airflow/.local/lib/python3.7/site-packages/airflow/example_dags/example_local_kubernetes_executor.py
[2022-08-21 13:29:11,886] {processor.py:641} INFO - Processing file /home/airflow/.local/lib/python3.7/site-packages/airflow/example_dags/example_local_kubernetes_executor.py for tasks to queue
[2022-08-21 13:29:11,887] {logging_mixin.py:115} INFO - [2022-08-21 13:29:11,887] {dagbag.py:508} INFO - Filling up the DagBag from /home/airflow/.local/lib/python3.7/site-packages/airflow/example_dags/example_local_kubernetes_executor.py
[2022-08-21 13:29:11,900] {processor.py:651} INFO - DAG(s) dict_keys(['example_local_kubernetes_executor']) retrieved from /home/airflow/.local/lib/python3.7/site-packages/airflow/example_dags/example_local_kubernetes_executor.py
[2022-08-21 13:29:11,922] {logging_mixin.py:115} INFO - [2022-08-21 13:29:11,922] {dag.py:2420} INFO - Sync 1 DAGs
[2022-08-21 13:29:11,942] {logging_mixin.py:115} INFO - [2022-08-21 13:29:11,942] {dag.py:2972} INFO - Setting next_dagrun for example_local_kubernetes_executor to None, run_after=None
[2022-08-21 13:29:11,960] {processor.py:161} INFO - Processing /home/airflow/.local/lib/python3.7/site-packages/airflow/example_dags/example_local_kubernetes_executor.py took 0.077 seconds
[2022-08-21 13:29:42,791] {processor.py:153} INFO - Started process (PID=1414) to work on /home/airflow/.local/lib/python3.7/site-packages/airflow/example_dags/example_local_kubernetes_executor.py
[2022-08-21 13:29:42,792] {processor.py:641} INFO - Processing file /home/airflow/.local/lib/python3.7/site-packages/airflow/example_dags/example_local_kubernetes_executor.py for tasks to queue
[2022-08-21 13:29:42,793] {logging_mixin.py:115} INFO - [2022-08-21 13:29:42,793] {dagbag.py:508} INFO - Filling up the DagBag from /home/airflow/.local/lib/python3.7/site-packages/airflow/example_dags/example_local_kubernetes_executor.py
[2022-08-21 13:29:42,814] {processor.py:651} INFO - DAG(s) dict_keys(['example_local_kubernetes_executor']) retrieved from /home/airflow/.local/lib/python3.7/site-packages/airflow/example_dags/example_local_kubernetes_executor.py
[2022-08-21 13:29:42,837] {logging_mixin.py:115} INFO - [2022-08-21 13:29:42,837] {dag.py:2420} INFO - Sync 1 DAGs
[2022-08-21 13:29:42,855] {logging_mixin.py:115} INFO - [2022-08-21 13:29:42,855] {dag.py:2972} INFO - Setting next_dagrun for example_local_kubernetes_executor to None, run_after=None
[2022-08-21 13:29:42,870] {processor.py:161} INFO - Processing /home/airflow/.local/lib/python3.7/site-packages/airflow/example_dags/example_local_kubernetes_executor.py took 0.082 seconds
[2022-08-21 13:30:13,674] {processor.py:153} INFO - Started process (PID=1476) to work on /home/airflow/.local/lib/python3.7/site-packages/airflow/example_dags/example_local_kubernetes_executor.py
[2022-08-21 13:30:13,676] {processor.py:641} INFO - Processing file /home/airflow/.local/lib/python3.7/site-packages/airflow/example_dags/example_local_kubernetes_executor.py for tasks to queue
[2022-08-21 13:30:13,677] {logging_mixin.py:115} INFO - [2022-08-21 13:30:13,676] {dagbag.py:508} INFO - Filling up the DagBag from /home/airflow/.local/lib/python3.7/site-packages/airflow/example_dags/example_local_kubernetes_executor.py
[2022-08-21 13:30:13,692] {processor.py:651} INFO - DAG(s) dict_keys(['example_local_kubernetes_executor']) retrieved from /home/airflow/.local/lib/python3.7/site-packages/airflow/example_dags/example_local_kubernetes_executor.py
[2022-08-21 13:30:13,720] {logging_mixin.py:115} INFO - [2022-08-21 13:30:13,720] {dag.py:2420} INFO - Sync 1 DAGs
[2022-08-21 13:30:13,750] {logging_mixin.py:115} INFO - [2022-08-21 13:30:13,750] {dag.py:2972} INFO - Setting next_dagrun for example_local_kubernetes_executor to None, run_after=None
[2022-08-21 13:30:13,775] {processor.py:161} INFO - Processing /home/airflow/.local/lib/python3.7/site-packages/airflow/example_dags/example_local_kubernetes_executor.py took 0.104 seconds
[2022-08-21 13:30:43,915] {processor.py:153} INFO - Started process (PID=1528) to work on /home/airflow/.local/lib/python3.7/site-packages/airflow/example_dags/example_local_kubernetes_executor.py
[2022-08-21 13:30:43,916] {processor.py:641} INFO - Processing file /home/airflow/.local/lib/python3.7/site-packages/airflow/example_dags/example_local_kubernetes_executor.py for tasks to queue
[2022-08-21 13:30:43,917] {logging_mixin.py:115} INFO - [2022-08-21 13:30:43,917] {dagbag.py:508} INFO - Filling up the DagBag from /home/airflow/.local/lib/python3.7/site-packages/airflow/example_dags/example_local_kubernetes_executor.py
[2022-08-21 13:30:43,935] {processor.py:651} INFO - DAG(s) dict_keys(['example_local_kubernetes_executor']) retrieved from /home/airflow/.local/lib/python3.7/site-packages/airflow/example_dags/example_local_kubernetes_executor.py
[2022-08-21 13:30:43,957] {logging_mixin.py:115} INFO - [2022-08-21 13:30:43,957] {dag.py:2420} INFO - Sync 1 DAGs
[2022-08-21 13:30:43,976] {logging_mixin.py:115} INFO - [2022-08-21 13:30:43,976] {dag.py:2972} INFO - Setting next_dagrun for example_local_kubernetes_executor to None, run_after=None
[2022-08-21 13:30:43,992] {processor.py:161} INFO - Processing /home/airflow/.local/lib/python3.7/site-packages/airflow/example_dags/example_local_kubernetes_executor.py took 0.081 seconds
[2022-08-21 13:31:14,363] {processor.py:153} INFO - Started process (PID=1589) to work on /home/airflow/.local/lib/python3.7/site-packages/airflow/example_dags/example_local_kubernetes_executor.py
[2022-08-21 13:31:14,364] {processor.py:641} INFO - Processing file /home/airflow/.local/lib/python3.7/site-packages/airflow/example_dags/example_local_kubernetes_executor.py for tasks to queue
[2022-08-21 13:31:14,365] {logging_mixin.py:115} INFO - [2022-08-21 13:31:14,365] {dagbag.py:508} INFO - Filling up the DagBag from /home/airflow/.local/lib/python3.7/site-packages/airflow/example_dags/example_local_kubernetes_executor.py
[2022-08-21 13:31:14,380] {processor.py:651} INFO - DAG(s) dict_keys(['example_local_kubernetes_executor']) retrieved from /home/airflow/.local/lib/python3.7/site-packages/airflow/example_dags/example_local_kubernetes_executor.py
[2022-08-21 13:31:14,406] {logging_mixin.py:115} INFO - [2022-08-21 13:31:14,406] {dag.py:2420} INFO - Sync 1 DAGs
[2022-08-21 13:31:14,426] {logging_mixin.py:115} INFO - [2022-08-21 13:31:14,426] {dag.py:2972} INFO - Setting next_dagrun for example_local_kubernetes_executor to None, run_after=None
[2022-08-21 13:31:14,445] {processor.py:161} INFO - Processing /home/airflow/.local/lib/python3.7/site-packages/airflow/example_dags/example_local_kubernetes_executor.py took 0.085 seconds
[2022-08-21 13:31:45,264] {processor.py:153} INFO - Started process (PID=1648) to work on /home/airflow/.local/lib/python3.7/site-packages/airflow/example_dags/example_local_kubernetes_executor.py
[2022-08-21 13:31:45,265] {processor.py:641} INFO - Processing file /home/airflow/.local/lib/python3.7/site-packages/airflow/example_dags/example_local_kubernetes_executor.py for tasks to queue
[2022-08-21 13:31:45,266] {logging_mixin.py:115} INFO - [2022-08-21 13:31:45,266] {dagbag.py:508} INFO - Filling up the DagBag from /home/airflow/.local/lib/python3.7/site-packages/airflow/example_dags/example_local_kubernetes_executor.py
[2022-08-21 13:31:45,285] {processor.py:651} INFO - DAG(s) dict_keys(['example_local_kubernetes_executor']) retrieved from /home/airflow/.local/lib/python3.7/site-packages/airflow/example_dags/example_local_kubernetes_executor.py
[2022-08-21 13:31:45,319] {logging_mixin.py:115} INFO - [2022-08-21 13:31:45,318] {dag.py:2420} INFO - Sync 1 DAGs
[2022-08-21 13:31:45,347] {logging_mixin.py:115} INFO - [2022-08-21 13:31:45,347] {dag.py:2972} INFO - Setting next_dagrun for example_local_kubernetes_executor to None, run_after=None
[2022-08-21 13:31:45,371] {processor.py:161} INFO - Processing /home/airflow/.local/lib/python3.7/site-packages/airflow/example_dags/example_local_kubernetes_executor.py took 0.111 seconds
[2022-08-21 13:32:16,219] {processor.py:153} INFO - Started process (PID=1703) to work on /home/airflow/.local/lib/python3.7/site-packages/airflow/example_dags/example_local_kubernetes_executor.py
[2022-08-21 13:32:16,220] {processor.py:641} INFO - Processing file /home/airflow/.local/lib/python3.7/site-packages/airflow/example_dags/example_local_kubernetes_executor.py for tasks to queue
[2022-08-21 13:32:16,221] {logging_mixin.py:115} INFO - [2022-08-21 13:32:16,220] {dagbag.py:508} INFO - Filling up the DagBag from /home/airflow/.local/lib/python3.7/site-packages/airflow/example_dags/example_local_kubernetes_executor.py
[2022-08-21 13:32:16,236] {processor.py:651} INFO - DAG(s) dict_keys(['example_local_kubernetes_executor']) retrieved from /home/airflow/.local/lib/python3.7/site-packages/airflow/example_dags/example_local_kubernetes_executor.py
[2022-08-21 13:32:16,260] {logging_mixin.py:115} INFO - [2022-08-21 13:32:16,260] {dag.py:2420} INFO - Sync 1 DAGs
[2022-08-21 13:32:16,279] {logging_mixin.py:115} INFO - [2022-08-21 13:32:16,279] {dag.py:2972} INFO - Setting next_dagrun for example_local_kubernetes_executor to None, run_after=None
[2022-08-21 13:32:16,293] {processor.py:161} INFO - Processing /home/airflow/.local/lib/python3.7/site-packages/airflow/example_dags/example_local_kubernetes_executor.py took 0.076 seconds
[2022-08-21 13:32:47,049] {processor.py:153} INFO - Started process (PID=1764) to work on /home/airflow/.local/lib/python3.7/site-packages/airflow/example_dags/example_local_kubernetes_executor.py
[2022-08-21 13:32:47,050] {processor.py:641} INFO - Processing file /home/airflow/.local/lib/python3.7/site-packages/airflow/example_dags/example_local_kubernetes_executor.py for tasks to queue
[2022-08-21 13:32:47,051] {logging_mixin.py:115} INFO - [2022-08-21 13:32:47,051] {dagbag.py:508} INFO - Filling up the DagBag from /home/airflow/.local/lib/python3.7/site-packages/airflow/example_dags/example_local_kubernetes_executor.py
[2022-08-21 13:32:47,070] {processor.py:651} INFO - DAG(s) dict_keys(['example_local_kubernetes_executor']) retrieved from /home/airflow/.local/lib/python3.7/site-packages/airflow/example_dags/example_local_kubernetes_executor.py
[2022-08-21 13:32:47,102] {logging_mixin.py:115} INFO - [2022-08-21 13:32:47,102] {dag.py:2420} INFO - Sync 1 DAGs
[2022-08-21 13:32:47,132] {logging_mixin.py:115} INFO - [2022-08-21 13:32:47,132] {dag.py:2972} INFO - Setting next_dagrun for example_local_kubernetes_executor to None, run_after=None
[2022-08-21 13:32:47,157] {processor.py:161} INFO - Processing /home/airflow/.local/lib/python3.7/site-packages/airflow/example_dags/example_local_kubernetes_executor.py took 0.111 seconds
[2022-08-21 13:33:17,968] {processor.py:153} INFO - Started process (PID=1826) to work on /home/airflow/.local/lib/python3.7/site-packages/airflow/example_dags/example_local_kubernetes_executor.py
[2022-08-21 13:33:17,969] {processor.py:641} INFO - Processing file /home/airflow/.local/lib/python3.7/site-packages/airflow/example_dags/example_local_kubernetes_executor.py for tasks to queue
[2022-08-21 13:33:17,970] {logging_mixin.py:115} INFO - [2022-08-21 13:33:17,970] {dagbag.py:508} INFO - Filling up the DagBag from /home/airflow/.local/lib/python3.7/site-packages/airflow/example_dags/example_local_kubernetes_executor.py
[2022-08-21 13:33:17,998] {processor.py:651} INFO - DAG(s) dict_keys(['example_local_kubernetes_executor']) retrieved from /home/airflow/.local/lib/python3.7/site-packages/airflow/example_dags/example_local_kubernetes_executor.py
[2022-08-21 13:33:18,036] {logging_mixin.py:115} INFO - [2022-08-21 13:33:18,036] {dag.py:2420} INFO - Sync 1 DAGs
[2022-08-21 13:33:18,077] {logging_mixin.py:115} INFO - [2022-08-21 13:33:18,077] {dag.py:2972} INFO - Setting next_dagrun for example_local_kubernetes_executor to None, run_after=None
[2022-08-21 13:33:18,096] {processor.py:161} INFO - Processing /home/airflow/.local/lib/python3.7/site-packages/airflow/example_dags/example_local_kubernetes_executor.py took 0.132 seconds
[2022-08-21 13:33:48,878] {processor.py:153} INFO - Started process (PID=1878) to work on /home/airflow/.local/lib/python3.7/site-packages/airflow/example_dags/example_local_kubernetes_executor.py
[2022-08-21 13:33:48,879] {processor.py:641} INFO - Processing file /home/airflow/.local/lib/python3.7/site-packages/airflow/example_dags/example_local_kubernetes_executor.py for tasks to queue
[2022-08-21 13:33:48,879] {logging_mixin.py:115} INFO - [2022-08-21 13:33:48,879] {dagbag.py:508} INFO - Filling up the DagBag from /home/airflow/.local/lib/python3.7/site-packages/airflow/example_dags/example_local_kubernetes_executor.py
[2022-08-21 13:33:48,896] {processor.py:651} INFO - DAG(s) dict_keys(['example_local_kubernetes_executor']) retrieved from /home/airflow/.local/lib/python3.7/site-packages/airflow/example_dags/example_local_kubernetes_executor.py
[2022-08-21 13:33:48,924] {logging_mixin.py:115} INFO - [2022-08-21 13:33:48,924] {dag.py:2420} INFO - Sync 1 DAGs
[2022-08-21 13:33:48,952] {logging_mixin.py:115} INFO - [2022-08-21 13:33:48,952] {dag.py:2972} INFO - Setting next_dagrun for example_local_kubernetes_executor to None, run_after=None
[2022-08-21 13:33:48,971] {processor.py:161} INFO - Processing /home/airflow/.local/lib/python3.7/site-packages/airflow/example_dags/example_local_kubernetes_executor.py took 0.096 seconds
[2022-08-21 13:34:19,184] {processor.py:153} INFO - Started process (PID=1939) to work on /home/airflow/.local/lib/python3.7/site-packages/airflow/example_dags/example_local_kubernetes_executor.py
[2022-08-21 13:34:19,185] {processor.py:641} INFO - Processing file /home/airflow/.local/lib/python3.7/site-packages/airflow/example_dags/example_local_kubernetes_executor.py for tasks to queue
[2022-08-21 13:34:19,185] {logging_mixin.py:115} INFO - [2022-08-21 13:34:19,185] {dagbag.py:508} INFO - Filling up the DagBag from /home/airflow/.local/lib/python3.7/site-packages/airflow/example_dags/example_local_kubernetes_executor.py
[2022-08-21 13:34:19,199] {processor.py:651} INFO - DAG(s) dict_keys(['example_local_kubernetes_executor']) retrieved from /home/airflow/.local/lib/python3.7/site-packages/airflow/example_dags/example_local_kubernetes_executor.py
[2022-08-21 13:34:19,222] {logging_mixin.py:115} INFO - [2022-08-21 13:34:19,222] {dag.py:2420} INFO - Sync 1 DAGs
[2022-08-21 13:34:19,242] {logging_mixin.py:115} INFO - [2022-08-21 13:34:19,242] {dag.py:2972} INFO - Setting next_dagrun for example_local_kubernetes_executor to None, run_after=None
[2022-08-21 13:34:19,261] {processor.py:161} INFO - Processing /home/airflow/.local/lib/python3.7/site-packages/airflow/example_dags/example_local_kubernetes_executor.py took 0.080 seconds
[2022-08-21 13:34:49,386] {processor.py:153} INFO - Started process (PID=2000) to work on /home/airflow/.local/lib/python3.7/site-packages/airflow/example_dags/example_local_kubernetes_executor.py
[2022-08-21 13:34:49,387] {processor.py:641} INFO - Processing file /home/airflow/.local/lib/python3.7/site-packages/airflow/example_dags/example_local_kubernetes_executor.py for tasks to queue
[2022-08-21 13:34:49,388] {logging_mixin.py:115} INFO - [2022-08-21 13:34:49,387] {dagbag.py:508} INFO - Filling up the DagBag from /home/airflow/.local/lib/python3.7/site-packages/airflow/example_dags/example_local_kubernetes_executor.py
[2022-08-21 13:34:49,403] {processor.py:651} INFO - DAG(s) dict_keys(['example_local_kubernetes_executor']) retrieved from /home/airflow/.local/lib/python3.7/site-packages/airflow/example_dags/example_local_kubernetes_executor.py
[2022-08-21 13:34:49,429] {logging_mixin.py:115} INFO - [2022-08-21 13:34:49,429] {dag.py:2420} INFO - Sync 1 DAGs
[2022-08-21 13:34:49,450] {logging_mixin.py:115} INFO - [2022-08-21 13:34:49,450] {dag.py:2972} INFO - Setting next_dagrun for example_local_kubernetes_executor to None, run_after=None
[2022-08-21 13:34:49,465] {processor.py:161} INFO - Processing /home/airflow/.local/lib/python3.7/site-packages/airflow/example_dags/example_local_kubernetes_executor.py took 0.083 seconds
[2022-08-21 13:35:20,279] {processor.py:153} INFO - Started process (PID=2052) to work on /home/airflow/.local/lib/python3.7/site-packages/airflow/example_dags/example_local_kubernetes_executor.py
[2022-08-21 13:35:20,281] {processor.py:641} INFO - Processing file /home/airflow/.local/lib/python3.7/site-packages/airflow/example_dags/example_local_kubernetes_executor.py for tasks to queue
[2022-08-21 13:35:20,282] {logging_mixin.py:115} INFO - [2022-08-21 13:35:20,281] {dagbag.py:508} INFO - Filling up the DagBag from /home/airflow/.local/lib/python3.7/site-packages/airflow/example_dags/example_local_kubernetes_executor.py
[2022-08-21 13:35:20,295] {processor.py:651} INFO - DAG(s) dict_keys(['example_local_kubernetes_executor']) retrieved from /home/airflow/.local/lib/python3.7/site-packages/airflow/example_dags/example_local_kubernetes_executor.py
[2022-08-21 13:35:20,318] {logging_mixin.py:115} INFO - [2022-08-21 13:35:20,318] {dag.py:2420} INFO - Sync 1 DAGs
[2022-08-21 13:35:20,338] {logging_mixin.py:115} INFO - [2022-08-21 13:35:20,338] {dag.py:2972} INFO - Setting next_dagrun for example_local_kubernetes_executor to None, run_after=None
[2022-08-21 13:35:20,356] {processor.py:161} INFO - Processing /home/airflow/.local/lib/python3.7/site-packages/airflow/example_dags/example_local_kubernetes_executor.py took 0.080 seconds
[2022-08-21 13:35:51,171] {processor.py:153} INFO - Started process (PID=2113) to work on /home/airflow/.local/lib/python3.7/site-packages/airflow/example_dags/example_local_kubernetes_executor.py
[2022-08-21 13:35:51,172] {processor.py:641} INFO - Processing file /home/airflow/.local/lib/python3.7/site-packages/airflow/example_dags/example_local_kubernetes_executor.py for tasks to queue
[2022-08-21 13:35:51,173] {logging_mixin.py:115} INFO - [2022-08-21 13:35:51,173] {dagbag.py:508} INFO - Filling up the DagBag from /home/airflow/.local/lib/python3.7/site-packages/airflow/example_dags/example_local_kubernetes_executor.py
[2022-08-21 13:35:51,187] {processor.py:651} INFO - DAG(s) dict_keys(['example_local_kubernetes_executor']) retrieved from /home/airflow/.local/lib/python3.7/site-packages/airflow/example_dags/example_local_kubernetes_executor.py
[2022-08-21 13:35:51,212] {logging_mixin.py:115} INFO - [2022-08-21 13:35:51,211] {dag.py:2420} INFO - Sync 1 DAGs
[2022-08-21 13:35:51,232] {logging_mixin.py:115} INFO - [2022-08-21 13:35:51,232] {dag.py:2972} INFO - Setting next_dagrun for example_local_kubernetes_executor to None, run_after=None
[2022-08-21 13:35:51,248] {processor.py:161} INFO - Processing /home/airflow/.local/lib/python3.7/site-packages/airflow/example_dags/example_local_kubernetes_executor.py took 0.079 seconds
[2022-08-21 13:36:22,092] {processor.py:153} INFO - Started process (PID=2175) to work on /home/airflow/.local/lib/python3.7/site-packages/airflow/example_dags/example_local_kubernetes_executor.py
[2022-08-21 13:36:22,093] {processor.py:641} INFO - Processing file /home/airflow/.local/lib/python3.7/site-packages/airflow/example_dags/example_local_kubernetes_executor.py for tasks to queue
[2022-08-21 13:36:22,093] {logging_mixin.py:115} INFO - [2022-08-21 13:36:22,093] {dagbag.py:508} INFO - Filling up the DagBag from /home/airflow/.local/lib/python3.7/site-packages/airflow/example_dags/example_local_kubernetes_executor.py
[2022-08-21 13:36:22,106] {processor.py:651} INFO - DAG(s) dict_keys(['example_local_kubernetes_executor']) retrieved from /home/airflow/.local/lib/python3.7/site-packages/airflow/example_dags/example_local_kubernetes_executor.py
[2022-08-21 13:36:22,130] {logging_mixin.py:115} INFO - [2022-08-21 13:36:22,130] {dag.py:2420} INFO - Sync 1 DAGs
[2022-08-21 13:36:22,155] {logging_mixin.py:115} INFO - [2022-08-21 13:36:22,155] {dag.py:2972} INFO - Setting next_dagrun for example_local_kubernetes_executor to None, run_after=None
[2022-08-21 13:36:22,172] {processor.py:161} INFO - Processing /home/airflow/.local/lib/python3.7/site-packages/airflow/example_dags/example_local_kubernetes_executor.py took 0.083 seconds
[2022-08-21 13:36:52,912] {processor.py:153} INFO - Started process (PID=2227) to work on /home/airflow/.local/lib/python3.7/site-packages/airflow/example_dags/example_local_kubernetes_executor.py
[2022-08-21 13:36:52,912] {processor.py:641} INFO - Processing file /home/airflow/.local/lib/python3.7/site-packages/airflow/example_dags/example_local_kubernetes_executor.py for tasks to queue
[2022-08-21 13:36:52,913] {logging_mixin.py:115} INFO - [2022-08-21 13:36:52,913] {dagbag.py:508} INFO - Filling up the DagBag from /home/airflow/.local/lib/python3.7/site-packages/airflow/example_dags/example_local_kubernetes_executor.py
[2022-08-21 13:36:52,931] {processor.py:651} INFO - DAG(s) dict_keys(['example_local_kubernetes_executor']) retrieved from /home/airflow/.local/lib/python3.7/site-packages/airflow/example_dags/example_local_kubernetes_executor.py
[2022-08-21 13:36:52,955] {logging_mixin.py:115} INFO - [2022-08-21 13:36:52,955] {dag.py:2420} INFO - Sync 1 DAGs
[2022-08-21 13:36:52,976] {logging_mixin.py:115} INFO - [2022-08-21 13:36:52,976] {dag.py:2972} INFO - Setting next_dagrun for example_local_kubernetes_executor to None, run_after=None
[2022-08-21 13:36:52,996] {processor.py:161} INFO - Processing /home/airflow/.local/lib/python3.7/site-packages/airflow/example_dags/example_local_kubernetes_executor.py took 0.087 seconds
[2022-08-21 13:37:23,666] {processor.py:153} INFO - Started process (PID=2289) to work on /home/airflow/.local/lib/python3.7/site-packages/airflow/example_dags/example_local_kubernetes_executor.py
[2022-08-21 13:37:23,667] {processor.py:641} INFO - Processing file /home/airflow/.local/lib/python3.7/site-packages/airflow/example_dags/example_local_kubernetes_executor.py for tasks to queue
[2022-08-21 13:37:23,668] {logging_mixin.py:115} INFO - [2022-08-21 13:37:23,668] {dagbag.py:508} INFO - Filling up the DagBag from /home/airflow/.local/lib/python3.7/site-packages/airflow/example_dags/example_local_kubernetes_executor.py
[2022-08-21 13:37:23,683] {processor.py:651} INFO - DAG(s) dict_keys(['example_local_kubernetes_executor']) retrieved from /home/airflow/.local/lib/python3.7/site-packages/airflow/example_dags/example_local_kubernetes_executor.py
[2022-08-21 13:37:23,706] {logging_mixin.py:115} INFO - [2022-08-21 13:37:23,705] {dag.py:2420} INFO - Sync 1 DAGs
[2022-08-21 13:37:23,725] {logging_mixin.py:115} INFO - [2022-08-21 13:37:23,725] {dag.py:2972} INFO - Setting next_dagrun for example_local_kubernetes_executor to None, run_after=None
[2022-08-21 13:37:23,743] {processor.py:161} INFO - Processing /home/airflow/.local/lib/python3.7/site-packages/airflow/example_dags/example_local_kubernetes_executor.py took 0.080 seconds
[2022-08-21 13:37:54,548] {processor.py:153} INFO - Started process (PID=2350) to work on /home/airflow/.local/lib/python3.7/site-packages/airflow/example_dags/example_local_kubernetes_executor.py
[2022-08-21 13:37:54,549] {processor.py:641} INFO - Processing file /home/airflow/.local/lib/python3.7/site-packages/airflow/example_dags/example_local_kubernetes_executor.py for tasks to queue
[2022-08-21 13:37:54,550] {logging_mixin.py:115} INFO - [2022-08-21 13:37:54,549] {dagbag.py:508} INFO - Filling up the DagBag from /home/airflow/.local/lib/python3.7/site-packages/airflow/example_dags/example_local_kubernetes_executor.py
[2022-08-21 13:37:54,564] {processor.py:651} INFO - DAG(s) dict_keys(['example_local_kubernetes_executor']) retrieved from /home/airflow/.local/lib/python3.7/site-packages/airflow/example_dags/example_local_kubernetes_executor.py
[2022-08-21 13:37:54,590] {logging_mixin.py:115} INFO - [2022-08-21 13:37:54,590] {dag.py:2420} INFO - Sync 1 DAGs
[2022-08-21 13:37:54,610] {logging_mixin.py:115} INFO - [2022-08-21 13:37:54,610] {dag.py:2972} INFO - Setting next_dagrun for example_local_kubernetes_executor to None, run_after=None
[2022-08-21 13:37:54,625] {processor.py:161} INFO - Processing /home/airflow/.local/lib/python3.7/site-packages/airflow/example_dags/example_local_kubernetes_executor.py took 0.080 seconds
[2022-08-21 13:38:25,485] {processor.py:153} INFO - Started process (PID=2411) to work on /home/airflow/.local/lib/python3.7/site-packages/airflow/example_dags/example_local_kubernetes_executor.py
[2022-08-21 13:38:25,487] {processor.py:641} INFO - Processing file /home/airflow/.local/lib/python3.7/site-packages/airflow/example_dags/example_local_kubernetes_executor.py for tasks to queue
[2022-08-21 13:38:25,487] {logging_mixin.py:115} INFO - [2022-08-21 13:38:25,487] {dagbag.py:508} INFO - Filling up the DagBag from /home/airflow/.local/lib/python3.7/site-packages/airflow/example_dags/example_local_kubernetes_executor.py
[2022-08-21 13:38:25,505] {processor.py:651} INFO - DAG(s) dict_keys(['example_local_kubernetes_executor']) retrieved from /home/airflow/.local/lib/python3.7/site-packages/airflow/example_dags/example_local_kubernetes_executor.py
[2022-08-21 13:38:25,533] {logging_mixin.py:115} INFO - [2022-08-21 13:38:25,533] {dag.py:2420} INFO - Sync 1 DAGs
[2022-08-21 13:38:25,555] {logging_mixin.py:115} INFO - [2022-08-21 13:38:25,555] {dag.py:2972} INFO - Setting next_dagrun for example_local_kubernetes_executor to None, run_after=None
[2022-08-21 13:38:25,571] {processor.py:161} INFO - Processing /home/airflow/.local/lib/python3.7/site-packages/airflow/example_dags/example_local_kubernetes_executor.py took 0.088 seconds
[2022-08-21 13:38:56,497] {processor.py:153} INFO - Started process (PID=2463) to work on /home/airflow/.local/lib/python3.7/site-packages/airflow/example_dags/example_local_kubernetes_executor.py
[2022-08-21 13:38:56,497] {processor.py:641} INFO - Processing file /home/airflow/.local/lib/python3.7/site-packages/airflow/example_dags/example_local_kubernetes_executor.py for tasks to queue
[2022-08-21 13:38:56,498] {logging_mixin.py:115} INFO - [2022-08-21 13:38:56,498] {dagbag.py:508} INFO - Filling up the DagBag from /home/airflow/.local/lib/python3.7/site-packages/airflow/example_dags/example_local_kubernetes_executor.py
[2022-08-21 13:38:56,513] {processor.py:651} INFO - DAG(s) dict_keys(['example_local_kubernetes_executor']) retrieved from /home/airflow/.local/lib/python3.7/site-packages/airflow/example_dags/example_local_kubernetes_executor.py
[2022-08-21 13:38:56,537] {logging_mixin.py:115} INFO - [2022-08-21 13:38:56,537] {dag.py:2420} INFO - Sync 1 DAGs
[2022-08-21 13:38:56,558] {logging_mixin.py:115} INFO - [2022-08-21 13:38:56,558] {dag.py:2972} INFO - Setting next_dagrun for example_local_kubernetes_executor to None, run_after=None
[2022-08-21 13:38:56,576] {processor.py:161} INFO - Processing /home/airflow/.local/lib/python3.7/site-packages/airflow/example_dags/example_local_kubernetes_executor.py took 0.082 seconds
[2022-08-21 13:39:26,689] {processor.py:153} INFO - Started process (PID=2524) to work on /home/airflow/.local/lib/python3.7/site-packages/airflow/example_dags/example_local_kubernetes_executor.py
[2022-08-21 13:39:26,690] {processor.py:641} INFO - Processing file /home/airflow/.local/lib/python3.7/site-packages/airflow/example_dags/example_local_kubernetes_executor.py for tasks to queue
[2022-08-21 13:39:26,691] {logging_mixin.py:115} INFO - [2022-08-21 13:39:26,691] {dagbag.py:508} INFO - Filling up the DagBag from /home/airflow/.local/lib/python3.7/site-packages/airflow/example_dags/example_local_kubernetes_executor.py
[2022-08-21 13:39:26,706] {processor.py:651} INFO - DAG(s) dict_keys(['example_local_kubernetes_executor']) retrieved from /home/airflow/.local/lib/python3.7/site-packages/airflow/example_dags/example_local_kubernetes_executor.py
[2022-08-21 13:39:26,731] {logging_mixin.py:115} INFO - [2022-08-21 13:39:26,731] {dag.py:2420} INFO - Sync 1 DAGs
[2022-08-21 13:39:26,752] {logging_mixin.py:115} INFO - [2022-08-21 13:39:26,752] {dag.py:2972} INFO - Setting next_dagrun for example_local_kubernetes_executor to None, run_after=None
[2022-08-21 13:39:26,765] {processor.py:161} INFO - Processing /home/airflow/.local/lib/python3.7/site-packages/airflow/example_dags/example_local_kubernetes_executor.py took 0.079 seconds
[2022-08-21 13:39:57,664] {processor.py:153} INFO - Started process (PID=2588) to work on /home/airflow/.local/lib/python3.7/site-packages/airflow/example_dags/example_local_kubernetes_executor.py
[2022-08-21 13:39:57,665] {processor.py:641} INFO - Processing file /home/airflow/.local/lib/python3.7/site-packages/airflow/example_dags/example_local_kubernetes_executor.py for tasks to queue
[2022-08-21 13:39:57,666] {logging_mixin.py:115} INFO - [2022-08-21 13:39:57,666] {dagbag.py:508} INFO - Filling up the DagBag from /home/airflow/.local/lib/python3.7/site-packages/airflow/example_dags/example_local_kubernetes_executor.py
[2022-08-21 13:39:57,684] {processor.py:651} INFO - DAG(s) dict_keys(['example_local_kubernetes_executor']) retrieved from /home/airflow/.local/lib/python3.7/site-packages/airflow/example_dags/example_local_kubernetes_executor.py
[2022-08-21 13:39:57,709] {logging_mixin.py:115} INFO - [2022-08-21 13:39:57,709] {dag.py:2420} INFO - Sync 1 DAGs
[2022-08-21 13:39:57,738] {logging_mixin.py:115} INFO - [2022-08-21 13:39:57,738] {dag.py:2972} INFO - Setting next_dagrun for example_local_kubernetes_executor to None, run_after=None
[2022-08-21 13:39:57,757] {processor.py:161} INFO - Processing /home/airflow/.local/lib/python3.7/site-packages/airflow/example_dags/example_local_kubernetes_executor.py took 0.098 seconds
[2022-08-21 13:40:27,828] {processor.py:153} INFO - Started process (PID=2653) to work on /home/airflow/.local/lib/python3.7/site-packages/airflow/example_dags/example_local_kubernetes_executor.py
[2022-08-21 13:40:27,829] {processor.py:641} INFO - Processing file /home/airflow/.local/lib/python3.7/site-packages/airflow/example_dags/example_local_kubernetes_executor.py for tasks to queue
[2022-08-21 13:40:27,830] {logging_mixin.py:115} INFO - [2022-08-21 13:40:27,830] {dagbag.py:508} INFO - Filling up the DagBag from /home/airflow/.local/lib/python3.7/site-packages/airflow/example_dags/example_local_kubernetes_executor.py
[2022-08-21 13:40:27,846] {processor.py:651} INFO - DAG(s) dict_keys(['example_local_kubernetes_executor']) retrieved from /home/airflow/.local/lib/python3.7/site-packages/airflow/example_dags/example_local_kubernetes_executor.py
[2022-08-21 13:40:27,874] {logging_mixin.py:115} INFO - [2022-08-21 13:40:27,873] {dag.py:2420} INFO - Sync 1 DAGs
[2022-08-21 13:40:27,898] {logging_mixin.py:115} INFO - [2022-08-21 13:40:27,898] {dag.py:2972} INFO - Setting next_dagrun for example_local_kubernetes_executor to None, run_after=None
[2022-08-21 13:40:27,918] {processor.py:161} INFO - Processing /home/airflow/.local/lib/python3.7/site-packages/airflow/example_dags/example_local_kubernetes_executor.py took 0.092 seconds
[2022-08-21 13:40:58,070] {processor.py:153} INFO - Started process (PID=2716) to work on /home/airflow/.local/lib/python3.7/site-packages/airflow/example_dags/example_local_kubernetes_executor.py
[2022-08-21 13:40:58,071] {processor.py:641} INFO - Processing file /home/airflow/.local/lib/python3.7/site-packages/airflow/example_dags/example_local_kubernetes_executor.py for tasks to queue
[2022-08-21 13:40:58,072] {logging_mixin.py:115} INFO - [2022-08-21 13:40:58,072] {dagbag.py:508} INFO - Filling up the DagBag from /home/airflow/.local/lib/python3.7/site-packages/airflow/example_dags/example_local_kubernetes_executor.py
[2022-08-21 13:40:58,086] {processor.py:651} INFO - DAG(s) dict_keys(['example_local_kubernetes_executor']) retrieved from /home/airflow/.local/lib/python3.7/site-packages/airflow/example_dags/example_local_kubernetes_executor.py
[2022-08-21 13:40:58,113] {logging_mixin.py:115} INFO - [2022-08-21 13:40:58,112] {dag.py:2420} INFO - Sync 1 DAGs
[2022-08-21 13:40:58,132] {logging_mixin.py:115} INFO - [2022-08-21 13:40:58,132] {dag.py:2972} INFO - Setting next_dagrun for example_local_kubernetes_executor to None, run_after=None
[2022-08-21 13:40:58,150] {processor.py:161} INFO - Processing /home/airflow/.local/lib/python3.7/site-packages/airflow/example_dags/example_local_kubernetes_executor.py took 0.083 seconds
[2022-08-21 13:41:28,249] {processor.py:153} INFO - Started process (PID=2772) to work on /home/airflow/.local/lib/python3.7/site-packages/airflow/example_dags/example_local_kubernetes_executor.py
[2022-08-21 13:41:28,250] {processor.py:641} INFO - Processing file /home/airflow/.local/lib/python3.7/site-packages/airflow/example_dags/example_local_kubernetes_executor.py for tasks to queue
[2022-08-21 13:41:28,250] {logging_mixin.py:115} INFO - [2022-08-21 13:41:28,250] {dagbag.py:508} INFO - Filling up the DagBag from /home/airflow/.local/lib/python3.7/site-packages/airflow/example_dags/example_local_kubernetes_executor.py
[2022-08-21 13:41:28,267] {processor.py:651} INFO - DAG(s) dict_keys(['example_local_kubernetes_executor']) retrieved from /home/airflow/.local/lib/python3.7/site-packages/airflow/example_dags/example_local_kubernetes_executor.py
[2022-08-21 13:41:28,291] {logging_mixin.py:115} INFO - [2022-08-21 13:41:28,291] {dag.py:2420} INFO - Sync 1 DAGs
[2022-08-21 13:41:28,317] {logging_mixin.py:115} INFO - [2022-08-21 13:41:28,317] {dag.py:2972} INFO - Setting next_dagrun for example_local_kubernetes_executor to None, run_after=None
[2022-08-21 13:41:28,333] {processor.py:161} INFO - Processing /home/airflow/.local/lib/python3.7/site-packages/airflow/example_dags/example_local_kubernetes_executor.py took 0.088 seconds
[2022-08-21 13:41:59,345] {processor.py:153} INFO - Started process (PID=2833) to work on /home/airflow/.local/lib/python3.7/site-packages/airflow/example_dags/example_local_kubernetes_executor.py
[2022-08-21 13:41:59,346] {processor.py:641} INFO - Processing file /home/airflow/.local/lib/python3.7/site-packages/airflow/example_dags/example_local_kubernetes_executor.py for tasks to queue
[2022-08-21 13:41:59,347] {logging_mixin.py:115} INFO - [2022-08-21 13:41:59,347] {dagbag.py:508} INFO - Filling up the DagBag from /home/airflow/.local/lib/python3.7/site-packages/airflow/example_dags/example_local_kubernetes_executor.py
[2022-08-21 13:41:59,360] {processor.py:651} INFO - DAG(s) dict_keys(['example_local_kubernetes_executor']) retrieved from /home/airflow/.local/lib/python3.7/site-packages/airflow/example_dags/example_local_kubernetes_executor.py
[2022-08-21 13:41:59,389] {logging_mixin.py:115} INFO - [2022-08-21 13:41:59,389] {dag.py:2420} INFO - Sync 1 DAGs
[2022-08-21 13:41:59,412] {logging_mixin.py:115} INFO - [2022-08-21 13:41:59,412] {dag.py:2972} INFO - Setting next_dagrun for example_local_kubernetes_executor to None, run_after=None
[2022-08-21 13:41:59,427] {processor.py:161} INFO - Processing /home/airflow/.local/lib/python3.7/site-packages/airflow/example_dags/example_local_kubernetes_executor.py took 0.085 seconds
[2022-08-21 13:42:30,284] {processor.py:153} INFO - Started process (PID=2894) to work on /home/airflow/.local/lib/python3.7/site-packages/airflow/example_dags/example_local_kubernetes_executor.py
[2022-08-21 13:42:30,285] {processor.py:641} INFO - Processing file /home/airflow/.local/lib/python3.7/site-packages/airflow/example_dags/example_local_kubernetes_executor.py for tasks to queue
[2022-08-21 13:42:30,286] {logging_mixin.py:115} INFO - [2022-08-21 13:42:30,286] {dagbag.py:508} INFO - Filling up the DagBag from /home/airflow/.local/lib/python3.7/site-packages/airflow/example_dags/example_local_kubernetes_executor.py
[2022-08-21 13:42:30,303] {processor.py:651} INFO - DAG(s) dict_keys(['example_local_kubernetes_executor']) retrieved from /home/airflow/.local/lib/python3.7/site-packages/airflow/example_dags/example_local_kubernetes_executor.py
[2022-08-21 13:42:30,328] {logging_mixin.py:115} INFO - [2022-08-21 13:42:30,328] {dag.py:2420} INFO - Sync 1 DAGs
[2022-08-21 13:42:30,350] {logging_mixin.py:115} INFO - [2022-08-21 13:42:30,350] {dag.py:2972} INFO - Setting next_dagrun for example_local_kubernetes_executor to None, run_after=None
[2022-08-21 13:42:30,365] {processor.py:161} INFO - Processing /home/airflow/.local/lib/python3.7/site-packages/airflow/example_dags/example_local_kubernetes_executor.py took 0.084 seconds
[2022-08-21 13:43:00,469] {processor.py:153} INFO - Started process (PID=2946) to work on /home/airflow/.local/lib/python3.7/site-packages/airflow/example_dags/example_local_kubernetes_executor.py
[2022-08-21 13:43:00,470] {processor.py:641} INFO - Processing file /home/airflow/.local/lib/python3.7/site-packages/airflow/example_dags/example_local_kubernetes_executor.py for tasks to queue
[2022-08-21 13:43:00,472] {logging_mixin.py:115} INFO - [2022-08-21 13:43:00,471] {dagbag.py:508} INFO - Filling up the DagBag from /home/airflow/.local/lib/python3.7/site-packages/airflow/example_dags/example_local_kubernetes_executor.py
[2022-08-21 13:43:00,488] {processor.py:651} INFO - DAG(s) dict_keys(['example_local_kubernetes_executor']) retrieved from /home/airflow/.local/lib/python3.7/site-packages/airflow/example_dags/example_local_kubernetes_executor.py
[2022-08-21 13:43:00,513] {logging_mixin.py:115} INFO - [2022-08-21 13:43:00,513] {dag.py:2420} INFO - Sync 1 DAGs
[2022-08-21 13:43:00,535] {logging_mixin.py:115} INFO - [2022-08-21 13:43:00,535] {dag.py:2972} INFO - Setting next_dagrun for example_local_kubernetes_executor to None, run_after=None
[2022-08-21 13:43:00,556] {processor.py:161} INFO - Processing /home/airflow/.local/lib/python3.7/site-packages/airflow/example_dags/example_local_kubernetes_executor.py took 0.089 seconds
[2022-08-21 13:43:30,649] {processor.py:153} INFO - Started process (PID=3007) to work on /home/airflow/.local/lib/python3.7/site-packages/airflow/example_dags/example_local_kubernetes_executor.py
[2022-08-21 13:43:30,650] {processor.py:641} INFO - Processing file /home/airflow/.local/lib/python3.7/site-packages/airflow/example_dags/example_local_kubernetes_executor.py for tasks to queue
[2022-08-21 13:43:30,651] {logging_mixin.py:115} INFO - [2022-08-21 13:43:30,651] {dagbag.py:508} INFO - Filling up the DagBag from /home/airflow/.local/lib/python3.7/site-packages/airflow/example_dags/example_local_kubernetes_executor.py
[2022-08-21 13:43:30,670] {processor.py:651} INFO - DAG(s) dict_keys(['example_local_kubernetes_executor']) retrieved from /home/airflow/.local/lib/python3.7/site-packages/airflow/example_dags/example_local_kubernetes_executor.py
[2022-08-21 13:43:30,736] {logging_mixin.py:115} INFO - [2022-08-21 13:43:30,736] {dag.py:2420} INFO - Sync 1 DAGs
[2022-08-21 13:43:30,798] {logging_mixin.py:115} INFO - [2022-08-21 13:43:30,793] {dag.py:2972} INFO - Setting next_dagrun for example_local_kubernetes_executor to None, run_after=None
[2022-08-21 13:43:30,851] {processor.py:161} INFO - Processing /home/airflow/.local/lib/python3.7/site-packages/airflow/example_dags/example_local_kubernetes_executor.py took 0.206 seconds
[2022-08-21 13:44:01,854] {processor.py:153} INFO - Started process (PID=3068) to work on /home/airflow/.local/lib/python3.7/site-packages/airflow/example_dags/example_local_kubernetes_executor.py
[2022-08-21 13:44:01,856] {processor.py:641} INFO - Processing file /home/airflow/.local/lib/python3.7/site-packages/airflow/example_dags/example_local_kubernetes_executor.py for tasks to queue
[2022-08-21 13:44:01,857] {logging_mixin.py:115} INFO - [2022-08-21 13:44:01,856] {dagbag.py:508} INFO - Filling up the DagBag from /home/airflow/.local/lib/python3.7/site-packages/airflow/example_dags/example_local_kubernetes_executor.py
[2022-08-21 13:44:01,884] {processor.py:651} INFO - DAG(s) dict_keys(['example_local_kubernetes_executor']) retrieved from /home/airflow/.local/lib/python3.7/site-packages/airflow/example_dags/example_local_kubernetes_executor.py
[2022-08-21 13:44:01,920] {logging_mixin.py:115} INFO - [2022-08-21 13:44:01,919] {dag.py:2420} INFO - Sync 1 DAGs
[2022-08-21 13:44:01,953] {logging_mixin.py:115} INFO - [2022-08-21 13:44:01,953] {dag.py:2972} INFO - Setting next_dagrun for example_local_kubernetes_executor to None, run_after=None
[2022-08-21 13:44:01,965] {processor.py:161} INFO - Processing /home/airflow/.local/lib/python3.7/site-packages/airflow/example_dags/example_local_kubernetes_executor.py took 0.115 seconds
[2022-08-21 13:44:32,715] {processor.py:153} INFO - Started process (PID=3120) to work on /home/airflow/.local/lib/python3.7/site-packages/airflow/example_dags/example_local_kubernetes_executor.py
[2022-08-21 13:44:32,716] {processor.py:641} INFO - Processing file /home/airflow/.local/lib/python3.7/site-packages/airflow/example_dags/example_local_kubernetes_executor.py for tasks to queue
[2022-08-21 13:44:32,717] {logging_mixin.py:115} INFO - [2022-08-21 13:44:32,717] {dagbag.py:508} INFO - Filling up the DagBag from /home/airflow/.local/lib/python3.7/site-packages/airflow/example_dags/example_local_kubernetes_executor.py
[2022-08-21 13:44:32,732] {processor.py:651} INFO - DAG(s) dict_keys(['example_local_kubernetes_executor']) retrieved from /home/airflow/.local/lib/python3.7/site-packages/airflow/example_dags/example_local_kubernetes_executor.py
[2022-08-21 13:44:32,756] {logging_mixin.py:115} INFO - [2022-08-21 13:44:32,756] {dag.py:2420} INFO - Sync 1 DAGs
[2022-08-21 13:44:32,781] {logging_mixin.py:115} INFO - [2022-08-21 13:44:32,781] {dag.py:2972} INFO - Setting next_dagrun for example_local_kubernetes_executor to None, run_after=None
[2022-08-21 13:44:32,799] {processor.py:161} INFO - Processing /home/airflow/.local/lib/python3.7/site-packages/airflow/example_dags/example_local_kubernetes_executor.py took 0.087 seconds
[2022-08-21 13:45:03,631] {processor.py:153} INFO - Started process (PID=3181) to work on /home/airflow/.local/lib/python3.7/site-packages/airflow/example_dags/example_local_kubernetes_executor.py
[2022-08-21 13:45:03,632] {processor.py:641} INFO - Processing file /home/airflow/.local/lib/python3.7/site-packages/airflow/example_dags/example_local_kubernetes_executor.py for tasks to queue
[2022-08-21 13:45:03,633] {logging_mixin.py:115} INFO - [2022-08-21 13:45:03,633] {dagbag.py:508} INFO - Filling up the DagBag from /home/airflow/.local/lib/python3.7/site-packages/airflow/example_dags/example_local_kubernetes_executor.py
[2022-08-21 13:45:03,648] {processor.py:651} INFO - DAG(s) dict_keys(['example_local_kubernetes_executor']) retrieved from /home/airflow/.local/lib/python3.7/site-packages/airflow/example_dags/example_local_kubernetes_executor.py
[2022-08-21 13:45:03,674] {logging_mixin.py:115} INFO - [2022-08-21 13:45:03,674] {dag.py:2420} INFO - Sync 1 DAGs
[2022-08-21 13:45:03,696] {logging_mixin.py:115} INFO - [2022-08-21 13:45:03,696] {dag.py:2972} INFO - Setting next_dagrun for example_local_kubernetes_executor to None, run_after=None
[2022-08-21 13:45:03,716] {processor.py:161} INFO - Processing /home/airflow/.local/lib/python3.7/site-packages/airflow/example_dags/example_local_kubernetes_executor.py took 0.088 seconds
[2022-08-21 13:45:33,868] {processor.py:153} INFO - Started process (PID=3242) to work on /home/airflow/.local/lib/python3.7/site-packages/airflow/example_dags/example_local_kubernetes_executor.py
[2022-08-21 13:45:33,869] {processor.py:641} INFO - Processing file /home/airflow/.local/lib/python3.7/site-packages/airflow/example_dags/example_local_kubernetes_executor.py for tasks to queue
[2022-08-21 13:45:33,870] {logging_mixin.py:115} INFO - [2022-08-21 13:45:33,870] {dagbag.py:508} INFO - Filling up the DagBag from /home/airflow/.local/lib/python3.7/site-packages/airflow/example_dags/example_local_kubernetes_executor.py
[2022-08-21 13:45:33,887] {processor.py:651} INFO - DAG(s) dict_keys(['example_local_kubernetes_executor']) retrieved from /home/airflow/.local/lib/python3.7/site-packages/airflow/example_dags/example_local_kubernetes_executor.py
[2022-08-21 13:45:33,912] {logging_mixin.py:115} INFO - [2022-08-21 13:45:33,912] {dag.py:2420} INFO - Sync 1 DAGs
[2022-08-21 13:45:33,936] {logging_mixin.py:115} INFO - [2022-08-21 13:45:33,936] {dag.py:2972} INFO - Setting next_dagrun for example_local_kubernetes_executor to None, run_after=None
[2022-08-21 13:45:33,954] {processor.py:161} INFO - Processing /home/airflow/.local/lib/python3.7/site-packages/airflow/example_dags/example_local_kubernetes_executor.py took 0.089 seconds
[2022-08-21 13:46:04,814] {processor.py:153} INFO - Started process (PID=3294) to work on /home/airflow/.local/lib/python3.7/site-packages/airflow/example_dags/example_local_kubernetes_executor.py
[2022-08-21 13:46:04,814] {processor.py:641} INFO - Processing file /home/airflow/.local/lib/python3.7/site-packages/airflow/example_dags/example_local_kubernetes_executor.py for tasks to queue
[2022-08-21 13:46:04,815] {logging_mixin.py:115} INFO - [2022-08-21 13:46:04,815] {dagbag.py:508} INFO - Filling up the DagBag from /home/airflow/.local/lib/python3.7/site-packages/airflow/example_dags/example_local_kubernetes_executor.py
[2022-08-21 13:46:04,829] {processor.py:651} INFO - DAG(s) dict_keys(['example_local_kubernetes_executor']) retrieved from /home/airflow/.local/lib/python3.7/site-packages/airflow/example_dags/example_local_kubernetes_executor.py
[2022-08-21 13:46:04,853] {logging_mixin.py:115} INFO - [2022-08-21 13:46:04,853] {dag.py:2420} INFO - Sync 1 DAGs
[2022-08-21 13:46:04,876] {logging_mixin.py:115} INFO - [2022-08-21 13:46:04,876] {dag.py:2972} INFO - Setting next_dagrun for example_local_kubernetes_executor to None, run_after=None
[2022-08-21 13:46:04,893] {processor.py:161} INFO - Processing /home/airflow/.local/lib/python3.7/site-packages/airflow/example_dags/example_local_kubernetes_executor.py took 0.083 seconds
[2022-08-21 13:46:35,144] {processor.py:153} INFO - Started process (PID=3355) to work on /home/airflow/.local/lib/python3.7/site-packages/airflow/example_dags/example_local_kubernetes_executor.py
[2022-08-21 13:46:35,144] {processor.py:641} INFO - Processing file /home/airflow/.local/lib/python3.7/site-packages/airflow/example_dags/example_local_kubernetes_executor.py for tasks to queue
[2022-08-21 13:46:35,145] {logging_mixin.py:115} INFO - [2022-08-21 13:46:35,145] {dagbag.py:508} INFO - Filling up the DagBag from /home/airflow/.local/lib/python3.7/site-packages/airflow/example_dags/example_local_kubernetes_executor.py
[2022-08-21 13:46:35,166] {processor.py:651} INFO - DAG(s) dict_keys(['example_local_kubernetes_executor']) retrieved from /home/airflow/.local/lib/python3.7/site-packages/airflow/example_dags/example_local_kubernetes_executor.py
[2022-08-21 13:46:35,192] {logging_mixin.py:115} INFO - [2022-08-21 13:46:35,192] {dag.py:2420} INFO - Sync 1 DAGs
[2022-08-21 13:46:35,215] {logging_mixin.py:115} INFO - [2022-08-21 13:46:35,214] {dag.py:2972} INFO - Setting next_dagrun for example_local_kubernetes_executor to None, run_after=None
[2022-08-21 13:46:35,227] {processor.py:161} INFO - Processing /home/airflow/.local/lib/python3.7/site-packages/airflow/example_dags/example_local_kubernetes_executor.py took 0.086 seconds
[2022-08-21 13:47:05,970] {processor.py:153} INFO - Started process (PID=3409) to work on /home/airflow/.local/lib/python3.7/site-packages/airflow/example_dags/example_local_kubernetes_executor.py
[2022-08-21 13:47:05,971] {processor.py:641} INFO - Processing file /home/airflow/.local/lib/python3.7/site-packages/airflow/example_dags/example_local_kubernetes_executor.py for tasks to queue
[2022-08-21 13:47:05,972] {logging_mixin.py:115} INFO - [2022-08-21 13:47:05,972] {dagbag.py:508} INFO - Filling up the DagBag from /home/airflow/.local/lib/python3.7/site-packages/airflow/example_dags/example_local_kubernetes_executor.py
[2022-08-21 13:47:05,987] {processor.py:651} INFO - DAG(s) dict_keys(['example_local_kubernetes_executor']) retrieved from /home/airflow/.local/lib/python3.7/site-packages/airflow/example_dags/example_local_kubernetes_executor.py
[2022-08-21 13:47:06,012] {logging_mixin.py:115} INFO - [2022-08-21 13:47:06,012] {dag.py:2420} INFO - Sync 1 DAGs
[2022-08-21 13:47:06,035] {logging_mixin.py:115} INFO - [2022-08-21 13:47:06,035] {dag.py:2972} INFO - Setting next_dagrun for example_local_kubernetes_executor to None, run_after=None
[2022-08-21 13:47:06,053] {processor.py:161} INFO - Processing /home/airflow/.local/lib/python3.7/site-packages/airflow/example_dags/example_local_kubernetes_executor.py took 0.086 seconds
[2022-08-21 13:47:36,712] {processor.py:153} INFO - Started process (PID=3471) to work on /home/airflow/.local/lib/python3.7/site-packages/airflow/example_dags/example_local_kubernetes_executor.py
[2022-08-21 13:47:36,713] {processor.py:641} INFO - Processing file /home/airflow/.local/lib/python3.7/site-packages/airflow/example_dags/example_local_kubernetes_executor.py for tasks to queue
[2022-08-21 13:47:36,713] {logging_mixin.py:115} INFO - [2022-08-21 13:47:36,713] {dagbag.py:508} INFO - Filling up the DagBag from /home/airflow/.local/lib/python3.7/site-packages/airflow/example_dags/example_local_kubernetes_executor.py
[2022-08-21 13:47:36,727] {processor.py:651} INFO - DAG(s) dict_keys(['example_local_kubernetes_executor']) retrieved from /home/airflow/.local/lib/python3.7/site-packages/airflow/example_dags/example_local_kubernetes_executor.py
[2022-08-21 13:47:36,751] {logging_mixin.py:115} INFO - [2022-08-21 13:47:36,751] {dag.py:2420} INFO - Sync 1 DAGs
[2022-08-21 13:47:36,773] {logging_mixin.py:115} INFO - [2022-08-21 13:47:36,773] {dag.py:2972} INFO - Setting next_dagrun for example_local_kubernetes_executor to None, run_after=None
[2022-08-21 13:47:36,790] {processor.py:161} INFO - Processing /home/airflow/.local/lib/python3.7/site-packages/airflow/example_dags/example_local_kubernetes_executor.py took 0.081 seconds
[2022-08-21 13:48:07,611] {processor.py:153} INFO - Started process (PID=3532) to work on /home/airflow/.local/lib/python3.7/site-packages/airflow/example_dags/example_local_kubernetes_executor.py
[2022-08-21 13:48:07,612] {processor.py:641} INFO - Processing file /home/airflow/.local/lib/python3.7/site-packages/airflow/example_dags/example_local_kubernetes_executor.py for tasks to queue
[2022-08-21 13:48:07,613] {logging_mixin.py:115} INFO - [2022-08-21 13:48:07,613] {dagbag.py:508} INFO - Filling up the DagBag from /home/airflow/.local/lib/python3.7/site-packages/airflow/example_dags/example_local_kubernetes_executor.py
[2022-08-21 13:48:07,631] {processor.py:651} INFO - DAG(s) dict_keys(['example_local_kubernetes_executor']) retrieved from /home/airflow/.local/lib/python3.7/site-packages/airflow/example_dags/example_local_kubernetes_executor.py
[2022-08-21 13:48:07,655] {logging_mixin.py:115} INFO - [2022-08-21 13:48:07,655] {dag.py:2420} INFO - Sync 1 DAGs
[2022-08-21 13:48:07,676] {logging_mixin.py:115} INFO - [2022-08-21 13:48:07,676] {dag.py:2972} INFO - Setting next_dagrun for example_local_kubernetes_executor to None, run_after=None
[2022-08-21 13:48:07,689] {processor.py:161} INFO - Processing /home/airflow/.local/lib/python3.7/site-packages/airflow/example_dags/example_local_kubernetes_executor.py took 0.080 seconds
[2022-08-21 13:48:38,021] {processor.py:153} INFO - Started process (PID=3585) to work on /home/airflow/.local/lib/python3.7/site-packages/airflow/example_dags/example_local_kubernetes_executor.py
[2022-08-21 13:48:38,022] {processor.py:641} INFO - Processing file /home/airflow/.local/lib/python3.7/site-packages/airflow/example_dags/example_local_kubernetes_executor.py for tasks to queue
[2022-08-21 13:48:38,023] {logging_mixin.py:115} INFO - [2022-08-21 13:48:38,023] {dagbag.py:508} INFO - Filling up the DagBag from /home/airflow/.local/lib/python3.7/site-packages/airflow/example_dags/example_local_kubernetes_executor.py
[2022-08-21 13:48:38,037] {processor.py:651} INFO - DAG(s) dict_keys(['example_local_kubernetes_executor']) retrieved from /home/airflow/.local/lib/python3.7/site-packages/airflow/example_dags/example_local_kubernetes_executor.py
[2022-08-21 13:48:38,059] {logging_mixin.py:115} INFO - [2022-08-21 13:48:38,059] {dag.py:2420} INFO - Sync 1 DAGs
[2022-08-21 13:48:38,079] {logging_mixin.py:115} INFO - [2022-08-21 13:48:38,078] {dag.py:2972} INFO - Setting next_dagrun for example_local_kubernetes_executor to None, run_after=None
[2022-08-21 13:48:38,097] {processor.py:161} INFO - Processing /home/airflow/.local/lib/python3.7/site-packages/airflow/example_dags/example_local_kubernetes_executor.py took 0.078 seconds
[2022-08-21 13:49:08,247] {processor.py:153} INFO - Started process (PID=3647) to work on /home/airflow/.local/lib/python3.7/site-packages/airflow/example_dags/example_local_kubernetes_executor.py
[2022-08-21 13:49:08,248] {processor.py:641} INFO - Processing file /home/airflow/.local/lib/python3.7/site-packages/airflow/example_dags/example_local_kubernetes_executor.py for tasks to queue
[2022-08-21 13:49:08,248] {logging_mixin.py:115} INFO - [2022-08-21 13:49:08,248] {dagbag.py:508} INFO - Filling up the DagBag from /home/airflow/.local/lib/python3.7/site-packages/airflow/example_dags/example_local_kubernetes_executor.py
[2022-08-21 13:49:08,267] {processor.py:651} INFO - DAG(s) dict_keys(['example_local_kubernetes_executor']) retrieved from /home/airflow/.local/lib/python3.7/site-packages/airflow/example_dags/example_local_kubernetes_executor.py
[2022-08-21 13:49:08,290] {logging_mixin.py:115} INFO - [2022-08-21 13:49:08,290] {dag.py:2420} INFO - Sync 1 DAGs
[2022-08-21 13:49:08,311] {logging_mixin.py:115} INFO - [2022-08-21 13:49:08,311] {dag.py:2972} INFO - Setting next_dagrun for example_local_kubernetes_executor to None, run_after=None
[2022-08-21 13:49:08,329] {processor.py:161} INFO - Processing /home/airflow/.local/lib/python3.7/site-packages/airflow/example_dags/example_local_kubernetes_executor.py took 0.086 seconds
[2022-08-21 13:49:39,334] {processor.py:153} INFO - Started process (PID=3708) to work on /home/airflow/.local/lib/python3.7/site-packages/airflow/example_dags/example_local_kubernetes_executor.py
[2022-08-21 13:49:39,335] {processor.py:641} INFO - Processing file /home/airflow/.local/lib/python3.7/site-packages/airflow/example_dags/example_local_kubernetes_executor.py for tasks to queue
[2022-08-21 13:49:39,335] {logging_mixin.py:115} INFO - [2022-08-21 13:49:39,335] {dagbag.py:508} INFO - Filling up the DagBag from /home/airflow/.local/lib/python3.7/site-packages/airflow/example_dags/example_local_kubernetes_executor.py
[2022-08-21 13:49:39,350] {processor.py:651} INFO - DAG(s) dict_keys(['example_local_kubernetes_executor']) retrieved from /home/airflow/.local/lib/python3.7/site-packages/airflow/example_dags/example_local_kubernetes_executor.py
[2022-08-21 13:49:39,381] {logging_mixin.py:115} INFO - [2022-08-21 13:49:39,381] {dag.py:2420} INFO - Sync 1 DAGs
[2022-08-21 13:49:39,411] {logging_mixin.py:115} INFO - [2022-08-21 13:49:39,411] {dag.py:2972} INFO - Setting next_dagrun for example_local_kubernetes_executor to None, run_after=None
[2022-08-21 13:49:39,434] {processor.py:161} INFO - Processing /home/airflow/.local/lib/python3.7/site-packages/airflow/example_dags/example_local_kubernetes_executor.py took 0.105 seconds
[2022-08-21 13:50:10,293] {processor.py:153} INFO - Started process (PID=3760) to work on /home/airflow/.local/lib/python3.7/site-packages/airflow/example_dags/example_local_kubernetes_executor.py
[2022-08-21 13:50:10,294] {processor.py:641} INFO - Processing file /home/airflow/.local/lib/python3.7/site-packages/airflow/example_dags/example_local_kubernetes_executor.py for tasks to queue
[2022-08-21 13:50:10,295] {logging_mixin.py:115} INFO - [2022-08-21 13:50:10,295] {dagbag.py:508} INFO - Filling up the DagBag from /home/airflow/.local/lib/python3.7/site-packages/airflow/example_dags/example_local_kubernetes_executor.py
[2022-08-21 13:50:10,309] {processor.py:651} INFO - DAG(s) dict_keys(['example_local_kubernetes_executor']) retrieved from /home/airflow/.local/lib/python3.7/site-packages/airflow/example_dags/example_local_kubernetes_executor.py
[2022-08-21 13:50:10,335] {logging_mixin.py:115} INFO - [2022-08-21 13:50:10,335] {dag.py:2420} INFO - Sync 1 DAGs
[2022-08-21 13:50:10,355] {logging_mixin.py:115} INFO - [2022-08-21 13:50:10,355] {dag.py:2972} INFO - Setting next_dagrun for example_local_kubernetes_executor to None, run_after=None
[2022-08-21 13:50:10,373] {processor.py:161} INFO - Processing /home/airflow/.local/lib/python3.7/site-packages/airflow/example_dags/example_local_kubernetes_executor.py took 0.083 seconds
[2022-08-21 13:50:40,590] {processor.py:153} INFO - Started process (PID=3822) to work on /home/airflow/.local/lib/python3.7/site-packages/airflow/example_dags/example_local_kubernetes_executor.py
[2022-08-21 13:50:40,591] {processor.py:641} INFO - Processing file /home/airflow/.local/lib/python3.7/site-packages/airflow/example_dags/example_local_kubernetes_executor.py for tasks to queue
[2022-08-21 13:50:40,592] {logging_mixin.py:115} INFO - [2022-08-21 13:50:40,592] {dagbag.py:508} INFO - Filling up the DagBag from /home/airflow/.local/lib/python3.7/site-packages/airflow/example_dags/example_local_kubernetes_executor.py
[2022-08-21 13:50:40,606] {processor.py:651} INFO - DAG(s) dict_keys(['example_local_kubernetes_executor']) retrieved from /home/airflow/.local/lib/python3.7/site-packages/airflow/example_dags/example_local_kubernetes_executor.py
[2022-08-21 13:50:40,633] {logging_mixin.py:115} INFO - [2022-08-21 13:50:40,633] {dag.py:2420} INFO - Sync 1 DAGs
[2022-08-21 13:50:40,652] {logging_mixin.py:115} INFO - [2022-08-21 13:50:40,652] {dag.py:2972} INFO - Setting next_dagrun for example_local_kubernetes_executor to None, run_after=None
[2022-08-21 13:50:40,665] {processor.py:161} INFO - Processing /home/airflow/.local/lib/python3.7/site-packages/airflow/example_dags/example_local_kubernetes_executor.py took 0.077 seconds
[2022-08-21 13:51:10,766] {processor.py:153} INFO - Started process (PID=3883) to work on /home/airflow/.local/lib/python3.7/site-packages/airflow/example_dags/example_local_kubernetes_executor.py
[2022-08-21 13:51:10,767] {processor.py:641} INFO - Processing file /home/airflow/.local/lib/python3.7/site-packages/airflow/example_dags/example_local_kubernetes_executor.py for tasks to queue
[2022-08-21 13:51:10,769] {logging_mixin.py:115} INFO - [2022-08-21 13:51:10,768] {dagbag.py:508} INFO - Filling up the DagBag from /home/airflow/.local/lib/python3.7/site-packages/airflow/example_dags/example_local_kubernetes_executor.py
[2022-08-21 13:51:10,787] {processor.py:651} INFO - DAG(s) dict_keys(['example_local_kubernetes_executor']) retrieved from /home/airflow/.local/lib/python3.7/site-packages/airflow/example_dags/example_local_kubernetes_executor.py
[2022-08-21 13:51:10,817] {logging_mixin.py:115} INFO - [2022-08-21 13:51:10,816] {dag.py:2420} INFO - Sync 1 DAGs
[2022-08-21 13:51:10,845] {logging_mixin.py:115} INFO - [2022-08-21 13:51:10,845] {dag.py:2972} INFO - Setting next_dagrun for example_local_kubernetes_executor to None, run_after=None
[2022-08-21 13:51:10,864] {processor.py:161} INFO - Processing /home/airflow/.local/lib/python3.7/site-packages/airflow/example_dags/example_local_kubernetes_executor.py took 0.104 seconds
[2022-08-21 13:51:40,957] {processor.py:153} INFO - Started process (PID=3935) to work on /home/airflow/.local/lib/python3.7/site-packages/airflow/example_dags/example_local_kubernetes_executor.py
[2022-08-21 13:51:40,958] {processor.py:641} INFO - Processing file /home/airflow/.local/lib/python3.7/site-packages/airflow/example_dags/example_local_kubernetes_executor.py for tasks to queue
[2022-08-21 13:51:40,959] {logging_mixin.py:115} INFO - [2022-08-21 13:51:40,959] {dagbag.py:508} INFO - Filling up the DagBag from /home/airflow/.local/lib/python3.7/site-packages/airflow/example_dags/example_local_kubernetes_executor.py
[2022-08-21 13:51:40,975] {processor.py:651} INFO - DAG(s) dict_keys(['example_local_kubernetes_executor']) retrieved from /home/airflow/.local/lib/python3.7/site-packages/airflow/example_dags/example_local_kubernetes_executor.py
[2022-08-21 13:51:40,998] {logging_mixin.py:115} INFO - [2022-08-21 13:51:40,998] {dag.py:2420} INFO - Sync 1 DAGs
[2022-08-21 13:51:41,022] {logging_mixin.py:115} INFO - [2022-08-21 13:51:41,022] {dag.py:2972} INFO - Setting next_dagrun for example_local_kubernetes_executor to None, run_after=None
[2022-08-21 13:51:41,040] {processor.py:161} INFO - Processing /home/airflow/.local/lib/python3.7/site-packages/airflow/example_dags/example_local_kubernetes_executor.py took 0.086 seconds
[2022-08-21 13:52:11,184] {processor.py:153} INFO - Started process (PID=3996) to work on /home/airflow/.local/lib/python3.7/site-packages/airflow/example_dags/example_local_kubernetes_executor.py
[2022-08-21 13:52:11,185] {processor.py:641} INFO - Processing file /home/airflow/.local/lib/python3.7/site-packages/airflow/example_dags/example_local_kubernetes_executor.py for tasks to queue
[2022-08-21 13:52:11,185] {logging_mixin.py:115} INFO - [2022-08-21 13:52:11,185] {dagbag.py:508} INFO - Filling up the DagBag from /home/airflow/.local/lib/python3.7/site-packages/airflow/example_dags/example_local_kubernetes_executor.py
[2022-08-21 13:52:11,199] {processor.py:651} INFO - DAG(s) dict_keys(['example_local_kubernetes_executor']) retrieved from /home/airflow/.local/lib/python3.7/site-packages/airflow/example_dags/example_local_kubernetes_executor.py
[2022-08-21 13:52:11,223] {logging_mixin.py:115} INFO - [2022-08-21 13:52:11,222] {dag.py:2420} INFO - Sync 1 DAGs
[2022-08-21 13:52:11,244] {logging_mixin.py:115} INFO - [2022-08-21 13:52:11,244] {dag.py:2972} INFO - Setting next_dagrun for example_local_kubernetes_executor to None, run_after=None
[2022-08-21 13:52:11,263] {processor.py:161} INFO - Processing /home/airflow/.local/lib/python3.7/site-packages/airflow/example_dags/example_local_kubernetes_executor.py took 0.081 seconds
[2022-08-21 13:52:41,822] {processor.py:153} INFO - Started process (PID=4057) to work on /home/airflow/.local/lib/python3.7/site-packages/airflow/example_dags/example_local_kubernetes_executor.py
[2022-08-21 13:52:41,823] {processor.py:641} INFO - Processing file /home/airflow/.local/lib/python3.7/site-packages/airflow/example_dags/example_local_kubernetes_executor.py for tasks to queue
[2022-08-21 13:52:41,824] {logging_mixin.py:115} INFO - [2022-08-21 13:52:41,824] {dagbag.py:508} INFO - Filling up the DagBag from /home/airflow/.local/lib/python3.7/site-packages/airflow/example_dags/example_local_kubernetes_executor.py
[2022-08-21 13:52:41,846] {processor.py:651} INFO - DAG(s) dict_keys(['example_local_kubernetes_executor']) retrieved from /home/airflow/.local/lib/python3.7/site-packages/airflow/example_dags/example_local_kubernetes_executor.py
[2022-08-21 13:52:41,879] {logging_mixin.py:115} INFO - [2022-08-21 13:52:41,879] {dag.py:2420} INFO - Sync 1 DAGs
[2022-08-21 13:52:41,912] {logging_mixin.py:115} INFO - [2022-08-21 13:52:41,912] {dag.py:2972} INFO - Setting next_dagrun for example_local_kubernetes_executor to None, run_after=None
[2022-08-21 13:52:41,933] {processor.py:161} INFO - Processing /home/airflow/.local/lib/python3.7/site-packages/airflow/example_dags/example_local_kubernetes_executor.py took 0.113 seconds
[2022-08-21 13:53:12,746] {processor.py:153} INFO - Started process (PID=4109) to work on /home/airflow/.local/lib/python3.7/site-packages/airflow/example_dags/example_local_kubernetes_executor.py
[2022-08-21 13:53:12,747] {processor.py:641} INFO - Processing file /home/airflow/.local/lib/python3.7/site-packages/airflow/example_dags/example_local_kubernetes_executor.py for tasks to queue
[2022-08-21 13:53:12,748] {logging_mixin.py:115} INFO - [2022-08-21 13:53:12,748] {dagbag.py:508} INFO - Filling up the DagBag from /home/airflow/.local/lib/python3.7/site-packages/airflow/example_dags/example_local_kubernetes_executor.py
[2022-08-21 13:53:12,765] {processor.py:651} INFO - DAG(s) dict_keys(['example_local_kubernetes_executor']) retrieved from /home/airflow/.local/lib/python3.7/site-packages/airflow/example_dags/example_local_kubernetes_executor.py
[2022-08-21 13:53:12,796] {logging_mixin.py:115} INFO - [2022-08-21 13:53:12,796] {dag.py:2420} INFO - Sync 1 DAGs
[2022-08-21 13:53:12,823] {logging_mixin.py:115} INFO - [2022-08-21 13:53:12,822] {dag.py:2972} INFO - Setting next_dagrun for example_local_kubernetes_executor to None, run_after=None
[2022-08-21 13:53:12,838] {processor.py:161} INFO - Processing /home/airflow/.local/lib/python3.7/site-packages/airflow/example_dags/example_local_kubernetes_executor.py took 0.096 seconds
[2022-08-21 13:53:43,123] {processor.py:153} INFO - Started process (PID=4170) to work on /home/airflow/.local/lib/python3.7/site-packages/airflow/example_dags/example_local_kubernetes_executor.py
[2022-08-21 13:53:43,124] {processor.py:641} INFO - Processing file /home/airflow/.local/lib/python3.7/site-packages/airflow/example_dags/example_local_kubernetes_executor.py for tasks to queue
[2022-08-21 13:53:43,125] {logging_mixin.py:115} INFO - [2022-08-21 13:53:43,125] {dagbag.py:508} INFO - Filling up the DagBag from /home/airflow/.local/lib/python3.7/site-packages/airflow/example_dags/example_local_kubernetes_executor.py
[2022-08-21 13:53:43,139] {processor.py:651} INFO - DAG(s) dict_keys(['example_local_kubernetes_executor']) retrieved from /home/airflow/.local/lib/python3.7/site-packages/airflow/example_dags/example_local_kubernetes_executor.py
[2022-08-21 13:53:43,165] {logging_mixin.py:115} INFO - [2022-08-21 13:53:43,165] {dag.py:2420} INFO - Sync 1 DAGs
[2022-08-21 13:53:43,185] {logging_mixin.py:115} INFO - [2022-08-21 13:53:43,185] {dag.py:2972} INFO - Setting next_dagrun for example_local_kubernetes_executor to None, run_after=None
[2022-08-21 13:53:43,199] {processor.py:161} INFO - Processing /home/airflow/.local/lib/python3.7/site-packages/airflow/example_dags/example_local_kubernetes_executor.py took 0.079 seconds
