[2022-08-21 13:17:58,366] {processor.py:153} INFO - Started process (PID=57) to work on /home/airflow/.local/lib/python3.7/site-packages/airflow/example_dags/example_skip_dag.py
[2022-08-21 13:17:58,367] {processor.py:641} INFO - Processing file /home/airflow/.local/lib/python3.7/site-packages/airflow/example_dags/example_skip_dag.py for tasks to queue
[2022-08-21 13:17:58,369] {logging_mixin.py:115} INFO - [2022-08-21 13:17:58,369] {dagbag.py:508} INFO - Filling up the DagBag from /home/airflow/.local/lib/python3.7/site-packages/airflow/example_dags/example_skip_dag.py
[2022-08-21 13:17:58,386] {processor.py:651} INFO - DAG(s) dict_keys(['example_skip_dag']) retrieved from /home/airflow/.local/lib/python3.7/site-packages/airflow/example_dags/example_skip_dag.py
[2022-08-21 13:17:58,473] {logging_mixin.py:115} INFO - [2022-08-21 13:17:58,473] {dag.py:2420} INFO - Sync 1 DAGs
[2022-08-21 13:17:58,525] {logging_mixin.py:115} INFO - [2022-08-21 13:17:58,525] {dag.py:2972} INFO - Setting next_dagrun for example_skip_dag to 2022-08-20T13:17:58.525364+00:00, run_after=2022-08-21T13:17:58.525364+00:00
[2022-08-21 13:17:58,555] {processor.py:161} INFO - Processing /home/airflow/.local/lib/python3.7/site-packages/airflow/example_dags/example_skip_dag.py took 0.194 seconds
[2022-08-21 13:18:29,207] {processor.py:153} INFO - Started process (PID=110) to work on /home/airflow/.local/lib/python3.7/site-packages/airflow/example_dags/example_skip_dag.py
[2022-08-21 13:18:29,208] {processor.py:641} INFO - Processing file /home/airflow/.local/lib/python3.7/site-packages/airflow/example_dags/example_skip_dag.py for tasks to queue
[2022-08-21 13:18:29,210] {logging_mixin.py:115} INFO - [2022-08-21 13:18:29,210] {dagbag.py:508} INFO - Filling up the DagBag from /home/airflow/.local/lib/python3.7/site-packages/airflow/example_dags/example_skip_dag.py
[2022-08-21 13:18:29,215] {processor.py:651} INFO - DAG(s) dict_keys(['example_skip_dag']) retrieved from /home/airflow/.local/lib/python3.7/site-packages/airflow/example_dags/example_skip_dag.py
[2022-08-21 13:18:29,240] {logging_mixin.py:115} INFO - [2022-08-21 13:18:29,240] {dag.py:2420} INFO - Sync 1 DAGs
[2022-08-21 13:18:29,260] {logging_mixin.py:115} INFO - [2022-08-21 13:18:29,260] {dag.py:2972} INFO - Setting next_dagrun for example_skip_dag to 2022-08-20T13:18:29.260330+00:00, run_after=2022-08-21T13:18:29.260330+00:00
[2022-08-21 13:18:29,278] {processor.py:161} INFO - Processing /home/airflow/.local/lib/python3.7/site-packages/airflow/example_dags/example_skip_dag.py took 0.077 seconds
[2022-08-21 13:18:59,484] {processor.py:153} INFO - Started process (PID=173) to work on /home/airflow/.local/lib/python3.7/site-packages/airflow/example_dags/example_skip_dag.py
[2022-08-21 13:18:59,485] {processor.py:641} INFO - Processing file /home/airflow/.local/lib/python3.7/site-packages/airflow/example_dags/example_skip_dag.py for tasks to queue
[2022-08-21 13:18:59,486] {logging_mixin.py:115} INFO - [2022-08-21 13:18:59,486] {dagbag.py:508} INFO - Filling up the DagBag from /home/airflow/.local/lib/python3.7/site-packages/airflow/example_dags/example_skip_dag.py
[2022-08-21 13:18:59,493] {processor.py:651} INFO - DAG(s) dict_keys(['example_skip_dag']) retrieved from /home/airflow/.local/lib/python3.7/site-packages/airflow/example_dags/example_skip_dag.py
[2022-08-21 13:18:59,520] {logging_mixin.py:115} INFO - [2022-08-21 13:18:59,520] {dag.py:2420} INFO - Sync 1 DAGs
[2022-08-21 13:18:59,543] {logging_mixin.py:115} INFO - [2022-08-21 13:18:59,543] {dag.py:2972} INFO - Setting next_dagrun for example_skip_dag to 2022-08-20T13:18:59.543403+00:00, run_after=2022-08-21T13:18:59.543403+00:00
[2022-08-21 13:18:59,557] {processor.py:161} INFO - Processing /home/airflow/.local/lib/python3.7/site-packages/airflow/example_dags/example_skip_dag.py took 0.077 seconds
[2022-08-21 13:19:29,790] {processor.py:153} INFO - Started process (PID=235) to work on /home/airflow/.local/lib/python3.7/site-packages/airflow/example_dags/example_skip_dag.py
[2022-08-21 13:19:29,791] {processor.py:641} INFO - Processing file /home/airflow/.local/lib/python3.7/site-packages/airflow/example_dags/example_skip_dag.py for tasks to queue
[2022-08-21 13:19:29,791] {logging_mixin.py:115} INFO - [2022-08-21 13:19:29,791] {dagbag.py:508} INFO - Filling up the DagBag from /home/airflow/.local/lib/python3.7/site-packages/airflow/example_dags/example_skip_dag.py
[2022-08-21 13:19:29,795] {processor.py:651} INFO - DAG(s) dict_keys(['example_skip_dag']) retrieved from /home/airflow/.local/lib/python3.7/site-packages/airflow/example_dags/example_skip_dag.py
[2022-08-21 13:19:29,823] {logging_mixin.py:115} INFO - [2022-08-21 13:19:29,823] {dag.py:2420} INFO - Sync 1 DAGs
[2022-08-21 13:19:29,845] {logging_mixin.py:115} INFO - [2022-08-21 13:19:29,845] {dag.py:2972} INFO - Setting next_dagrun for example_skip_dag to 2022-08-20T13:19:29.845616+00:00, run_after=2022-08-21T13:19:29.845616+00:00
[2022-08-21 13:19:29,864] {processor.py:161} INFO - Processing /home/airflow/.local/lib/python3.7/site-packages/airflow/example_dags/example_skip_dag.py took 0.077 seconds
[2022-08-21 13:20:00,496] {processor.py:153} INFO - Started process (PID=287) to work on /home/airflow/.local/lib/python3.7/site-packages/airflow/example_dags/example_skip_dag.py
[2022-08-21 13:20:00,497] {processor.py:641} INFO - Processing file /home/airflow/.local/lib/python3.7/site-packages/airflow/example_dags/example_skip_dag.py for tasks to queue
[2022-08-21 13:20:00,497] {logging_mixin.py:115} INFO - [2022-08-21 13:20:00,497] {dagbag.py:508} INFO - Filling up the DagBag from /home/airflow/.local/lib/python3.7/site-packages/airflow/example_dags/example_skip_dag.py
[2022-08-21 13:20:00,502] {processor.py:651} INFO - DAG(s) dict_keys(['example_skip_dag']) retrieved from /home/airflow/.local/lib/python3.7/site-packages/airflow/example_dags/example_skip_dag.py
[2022-08-21 13:20:00,531] {logging_mixin.py:115} INFO - [2022-08-21 13:20:00,531] {dag.py:2420} INFO - Sync 1 DAGs
[2022-08-21 13:20:00,558] {logging_mixin.py:115} INFO - [2022-08-21 13:20:00,557] {dag.py:2972} INFO - Setting next_dagrun for example_skip_dag to 2022-08-20T13:20:00.557577+00:00, run_after=2022-08-21T13:20:00.557577+00:00
[2022-08-21 13:20:00,570] {processor.py:161} INFO - Processing /home/airflow/.local/lib/python3.7/site-packages/airflow/example_dags/example_skip_dag.py took 0.077 seconds
[2022-08-21 13:20:30,934] {processor.py:153} INFO - Started process (PID=349) to work on /home/airflow/.local/lib/python3.7/site-packages/airflow/example_dags/example_skip_dag.py
[2022-08-21 13:20:30,935] {processor.py:641} INFO - Processing file /home/airflow/.local/lib/python3.7/site-packages/airflow/example_dags/example_skip_dag.py for tasks to queue
[2022-08-21 13:20:30,936] {logging_mixin.py:115} INFO - [2022-08-21 13:20:30,936] {dagbag.py:508} INFO - Filling up the DagBag from /home/airflow/.local/lib/python3.7/site-packages/airflow/example_dags/example_skip_dag.py
[2022-08-21 13:20:30,941] {processor.py:651} INFO - DAG(s) dict_keys(['example_skip_dag']) retrieved from /home/airflow/.local/lib/python3.7/site-packages/airflow/example_dags/example_skip_dag.py
[2022-08-21 13:20:30,970] {logging_mixin.py:115} INFO - [2022-08-21 13:20:30,969] {dag.py:2420} INFO - Sync 1 DAGs
[2022-08-21 13:20:30,995] {logging_mixin.py:115} INFO - [2022-08-21 13:20:30,994] {dag.py:2972} INFO - Setting next_dagrun for example_skip_dag to 2022-08-20T13:20:30.994101+00:00, run_after=2022-08-21T13:20:30.994101+00:00
[2022-08-21 13:20:31,010] {processor.py:161} INFO - Processing /home/airflow/.local/lib/python3.7/site-packages/airflow/example_dags/example_skip_dag.py took 0.079 seconds
[2022-08-21 13:21:01,130] {processor.py:153} INFO - Started process (PID=410) to work on /home/airflow/.local/lib/python3.7/site-packages/airflow/example_dags/example_skip_dag.py
[2022-08-21 13:21:01,131] {processor.py:641} INFO - Processing file /home/airflow/.local/lib/python3.7/site-packages/airflow/example_dags/example_skip_dag.py for tasks to queue
[2022-08-21 13:21:01,131] {logging_mixin.py:115} INFO - [2022-08-21 13:21:01,131] {dagbag.py:508} INFO - Filling up the DagBag from /home/airflow/.local/lib/python3.7/site-packages/airflow/example_dags/example_skip_dag.py
[2022-08-21 13:21:01,139] {processor.py:651} INFO - DAG(s) dict_keys(['example_skip_dag']) retrieved from /home/airflow/.local/lib/python3.7/site-packages/airflow/example_dags/example_skip_dag.py
[2022-08-21 13:21:01,175] {logging_mixin.py:115} INFO - [2022-08-21 13:21:01,174] {dag.py:2420} INFO - Sync 1 DAGs
[2022-08-21 13:21:01,215] {logging_mixin.py:115} INFO - [2022-08-21 13:21:01,214] {dag.py:2972} INFO - Setting next_dagrun for example_skip_dag to 2022-08-20T13:21:01.214628+00:00, run_after=2022-08-21T13:21:01.214628+00:00
[2022-08-21 13:21:01,242] {processor.py:161} INFO - Processing /home/airflow/.local/lib/python3.7/site-packages/airflow/example_dags/example_skip_dag.py took 0.117 seconds
[2022-08-21 13:21:31,368] {processor.py:153} INFO - Started process (PID=463) to work on /home/airflow/.local/lib/python3.7/site-packages/airflow/example_dags/example_skip_dag.py
[2022-08-21 13:21:31,369] {processor.py:641} INFO - Processing file /home/airflow/.local/lib/python3.7/site-packages/airflow/example_dags/example_skip_dag.py for tasks to queue
[2022-08-21 13:21:31,370] {logging_mixin.py:115} INFO - [2022-08-21 13:21:31,370] {dagbag.py:508} INFO - Filling up the DagBag from /home/airflow/.local/lib/python3.7/site-packages/airflow/example_dags/example_skip_dag.py
[2022-08-21 13:21:31,374] {processor.py:651} INFO - DAG(s) dict_keys(['example_skip_dag']) retrieved from /home/airflow/.local/lib/python3.7/site-packages/airflow/example_dags/example_skip_dag.py
[2022-08-21 13:21:31,400] {logging_mixin.py:115} INFO - [2022-08-21 13:21:31,400] {dag.py:2420} INFO - Sync 1 DAGs
[2022-08-21 13:21:31,421] {logging_mixin.py:115} INFO - [2022-08-21 13:21:31,421] {dag.py:2972} INFO - Setting next_dagrun for example_skip_dag to 2022-08-20T13:21:31.421197+00:00, run_after=2022-08-21T13:21:31.421197+00:00
[2022-08-21 13:21:31,439] {processor.py:161} INFO - Processing /home/airflow/.local/lib/python3.7/site-packages/airflow/example_dags/example_skip_dag.py took 0.073 seconds
[2022-08-21 13:22:01,621] {processor.py:153} INFO - Started process (PID=524) to work on /home/airflow/.local/lib/python3.7/site-packages/airflow/example_dags/example_skip_dag.py
[2022-08-21 13:22:01,621] {processor.py:641} INFO - Processing file /home/airflow/.local/lib/python3.7/site-packages/airflow/example_dags/example_skip_dag.py for tasks to queue
[2022-08-21 13:22:01,622] {logging_mixin.py:115} INFO - [2022-08-21 13:22:01,622] {dagbag.py:508} INFO - Filling up the DagBag from /home/airflow/.local/lib/python3.7/site-packages/airflow/example_dags/example_skip_dag.py
[2022-08-21 13:22:01,626] {processor.py:651} INFO - DAG(s) dict_keys(['example_skip_dag']) retrieved from /home/airflow/.local/lib/python3.7/site-packages/airflow/example_dags/example_skip_dag.py
[2022-08-21 13:22:01,652] {logging_mixin.py:115} INFO - [2022-08-21 13:22:01,652] {dag.py:2420} INFO - Sync 1 DAGs
[2022-08-21 13:22:01,673] {logging_mixin.py:115} INFO - [2022-08-21 13:22:01,673] {dag.py:2972} INFO - Setting next_dagrun for example_skip_dag to 2022-08-20T13:22:01.672930+00:00, run_after=2022-08-21T13:22:01.672930+00:00
[2022-08-21 13:22:01,691] {processor.py:161} INFO - Processing /home/airflow/.local/lib/python3.7/site-packages/airflow/example_dags/example_skip_dag.py took 0.073 seconds
[2022-08-21 13:22:31,879] {processor.py:153} INFO - Started process (PID=583) to work on /home/airflow/.local/lib/python3.7/site-packages/airflow/example_dags/example_skip_dag.py
[2022-08-21 13:22:31,880] {processor.py:641} INFO - Processing file /home/airflow/.local/lib/python3.7/site-packages/airflow/example_dags/example_skip_dag.py for tasks to queue
[2022-08-21 13:22:31,881] {logging_mixin.py:115} INFO - [2022-08-21 13:22:31,881] {dagbag.py:508} INFO - Filling up the DagBag from /home/airflow/.local/lib/python3.7/site-packages/airflow/example_dags/example_skip_dag.py
[2022-08-21 13:22:31,887] {processor.py:651} INFO - DAG(s) dict_keys(['example_skip_dag']) retrieved from /home/airflow/.local/lib/python3.7/site-packages/airflow/example_dags/example_skip_dag.py
[2022-08-21 13:22:31,919] {logging_mixin.py:115} INFO - [2022-08-21 13:22:31,919] {dag.py:2420} INFO - Sync 1 DAGs
[2022-08-21 13:22:31,944] {logging_mixin.py:115} INFO - [2022-08-21 13:22:31,944] {dag.py:2972} INFO - Setting next_dagrun for example_skip_dag to 2022-08-20T13:22:31.944202+00:00, run_after=2022-08-21T13:22:31.944202+00:00
[2022-08-21 13:22:31,961] {processor.py:161} INFO - Processing /home/airflow/.local/lib/python3.7/site-packages/airflow/example_dags/example_skip_dag.py took 0.087 seconds
[2022-08-21 13:23:02,198] {processor.py:153} INFO - Started process (PID=639) to work on /home/airflow/.local/lib/python3.7/site-packages/airflow/example_dags/example_skip_dag.py
[2022-08-21 13:23:02,199] {processor.py:641} INFO - Processing file /home/airflow/.local/lib/python3.7/site-packages/airflow/example_dags/example_skip_dag.py for tasks to queue
[2022-08-21 13:23:02,200] {logging_mixin.py:115} INFO - [2022-08-21 13:23:02,200] {dagbag.py:508} INFO - Filling up the DagBag from /home/airflow/.local/lib/python3.7/site-packages/airflow/example_dags/example_skip_dag.py
[2022-08-21 13:23:02,205] {processor.py:651} INFO - DAG(s) dict_keys(['example_skip_dag']) retrieved from /home/airflow/.local/lib/python3.7/site-packages/airflow/example_dags/example_skip_dag.py
[2022-08-21 13:23:02,229] {logging_mixin.py:115} INFO - [2022-08-21 13:23:02,229] {dag.py:2420} INFO - Sync 1 DAGs
[2022-08-21 13:23:02,252] {logging_mixin.py:115} INFO - [2022-08-21 13:23:02,252] {dag.py:2972} INFO - Setting next_dagrun for example_skip_dag to 2022-08-20T13:23:02.252668+00:00, run_after=2022-08-21T13:23:02.252668+00:00
[2022-08-21 13:23:02,272] {processor.py:161} INFO - Processing /home/airflow/.local/lib/python3.7/site-packages/airflow/example_dags/example_skip_dag.py took 0.076 seconds
[2022-08-21 13:23:33,226] {processor.py:153} INFO - Started process (PID=700) to work on /home/airflow/.local/lib/python3.7/site-packages/airflow/example_dags/example_skip_dag.py
[2022-08-21 13:23:33,227] {processor.py:641} INFO - Processing file /home/airflow/.local/lib/python3.7/site-packages/airflow/example_dags/example_skip_dag.py for tasks to queue
[2022-08-21 13:23:33,228] {logging_mixin.py:115} INFO - [2022-08-21 13:23:33,228] {dagbag.py:508} INFO - Filling up the DagBag from /home/airflow/.local/lib/python3.7/site-packages/airflow/example_dags/example_skip_dag.py
[2022-08-21 13:23:33,236] {processor.py:651} INFO - DAG(s) dict_keys(['example_skip_dag']) retrieved from /home/airflow/.local/lib/python3.7/site-packages/airflow/example_dags/example_skip_dag.py
[2022-08-21 13:23:33,265] {logging_mixin.py:115} INFO - [2022-08-21 13:23:33,265] {dag.py:2420} INFO - Sync 1 DAGs
[2022-08-21 13:23:33,286] {logging_mixin.py:115} INFO - [2022-08-21 13:23:33,286] {dag.py:2972} INFO - Setting next_dagrun for example_skip_dag to 2022-08-20T13:23:33.285951+00:00, run_after=2022-08-21T13:23:33.285951+00:00
[2022-08-21 13:23:33,303] {processor.py:161} INFO - Processing /home/airflow/.local/lib/python3.7/site-packages/airflow/example_dags/example_skip_dag.py took 0.080 seconds
[2022-08-21 13:24:03,825] {processor.py:153} INFO - Started process (PID=752) to work on /home/airflow/.local/lib/python3.7/site-packages/airflow/example_dags/example_skip_dag.py
[2022-08-21 13:24:03,827] {processor.py:641} INFO - Processing file /home/airflow/.local/lib/python3.7/site-packages/airflow/example_dags/example_skip_dag.py for tasks to queue
[2022-08-21 13:24:03,829] {logging_mixin.py:115} INFO - [2022-08-21 13:24:03,829] {dagbag.py:508} INFO - Filling up the DagBag from /home/airflow/.local/lib/python3.7/site-packages/airflow/example_dags/example_skip_dag.py
[2022-08-21 13:24:03,842] {processor.py:651} INFO - DAG(s) dict_keys(['example_skip_dag']) retrieved from /home/airflow/.local/lib/python3.7/site-packages/airflow/example_dags/example_skip_dag.py
[2022-08-21 13:24:03,907] {logging_mixin.py:115} INFO - [2022-08-21 13:24:03,907] {dag.py:2420} INFO - Sync 1 DAGs
[2022-08-21 13:24:03,954] {logging_mixin.py:115} INFO - [2022-08-21 13:24:03,953] {dag.py:2972} INFO - Setting next_dagrun for example_skip_dag to 2022-08-20T13:24:03.947096+00:00, run_after=2022-08-21T13:24:03.947096+00:00
[2022-08-21 13:24:03,999] {processor.py:161} INFO - Processing /home/airflow/.local/lib/python3.7/site-packages/airflow/example_dags/example_skip_dag.py took 0.180 seconds
[2022-08-21 13:24:34,092] {processor.py:153} INFO - Started process (PID=813) to work on /home/airflow/.local/lib/python3.7/site-packages/airflow/example_dags/example_skip_dag.py
[2022-08-21 13:24:34,092] {processor.py:641} INFO - Processing file /home/airflow/.local/lib/python3.7/site-packages/airflow/example_dags/example_skip_dag.py for tasks to queue
[2022-08-21 13:24:34,093] {logging_mixin.py:115} INFO - [2022-08-21 13:24:34,093] {dagbag.py:508} INFO - Filling up the DagBag from /home/airflow/.local/lib/python3.7/site-packages/airflow/example_dags/example_skip_dag.py
[2022-08-21 13:24:34,100] {processor.py:651} INFO - DAG(s) dict_keys(['example_skip_dag']) retrieved from /home/airflow/.local/lib/python3.7/site-packages/airflow/example_dags/example_skip_dag.py
[2022-08-21 13:24:34,127] {logging_mixin.py:115} INFO - [2022-08-21 13:24:34,127] {dag.py:2420} INFO - Sync 1 DAGs
[2022-08-21 13:24:34,150] {logging_mixin.py:115} INFO - [2022-08-21 13:24:34,150] {dag.py:2972} INFO - Setting next_dagrun for example_skip_dag to 2022-08-20T13:24:34.150428+00:00, run_after=2022-08-21T13:24:34.150428+00:00
[2022-08-21 13:24:34,161] {processor.py:161} INFO - Processing /home/airflow/.local/lib/python3.7/site-packages/airflow/example_dags/example_skip_dag.py took 0.073 seconds
[2022-08-21 13:25:04,257] {processor.py:153} INFO - Started process (PID=872) to work on /home/airflow/.local/lib/python3.7/site-packages/airflow/example_dags/example_skip_dag.py
[2022-08-21 13:25:04,258] {processor.py:641} INFO - Processing file /home/airflow/.local/lib/python3.7/site-packages/airflow/example_dags/example_skip_dag.py for tasks to queue
[2022-08-21 13:25:04,258] {logging_mixin.py:115} INFO - [2022-08-21 13:25:04,258] {dagbag.py:508} INFO - Filling up the DagBag from /home/airflow/.local/lib/python3.7/site-packages/airflow/example_dags/example_skip_dag.py
[2022-08-21 13:25:04,265] {processor.py:651} INFO - DAG(s) dict_keys(['example_skip_dag']) retrieved from /home/airflow/.local/lib/python3.7/site-packages/airflow/example_dags/example_skip_dag.py
[2022-08-21 13:25:04,295] {logging_mixin.py:115} INFO - [2022-08-21 13:25:04,295] {dag.py:2420} INFO - Sync 1 DAGs
[2022-08-21 13:25:04,323] {logging_mixin.py:115} INFO - [2022-08-21 13:25:04,323] {dag.py:2972} INFO - Setting next_dagrun for example_skip_dag to 2022-08-20T13:25:04.323433+00:00, run_after=2022-08-21T13:25:04.323433+00:00
[2022-08-21 13:25:04,341] {processor.py:161} INFO - Processing /home/airflow/.local/lib/python3.7/site-packages/airflow/example_dags/example_skip_dag.py took 0.087 seconds
[2022-08-21 13:25:34,491] {processor.py:153} INFO - Started process (PID=927) to work on /home/airflow/.local/lib/python3.7/site-packages/airflow/example_dags/example_skip_dag.py
[2022-08-21 13:25:34,492] {processor.py:641} INFO - Processing file /home/airflow/.local/lib/python3.7/site-packages/airflow/example_dags/example_skip_dag.py for tasks to queue
[2022-08-21 13:25:34,493] {logging_mixin.py:115} INFO - [2022-08-21 13:25:34,493] {dagbag.py:508} INFO - Filling up the DagBag from /home/airflow/.local/lib/python3.7/site-packages/airflow/example_dags/example_skip_dag.py
[2022-08-21 13:25:34,497] {processor.py:651} INFO - DAG(s) dict_keys(['example_skip_dag']) retrieved from /home/airflow/.local/lib/python3.7/site-packages/airflow/example_dags/example_skip_dag.py
[2022-08-21 13:25:34,524] {logging_mixin.py:115} INFO - [2022-08-21 13:25:34,524] {dag.py:2420} INFO - Sync 1 DAGs
[2022-08-21 13:25:34,546] {logging_mixin.py:115} INFO - [2022-08-21 13:25:34,546] {dag.py:2972} INFO - Setting next_dagrun for example_skip_dag to 2022-08-20T13:25:34.546445+00:00, run_after=2022-08-21T13:25:34.546445+00:00
[2022-08-21 13:25:34,564] {processor.py:161} INFO - Processing /home/airflow/.local/lib/python3.7/site-packages/airflow/example_dags/example_skip_dag.py took 0.075 seconds
[2022-08-21 13:26:04,687] {processor.py:153} INFO - Started process (PID=988) to work on /home/airflow/.local/lib/python3.7/site-packages/airflow/example_dags/example_skip_dag.py
[2022-08-21 13:26:04,688] {processor.py:641} INFO - Processing file /home/airflow/.local/lib/python3.7/site-packages/airflow/example_dags/example_skip_dag.py for tasks to queue
[2022-08-21 13:26:04,689] {logging_mixin.py:115} INFO - [2022-08-21 13:26:04,689] {dagbag.py:508} INFO - Filling up the DagBag from /home/airflow/.local/lib/python3.7/site-packages/airflow/example_dags/example_skip_dag.py
[2022-08-21 13:26:04,694] {processor.py:651} INFO - DAG(s) dict_keys(['example_skip_dag']) retrieved from /home/airflow/.local/lib/python3.7/site-packages/airflow/example_dags/example_skip_dag.py
[2022-08-21 13:26:04,723] {logging_mixin.py:115} INFO - [2022-08-21 13:26:04,722] {dag.py:2420} INFO - Sync 1 DAGs
[2022-08-21 13:26:04,745] {logging_mixin.py:115} INFO - [2022-08-21 13:26:04,744] {dag.py:2972} INFO - Setting next_dagrun for example_skip_dag to 2022-08-20T13:26:04.744590+00:00, run_after=2022-08-21T13:26:04.744590+00:00
[2022-08-21 13:26:04,762] {processor.py:161} INFO - Processing /home/airflow/.local/lib/python3.7/site-packages/airflow/example_dags/example_skip_dag.py took 0.078 seconds
[2022-08-21 13:26:34,834] {processor.py:153} INFO - Started process (PID=1040) to work on /home/airflow/.local/lib/python3.7/site-packages/airflow/example_dags/example_skip_dag.py
[2022-08-21 13:26:34,834] {processor.py:641} INFO - Processing file /home/airflow/.local/lib/python3.7/site-packages/airflow/example_dags/example_skip_dag.py for tasks to queue
[2022-08-21 13:26:34,835] {logging_mixin.py:115} INFO - [2022-08-21 13:26:34,835] {dagbag.py:508} INFO - Filling up the DagBag from /home/airflow/.local/lib/python3.7/site-packages/airflow/example_dags/example_skip_dag.py
[2022-08-21 13:26:34,840] {processor.py:651} INFO - DAG(s) dict_keys(['example_skip_dag']) retrieved from /home/airflow/.local/lib/python3.7/site-packages/airflow/example_dags/example_skip_dag.py
[2022-08-21 13:26:34,866] {logging_mixin.py:115} INFO - [2022-08-21 13:26:34,866] {dag.py:2420} INFO - Sync 1 DAGs
[2022-08-21 13:26:34,885] {logging_mixin.py:115} INFO - [2022-08-21 13:26:34,885] {dag.py:2972} INFO - Setting next_dagrun for example_skip_dag to 2022-08-20T13:26:34.885392+00:00, run_after=2022-08-21T13:26:34.885392+00:00
[2022-08-21 13:26:34,900] {processor.py:161} INFO - Processing /home/airflow/.local/lib/python3.7/site-packages/airflow/example_dags/example_skip_dag.py took 0.069 seconds
[2022-08-21 13:27:05,104] {processor.py:153} INFO - Started process (PID=1101) to work on /home/airflow/.local/lib/python3.7/site-packages/airflow/example_dags/example_skip_dag.py
[2022-08-21 13:27:05,104] {processor.py:641} INFO - Processing file /home/airflow/.local/lib/python3.7/site-packages/airflow/example_dags/example_skip_dag.py for tasks to queue
[2022-08-21 13:27:05,105] {logging_mixin.py:115} INFO - [2022-08-21 13:27:05,105] {dagbag.py:508} INFO - Filling up the DagBag from /home/airflow/.local/lib/python3.7/site-packages/airflow/example_dags/example_skip_dag.py
[2022-08-21 13:27:05,111] {processor.py:651} INFO - DAG(s) dict_keys(['example_skip_dag']) retrieved from /home/airflow/.local/lib/python3.7/site-packages/airflow/example_dags/example_skip_dag.py
[2022-08-21 13:27:05,142] {logging_mixin.py:115} INFO - [2022-08-21 13:27:05,142] {dag.py:2420} INFO - Sync 1 DAGs
[2022-08-21 13:27:05,167] {logging_mixin.py:115} INFO - [2022-08-21 13:27:05,167] {dag.py:2972} INFO - Setting next_dagrun for example_skip_dag to 2022-08-20T13:27:05.166749+00:00, run_after=2022-08-21T13:27:05.166749+00:00
[2022-08-21 13:27:05,185] {processor.py:161} INFO - Processing /home/airflow/.local/lib/python3.7/site-packages/airflow/example_dags/example_skip_dag.py took 0.083 seconds
[2022-08-21 13:27:35,292] {processor.py:153} INFO - Started process (PID=1163) to work on /home/airflow/.local/lib/python3.7/site-packages/airflow/example_dags/example_skip_dag.py
[2022-08-21 13:27:35,292] {processor.py:641} INFO - Processing file /home/airflow/.local/lib/python3.7/site-packages/airflow/example_dags/example_skip_dag.py for tasks to queue
[2022-08-21 13:27:35,293] {logging_mixin.py:115} INFO - [2022-08-21 13:27:35,293] {dagbag.py:508} INFO - Filling up the DagBag from /home/airflow/.local/lib/python3.7/site-packages/airflow/example_dags/example_skip_dag.py
[2022-08-21 13:27:35,301] {processor.py:651} INFO - DAG(s) dict_keys(['example_skip_dag']) retrieved from /home/airflow/.local/lib/python3.7/site-packages/airflow/example_dags/example_skip_dag.py
[2022-08-21 13:27:35,327] {logging_mixin.py:115} INFO - [2022-08-21 13:27:35,327] {dag.py:2420} INFO - Sync 1 DAGs
[2022-08-21 13:27:35,353] {logging_mixin.py:115} INFO - [2022-08-21 13:27:35,353] {dag.py:2972} INFO - Setting next_dagrun for example_skip_dag to 2022-08-20T13:27:35.353073+00:00, run_after=2022-08-21T13:27:35.353073+00:00
[2022-08-21 13:27:35,369] {processor.py:161} INFO - Processing /home/airflow/.local/lib/python3.7/site-packages/airflow/example_dags/example_skip_dag.py took 0.080 seconds
[2022-08-21 13:28:06,341] {processor.py:153} INFO - Started process (PID=1215) to work on /home/airflow/.local/lib/python3.7/site-packages/airflow/example_dags/example_skip_dag.py
[2022-08-21 13:28:06,342] {processor.py:641} INFO - Processing file /home/airflow/.local/lib/python3.7/site-packages/airflow/example_dags/example_skip_dag.py for tasks to queue
[2022-08-21 13:28:06,343] {logging_mixin.py:115} INFO - [2022-08-21 13:28:06,343] {dagbag.py:508} INFO - Filling up the DagBag from /home/airflow/.local/lib/python3.7/site-packages/airflow/example_dags/example_skip_dag.py
[2022-08-21 13:28:06,348] {processor.py:651} INFO - DAG(s) dict_keys(['example_skip_dag']) retrieved from /home/airflow/.local/lib/python3.7/site-packages/airflow/example_dags/example_skip_dag.py
[2022-08-21 13:28:06,376] {logging_mixin.py:115} INFO - [2022-08-21 13:28:06,376] {dag.py:2420} INFO - Sync 1 DAGs
[2022-08-21 13:28:06,395] {logging_mixin.py:115} INFO - [2022-08-21 13:28:06,395] {dag.py:2972} INFO - Setting next_dagrun for example_skip_dag to 2022-08-20T13:28:06.395306+00:00, run_after=2022-08-21T13:28:06.395306+00:00
[2022-08-21 13:28:06,409] {processor.py:161} INFO - Processing /home/airflow/.local/lib/python3.7/site-packages/airflow/example_dags/example_skip_dag.py took 0.072 seconds
[2022-08-21 13:28:37,126] {processor.py:153} INFO - Started process (PID=1277) to work on /home/airflow/.local/lib/python3.7/site-packages/airflow/example_dags/example_skip_dag.py
[2022-08-21 13:28:37,127] {processor.py:641} INFO - Processing file /home/airflow/.local/lib/python3.7/site-packages/airflow/example_dags/example_skip_dag.py for tasks to queue
[2022-08-21 13:28:37,128] {logging_mixin.py:115} INFO - [2022-08-21 13:28:37,127] {dagbag.py:508} INFO - Filling up the DagBag from /home/airflow/.local/lib/python3.7/site-packages/airflow/example_dags/example_skip_dag.py
[2022-08-21 13:28:37,132] {processor.py:651} INFO - DAG(s) dict_keys(['example_skip_dag']) retrieved from /home/airflow/.local/lib/python3.7/site-packages/airflow/example_dags/example_skip_dag.py
[2022-08-21 13:28:37,154] {logging_mixin.py:115} INFO - [2022-08-21 13:28:37,154] {dag.py:2420} INFO - Sync 1 DAGs
[2022-08-21 13:28:37,173] {logging_mixin.py:115} INFO - [2022-08-21 13:28:37,172] {dag.py:2972} INFO - Setting next_dagrun for example_skip_dag to 2022-08-20T13:28:37.172741+00:00, run_after=2022-08-21T13:28:37.172741+00:00
[2022-08-21 13:28:37,189] {processor.py:161} INFO - Processing /home/airflow/.local/lib/python3.7/site-packages/airflow/example_dags/example_skip_dag.py took 0.066 seconds
[2022-08-21 13:29:08,096] {processor.py:153} INFO - Started process (PID=1338) to work on /home/airflow/.local/lib/python3.7/site-packages/airflow/example_dags/example_skip_dag.py
[2022-08-21 13:29:08,096] {processor.py:641} INFO - Processing file /home/airflow/.local/lib/python3.7/site-packages/airflow/example_dags/example_skip_dag.py for tasks to queue
[2022-08-21 13:29:08,097] {logging_mixin.py:115} INFO - [2022-08-21 13:29:08,097] {dagbag.py:508} INFO - Filling up the DagBag from /home/airflow/.local/lib/python3.7/site-packages/airflow/example_dags/example_skip_dag.py
[2022-08-21 13:29:08,102] {processor.py:651} INFO - DAG(s) dict_keys(['example_skip_dag']) retrieved from /home/airflow/.local/lib/python3.7/site-packages/airflow/example_dags/example_skip_dag.py
[2022-08-21 13:29:08,130] {logging_mixin.py:115} INFO - [2022-08-21 13:29:08,130] {dag.py:2420} INFO - Sync 1 DAGs
[2022-08-21 13:29:08,162] {logging_mixin.py:115} INFO - [2022-08-21 13:29:08,161] {dag.py:2972} INFO - Setting next_dagrun for example_skip_dag to 2022-08-20T13:29:08.160833+00:00, run_after=2022-08-21T13:29:08.160833+00:00
[2022-08-21 13:29:08,179] {processor.py:161} INFO - Processing /home/airflow/.local/lib/python3.7/site-packages/airflow/example_dags/example_skip_dag.py took 0.086 seconds
[2022-08-21 13:29:38,923] {processor.py:153} INFO - Started process (PID=1399) to work on /home/airflow/.local/lib/python3.7/site-packages/airflow/example_dags/example_skip_dag.py
[2022-08-21 13:29:38,924] {processor.py:641} INFO - Processing file /home/airflow/.local/lib/python3.7/site-packages/airflow/example_dags/example_skip_dag.py for tasks to queue
[2022-08-21 13:29:38,925] {logging_mixin.py:115} INFO - [2022-08-21 13:29:38,925] {dagbag.py:508} INFO - Filling up the DagBag from /home/airflow/.local/lib/python3.7/site-packages/airflow/example_dags/example_skip_dag.py
[2022-08-21 13:29:38,931] {processor.py:651} INFO - DAG(s) dict_keys(['example_skip_dag']) retrieved from /home/airflow/.local/lib/python3.7/site-packages/airflow/example_dags/example_skip_dag.py
[2022-08-21 13:29:38,974] {logging_mixin.py:115} INFO - [2022-08-21 13:29:38,974] {dag.py:2420} INFO - Sync 1 DAGs
[2022-08-21 13:29:39,018] {logging_mixin.py:115} INFO - [2022-08-21 13:29:39,018] {dag.py:2972} INFO - Setting next_dagrun for example_skip_dag to 2022-08-20T13:29:39.018462+00:00, run_after=2022-08-21T13:29:39.018462+00:00
[2022-08-21 13:29:39,044] {processor.py:161} INFO - Processing /home/airflow/.local/lib/python3.7/site-packages/airflow/example_dags/example_skip_dag.py took 0.124 seconds
[2022-08-21 13:30:09,871] {processor.py:153} INFO - Started process (PID=1451) to work on /home/airflow/.local/lib/python3.7/site-packages/airflow/example_dags/example_skip_dag.py
[2022-08-21 13:30:09,872] {processor.py:641} INFO - Processing file /home/airflow/.local/lib/python3.7/site-packages/airflow/example_dags/example_skip_dag.py for tasks to queue
[2022-08-21 13:30:09,873] {logging_mixin.py:115} INFO - [2022-08-21 13:30:09,873] {dagbag.py:508} INFO - Filling up the DagBag from /home/airflow/.local/lib/python3.7/site-packages/airflow/example_dags/example_skip_dag.py
[2022-08-21 13:30:09,879] {processor.py:651} INFO - DAG(s) dict_keys(['example_skip_dag']) retrieved from /home/airflow/.local/lib/python3.7/site-packages/airflow/example_dags/example_skip_dag.py
[2022-08-21 13:30:09,912] {logging_mixin.py:115} INFO - [2022-08-21 13:30:09,912] {dag.py:2420} INFO - Sync 1 DAGs
[2022-08-21 13:30:09,937] {logging_mixin.py:115} INFO - [2022-08-21 13:30:09,937] {dag.py:2972} INFO - Setting next_dagrun for example_skip_dag to 2022-08-20T13:30:09.937309+00:00, run_after=2022-08-21T13:30:09.937309+00:00
[2022-08-21 13:30:09,953] {processor.py:161} INFO - Processing /home/airflow/.local/lib/python3.7/site-packages/airflow/example_dags/example_skip_dag.py took 0.085 seconds
[2022-08-21 13:30:40,084] {processor.py:153} INFO - Started process (PID=1513) to work on /home/airflow/.local/lib/python3.7/site-packages/airflow/example_dags/example_skip_dag.py
[2022-08-21 13:30:40,085] {processor.py:641} INFO - Processing file /home/airflow/.local/lib/python3.7/site-packages/airflow/example_dags/example_skip_dag.py for tasks to queue
[2022-08-21 13:30:40,085] {logging_mixin.py:115} INFO - [2022-08-21 13:30:40,085] {dagbag.py:508} INFO - Filling up the DagBag from /home/airflow/.local/lib/python3.7/site-packages/airflow/example_dags/example_skip_dag.py
[2022-08-21 13:30:40,090] {processor.py:651} INFO - DAG(s) dict_keys(['example_skip_dag']) retrieved from /home/airflow/.local/lib/python3.7/site-packages/airflow/example_dags/example_skip_dag.py
[2022-08-21 13:30:40,133] {logging_mixin.py:115} INFO - [2022-08-21 13:30:40,133] {dag.py:2420} INFO - Sync 1 DAGs
[2022-08-21 13:30:40,157] {logging_mixin.py:115} INFO - [2022-08-21 13:30:40,157] {dag.py:2972} INFO - Setting next_dagrun for example_skip_dag to 2022-08-20T13:30:40.157582+00:00, run_after=2022-08-21T13:30:40.157582+00:00
[2022-08-21 13:30:40,182] {processor.py:161} INFO - Processing /home/airflow/.local/lib/python3.7/site-packages/airflow/example_dags/example_skip_dag.py took 0.102 seconds
[2022-08-21 13:31:10,319] {processor.py:153} INFO - Started process (PID=1572) to work on /home/airflow/.local/lib/python3.7/site-packages/airflow/example_dags/example_skip_dag.py
[2022-08-21 13:31:10,320] {processor.py:641} INFO - Processing file /home/airflow/.local/lib/python3.7/site-packages/airflow/example_dags/example_skip_dag.py for tasks to queue
[2022-08-21 13:31:10,321] {logging_mixin.py:115} INFO - [2022-08-21 13:31:10,321] {dagbag.py:508} INFO - Filling up the DagBag from /home/airflow/.local/lib/python3.7/site-packages/airflow/example_dags/example_skip_dag.py
[2022-08-21 13:31:10,327] {processor.py:651} INFO - DAG(s) dict_keys(['example_skip_dag']) retrieved from /home/airflow/.local/lib/python3.7/site-packages/airflow/example_dags/example_skip_dag.py
[2022-08-21 13:31:10,360] {logging_mixin.py:115} INFO - [2022-08-21 13:31:10,360] {dag.py:2420} INFO - Sync 1 DAGs
[2022-08-21 13:31:10,397] {logging_mixin.py:115} INFO - [2022-08-21 13:31:10,397] {dag.py:2972} INFO - Setting next_dagrun for example_skip_dag to 2022-08-20T13:31:10.397216+00:00, run_after=2022-08-21T13:31:10.397216+00:00
[2022-08-21 13:31:10,425] {processor.py:161} INFO - Processing /home/airflow/.local/lib/python3.7/site-packages/airflow/example_dags/example_skip_dag.py took 0.109 seconds
[2022-08-21 13:31:40,471] {processor.py:153} INFO - Started process (PID=1626) to work on /home/airflow/.local/lib/python3.7/site-packages/airflow/example_dags/example_skip_dag.py
[2022-08-21 13:31:40,472] {processor.py:641} INFO - Processing file /home/airflow/.local/lib/python3.7/site-packages/airflow/example_dags/example_skip_dag.py for tasks to queue
[2022-08-21 13:31:40,473] {logging_mixin.py:115} INFO - [2022-08-21 13:31:40,473] {dagbag.py:508} INFO - Filling up the DagBag from /home/airflow/.local/lib/python3.7/site-packages/airflow/example_dags/example_skip_dag.py
[2022-08-21 13:31:40,478] {processor.py:651} INFO - DAG(s) dict_keys(['example_skip_dag']) retrieved from /home/airflow/.local/lib/python3.7/site-packages/airflow/example_dags/example_skip_dag.py
[2022-08-21 13:31:40,505] {logging_mixin.py:115} INFO - [2022-08-21 13:31:40,504] {dag.py:2420} INFO - Sync 1 DAGs
[2022-08-21 13:31:40,523] {logging_mixin.py:115} INFO - [2022-08-21 13:31:40,523] {dag.py:2972} INFO - Setting next_dagrun for example_skip_dag to 2022-08-20T13:31:40.522851+00:00, run_after=2022-08-21T13:31:40.522851+00:00
[2022-08-21 13:31:40,536] {processor.py:161} INFO - Processing /home/airflow/.local/lib/python3.7/site-packages/airflow/example_dags/example_skip_dag.py took 0.068 seconds
[2022-08-21 13:32:11,460] {processor.py:153} INFO - Started process (PID=1688) to work on /home/airflow/.local/lib/python3.7/site-packages/airflow/example_dags/example_skip_dag.py
[2022-08-21 13:32:11,462] {processor.py:641} INFO - Processing file /home/airflow/.local/lib/python3.7/site-packages/airflow/example_dags/example_skip_dag.py for tasks to queue
[2022-08-21 13:32:11,463] {logging_mixin.py:115} INFO - [2022-08-21 13:32:11,462] {dagbag.py:508} INFO - Filling up the DagBag from /home/airflow/.local/lib/python3.7/site-packages/airflow/example_dags/example_skip_dag.py
[2022-08-21 13:32:11,470] {processor.py:651} INFO - DAG(s) dict_keys(['example_skip_dag']) retrieved from /home/airflow/.local/lib/python3.7/site-packages/airflow/example_dags/example_skip_dag.py
[2022-08-21 13:32:11,507] {logging_mixin.py:115} INFO - [2022-08-21 13:32:11,506] {dag.py:2420} INFO - Sync 1 DAGs
[2022-08-21 13:32:11,540] {logging_mixin.py:115} INFO - [2022-08-21 13:32:11,540] {dag.py:2972} INFO - Setting next_dagrun for example_skip_dag to 2022-08-20T13:32:11.539989+00:00, run_after=2022-08-21T13:32:11.539989+00:00
[2022-08-21 13:32:11,557] {processor.py:161} INFO - Processing /home/airflow/.local/lib/python3.7/site-packages/airflow/example_dags/example_skip_dag.py took 0.101 seconds
[2022-08-21 13:32:42,325] {processor.py:153} INFO - Started process (PID=1747) to work on /home/airflow/.local/lib/python3.7/site-packages/airflow/example_dags/example_skip_dag.py
[2022-08-21 13:32:42,325] {processor.py:641} INFO - Processing file /home/airflow/.local/lib/python3.7/site-packages/airflow/example_dags/example_skip_dag.py for tasks to queue
[2022-08-21 13:32:42,326] {logging_mixin.py:115} INFO - [2022-08-21 13:32:42,326] {dagbag.py:508} INFO - Filling up the DagBag from /home/airflow/.local/lib/python3.7/site-packages/airflow/example_dags/example_skip_dag.py
[2022-08-21 13:32:42,332] {processor.py:651} INFO - DAG(s) dict_keys(['example_skip_dag']) retrieved from /home/airflow/.local/lib/python3.7/site-packages/airflow/example_dags/example_skip_dag.py
[2022-08-21 13:32:42,357] {logging_mixin.py:115} INFO - [2022-08-21 13:32:42,357] {dag.py:2420} INFO - Sync 1 DAGs
[2022-08-21 13:32:42,379] {logging_mixin.py:115} INFO - [2022-08-21 13:32:42,379] {dag.py:2972} INFO - Setting next_dagrun for example_skip_dag to 2022-08-20T13:32:42.379282+00:00, run_after=2022-08-21T13:32:42.379282+00:00
[2022-08-21 13:32:42,399] {processor.py:161} INFO - Processing /home/airflow/.local/lib/python3.7/site-packages/airflow/example_dags/example_skip_dag.py took 0.077 seconds
[2022-08-21 13:33:13,258] {processor.py:153} INFO - Started process (PID=1802) to work on /home/airflow/.local/lib/python3.7/site-packages/airflow/example_dags/example_skip_dag.py
[2022-08-21 13:33:13,259] {processor.py:641} INFO - Processing file /home/airflow/.local/lib/python3.7/site-packages/airflow/example_dags/example_skip_dag.py for tasks to queue
[2022-08-21 13:33:13,260] {logging_mixin.py:115} INFO - [2022-08-21 13:33:13,260] {dagbag.py:508} INFO - Filling up the DagBag from /home/airflow/.local/lib/python3.7/site-packages/airflow/example_dags/example_skip_dag.py
[2022-08-21 13:33:13,265] {processor.py:651} INFO - DAG(s) dict_keys(['example_skip_dag']) retrieved from /home/airflow/.local/lib/python3.7/site-packages/airflow/example_dags/example_skip_dag.py
[2022-08-21 13:33:13,294] {logging_mixin.py:115} INFO - [2022-08-21 13:33:13,294] {dag.py:2420} INFO - Sync 1 DAGs
[2022-08-21 13:33:13,313] {logging_mixin.py:115} INFO - [2022-08-21 13:33:13,313] {dag.py:2972} INFO - Setting next_dagrun for example_skip_dag to 2022-08-20T13:33:13.313268+00:00, run_after=2022-08-21T13:33:13.313268+00:00
[2022-08-21 13:33:13,328] {processor.py:161} INFO - Processing /home/airflow/.local/lib/python3.7/site-packages/airflow/example_dags/example_skip_dag.py took 0.073 seconds
[2022-08-21 13:33:44,098] {processor.py:153} INFO - Started process (PID=1863) to work on /home/airflow/.local/lib/python3.7/site-packages/airflow/example_dags/example_skip_dag.py
[2022-08-21 13:33:44,099] {processor.py:641} INFO - Processing file /home/airflow/.local/lib/python3.7/site-packages/airflow/example_dags/example_skip_dag.py for tasks to queue
[2022-08-21 13:33:44,099] {logging_mixin.py:115} INFO - [2022-08-21 13:33:44,099] {dagbag.py:508} INFO - Filling up the DagBag from /home/airflow/.local/lib/python3.7/site-packages/airflow/example_dags/example_skip_dag.py
[2022-08-21 13:33:44,104] {processor.py:651} INFO - DAG(s) dict_keys(['example_skip_dag']) retrieved from /home/airflow/.local/lib/python3.7/site-packages/airflow/example_dags/example_skip_dag.py
[2022-08-21 13:33:44,129] {logging_mixin.py:115} INFO - [2022-08-21 13:33:44,129] {dag.py:2420} INFO - Sync 1 DAGs
[2022-08-21 13:33:44,155] {logging_mixin.py:115} INFO - [2022-08-21 13:33:44,155] {dag.py:2972} INFO - Setting next_dagrun for example_skip_dag to 2022-08-20T13:33:44.155249+00:00, run_after=2022-08-21T13:33:44.155249+00:00
[2022-08-21 13:33:44,167] {processor.py:161} INFO - Processing /home/airflow/.local/lib/python3.7/site-packages/airflow/example_dags/example_skip_dag.py took 0.072 seconds
[2022-08-21 13:34:15,014] {processor.py:153} INFO - Started process (PID=1924) to work on /home/airflow/.local/lib/python3.7/site-packages/airflow/example_dags/example_skip_dag.py
[2022-08-21 13:34:15,015] {processor.py:641} INFO - Processing file /home/airflow/.local/lib/python3.7/site-packages/airflow/example_dags/example_skip_dag.py for tasks to queue
[2022-08-21 13:34:15,017] {logging_mixin.py:115} INFO - [2022-08-21 13:34:15,016] {dagbag.py:508} INFO - Filling up the DagBag from /home/airflow/.local/lib/python3.7/site-packages/airflow/example_dags/example_skip_dag.py
[2022-08-21 13:34:15,023] {processor.py:651} INFO - DAG(s) dict_keys(['example_skip_dag']) retrieved from /home/airflow/.local/lib/python3.7/site-packages/airflow/example_dags/example_skip_dag.py
[2022-08-21 13:34:15,062] {logging_mixin.py:115} INFO - [2022-08-21 13:34:15,062] {dag.py:2420} INFO - Sync 1 DAGs
[2022-08-21 13:34:15,100] {logging_mixin.py:115} INFO - [2022-08-21 13:34:15,100] {dag.py:2972} INFO - Setting next_dagrun for example_skip_dag to 2022-08-20T13:34:15.100421+00:00, run_after=2022-08-21T13:34:15.100421+00:00
[2022-08-21 13:34:15,123] {processor.py:161} INFO - Processing /home/airflow/.local/lib/python3.7/site-packages/airflow/example_dags/example_skip_dag.py took 0.113 seconds
[2022-08-21 13:34:45,282] {processor.py:153} INFO - Started process (PID=1976) to work on /home/airflow/.local/lib/python3.7/site-packages/airflow/example_dags/example_skip_dag.py
[2022-08-21 13:34:45,282] {processor.py:641} INFO - Processing file /home/airflow/.local/lib/python3.7/site-packages/airflow/example_dags/example_skip_dag.py for tasks to queue
[2022-08-21 13:34:45,283] {logging_mixin.py:115} INFO - [2022-08-21 13:34:45,283] {dagbag.py:508} INFO - Filling up the DagBag from /home/airflow/.local/lib/python3.7/site-packages/airflow/example_dags/example_skip_dag.py
[2022-08-21 13:34:45,287] {processor.py:651} INFO - DAG(s) dict_keys(['example_skip_dag']) retrieved from /home/airflow/.local/lib/python3.7/site-packages/airflow/example_dags/example_skip_dag.py
[2022-08-21 13:34:45,310] {logging_mixin.py:115} INFO - [2022-08-21 13:34:45,309] {dag.py:2420} INFO - Sync 1 DAGs
[2022-08-21 13:34:45,328] {logging_mixin.py:115} INFO - [2022-08-21 13:34:45,328] {dag.py:2972} INFO - Setting next_dagrun for example_skip_dag to 2022-08-20T13:34:45.328451+00:00, run_after=2022-08-21T13:34:45.328451+00:00
[2022-08-21 13:34:45,346] {processor.py:161} INFO - Processing /home/airflow/.local/lib/python3.7/site-packages/airflow/example_dags/example_skip_dag.py took 0.067 seconds
[2022-08-21 13:35:16,333] {processor.py:153} INFO - Started process (PID=2037) to work on /home/airflow/.local/lib/python3.7/site-packages/airflow/example_dags/example_skip_dag.py
[2022-08-21 13:35:16,335] {processor.py:641} INFO - Processing file /home/airflow/.local/lib/python3.7/site-packages/airflow/example_dags/example_skip_dag.py for tasks to queue
[2022-08-21 13:35:16,335] {logging_mixin.py:115} INFO - [2022-08-21 13:35:16,335] {dagbag.py:508} INFO - Filling up the DagBag from /home/airflow/.local/lib/python3.7/site-packages/airflow/example_dags/example_skip_dag.py
[2022-08-21 13:35:16,340] {processor.py:651} INFO - DAG(s) dict_keys(['example_skip_dag']) retrieved from /home/airflow/.local/lib/python3.7/site-packages/airflow/example_dags/example_skip_dag.py
[2022-08-21 13:35:16,366] {logging_mixin.py:115} INFO - [2022-08-21 13:35:16,366] {dag.py:2420} INFO - Sync 1 DAGs
[2022-08-21 13:35:16,386] {logging_mixin.py:115} INFO - [2022-08-21 13:35:16,386] {dag.py:2972} INFO - Setting next_dagrun for example_skip_dag to 2022-08-20T13:35:16.386026+00:00, run_after=2022-08-21T13:35:16.386026+00:00
[2022-08-21 13:35:16,400] {processor.py:161} INFO - Processing /home/airflow/.local/lib/python3.7/site-packages/airflow/example_dags/example_skip_dag.py took 0.069 seconds
[2022-08-21 13:35:47,360] {processor.py:153} INFO - Started process (PID=2098) to work on /home/airflow/.local/lib/python3.7/site-packages/airflow/example_dags/example_skip_dag.py
[2022-08-21 13:35:47,361] {processor.py:641} INFO - Processing file /home/airflow/.local/lib/python3.7/site-packages/airflow/example_dags/example_skip_dag.py for tasks to queue
[2022-08-21 13:35:47,362] {logging_mixin.py:115} INFO - [2022-08-21 13:35:47,362] {dagbag.py:508} INFO - Filling up the DagBag from /home/airflow/.local/lib/python3.7/site-packages/airflow/example_dags/example_skip_dag.py
[2022-08-21 13:35:47,366] {processor.py:651} INFO - DAG(s) dict_keys(['example_skip_dag']) retrieved from /home/airflow/.local/lib/python3.7/site-packages/airflow/example_dags/example_skip_dag.py
[2022-08-21 13:35:47,395] {logging_mixin.py:115} INFO - [2022-08-21 13:35:47,394] {dag.py:2420} INFO - Sync 1 DAGs
[2022-08-21 13:35:47,420] {logging_mixin.py:115} INFO - [2022-08-21 13:35:47,420] {dag.py:2972} INFO - Setting next_dagrun for example_skip_dag to 2022-08-20T13:35:47.420348+00:00, run_after=2022-08-21T13:35:47.420348+00:00
[2022-08-21 13:35:47,439] {processor.py:161} INFO - Processing /home/airflow/.local/lib/python3.7/site-packages/airflow/example_dags/example_skip_dag.py took 0.082 seconds
[2022-08-21 13:36:18,243] {processor.py:153} INFO - Started process (PID=2150) to work on /home/airflow/.local/lib/python3.7/site-packages/airflow/example_dags/example_skip_dag.py
[2022-08-21 13:36:18,244] {processor.py:641} INFO - Processing file /home/airflow/.local/lib/python3.7/site-packages/airflow/example_dags/example_skip_dag.py for tasks to queue
[2022-08-21 13:36:18,245] {logging_mixin.py:115} INFO - [2022-08-21 13:36:18,245] {dagbag.py:508} INFO - Filling up the DagBag from /home/airflow/.local/lib/python3.7/site-packages/airflow/example_dags/example_skip_dag.py
[2022-08-21 13:36:18,250] {processor.py:651} INFO - DAG(s) dict_keys(['example_skip_dag']) retrieved from /home/airflow/.local/lib/python3.7/site-packages/airflow/example_dags/example_skip_dag.py
[2022-08-21 13:36:18,276] {logging_mixin.py:115} INFO - [2022-08-21 13:36:18,276] {dag.py:2420} INFO - Sync 1 DAGs
[2022-08-21 13:36:18,297] {logging_mixin.py:115} INFO - [2022-08-21 13:36:18,297] {dag.py:2972} INFO - Setting next_dagrun for example_skip_dag to 2022-08-20T13:36:18.296971+00:00, run_after=2022-08-21T13:36:18.296971+00:00
[2022-08-21 13:36:18,310] {processor.py:161} INFO - Processing /home/airflow/.local/lib/python3.7/site-packages/airflow/example_dags/example_skip_dag.py took 0.070 seconds
[2022-08-21 13:36:49,185] {processor.py:153} INFO - Started process (PID=2212) to work on /home/airflow/.local/lib/python3.7/site-packages/airflow/example_dags/example_skip_dag.py
[2022-08-21 13:36:49,186] {processor.py:641} INFO - Processing file /home/airflow/.local/lib/python3.7/site-packages/airflow/example_dags/example_skip_dag.py for tasks to queue
[2022-08-21 13:36:49,187] {logging_mixin.py:115} INFO - [2022-08-21 13:36:49,187] {dagbag.py:508} INFO - Filling up the DagBag from /home/airflow/.local/lib/python3.7/site-packages/airflow/example_dags/example_skip_dag.py
[2022-08-21 13:36:49,193] {processor.py:651} INFO - DAG(s) dict_keys(['example_skip_dag']) retrieved from /home/airflow/.local/lib/python3.7/site-packages/airflow/example_dags/example_skip_dag.py
[2022-08-21 13:36:49,220] {logging_mixin.py:115} INFO - [2022-08-21 13:36:49,220] {dag.py:2420} INFO - Sync 1 DAGs
[2022-08-21 13:36:49,246] {logging_mixin.py:115} INFO - [2022-08-21 13:36:49,246] {dag.py:2972} INFO - Setting next_dagrun for example_skip_dag to 2022-08-20T13:36:49.246278+00:00, run_after=2022-08-21T13:36:49.246278+00:00
[2022-08-21 13:36:49,260] {processor.py:161} INFO - Processing /home/airflow/.local/lib/python3.7/site-packages/airflow/example_dags/example_skip_dag.py took 0.078 seconds
[2022-08-21 13:37:19,978] {processor.py:153} INFO - Started process (PID=2274) to work on /home/airflow/.local/lib/python3.7/site-packages/airflow/example_dags/example_skip_dag.py
[2022-08-21 13:37:19,979] {processor.py:641} INFO - Processing file /home/airflow/.local/lib/python3.7/site-packages/airflow/example_dags/example_skip_dag.py for tasks to queue
[2022-08-21 13:37:19,980] {logging_mixin.py:115} INFO - [2022-08-21 13:37:19,980] {dagbag.py:508} INFO - Filling up the DagBag from /home/airflow/.local/lib/python3.7/site-packages/airflow/example_dags/example_skip_dag.py
[2022-08-21 13:37:19,986] {processor.py:651} INFO - DAG(s) dict_keys(['example_skip_dag']) retrieved from /home/airflow/.local/lib/python3.7/site-packages/airflow/example_dags/example_skip_dag.py
[2022-08-21 13:37:20,022] {logging_mixin.py:115} INFO - [2022-08-21 13:37:20,022] {dag.py:2420} INFO - Sync 1 DAGs
[2022-08-21 13:37:20,048] {logging_mixin.py:115} INFO - [2022-08-21 13:37:20,048] {dag.py:2972} INFO - Setting next_dagrun for example_skip_dag to 2022-08-20T13:37:20.048497+00:00, run_after=2022-08-21T13:37:20.048497+00:00
[2022-08-21 13:37:20,064] {processor.py:161} INFO - Processing /home/airflow/.local/lib/python3.7/site-packages/airflow/example_dags/example_skip_dag.py took 0.089 seconds
[2022-08-21 13:37:50,717] {processor.py:153} INFO - Started process (PID=2326) to work on /home/airflow/.local/lib/python3.7/site-packages/airflow/example_dags/example_skip_dag.py
[2022-08-21 13:37:50,718] {processor.py:641} INFO - Processing file /home/airflow/.local/lib/python3.7/site-packages/airflow/example_dags/example_skip_dag.py for tasks to queue
[2022-08-21 13:37:50,718] {logging_mixin.py:115} INFO - [2022-08-21 13:37:50,718] {dagbag.py:508} INFO - Filling up the DagBag from /home/airflow/.local/lib/python3.7/site-packages/airflow/example_dags/example_skip_dag.py
[2022-08-21 13:37:50,726] {processor.py:651} INFO - DAG(s) dict_keys(['example_skip_dag']) retrieved from /home/airflow/.local/lib/python3.7/site-packages/airflow/example_dags/example_skip_dag.py
[2022-08-21 13:37:50,800] {logging_mixin.py:115} INFO - [2022-08-21 13:37:50,800] {dag.py:2420} INFO - Sync 1 DAGs
[2022-08-21 13:37:50,836] {logging_mixin.py:115} INFO - [2022-08-21 13:37:50,836] {dag.py:2972} INFO - Setting next_dagrun for example_skip_dag to 2022-08-20T13:37:50.835867+00:00, run_after=2022-08-21T13:37:50.835867+00:00
[2022-08-21 13:37:50,858] {processor.py:161} INFO - Processing /home/airflow/.local/lib/python3.7/site-packages/airflow/example_dags/example_skip_dag.py took 0.146 seconds
[2022-08-21 13:38:21,681] {processor.py:153} INFO - Started process (PID=2387) to work on /home/airflow/.local/lib/python3.7/site-packages/airflow/example_dags/example_skip_dag.py
[2022-08-21 13:38:21,682] {processor.py:641} INFO - Processing file /home/airflow/.local/lib/python3.7/site-packages/airflow/example_dags/example_skip_dag.py for tasks to queue
[2022-08-21 13:38:21,683] {logging_mixin.py:115} INFO - [2022-08-21 13:38:21,683] {dagbag.py:508} INFO - Filling up the DagBag from /home/airflow/.local/lib/python3.7/site-packages/airflow/example_dags/example_skip_dag.py
[2022-08-21 13:38:21,688] {processor.py:651} INFO - DAG(s) dict_keys(['example_skip_dag']) retrieved from /home/airflow/.local/lib/python3.7/site-packages/airflow/example_dags/example_skip_dag.py
[2022-08-21 13:38:21,716] {logging_mixin.py:115} INFO - [2022-08-21 13:38:21,716] {dag.py:2420} INFO - Sync 1 DAGs
[2022-08-21 13:38:21,738] {logging_mixin.py:115} INFO - [2022-08-21 13:38:21,738] {dag.py:2972} INFO - Setting next_dagrun for example_skip_dag to 2022-08-20T13:38:21.738038+00:00, run_after=2022-08-21T13:38:21.738038+00:00
[2022-08-21 13:38:21,754] {processor.py:161} INFO - Processing /home/airflow/.local/lib/python3.7/site-packages/airflow/example_dags/example_skip_dag.py took 0.076 seconds
[2022-08-21 13:38:52,645] {processor.py:153} INFO - Started process (PID=2448) to work on /home/airflow/.local/lib/python3.7/site-packages/airflow/example_dags/example_skip_dag.py
[2022-08-21 13:38:52,646] {processor.py:641} INFO - Processing file /home/airflow/.local/lib/python3.7/site-packages/airflow/example_dags/example_skip_dag.py for tasks to queue
[2022-08-21 13:38:52,647] {logging_mixin.py:115} INFO - [2022-08-21 13:38:52,647] {dagbag.py:508} INFO - Filling up the DagBag from /home/airflow/.local/lib/python3.7/site-packages/airflow/example_dags/example_skip_dag.py
[2022-08-21 13:38:52,655] {processor.py:651} INFO - DAG(s) dict_keys(['example_skip_dag']) retrieved from /home/airflow/.local/lib/python3.7/site-packages/airflow/example_dags/example_skip_dag.py
[2022-08-21 13:38:52,683] {logging_mixin.py:115} INFO - [2022-08-21 13:38:52,683] {dag.py:2420} INFO - Sync 1 DAGs
[2022-08-21 13:38:52,704] {logging_mixin.py:115} INFO - [2022-08-21 13:38:52,704] {dag.py:2972} INFO - Setting next_dagrun for example_skip_dag to 2022-08-20T13:38:52.704195+00:00, run_after=2022-08-21T13:38:52.704195+00:00
[2022-08-21 13:38:52,717] {processor.py:161} INFO - Processing /home/airflow/.local/lib/python3.7/site-packages/airflow/example_dags/example_skip_dag.py took 0.075 seconds
[2022-08-21 13:39:22,893] {processor.py:153} INFO - Started process (PID=2509) to work on /home/airflow/.local/lib/python3.7/site-packages/airflow/example_dags/example_skip_dag.py
[2022-08-21 13:39:22,895] {processor.py:641} INFO - Processing file /home/airflow/.local/lib/python3.7/site-packages/airflow/example_dags/example_skip_dag.py for tasks to queue
[2022-08-21 13:39:22,896] {logging_mixin.py:115} INFO - [2022-08-21 13:39:22,896] {dagbag.py:508} INFO - Filling up the DagBag from /home/airflow/.local/lib/python3.7/site-packages/airflow/example_dags/example_skip_dag.py
[2022-08-21 13:39:22,903] {processor.py:651} INFO - DAG(s) dict_keys(['example_skip_dag']) retrieved from /home/airflow/.local/lib/python3.7/site-packages/airflow/example_dags/example_skip_dag.py
[2022-08-21 13:39:22,930] {logging_mixin.py:115} INFO - [2022-08-21 13:39:22,930] {dag.py:2420} INFO - Sync 1 DAGs
[2022-08-21 13:39:22,958] {logging_mixin.py:115} INFO - [2022-08-21 13:39:22,958] {dag.py:2972} INFO - Setting next_dagrun for example_skip_dag to 2022-08-20T13:39:22.958160+00:00, run_after=2022-08-21T13:39:22.958160+00:00
[2022-08-21 13:39:22,972] {processor.py:161} INFO - Processing /home/airflow/.local/lib/python3.7/site-packages/airflow/example_dags/example_skip_dag.py took 0.083 seconds
[2022-08-21 13:39:53,839] {processor.py:153} INFO - Started process (PID=2563) to work on /home/airflow/.local/lib/python3.7/site-packages/airflow/example_dags/example_skip_dag.py
[2022-08-21 13:39:53,840] {processor.py:641} INFO - Processing file /home/airflow/.local/lib/python3.7/site-packages/airflow/example_dags/example_skip_dag.py for tasks to queue
[2022-08-21 13:39:53,841] {logging_mixin.py:115} INFO - [2022-08-21 13:39:53,841] {dagbag.py:508} INFO - Filling up the DagBag from /home/airflow/.local/lib/python3.7/site-packages/airflow/example_dags/example_skip_dag.py
[2022-08-21 13:39:53,845] {processor.py:651} INFO - DAG(s) dict_keys(['example_skip_dag']) retrieved from /home/airflow/.local/lib/python3.7/site-packages/airflow/example_dags/example_skip_dag.py
[2022-08-21 13:39:53,870] {logging_mixin.py:115} INFO - [2022-08-21 13:39:53,870] {dag.py:2420} INFO - Sync 1 DAGs
[2022-08-21 13:39:53,889] {logging_mixin.py:115} INFO - [2022-08-21 13:39:53,889] {dag.py:2972} INFO - Setting next_dagrun for example_skip_dag to 2022-08-20T13:39:53.888949+00:00, run_after=2022-08-21T13:39:53.888949+00:00
[2022-08-21 13:39:53,908] {processor.py:161} INFO - Processing /home/airflow/.local/lib/python3.7/site-packages/airflow/example_dags/example_skip_dag.py took 0.072 seconds
[2022-08-21 13:40:24,013] {processor.py:153} INFO - Started process (PID=2639) to work on /home/airflow/.local/lib/python3.7/site-packages/airflow/example_dags/example_skip_dag.py
[2022-08-21 13:40:24,013] {processor.py:641} INFO - Processing file /home/airflow/.local/lib/python3.7/site-packages/airflow/example_dags/example_skip_dag.py for tasks to queue
[2022-08-21 13:40:24,014] {logging_mixin.py:115} INFO - [2022-08-21 13:40:24,014] {dagbag.py:508} INFO - Filling up the DagBag from /home/airflow/.local/lib/python3.7/site-packages/airflow/example_dags/example_skip_dag.py
[2022-08-21 13:40:24,019] {processor.py:651} INFO - DAG(s) dict_keys(['example_skip_dag']) retrieved from /home/airflow/.local/lib/python3.7/site-packages/airflow/example_dags/example_skip_dag.py
[2022-08-21 13:40:24,043] {logging_mixin.py:115} INFO - [2022-08-21 13:40:24,043] {dag.py:2420} INFO - Sync 1 DAGs
[2022-08-21 13:40:24,063] {logging_mixin.py:115} INFO - [2022-08-21 13:40:24,063] {dag.py:2972} INFO - Setting next_dagrun for example_skip_dag to 2022-08-20T13:40:24.063001+00:00, run_after=2022-08-21T13:40:24.063001+00:00
[2022-08-21 13:40:24,076] {processor.py:161} INFO - Processing /home/airflow/.local/lib/python3.7/site-packages/airflow/example_dags/example_skip_dag.py took 0.067 seconds
[2022-08-21 13:40:54,185] {processor.py:153} INFO - Started process (PID=2692) to work on /home/airflow/.local/lib/python3.7/site-packages/airflow/example_dags/example_skip_dag.py
[2022-08-21 13:40:54,186] {processor.py:641} INFO - Processing file /home/airflow/.local/lib/python3.7/site-packages/airflow/example_dags/example_skip_dag.py for tasks to queue
[2022-08-21 13:40:54,187] {logging_mixin.py:115} INFO - [2022-08-21 13:40:54,186] {dagbag.py:508} INFO - Filling up the DagBag from /home/airflow/.local/lib/python3.7/site-packages/airflow/example_dags/example_skip_dag.py
[2022-08-21 13:40:54,191] {processor.py:651} INFO - DAG(s) dict_keys(['example_skip_dag']) retrieved from /home/airflow/.local/lib/python3.7/site-packages/airflow/example_dags/example_skip_dag.py
[2022-08-21 13:40:54,215] {logging_mixin.py:115} INFO - [2022-08-21 13:40:54,215] {dag.py:2420} INFO - Sync 1 DAGs
[2022-08-21 13:40:54,235] {logging_mixin.py:115} INFO - [2022-08-21 13:40:54,235] {dag.py:2972} INFO - Setting next_dagrun for example_skip_dag to 2022-08-20T13:40:54.234861+00:00, run_after=2022-08-21T13:40:54.234861+00:00
[2022-08-21 13:40:54,254] {processor.py:161} INFO - Processing /home/airflow/.local/lib/python3.7/site-packages/airflow/example_dags/example_skip_dag.py took 0.072 seconds
[2022-08-21 13:41:24,459] {processor.py:153} INFO - Started process (PID=2757) to work on /home/airflow/.local/lib/python3.7/site-packages/airflow/example_dags/example_skip_dag.py
[2022-08-21 13:41:24,460] {processor.py:641} INFO - Processing file /home/airflow/.local/lib/python3.7/site-packages/airflow/example_dags/example_skip_dag.py for tasks to queue
[2022-08-21 13:41:24,461] {logging_mixin.py:115} INFO - [2022-08-21 13:41:24,460] {dagbag.py:508} INFO - Filling up the DagBag from /home/airflow/.local/lib/python3.7/site-packages/airflow/example_dags/example_skip_dag.py
[2022-08-21 13:41:24,465] {processor.py:651} INFO - DAG(s) dict_keys(['example_skip_dag']) retrieved from /home/airflow/.local/lib/python3.7/site-packages/airflow/example_dags/example_skip_dag.py
[2022-08-21 13:41:24,492] {logging_mixin.py:115} INFO - [2022-08-21 13:41:24,492] {dag.py:2420} INFO - Sync 1 DAGs
[2022-08-21 13:41:24,515] {logging_mixin.py:115} INFO - [2022-08-21 13:41:24,515] {dag.py:2972} INFO - Setting next_dagrun for example_skip_dag to 2022-08-20T13:41:24.514906+00:00, run_after=2022-08-21T13:41:24.514906+00:00
[2022-08-21 13:41:24,532] {processor.py:161} INFO - Processing /home/airflow/.local/lib/python3.7/site-packages/airflow/example_dags/example_skip_dag.py took 0.075 seconds
[2022-08-21 13:41:54,662] {processor.py:153} INFO - Started process (PID=2818) to work on /home/airflow/.local/lib/python3.7/site-packages/airflow/example_dags/example_skip_dag.py
[2022-08-21 13:41:54,662] {processor.py:641} INFO - Processing file /home/airflow/.local/lib/python3.7/site-packages/airflow/example_dags/example_skip_dag.py for tasks to queue
[2022-08-21 13:41:54,663] {logging_mixin.py:115} INFO - [2022-08-21 13:41:54,663] {dagbag.py:508} INFO - Filling up the DagBag from /home/airflow/.local/lib/python3.7/site-packages/airflow/example_dags/example_skip_dag.py
[2022-08-21 13:41:54,668] {processor.py:651} INFO - DAG(s) dict_keys(['example_skip_dag']) retrieved from /home/airflow/.local/lib/python3.7/site-packages/airflow/example_dags/example_skip_dag.py
[2022-08-21 13:41:54,696] {logging_mixin.py:115} INFO - [2022-08-21 13:41:54,696] {dag.py:2420} INFO - Sync 1 DAGs
[2022-08-21 13:41:54,718] {logging_mixin.py:115} INFO - [2022-08-21 13:41:54,718] {dag.py:2972} INFO - Setting next_dagrun for example_skip_dag to 2022-08-20T13:41:54.718313+00:00, run_after=2022-08-21T13:41:54.718313+00:00
[2022-08-21 13:41:54,730] {processor.py:161} INFO - Processing /home/airflow/.local/lib/python3.7/site-packages/airflow/example_dags/example_skip_dag.py took 0.071 seconds
[2022-08-21 13:42:25,459] {processor.py:153} INFO - Started process (PID=2870) to work on /home/airflow/.local/lib/python3.7/site-packages/airflow/example_dags/example_skip_dag.py
[2022-08-21 13:42:25,460] {processor.py:641} INFO - Processing file /home/airflow/.local/lib/python3.7/site-packages/airflow/example_dags/example_skip_dag.py for tasks to queue
[2022-08-21 13:42:25,461] {logging_mixin.py:115} INFO - [2022-08-21 13:42:25,461] {dagbag.py:508} INFO - Filling up the DagBag from /home/airflow/.local/lib/python3.7/site-packages/airflow/example_dags/example_skip_dag.py
[2022-08-21 13:42:25,467] {processor.py:651} INFO - DAG(s) dict_keys(['example_skip_dag']) retrieved from /home/airflow/.local/lib/python3.7/site-packages/airflow/example_dags/example_skip_dag.py
[2022-08-21 13:42:25,494] {logging_mixin.py:115} INFO - [2022-08-21 13:42:25,494] {dag.py:2420} INFO - Sync 1 DAGs
[2022-08-21 13:42:25,519] {logging_mixin.py:115} INFO - [2022-08-21 13:42:25,519] {dag.py:2972} INFO - Setting next_dagrun for example_skip_dag to 2022-08-20T13:42:25.519520+00:00, run_after=2022-08-21T13:42:25.519520+00:00
[2022-08-21 13:42:25,539] {processor.py:161} INFO - Processing /home/airflow/.local/lib/python3.7/site-packages/airflow/example_dags/example_skip_dag.py took 0.083 seconds
[2022-08-21 13:42:56,438] {processor.py:153} INFO - Started process (PID=2931) to work on /home/airflow/.local/lib/python3.7/site-packages/airflow/example_dags/example_skip_dag.py
[2022-08-21 13:42:56,439] {processor.py:641} INFO - Processing file /home/airflow/.local/lib/python3.7/site-packages/airflow/example_dags/example_skip_dag.py for tasks to queue
[2022-08-21 13:42:56,441] {logging_mixin.py:115} INFO - [2022-08-21 13:42:56,440] {dagbag.py:508} INFO - Filling up the DagBag from /home/airflow/.local/lib/python3.7/site-packages/airflow/example_dags/example_skip_dag.py
[2022-08-21 13:42:56,446] {processor.py:651} INFO - DAG(s) dict_keys(['example_skip_dag']) retrieved from /home/airflow/.local/lib/python3.7/site-packages/airflow/example_dags/example_skip_dag.py
[2022-08-21 13:42:56,471] {logging_mixin.py:115} INFO - [2022-08-21 13:42:56,471] {dag.py:2420} INFO - Sync 1 DAGs
[2022-08-21 13:42:56,491] {logging_mixin.py:115} INFO - [2022-08-21 13:42:56,491] {dag.py:2972} INFO - Setting next_dagrun for example_skip_dag to 2022-08-20T13:42:56.491374+00:00, run_after=2022-08-21T13:42:56.491374+00:00
[2022-08-21 13:42:56,510] {processor.py:161} INFO - Processing /home/airflow/.local/lib/python3.7/site-packages/airflow/example_dags/example_skip_dag.py took 0.075 seconds
[2022-08-21 13:43:26,758] {processor.py:153} INFO - Started process (PID=2992) to work on /home/airflow/.local/lib/python3.7/site-packages/airflow/example_dags/example_skip_dag.py
[2022-08-21 13:43:26,759] {processor.py:641} INFO - Processing file /home/airflow/.local/lib/python3.7/site-packages/airflow/example_dags/example_skip_dag.py for tasks to queue
[2022-08-21 13:43:26,760] {logging_mixin.py:115} INFO - [2022-08-21 13:43:26,760] {dagbag.py:508} INFO - Filling up the DagBag from /home/airflow/.local/lib/python3.7/site-packages/airflow/example_dags/example_skip_dag.py
[2022-08-21 13:43:26,767] {processor.py:651} INFO - DAG(s) dict_keys(['example_skip_dag']) retrieved from /home/airflow/.local/lib/python3.7/site-packages/airflow/example_dags/example_skip_dag.py
[2022-08-21 13:43:26,800] {logging_mixin.py:115} INFO - [2022-08-21 13:43:26,800] {dag.py:2420} INFO - Sync 1 DAGs
[2022-08-21 13:43:26,826] {logging_mixin.py:115} INFO - [2022-08-21 13:43:26,826] {dag.py:2972} INFO - Setting next_dagrun for example_skip_dag to 2022-08-20T13:43:26.826118+00:00, run_after=2022-08-21T13:43:26.826118+00:00
[2022-08-21 13:43:26,842] {processor.py:161} INFO - Processing /home/airflow/.local/lib/python3.7/site-packages/airflow/example_dags/example_skip_dag.py took 0.087 seconds
[2022-08-21 13:43:57,099] {processor.py:153} INFO - Started process (PID=3044) to work on /home/airflow/.local/lib/python3.7/site-packages/airflow/example_dags/example_skip_dag.py
[2022-08-21 13:43:57,100] {processor.py:641} INFO - Processing file /home/airflow/.local/lib/python3.7/site-packages/airflow/example_dags/example_skip_dag.py for tasks to queue
[2022-08-21 13:43:57,101] {logging_mixin.py:115} INFO - [2022-08-21 13:43:57,101] {dagbag.py:508} INFO - Filling up the DagBag from /home/airflow/.local/lib/python3.7/site-packages/airflow/example_dags/example_skip_dag.py
[2022-08-21 13:43:57,107] {processor.py:651} INFO - DAG(s) dict_keys(['example_skip_dag']) retrieved from /home/airflow/.local/lib/python3.7/site-packages/airflow/example_dags/example_skip_dag.py
[2022-08-21 13:43:57,130] {logging_mixin.py:115} INFO - [2022-08-21 13:43:57,130] {dag.py:2420} INFO - Sync 1 DAGs
[2022-08-21 13:43:57,150] {logging_mixin.py:115} INFO - [2022-08-21 13:43:57,150] {dag.py:2972} INFO - Setting next_dagrun for example_skip_dag to 2022-08-20T13:43:57.150582+00:00, run_after=2022-08-21T13:43:57.150582+00:00
[2022-08-21 13:43:57,167] {processor.py:161} INFO - Processing /home/airflow/.local/lib/python3.7/site-packages/airflow/example_dags/example_skip_dag.py took 0.074 seconds
[2022-08-21 13:44:28,033] {processor.py:153} INFO - Started process (PID=3105) to work on /home/airflow/.local/lib/python3.7/site-packages/airflow/example_dags/example_skip_dag.py
[2022-08-21 13:44:28,034] {processor.py:641} INFO - Processing file /home/airflow/.local/lib/python3.7/site-packages/airflow/example_dags/example_skip_dag.py for tasks to queue
[2022-08-21 13:44:28,034] {logging_mixin.py:115} INFO - [2022-08-21 13:44:28,034] {dagbag.py:508} INFO - Filling up the DagBag from /home/airflow/.local/lib/python3.7/site-packages/airflow/example_dags/example_skip_dag.py
[2022-08-21 13:44:28,042] {processor.py:651} INFO - DAG(s) dict_keys(['example_skip_dag']) retrieved from /home/airflow/.local/lib/python3.7/site-packages/airflow/example_dags/example_skip_dag.py
[2022-08-21 13:44:28,067] {logging_mixin.py:115} INFO - [2022-08-21 13:44:28,067] {dag.py:2420} INFO - Sync 1 DAGs
[2022-08-21 13:44:28,091] {logging_mixin.py:115} INFO - [2022-08-21 13:44:28,091] {dag.py:2972} INFO - Setting next_dagrun for example_skip_dag to 2022-08-20T13:44:28.091580+00:00, run_after=2022-08-21T13:44:28.091580+00:00
[2022-08-21 13:44:28,104] {processor.py:161} INFO - Processing /home/airflow/.local/lib/python3.7/site-packages/airflow/example_dags/example_skip_dag.py took 0.074 seconds
[2022-08-21 13:44:58,965] {processor.py:153} INFO - Started process (PID=3166) to work on /home/airflow/.local/lib/python3.7/site-packages/airflow/example_dags/example_skip_dag.py
[2022-08-21 13:44:58,965] {processor.py:641} INFO - Processing file /home/airflow/.local/lib/python3.7/site-packages/airflow/example_dags/example_skip_dag.py for tasks to queue
[2022-08-21 13:44:58,966] {logging_mixin.py:115} INFO - [2022-08-21 13:44:58,966] {dagbag.py:508} INFO - Filling up the DagBag from /home/airflow/.local/lib/python3.7/site-packages/airflow/example_dags/example_skip_dag.py
[2022-08-21 13:44:58,973] {processor.py:651} INFO - DAG(s) dict_keys(['example_skip_dag']) retrieved from /home/airflow/.local/lib/python3.7/site-packages/airflow/example_dags/example_skip_dag.py
[2022-08-21 13:44:59,002] {logging_mixin.py:115} INFO - [2022-08-21 13:44:59,002] {dag.py:2420} INFO - Sync 1 DAGs
[2022-08-21 13:44:59,025] {logging_mixin.py:115} INFO - [2022-08-21 13:44:59,025] {dag.py:2972} INFO - Setting next_dagrun for example_skip_dag to 2022-08-20T13:44:59.025051+00:00, run_after=2022-08-21T13:44:59.025051+00:00
[2022-08-21 13:44:59,044] {processor.py:161} INFO - Processing /home/airflow/.local/lib/python3.7/site-packages/airflow/example_dags/example_skip_dag.py took 0.082 seconds
[2022-08-21 13:45:29,861] {processor.py:153} INFO - Started process (PID=3218) to work on /home/airflow/.local/lib/python3.7/site-packages/airflow/example_dags/example_skip_dag.py
[2022-08-21 13:45:29,862] {processor.py:641} INFO - Processing file /home/airflow/.local/lib/python3.7/site-packages/airflow/example_dags/example_skip_dag.py for tasks to queue
[2022-08-21 13:45:29,863] {logging_mixin.py:115} INFO - [2022-08-21 13:45:29,863] {dagbag.py:508} INFO - Filling up the DagBag from /home/airflow/.local/lib/python3.7/site-packages/airflow/example_dags/example_skip_dag.py
[2022-08-21 13:45:29,871] {processor.py:651} INFO - DAG(s) dict_keys(['example_skip_dag']) retrieved from /home/airflow/.local/lib/python3.7/site-packages/airflow/example_dags/example_skip_dag.py
[2022-08-21 13:45:29,905] {logging_mixin.py:115} INFO - [2022-08-21 13:45:29,905] {dag.py:2420} INFO - Sync 1 DAGs
[2022-08-21 13:45:29,940] {logging_mixin.py:115} INFO - [2022-08-21 13:45:29,940] {dag.py:2972} INFO - Setting next_dagrun for example_skip_dag to 2022-08-20T13:45:29.940009+00:00, run_after=2022-08-21T13:45:29.940009+00:00
[2022-08-21 13:45:29,958] {processor.py:161} INFO - Processing /home/airflow/.local/lib/python3.7/site-packages/airflow/example_dags/example_skip_dag.py took 0.101 seconds
[2022-08-21 13:46:00,059] {processor.py:153} INFO - Started process (PID=3279) to work on /home/airflow/.local/lib/python3.7/site-packages/airflow/example_dags/example_skip_dag.py
[2022-08-21 13:46:00,061] {processor.py:641} INFO - Processing file /home/airflow/.local/lib/python3.7/site-packages/airflow/example_dags/example_skip_dag.py for tasks to queue
[2022-08-21 13:46:00,062] {logging_mixin.py:115} INFO - [2022-08-21 13:46:00,062] {dagbag.py:508} INFO - Filling up the DagBag from /home/airflow/.local/lib/python3.7/site-packages/airflow/example_dags/example_skip_dag.py
[2022-08-21 13:46:00,073] {processor.py:651} INFO - DAG(s) dict_keys(['example_skip_dag']) retrieved from /home/airflow/.local/lib/python3.7/site-packages/airflow/example_dags/example_skip_dag.py
[2022-08-21 13:46:00,103] {logging_mixin.py:115} INFO - [2022-08-21 13:46:00,103] {dag.py:2420} INFO - Sync 1 DAGs
[2022-08-21 13:46:00,123] {logging_mixin.py:115} INFO - [2022-08-21 13:46:00,123] {dag.py:2972} INFO - Setting next_dagrun for example_skip_dag to 2022-08-20T13:46:00.123498+00:00, run_after=2022-08-21T13:46:00.123498+00:00
[2022-08-21 13:46:00,136] {processor.py:161} INFO - Processing /home/airflow/.local/lib/python3.7/site-packages/airflow/example_dags/example_skip_dag.py took 0.080 seconds
[2022-08-21 13:46:31,001] {processor.py:153} INFO - Started process (PID=3331) to work on /home/airflow/.local/lib/python3.7/site-packages/airflow/example_dags/example_skip_dag.py
[2022-08-21 13:46:31,002] {processor.py:641} INFO - Processing file /home/airflow/.local/lib/python3.7/site-packages/airflow/example_dags/example_skip_dag.py for tasks to queue
[2022-08-21 13:46:31,003] {logging_mixin.py:115} INFO - [2022-08-21 13:46:31,003] {dagbag.py:508} INFO - Filling up the DagBag from /home/airflow/.local/lib/python3.7/site-packages/airflow/example_dags/example_skip_dag.py
[2022-08-21 13:46:31,008] {processor.py:651} INFO - DAG(s) dict_keys(['example_skip_dag']) retrieved from /home/airflow/.local/lib/python3.7/site-packages/airflow/example_dags/example_skip_dag.py
[2022-08-21 13:46:31,031] {logging_mixin.py:115} INFO - [2022-08-21 13:46:31,031] {dag.py:2420} INFO - Sync 1 DAGs
[2022-08-21 13:46:31,057] {logging_mixin.py:115} INFO - [2022-08-21 13:46:31,057] {dag.py:2972} INFO - Setting next_dagrun for example_skip_dag to 2022-08-20T13:46:31.056892+00:00, run_after=2022-08-21T13:46:31.056892+00:00
[2022-08-21 13:46:31,079] {processor.py:161} INFO - Processing /home/airflow/.local/lib/python3.7/site-packages/airflow/example_dags/example_skip_dag.py took 0.081 seconds
[2022-08-21 13:47:01,293] {processor.py:153} INFO - Started process (PID=3394) to work on /home/airflow/.local/lib/python3.7/site-packages/airflow/example_dags/example_skip_dag.py
[2022-08-21 13:47:01,294] {processor.py:641} INFO - Processing file /home/airflow/.local/lib/python3.7/site-packages/airflow/example_dags/example_skip_dag.py for tasks to queue
[2022-08-21 13:47:01,295] {logging_mixin.py:115} INFO - [2022-08-21 13:47:01,295] {dagbag.py:508} INFO - Filling up the DagBag from /home/airflow/.local/lib/python3.7/site-packages/airflow/example_dags/example_skip_dag.py
[2022-08-21 13:47:01,302] {processor.py:651} INFO - DAG(s) dict_keys(['example_skip_dag']) retrieved from /home/airflow/.local/lib/python3.7/site-packages/airflow/example_dags/example_skip_dag.py
[2022-08-21 13:47:01,331] {logging_mixin.py:115} INFO - [2022-08-21 13:47:01,331] {dag.py:2420} INFO - Sync 1 DAGs
[2022-08-21 13:47:01,352] {logging_mixin.py:115} INFO - [2022-08-21 13:47:01,352] {dag.py:2972} INFO - Setting next_dagrun for example_skip_dag to 2022-08-20T13:47:01.352031+00:00, run_after=2022-08-21T13:47:01.352031+00:00
[2022-08-21 13:47:01,365] {processor.py:161} INFO - Processing /home/airflow/.local/lib/python3.7/site-packages/airflow/example_dags/example_skip_dag.py took 0.075 seconds
[2022-08-21 13:47:32,030] {processor.py:153} INFO - Started process (PID=3456) to work on /home/airflow/.local/lib/python3.7/site-packages/airflow/example_dags/example_skip_dag.py
[2022-08-21 13:47:32,031] {processor.py:641} INFO - Processing file /home/airflow/.local/lib/python3.7/site-packages/airflow/example_dags/example_skip_dag.py for tasks to queue
[2022-08-21 13:47:32,031] {logging_mixin.py:115} INFO - [2022-08-21 13:47:32,031] {dagbag.py:508} INFO - Filling up the DagBag from /home/airflow/.local/lib/python3.7/site-packages/airflow/example_dags/example_skip_dag.py
[2022-08-21 13:47:32,036] {processor.py:651} INFO - DAG(s) dict_keys(['example_skip_dag']) retrieved from /home/airflow/.local/lib/python3.7/site-packages/airflow/example_dags/example_skip_dag.py
[2022-08-21 13:47:32,060] {logging_mixin.py:115} INFO - [2022-08-21 13:47:32,060] {dag.py:2420} INFO - Sync 1 DAGs
[2022-08-21 13:47:32,080] {logging_mixin.py:115} INFO - [2022-08-21 13:47:32,080] {dag.py:2972} INFO - Setting next_dagrun for example_skip_dag to 2022-08-20T13:47:32.080045+00:00, run_after=2022-08-21T13:47:32.080045+00:00
[2022-08-21 13:47:32,093] {processor.py:161} INFO - Processing /home/airflow/.local/lib/python3.7/site-packages/airflow/example_dags/example_skip_dag.py took 0.066 seconds
[2022-08-21 13:48:02,859] {processor.py:153} INFO - Started process (PID=3508) to work on /home/airflow/.local/lib/python3.7/site-packages/airflow/example_dags/example_skip_dag.py
[2022-08-21 13:48:02,860] {processor.py:641} INFO - Processing file /home/airflow/.local/lib/python3.7/site-packages/airflow/example_dags/example_skip_dag.py for tasks to queue
[2022-08-21 13:48:02,860] {logging_mixin.py:115} INFO - [2022-08-21 13:48:02,860] {dagbag.py:508} INFO - Filling up the DagBag from /home/airflow/.local/lib/python3.7/site-packages/airflow/example_dags/example_skip_dag.py
[2022-08-21 13:48:02,866] {processor.py:651} INFO - DAG(s) dict_keys(['example_skip_dag']) retrieved from /home/airflow/.local/lib/python3.7/site-packages/airflow/example_dags/example_skip_dag.py
[2022-08-21 13:48:02,891] {logging_mixin.py:115} INFO - [2022-08-21 13:48:02,891] {dag.py:2420} INFO - Sync 1 DAGs
[2022-08-21 13:48:02,911] {logging_mixin.py:115} INFO - [2022-08-21 13:48:02,911] {dag.py:2972} INFO - Setting next_dagrun for example_skip_dag to 2022-08-20T13:48:02.911303+00:00, run_after=2022-08-21T13:48:02.911303+00:00
[2022-08-21 13:48:02,929] {processor.py:161} INFO - Processing /home/airflow/.local/lib/python3.7/site-packages/airflow/example_dags/example_skip_dag.py took 0.073 seconds
[2022-08-21 13:48:33,804] {processor.py:153} INFO - Started process (PID=3570) to work on /home/airflow/.local/lib/python3.7/site-packages/airflow/example_dags/example_skip_dag.py
[2022-08-21 13:48:33,805] {processor.py:641} INFO - Processing file /home/airflow/.local/lib/python3.7/site-packages/airflow/example_dags/example_skip_dag.py for tasks to queue
[2022-08-21 13:48:33,806] {logging_mixin.py:115} INFO - [2022-08-21 13:48:33,806] {dagbag.py:508} INFO - Filling up the DagBag from /home/airflow/.local/lib/python3.7/site-packages/airflow/example_dags/example_skip_dag.py
[2022-08-21 13:48:33,815] {processor.py:651} INFO - DAG(s) dict_keys(['example_skip_dag']) retrieved from /home/airflow/.local/lib/python3.7/site-packages/airflow/example_dags/example_skip_dag.py
[2022-08-21 13:48:33,861] {logging_mixin.py:115} INFO - [2022-08-21 13:48:33,861] {dag.py:2420} INFO - Sync 1 DAGs
[2022-08-21 13:48:33,884] {logging_mixin.py:115} INFO - [2022-08-21 13:48:33,884] {dag.py:2972} INFO - Setting next_dagrun for example_skip_dag to 2022-08-20T13:48:33.884490+00:00, run_after=2022-08-21T13:48:33.884490+00:00
[2022-08-21 13:48:33,921] {processor.py:161} INFO - Processing /home/airflow/.local/lib/python3.7/site-packages/airflow/example_dags/example_skip_dag.py took 0.120 seconds
[2022-08-21 13:49:04,397] {processor.py:153} INFO - Started process (PID=3632) to work on /home/airflow/.local/lib/python3.7/site-packages/airflow/example_dags/example_skip_dag.py
[2022-08-21 13:49:04,398] {processor.py:641} INFO - Processing file /home/airflow/.local/lib/python3.7/site-packages/airflow/example_dags/example_skip_dag.py for tasks to queue
[2022-08-21 13:49:04,399] {logging_mixin.py:115} INFO - [2022-08-21 13:49:04,399] {dagbag.py:508} INFO - Filling up the DagBag from /home/airflow/.local/lib/python3.7/site-packages/airflow/example_dags/example_skip_dag.py
[2022-08-21 13:49:04,404] {processor.py:651} INFO - DAG(s) dict_keys(['example_skip_dag']) retrieved from /home/airflow/.local/lib/python3.7/site-packages/airflow/example_dags/example_skip_dag.py
[2022-08-21 13:49:04,431] {logging_mixin.py:115} INFO - [2022-08-21 13:49:04,431] {dag.py:2420} INFO - Sync 1 DAGs
[2022-08-21 13:49:04,450] {logging_mixin.py:115} INFO - [2022-08-21 13:49:04,450] {dag.py:2972} INFO - Setting next_dagrun for example_skip_dag to 2022-08-20T13:49:04.450029+00:00, run_after=2022-08-21T13:49:04.450029+00:00
[2022-08-21 13:49:04,467] {processor.py:161} INFO - Processing /home/airflow/.local/lib/python3.7/site-packages/airflow/example_dags/example_skip_dag.py took 0.073 seconds
[2022-08-21 13:49:35,398] {processor.py:153} INFO - Started process (PID=3684) to work on /home/airflow/.local/lib/python3.7/site-packages/airflow/example_dags/example_skip_dag.py
[2022-08-21 13:49:35,399] {processor.py:641} INFO - Processing file /home/airflow/.local/lib/python3.7/site-packages/airflow/example_dags/example_skip_dag.py for tasks to queue
[2022-08-21 13:49:35,400] {logging_mixin.py:115} INFO - [2022-08-21 13:49:35,400] {dagbag.py:508} INFO - Filling up the DagBag from /home/airflow/.local/lib/python3.7/site-packages/airflow/example_dags/example_skip_dag.py
[2022-08-21 13:49:35,405] {processor.py:651} INFO - DAG(s) dict_keys(['example_skip_dag']) retrieved from /home/airflow/.local/lib/python3.7/site-packages/airflow/example_dags/example_skip_dag.py
[2022-08-21 13:49:35,435] {logging_mixin.py:115} INFO - [2022-08-21 13:49:35,435] {dag.py:2420} INFO - Sync 1 DAGs
[2022-08-21 13:49:35,455] {logging_mixin.py:115} INFO - [2022-08-21 13:49:35,455] {dag.py:2972} INFO - Setting next_dagrun for example_skip_dag to 2022-08-20T13:49:35.455487+00:00, run_after=2022-08-21T13:49:35.455487+00:00
[2022-08-21 13:49:35,472] {processor.py:161} INFO - Processing /home/airflow/.local/lib/python3.7/site-packages/airflow/example_dags/example_skip_dag.py took 0.078 seconds
[2022-08-21 13:50:06,391] {processor.py:153} INFO - Started process (PID=3745) to work on /home/airflow/.local/lib/python3.7/site-packages/airflow/example_dags/example_skip_dag.py
[2022-08-21 13:50:06,392] {processor.py:641} INFO - Processing file /home/airflow/.local/lib/python3.7/site-packages/airflow/example_dags/example_skip_dag.py for tasks to queue
[2022-08-21 13:50:06,392] {logging_mixin.py:115} INFO - [2022-08-21 13:50:06,392] {dagbag.py:508} INFO - Filling up the DagBag from /home/airflow/.local/lib/python3.7/site-packages/airflow/example_dags/example_skip_dag.py
[2022-08-21 13:50:06,396] {processor.py:651} INFO - DAG(s) dict_keys(['example_skip_dag']) retrieved from /home/airflow/.local/lib/python3.7/site-packages/airflow/example_dags/example_skip_dag.py
[2022-08-21 13:50:06,421] {logging_mixin.py:115} INFO - [2022-08-21 13:50:06,421] {dag.py:2420} INFO - Sync 1 DAGs
[2022-08-21 13:50:06,439] {logging_mixin.py:115} INFO - [2022-08-21 13:50:06,439] {dag.py:2972} INFO - Setting next_dagrun for example_skip_dag to 2022-08-20T13:50:06.438864+00:00, run_after=2022-08-21T13:50:06.438864+00:00
[2022-08-21 13:50:06,458] {processor.py:161} INFO - Processing /home/airflow/.local/lib/python3.7/site-packages/airflow/example_dags/example_skip_dag.py took 0.070 seconds
[2022-08-21 13:50:36,587] {processor.py:153} INFO - Started process (PID=3807) to work on /home/airflow/.local/lib/python3.7/site-packages/airflow/example_dags/example_skip_dag.py
[2022-08-21 13:50:36,588] {processor.py:641} INFO - Processing file /home/airflow/.local/lib/python3.7/site-packages/airflow/example_dags/example_skip_dag.py for tasks to queue
[2022-08-21 13:50:36,589] {logging_mixin.py:115} INFO - [2022-08-21 13:50:36,589] {dagbag.py:508} INFO - Filling up the DagBag from /home/airflow/.local/lib/python3.7/site-packages/airflow/example_dags/example_skip_dag.py
[2022-08-21 13:50:36,593] {processor.py:651} INFO - DAG(s) dict_keys(['example_skip_dag']) retrieved from /home/airflow/.local/lib/python3.7/site-packages/airflow/example_dags/example_skip_dag.py
[2022-08-21 13:50:36,616] {logging_mixin.py:115} INFO - [2022-08-21 13:50:36,616] {dag.py:2420} INFO - Sync 1 DAGs
[2022-08-21 13:50:36,638] {logging_mixin.py:115} INFO - [2022-08-21 13:50:36,638] {dag.py:2972} INFO - Setting next_dagrun for example_skip_dag to 2022-08-20T13:50:36.637922+00:00, run_after=2022-08-21T13:50:36.637922+00:00
[2022-08-21 13:50:36,657] {processor.py:161} INFO - Processing /home/airflow/.local/lib/python3.7/site-packages/airflow/example_dags/example_skip_dag.py took 0.072 seconds
[2022-08-21 13:51:06,839] {processor.py:153} INFO - Started process (PID=3859) to work on /home/airflow/.local/lib/python3.7/site-packages/airflow/example_dags/example_skip_dag.py
[2022-08-21 13:51:06,840] {processor.py:641} INFO - Processing file /home/airflow/.local/lib/python3.7/site-packages/airflow/example_dags/example_skip_dag.py for tasks to queue
[2022-08-21 13:51:06,841] {logging_mixin.py:115} INFO - [2022-08-21 13:51:06,841] {dagbag.py:508} INFO - Filling up the DagBag from /home/airflow/.local/lib/python3.7/site-packages/airflow/example_dags/example_skip_dag.py
[2022-08-21 13:51:06,846] {processor.py:651} INFO - DAG(s) dict_keys(['example_skip_dag']) retrieved from /home/airflow/.local/lib/python3.7/site-packages/airflow/example_dags/example_skip_dag.py
[2022-08-21 13:51:06,874] {logging_mixin.py:115} INFO - [2022-08-21 13:51:06,874] {dag.py:2420} INFO - Sync 1 DAGs
[2022-08-21 13:51:06,895] {logging_mixin.py:115} INFO - [2022-08-21 13:51:06,895] {dag.py:2972} INFO - Setting next_dagrun for example_skip_dag to 2022-08-20T13:51:06.894813+00:00, run_after=2022-08-21T13:51:06.894813+00:00
[2022-08-21 13:51:06,916] {processor.py:161} INFO - Processing /home/airflow/.local/lib/python3.7/site-packages/airflow/example_dags/example_skip_dag.py took 0.081 seconds
[2022-08-21 13:51:36,969] {processor.py:153} INFO - Started process (PID=3920) to work on /home/airflow/.local/lib/python3.7/site-packages/airflow/example_dags/example_skip_dag.py
[2022-08-21 13:51:36,969] {processor.py:641} INFO - Processing file /home/airflow/.local/lib/python3.7/site-packages/airflow/example_dags/example_skip_dag.py for tasks to queue
[2022-08-21 13:51:36,970] {logging_mixin.py:115} INFO - [2022-08-21 13:51:36,970] {dagbag.py:508} INFO - Filling up the DagBag from /home/airflow/.local/lib/python3.7/site-packages/airflow/example_dags/example_skip_dag.py
[2022-08-21 13:51:36,975] {processor.py:651} INFO - DAG(s) dict_keys(['example_skip_dag']) retrieved from /home/airflow/.local/lib/python3.7/site-packages/airflow/example_dags/example_skip_dag.py
[2022-08-21 13:51:37,000] {logging_mixin.py:115} INFO - [2022-08-21 13:51:37,000] {dag.py:2420} INFO - Sync 1 DAGs
[2022-08-21 13:51:37,019] {logging_mixin.py:115} INFO - [2022-08-21 13:51:37,019] {dag.py:2972} INFO - Setting next_dagrun for example_skip_dag to 2022-08-20T13:51:37.019270+00:00, run_after=2022-08-21T13:51:37.019270+00:00
[2022-08-21 13:51:37,038] {processor.py:161} INFO - Processing /home/airflow/.local/lib/python3.7/site-packages/airflow/example_dags/example_skip_dag.py took 0.073 seconds
[2022-08-21 13:52:07,250] {processor.py:153} INFO - Started process (PID=3981) to work on /home/airflow/.local/lib/python3.7/site-packages/airflow/example_dags/example_skip_dag.py
[2022-08-21 13:52:07,251] {processor.py:641} INFO - Processing file /home/airflow/.local/lib/python3.7/site-packages/airflow/example_dags/example_skip_dag.py for tasks to queue
[2022-08-21 13:52:07,252] {logging_mixin.py:115} INFO - [2022-08-21 13:52:07,252] {dagbag.py:508} INFO - Filling up the DagBag from /home/airflow/.local/lib/python3.7/site-packages/airflow/example_dags/example_skip_dag.py
[2022-08-21 13:52:07,257] {processor.py:651} INFO - DAG(s) dict_keys(['example_skip_dag']) retrieved from /home/airflow/.local/lib/python3.7/site-packages/airflow/example_dags/example_skip_dag.py
[2022-08-21 13:52:07,287] {logging_mixin.py:115} INFO - [2022-08-21 13:52:07,287] {dag.py:2420} INFO - Sync 1 DAGs
[2022-08-21 13:52:07,312] {logging_mixin.py:115} INFO - [2022-08-21 13:52:07,312] {dag.py:2972} INFO - Setting next_dagrun for example_skip_dag to 2022-08-20T13:52:07.312240+00:00, run_after=2022-08-21T13:52:07.312240+00:00
[2022-08-21 13:52:07,333] {processor.py:161} INFO - Processing /home/airflow/.local/lib/python3.7/site-packages/airflow/example_dags/example_skip_dag.py took 0.087 seconds
[2022-08-21 13:52:37,440] {processor.py:153} INFO - Started process (PID=4033) to work on /home/airflow/.local/lib/python3.7/site-packages/airflow/example_dags/example_skip_dag.py
[2022-08-21 13:52:37,441] {processor.py:641} INFO - Processing file /home/airflow/.local/lib/python3.7/site-packages/airflow/example_dags/example_skip_dag.py for tasks to queue
[2022-08-21 13:52:37,442] {logging_mixin.py:115} INFO - [2022-08-21 13:52:37,442] {dagbag.py:508} INFO - Filling up the DagBag from /home/airflow/.local/lib/python3.7/site-packages/airflow/example_dags/example_skip_dag.py
[2022-08-21 13:52:37,447] {processor.py:651} INFO - DAG(s) dict_keys(['example_skip_dag']) retrieved from /home/airflow/.local/lib/python3.7/site-packages/airflow/example_dags/example_skip_dag.py
[2022-08-21 13:52:37,475] {logging_mixin.py:115} INFO - [2022-08-21 13:52:37,475] {dag.py:2420} INFO - Sync 1 DAGs
[2022-08-21 13:52:37,497] {logging_mixin.py:115} INFO - [2022-08-21 13:52:37,497] {dag.py:2972} INFO - Setting next_dagrun for example_skip_dag to 2022-08-20T13:52:37.496939+00:00, run_after=2022-08-21T13:52:37.496939+00:00
[2022-08-21 13:52:37,517] {processor.py:161} INFO - Processing /home/airflow/.local/lib/python3.7/site-packages/airflow/example_dags/example_skip_dag.py took 0.080 seconds
[2022-08-21 13:53:08,021] {processor.py:153} INFO - Started process (PID=4094) to work on /home/airflow/.local/lib/python3.7/site-packages/airflow/example_dags/example_skip_dag.py
[2022-08-21 13:53:08,022] {processor.py:641} INFO - Processing file /home/airflow/.local/lib/python3.7/site-packages/airflow/example_dags/example_skip_dag.py for tasks to queue
[2022-08-21 13:53:08,023] {logging_mixin.py:115} INFO - [2022-08-21 13:53:08,023] {dagbag.py:508} INFO - Filling up the DagBag from /home/airflow/.local/lib/python3.7/site-packages/airflow/example_dags/example_skip_dag.py
[2022-08-21 13:53:08,030] {processor.py:651} INFO - DAG(s) dict_keys(['example_skip_dag']) retrieved from /home/airflow/.local/lib/python3.7/site-packages/airflow/example_dags/example_skip_dag.py
[2022-08-21 13:53:08,058] {logging_mixin.py:115} INFO - [2022-08-21 13:53:08,058] {dag.py:2420} INFO - Sync 1 DAGs
[2022-08-21 13:53:08,085] {logging_mixin.py:115} INFO - [2022-08-21 13:53:08,084] {dag.py:2972} INFO - Setting next_dagrun for example_skip_dag to 2022-08-20T13:53:08.084763+00:00, run_after=2022-08-21T13:53:08.084763+00:00
[2022-08-21 13:53:08,101] {processor.py:161} INFO - Processing /home/airflow/.local/lib/python3.7/site-packages/airflow/example_dags/example_skip_dag.py took 0.082 seconds
[2022-08-21 13:53:39,048] {processor.py:153} INFO - Started process (PID=4155) to work on /home/airflow/.local/lib/python3.7/site-packages/airflow/example_dags/example_skip_dag.py
[2022-08-21 13:53:39,048] {processor.py:641} INFO - Processing file /home/airflow/.local/lib/python3.7/site-packages/airflow/example_dags/example_skip_dag.py for tasks to queue
[2022-08-21 13:53:39,049] {logging_mixin.py:115} INFO - [2022-08-21 13:53:39,049] {dagbag.py:508} INFO - Filling up the DagBag from /home/airflow/.local/lib/python3.7/site-packages/airflow/example_dags/example_skip_dag.py
[2022-08-21 13:53:39,053] {processor.py:651} INFO - DAG(s) dict_keys(['example_skip_dag']) retrieved from /home/airflow/.local/lib/python3.7/site-packages/airflow/example_dags/example_skip_dag.py
[2022-08-21 13:53:39,084] {logging_mixin.py:115} INFO - [2022-08-21 13:53:39,084] {dag.py:2420} INFO - Sync 1 DAGs
[2022-08-21 13:53:39,111] {logging_mixin.py:115} INFO - [2022-08-21 13:53:39,111] {dag.py:2972} INFO - Setting next_dagrun for example_skip_dag to 2022-08-20T13:53:39.111367+00:00, run_after=2022-08-21T13:53:39.111367+00:00
[2022-08-21 13:53:39,130] {processor.py:161} INFO - Processing /home/airflow/.local/lib/python3.7/site-packages/airflow/example_dags/example_skip_dag.py took 0.086 seconds
