[2022-08-21 13:17:58,784] {processor.py:153} INFO - Started process (PID=61) to work on /home/airflow/.local/lib/python3.7/site-packages/airflow/example_dags/example_latest_only.py
[2022-08-21 13:17:58,785] {processor.py:641} INFO - Processing file /home/airflow/.local/lib/python3.7/site-packages/airflow/example_dags/example_latest_only.py for tasks to queue
[2022-08-21 13:17:58,786] {logging_mixin.py:115} INFO - [2022-08-21 13:17:58,786] {dagbag.py:508} INFO - Filling up the DagBag from /home/airflow/.local/lib/python3.7/site-packages/airflow/example_dags/example_latest_only.py
[2022-08-21 13:17:58,792] {processor.py:651} INFO - DAG(s) dict_keys(['latest_only']) retrieved from /home/airflow/.local/lib/python3.7/site-packages/airflow/example_dags/example_latest_only.py
[2022-08-21 13:17:58,823] {logging_mixin.py:115} INFO - [2022-08-21 13:17:58,822] {dag.py:2420} INFO - Sync 1 DAGs
[2022-08-21 13:17:58,856] {logging_mixin.py:115} INFO - [2022-08-21 13:17:58,856] {dag.py:2972} INFO - Setting next_dagrun for latest_only to 2022-08-21T09:17:58.855906+00:00, run_after=2022-08-21T13:17:58.855906+00:00
[2022-08-21 13:17:58,874] {processor.py:161} INFO - Processing /home/airflow/.local/lib/python3.7/site-packages/airflow/example_dags/example_latest_only.py took 0.093 seconds
[2022-08-21 13:18:29,387] {processor.py:153} INFO - Started process (PID=114) to work on /home/airflow/.local/lib/python3.7/site-packages/airflow/example_dags/example_latest_only.py
[2022-08-21 13:18:29,389] {processor.py:641} INFO - Processing file /home/airflow/.local/lib/python3.7/site-packages/airflow/example_dags/example_latest_only.py for tasks to queue
[2022-08-21 13:18:29,389] {logging_mixin.py:115} INFO - [2022-08-21 13:18:29,389] {dagbag.py:508} INFO - Filling up the DagBag from /home/airflow/.local/lib/python3.7/site-packages/airflow/example_dags/example_latest_only.py
[2022-08-21 13:18:29,395] {processor.py:651} INFO - DAG(s) dict_keys(['latest_only']) retrieved from /home/airflow/.local/lib/python3.7/site-packages/airflow/example_dags/example_latest_only.py
[2022-08-21 13:18:29,419] {logging_mixin.py:115} INFO - [2022-08-21 13:18:29,419] {dag.py:2420} INFO - Sync 1 DAGs
[2022-08-21 13:18:29,448] {logging_mixin.py:115} INFO - [2022-08-21 13:18:29,448] {dag.py:2972} INFO - Setting next_dagrun for latest_only to 2022-08-21T09:18:29.447746+00:00, run_after=2022-08-21T13:18:29.447746+00:00
[2022-08-21 13:18:29,461] {processor.py:161} INFO - Processing /home/airflow/.local/lib/python3.7/site-packages/airflow/example_dags/example_latest_only.py took 0.076 seconds
[2022-08-21 13:18:59,666] {processor.py:153} INFO - Started process (PID=177) to work on /home/airflow/.local/lib/python3.7/site-packages/airflow/example_dags/example_latest_only.py
[2022-08-21 13:18:59,667] {processor.py:641} INFO - Processing file /home/airflow/.local/lib/python3.7/site-packages/airflow/example_dags/example_latest_only.py for tasks to queue
[2022-08-21 13:18:59,668] {logging_mixin.py:115} INFO - [2022-08-21 13:18:59,668] {dagbag.py:508} INFO - Filling up the DagBag from /home/airflow/.local/lib/python3.7/site-packages/airflow/example_dags/example_latest_only.py
[2022-08-21 13:18:59,675] {processor.py:651} INFO - DAG(s) dict_keys(['latest_only']) retrieved from /home/airflow/.local/lib/python3.7/site-packages/airflow/example_dags/example_latest_only.py
[2022-08-21 13:18:59,699] {logging_mixin.py:115} INFO - [2022-08-21 13:18:59,699] {dag.py:2420} INFO - Sync 1 DAGs
[2022-08-21 13:18:59,723] {logging_mixin.py:115} INFO - [2022-08-21 13:18:59,723] {dag.py:2972} INFO - Setting next_dagrun for latest_only to 2022-08-21T09:18:59.723328+00:00, run_after=2022-08-21T13:18:59.723328+00:00
[2022-08-21 13:18:59,738] {processor.py:161} INFO - Processing /home/airflow/.local/lib/python3.7/site-packages/airflow/example_dags/example_latest_only.py took 0.075 seconds
[2022-08-21 13:19:30,179] {processor.py:153} INFO - Started process (PID=239) to work on /home/airflow/.local/lib/python3.7/site-packages/airflow/example_dags/example_latest_only.py
[2022-08-21 13:19:30,179] {processor.py:641} INFO - Processing file /home/airflow/.local/lib/python3.7/site-packages/airflow/example_dags/example_latest_only.py for tasks to queue
[2022-08-21 13:19:30,180] {logging_mixin.py:115} INFO - [2022-08-21 13:19:30,180] {dagbag.py:508} INFO - Filling up the DagBag from /home/airflow/.local/lib/python3.7/site-packages/airflow/example_dags/example_latest_only.py
[2022-08-21 13:19:30,184] {processor.py:651} INFO - DAG(s) dict_keys(['latest_only']) retrieved from /home/airflow/.local/lib/python3.7/site-packages/airflow/example_dags/example_latest_only.py
[2022-08-21 13:19:30,205] {logging_mixin.py:115} INFO - [2022-08-21 13:19:30,204] {dag.py:2420} INFO - Sync 1 DAGs
[2022-08-21 13:19:30,224] {logging_mixin.py:115} INFO - [2022-08-21 13:19:30,224] {dag.py:2972} INFO - Setting next_dagrun for latest_only to 2022-08-21T09:19:30.224578+00:00, run_after=2022-08-21T13:19:30.224578+00:00
[2022-08-21 13:19:30,241] {processor.py:161} INFO - Processing /home/airflow/.local/lib/python3.7/site-packages/airflow/example_dags/example_latest_only.py took 0.065 seconds
[2022-08-21 13:20:00,862] {processor.py:153} INFO - Started process (PID=291) to work on /home/airflow/.local/lib/python3.7/site-packages/airflow/example_dags/example_latest_only.py
[2022-08-21 13:20:00,863] {processor.py:641} INFO - Processing file /home/airflow/.local/lib/python3.7/site-packages/airflow/example_dags/example_latest_only.py for tasks to queue
[2022-08-21 13:20:00,863] {logging_mixin.py:115} INFO - [2022-08-21 13:20:00,863] {dagbag.py:508} INFO - Filling up the DagBag from /home/airflow/.local/lib/python3.7/site-packages/airflow/example_dags/example_latest_only.py
[2022-08-21 13:20:00,867] {processor.py:651} INFO - DAG(s) dict_keys(['latest_only']) retrieved from /home/airflow/.local/lib/python3.7/site-packages/airflow/example_dags/example_latest_only.py
[2022-08-21 13:20:00,891] {logging_mixin.py:115} INFO - [2022-08-21 13:20:00,891] {dag.py:2420} INFO - Sync 1 DAGs
[2022-08-21 13:20:00,909] {logging_mixin.py:115} INFO - [2022-08-21 13:20:00,909] {dag.py:2972} INFO - Setting next_dagrun for latest_only to 2022-08-21T09:20:00.909593+00:00, run_after=2022-08-21T13:20:00.909593+00:00
[2022-08-21 13:20:00,926] {processor.py:161} INFO - Processing /home/airflow/.local/lib/python3.7/site-packages/airflow/example_dags/example_latest_only.py took 0.066 seconds
[2022-08-21 13:20:31,113] {processor.py:153} INFO - Started process (PID=353) to work on /home/airflow/.local/lib/python3.7/site-packages/airflow/example_dags/example_latest_only.py
[2022-08-21 13:20:31,113] {processor.py:641} INFO - Processing file /home/airflow/.local/lib/python3.7/site-packages/airflow/example_dags/example_latest_only.py for tasks to queue
[2022-08-21 13:20:31,114] {logging_mixin.py:115} INFO - [2022-08-21 13:20:31,114] {dagbag.py:508} INFO - Filling up the DagBag from /home/airflow/.local/lib/python3.7/site-packages/airflow/example_dags/example_latest_only.py
[2022-08-21 13:20:31,119] {processor.py:651} INFO - DAG(s) dict_keys(['latest_only']) retrieved from /home/airflow/.local/lib/python3.7/site-packages/airflow/example_dags/example_latest_only.py
[2022-08-21 13:20:31,151] {logging_mixin.py:115} INFO - [2022-08-21 13:20:31,151] {dag.py:2420} INFO - Sync 1 DAGs
[2022-08-21 13:20:31,185] {logging_mixin.py:115} INFO - [2022-08-21 13:20:31,185] {dag.py:2972} INFO - Setting next_dagrun for latest_only to 2022-08-21T09:20:31.185376+00:00, run_after=2022-08-21T13:20:31.185376+00:00
[2022-08-21 13:20:31,208] {processor.py:161} INFO - Processing /home/airflow/.local/lib/python3.7/site-packages/airflow/example_dags/example_latest_only.py took 0.098 seconds
[2022-08-21 13:21:01,349] {processor.py:153} INFO - Started process (PID=414) to work on /home/airflow/.local/lib/python3.7/site-packages/airflow/example_dags/example_latest_only.py
[2022-08-21 13:21:01,350] {processor.py:641} INFO - Processing file /home/airflow/.local/lib/python3.7/site-packages/airflow/example_dags/example_latest_only.py for tasks to queue
[2022-08-21 13:21:01,350] {logging_mixin.py:115} INFO - [2022-08-21 13:21:01,350] {dagbag.py:508} INFO - Filling up the DagBag from /home/airflow/.local/lib/python3.7/site-packages/airflow/example_dags/example_latest_only.py
[2022-08-21 13:21:01,355] {processor.py:651} INFO - DAG(s) dict_keys(['latest_only']) retrieved from /home/airflow/.local/lib/python3.7/site-packages/airflow/example_dags/example_latest_only.py
[2022-08-21 13:21:01,377] {logging_mixin.py:115} INFO - [2022-08-21 13:21:01,377] {dag.py:2420} INFO - Sync 1 DAGs
[2022-08-21 13:21:01,400] {logging_mixin.py:115} INFO - [2022-08-21 13:21:01,400] {dag.py:2972} INFO - Setting next_dagrun for latest_only to 2022-08-21T09:21:01.400077+00:00, run_after=2022-08-21T13:21:01.400077+00:00
[2022-08-21 13:21:01,417] {processor.py:161} INFO - Processing /home/airflow/.local/lib/python3.7/site-packages/airflow/example_dags/example_latest_only.py took 0.071 seconds
[2022-08-21 13:21:31,602] {processor.py:153} INFO - Started process (PID=467) to work on /home/airflow/.local/lib/python3.7/site-packages/airflow/example_dags/example_latest_only.py
[2022-08-21 13:21:31,602] {processor.py:641} INFO - Processing file /home/airflow/.local/lib/python3.7/site-packages/airflow/example_dags/example_latest_only.py for tasks to queue
[2022-08-21 13:21:31,603] {logging_mixin.py:115} INFO - [2022-08-21 13:21:31,603] {dagbag.py:508} INFO - Filling up the DagBag from /home/airflow/.local/lib/python3.7/site-packages/airflow/example_dags/example_latest_only.py
[2022-08-21 13:21:31,609] {processor.py:651} INFO - DAG(s) dict_keys(['latest_only']) retrieved from /home/airflow/.local/lib/python3.7/site-packages/airflow/example_dags/example_latest_only.py
[2022-08-21 13:21:31,637] {logging_mixin.py:115} INFO - [2022-08-21 13:21:31,637] {dag.py:2420} INFO - Sync 1 DAGs
[2022-08-21 13:21:31,660] {logging_mixin.py:115} INFO - [2022-08-21 13:21:31,660] {dag.py:2972} INFO - Setting next_dagrun for latest_only to 2022-08-21T09:21:31.660421+00:00, run_after=2022-08-21T13:21:31.660421+00:00
[2022-08-21 13:21:31,677] {processor.py:161} INFO - Processing /home/airflow/.local/lib/python3.7/site-packages/airflow/example_dags/example_latest_only.py took 0.078 seconds
[2022-08-21 13:22:01,955] {processor.py:153} INFO - Started process (PID=528) to work on /home/airflow/.local/lib/python3.7/site-packages/airflow/example_dags/example_latest_only.py
[2022-08-21 13:22:01,956] {processor.py:641} INFO - Processing file /home/airflow/.local/lib/python3.7/site-packages/airflow/example_dags/example_latest_only.py for tasks to queue
[2022-08-21 13:22:01,957] {logging_mixin.py:115} INFO - [2022-08-21 13:22:01,957] {dagbag.py:508} INFO - Filling up the DagBag from /home/airflow/.local/lib/python3.7/site-packages/airflow/example_dags/example_latest_only.py
[2022-08-21 13:22:01,963] {processor.py:651} INFO - DAG(s) dict_keys(['latest_only']) retrieved from /home/airflow/.local/lib/python3.7/site-packages/airflow/example_dags/example_latest_only.py
[2022-08-21 13:22:01,989] {logging_mixin.py:115} INFO - [2022-08-21 13:22:01,989] {dag.py:2420} INFO - Sync 1 DAGs
[2022-08-21 13:22:02,012] {logging_mixin.py:115} INFO - [2022-08-21 13:22:02,012] {dag.py:2972} INFO - Setting next_dagrun for latest_only to 2022-08-21T09:22:02.011749+00:00, run_after=2022-08-21T13:22:02.011749+00:00
[2022-08-21 13:22:02,027] {processor.py:161} INFO - Processing /home/airflow/.local/lib/python3.7/site-packages/airflow/example_dags/example_latest_only.py took 0.076 seconds
[2022-08-21 13:22:32,159] {processor.py:153} INFO - Started process (PID=590) to work on /home/airflow/.local/lib/python3.7/site-packages/airflow/example_dags/example_latest_only.py
[2022-08-21 13:22:32,160] {processor.py:641} INFO - Processing file /home/airflow/.local/lib/python3.7/site-packages/airflow/example_dags/example_latest_only.py for tasks to queue
[2022-08-21 13:22:32,160] {logging_mixin.py:115} INFO - [2022-08-21 13:22:32,160] {dagbag.py:508} INFO - Filling up the DagBag from /home/airflow/.local/lib/python3.7/site-packages/airflow/example_dags/example_latest_only.py
[2022-08-21 13:22:32,165] {processor.py:651} INFO - DAG(s) dict_keys(['latest_only']) retrieved from /home/airflow/.local/lib/python3.7/site-packages/airflow/example_dags/example_latest_only.py
[2022-08-21 13:22:32,194] {logging_mixin.py:115} INFO - [2022-08-21 13:22:32,194] {dag.py:2420} INFO - Sync 1 DAGs
[2022-08-21 13:22:32,223] {logging_mixin.py:115} INFO - [2022-08-21 13:22:32,223] {dag.py:2972} INFO - Setting next_dagrun for latest_only to 2022-08-21T09:22:32.222915+00:00, run_after=2022-08-21T13:22:32.222915+00:00
[2022-08-21 13:22:32,237] {processor.py:161} INFO - Processing /home/airflow/.local/lib/python3.7/site-packages/airflow/example_dags/example_latest_only.py took 0.081 seconds
[2022-08-21 13:23:02,398] {processor.py:153} INFO - Started process (PID=643) to work on /home/airflow/.local/lib/python3.7/site-packages/airflow/example_dags/example_latest_only.py
[2022-08-21 13:23:02,399] {processor.py:641} INFO - Processing file /home/airflow/.local/lib/python3.7/site-packages/airflow/example_dags/example_latest_only.py for tasks to queue
[2022-08-21 13:23:02,400] {logging_mixin.py:115} INFO - [2022-08-21 13:23:02,400] {dagbag.py:508} INFO - Filling up the DagBag from /home/airflow/.local/lib/python3.7/site-packages/airflow/example_dags/example_latest_only.py
[2022-08-21 13:23:02,405] {processor.py:651} INFO - DAG(s) dict_keys(['latest_only']) retrieved from /home/airflow/.local/lib/python3.7/site-packages/airflow/example_dags/example_latest_only.py
[2022-08-21 13:23:02,435] {logging_mixin.py:115} INFO - [2022-08-21 13:23:02,435] {dag.py:2420} INFO - Sync 1 DAGs
[2022-08-21 13:23:02,460] {logging_mixin.py:115} INFO - [2022-08-21 13:23:02,460] {dag.py:2972} INFO - Setting next_dagrun for latest_only to 2022-08-21T09:23:02.460078+00:00, run_after=2022-08-21T13:23:02.460078+00:00
[2022-08-21 13:23:02,476] {processor.py:161} INFO - Processing /home/airflow/.local/lib/python3.7/site-packages/airflow/example_dags/example_latest_only.py took 0.082 seconds
[2022-08-21 13:23:33,416] {processor.py:153} INFO - Started process (PID=704) to work on /home/airflow/.local/lib/python3.7/site-packages/airflow/example_dags/example_latest_only.py
[2022-08-21 13:23:33,417] {processor.py:641} INFO - Processing file /home/airflow/.local/lib/python3.7/site-packages/airflow/example_dags/example_latest_only.py for tasks to queue
[2022-08-21 13:23:33,418] {logging_mixin.py:115} INFO - [2022-08-21 13:23:33,418] {dagbag.py:508} INFO - Filling up the DagBag from /home/airflow/.local/lib/python3.7/site-packages/airflow/example_dags/example_latest_only.py
[2022-08-21 13:23:33,423] {processor.py:651} INFO - DAG(s) dict_keys(['latest_only']) retrieved from /home/airflow/.local/lib/python3.7/site-packages/airflow/example_dags/example_latest_only.py
[2022-08-21 13:23:33,451] {logging_mixin.py:115} INFO - [2022-08-21 13:23:33,451] {dag.py:2420} INFO - Sync 1 DAGs
[2022-08-21 13:23:33,475] {logging_mixin.py:115} INFO - [2022-08-21 13:23:33,475] {dag.py:2972} INFO - Setting next_dagrun for latest_only to 2022-08-21T09:23:33.475160+00:00, run_after=2022-08-21T13:23:33.475160+00:00
[2022-08-21 13:23:33,491] {processor.py:161} INFO - Processing /home/airflow/.local/lib/python3.7/site-packages/airflow/example_dags/example_latest_only.py took 0.077 seconds
[2022-08-21 13:24:04,455] {processor.py:153} INFO - Started process (PID=763) to work on /home/airflow/.local/lib/python3.7/site-packages/airflow/example_dags/example_latest_only.py
[2022-08-21 13:24:04,458] {processor.py:641} INFO - Processing file /home/airflow/.local/lib/python3.7/site-packages/airflow/example_dags/example_latest_only.py for tasks to queue
[2022-08-21 13:24:04,460] {logging_mixin.py:115} INFO - [2022-08-21 13:24:04,460] {dagbag.py:508} INFO - Filling up the DagBag from /home/airflow/.local/lib/python3.7/site-packages/airflow/example_dags/example_latest_only.py
[2022-08-21 13:24:04,476] {processor.py:651} INFO - DAG(s) dict_keys(['latest_only']) retrieved from /home/airflow/.local/lib/python3.7/site-packages/airflow/example_dags/example_latest_only.py
[2022-08-21 13:24:04,592] {logging_mixin.py:115} INFO - [2022-08-21 13:24:04,592] {dag.py:2420} INFO - Sync 1 DAGs
[2022-08-21 13:24:04,687] {logging_mixin.py:115} INFO - [2022-08-21 13:24:04,687] {dag.py:2972} INFO - Setting next_dagrun for latest_only to 2022-08-21T09:24:04.686925+00:00, run_after=2022-08-21T13:24:04.686925+00:00
[2022-08-21 13:24:04,739] {processor.py:161} INFO - Processing /home/airflow/.local/lib/python3.7/site-packages/airflow/example_dags/example_latest_only.py took 0.288 seconds
[2022-08-21 13:24:35,309] {processor.py:153} INFO - Started process (PID=817) to work on /home/airflow/.local/lib/python3.7/site-packages/airflow/example_dags/example_latest_only.py
[2022-08-21 13:24:35,309] {processor.py:641} INFO - Processing file /home/airflow/.local/lib/python3.7/site-packages/airflow/example_dags/example_latest_only.py for tasks to queue
[2022-08-21 13:24:35,310] {logging_mixin.py:115} INFO - [2022-08-21 13:24:35,310] {dagbag.py:508} INFO - Filling up the DagBag from /home/airflow/.local/lib/python3.7/site-packages/airflow/example_dags/example_latest_only.py
[2022-08-21 13:24:35,316] {processor.py:651} INFO - DAG(s) dict_keys(['latest_only']) retrieved from /home/airflow/.local/lib/python3.7/site-packages/airflow/example_dags/example_latest_only.py
[2022-08-21 13:24:35,339] {logging_mixin.py:115} INFO - [2022-08-21 13:24:35,339] {dag.py:2420} INFO - Sync 1 DAGs
[2022-08-21 13:24:35,358] {logging_mixin.py:115} INFO - [2022-08-21 13:24:35,358] {dag.py:2972} INFO - Setting next_dagrun for latest_only to 2022-08-21T09:24:35.358335+00:00, run_after=2022-08-21T13:24:35.358335+00:00
[2022-08-21 13:24:35,373] {processor.py:161} INFO - Processing /home/airflow/.local/lib/python3.7/site-packages/airflow/example_dags/example_latest_only.py took 0.067 seconds
[2022-08-21 13:25:05,482] {processor.py:153} INFO - Started process (PID=878) to work on /home/airflow/.local/lib/python3.7/site-packages/airflow/example_dags/example_latest_only.py
[2022-08-21 13:25:05,483] {processor.py:641} INFO - Processing file /home/airflow/.local/lib/python3.7/site-packages/airflow/example_dags/example_latest_only.py for tasks to queue
[2022-08-21 13:25:05,484] {logging_mixin.py:115} INFO - [2022-08-21 13:25:05,484] {dagbag.py:508} INFO - Filling up the DagBag from /home/airflow/.local/lib/python3.7/site-packages/airflow/example_dags/example_latest_only.py
[2022-08-21 13:25:05,489] {processor.py:651} INFO - DAG(s) dict_keys(['latest_only']) retrieved from /home/airflow/.local/lib/python3.7/site-packages/airflow/example_dags/example_latest_only.py
[2022-08-21 13:25:05,515] {logging_mixin.py:115} INFO - [2022-08-21 13:25:05,515] {dag.py:2420} INFO - Sync 1 DAGs
[2022-08-21 13:25:05,536] {logging_mixin.py:115} INFO - [2022-08-21 13:25:05,535] {dag.py:2972} INFO - Setting next_dagrun for latest_only to 2022-08-21T09:25:05.535650+00:00, run_after=2022-08-21T13:25:05.535650+00:00
[2022-08-21 13:25:05,548] {processor.py:161} INFO - Processing /home/airflow/.local/lib/python3.7/site-packages/airflow/example_dags/example_latest_only.py took 0.069 seconds
[2022-08-21 13:25:35,688] {processor.py:153} INFO - Started process (PID=931) to work on /home/airflow/.local/lib/python3.7/site-packages/airflow/example_dags/example_latest_only.py
[2022-08-21 13:25:35,688] {processor.py:641} INFO - Processing file /home/airflow/.local/lib/python3.7/site-packages/airflow/example_dags/example_latest_only.py for tasks to queue
[2022-08-21 13:25:35,689] {logging_mixin.py:115} INFO - [2022-08-21 13:25:35,689] {dagbag.py:508} INFO - Filling up the DagBag from /home/airflow/.local/lib/python3.7/site-packages/airflow/example_dags/example_latest_only.py
[2022-08-21 13:25:35,693] {processor.py:651} INFO - DAG(s) dict_keys(['latest_only']) retrieved from /home/airflow/.local/lib/python3.7/site-packages/airflow/example_dags/example_latest_only.py
[2022-08-21 13:25:35,716] {logging_mixin.py:115} INFO - [2022-08-21 13:25:35,716] {dag.py:2420} INFO - Sync 1 DAGs
[2022-08-21 13:25:35,735] {logging_mixin.py:115} INFO - [2022-08-21 13:25:35,735] {dag.py:2972} INFO - Setting next_dagrun for latest_only to 2022-08-21T09:25:35.734692+00:00, run_after=2022-08-21T13:25:35.734692+00:00
[2022-08-21 13:25:35,753] {processor.py:161} INFO - Processing /home/airflow/.local/lib/python3.7/site-packages/airflow/example_dags/example_latest_only.py took 0.068 seconds
[2022-08-21 13:26:05,906] {processor.py:153} INFO - Started process (PID=992) to work on /home/airflow/.local/lib/python3.7/site-packages/airflow/example_dags/example_latest_only.py
[2022-08-21 13:26:05,907] {processor.py:641} INFO - Processing file /home/airflow/.local/lib/python3.7/site-packages/airflow/example_dags/example_latest_only.py for tasks to queue
[2022-08-21 13:26:05,908] {logging_mixin.py:115} INFO - [2022-08-21 13:26:05,908] {dagbag.py:508} INFO - Filling up the DagBag from /home/airflow/.local/lib/python3.7/site-packages/airflow/example_dags/example_latest_only.py
[2022-08-21 13:26:05,913] {processor.py:651} INFO - DAG(s) dict_keys(['latest_only']) retrieved from /home/airflow/.local/lib/python3.7/site-packages/airflow/example_dags/example_latest_only.py
[2022-08-21 13:26:05,939] {logging_mixin.py:115} INFO - [2022-08-21 13:26:05,938] {dag.py:2420} INFO - Sync 1 DAGs
[2022-08-21 13:26:05,959] {logging_mixin.py:115} INFO - [2022-08-21 13:26:05,959] {dag.py:2972} INFO - Setting next_dagrun for latest_only to 2022-08-21T09:26:05.959356+00:00, run_after=2022-08-21T13:26:05.959356+00:00
[2022-08-21 13:26:05,979] {processor.py:161} INFO - Processing /home/airflow/.local/lib/python3.7/site-packages/airflow/example_dags/example_latest_only.py took 0.077 seconds
[2022-08-21 13:26:36,044] {processor.py:153} INFO - Started process (PID=1053) to work on /home/airflow/.local/lib/python3.7/site-packages/airflow/example_dags/example_latest_only.py
[2022-08-21 13:26:36,045] {processor.py:641} INFO - Processing file /home/airflow/.local/lib/python3.7/site-packages/airflow/example_dags/example_latest_only.py for tasks to queue
[2022-08-21 13:26:36,046] {logging_mixin.py:115} INFO - [2022-08-21 13:26:36,045] {dagbag.py:508} INFO - Filling up the DagBag from /home/airflow/.local/lib/python3.7/site-packages/airflow/example_dags/example_latest_only.py
[2022-08-21 13:26:36,050] {processor.py:651} INFO - DAG(s) dict_keys(['latest_only']) retrieved from /home/airflow/.local/lib/python3.7/site-packages/airflow/example_dags/example_latest_only.py
[2022-08-21 13:26:36,082] {logging_mixin.py:115} INFO - [2022-08-21 13:26:36,081] {dag.py:2420} INFO - Sync 1 DAGs
[2022-08-21 13:26:36,114] {logging_mixin.py:115} INFO - [2022-08-21 13:26:36,114] {dag.py:2972} INFO - Setting next_dagrun for latest_only to 2022-08-21T09:26:36.114171+00:00, run_after=2022-08-21T13:26:36.114171+00:00
[2022-08-21 13:26:36,136] {processor.py:161} INFO - Processing /home/airflow/.local/lib/python3.7/site-packages/airflow/example_dags/example_latest_only.py took 0.095 seconds
[2022-08-21 13:27:06,307] {processor.py:153} INFO - Started process (PID=1105) to work on /home/airflow/.local/lib/python3.7/site-packages/airflow/example_dags/example_latest_only.py
[2022-08-21 13:27:06,308] {processor.py:641} INFO - Processing file /home/airflow/.local/lib/python3.7/site-packages/airflow/example_dags/example_latest_only.py for tasks to queue
[2022-08-21 13:27:06,309] {logging_mixin.py:115} INFO - [2022-08-21 13:27:06,308] {dagbag.py:508} INFO - Filling up the DagBag from /home/airflow/.local/lib/python3.7/site-packages/airflow/example_dags/example_latest_only.py
[2022-08-21 13:27:06,313] {processor.py:651} INFO - DAG(s) dict_keys(['latest_only']) retrieved from /home/airflow/.local/lib/python3.7/site-packages/airflow/example_dags/example_latest_only.py
[2022-08-21 13:27:06,341] {logging_mixin.py:115} INFO - [2022-08-21 13:27:06,341] {dag.py:2420} INFO - Sync 1 DAGs
[2022-08-21 13:27:06,368] {logging_mixin.py:115} INFO - [2022-08-21 13:27:06,367] {dag.py:2972} INFO - Setting next_dagrun for latest_only to 2022-08-21T09:27:06.366893+00:00, run_after=2022-08-21T13:27:06.366893+00:00
[2022-08-21 13:27:06,387] {processor.py:161} INFO - Processing /home/airflow/.local/lib/python3.7/site-packages/airflow/example_dags/example_latest_only.py took 0.082 seconds
[2022-08-21 13:27:36,504] {processor.py:153} INFO - Started process (PID=1167) to work on /home/airflow/.local/lib/python3.7/site-packages/airflow/example_dags/example_latest_only.py
[2022-08-21 13:27:36,505] {processor.py:641} INFO - Processing file /home/airflow/.local/lib/python3.7/site-packages/airflow/example_dags/example_latest_only.py for tasks to queue
[2022-08-21 13:27:36,506] {logging_mixin.py:115} INFO - [2022-08-21 13:27:36,506] {dagbag.py:508} INFO - Filling up the DagBag from /home/airflow/.local/lib/python3.7/site-packages/airflow/example_dags/example_latest_only.py
[2022-08-21 13:27:36,511] {processor.py:651} INFO - DAG(s) dict_keys(['latest_only']) retrieved from /home/airflow/.local/lib/python3.7/site-packages/airflow/example_dags/example_latest_only.py
[2022-08-21 13:27:36,532] {logging_mixin.py:115} INFO - [2022-08-21 13:27:36,532] {dag.py:2420} INFO - Sync 1 DAGs
[2022-08-21 13:27:36,552] {logging_mixin.py:115} INFO - [2022-08-21 13:27:36,552] {dag.py:2972} INFO - Setting next_dagrun for latest_only to 2022-08-21T09:27:36.552322+00:00, run_after=2022-08-21T13:27:36.552322+00:00
[2022-08-21 13:27:36,570] {processor.py:161} INFO - Processing /home/airflow/.local/lib/python3.7/site-packages/airflow/example_dags/example_latest_only.py took 0.068 seconds
[2022-08-21 13:28:06,609] {processor.py:153} INFO - Started process (PID=1219) to work on /home/airflow/.local/lib/python3.7/site-packages/airflow/example_dags/example_latest_only.py
[2022-08-21 13:28:06,610] {processor.py:641} INFO - Processing file /home/airflow/.local/lib/python3.7/site-packages/airflow/example_dags/example_latest_only.py for tasks to queue
[2022-08-21 13:28:06,610] {logging_mixin.py:115} INFO - [2022-08-21 13:28:06,610] {dagbag.py:508} INFO - Filling up the DagBag from /home/airflow/.local/lib/python3.7/site-packages/airflow/example_dags/example_latest_only.py
[2022-08-21 13:28:06,614] {processor.py:651} INFO - DAG(s) dict_keys(['latest_only']) retrieved from /home/airflow/.local/lib/python3.7/site-packages/airflow/example_dags/example_latest_only.py
[2022-08-21 13:28:06,636] {logging_mixin.py:115} INFO - [2022-08-21 13:28:06,636] {dag.py:2420} INFO - Sync 1 DAGs
[2022-08-21 13:28:06,655] {logging_mixin.py:115} INFO - [2022-08-21 13:28:06,655] {dag.py:2972} INFO - Setting next_dagrun for latest_only to 2022-08-21T09:28:06.655146+00:00, run_after=2022-08-21T13:28:06.655146+00:00
[2022-08-21 13:28:06,667] {processor.py:161} INFO - Processing /home/airflow/.local/lib/python3.7/site-packages/airflow/example_dags/example_latest_only.py took 0.061 seconds
[2022-08-21 13:28:37,338] {processor.py:153} INFO - Started process (PID=1281) to work on /home/airflow/.local/lib/python3.7/site-packages/airflow/example_dags/example_latest_only.py
[2022-08-21 13:28:37,339] {processor.py:641} INFO - Processing file /home/airflow/.local/lib/python3.7/site-packages/airflow/example_dags/example_latest_only.py for tasks to queue
[2022-08-21 13:28:37,340] {logging_mixin.py:115} INFO - [2022-08-21 13:28:37,340] {dagbag.py:508} INFO - Filling up the DagBag from /home/airflow/.local/lib/python3.7/site-packages/airflow/example_dags/example_latest_only.py
[2022-08-21 13:28:37,344] {processor.py:651} INFO - DAG(s) dict_keys(['latest_only']) retrieved from /home/airflow/.local/lib/python3.7/site-packages/airflow/example_dags/example_latest_only.py
[2022-08-21 13:28:37,370] {logging_mixin.py:115} INFO - [2022-08-21 13:28:37,370] {dag.py:2420} INFO - Sync 1 DAGs
[2022-08-21 13:28:37,390] {logging_mixin.py:115} INFO - [2022-08-21 13:28:37,390] {dag.py:2972} INFO - Setting next_dagrun for latest_only to 2022-08-21T09:28:37.390108+00:00, run_after=2022-08-21T13:28:37.390108+00:00
[2022-08-21 13:28:37,402] {processor.py:161} INFO - Processing /home/airflow/.local/lib/python3.7/site-packages/airflow/example_dags/example_latest_only.py took 0.067 seconds
[2022-08-21 13:29:08,388] {processor.py:153} INFO - Started process (PID=1342) to work on /home/airflow/.local/lib/python3.7/site-packages/airflow/example_dags/example_latest_only.py
[2022-08-21 13:29:08,389] {processor.py:641} INFO - Processing file /home/airflow/.local/lib/python3.7/site-packages/airflow/example_dags/example_latest_only.py for tasks to queue
[2022-08-21 13:29:08,389] {logging_mixin.py:115} INFO - [2022-08-21 13:29:08,389] {dagbag.py:508} INFO - Filling up the DagBag from /home/airflow/.local/lib/python3.7/site-packages/airflow/example_dags/example_latest_only.py
[2022-08-21 13:29:08,393] {processor.py:651} INFO - DAG(s) dict_keys(['latest_only']) retrieved from /home/airflow/.local/lib/python3.7/site-packages/airflow/example_dags/example_latest_only.py
[2022-08-21 13:29:08,437] {logging_mixin.py:115} INFO - [2022-08-21 13:29:08,437] {dag.py:2420} INFO - Sync 1 DAGs
[2022-08-21 13:29:08,457] {logging_mixin.py:115} INFO - [2022-08-21 13:29:08,456] {dag.py:2972} INFO - Setting next_dagrun for latest_only to 2022-08-21T09:29:08.456770+00:00, run_after=2022-08-21T13:29:08.456770+00:00
[2022-08-21 13:29:08,469] {processor.py:161} INFO - Processing /home/airflow/.local/lib/python3.7/site-packages/airflow/example_dags/example_latest_only.py took 0.084 seconds
[2022-08-21 13:29:39,296] {processor.py:153} INFO - Started process (PID=1403) to work on /home/airflow/.local/lib/python3.7/site-packages/airflow/example_dags/example_latest_only.py
[2022-08-21 13:29:39,297] {processor.py:641} INFO - Processing file /home/airflow/.local/lib/python3.7/site-packages/airflow/example_dags/example_latest_only.py for tasks to queue
[2022-08-21 13:29:39,298] {logging_mixin.py:115} INFO - [2022-08-21 13:29:39,298] {dagbag.py:508} INFO - Filling up the DagBag from /home/airflow/.local/lib/python3.7/site-packages/airflow/example_dags/example_latest_only.py
[2022-08-21 13:29:39,302] {processor.py:651} INFO - DAG(s) dict_keys(['latest_only']) retrieved from /home/airflow/.local/lib/python3.7/site-packages/airflow/example_dags/example_latest_only.py
[2022-08-21 13:29:39,329] {logging_mixin.py:115} INFO - [2022-08-21 13:29:39,329] {dag.py:2420} INFO - Sync 1 DAGs
[2022-08-21 13:29:39,356] {logging_mixin.py:115} INFO - [2022-08-21 13:29:39,355] {dag.py:2972} INFO - Setting next_dagrun for latest_only to 2022-08-21T09:29:39.355619+00:00, run_after=2022-08-21T13:29:39.355619+00:00
[2022-08-21 13:29:39,369] {processor.py:161} INFO - Processing /home/airflow/.local/lib/python3.7/site-packages/airflow/example_dags/example_latest_only.py took 0.075 seconds
[2022-08-21 13:30:10,074] {processor.py:153} INFO - Started process (PID=1455) to work on /home/airflow/.local/lib/python3.7/site-packages/airflow/example_dags/example_latest_only.py
[2022-08-21 13:30:10,075] {processor.py:641} INFO - Processing file /home/airflow/.local/lib/python3.7/site-packages/airflow/example_dags/example_latest_only.py for tasks to queue
[2022-08-21 13:30:10,076] {logging_mixin.py:115} INFO - [2022-08-21 13:30:10,076] {dagbag.py:508} INFO - Filling up the DagBag from /home/airflow/.local/lib/python3.7/site-packages/airflow/example_dags/example_latest_only.py
[2022-08-21 13:30:10,081] {processor.py:651} INFO - DAG(s) dict_keys(['latest_only']) retrieved from /home/airflow/.local/lib/python3.7/site-packages/airflow/example_dags/example_latest_only.py
[2022-08-21 13:30:10,103] {logging_mixin.py:115} INFO - [2022-08-21 13:30:10,103] {dag.py:2420} INFO - Sync 1 DAGs
[2022-08-21 13:30:10,122] {logging_mixin.py:115} INFO - [2022-08-21 13:30:10,122] {dag.py:2972} INFO - Setting next_dagrun for latest_only to 2022-08-21T09:30:10.122353+00:00, run_after=2022-08-21T13:30:10.122353+00:00
[2022-08-21 13:30:10,132] {processor.py:161} INFO - Processing /home/airflow/.local/lib/python3.7/site-packages/airflow/example_dags/example_latest_only.py took 0.061 seconds
[2022-08-21 13:30:40,314] {processor.py:153} INFO - Started process (PID=1517) to work on /home/airflow/.local/lib/python3.7/site-packages/airflow/example_dags/example_latest_only.py
[2022-08-21 13:30:40,315] {processor.py:641} INFO - Processing file /home/airflow/.local/lib/python3.7/site-packages/airflow/example_dags/example_latest_only.py for tasks to queue
[2022-08-21 13:30:40,316] {logging_mixin.py:115} INFO - [2022-08-21 13:30:40,316] {dagbag.py:508} INFO - Filling up the DagBag from /home/airflow/.local/lib/python3.7/site-packages/airflow/example_dags/example_latest_only.py
[2022-08-21 13:30:40,320] {processor.py:651} INFO - DAG(s) dict_keys(['latest_only']) retrieved from /home/airflow/.local/lib/python3.7/site-packages/airflow/example_dags/example_latest_only.py
[2022-08-21 13:30:40,350] {logging_mixin.py:115} INFO - [2022-08-21 13:30:40,349] {dag.py:2420} INFO - Sync 1 DAGs
[2022-08-21 13:30:40,374] {logging_mixin.py:115} INFO - [2022-08-21 13:30:40,374] {dag.py:2972} INFO - Setting next_dagrun for latest_only to 2022-08-21T09:30:40.374264+00:00, run_after=2022-08-21T13:30:40.374264+00:00
[2022-08-21 13:30:40,399] {processor.py:161} INFO - Processing /home/airflow/.local/lib/python3.7/site-packages/airflow/example_dags/example_latest_only.py took 0.091 seconds
[2022-08-21 13:31:10,607] {processor.py:153} INFO - Started process (PID=1578) to work on /home/airflow/.local/lib/python3.7/site-packages/airflow/example_dags/example_latest_only.py
[2022-08-21 13:31:10,609] {processor.py:641} INFO - Processing file /home/airflow/.local/lib/python3.7/site-packages/airflow/example_dags/example_latest_only.py for tasks to queue
[2022-08-21 13:31:10,610] {logging_mixin.py:115} INFO - [2022-08-21 13:31:10,610] {dagbag.py:508} INFO - Filling up the DagBag from /home/airflow/.local/lib/python3.7/site-packages/airflow/example_dags/example_latest_only.py
[2022-08-21 13:31:10,619] {processor.py:651} INFO - DAG(s) dict_keys(['latest_only']) retrieved from /home/airflow/.local/lib/python3.7/site-packages/airflow/example_dags/example_latest_only.py
[2022-08-21 13:31:10,653] {logging_mixin.py:115} INFO - [2022-08-21 13:31:10,653] {dag.py:2420} INFO - Sync 1 DAGs
[2022-08-21 13:31:10,687] {logging_mixin.py:115} INFO - [2022-08-21 13:31:10,686] {dag.py:2972} INFO - Setting next_dagrun for latest_only to 2022-08-21T09:31:10.686756+00:00, run_after=2022-08-21T13:31:10.686756+00:00
[2022-08-21 13:31:10,707] {processor.py:161} INFO - Processing /home/airflow/.local/lib/python3.7/site-packages/airflow/example_dags/example_latest_only.py took 0.104 seconds
[2022-08-21 13:31:40,796] {processor.py:153} INFO - Started process (PID=1630) to work on /home/airflow/.local/lib/python3.7/site-packages/airflow/example_dags/example_latest_only.py
[2022-08-21 13:31:40,797] {processor.py:641} INFO - Processing file /home/airflow/.local/lib/python3.7/site-packages/airflow/example_dags/example_latest_only.py for tasks to queue
[2022-08-21 13:31:40,797] {logging_mixin.py:115} INFO - [2022-08-21 13:31:40,797] {dagbag.py:508} INFO - Filling up the DagBag from /home/airflow/.local/lib/python3.7/site-packages/airflow/example_dags/example_latest_only.py
[2022-08-21 13:31:40,802] {processor.py:651} INFO - DAG(s) dict_keys(['latest_only']) retrieved from /home/airflow/.local/lib/python3.7/site-packages/airflow/example_dags/example_latest_only.py
[2022-08-21 13:31:40,826] {logging_mixin.py:115} INFO - [2022-08-21 13:31:40,825] {dag.py:2420} INFO - Sync 1 DAGs
[2022-08-21 13:31:40,845] {logging_mixin.py:115} INFO - [2022-08-21 13:31:40,845] {dag.py:2972} INFO - Setting next_dagrun for latest_only to 2022-08-21T09:31:40.845250+00:00, run_after=2022-08-21T13:31:40.845250+00:00
[2022-08-21 13:31:40,863] {processor.py:161} INFO - Processing /home/airflow/.local/lib/python3.7/site-packages/airflow/example_dags/example_latest_only.py took 0.070 seconds
[2022-08-21 13:32:11,673] {processor.py:153} INFO - Started process (PID=1692) to work on /home/airflow/.local/lib/python3.7/site-packages/airflow/example_dags/example_latest_only.py
[2022-08-21 13:32:11,674] {processor.py:641} INFO - Processing file /home/airflow/.local/lib/python3.7/site-packages/airflow/example_dags/example_latest_only.py for tasks to queue
[2022-08-21 13:32:11,674] {logging_mixin.py:115} INFO - [2022-08-21 13:32:11,674] {dagbag.py:508} INFO - Filling up the DagBag from /home/airflow/.local/lib/python3.7/site-packages/airflow/example_dags/example_latest_only.py
[2022-08-21 13:32:11,680] {processor.py:651} INFO - DAG(s) dict_keys(['latest_only']) retrieved from /home/airflow/.local/lib/python3.7/site-packages/airflow/example_dags/example_latest_only.py
[2022-08-21 13:32:11,705] {logging_mixin.py:115} INFO - [2022-08-21 13:32:11,705] {dag.py:2420} INFO - Sync 1 DAGs
[2022-08-21 13:32:11,732] {logging_mixin.py:115} INFO - [2022-08-21 13:32:11,732] {dag.py:2972} INFO - Setting next_dagrun for latest_only to 2022-08-21T09:32:11.732256+00:00, run_after=2022-08-21T13:32:11.732256+00:00
[2022-08-21 13:32:11,752] {processor.py:161} INFO - Processing /home/airflow/.local/lib/python3.7/site-packages/airflow/example_dags/example_latest_only.py took 0.082 seconds
[2022-08-21 13:32:42,521] {processor.py:153} INFO - Started process (PID=1753) to work on /home/airflow/.local/lib/python3.7/site-packages/airflow/example_dags/example_latest_only.py
[2022-08-21 13:32:42,522] {processor.py:641} INFO - Processing file /home/airflow/.local/lib/python3.7/site-packages/airflow/example_dags/example_latest_only.py for tasks to queue
[2022-08-21 13:32:42,523] {logging_mixin.py:115} INFO - [2022-08-21 13:32:42,523] {dagbag.py:508} INFO - Filling up the DagBag from /home/airflow/.local/lib/python3.7/site-packages/airflow/example_dags/example_latest_only.py
[2022-08-21 13:32:42,528] {processor.py:651} INFO - DAG(s) dict_keys(['latest_only']) retrieved from /home/airflow/.local/lib/python3.7/site-packages/airflow/example_dags/example_latest_only.py
[2022-08-21 13:32:42,557] {logging_mixin.py:115} INFO - [2022-08-21 13:32:42,557] {dag.py:2420} INFO - Sync 1 DAGs
[2022-08-21 13:32:42,580] {logging_mixin.py:115} INFO - [2022-08-21 13:32:42,579] {dag.py:2972} INFO - Setting next_dagrun for latest_only to 2022-08-21T09:32:42.579534+00:00, run_after=2022-08-21T13:32:42.579534+00:00
[2022-08-21 13:32:42,592] {processor.py:161} INFO - Processing /home/airflow/.local/lib/python3.7/site-packages/airflow/example_dags/example_latest_only.py took 0.074 seconds
[2022-08-21 13:33:13,434] {processor.py:153} INFO - Started process (PID=1806) to work on /home/airflow/.local/lib/python3.7/site-packages/airflow/example_dags/example_latest_only.py
[2022-08-21 13:33:13,435] {processor.py:641} INFO - Processing file /home/airflow/.local/lib/python3.7/site-packages/airflow/example_dags/example_latest_only.py for tasks to queue
[2022-08-21 13:33:13,436] {logging_mixin.py:115} INFO - [2022-08-21 13:33:13,436] {dagbag.py:508} INFO - Filling up the DagBag from /home/airflow/.local/lib/python3.7/site-packages/airflow/example_dags/example_latest_only.py
[2022-08-21 13:33:13,441] {processor.py:651} INFO - DAG(s) dict_keys(['latest_only']) retrieved from /home/airflow/.local/lib/python3.7/site-packages/airflow/example_dags/example_latest_only.py
[2022-08-21 13:33:13,464] {logging_mixin.py:115} INFO - [2022-08-21 13:33:13,464] {dag.py:2420} INFO - Sync 1 DAGs
[2022-08-21 13:33:13,485] {logging_mixin.py:115} INFO - [2022-08-21 13:33:13,485] {dag.py:2972} INFO - Setting next_dagrun for latest_only to 2022-08-21T09:33:13.484933+00:00, run_after=2022-08-21T13:33:13.484933+00:00
[2022-08-21 13:33:13,498] {processor.py:161} INFO - Processing /home/airflow/.local/lib/python3.7/site-packages/airflow/example_dags/example_latest_only.py took 0.066 seconds
[2022-08-21 13:33:44,329] {processor.py:153} INFO - Started process (PID=1867) to work on /home/airflow/.local/lib/python3.7/site-packages/airflow/example_dags/example_latest_only.py
[2022-08-21 13:33:44,330] {processor.py:641} INFO - Processing file /home/airflow/.local/lib/python3.7/site-packages/airflow/example_dags/example_latest_only.py for tasks to queue
[2022-08-21 13:33:44,331] {logging_mixin.py:115} INFO - [2022-08-21 13:33:44,330] {dagbag.py:508} INFO - Filling up the DagBag from /home/airflow/.local/lib/python3.7/site-packages/airflow/example_dags/example_latest_only.py
[2022-08-21 13:33:44,336] {processor.py:651} INFO - DAG(s) dict_keys(['latest_only']) retrieved from /home/airflow/.local/lib/python3.7/site-packages/airflow/example_dags/example_latest_only.py
[2022-08-21 13:33:44,360] {logging_mixin.py:115} INFO - [2022-08-21 13:33:44,360] {dag.py:2420} INFO - Sync 1 DAGs
[2022-08-21 13:33:44,395] {logging_mixin.py:115} INFO - [2022-08-21 13:33:44,395] {dag.py:2972} INFO - Setting next_dagrun for latest_only to 2022-08-21T09:33:44.395251+00:00, run_after=2022-08-21T13:33:44.395251+00:00
[2022-08-21 13:33:44,416] {processor.py:161} INFO - Processing /home/airflow/.local/lib/python3.7/site-packages/airflow/example_dags/example_latest_only.py took 0.091 seconds
[2022-08-21 13:34:15,292] {processor.py:153} INFO - Started process (PID=1928) to work on /home/airflow/.local/lib/python3.7/site-packages/airflow/example_dags/example_latest_only.py
[2022-08-21 13:34:15,293] {processor.py:641} INFO - Processing file /home/airflow/.local/lib/python3.7/site-packages/airflow/example_dags/example_latest_only.py for tasks to queue
[2022-08-21 13:34:15,294] {logging_mixin.py:115} INFO - [2022-08-21 13:34:15,294] {dagbag.py:508} INFO - Filling up the DagBag from /home/airflow/.local/lib/python3.7/site-packages/airflow/example_dags/example_latest_only.py
[2022-08-21 13:34:15,300] {processor.py:651} INFO - DAG(s) dict_keys(['latest_only']) retrieved from /home/airflow/.local/lib/python3.7/site-packages/airflow/example_dags/example_latest_only.py
[2022-08-21 13:34:15,342] {logging_mixin.py:115} INFO - [2022-08-21 13:34:15,342] {dag.py:2420} INFO - Sync 1 DAGs
[2022-08-21 13:34:15,385] {logging_mixin.py:115} INFO - [2022-08-21 13:34:15,385] {dag.py:2972} INFO - Setting next_dagrun for latest_only to 2022-08-21T09:34:15.384965+00:00, run_after=2022-08-21T13:34:15.384965+00:00
[2022-08-21 13:34:15,406] {processor.py:161} INFO - Processing /home/airflow/.local/lib/python3.7/site-packages/airflow/example_dags/example_latest_only.py took 0.117 seconds
[2022-08-21 13:34:45,506] {processor.py:153} INFO - Started process (PID=1980) to work on /home/airflow/.local/lib/python3.7/site-packages/airflow/example_dags/example_latest_only.py
[2022-08-21 13:34:45,507] {processor.py:641} INFO - Processing file /home/airflow/.local/lib/python3.7/site-packages/airflow/example_dags/example_latest_only.py for tasks to queue
[2022-08-21 13:34:45,508] {logging_mixin.py:115} INFO - [2022-08-21 13:34:45,508] {dagbag.py:508} INFO - Filling up the DagBag from /home/airflow/.local/lib/python3.7/site-packages/airflow/example_dags/example_latest_only.py
[2022-08-21 13:34:45,513] {processor.py:651} INFO - DAG(s) dict_keys(['latest_only']) retrieved from /home/airflow/.local/lib/python3.7/site-packages/airflow/example_dags/example_latest_only.py
[2022-08-21 13:34:45,534] {logging_mixin.py:115} INFO - [2022-08-21 13:34:45,534] {dag.py:2420} INFO - Sync 1 DAGs
[2022-08-21 13:34:45,556] {logging_mixin.py:115} INFO - [2022-08-21 13:34:45,556] {dag.py:2972} INFO - Setting next_dagrun for latest_only to 2022-08-21T09:34:45.556563+00:00, run_after=2022-08-21T13:34:45.556563+00:00
[2022-08-21 13:34:45,568] {processor.py:161} INFO - Processing /home/airflow/.local/lib/python3.7/site-packages/airflow/example_dags/example_latest_only.py took 0.065 seconds
[2022-08-21 13:35:16,616] {processor.py:153} INFO - Started process (PID=2041) to work on /home/airflow/.local/lib/python3.7/site-packages/airflow/example_dags/example_latest_only.py
[2022-08-21 13:35:16,617] {processor.py:641} INFO - Processing file /home/airflow/.local/lib/python3.7/site-packages/airflow/example_dags/example_latest_only.py for tasks to queue
[2022-08-21 13:35:16,617] {logging_mixin.py:115} INFO - [2022-08-21 13:35:16,617] {dagbag.py:508} INFO - Filling up the DagBag from /home/airflow/.local/lib/python3.7/site-packages/airflow/example_dags/example_latest_only.py
[2022-08-21 13:35:16,622] {processor.py:651} INFO - DAG(s) dict_keys(['latest_only']) retrieved from /home/airflow/.local/lib/python3.7/site-packages/airflow/example_dags/example_latest_only.py
[2022-08-21 13:35:16,683] {logging_mixin.py:115} INFO - [2022-08-21 13:35:16,682] {dag.py:2420} INFO - Sync 1 DAGs
[2022-08-21 13:35:16,707] {logging_mixin.py:115} INFO - [2022-08-21 13:35:16,707] {dag.py:2972} INFO - Setting next_dagrun for latest_only to 2022-08-21T09:35:16.707264+00:00, run_after=2022-08-21T13:35:16.707264+00:00
[2022-08-21 13:35:16,724] {processor.py:161} INFO - Processing /home/airflow/.local/lib/python3.7/site-packages/airflow/example_dags/example_latest_only.py took 0.111 seconds
[2022-08-21 13:35:47,639] {processor.py:153} INFO - Started process (PID=2102) to work on /home/airflow/.local/lib/python3.7/site-packages/airflow/example_dags/example_latest_only.py
[2022-08-21 13:35:47,640] {processor.py:641} INFO - Processing file /home/airflow/.local/lib/python3.7/site-packages/airflow/example_dags/example_latest_only.py for tasks to queue
[2022-08-21 13:35:47,640] {logging_mixin.py:115} INFO - [2022-08-21 13:35:47,640] {dagbag.py:508} INFO - Filling up the DagBag from /home/airflow/.local/lib/python3.7/site-packages/airflow/example_dags/example_latest_only.py
[2022-08-21 13:35:47,647] {processor.py:651} INFO - DAG(s) dict_keys(['latest_only']) retrieved from /home/airflow/.local/lib/python3.7/site-packages/airflow/example_dags/example_latest_only.py
[2022-08-21 13:35:47,685] {logging_mixin.py:115} INFO - [2022-08-21 13:35:47,685] {dag.py:2420} INFO - Sync 1 DAGs
[2022-08-21 13:35:47,705] {logging_mixin.py:115} INFO - [2022-08-21 13:35:47,705] {dag.py:2972} INFO - Setting next_dagrun for latest_only to 2022-08-21T09:35:47.705072+00:00, run_after=2022-08-21T13:35:47.705072+00:00
[2022-08-21 13:35:47,716] {processor.py:161} INFO - Processing /home/airflow/.local/lib/python3.7/site-packages/airflow/example_dags/example_latest_only.py took 0.080 seconds
[2022-08-21 13:36:18,423] {processor.py:153} INFO - Started process (PID=2154) to work on /home/airflow/.local/lib/python3.7/site-packages/airflow/example_dags/example_latest_only.py
[2022-08-21 13:36:18,423] {processor.py:641} INFO - Processing file /home/airflow/.local/lib/python3.7/site-packages/airflow/example_dags/example_latest_only.py for tasks to queue
[2022-08-21 13:36:18,424] {logging_mixin.py:115} INFO - [2022-08-21 13:36:18,424] {dagbag.py:508} INFO - Filling up the DagBag from /home/airflow/.local/lib/python3.7/site-packages/airflow/example_dags/example_latest_only.py
[2022-08-21 13:36:18,428] {processor.py:651} INFO - DAG(s) dict_keys(['latest_only']) retrieved from /home/airflow/.local/lib/python3.7/site-packages/airflow/example_dags/example_latest_only.py
[2022-08-21 13:36:18,452] {logging_mixin.py:115} INFO - [2022-08-21 13:36:18,452] {dag.py:2420} INFO - Sync 1 DAGs
[2022-08-21 13:36:18,471] {logging_mixin.py:115} INFO - [2022-08-21 13:36:18,471] {dag.py:2972} INFO - Setting next_dagrun for latest_only to 2022-08-21T09:36:18.471481+00:00, run_after=2022-08-21T13:36:18.471481+00:00
[2022-08-21 13:36:18,490] {processor.py:161} INFO - Processing /home/airflow/.local/lib/python3.7/site-packages/airflow/example_dags/example_latest_only.py took 0.070 seconds
[2022-08-21 13:36:49,475] {processor.py:153} INFO - Started process (PID=2216) to work on /home/airflow/.local/lib/python3.7/site-packages/airflow/example_dags/example_latest_only.py
[2022-08-21 13:36:49,476] {processor.py:641} INFO - Processing file /home/airflow/.local/lib/python3.7/site-packages/airflow/example_dags/example_latest_only.py for tasks to queue
[2022-08-21 13:36:49,476] {logging_mixin.py:115} INFO - [2022-08-21 13:36:49,476] {dagbag.py:508} INFO - Filling up the DagBag from /home/airflow/.local/lib/python3.7/site-packages/airflow/example_dags/example_latest_only.py
[2022-08-21 13:36:49,481] {processor.py:651} INFO - DAG(s) dict_keys(['latest_only']) retrieved from /home/airflow/.local/lib/python3.7/site-packages/airflow/example_dags/example_latest_only.py
[2022-08-21 13:36:49,505] {logging_mixin.py:115} INFO - [2022-08-21 13:36:49,505] {dag.py:2420} INFO - Sync 1 DAGs
[2022-08-21 13:36:49,531] {logging_mixin.py:115} INFO - [2022-08-21 13:36:49,531] {dag.py:2972} INFO - Setting next_dagrun for latest_only to 2022-08-21T09:36:49.531402+00:00, run_after=2022-08-21T13:36:49.531402+00:00
[2022-08-21 13:36:49,548] {processor.py:161} INFO - Processing /home/airflow/.local/lib/python3.7/site-packages/airflow/example_dags/example_latest_only.py took 0.076 seconds
[2022-08-21 13:37:20,165] {processor.py:153} INFO - Started process (PID=2278) to work on /home/airflow/.local/lib/python3.7/site-packages/airflow/example_dags/example_latest_only.py
[2022-08-21 13:37:20,166] {processor.py:641} INFO - Processing file /home/airflow/.local/lib/python3.7/site-packages/airflow/example_dags/example_latest_only.py for tasks to queue
[2022-08-21 13:37:20,167] {logging_mixin.py:115} INFO - [2022-08-21 13:37:20,167] {dagbag.py:508} INFO - Filling up the DagBag from /home/airflow/.local/lib/python3.7/site-packages/airflow/example_dags/example_latest_only.py
[2022-08-21 13:37:20,172] {processor.py:651} INFO - DAG(s) dict_keys(['latest_only']) retrieved from /home/airflow/.local/lib/python3.7/site-packages/airflow/example_dags/example_latest_only.py
[2022-08-21 13:37:20,192] {logging_mixin.py:115} INFO - [2022-08-21 13:37:20,192] {dag.py:2420} INFO - Sync 1 DAGs
[2022-08-21 13:37:20,214] {logging_mixin.py:115} INFO - [2022-08-21 13:37:20,214] {dag.py:2972} INFO - Setting next_dagrun for latest_only to 2022-08-21T09:37:20.214007+00:00, run_after=2022-08-21T13:37:20.214007+00:00
[2022-08-21 13:37:20,229] {processor.py:161} INFO - Processing /home/airflow/.local/lib/python3.7/site-packages/airflow/example_dags/example_latest_only.py took 0.067 seconds
[2022-08-21 13:37:50,979] {processor.py:153} INFO - Started process (PID=2337) to work on /home/airflow/.local/lib/python3.7/site-packages/airflow/example_dags/example_latest_only.py
[2022-08-21 13:37:50,980] {processor.py:641} INFO - Processing file /home/airflow/.local/lib/python3.7/site-packages/airflow/example_dags/example_latest_only.py for tasks to queue
[2022-08-21 13:37:50,980] {logging_mixin.py:115} INFO - [2022-08-21 13:37:50,980] {dagbag.py:508} INFO - Filling up the DagBag from /home/airflow/.local/lib/python3.7/site-packages/airflow/example_dags/example_latest_only.py
[2022-08-21 13:37:50,985] {processor.py:651} INFO - DAG(s) dict_keys(['latest_only']) retrieved from /home/airflow/.local/lib/python3.7/site-packages/airflow/example_dags/example_latest_only.py
[2022-08-21 13:37:51,008] {logging_mixin.py:115} INFO - [2022-08-21 13:37:51,008] {dag.py:2420} INFO - Sync 1 DAGs
[2022-08-21 13:37:51,032] {logging_mixin.py:115} INFO - [2022-08-21 13:37:51,032] {dag.py:2972} INFO - Setting next_dagrun for latest_only to 2022-08-21T09:37:51.032324+00:00, run_after=2022-08-21T13:37:51.032324+00:00
[2022-08-21 13:37:51,044] {processor.py:161} INFO - Processing /home/airflow/.local/lib/python3.7/site-packages/airflow/example_dags/example_latest_only.py took 0.069 seconds
[2022-08-21 13:38:21,972] {processor.py:153} INFO - Started process (PID=2391) to work on /home/airflow/.local/lib/python3.7/site-packages/airflow/example_dags/example_latest_only.py
[2022-08-21 13:38:21,973] {processor.py:641} INFO - Processing file /home/airflow/.local/lib/python3.7/site-packages/airflow/example_dags/example_latest_only.py for tasks to queue
[2022-08-21 13:38:21,973] {logging_mixin.py:115} INFO - [2022-08-21 13:38:21,973] {dagbag.py:508} INFO - Filling up the DagBag from /home/airflow/.local/lib/python3.7/site-packages/airflow/example_dags/example_latest_only.py
[2022-08-21 13:38:21,978] {processor.py:651} INFO - DAG(s) dict_keys(['latest_only']) retrieved from /home/airflow/.local/lib/python3.7/site-packages/airflow/example_dags/example_latest_only.py
[2022-08-21 13:38:22,003] {logging_mixin.py:115} INFO - [2022-08-21 13:38:22,003] {dag.py:2420} INFO - Sync 1 DAGs
[2022-08-21 13:38:22,026] {logging_mixin.py:115} INFO - [2022-08-21 13:38:22,026] {dag.py:2972} INFO - Setting next_dagrun for latest_only to 2022-08-21T09:38:22.025094+00:00, run_after=2022-08-21T13:38:22.025094+00:00
[2022-08-21 13:38:22,049] {processor.py:161} INFO - Processing /home/airflow/.local/lib/python3.7/site-packages/airflow/example_dags/example_latest_only.py took 0.080 seconds
[2022-08-21 13:38:52,975] {processor.py:153} INFO - Started process (PID=2452) to work on /home/airflow/.local/lib/python3.7/site-packages/airflow/example_dags/example_latest_only.py
[2022-08-21 13:38:52,976] {processor.py:641} INFO - Processing file /home/airflow/.local/lib/python3.7/site-packages/airflow/example_dags/example_latest_only.py for tasks to queue
[2022-08-21 13:38:52,976] {logging_mixin.py:115} INFO - [2022-08-21 13:38:52,976] {dagbag.py:508} INFO - Filling up the DagBag from /home/airflow/.local/lib/python3.7/site-packages/airflow/example_dags/example_latest_only.py
[2022-08-21 13:38:52,982] {processor.py:651} INFO - DAG(s) dict_keys(['latest_only']) retrieved from /home/airflow/.local/lib/python3.7/site-packages/airflow/example_dags/example_latest_only.py
[2022-08-21 13:38:53,009] {logging_mixin.py:115} INFO - [2022-08-21 13:38:53,009] {dag.py:2420} INFO - Sync 1 DAGs
[2022-08-21 13:38:53,033] {logging_mixin.py:115} INFO - [2022-08-21 13:38:53,033] {dag.py:2972} INFO - Setting next_dagrun for latest_only to 2022-08-21T09:38:53.033165+00:00, run_after=2022-08-21T13:38:53.033165+00:00
[2022-08-21 13:38:53,050] {processor.py:161} INFO - Processing /home/airflow/.local/lib/python3.7/site-packages/airflow/example_dags/example_latest_only.py took 0.078 seconds
[2022-08-21 13:39:23,130] {processor.py:153} INFO - Started process (PID=2513) to work on /home/airflow/.local/lib/python3.7/site-packages/airflow/example_dags/example_latest_only.py
[2022-08-21 13:39:23,132] {processor.py:641} INFO - Processing file /home/airflow/.local/lib/python3.7/site-packages/airflow/example_dags/example_latest_only.py for tasks to queue
[2022-08-21 13:39:23,133] {logging_mixin.py:115} INFO - [2022-08-21 13:39:23,133] {dagbag.py:508} INFO - Filling up the DagBag from /home/airflow/.local/lib/python3.7/site-packages/airflow/example_dags/example_latest_only.py
[2022-08-21 13:39:23,139] {processor.py:651} INFO - DAG(s) dict_keys(['latest_only']) retrieved from /home/airflow/.local/lib/python3.7/site-packages/airflow/example_dags/example_latest_only.py
[2022-08-21 13:39:23,165] {logging_mixin.py:115} INFO - [2022-08-21 13:39:23,165] {dag.py:2420} INFO - Sync 1 DAGs
[2022-08-21 13:39:23,189] {logging_mixin.py:115} INFO - [2022-08-21 13:39:23,189] {dag.py:2972} INFO - Setting next_dagrun for latest_only to 2022-08-21T09:39:23.189293+00:00, run_after=2022-08-21T13:39:23.189293+00:00
[2022-08-21 13:39:23,203] {processor.py:161} INFO - Processing /home/airflow/.local/lib/python3.7/site-packages/airflow/example_dags/example_latest_only.py took 0.077 seconds
[2022-08-21 13:39:54,068] {processor.py:153} INFO - Started process (PID=2567) to work on /home/airflow/.local/lib/python3.7/site-packages/airflow/example_dags/example_latest_only.py
[2022-08-21 13:39:54,069] {processor.py:641} INFO - Processing file /home/airflow/.local/lib/python3.7/site-packages/airflow/example_dags/example_latest_only.py for tasks to queue
[2022-08-21 13:39:54,070] {logging_mixin.py:115} INFO - [2022-08-21 13:39:54,070] {dagbag.py:508} INFO - Filling up the DagBag from /home/airflow/.local/lib/python3.7/site-packages/airflow/example_dags/example_latest_only.py
[2022-08-21 13:39:54,075] {processor.py:651} INFO - DAG(s) dict_keys(['latest_only']) retrieved from /home/airflow/.local/lib/python3.7/site-packages/airflow/example_dags/example_latest_only.py
[2022-08-21 13:39:54,107] {logging_mixin.py:115} INFO - [2022-08-21 13:39:54,107] {dag.py:2420} INFO - Sync 1 DAGs
[2022-08-21 13:39:54,128] {logging_mixin.py:115} INFO - [2022-08-21 13:39:54,127] {dag.py:2972} INFO - Setting next_dagrun for latest_only to 2022-08-21T09:39:54.127553+00:00, run_after=2022-08-21T13:39:54.127553+00:00
[2022-08-21 13:39:54,140] {processor.py:161} INFO - Processing /home/airflow/.local/lib/python3.7/site-packages/airflow/example_dags/example_latest_only.py took 0.074 seconds
[2022-08-21 13:40:24,230] {processor.py:153} INFO - Started process (PID=2643) to work on /home/airflow/.local/lib/python3.7/site-packages/airflow/example_dags/example_latest_only.py
[2022-08-21 13:40:24,231] {processor.py:641} INFO - Processing file /home/airflow/.local/lib/python3.7/site-packages/airflow/example_dags/example_latest_only.py for tasks to queue
[2022-08-21 13:40:24,232] {logging_mixin.py:115} INFO - [2022-08-21 13:40:24,232] {dagbag.py:508} INFO - Filling up the DagBag from /home/airflow/.local/lib/python3.7/site-packages/airflow/example_dags/example_latest_only.py
[2022-08-21 13:40:24,236] {processor.py:651} INFO - DAG(s) dict_keys(['latest_only']) retrieved from /home/airflow/.local/lib/python3.7/site-packages/airflow/example_dags/example_latest_only.py
[2022-08-21 13:40:24,259] {logging_mixin.py:115} INFO - [2022-08-21 13:40:24,259] {dag.py:2420} INFO - Sync 1 DAGs
[2022-08-21 13:40:24,280] {logging_mixin.py:115} INFO - [2022-08-21 13:40:24,280] {dag.py:2972} INFO - Setting next_dagrun for latest_only to 2022-08-21T09:40:24.280318+00:00, run_after=2022-08-21T13:40:24.280318+00:00
[2022-08-21 13:40:24,291] {processor.py:161} INFO - Processing /home/airflow/.local/lib/python3.7/site-packages/airflow/example_dags/example_latest_only.py took 0.064 seconds
[2022-08-21 13:40:54,433] {processor.py:153} INFO - Started process (PID=2696) to work on /home/airflow/.local/lib/python3.7/site-packages/airflow/example_dags/example_latest_only.py
[2022-08-21 13:40:54,434] {processor.py:641} INFO - Processing file /home/airflow/.local/lib/python3.7/site-packages/airflow/example_dags/example_latest_only.py for tasks to queue
[2022-08-21 13:40:54,435] {logging_mixin.py:115} INFO - [2022-08-21 13:40:54,435] {dagbag.py:508} INFO - Filling up the DagBag from /home/airflow/.local/lib/python3.7/site-packages/airflow/example_dags/example_latest_only.py
[2022-08-21 13:40:54,439] {processor.py:651} INFO - DAG(s) dict_keys(['latest_only']) retrieved from /home/airflow/.local/lib/python3.7/site-packages/airflow/example_dags/example_latest_only.py
[2022-08-21 13:40:54,465] {logging_mixin.py:115} INFO - [2022-08-21 13:40:54,465] {dag.py:2420} INFO - Sync 1 DAGs
[2022-08-21 13:40:54,485] {logging_mixin.py:115} INFO - [2022-08-21 13:40:54,485] {dag.py:2972} INFO - Setting next_dagrun for latest_only to 2022-08-21T09:40:54.485034+00:00, run_after=2022-08-21T13:40:54.485034+00:00
[2022-08-21 13:40:54,497] {processor.py:161} INFO - Processing /home/airflow/.local/lib/python3.7/site-packages/airflow/example_dags/example_latest_only.py took 0.067 seconds
[2022-08-21 13:41:24,642] {processor.py:153} INFO - Started process (PID=2761) to work on /home/airflow/.local/lib/python3.7/site-packages/airflow/example_dags/example_latest_only.py
[2022-08-21 13:41:24,643] {processor.py:641} INFO - Processing file /home/airflow/.local/lib/python3.7/site-packages/airflow/example_dags/example_latest_only.py for tasks to queue
[2022-08-21 13:41:24,643] {logging_mixin.py:115} INFO - [2022-08-21 13:41:24,643] {dagbag.py:508} INFO - Filling up the DagBag from /home/airflow/.local/lib/python3.7/site-packages/airflow/example_dags/example_latest_only.py
[2022-08-21 13:41:24,648] {processor.py:651} INFO - DAG(s) dict_keys(['latest_only']) retrieved from /home/airflow/.local/lib/python3.7/site-packages/airflow/example_dags/example_latest_only.py
[2022-08-21 13:41:24,672] {logging_mixin.py:115} INFO - [2022-08-21 13:41:24,671] {dag.py:2420} INFO - Sync 1 DAGs
[2022-08-21 13:41:24,691] {logging_mixin.py:115} INFO - [2022-08-21 13:41:24,691] {dag.py:2972} INFO - Setting next_dagrun for latest_only to 2022-08-21T09:41:24.691313+00:00, run_after=2022-08-21T13:41:24.691313+00:00
[2022-08-21 13:41:24,703] {processor.py:161} INFO - Processing /home/airflow/.local/lib/python3.7/site-packages/airflow/example_dags/example_latest_only.py took 0.064 seconds
[2022-08-21 13:41:54,835] {processor.py:153} INFO - Started process (PID=2822) to work on /home/airflow/.local/lib/python3.7/site-packages/airflow/example_dags/example_latest_only.py
[2022-08-21 13:41:54,836] {processor.py:641} INFO - Processing file /home/airflow/.local/lib/python3.7/site-packages/airflow/example_dags/example_latest_only.py for tasks to queue
[2022-08-21 13:41:54,837] {logging_mixin.py:115} INFO - [2022-08-21 13:41:54,836] {dagbag.py:508} INFO - Filling up the DagBag from /home/airflow/.local/lib/python3.7/site-packages/airflow/example_dags/example_latest_only.py
[2022-08-21 13:41:54,842] {processor.py:651} INFO - DAG(s) dict_keys(['latest_only']) retrieved from /home/airflow/.local/lib/python3.7/site-packages/airflow/example_dags/example_latest_only.py
[2022-08-21 13:41:54,873] {logging_mixin.py:115} INFO - [2022-08-21 13:41:54,873] {dag.py:2420} INFO - Sync 1 DAGs
[2022-08-21 13:41:54,899] {logging_mixin.py:115} INFO - [2022-08-21 13:41:54,899] {dag.py:2972} INFO - Setting next_dagrun for latest_only to 2022-08-21T09:41:54.898923+00:00, run_after=2022-08-21T13:41:54.898923+00:00
[2022-08-21 13:41:54,915] {processor.py:161} INFO - Processing /home/airflow/.local/lib/python3.7/site-packages/airflow/example_dags/example_latest_only.py took 0.083 seconds
[2022-08-21 13:42:25,642] {processor.py:153} INFO - Started process (PID=2874) to work on /home/airflow/.local/lib/python3.7/site-packages/airflow/example_dags/example_latest_only.py
[2022-08-21 13:42:25,643] {processor.py:641} INFO - Processing file /home/airflow/.local/lib/python3.7/site-packages/airflow/example_dags/example_latest_only.py for tasks to queue
[2022-08-21 13:42:25,644] {logging_mixin.py:115} INFO - [2022-08-21 13:42:25,644] {dagbag.py:508} INFO - Filling up the DagBag from /home/airflow/.local/lib/python3.7/site-packages/airflow/example_dags/example_latest_only.py
[2022-08-21 13:42:25,648] {processor.py:651} INFO - DAG(s) dict_keys(['latest_only']) retrieved from /home/airflow/.local/lib/python3.7/site-packages/airflow/example_dags/example_latest_only.py
[2022-08-21 13:42:25,674] {logging_mixin.py:115} INFO - [2022-08-21 13:42:25,674] {dag.py:2420} INFO - Sync 1 DAGs
[2022-08-21 13:42:25,694] {logging_mixin.py:115} INFO - [2022-08-21 13:42:25,694] {dag.py:2972} INFO - Setting next_dagrun for latest_only to 2022-08-21T09:42:25.694227+00:00, run_after=2022-08-21T13:42:25.694227+00:00
[2022-08-21 13:42:25,707] {processor.py:161} INFO - Processing /home/airflow/.local/lib/python3.7/site-packages/airflow/example_dags/example_latest_only.py took 0.067 seconds
[2022-08-21 13:42:56,619] {processor.py:153} INFO - Started process (PID=2935) to work on /home/airflow/.local/lib/python3.7/site-packages/airflow/example_dags/example_latest_only.py
[2022-08-21 13:42:56,620] {processor.py:641} INFO - Processing file /home/airflow/.local/lib/python3.7/site-packages/airflow/example_dags/example_latest_only.py for tasks to queue
[2022-08-21 13:42:56,621] {logging_mixin.py:115} INFO - [2022-08-21 13:42:56,621] {dagbag.py:508} INFO - Filling up the DagBag from /home/airflow/.local/lib/python3.7/site-packages/airflow/example_dags/example_latest_only.py
[2022-08-21 13:42:56,625] {processor.py:651} INFO - DAG(s) dict_keys(['latest_only']) retrieved from /home/airflow/.local/lib/python3.7/site-packages/airflow/example_dags/example_latest_only.py
[2022-08-21 13:42:56,652] {logging_mixin.py:115} INFO - [2022-08-21 13:42:56,652] {dag.py:2420} INFO - Sync 1 DAGs
[2022-08-21 13:42:56,674] {logging_mixin.py:115} INFO - [2022-08-21 13:42:56,674] {dag.py:2972} INFO - Setting next_dagrun for latest_only to 2022-08-21T09:42:56.674536+00:00, run_after=2022-08-21T13:42:56.674536+00:00
[2022-08-21 13:42:56,688] {processor.py:161} INFO - Processing /home/airflow/.local/lib/python3.7/site-packages/airflow/example_dags/example_latest_only.py took 0.072 seconds
[2022-08-21 13:43:27,056] {processor.py:153} INFO - Started process (PID=2996) to work on /home/airflow/.local/lib/python3.7/site-packages/airflow/example_dags/example_latest_only.py
[2022-08-21 13:43:27,057] {processor.py:641} INFO - Processing file /home/airflow/.local/lib/python3.7/site-packages/airflow/example_dags/example_latest_only.py for tasks to queue
[2022-08-21 13:43:27,058] {logging_mixin.py:115} INFO - [2022-08-21 13:43:27,058] {dagbag.py:508} INFO - Filling up the DagBag from /home/airflow/.local/lib/python3.7/site-packages/airflow/example_dags/example_latest_only.py
[2022-08-21 13:43:27,062] {processor.py:651} INFO - DAG(s) dict_keys(['latest_only']) retrieved from /home/airflow/.local/lib/python3.7/site-packages/airflow/example_dags/example_latest_only.py
[2022-08-21 13:43:27,085] {logging_mixin.py:115} INFO - [2022-08-21 13:43:27,085] {dag.py:2420} INFO - Sync 1 DAGs
[2022-08-21 13:43:27,107] {logging_mixin.py:115} INFO - [2022-08-21 13:43:27,107] {dag.py:2972} INFO - Setting next_dagrun for latest_only to 2022-08-21T09:43:27.107233+00:00, run_after=2022-08-21T13:43:27.107233+00:00
[2022-08-21 13:43:27,127] {processor.py:161} INFO - Processing /home/airflow/.local/lib/python3.7/site-packages/airflow/example_dags/example_latest_only.py took 0.074 seconds
[2022-08-21 13:43:57,277] {processor.py:153} INFO - Started process (PID=3048) to work on /home/airflow/.local/lib/python3.7/site-packages/airflow/example_dags/example_latest_only.py
[2022-08-21 13:43:57,278] {processor.py:641} INFO - Processing file /home/airflow/.local/lib/python3.7/site-packages/airflow/example_dags/example_latest_only.py for tasks to queue
[2022-08-21 13:43:57,278] {logging_mixin.py:115} INFO - [2022-08-21 13:43:57,278] {dagbag.py:508} INFO - Filling up the DagBag from /home/airflow/.local/lib/python3.7/site-packages/airflow/example_dags/example_latest_only.py
[2022-08-21 13:43:57,283] {processor.py:651} INFO - DAG(s) dict_keys(['latest_only']) retrieved from /home/airflow/.local/lib/python3.7/site-packages/airflow/example_dags/example_latest_only.py
[2022-08-21 13:43:57,305] {logging_mixin.py:115} INFO - [2022-08-21 13:43:57,305] {dag.py:2420} INFO - Sync 1 DAGs
[2022-08-21 13:43:57,322] {logging_mixin.py:115} INFO - [2022-08-21 13:43:57,322] {dag.py:2972} INFO - Setting next_dagrun for latest_only to 2022-08-21T09:43:57.322067+00:00, run_after=2022-08-21T13:43:57.322067+00:00
[2022-08-21 13:43:57,339] {processor.py:161} INFO - Processing /home/airflow/.local/lib/python3.7/site-packages/airflow/example_dags/example_latest_only.py took 0.064 seconds
[2022-08-21 13:44:28,220] {processor.py:153} INFO - Started process (PID=3109) to work on /home/airflow/.local/lib/python3.7/site-packages/airflow/example_dags/example_latest_only.py
[2022-08-21 13:44:28,221] {processor.py:641} INFO - Processing file /home/airflow/.local/lib/python3.7/site-packages/airflow/example_dags/example_latest_only.py for tasks to queue
[2022-08-21 13:44:28,221] {logging_mixin.py:115} INFO - [2022-08-21 13:44:28,221] {dagbag.py:508} INFO - Filling up the DagBag from /home/airflow/.local/lib/python3.7/site-packages/airflow/example_dags/example_latest_only.py
[2022-08-21 13:44:28,227] {processor.py:651} INFO - DAG(s) dict_keys(['latest_only']) retrieved from /home/airflow/.local/lib/python3.7/site-packages/airflow/example_dags/example_latest_only.py
[2022-08-21 13:44:28,250] {logging_mixin.py:115} INFO - [2022-08-21 13:44:28,250] {dag.py:2420} INFO - Sync 1 DAGs
[2022-08-21 13:44:28,270] {logging_mixin.py:115} INFO - [2022-08-21 13:44:28,269] {dag.py:2972} INFO - Setting next_dagrun for latest_only to 2022-08-21T09:44:28.269579+00:00, run_after=2022-08-21T13:44:28.269579+00:00
[2022-08-21 13:44:28,287] {processor.py:161} INFO - Processing /home/airflow/.local/lib/python3.7/site-packages/airflow/example_dags/example_latest_only.py took 0.070 seconds
[2022-08-21 13:44:59,160] {processor.py:153} INFO - Started process (PID=3170) to work on /home/airflow/.local/lib/python3.7/site-packages/airflow/example_dags/example_latest_only.py
[2022-08-21 13:44:59,160] {processor.py:641} INFO - Processing file /home/airflow/.local/lib/python3.7/site-packages/airflow/example_dags/example_latest_only.py for tasks to queue
[2022-08-21 13:44:59,161] {logging_mixin.py:115} INFO - [2022-08-21 13:44:59,161] {dagbag.py:508} INFO - Filling up the DagBag from /home/airflow/.local/lib/python3.7/site-packages/airflow/example_dags/example_latest_only.py
[2022-08-21 13:44:59,166] {processor.py:651} INFO - DAG(s) dict_keys(['latest_only']) retrieved from /home/airflow/.local/lib/python3.7/site-packages/airflow/example_dags/example_latest_only.py
[2022-08-21 13:44:59,190] {logging_mixin.py:115} INFO - [2022-08-21 13:44:59,190] {dag.py:2420} INFO - Sync 1 DAGs
[2022-08-21 13:44:59,212] {logging_mixin.py:115} INFO - [2022-08-21 13:44:59,212] {dag.py:2972} INFO - Setting next_dagrun for latest_only to 2022-08-21T09:44:59.212322+00:00, run_after=2022-08-21T13:44:59.212322+00:00
[2022-08-21 13:44:59,223] {processor.py:161} INFO - Processing /home/airflow/.local/lib/python3.7/site-packages/airflow/example_dags/example_latest_only.py took 0.066 seconds
[2022-08-21 13:45:30,099] {processor.py:153} INFO - Started process (PID=3222) to work on /home/airflow/.local/lib/python3.7/site-packages/airflow/example_dags/example_latest_only.py
[2022-08-21 13:45:30,099] {processor.py:641} INFO - Processing file /home/airflow/.local/lib/python3.7/site-packages/airflow/example_dags/example_latest_only.py for tasks to queue
[2022-08-21 13:45:30,100] {logging_mixin.py:115} INFO - [2022-08-21 13:45:30,100] {dagbag.py:508} INFO - Filling up the DagBag from /home/airflow/.local/lib/python3.7/site-packages/airflow/example_dags/example_latest_only.py
[2022-08-21 13:45:30,106] {processor.py:651} INFO - DAG(s) dict_keys(['latest_only']) retrieved from /home/airflow/.local/lib/python3.7/site-packages/airflow/example_dags/example_latest_only.py
[2022-08-21 13:45:30,128] {logging_mixin.py:115} INFO - [2022-08-21 13:45:30,128] {dag.py:2420} INFO - Sync 1 DAGs
[2022-08-21 13:45:30,152] {logging_mixin.py:115} INFO - [2022-08-21 13:45:30,152] {dag.py:2972} INFO - Setting next_dagrun for latest_only to 2022-08-21T09:45:30.152187+00:00, run_after=2022-08-21T13:45:30.152187+00:00
[2022-08-21 13:45:30,162] {processor.py:161} INFO - Processing /home/airflow/.local/lib/python3.7/site-packages/airflow/example_dags/example_latest_only.py took 0.067 seconds
[2022-08-21 13:46:00,246] {processor.py:153} INFO - Started process (PID=3283) to work on /home/airflow/.local/lib/python3.7/site-packages/airflow/example_dags/example_latest_only.py
[2022-08-21 13:46:00,247] {processor.py:641} INFO - Processing file /home/airflow/.local/lib/python3.7/site-packages/airflow/example_dags/example_latest_only.py for tasks to queue
[2022-08-21 13:46:00,248] {logging_mixin.py:115} INFO - [2022-08-21 13:46:00,248] {dagbag.py:508} INFO - Filling up the DagBag from /home/airflow/.local/lib/python3.7/site-packages/airflow/example_dags/example_latest_only.py
[2022-08-21 13:46:00,253] {processor.py:651} INFO - DAG(s) dict_keys(['latest_only']) retrieved from /home/airflow/.local/lib/python3.7/site-packages/airflow/example_dags/example_latest_only.py
[2022-08-21 13:46:00,277] {logging_mixin.py:115} INFO - [2022-08-21 13:46:00,277] {dag.py:2420} INFO - Sync 1 DAGs
[2022-08-21 13:46:00,301] {logging_mixin.py:115} INFO - [2022-08-21 13:46:00,301] {dag.py:2972} INFO - Setting next_dagrun for latest_only to 2022-08-21T09:46:00.300900+00:00, run_after=2022-08-21T13:46:00.300900+00:00
[2022-08-21 13:46:00,317] {processor.py:161} INFO - Processing /home/airflow/.local/lib/python3.7/site-packages/airflow/example_dags/example_latest_only.py took 0.074 seconds
[2022-08-21 13:46:31,242] {processor.py:153} INFO - Started process (PID=3335) to work on /home/airflow/.local/lib/python3.7/site-packages/airflow/example_dags/example_latest_only.py
[2022-08-21 13:46:31,242] {processor.py:641} INFO - Processing file /home/airflow/.local/lib/python3.7/site-packages/airflow/example_dags/example_latest_only.py for tasks to queue
[2022-08-21 13:46:31,243] {logging_mixin.py:115} INFO - [2022-08-21 13:46:31,243] {dagbag.py:508} INFO - Filling up the DagBag from /home/airflow/.local/lib/python3.7/site-packages/airflow/example_dags/example_latest_only.py
[2022-08-21 13:46:31,252] {processor.py:651} INFO - DAG(s) dict_keys(['latest_only']) retrieved from /home/airflow/.local/lib/python3.7/site-packages/airflow/example_dags/example_latest_only.py
[2022-08-21 13:46:31,279] {logging_mixin.py:115} INFO - [2022-08-21 13:46:31,279] {dag.py:2420} INFO - Sync 1 DAGs
[2022-08-21 13:46:31,298] {logging_mixin.py:115} INFO - [2022-08-21 13:46:31,298] {dag.py:2972} INFO - Setting next_dagrun for latest_only to 2022-08-21T09:46:31.298624+00:00, run_after=2022-08-21T13:46:31.298624+00:00
[2022-08-21 13:46:31,312] {processor.py:161} INFO - Processing /home/airflow/.local/lib/python3.7/site-packages/airflow/example_dags/example_latest_only.py took 0.074 seconds
[2022-08-21 13:47:01,493] {processor.py:153} INFO - Started process (PID=3398) to work on /home/airflow/.local/lib/python3.7/site-packages/airflow/example_dags/example_latest_only.py
[2022-08-21 13:47:01,494] {processor.py:641} INFO - Processing file /home/airflow/.local/lib/python3.7/site-packages/airflow/example_dags/example_latest_only.py for tasks to queue
[2022-08-21 13:47:01,495] {logging_mixin.py:115} INFO - [2022-08-21 13:47:01,495] {dagbag.py:508} INFO - Filling up the DagBag from /home/airflow/.local/lib/python3.7/site-packages/airflow/example_dags/example_latest_only.py
[2022-08-21 13:47:01,501] {processor.py:651} INFO - DAG(s) dict_keys(['latest_only']) retrieved from /home/airflow/.local/lib/python3.7/site-packages/airflow/example_dags/example_latest_only.py
[2022-08-21 13:47:01,527] {logging_mixin.py:115} INFO - [2022-08-21 13:47:01,527] {dag.py:2420} INFO - Sync 1 DAGs
[2022-08-21 13:47:01,549] {logging_mixin.py:115} INFO - [2022-08-21 13:47:01,549] {dag.py:2972} INFO - Setting next_dagrun for latest_only to 2022-08-21T09:47:01.549419+00:00, run_after=2022-08-21T13:47:01.549419+00:00
[2022-08-21 13:47:01,563] {processor.py:161} INFO - Processing /home/airflow/.local/lib/python3.7/site-packages/airflow/example_dags/example_latest_only.py took 0.072 seconds
[2022-08-21 13:47:32,248] {processor.py:153} INFO - Started process (PID=3460) to work on /home/airflow/.local/lib/python3.7/site-packages/airflow/example_dags/example_latest_only.py
[2022-08-21 13:47:32,249] {processor.py:641} INFO - Processing file /home/airflow/.local/lib/python3.7/site-packages/airflow/example_dags/example_latest_only.py for tasks to queue
[2022-08-21 13:47:32,250] {logging_mixin.py:115} INFO - [2022-08-21 13:47:32,250] {dagbag.py:508} INFO - Filling up the DagBag from /home/airflow/.local/lib/python3.7/site-packages/airflow/example_dags/example_latest_only.py
[2022-08-21 13:47:32,255] {processor.py:651} INFO - DAG(s) dict_keys(['latest_only']) retrieved from /home/airflow/.local/lib/python3.7/site-packages/airflow/example_dags/example_latest_only.py
[2022-08-21 13:47:32,279] {logging_mixin.py:115} INFO - [2022-08-21 13:47:32,279] {dag.py:2420} INFO - Sync 1 DAGs
[2022-08-21 13:47:32,303] {logging_mixin.py:115} INFO - [2022-08-21 13:47:32,303] {dag.py:2972} INFO - Setting next_dagrun for latest_only to 2022-08-21T09:47:32.302809+00:00, run_after=2022-08-21T13:47:32.302809+00:00
[2022-08-21 13:47:32,318] {processor.py:161} INFO - Processing /home/airflow/.local/lib/python3.7/site-packages/airflow/example_dags/example_latest_only.py took 0.073 seconds
[2022-08-21 13:48:03,040] {processor.py:153} INFO - Started process (PID=3512) to work on /home/airflow/.local/lib/python3.7/site-packages/airflow/example_dags/example_latest_only.py
[2022-08-21 13:48:03,041] {processor.py:641} INFO - Processing file /home/airflow/.local/lib/python3.7/site-packages/airflow/example_dags/example_latest_only.py for tasks to queue
[2022-08-21 13:48:03,042] {logging_mixin.py:115} INFO - [2022-08-21 13:48:03,042] {dagbag.py:508} INFO - Filling up the DagBag from /home/airflow/.local/lib/python3.7/site-packages/airflow/example_dags/example_latest_only.py
[2022-08-21 13:48:03,047] {processor.py:651} INFO - DAG(s) dict_keys(['latest_only']) retrieved from /home/airflow/.local/lib/python3.7/site-packages/airflow/example_dags/example_latest_only.py
[2022-08-21 13:48:03,071] {logging_mixin.py:115} INFO - [2022-08-21 13:48:03,071] {dag.py:2420} INFO - Sync 1 DAGs
[2022-08-21 13:48:03,091] {logging_mixin.py:115} INFO - [2022-08-21 13:48:03,090] {dag.py:2972} INFO - Setting next_dagrun for latest_only to 2022-08-21T09:48:03.090791+00:00, run_after=2022-08-21T13:48:03.090791+00:00
[2022-08-21 13:48:03,105] {processor.py:161} INFO - Processing /home/airflow/.local/lib/python3.7/site-packages/airflow/example_dags/example_latest_only.py took 0.068 seconds
[2022-08-21 13:48:34,087] {processor.py:153} INFO - Started process (PID=3574) to work on /home/airflow/.local/lib/python3.7/site-packages/airflow/example_dags/example_latest_only.py
[2022-08-21 13:48:34,088] {processor.py:641} INFO - Processing file /home/airflow/.local/lib/python3.7/site-packages/airflow/example_dags/example_latest_only.py for tasks to queue
[2022-08-21 13:48:34,089] {logging_mixin.py:115} INFO - [2022-08-21 13:48:34,089] {dagbag.py:508} INFO - Filling up the DagBag from /home/airflow/.local/lib/python3.7/site-packages/airflow/example_dags/example_latest_only.py
[2022-08-21 13:48:34,097] {processor.py:651} INFO - DAG(s) dict_keys(['latest_only']) retrieved from /home/airflow/.local/lib/python3.7/site-packages/airflow/example_dags/example_latest_only.py
[2022-08-21 13:48:34,127] {logging_mixin.py:115} INFO - [2022-08-21 13:48:34,127] {dag.py:2420} INFO - Sync 1 DAGs
[2022-08-21 13:48:34,156] {logging_mixin.py:115} INFO - [2022-08-21 13:48:34,156] {dag.py:2972} INFO - Setting next_dagrun for latest_only to 2022-08-21T09:48:34.155707+00:00, run_after=2022-08-21T13:48:34.155707+00:00
[2022-08-21 13:48:34,171] {processor.py:161} INFO - Processing /home/airflow/.local/lib/python3.7/site-packages/airflow/example_dags/example_latest_only.py took 0.088 seconds
[2022-08-21 13:49:04,634] {processor.py:153} INFO - Started process (PID=3636) to work on /home/airflow/.local/lib/python3.7/site-packages/airflow/example_dags/example_latest_only.py
[2022-08-21 13:49:04,635] {processor.py:641} INFO - Processing file /home/airflow/.local/lib/python3.7/site-packages/airflow/example_dags/example_latest_only.py for tasks to queue
[2022-08-21 13:49:04,636] {logging_mixin.py:115} INFO - [2022-08-21 13:49:04,636] {dagbag.py:508} INFO - Filling up the DagBag from /home/airflow/.local/lib/python3.7/site-packages/airflow/example_dags/example_latest_only.py
[2022-08-21 13:49:04,640] {processor.py:651} INFO - DAG(s) dict_keys(['latest_only']) retrieved from /home/airflow/.local/lib/python3.7/site-packages/airflow/example_dags/example_latest_only.py
[2022-08-21 13:49:04,665] {logging_mixin.py:115} INFO - [2022-08-21 13:49:04,665] {dag.py:2420} INFO - Sync 1 DAGs
[2022-08-21 13:49:04,686] {logging_mixin.py:115} INFO - [2022-08-21 13:49:04,686] {dag.py:2972} INFO - Setting next_dagrun for latest_only to 2022-08-21T09:49:04.686137+00:00, run_after=2022-08-21T13:49:04.686137+00:00
[2022-08-21 13:49:04,700] {processor.py:161} INFO - Processing /home/airflow/.local/lib/python3.7/site-packages/airflow/example_dags/example_latest_only.py took 0.068 seconds
[2022-08-21 13:49:35,583] {processor.py:153} INFO - Started process (PID=3688) to work on /home/airflow/.local/lib/python3.7/site-packages/airflow/example_dags/example_latest_only.py
[2022-08-21 13:49:35,584] {processor.py:641} INFO - Processing file /home/airflow/.local/lib/python3.7/site-packages/airflow/example_dags/example_latest_only.py for tasks to queue
[2022-08-21 13:49:35,584] {logging_mixin.py:115} INFO - [2022-08-21 13:49:35,584] {dagbag.py:508} INFO - Filling up the DagBag from /home/airflow/.local/lib/python3.7/site-packages/airflow/example_dags/example_latest_only.py
[2022-08-21 13:49:35,589] {processor.py:651} INFO - DAG(s) dict_keys(['latest_only']) retrieved from /home/airflow/.local/lib/python3.7/site-packages/airflow/example_dags/example_latest_only.py
[2022-08-21 13:49:35,614] {logging_mixin.py:115} INFO - [2022-08-21 13:49:35,614] {dag.py:2420} INFO - Sync 1 DAGs
[2022-08-21 13:49:35,638] {logging_mixin.py:115} INFO - [2022-08-21 13:49:35,638] {dag.py:2972} INFO - Setting next_dagrun for latest_only to 2022-08-21T09:49:35.638428+00:00, run_after=2022-08-21T13:49:35.638428+00:00
[2022-08-21 13:49:35,652] {processor.py:161} INFO - Processing /home/airflow/.local/lib/python3.7/site-packages/airflow/example_dags/example_latest_only.py took 0.072 seconds
[2022-08-21 13:50:06,611] {processor.py:153} INFO - Started process (PID=3749) to work on /home/airflow/.local/lib/python3.7/site-packages/airflow/example_dags/example_latest_only.py
[2022-08-21 13:50:06,612] {processor.py:641} INFO - Processing file /home/airflow/.local/lib/python3.7/site-packages/airflow/example_dags/example_latest_only.py for tasks to queue
[2022-08-21 13:50:06,612] {logging_mixin.py:115} INFO - [2022-08-21 13:50:06,612] {dagbag.py:508} INFO - Filling up the DagBag from /home/airflow/.local/lib/python3.7/site-packages/airflow/example_dags/example_latest_only.py
[2022-08-21 13:50:06,617] {processor.py:651} INFO - DAG(s) dict_keys(['latest_only']) retrieved from /home/airflow/.local/lib/python3.7/site-packages/airflow/example_dags/example_latest_only.py
[2022-08-21 13:50:06,641] {logging_mixin.py:115} INFO - [2022-08-21 13:50:06,641] {dag.py:2420} INFO - Sync 1 DAGs
[2022-08-21 13:50:06,662] {logging_mixin.py:115} INFO - [2022-08-21 13:50:06,661] {dag.py:2972} INFO - Setting next_dagrun for latest_only to 2022-08-21T09:50:06.661655+00:00, run_after=2022-08-21T13:50:06.661655+00:00
[2022-08-21 13:50:06,674] {processor.py:161} INFO - Processing /home/airflow/.local/lib/python3.7/site-packages/airflow/example_dags/example_latest_only.py took 0.066 seconds
[2022-08-21 13:50:36,821] {processor.py:153} INFO - Started process (PID=3811) to work on /home/airflow/.local/lib/python3.7/site-packages/airflow/example_dags/example_latest_only.py
[2022-08-21 13:50:36,822] {processor.py:641} INFO - Processing file /home/airflow/.local/lib/python3.7/site-packages/airflow/example_dags/example_latest_only.py for tasks to queue
[2022-08-21 13:50:36,823] {logging_mixin.py:115} INFO - [2022-08-21 13:50:36,823] {dagbag.py:508} INFO - Filling up the DagBag from /home/airflow/.local/lib/python3.7/site-packages/airflow/example_dags/example_latest_only.py
[2022-08-21 13:50:36,830] {processor.py:651} INFO - DAG(s) dict_keys(['latest_only']) retrieved from /home/airflow/.local/lib/python3.7/site-packages/airflow/example_dags/example_latest_only.py
[2022-08-21 13:50:36,858] {logging_mixin.py:115} INFO - [2022-08-21 13:50:36,857] {dag.py:2420} INFO - Sync 1 DAGs
[2022-08-21 13:50:36,885] {logging_mixin.py:115} INFO - [2022-08-21 13:50:36,885] {dag.py:2972} INFO - Setting next_dagrun for latest_only to 2022-08-21T09:50:36.885672+00:00, run_after=2022-08-21T13:50:36.885672+00:00
[2022-08-21 13:50:36,903] {processor.py:161} INFO - Processing /home/airflow/.local/lib/python3.7/site-packages/airflow/example_dags/example_latest_only.py took 0.084 seconds
[2022-08-21 13:51:07,042] {processor.py:153} INFO - Started process (PID=3863) to work on /home/airflow/.local/lib/python3.7/site-packages/airflow/example_dags/example_latest_only.py
[2022-08-21 13:51:07,043] {processor.py:641} INFO - Processing file /home/airflow/.local/lib/python3.7/site-packages/airflow/example_dags/example_latest_only.py for tasks to queue
[2022-08-21 13:51:07,044] {logging_mixin.py:115} INFO - [2022-08-21 13:51:07,044] {dagbag.py:508} INFO - Filling up the DagBag from /home/airflow/.local/lib/python3.7/site-packages/airflow/example_dags/example_latest_only.py
[2022-08-21 13:51:07,049] {processor.py:651} INFO - DAG(s) dict_keys(['latest_only']) retrieved from /home/airflow/.local/lib/python3.7/site-packages/airflow/example_dags/example_latest_only.py
[2022-08-21 13:51:07,077] {logging_mixin.py:115} INFO - [2022-08-21 13:51:07,077] {dag.py:2420} INFO - Sync 1 DAGs
[2022-08-21 13:51:07,099] {logging_mixin.py:115} INFO - [2022-08-21 13:51:07,098] {dag.py:2972} INFO - Setting next_dagrun for latest_only to 2022-08-21T09:51:07.098731+00:00, run_after=2022-08-21T13:51:07.098731+00:00
[2022-08-21 13:51:07,113] {processor.py:161} INFO - Processing /home/airflow/.local/lib/python3.7/site-packages/airflow/example_dags/example_latest_only.py took 0.074 seconds
[2022-08-21 13:51:37,191] {processor.py:153} INFO - Started process (PID=3924) to work on /home/airflow/.local/lib/python3.7/site-packages/airflow/example_dags/example_latest_only.py
[2022-08-21 13:51:37,192] {processor.py:641} INFO - Processing file /home/airflow/.local/lib/python3.7/site-packages/airflow/example_dags/example_latest_only.py for tasks to queue
[2022-08-21 13:51:37,193] {logging_mixin.py:115} INFO - [2022-08-21 13:51:37,193] {dagbag.py:508} INFO - Filling up the DagBag from /home/airflow/.local/lib/python3.7/site-packages/airflow/example_dags/example_latest_only.py
[2022-08-21 13:51:37,199] {processor.py:651} INFO - DAG(s) dict_keys(['latest_only']) retrieved from /home/airflow/.local/lib/python3.7/site-packages/airflow/example_dags/example_latest_only.py
[2022-08-21 13:51:37,223] {logging_mixin.py:115} INFO - [2022-08-21 13:51:37,223] {dag.py:2420} INFO - Sync 1 DAGs
[2022-08-21 13:51:37,245] {logging_mixin.py:115} INFO - [2022-08-21 13:51:37,244] {dag.py:2972} INFO - Setting next_dagrun for latest_only to 2022-08-21T09:51:37.244769+00:00, run_after=2022-08-21T13:51:37.244769+00:00
[2022-08-21 13:51:37,259] {processor.py:161} INFO - Processing /home/airflow/.local/lib/python3.7/site-packages/airflow/example_dags/example_latest_only.py took 0.070 seconds
[2022-08-21 13:52:07,453] {processor.py:153} INFO - Started process (PID=3985) to work on /home/airflow/.local/lib/python3.7/site-packages/airflow/example_dags/example_latest_only.py
[2022-08-21 13:52:07,454] {processor.py:641} INFO - Processing file /home/airflow/.local/lib/python3.7/site-packages/airflow/example_dags/example_latest_only.py for tasks to queue
[2022-08-21 13:52:07,455] {logging_mixin.py:115} INFO - [2022-08-21 13:52:07,455] {dagbag.py:508} INFO - Filling up the DagBag from /home/airflow/.local/lib/python3.7/site-packages/airflow/example_dags/example_latest_only.py
[2022-08-21 13:52:07,459] {processor.py:651} INFO - DAG(s) dict_keys(['latest_only']) retrieved from /home/airflow/.local/lib/python3.7/site-packages/airflow/example_dags/example_latest_only.py
[2022-08-21 13:52:07,484] {logging_mixin.py:115} INFO - [2022-08-21 13:52:07,484] {dag.py:2420} INFO - Sync 1 DAGs
[2022-08-21 13:52:07,507] {logging_mixin.py:115} INFO - [2022-08-21 13:52:07,507] {dag.py:2972} INFO - Setting next_dagrun for latest_only to 2022-08-21T09:52:07.506999+00:00, run_after=2022-08-21T13:52:07.506999+00:00
[2022-08-21 13:52:07,521] {processor.py:161} INFO - Processing /home/airflow/.local/lib/python3.7/site-packages/airflow/example_dags/example_latest_only.py took 0.071 seconds
[2022-08-21 13:52:37,716] {processor.py:153} INFO - Started process (PID=4037) to work on /home/airflow/.local/lib/python3.7/site-packages/airflow/example_dags/example_latest_only.py
[2022-08-21 13:52:37,717] {processor.py:641} INFO - Processing file /home/airflow/.local/lib/python3.7/site-packages/airflow/example_dags/example_latest_only.py for tasks to queue
[2022-08-21 13:52:37,718] {logging_mixin.py:115} INFO - [2022-08-21 13:52:37,718] {dagbag.py:508} INFO - Filling up the DagBag from /home/airflow/.local/lib/python3.7/site-packages/airflow/example_dags/example_latest_only.py
[2022-08-21 13:52:37,727] {processor.py:651} INFO - DAG(s) dict_keys(['latest_only']) retrieved from /home/airflow/.local/lib/python3.7/site-packages/airflow/example_dags/example_latest_only.py
[2022-08-21 13:52:37,768] {logging_mixin.py:115} INFO - [2022-08-21 13:52:37,768] {dag.py:2420} INFO - Sync 1 DAGs
[2022-08-21 13:52:37,806] {logging_mixin.py:115} INFO - [2022-08-21 13:52:37,806] {dag.py:2972} INFO - Setting next_dagrun for latest_only to 2022-08-21T09:52:37.805852+00:00, run_after=2022-08-21T13:52:37.805852+00:00
[2022-08-21 13:52:37,821] {processor.py:161} INFO - Processing /home/airflow/.local/lib/python3.7/site-packages/airflow/example_dags/example_latest_only.py took 0.109 seconds
[2022-08-21 13:53:08,216] {processor.py:153} INFO - Started process (PID=4098) to work on /home/airflow/.local/lib/python3.7/site-packages/airflow/example_dags/example_latest_only.py
[2022-08-21 13:53:08,217] {processor.py:641} INFO - Processing file /home/airflow/.local/lib/python3.7/site-packages/airflow/example_dags/example_latest_only.py for tasks to queue
[2022-08-21 13:53:08,218] {logging_mixin.py:115} INFO - [2022-08-21 13:53:08,218] {dagbag.py:508} INFO - Filling up the DagBag from /home/airflow/.local/lib/python3.7/site-packages/airflow/example_dags/example_latest_only.py
[2022-08-21 13:53:08,223] {processor.py:651} INFO - DAG(s) dict_keys(['latest_only']) retrieved from /home/airflow/.local/lib/python3.7/site-packages/airflow/example_dags/example_latest_only.py
[2022-08-21 13:53:08,247] {logging_mixin.py:115} INFO - [2022-08-21 13:53:08,247] {dag.py:2420} INFO - Sync 1 DAGs
[2022-08-21 13:53:08,267] {logging_mixin.py:115} INFO - [2022-08-21 13:53:08,267] {dag.py:2972} INFO - Setting next_dagrun for latest_only to 2022-08-21T09:53:08.266868+00:00, run_after=2022-08-21T13:53:08.266868+00:00
[2022-08-21 13:53:08,280] {processor.py:161} INFO - Processing /home/airflow/.local/lib/python3.7/site-packages/airflow/example_dags/example_latest_only.py took 0.066 seconds
[2022-08-21 13:53:39,401] {processor.py:153} INFO - Started process (PID=4159) to work on /home/airflow/.local/lib/python3.7/site-packages/airflow/example_dags/example_latest_only.py
[2022-08-21 13:53:39,402] {processor.py:641} INFO - Processing file /home/airflow/.local/lib/python3.7/site-packages/airflow/example_dags/example_latest_only.py for tasks to queue
[2022-08-21 13:53:39,402] {logging_mixin.py:115} INFO - [2022-08-21 13:53:39,402] {dagbag.py:508} INFO - Filling up the DagBag from /home/airflow/.local/lib/python3.7/site-packages/airflow/example_dags/example_latest_only.py
[2022-08-21 13:53:39,408] {processor.py:651} INFO - DAG(s) dict_keys(['latest_only']) retrieved from /home/airflow/.local/lib/python3.7/site-packages/airflow/example_dags/example_latest_only.py
[2022-08-21 13:53:39,429] {logging_mixin.py:115} INFO - [2022-08-21 13:53:39,429] {dag.py:2420} INFO - Sync 1 DAGs
[2022-08-21 13:53:39,451] {logging_mixin.py:115} INFO - [2022-08-21 13:53:39,451] {dag.py:2972} INFO - Setting next_dagrun for latest_only to 2022-08-21T09:53:39.451498+00:00, run_after=2022-08-21T13:53:39.451498+00:00
[2022-08-21 13:53:39,471] {processor.py:161} INFO - Processing /home/airflow/.local/lib/python3.7/site-packages/airflow/example_dags/example_latest_only.py took 0.073 seconds
