[2022-08-21 13:17:57,982] {processor.py:153} INFO - Started process (PID=52) to work on /home/airflow/.local/lib/python3.7/site-packages/airflow/example_dags/example_branch_operator_decorator.py
[2022-08-21 13:17:57,983] {processor.py:641} INFO - Processing file /home/airflow/.local/lib/python3.7/site-packages/airflow/example_dags/example_branch_operator_decorator.py for tasks to queue
[2022-08-21 13:17:57,983] {logging_mixin.py:115} INFO - [2022-08-21 13:17:57,983] {dagbag.py:508} INFO - Filling up the DagBag from /home/airflow/.local/lib/python3.7/site-packages/airflow/example_dags/example_branch_operator_decorator.py
[2022-08-21 13:17:58,005] {processor.py:651} INFO - DAG(s) dict_keys(['example_branch_python_operator_decorator']) retrieved from /home/airflow/.local/lib/python3.7/site-packages/airflow/example_dags/example_branch_operator_decorator.py
[2022-08-21 13:17:58,039] {logging_mixin.py:115} INFO - [2022-08-21 13:17:58,039] {dag.py:2420} INFO - Sync 1 DAGs
[2022-08-21 13:17:58,077] {logging_mixin.py:115} INFO - [2022-08-21 13:17:58,077] {dag.py:2972} INFO - Setting next_dagrun for example_branch_python_operator_decorator to 2022-08-20T00:00:00+00:00, run_after=2022-08-21T00:00:00+00:00
[2022-08-21 13:17:58,091] {processor.py:161} INFO - Processing /home/airflow/.local/lib/python3.7/site-packages/airflow/example_dags/example_branch_operator_decorator.py took 0.112 seconds
[2022-08-21 13:18:28,905] {processor.py:153} INFO - Started process (PID=105) to work on /home/airflow/.local/lib/python3.7/site-packages/airflow/example_dags/example_branch_operator_decorator.py
[2022-08-21 13:18:28,906] {processor.py:641} INFO - Processing file /home/airflow/.local/lib/python3.7/site-packages/airflow/example_dags/example_branch_operator_decorator.py for tasks to queue
[2022-08-21 13:18:28,907] {logging_mixin.py:115} INFO - [2022-08-21 13:18:28,907] {dagbag.py:508} INFO - Filling up the DagBag from /home/airflow/.local/lib/python3.7/site-packages/airflow/example_dags/example_branch_operator_decorator.py
[2022-08-21 13:18:28,924] {processor.py:651} INFO - DAG(s) dict_keys(['example_branch_python_operator_decorator']) retrieved from /home/airflow/.local/lib/python3.7/site-packages/airflow/example_dags/example_branch_operator_decorator.py
[2022-08-21 13:18:28,949] {logging_mixin.py:115} INFO - [2022-08-21 13:18:28,949] {dag.py:2420} INFO - Sync 1 DAGs
[2022-08-21 13:18:28,974] {logging_mixin.py:115} INFO - [2022-08-21 13:18:28,973] {dag.py:2972} INFO - Setting next_dagrun for example_branch_python_operator_decorator to 2022-08-20T00:00:00+00:00, run_after=2022-08-21T00:00:00+00:00
[2022-08-21 13:18:28,989] {processor.py:161} INFO - Processing /home/airflow/.local/lib/python3.7/site-packages/airflow/example_dags/example_branch_operator_decorator.py took 0.086 seconds
[2022-08-21 13:18:59,170] {processor.py:153} INFO - Started process (PID=168) to work on /home/airflow/.local/lib/python3.7/site-packages/airflow/example_dags/example_branch_operator_decorator.py
[2022-08-21 13:18:59,170] {processor.py:641} INFO - Processing file /home/airflow/.local/lib/python3.7/site-packages/airflow/example_dags/example_branch_operator_decorator.py for tasks to queue
[2022-08-21 13:18:59,171] {logging_mixin.py:115} INFO - [2022-08-21 13:18:59,171] {dagbag.py:508} INFO - Filling up the DagBag from /home/airflow/.local/lib/python3.7/site-packages/airflow/example_dags/example_branch_operator_decorator.py
[2022-08-21 13:18:59,189] {processor.py:651} INFO - DAG(s) dict_keys(['example_branch_python_operator_decorator']) retrieved from /home/airflow/.local/lib/python3.7/site-packages/airflow/example_dags/example_branch_operator_decorator.py
[2022-08-21 13:18:59,213] {logging_mixin.py:115} INFO - [2022-08-21 13:18:59,213] {dag.py:2420} INFO - Sync 1 DAGs
[2022-08-21 13:18:59,237] {logging_mixin.py:115} INFO - [2022-08-21 13:18:59,237] {dag.py:2972} INFO - Setting next_dagrun for example_branch_python_operator_decorator to 2022-08-20T00:00:00+00:00, run_after=2022-08-21T00:00:00+00:00
[2022-08-21 13:18:59,252] {processor.py:161} INFO - Processing /home/airflow/.local/lib/python3.7/site-packages/airflow/example_dags/example_branch_operator_decorator.py took 0.085 seconds
[2022-08-21 13:19:29,430] {processor.py:153} INFO - Started process (PID=230) to work on /home/airflow/.local/lib/python3.7/site-packages/airflow/example_dags/example_branch_operator_decorator.py
[2022-08-21 13:19:29,431] {processor.py:641} INFO - Processing file /home/airflow/.local/lib/python3.7/site-packages/airflow/example_dags/example_branch_operator_decorator.py for tasks to queue
[2022-08-21 13:19:29,432] {logging_mixin.py:115} INFO - [2022-08-21 13:19:29,432] {dagbag.py:508} INFO - Filling up the DagBag from /home/airflow/.local/lib/python3.7/site-packages/airflow/example_dags/example_branch_operator_decorator.py
[2022-08-21 13:19:29,455] {processor.py:651} INFO - DAG(s) dict_keys(['example_branch_python_operator_decorator']) retrieved from /home/airflow/.local/lib/python3.7/site-packages/airflow/example_dags/example_branch_operator_decorator.py
[2022-08-21 13:19:29,483] {logging_mixin.py:115} INFO - [2022-08-21 13:19:29,483] {dag.py:2420} INFO - Sync 1 DAGs
[2022-08-21 13:19:29,505] {logging_mixin.py:115} INFO - [2022-08-21 13:19:29,505] {dag.py:2972} INFO - Setting next_dagrun for example_branch_python_operator_decorator to 2022-08-20T00:00:00+00:00, run_after=2022-08-21T00:00:00+00:00
[2022-08-21 13:19:29,518] {processor.py:161} INFO - Processing /home/airflow/.local/lib/python3.7/site-packages/airflow/example_dags/example_branch_operator_decorator.py took 0.092 seconds
[2022-08-21 13:20:00,162] {processor.py:153} INFO - Started process (PID=282) to work on /home/airflow/.local/lib/python3.7/site-packages/airflow/example_dags/example_branch_operator_decorator.py
[2022-08-21 13:20:00,162] {processor.py:641} INFO - Processing file /home/airflow/.local/lib/python3.7/site-packages/airflow/example_dags/example_branch_operator_decorator.py for tasks to queue
[2022-08-21 13:20:00,163] {logging_mixin.py:115} INFO - [2022-08-21 13:20:00,163] {dagbag.py:508} INFO - Filling up the DagBag from /home/airflow/.local/lib/python3.7/site-packages/airflow/example_dags/example_branch_operator_decorator.py
[2022-08-21 13:20:00,183] {processor.py:651} INFO - DAG(s) dict_keys(['example_branch_python_operator_decorator']) retrieved from /home/airflow/.local/lib/python3.7/site-packages/airflow/example_dags/example_branch_operator_decorator.py
[2022-08-21 13:20:00,211] {logging_mixin.py:115} INFO - [2022-08-21 13:20:00,210] {dag.py:2420} INFO - Sync 1 DAGs
[2022-08-21 13:20:00,233] {logging_mixin.py:115} INFO - [2022-08-21 13:20:00,232] {dag.py:2972} INFO - Setting next_dagrun for example_branch_python_operator_decorator to 2022-08-20T00:00:00+00:00, run_after=2022-08-21T00:00:00+00:00
[2022-08-21 13:20:00,250] {processor.py:161} INFO - Processing /home/airflow/.local/lib/python3.7/site-packages/airflow/example_dags/example_branch_operator_decorator.py took 0.092 seconds
[2022-08-21 13:20:30,579] {processor.py:153} INFO - Started process (PID=344) to work on /home/airflow/.local/lib/python3.7/site-packages/airflow/example_dags/example_branch_operator_decorator.py
[2022-08-21 13:20:30,580] {processor.py:641} INFO - Processing file /home/airflow/.local/lib/python3.7/site-packages/airflow/example_dags/example_branch_operator_decorator.py for tasks to queue
[2022-08-21 13:20:30,581] {logging_mixin.py:115} INFO - [2022-08-21 13:20:30,581] {dagbag.py:508} INFO - Filling up the DagBag from /home/airflow/.local/lib/python3.7/site-packages/airflow/example_dags/example_branch_operator_decorator.py
[2022-08-21 13:20:30,615] {processor.py:651} INFO - DAG(s) dict_keys(['example_branch_python_operator_decorator']) retrieved from /home/airflow/.local/lib/python3.7/site-packages/airflow/example_dags/example_branch_operator_decorator.py
[2022-08-21 13:20:30,647] {logging_mixin.py:115} INFO - [2022-08-21 13:20:30,647] {dag.py:2420} INFO - Sync 1 DAGs
[2022-08-21 13:20:30,671] {logging_mixin.py:115} INFO - [2022-08-21 13:20:30,671] {dag.py:2972} INFO - Setting next_dagrun for example_branch_python_operator_decorator to 2022-08-20T00:00:00+00:00, run_after=2022-08-21T00:00:00+00:00
[2022-08-21 13:20:30,685] {processor.py:161} INFO - Processing /home/airflow/.local/lib/python3.7/site-packages/airflow/example_dags/example_branch_operator_decorator.py took 0.110 seconds
[2022-08-21 13:21:00,767] {processor.py:153} INFO - Started process (PID=405) to work on /home/airflow/.local/lib/python3.7/site-packages/airflow/example_dags/example_branch_operator_decorator.py
[2022-08-21 13:21:00,768] {processor.py:641} INFO - Processing file /home/airflow/.local/lib/python3.7/site-packages/airflow/example_dags/example_branch_operator_decorator.py for tasks to queue
[2022-08-21 13:21:00,769] {logging_mixin.py:115} INFO - [2022-08-21 13:21:00,769] {dagbag.py:508} INFO - Filling up the DagBag from /home/airflow/.local/lib/python3.7/site-packages/airflow/example_dags/example_branch_operator_decorator.py
[2022-08-21 13:21:00,787] {processor.py:651} INFO - DAG(s) dict_keys(['example_branch_python_operator_decorator']) retrieved from /home/airflow/.local/lib/python3.7/site-packages/airflow/example_dags/example_branch_operator_decorator.py
[2022-08-21 13:21:00,814] {logging_mixin.py:115} INFO - [2022-08-21 13:21:00,814] {dag.py:2420} INFO - Sync 1 DAGs
[2022-08-21 13:21:00,846] {logging_mixin.py:115} INFO - [2022-08-21 13:21:00,846] {dag.py:2972} INFO - Setting next_dagrun for example_branch_python_operator_decorator to 2022-08-20T00:00:00+00:00, run_after=2022-08-21T00:00:00+00:00
[2022-08-21 13:21:00,863] {processor.py:161} INFO - Processing /home/airflow/.local/lib/python3.7/site-packages/airflow/example_dags/example_branch_operator_decorator.py took 0.100 seconds
[2022-08-21 13:21:31,003] {processor.py:153} INFO - Started process (PID=458) to work on /home/airflow/.local/lib/python3.7/site-packages/airflow/example_dags/example_branch_operator_decorator.py
[2022-08-21 13:21:31,004] {processor.py:641} INFO - Processing file /home/airflow/.local/lib/python3.7/site-packages/airflow/example_dags/example_branch_operator_decorator.py for tasks to queue
[2022-08-21 13:21:31,005] {logging_mixin.py:115} INFO - [2022-08-21 13:21:31,005] {dagbag.py:508} INFO - Filling up the DagBag from /home/airflow/.local/lib/python3.7/site-packages/airflow/example_dags/example_branch_operator_decorator.py
[2022-08-21 13:21:31,022] {processor.py:651} INFO - DAG(s) dict_keys(['example_branch_python_operator_decorator']) retrieved from /home/airflow/.local/lib/python3.7/site-packages/airflow/example_dags/example_branch_operator_decorator.py
[2022-08-21 13:21:31,049] {logging_mixin.py:115} INFO - [2022-08-21 13:21:31,048] {dag.py:2420} INFO - Sync 1 DAGs
[2022-08-21 13:21:31,083] {logging_mixin.py:115} INFO - [2022-08-21 13:21:31,083] {dag.py:2972} INFO - Setting next_dagrun for example_branch_python_operator_decorator to 2022-08-20T00:00:00+00:00, run_after=2022-08-21T00:00:00+00:00
[2022-08-21 13:21:31,100] {processor.py:161} INFO - Processing /home/airflow/.local/lib/python3.7/site-packages/airflow/example_dags/example_branch_operator_decorator.py took 0.100 seconds
[2022-08-21 13:22:01,318] {processor.py:153} INFO - Started process (PID=519) to work on /home/airflow/.local/lib/python3.7/site-packages/airflow/example_dags/example_branch_operator_decorator.py
[2022-08-21 13:22:01,319] {processor.py:641} INFO - Processing file /home/airflow/.local/lib/python3.7/site-packages/airflow/example_dags/example_branch_operator_decorator.py for tasks to queue
[2022-08-21 13:22:01,320] {logging_mixin.py:115} INFO - [2022-08-21 13:22:01,320] {dagbag.py:508} INFO - Filling up the DagBag from /home/airflow/.local/lib/python3.7/site-packages/airflow/example_dags/example_branch_operator_decorator.py
[2022-08-21 13:22:01,337] {processor.py:651} INFO - DAG(s) dict_keys(['example_branch_python_operator_decorator']) retrieved from /home/airflow/.local/lib/python3.7/site-packages/airflow/example_dags/example_branch_operator_decorator.py
[2022-08-21 13:22:01,360] {logging_mixin.py:115} INFO - [2022-08-21 13:22:01,359] {dag.py:2420} INFO - Sync 1 DAGs
[2022-08-21 13:22:01,386] {logging_mixin.py:115} INFO - [2022-08-21 13:22:01,386] {dag.py:2972} INFO - Setting next_dagrun for example_branch_python_operator_decorator to 2022-08-20T00:00:00+00:00, run_after=2022-08-21T00:00:00+00:00
[2022-08-21 13:22:01,398] {processor.py:161} INFO - Processing /home/airflow/.local/lib/python3.7/site-packages/airflow/example_dags/example_branch_operator_decorator.py took 0.082 seconds
[2022-08-21 13:22:31,517] {processor.py:153} INFO - Started process (PID=571) to work on /home/airflow/.local/lib/python3.7/site-packages/airflow/example_dags/example_branch_operator_decorator.py
[2022-08-21 13:22:31,519] {processor.py:641} INFO - Processing file /home/airflow/.local/lib/python3.7/site-packages/airflow/example_dags/example_branch_operator_decorator.py for tasks to queue
[2022-08-21 13:22:31,519] {logging_mixin.py:115} INFO - [2022-08-21 13:22:31,519] {dagbag.py:508} INFO - Filling up the DagBag from /home/airflow/.local/lib/python3.7/site-packages/airflow/example_dags/example_branch_operator_decorator.py
[2022-08-21 13:22:31,541] {processor.py:651} INFO - DAG(s) dict_keys(['example_branch_python_operator_decorator']) retrieved from /home/airflow/.local/lib/python3.7/site-packages/airflow/example_dags/example_branch_operator_decorator.py
[2022-08-21 13:22:31,564] {logging_mixin.py:115} INFO - [2022-08-21 13:22:31,564] {dag.py:2420} INFO - Sync 1 DAGs
[2022-08-21 13:22:31,591] {logging_mixin.py:115} INFO - [2022-08-21 13:22:31,591] {dag.py:2972} INFO - Setting next_dagrun for example_branch_python_operator_decorator to 2022-08-20T00:00:00+00:00, run_after=2022-08-21T00:00:00+00:00
[2022-08-21 13:22:31,611] {processor.py:161} INFO - Processing /home/airflow/.local/lib/python3.7/site-packages/airflow/example_dags/example_branch_operator_decorator.py took 0.096 seconds
[2022-08-21 13:23:01,905] {processor.py:153} INFO - Started process (PID=634) to work on /home/airflow/.local/lib/python3.7/site-packages/airflow/example_dags/example_branch_operator_decorator.py
[2022-08-21 13:23:01,906] {processor.py:641} INFO - Processing file /home/airflow/.local/lib/python3.7/site-packages/airflow/example_dags/example_branch_operator_decorator.py for tasks to queue
[2022-08-21 13:23:01,907] {logging_mixin.py:115} INFO - [2022-08-21 13:23:01,906] {dagbag.py:508} INFO - Filling up the DagBag from /home/airflow/.local/lib/python3.7/site-packages/airflow/example_dags/example_branch_operator_decorator.py
[2022-08-21 13:23:01,923] {processor.py:651} INFO - DAG(s) dict_keys(['example_branch_python_operator_decorator']) retrieved from /home/airflow/.local/lib/python3.7/site-packages/airflow/example_dags/example_branch_operator_decorator.py
[2022-08-21 13:23:01,947] {logging_mixin.py:115} INFO - [2022-08-21 13:23:01,947] {dag.py:2420} INFO - Sync 1 DAGs
[2022-08-21 13:23:01,967] {logging_mixin.py:115} INFO - [2022-08-21 13:23:01,967] {dag.py:2972} INFO - Setting next_dagrun for example_branch_python_operator_decorator to 2022-08-20T00:00:00+00:00, run_after=2022-08-21T00:00:00+00:00
[2022-08-21 13:23:01,984] {processor.py:161} INFO - Processing /home/airflow/.local/lib/python3.7/site-packages/airflow/example_dags/example_branch_operator_decorator.py took 0.082 seconds
[2022-08-21 13:23:32,908] {processor.py:153} INFO - Started process (PID=695) to work on /home/airflow/.local/lib/python3.7/site-packages/airflow/example_dags/example_branch_operator_decorator.py
[2022-08-21 13:23:32,910] {processor.py:641} INFO - Processing file /home/airflow/.local/lib/python3.7/site-packages/airflow/example_dags/example_branch_operator_decorator.py for tasks to queue
[2022-08-21 13:23:32,911] {logging_mixin.py:115} INFO - [2022-08-21 13:23:32,911] {dagbag.py:508} INFO - Filling up the DagBag from /home/airflow/.local/lib/python3.7/site-packages/airflow/example_dags/example_branch_operator_decorator.py
[2022-08-21 13:23:32,928] {processor.py:651} INFO - DAG(s) dict_keys(['example_branch_python_operator_decorator']) retrieved from /home/airflow/.local/lib/python3.7/site-packages/airflow/example_dags/example_branch_operator_decorator.py
[2022-08-21 13:23:32,958] {logging_mixin.py:115} INFO - [2022-08-21 13:23:32,958] {dag.py:2420} INFO - Sync 1 DAGs
[2022-08-21 13:23:32,985] {logging_mixin.py:115} INFO - [2022-08-21 13:23:32,985] {dag.py:2972} INFO - Setting next_dagrun for example_branch_python_operator_decorator to 2022-08-20T00:00:00+00:00, run_after=2022-08-21T00:00:00+00:00
[2022-08-21 13:23:33,002] {processor.py:161} INFO - Processing /home/airflow/.local/lib/python3.7/site-packages/airflow/example_dags/example_branch_operator_decorator.py took 0.097 seconds
[2022-08-21 13:24:03,414] {processor.py:153} INFO - Started process (PID=747) to work on /home/airflow/.local/lib/python3.7/site-packages/airflow/example_dags/example_branch_operator_decorator.py
[2022-08-21 13:24:03,414] {processor.py:641} INFO - Processing file /home/airflow/.local/lib/python3.7/site-packages/airflow/example_dags/example_branch_operator_decorator.py for tasks to queue
[2022-08-21 13:24:03,415] {logging_mixin.py:115} INFO - [2022-08-21 13:24:03,415] {dagbag.py:508} INFO - Filling up the DagBag from /home/airflow/.local/lib/python3.7/site-packages/airflow/example_dags/example_branch_operator_decorator.py
[2022-08-21 13:24:03,432] {processor.py:651} INFO - DAG(s) dict_keys(['example_branch_python_operator_decorator']) retrieved from /home/airflow/.local/lib/python3.7/site-packages/airflow/example_dags/example_branch_operator_decorator.py
[2022-08-21 13:24:03,459] {logging_mixin.py:115} INFO - [2022-08-21 13:24:03,459] {dag.py:2420} INFO - Sync 1 DAGs
[2022-08-21 13:24:03,489] {logging_mixin.py:115} INFO - [2022-08-21 13:24:03,489] {dag.py:2972} INFO - Setting next_dagrun for example_branch_python_operator_decorator to 2022-08-20T00:00:00+00:00, run_after=2022-08-21T00:00:00+00:00
[2022-08-21 13:24:03,512] {processor.py:161} INFO - Processing /home/airflow/.local/lib/python3.7/site-packages/airflow/example_dags/example_branch_operator_decorator.py took 0.103 seconds
[2022-08-21 13:24:33,657] {processor.py:153} INFO - Started process (PID=808) to work on /home/airflow/.local/lib/python3.7/site-packages/airflow/example_dags/example_branch_operator_decorator.py
[2022-08-21 13:24:33,658] {processor.py:641} INFO - Processing file /home/airflow/.local/lib/python3.7/site-packages/airflow/example_dags/example_branch_operator_decorator.py for tasks to queue
[2022-08-21 13:24:33,659] {logging_mixin.py:115} INFO - [2022-08-21 13:24:33,659] {dagbag.py:508} INFO - Filling up the DagBag from /home/airflow/.local/lib/python3.7/site-packages/airflow/example_dags/example_branch_operator_decorator.py
[2022-08-21 13:24:33,689] {processor.py:651} INFO - DAG(s) dict_keys(['example_branch_python_operator_decorator']) retrieved from /home/airflow/.local/lib/python3.7/site-packages/airflow/example_dags/example_branch_operator_decorator.py
[2022-08-21 13:24:33,719] {logging_mixin.py:115} INFO - [2022-08-21 13:24:33,719] {dag.py:2420} INFO - Sync 1 DAGs
[2022-08-21 13:24:33,745] {logging_mixin.py:115} INFO - [2022-08-21 13:24:33,745] {dag.py:2972} INFO - Setting next_dagrun for example_branch_python_operator_decorator to 2022-08-20T00:00:00+00:00, run_after=2022-08-21T00:00:00+00:00
[2022-08-21 13:24:33,761] {processor.py:161} INFO - Processing /home/airflow/.local/lib/python3.7/site-packages/airflow/example_dags/example_branch_operator_decorator.py took 0.108 seconds
[2022-08-21 13:25:03,893] {processor.py:153} INFO - Started process (PID=860) to work on /home/airflow/.local/lib/python3.7/site-packages/airflow/example_dags/example_branch_operator_decorator.py
[2022-08-21 13:25:03,894] {processor.py:641} INFO - Processing file /home/airflow/.local/lib/python3.7/site-packages/airflow/example_dags/example_branch_operator_decorator.py for tasks to queue
[2022-08-21 13:25:03,895] {logging_mixin.py:115} INFO - [2022-08-21 13:25:03,895] {dagbag.py:508} INFO - Filling up the DagBag from /home/airflow/.local/lib/python3.7/site-packages/airflow/example_dags/example_branch_operator_decorator.py
[2022-08-21 13:25:03,922] {processor.py:651} INFO - DAG(s) dict_keys(['example_branch_python_operator_decorator']) retrieved from /home/airflow/.local/lib/python3.7/site-packages/airflow/example_dags/example_branch_operator_decorator.py
[2022-08-21 13:25:04,038] {logging_mixin.py:115} INFO - [2022-08-21 13:25:04,038] {dag.py:2420} INFO - Sync 1 DAGs
[2022-08-21 13:25:04,068] {logging_mixin.py:115} INFO - [2022-08-21 13:25:04,068] {dag.py:2972} INFO - Setting next_dagrun for example_branch_python_operator_decorator to 2022-08-20T00:00:00+00:00, run_after=2022-08-21T00:00:00+00:00
[2022-08-21 13:25:04,086] {processor.py:161} INFO - Processing /home/airflow/.local/lib/python3.7/site-packages/airflow/example_dags/example_branch_operator_decorator.py took 0.196 seconds
[2022-08-21 13:25:34,175] {processor.py:153} INFO - Started process (PID=922) to work on /home/airflow/.local/lib/python3.7/site-packages/airflow/example_dags/example_branch_operator_decorator.py
[2022-08-21 13:25:34,176] {processor.py:641} INFO - Processing file /home/airflow/.local/lib/python3.7/site-packages/airflow/example_dags/example_branch_operator_decorator.py for tasks to queue
[2022-08-21 13:25:34,177] {logging_mixin.py:115} INFO - [2022-08-21 13:25:34,177] {dagbag.py:508} INFO - Filling up the DagBag from /home/airflow/.local/lib/python3.7/site-packages/airflow/example_dags/example_branch_operator_decorator.py
[2022-08-21 13:25:34,192] {processor.py:651} INFO - DAG(s) dict_keys(['example_branch_python_operator_decorator']) retrieved from /home/airflow/.local/lib/python3.7/site-packages/airflow/example_dags/example_branch_operator_decorator.py
[2022-08-21 13:25:34,219] {logging_mixin.py:115} INFO - [2022-08-21 13:25:34,219] {dag.py:2420} INFO - Sync 1 DAGs
[2022-08-21 13:25:34,242] {logging_mixin.py:115} INFO - [2022-08-21 13:25:34,242] {dag.py:2972} INFO - Setting next_dagrun for example_branch_python_operator_decorator to 2022-08-20T00:00:00+00:00, run_after=2022-08-21T00:00:00+00:00
[2022-08-21 13:25:34,260] {processor.py:161} INFO - Processing /home/airflow/.local/lib/python3.7/site-packages/airflow/example_dags/example_branch_operator_decorator.py took 0.087 seconds
[2022-08-21 13:26:04,377] {processor.py:153} INFO - Started process (PID=983) to work on /home/airflow/.local/lib/python3.7/site-packages/airflow/example_dags/example_branch_operator_decorator.py
[2022-08-21 13:26:04,378] {processor.py:641} INFO - Processing file /home/airflow/.local/lib/python3.7/site-packages/airflow/example_dags/example_branch_operator_decorator.py for tasks to queue
[2022-08-21 13:26:04,379] {logging_mixin.py:115} INFO - [2022-08-21 13:26:04,379] {dagbag.py:508} INFO - Filling up the DagBag from /home/airflow/.local/lib/python3.7/site-packages/airflow/example_dags/example_branch_operator_decorator.py
[2022-08-21 13:26:04,397] {processor.py:651} INFO - DAG(s) dict_keys(['example_branch_python_operator_decorator']) retrieved from /home/airflow/.local/lib/python3.7/site-packages/airflow/example_dags/example_branch_operator_decorator.py
[2022-08-21 13:26:04,427] {logging_mixin.py:115} INFO - [2022-08-21 13:26:04,427] {dag.py:2420} INFO - Sync 1 DAGs
[2022-08-21 13:26:04,449] {logging_mixin.py:115} INFO - [2022-08-21 13:26:04,449] {dag.py:2972} INFO - Setting next_dagrun for example_branch_python_operator_decorator to 2022-08-20T00:00:00+00:00, run_after=2022-08-21T00:00:00+00:00
[2022-08-21 13:26:04,467] {processor.py:161} INFO - Processing /home/airflow/.local/lib/python3.7/site-packages/airflow/example_dags/example_branch_operator_decorator.py took 0.093 seconds
[2022-08-21 13:26:34,582] {processor.py:153} INFO - Started process (PID=1035) to work on /home/airflow/.local/lib/python3.7/site-packages/airflow/example_dags/example_branch_operator_decorator.py
[2022-08-21 13:26:34,583] {processor.py:641} INFO - Processing file /home/airflow/.local/lib/python3.7/site-packages/airflow/example_dags/example_branch_operator_decorator.py for tasks to queue
[2022-08-21 13:26:34,584] {logging_mixin.py:115} INFO - [2022-08-21 13:26:34,584] {dagbag.py:508} INFO - Filling up the DagBag from /home/airflow/.local/lib/python3.7/site-packages/airflow/example_dags/example_branch_operator_decorator.py
[2022-08-21 13:26:34,605] {processor.py:651} INFO - DAG(s) dict_keys(['example_branch_python_operator_decorator']) retrieved from /home/airflow/.local/lib/python3.7/site-packages/airflow/example_dags/example_branch_operator_decorator.py
[2022-08-21 13:26:34,639] {logging_mixin.py:115} INFO - [2022-08-21 13:26:34,639] {dag.py:2420} INFO - Sync 1 DAGs
[2022-08-21 13:26:34,664] {logging_mixin.py:115} INFO - [2022-08-21 13:26:34,663] {dag.py:2972} INFO - Setting next_dagrun for example_branch_python_operator_decorator to 2022-08-20T00:00:00+00:00, run_after=2022-08-21T00:00:00+00:00
[2022-08-21 13:26:34,683] {processor.py:161} INFO - Processing /home/airflow/.local/lib/python3.7/site-packages/airflow/example_dags/example_branch_operator_decorator.py took 0.103 seconds
[2022-08-21 13:27:04,724] {processor.py:153} INFO - Started process (PID=1096) to work on /home/airflow/.local/lib/python3.7/site-packages/airflow/example_dags/example_branch_operator_decorator.py
[2022-08-21 13:27:04,725] {processor.py:641} INFO - Processing file /home/airflow/.local/lib/python3.7/site-packages/airflow/example_dags/example_branch_operator_decorator.py for tasks to queue
[2022-08-21 13:27:04,728] {logging_mixin.py:115} INFO - [2022-08-21 13:27:04,728] {dagbag.py:508} INFO - Filling up the DagBag from /home/airflow/.local/lib/python3.7/site-packages/airflow/example_dags/example_branch_operator_decorator.py
[2022-08-21 13:27:04,754] {processor.py:651} INFO - DAG(s) dict_keys(['example_branch_python_operator_decorator']) retrieved from /home/airflow/.local/lib/python3.7/site-packages/airflow/example_dags/example_branch_operator_decorator.py
[2022-08-21 13:27:04,783] {logging_mixin.py:115} INFO - [2022-08-21 13:27:04,782] {dag.py:2420} INFO - Sync 1 DAGs
[2022-08-21 13:27:04,811] {logging_mixin.py:115} INFO - [2022-08-21 13:27:04,811] {dag.py:2972} INFO - Setting next_dagrun for example_branch_python_operator_decorator to 2022-08-20T00:00:00+00:00, run_after=2022-08-21T00:00:00+00:00
[2022-08-21 13:27:04,832] {processor.py:161} INFO - Processing /home/airflow/.local/lib/python3.7/site-packages/airflow/example_dags/example_branch_operator_decorator.py took 0.111 seconds
[2022-08-21 13:27:34,951] {processor.py:153} INFO - Started process (PID=1158) to work on /home/airflow/.local/lib/python3.7/site-packages/airflow/example_dags/example_branch_operator_decorator.py
[2022-08-21 13:27:34,952] {processor.py:641} INFO - Processing file /home/airflow/.local/lib/python3.7/site-packages/airflow/example_dags/example_branch_operator_decorator.py for tasks to queue
[2022-08-21 13:27:34,953] {logging_mixin.py:115} INFO - [2022-08-21 13:27:34,953] {dagbag.py:508} INFO - Filling up the DagBag from /home/airflow/.local/lib/python3.7/site-packages/airflow/example_dags/example_branch_operator_decorator.py
[2022-08-21 13:27:34,973] {processor.py:651} INFO - DAG(s) dict_keys(['example_branch_python_operator_decorator']) retrieved from /home/airflow/.local/lib/python3.7/site-packages/airflow/example_dags/example_branch_operator_decorator.py
[2022-08-21 13:27:35,004] {logging_mixin.py:115} INFO - [2022-08-21 13:27:35,004] {dag.py:2420} INFO - Sync 1 DAGs
[2022-08-21 13:27:35,030] {logging_mixin.py:115} INFO - [2022-08-21 13:27:35,029] {dag.py:2972} INFO - Setting next_dagrun for example_branch_python_operator_decorator to 2022-08-20T00:00:00+00:00, run_after=2022-08-21T00:00:00+00:00
[2022-08-21 13:27:35,044] {processor.py:161} INFO - Processing /home/airflow/.local/lib/python3.7/site-packages/airflow/example_dags/example_branch_operator_decorator.py took 0.095 seconds
[2022-08-21 13:28:05,073] {processor.py:153} INFO - Started process (PID=1210) to work on /home/airflow/.local/lib/python3.7/site-packages/airflow/example_dags/example_branch_operator_decorator.py
[2022-08-21 13:28:05,074] {processor.py:641} INFO - Processing file /home/airflow/.local/lib/python3.7/site-packages/airflow/example_dags/example_branch_operator_decorator.py for tasks to queue
[2022-08-21 13:28:05,075] {logging_mixin.py:115} INFO - [2022-08-21 13:28:05,075] {dagbag.py:508} INFO - Filling up the DagBag from /home/airflow/.local/lib/python3.7/site-packages/airflow/example_dags/example_branch_operator_decorator.py
[2022-08-21 13:28:05,092] {processor.py:651} INFO - DAG(s) dict_keys(['example_branch_python_operator_decorator']) retrieved from /home/airflow/.local/lib/python3.7/site-packages/airflow/example_dags/example_branch_operator_decorator.py
[2022-08-21 13:28:05,116] {logging_mixin.py:115} INFO - [2022-08-21 13:28:05,116] {dag.py:2420} INFO - Sync 1 DAGs
[2022-08-21 13:28:05,136] {logging_mixin.py:115} INFO - [2022-08-21 13:28:05,136] {dag.py:2972} INFO - Setting next_dagrun for example_branch_python_operator_decorator to 2022-08-20T00:00:00+00:00, run_after=2022-08-21T00:00:00+00:00
[2022-08-21 13:28:05,148] {processor.py:161} INFO - Processing /home/airflow/.local/lib/python3.7/site-packages/airflow/example_dags/example_branch_operator_decorator.py took 0.078 seconds
[2022-08-21 13:28:35,851] {processor.py:153} INFO - Started process (PID=1272) to work on /home/airflow/.local/lib/python3.7/site-packages/airflow/example_dags/example_branch_operator_decorator.py
[2022-08-21 13:28:35,852] {processor.py:641} INFO - Processing file /home/airflow/.local/lib/python3.7/site-packages/airflow/example_dags/example_branch_operator_decorator.py for tasks to queue
[2022-08-21 13:28:35,852] {logging_mixin.py:115} INFO - [2022-08-21 13:28:35,852] {dagbag.py:508} INFO - Filling up the DagBag from /home/airflow/.local/lib/python3.7/site-packages/airflow/example_dags/example_branch_operator_decorator.py
[2022-08-21 13:28:35,867] {processor.py:651} INFO - DAG(s) dict_keys(['example_branch_python_operator_decorator']) retrieved from /home/airflow/.local/lib/python3.7/site-packages/airflow/example_dags/example_branch_operator_decorator.py
[2022-08-21 13:28:35,890] {logging_mixin.py:115} INFO - [2022-08-21 13:28:35,890] {dag.py:2420} INFO - Sync 1 DAGs
[2022-08-21 13:28:35,913] {logging_mixin.py:115} INFO - [2022-08-21 13:28:35,912] {dag.py:2972} INFO - Setting next_dagrun for example_branch_python_operator_decorator to 2022-08-20T00:00:00+00:00, run_after=2022-08-21T00:00:00+00:00
[2022-08-21 13:28:35,924] {processor.py:161} INFO - Processing /home/airflow/.local/lib/python3.7/site-packages/airflow/example_dags/example_branch_operator_decorator.py took 0.076 seconds
[2022-08-21 13:29:06,807] {processor.py:153} INFO - Started process (PID=1333) to work on /home/airflow/.local/lib/python3.7/site-packages/airflow/example_dags/example_branch_operator_decorator.py
[2022-08-21 13:29:06,808] {processor.py:641} INFO - Processing file /home/airflow/.local/lib/python3.7/site-packages/airflow/example_dags/example_branch_operator_decorator.py for tasks to queue
[2022-08-21 13:29:06,809] {logging_mixin.py:115} INFO - [2022-08-21 13:29:06,809] {dagbag.py:508} INFO - Filling up the DagBag from /home/airflow/.local/lib/python3.7/site-packages/airflow/example_dags/example_branch_operator_decorator.py
[2022-08-21 13:29:06,825] {processor.py:651} INFO - DAG(s) dict_keys(['example_branch_python_operator_decorator']) retrieved from /home/airflow/.local/lib/python3.7/site-packages/airflow/example_dags/example_branch_operator_decorator.py
[2022-08-21 13:29:06,848] {logging_mixin.py:115} INFO - [2022-08-21 13:29:06,848] {dag.py:2420} INFO - Sync 1 DAGs
[2022-08-21 13:29:06,871] {logging_mixin.py:115} INFO - [2022-08-21 13:29:06,871] {dag.py:2972} INFO - Setting next_dagrun for example_branch_python_operator_decorator to 2022-08-20T00:00:00+00:00, run_after=2022-08-21T00:00:00+00:00
[2022-08-21 13:29:06,881] {processor.py:161} INFO - Processing /home/airflow/.local/lib/python3.7/site-packages/airflow/example_dags/example_branch_operator_decorator.py took 0.076 seconds
[2022-08-21 13:29:37,572] {processor.py:153} INFO - Started process (PID=1385) to work on /home/airflow/.local/lib/python3.7/site-packages/airflow/example_dags/example_branch_operator_decorator.py
[2022-08-21 13:29:37,573] {processor.py:641} INFO - Processing file /home/airflow/.local/lib/python3.7/site-packages/airflow/example_dags/example_branch_operator_decorator.py for tasks to queue
[2022-08-21 13:29:37,574] {logging_mixin.py:115} INFO - [2022-08-21 13:29:37,573] {dagbag.py:508} INFO - Filling up the DagBag from /home/airflow/.local/lib/python3.7/site-packages/airflow/example_dags/example_branch_operator_decorator.py
[2022-08-21 13:29:37,592] {processor.py:651} INFO - DAG(s) dict_keys(['example_branch_python_operator_decorator']) retrieved from /home/airflow/.local/lib/python3.7/site-packages/airflow/example_dags/example_branch_operator_decorator.py
[2022-08-21 13:29:37,618] {logging_mixin.py:115} INFO - [2022-08-21 13:29:37,618] {dag.py:2420} INFO - Sync 1 DAGs
[2022-08-21 13:29:37,640] {logging_mixin.py:115} INFO - [2022-08-21 13:29:37,640] {dag.py:2972} INFO - Setting next_dagrun for example_branch_python_operator_decorator to 2022-08-20T00:00:00+00:00, run_after=2022-08-21T00:00:00+00:00
[2022-08-21 13:29:37,652] {processor.py:161} INFO - Processing /home/airflow/.local/lib/python3.7/site-packages/airflow/example_dags/example_branch_operator_decorator.py took 0.083 seconds
[2022-08-21 13:30:08,567] {processor.py:153} INFO - Started process (PID=1446) to work on /home/airflow/.local/lib/python3.7/site-packages/airflow/example_dags/example_branch_operator_decorator.py
[2022-08-21 13:30:08,568] {processor.py:641} INFO - Processing file /home/airflow/.local/lib/python3.7/site-packages/airflow/example_dags/example_branch_operator_decorator.py for tasks to queue
[2022-08-21 13:30:08,569] {logging_mixin.py:115} INFO - [2022-08-21 13:30:08,569] {dagbag.py:508} INFO - Filling up the DagBag from /home/airflow/.local/lib/python3.7/site-packages/airflow/example_dags/example_branch_operator_decorator.py
[2022-08-21 13:30:08,585] {processor.py:651} INFO - DAG(s) dict_keys(['example_branch_python_operator_decorator']) retrieved from /home/airflow/.local/lib/python3.7/site-packages/airflow/example_dags/example_branch_operator_decorator.py
[2022-08-21 13:30:08,608] {logging_mixin.py:115} INFO - [2022-08-21 13:30:08,608] {dag.py:2420} INFO - Sync 1 DAGs
[2022-08-21 13:30:08,632] {logging_mixin.py:115} INFO - [2022-08-21 13:30:08,631] {dag.py:2972} INFO - Setting next_dagrun for example_branch_python_operator_decorator to 2022-08-20T00:00:00+00:00, run_after=2022-08-21T00:00:00+00:00
[2022-08-21 13:30:08,643] {processor.py:161} INFO - Processing /home/airflow/.local/lib/python3.7/site-packages/airflow/example_dags/example_branch_operator_decorator.py took 0.078 seconds
[2022-08-21 13:30:38,729] {processor.py:153} INFO - Started process (PID=1508) to work on /home/airflow/.local/lib/python3.7/site-packages/airflow/example_dags/example_branch_operator_decorator.py
[2022-08-21 13:30:38,729] {processor.py:641} INFO - Processing file /home/airflow/.local/lib/python3.7/site-packages/airflow/example_dags/example_branch_operator_decorator.py for tasks to queue
[2022-08-21 13:30:38,730] {logging_mixin.py:115} INFO - [2022-08-21 13:30:38,730] {dagbag.py:508} INFO - Filling up the DagBag from /home/airflow/.local/lib/python3.7/site-packages/airflow/example_dags/example_branch_operator_decorator.py
[2022-08-21 13:30:38,747] {processor.py:651} INFO - DAG(s) dict_keys(['example_branch_python_operator_decorator']) retrieved from /home/airflow/.local/lib/python3.7/site-packages/airflow/example_dags/example_branch_operator_decorator.py
[2022-08-21 13:30:38,771] {logging_mixin.py:115} INFO - [2022-08-21 13:30:38,771] {dag.py:2420} INFO - Sync 1 DAGs
[2022-08-21 13:30:38,793] {logging_mixin.py:115} INFO - [2022-08-21 13:30:38,793] {dag.py:2972} INFO - Setting next_dagrun for example_branch_python_operator_decorator to 2022-08-20T00:00:00+00:00, run_after=2022-08-21T00:00:00+00:00
[2022-08-21 13:30:38,805] {processor.py:161} INFO - Processing /home/airflow/.local/lib/python3.7/site-packages/airflow/example_dags/example_branch_operator_decorator.py took 0.079 seconds
[2022-08-21 13:31:08,914] {processor.py:153} INFO - Started process (PID=1560) to work on /home/airflow/.local/lib/python3.7/site-packages/airflow/example_dags/example_branch_operator_decorator.py
[2022-08-21 13:31:08,915] {processor.py:641} INFO - Processing file /home/airflow/.local/lib/python3.7/site-packages/airflow/example_dags/example_branch_operator_decorator.py for tasks to queue
[2022-08-21 13:31:08,916] {logging_mixin.py:115} INFO - [2022-08-21 13:31:08,916] {dagbag.py:508} INFO - Filling up the DagBag from /home/airflow/.local/lib/python3.7/site-packages/airflow/example_dags/example_branch_operator_decorator.py
[2022-08-21 13:31:08,935] {processor.py:651} INFO - DAG(s) dict_keys(['example_branch_python_operator_decorator']) retrieved from /home/airflow/.local/lib/python3.7/site-packages/airflow/example_dags/example_branch_operator_decorator.py
[2022-08-21 13:31:08,962] {logging_mixin.py:115} INFO - [2022-08-21 13:31:08,962] {dag.py:2420} INFO - Sync 1 DAGs
[2022-08-21 13:31:08,990] {logging_mixin.py:115} INFO - [2022-08-21 13:31:08,990] {dag.py:2972} INFO - Setting next_dagrun for example_branch_python_operator_decorator to 2022-08-20T00:00:00+00:00, run_after=2022-08-21T00:00:00+00:00
[2022-08-21 13:31:09,001] {processor.py:161} INFO - Processing /home/airflow/.local/lib/python3.7/site-packages/airflow/example_dags/example_branch_operator_decorator.py took 0.089 seconds
[2022-08-21 13:31:39,203] {processor.py:153} INFO - Started process (PID=1621) to work on /home/airflow/.local/lib/python3.7/site-packages/airflow/example_dags/example_branch_operator_decorator.py
[2022-08-21 13:31:39,203] {processor.py:641} INFO - Processing file /home/airflow/.local/lib/python3.7/site-packages/airflow/example_dags/example_branch_operator_decorator.py for tasks to queue
[2022-08-21 13:31:39,204] {logging_mixin.py:115} INFO - [2022-08-21 13:31:39,204] {dagbag.py:508} INFO - Filling up the DagBag from /home/airflow/.local/lib/python3.7/site-packages/airflow/example_dags/example_branch_operator_decorator.py
[2022-08-21 13:31:39,219] {processor.py:651} INFO - DAG(s) dict_keys(['example_branch_python_operator_decorator']) retrieved from /home/airflow/.local/lib/python3.7/site-packages/airflow/example_dags/example_branch_operator_decorator.py
[2022-08-21 13:31:39,242] {logging_mixin.py:115} INFO - [2022-08-21 13:31:39,242] {dag.py:2420} INFO - Sync 1 DAGs
[2022-08-21 13:31:39,265] {logging_mixin.py:115} INFO - [2022-08-21 13:31:39,265] {dag.py:2972} INFO - Setting next_dagrun for example_branch_python_operator_decorator to 2022-08-20T00:00:00+00:00, run_after=2022-08-21T00:00:00+00:00
[2022-08-21 13:31:39,277] {processor.py:161} INFO - Processing /home/airflow/.local/lib/python3.7/site-packages/airflow/example_dags/example_branch_operator_decorator.py took 0.077 seconds
[2022-08-21 13:32:10,159] {processor.py:153} INFO - Started process (PID=1683) to work on /home/airflow/.local/lib/python3.7/site-packages/airflow/example_dags/example_branch_operator_decorator.py
[2022-08-21 13:32:10,160] {processor.py:641} INFO - Processing file /home/airflow/.local/lib/python3.7/site-packages/airflow/example_dags/example_branch_operator_decorator.py for tasks to queue
[2022-08-21 13:32:10,161] {logging_mixin.py:115} INFO - [2022-08-21 13:32:10,161] {dagbag.py:508} INFO - Filling up the DagBag from /home/airflow/.local/lib/python3.7/site-packages/airflow/example_dags/example_branch_operator_decorator.py
[2022-08-21 13:32:10,177] {processor.py:651} INFO - DAG(s) dict_keys(['example_branch_python_operator_decorator']) retrieved from /home/airflow/.local/lib/python3.7/site-packages/airflow/example_dags/example_branch_operator_decorator.py
[2022-08-21 13:32:10,200] {logging_mixin.py:115} INFO - [2022-08-21 13:32:10,200] {dag.py:2420} INFO - Sync 1 DAGs
[2022-08-21 13:32:10,223] {logging_mixin.py:115} INFO - [2022-08-21 13:32:10,223] {dag.py:2972} INFO - Setting next_dagrun for example_branch_python_operator_decorator to 2022-08-20T00:00:00+00:00, run_after=2022-08-21T00:00:00+00:00
[2022-08-21 13:32:10,234] {processor.py:161} INFO - Processing /home/airflow/.local/lib/python3.7/site-packages/airflow/example_dags/example_branch_operator_decorator.py took 0.078 seconds
[2022-08-21 13:32:40,975] {processor.py:153} INFO - Started process (PID=1735) to work on /home/airflow/.local/lib/python3.7/site-packages/airflow/example_dags/example_branch_operator_decorator.py
[2022-08-21 13:32:40,976] {processor.py:641} INFO - Processing file /home/airflow/.local/lib/python3.7/site-packages/airflow/example_dags/example_branch_operator_decorator.py for tasks to queue
[2022-08-21 13:32:40,977] {logging_mixin.py:115} INFO - [2022-08-21 13:32:40,977] {dagbag.py:508} INFO - Filling up the DagBag from /home/airflow/.local/lib/python3.7/site-packages/airflow/example_dags/example_branch_operator_decorator.py
[2022-08-21 13:32:40,994] {processor.py:651} INFO - DAG(s) dict_keys(['example_branch_python_operator_decorator']) retrieved from /home/airflow/.local/lib/python3.7/site-packages/airflow/example_dags/example_branch_operator_decorator.py
[2022-08-21 13:32:41,022] {logging_mixin.py:115} INFO - [2022-08-21 13:32:41,022] {dag.py:2420} INFO - Sync 1 DAGs
[2022-08-21 13:32:41,049] {logging_mixin.py:115} INFO - [2022-08-21 13:32:41,049] {dag.py:2972} INFO - Setting next_dagrun for example_branch_python_operator_decorator to 2022-08-20T00:00:00+00:00, run_after=2022-08-21T00:00:00+00:00
[2022-08-21 13:32:41,066] {processor.py:161} INFO - Processing /home/airflow/.local/lib/python3.7/site-packages/airflow/example_dags/example_branch_operator_decorator.py took 0.094 seconds
[2022-08-21 13:33:11,991] {processor.py:153} INFO - Started process (PID=1797) to work on /home/airflow/.local/lib/python3.7/site-packages/airflow/example_dags/example_branch_operator_decorator.py
[2022-08-21 13:33:11,991] {processor.py:641} INFO - Processing file /home/airflow/.local/lib/python3.7/site-packages/airflow/example_dags/example_branch_operator_decorator.py for tasks to queue
[2022-08-21 13:33:11,992] {logging_mixin.py:115} INFO - [2022-08-21 13:33:11,992] {dagbag.py:508} INFO - Filling up the DagBag from /home/airflow/.local/lib/python3.7/site-packages/airflow/example_dags/example_branch_operator_decorator.py
[2022-08-21 13:33:12,008] {processor.py:651} INFO - DAG(s) dict_keys(['example_branch_python_operator_decorator']) retrieved from /home/airflow/.local/lib/python3.7/site-packages/airflow/example_dags/example_branch_operator_decorator.py
[2022-08-21 13:33:12,031] {logging_mixin.py:115} INFO - [2022-08-21 13:33:12,031] {dag.py:2420} INFO - Sync 1 DAGs
[2022-08-21 13:33:12,054] {logging_mixin.py:115} INFO - [2022-08-21 13:33:12,054] {dag.py:2972} INFO - Setting next_dagrun for example_branch_python_operator_decorator to 2022-08-20T00:00:00+00:00, run_after=2022-08-21T00:00:00+00:00
[2022-08-21 13:33:12,067] {processor.py:161} INFO - Processing /home/airflow/.local/lib/python3.7/site-packages/airflow/example_dags/example_branch_operator_decorator.py took 0.079 seconds
[2022-08-21 13:33:42,818] {processor.py:153} INFO - Started process (PID=1858) to work on /home/airflow/.local/lib/python3.7/site-packages/airflow/example_dags/example_branch_operator_decorator.py
[2022-08-21 13:33:42,819] {processor.py:641} INFO - Processing file /home/airflow/.local/lib/python3.7/site-packages/airflow/example_dags/example_branch_operator_decorator.py for tasks to queue
[2022-08-21 13:33:42,820] {logging_mixin.py:115} INFO - [2022-08-21 13:33:42,820] {dagbag.py:508} INFO - Filling up the DagBag from /home/airflow/.local/lib/python3.7/site-packages/airflow/example_dags/example_branch_operator_decorator.py
[2022-08-21 13:33:42,836] {processor.py:651} INFO - DAG(s) dict_keys(['example_branch_python_operator_decorator']) retrieved from /home/airflow/.local/lib/python3.7/site-packages/airflow/example_dags/example_branch_operator_decorator.py
[2022-08-21 13:33:42,860] {logging_mixin.py:115} INFO - [2022-08-21 13:33:42,860] {dag.py:2420} INFO - Sync 1 DAGs
[2022-08-21 13:33:42,884] {logging_mixin.py:115} INFO - [2022-08-21 13:33:42,884] {dag.py:2972} INFO - Setting next_dagrun for example_branch_python_operator_decorator to 2022-08-20T00:00:00+00:00, run_after=2022-08-21T00:00:00+00:00
[2022-08-21 13:33:42,895] {processor.py:161} INFO - Processing /home/airflow/.local/lib/python3.7/site-packages/airflow/example_dags/example_branch_operator_decorator.py took 0.079 seconds
[2022-08-21 13:34:13,696] {processor.py:153} INFO - Started process (PID=1910) to work on /home/airflow/.local/lib/python3.7/site-packages/airflow/example_dags/example_branch_operator_decorator.py
[2022-08-21 13:34:13,696] {processor.py:641} INFO - Processing file /home/airflow/.local/lib/python3.7/site-packages/airflow/example_dags/example_branch_operator_decorator.py for tasks to queue
[2022-08-21 13:34:13,697] {logging_mixin.py:115} INFO - [2022-08-21 13:34:13,697] {dagbag.py:508} INFO - Filling up the DagBag from /home/airflow/.local/lib/python3.7/site-packages/airflow/example_dags/example_branch_operator_decorator.py
[2022-08-21 13:34:13,714] {processor.py:651} INFO - DAG(s) dict_keys(['example_branch_python_operator_decorator']) retrieved from /home/airflow/.local/lib/python3.7/site-packages/airflow/example_dags/example_branch_operator_decorator.py
[2022-08-21 13:34:13,736] {logging_mixin.py:115} INFO - [2022-08-21 13:34:13,736] {dag.py:2420} INFO - Sync 1 DAGs
[2022-08-21 13:34:13,758] {logging_mixin.py:115} INFO - [2022-08-21 13:34:13,758] {dag.py:2972} INFO - Setting next_dagrun for example_branch_python_operator_decorator to 2022-08-20T00:00:00+00:00, run_after=2022-08-21T00:00:00+00:00
[2022-08-21 13:34:13,771] {processor.py:161} INFO - Processing /home/airflow/.local/lib/python3.7/site-packages/airflow/example_dags/example_branch_operator_decorator.py took 0.078 seconds
[2022-08-21 13:34:43,990] {processor.py:153} INFO - Started process (PID=1971) to work on /home/airflow/.local/lib/python3.7/site-packages/airflow/example_dags/example_branch_operator_decorator.py
[2022-08-21 13:34:43,991] {processor.py:641} INFO - Processing file /home/airflow/.local/lib/python3.7/site-packages/airflow/example_dags/example_branch_operator_decorator.py for tasks to queue
[2022-08-21 13:34:43,992] {logging_mixin.py:115} INFO - [2022-08-21 13:34:43,992] {dagbag.py:508} INFO - Filling up the DagBag from /home/airflow/.local/lib/python3.7/site-packages/airflow/example_dags/example_branch_operator_decorator.py
[2022-08-21 13:34:44,009] {processor.py:651} INFO - DAG(s) dict_keys(['example_branch_python_operator_decorator']) retrieved from /home/airflow/.local/lib/python3.7/site-packages/airflow/example_dags/example_branch_operator_decorator.py
[2022-08-21 13:34:44,034] {logging_mixin.py:115} INFO - [2022-08-21 13:34:44,034] {dag.py:2420} INFO - Sync 1 DAGs
[2022-08-21 13:34:44,056] {logging_mixin.py:115} INFO - [2022-08-21 13:34:44,056] {dag.py:2972} INFO - Setting next_dagrun for example_branch_python_operator_decorator to 2022-08-20T00:00:00+00:00, run_after=2022-08-21T00:00:00+00:00
[2022-08-21 13:34:44,071] {processor.py:161} INFO - Processing /home/airflow/.local/lib/python3.7/site-packages/airflow/example_dags/example_branch_operator_decorator.py took 0.084 seconds
[2022-08-21 13:35:15,063] {processor.py:153} INFO - Started process (PID=2032) to work on /home/airflow/.local/lib/python3.7/site-packages/airflow/example_dags/example_branch_operator_decorator.py
[2022-08-21 13:35:15,064] {processor.py:641} INFO - Processing file /home/airflow/.local/lib/python3.7/site-packages/airflow/example_dags/example_branch_operator_decorator.py for tasks to queue
[2022-08-21 13:35:15,065] {logging_mixin.py:115} INFO - [2022-08-21 13:35:15,065] {dagbag.py:508} INFO - Filling up the DagBag from /home/airflow/.local/lib/python3.7/site-packages/airflow/example_dags/example_branch_operator_decorator.py
[2022-08-21 13:35:15,085] {processor.py:651} INFO - DAG(s) dict_keys(['example_branch_python_operator_decorator']) retrieved from /home/airflow/.local/lib/python3.7/site-packages/airflow/example_dags/example_branch_operator_decorator.py
[2022-08-21 13:35:15,110] {logging_mixin.py:115} INFO - [2022-08-21 13:35:15,110] {dag.py:2420} INFO - Sync 1 DAGs
[2022-08-21 13:35:15,135] {logging_mixin.py:115} INFO - [2022-08-21 13:35:15,135] {dag.py:2972} INFO - Setting next_dagrun for example_branch_python_operator_decorator to 2022-08-20T00:00:00+00:00, run_after=2022-08-21T00:00:00+00:00
[2022-08-21 13:35:15,147] {processor.py:161} INFO - Processing /home/airflow/.local/lib/python3.7/site-packages/airflow/example_dags/example_branch_operator_decorator.py took 0.087 seconds
[2022-08-21 13:35:46,035] {processor.py:153} INFO - Started process (PID=2093) to work on /home/airflow/.local/lib/python3.7/site-packages/airflow/example_dags/example_branch_operator_decorator.py
[2022-08-21 13:35:46,036] {processor.py:641} INFO - Processing file /home/airflow/.local/lib/python3.7/site-packages/airflow/example_dags/example_branch_operator_decorator.py for tasks to queue
[2022-08-21 13:35:46,037] {logging_mixin.py:115} INFO - [2022-08-21 13:35:46,037] {dagbag.py:508} INFO - Filling up the DagBag from /home/airflow/.local/lib/python3.7/site-packages/airflow/example_dags/example_branch_operator_decorator.py
[2022-08-21 13:35:46,059] {processor.py:651} INFO - DAG(s) dict_keys(['example_branch_python_operator_decorator']) retrieved from /home/airflow/.local/lib/python3.7/site-packages/airflow/example_dags/example_branch_operator_decorator.py
[2022-08-21 13:35:46,092] {logging_mixin.py:115} INFO - [2022-08-21 13:35:46,092] {dag.py:2420} INFO - Sync 1 DAGs
[2022-08-21 13:35:46,125] {logging_mixin.py:115} INFO - [2022-08-21 13:35:46,125] {dag.py:2972} INFO - Setting next_dagrun for example_branch_python_operator_decorator to 2022-08-20T00:00:00+00:00, run_after=2022-08-21T00:00:00+00:00
[2022-08-21 13:35:46,144] {processor.py:161} INFO - Processing /home/airflow/.local/lib/python3.7/site-packages/airflow/example_dags/example_branch_operator_decorator.py took 0.113 seconds
[2022-08-21 13:36:16,969] {processor.py:153} INFO - Started process (PID=2145) to work on /home/airflow/.local/lib/python3.7/site-packages/airflow/example_dags/example_branch_operator_decorator.py
[2022-08-21 13:36:16,970] {processor.py:641} INFO - Processing file /home/airflow/.local/lib/python3.7/site-packages/airflow/example_dags/example_branch_operator_decorator.py for tasks to queue
[2022-08-21 13:36:16,970] {logging_mixin.py:115} INFO - [2022-08-21 13:36:16,970] {dagbag.py:508} INFO - Filling up the DagBag from /home/airflow/.local/lib/python3.7/site-packages/airflow/example_dags/example_branch_operator_decorator.py
[2022-08-21 13:36:16,987] {processor.py:651} INFO - DAG(s) dict_keys(['example_branch_python_operator_decorator']) retrieved from /home/airflow/.local/lib/python3.7/site-packages/airflow/example_dags/example_branch_operator_decorator.py
[2022-08-21 13:36:17,013] {logging_mixin.py:115} INFO - [2022-08-21 13:36:17,013] {dag.py:2420} INFO - Sync 1 DAGs
[2022-08-21 13:36:17,035] {logging_mixin.py:115} INFO - [2022-08-21 13:36:17,035] {dag.py:2972} INFO - Setting next_dagrun for example_branch_python_operator_decorator to 2022-08-20T00:00:00+00:00, run_after=2022-08-21T00:00:00+00:00
[2022-08-21 13:36:17,050] {processor.py:161} INFO - Processing /home/airflow/.local/lib/python3.7/site-packages/airflow/example_dags/example_branch_operator_decorator.py took 0.084 seconds
[2022-08-21 13:36:47,891] {processor.py:153} INFO - Started process (PID=2207) to work on /home/airflow/.local/lib/python3.7/site-packages/airflow/example_dags/example_branch_operator_decorator.py
[2022-08-21 13:36:47,892] {processor.py:641} INFO - Processing file /home/airflow/.local/lib/python3.7/site-packages/airflow/example_dags/example_branch_operator_decorator.py for tasks to queue
[2022-08-21 13:36:47,893] {logging_mixin.py:115} INFO - [2022-08-21 13:36:47,893] {dagbag.py:508} INFO - Filling up the DagBag from /home/airflow/.local/lib/python3.7/site-packages/airflow/example_dags/example_branch_operator_decorator.py
[2022-08-21 13:36:47,916] {processor.py:651} INFO - DAG(s) dict_keys(['example_branch_python_operator_decorator']) retrieved from /home/airflow/.local/lib/python3.7/site-packages/airflow/example_dags/example_branch_operator_decorator.py
[2022-08-21 13:36:47,952] {logging_mixin.py:115} INFO - [2022-08-21 13:36:47,952] {dag.py:2420} INFO - Sync 1 DAGs
[2022-08-21 13:36:47,974] {logging_mixin.py:115} INFO - [2022-08-21 13:36:47,974] {dag.py:2972} INFO - Setting next_dagrun for example_branch_python_operator_decorator to 2022-08-20T00:00:00+00:00, run_after=2022-08-21T00:00:00+00:00
[2022-08-21 13:36:47,986] {processor.py:161} INFO - Processing /home/airflow/.local/lib/python3.7/site-packages/airflow/example_dags/example_branch_operator_decorator.py took 0.098 seconds
[2022-08-21 13:37:18,678] {processor.py:153} INFO - Started process (PID=2269) to work on /home/airflow/.local/lib/python3.7/site-packages/airflow/example_dags/example_branch_operator_decorator.py
[2022-08-21 13:37:18,679] {processor.py:641} INFO - Processing file /home/airflow/.local/lib/python3.7/site-packages/airflow/example_dags/example_branch_operator_decorator.py for tasks to queue
[2022-08-21 13:37:18,680] {logging_mixin.py:115} INFO - [2022-08-21 13:37:18,679] {dagbag.py:508} INFO - Filling up the DagBag from /home/airflow/.local/lib/python3.7/site-packages/airflow/example_dags/example_branch_operator_decorator.py
[2022-08-21 13:37:18,695] {processor.py:651} INFO - DAG(s) dict_keys(['example_branch_python_operator_decorator']) retrieved from /home/airflow/.local/lib/python3.7/site-packages/airflow/example_dags/example_branch_operator_decorator.py
[2022-08-21 13:37:18,719] {logging_mixin.py:115} INFO - [2022-08-21 13:37:18,719] {dag.py:2420} INFO - Sync 1 DAGs
[2022-08-21 13:37:18,740] {logging_mixin.py:115} INFO - [2022-08-21 13:37:18,740] {dag.py:2972} INFO - Setting next_dagrun for example_branch_python_operator_decorator to 2022-08-20T00:00:00+00:00, run_after=2022-08-21T00:00:00+00:00
[2022-08-21 13:37:18,753] {processor.py:161} INFO - Processing /home/airflow/.local/lib/python3.7/site-packages/airflow/example_dags/example_branch_operator_decorator.py took 0.078 seconds
[2022-08-21 13:37:49,428] {processor.py:153} INFO - Started process (PID=2321) to work on /home/airflow/.local/lib/python3.7/site-packages/airflow/example_dags/example_branch_operator_decorator.py
[2022-08-21 13:37:49,428] {processor.py:641} INFO - Processing file /home/airflow/.local/lib/python3.7/site-packages/airflow/example_dags/example_branch_operator_decorator.py for tasks to queue
[2022-08-21 13:37:49,429] {logging_mixin.py:115} INFO - [2022-08-21 13:37:49,429] {dagbag.py:508} INFO - Filling up the DagBag from /home/airflow/.local/lib/python3.7/site-packages/airflow/example_dags/example_branch_operator_decorator.py
[2022-08-21 13:37:49,449] {processor.py:651} INFO - DAG(s) dict_keys(['example_branch_python_operator_decorator']) retrieved from /home/airflow/.local/lib/python3.7/site-packages/airflow/example_dags/example_branch_operator_decorator.py
[2022-08-21 13:37:49,479] {logging_mixin.py:115} INFO - [2022-08-21 13:37:49,479] {dag.py:2420} INFO - Sync 1 DAGs
[2022-08-21 13:37:49,504] {logging_mixin.py:115} INFO - [2022-08-21 13:37:49,503] {dag.py:2972} INFO - Setting next_dagrun for example_branch_python_operator_decorator to 2022-08-20T00:00:00+00:00, run_after=2022-08-21T00:00:00+00:00
[2022-08-21 13:37:49,515] {processor.py:161} INFO - Processing /home/airflow/.local/lib/python3.7/site-packages/airflow/example_dags/example_branch_operator_decorator.py took 0.091 seconds
[2022-08-21 13:38:20,412] {processor.py:153} INFO - Started process (PID=2382) to work on /home/airflow/.local/lib/python3.7/site-packages/airflow/example_dags/example_branch_operator_decorator.py
[2022-08-21 13:38:20,413] {processor.py:641} INFO - Processing file /home/airflow/.local/lib/python3.7/site-packages/airflow/example_dags/example_branch_operator_decorator.py for tasks to queue
[2022-08-21 13:38:20,413] {logging_mixin.py:115} INFO - [2022-08-21 13:38:20,413] {dagbag.py:508} INFO - Filling up the DagBag from /home/airflow/.local/lib/python3.7/site-packages/airflow/example_dags/example_branch_operator_decorator.py
[2022-08-21 13:38:20,430] {processor.py:651} INFO - DAG(s) dict_keys(['example_branch_python_operator_decorator']) retrieved from /home/airflow/.local/lib/python3.7/site-packages/airflow/example_dags/example_branch_operator_decorator.py
[2022-08-21 13:38:20,454] {logging_mixin.py:115} INFO - [2022-08-21 13:38:20,454] {dag.py:2420} INFO - Sync 1 DAGs
[2022-08-21 13:38:20,479] {logging_mixin.py:115} INFO - [2022-08-21 13:38:20,479] {dag.py:2972} INFO - Setting next_dagrun for example_branch_python_operator_decorator to 2022-08-20T00:00:00+00:00, run_after=2022-08-21T00:00:00+00:00
[2022-08-21 13:38:20,492] {processor.py:161} INFO - Processing /home/airflow/.local/lib/python3.7/site-packages/airflow/example_dags/example_branch_operator_decorator.py took 0.084 seconds
[2022-08-21 13:38:51,291] {processor.py:153} INFO - Started process (PID=2443) to work on /home/airflow/.local/lib/python3.7/site-packages/airflow/example_dags/example_branch_operator_decorator.py
[2022-08-21 13:38:51,292] {processor.py:641} INFO - Processing file /home/airflow/.local/lib/python3.7/site-packages/airflow/example_dags/example_branch_operator_decorator.py for tasks to queue
[2022-08-21 13:38:51,292] {logging_mixin.py:115} INFO - [2022-08-21 13:38:51,292] {dagbag.py:508} INFO - Filling up the DagBag from /home/airflow/.local/lib/python3.7/site-packages/airflow/example_dags/example_branch_operator_decorator.py
[2022-08-21 13:38:51,312] {processor.py:651} INFO - DAG(s) dict_keys(['example_branch_python_operator_decorator']) retrieved from /home/airflow/.local/lib/python3.7/site-packages/airflow/example_dags/example_branch_operator_decorator.py
[2022-08-21 13:38:51,337] {logging_mixin.py:115} INFO - [2022-08-21 13:38:51,337] {dag.py:2420} INFO - Sync 1 DAGs
[2022-08-21 13:38:51,360] {logging_mixin.py:115} INFO - [2022-08-21 13:38:51,360] {dag.py:2972} INFO - Setting next_dagrun for example_branch_python_operator_decorator to 2022-08-20T00:00:00+00:00, run_after=2022-08-21T00:00:00+00:00
[2022-08-21 13:38:51,373] {processor.py:161} INFO - Processing /home/airflow/.local/lib/python3.7/site-packages/airflow/example_dags/example_branch_operator_decorator.py took 0.085 seconds
[2022-08-21 13:39:22,489] {processor.py:153} INFO - Started process (PID=2495) to work on /home/airflow/.local/lib/python3.7/site-packages/airflow/example_dags/example_branch_operator_decorator.py
[2022-08-21 13:39:22,490] {processor.py:641} INFO - Processing file /home/airflow/.local/lib/python3.7/site-packages/airflow/example_dags/example_branch_operator_decorator.py for tasks to queue
[2022-08-21 13:39:22,491] {logging_mixin.py:115} INFO - [2022-08-21 13:39:22,491] {dagbag.py:508} INFO - Filling up the DagBag from /home/airflow/.local/lib/python3.7/site-packages/airflow/example_dags/example_branch_operator_decorator.py
[2022-08-21 13:39:22,512] {processor.py:651} INFO - DAG(s) dict_keys(['example_branch_python_operator_decorator']) retrieved from /home/airflow/.local/lib/python3.7/site-packages/airflow/example_dags/example_branch_operator_decorator.py
[2022-08-21 13:39:22,589] {logging_mixin.py:115} INFO - [2022-08-21 13:39:22,589] {dag.py:2420} INFO - Sync 1 DAGs
[2022-08-21 13:39:22,623] {logging_mixin.py:115} INFO - [2022-08-21 13:39:22,623] {dag.py:2972} INFO - Setting next_dagrun for example_branch_python_operator_decorator to 2022-08-20T00:00:00+00:00, run_after=2022-08-21T00:00:00+00:00
[2022-08-21 13:39:22,646] {processor.py:161} INFO - Processing /home/airflow/.local/lib/python3.7/site-packages/airflow/example_dags/example_branch_operator_decorator.py took 0.160 seconds
[2022-08-21 13:39:53,503] {processor.py:153} INFO - Started process (PID=2558) to work on /home/airflow/.local/lib/python3.7/site-packages/airflow/example_dags/example_branch_operator_decorator.py
[2022-08-21 13:39:53,505] {processor.py:641} INFO - Processing file /home/airflow/.local/lib/python3.7/site-packages/airflow/example_dags/example_branch_operator_decorator.py for tasks to queue
[2022-08-21 13:39:53,506] {logging_mixin.py:115} INFO - [2022-08-21 13:39:53,506] {dagbag.py:508} INFO - Filling up the DagBag from /home/airflow/.local/lib/python3.7/site-packages/airflow/example_dags/example_branch_operator_decorator.py
[2022-08-21 13:39:53,529] {processor.py:651} INFO - DAG(s) dict_keys(['example_branch_python_operator_decorator']) retrieved from /home/airflow/.local/lib/python3.7/site-packages/airflow/example_dags/example_branch_operator_decorator.py
[2022-08-21 13:39:53,557] {logging_mixin.py:115} INFO - [2022-08-21 13:39:53,557] {dag.py:2420} INFO - Sync 1 DAGs
[2022-08-21 13:39:53,588] {logging_mixin.py:115} INFO - [2022-08-21 13:39:53,588] {dag.py:2972} INFO - Setting next_dagrun for example_branch_python_operator_decorator to 2022-08-20T00:00:00+00:00, run_after=2022-08-21T00:00:00+00:00
[2022-08-21 13:39:53,606] {processor.py:161} INFO - Processing /home/airflow/.local/lib/python3.7/site-packages/airflow/example_dags/example_branch_operator_decorator.py took 0.106 seconds
[2022-08-21 13:40:23,653] {processor.py:153} INFO - Started process (PID=2634) to work on /home/airflow/.local/lib/python3.7/site-packages/airflow/example_dags/example_branch_operator_decorator.py
[2022-08-21 13:40:23,654] {processor.py:641} INFO - Processing file /home/airflow/.local/lib/python3.7/site-packages/airflow/example_dags/example_branch_operator_decorator.py for tasks to queue
[2022-08-21 13:40:23,655] {logging_mixin.py:115} INFO - [2022-08-21 13:40:23,655] {dagbag.py:508} INFO - Filling up the DagBag from /home/airflow/.local/lib/python3.7/site-packages/airflow/example_dags/example_branch_operator_decorator.py
[2022-08-21 13:40:23,677] {processor.py:651} INFO - DAG(s) dict_keys(['example_branch_python_operator_decorator']) retrieved from /home/airflow/.local/lib/python3.7/site-packages/airflow/example_dags/example_branch_operator_decorator.py
[2022-08-21 13:40:23,715] {logging_mixin.py:115} INFO - [2022-08-21 13:40:23,715] {dag.py:2420} INFO - Sync 1 DAGs
[2022-08-21 13:40:23,748] {logging_mixin.py:115} INFO - [2022-08-21 13:40:23,748] {dag.py:2972} INFO - Setting next_dagrun for example_branch_python_operator_decorator to 2022-08-20T00:00:00+00:00, run_after=2022-08-21T00:00:00+00:00
[2022-08-21 13:40:23,763] {processor.py:161} INFO - Processing /home/airflow/.local/lib/python3.7/site-packages/airflow/example_dags/example_branch_operator_decorator.py took 0.113 seconds
[2022-08-21 13:40:53,840] {processor.py:153} INFO - Started process (PID=2687) to work on /home/airflow/.local/lib/python3.7/site-packages/airflow/example_dags/example_branch_operator_decorator.py
[2022-08-21 13:40:53,841] {processor.py:641} INFO - Processing file /home/airflow/.local/lib/python3.7/site-packages/airflow/example_dags/example_branch_operator_decorator.py for tasks to queue
[2022-08-21 13:40:53,842] {logging_mixin.py:115} INFO - [2022-08-21 13:40:53,842] {dagbag.py:508} INFO - Filling up the DagBag from /home/airflow/.local/lib/python3.7/site-packages/airflow/example_dags/example_branch_operator_decorator.py
[2022-08-21 13:40:53,866] {processor.py:651} INFO - DAG(s) dict_keys(['example_branch_python_operator_decorator']) retrieved from /home/airflow/.local/lib/python3.7/site-packages/airflow/example_dags/example_branch_operator_decorator.py
[2022-08-21 13:40:53,896] {logging_mixin.py:115} INFO - [2022-08-21 13:40:53,896] {dag.py:2420} INFO - Sync 1 DAGs
[2022-08-21 13:40:53,927] {logging_mixin.py:115} INFO - [2022-08-21 13:40:53,926] {dag.py:2972} INFO - Setting next_dagrun for example_branch_python_operator_decorator to 2022-08-20T00:00:00+00:00, run_after=2022-08-21T00:00:00+00:00
[2022-08-21 13:40:53,948] {processor.py:161} INFO - Processing /home/airflow/.local/lib/python3.7/site-packages/airflow/example_dags/example_branch_operator_decorator.py took 0.111 seconds
[2022-08-21 13:41:24,016] {processor.py:153} INFO - Started process (PID=2752) to work on /home/airflow/.local/lib/python3.7/site-packages/airflow/example_dags/example_branch_operator_decorator.py
[2022-08-21 13:41:24,017] {processor.py:641} INFO - Processing file /home/airflow/.local/lib/python3.7/site-packages/airflow/example_dags/example_branch_operator_decorator.py for tasks to queue
[2022-08-21 13:41:24,018] {logging_mixin.py:115} INFO - [2022-08-21 13:41:24,017] {dagbag.py:508} INFO - Filling up the DagBag from /home/airflow/.local/lib/python3.7/site-packages/airflow/example_dags/example_branch_operator_decorator.py
[2022-08-21 13:41:24,038] {processor.py:651} INFO - DAG(s) dict_keys(['example_branch_python_operator_decorator']) retrieved from /home/airflow/.local/lib/python3.7/site-packages/airflow/example_dags/example_branch_operator_decorator.py
[2022-08-21 13:41:24,106] {logging_mixin.py:115} INFO - [2022-08-21 13:41:24,106] {dag.py:2420} INFO - Sync 1 DAGs
[2022-08-21 13:41:24,135] {logging_mixin.py:115} INFO - [2022-08-21 13:41:24,135] {dag.py:2972} INFO - Setting next_dagrun for example_branch_python_operator_decorator to 2022-08-20T00:00:00+00:00, run_after=2022-08-21T00:00:00+00:00
[2022-08-21 13:41:24,149] {processor.py:161} INFO - Processing /home/airflow/.local/lib/python3.7/site-packages/airflow/example_dags/example_branch_operator_decorator.py took 0.136 seconds
[2022-08-21 13:41:54,264] {processor.py:153} INFO - Started process (PID=2813) to work on /home/airflow/.local/lib/python3.7/site-packages/airflow/example_dags/example_branch_operator_decorator.py
[2022-08-21 13:41:54,265] {processor.py:641} INFO - Processing file /home/airflow/.local/lib/python3.7/site-packages/airflow/example_dags/example_branch_operator_decorator.py for tasks to queue
[2022-08-21 13:41:54,266] {logging_mixin.py:115} INFO - [2022-08-21 13:41:54,266] {dagbag.py:508} INFO - Filling up the DagBag from /home/airflow/.local/lib/python3.7/site-packages/airflow/example_dags/example_branch_operator_decorator.py
[2022-08-21 13:41:54,288] {processor.py:651} INFO - DAG(s) dict_keys(['example_branch_python_operator_decorator']) retrieved from /home/airflow/.local/lib/python3.7/site-packages/airflow/example_dags/example_branch_operator_decorator.py
[2022-08-21 13:41:54,318] {logging_mixin.py:115} INFO - [2022-08-21 13:41:54,318] {dag.py:2420} INFO - Sync 1 DAGs
[2022-08-21 13:41:54,351] {logging_mixin.py:115} INFO - [2022-08-21 13:41:54,351] {dag.py:2972} INFO - Setting next_dagrun for example_branch_python_operator_decorator to 2022-08-20T00:00:00+00:00, run_after=2022-08-21T00:00:00+00:00
[2022-08-21 13:41:54,365] {processor.py:161} INFO - Processing /home/airflow/.local/lib/python3.7/site-packages/airflow/example_dags/example_branch_operator_decorator.py took 0.105 seconds
[2022-08-21 13:42:25,163] {processor.py:153} INFO - Started process (PID=2865) to work on /home/airflow/.local/lib/python3.7/site-packages/airflow/example_dags/example_branch_operator_decorator.py
[2022-08-21 13:42:25,164] {processor.py:641} INFO - Processing file /home/airflow/.local/lib/python3.7/site-packages/airflow/example_dags/example_branch_operator_decorator.py for tasks to queue
[2022-08-21 13:42:25,164] {logging_mixin.py:115} INFO - [2022-08-21 13:42:25,164] {dagbag.py:508} INFO - Filling up the DagBag from /home/airflow/.local/lib/python3.7/site-packages/airflow/example_dags/example_branch_operator_decorator.py
[2022-08-21 13:42:25,180] {processor.py:651} INFO - DAG(s) dict_keys(['example_branch_python_operator_decorator']) retrieved from /home/airflow/.local/lib/python3.7/site-packages/airflow/example_dags/example_branch_operator_decorator.py
[2022-08-21 13:42:25,205] {logging_mixin.py:115} INFO - [2022-08-21 13:42:25,205] {dag.py:2420} INFO - Sync 1 DAGs
[2022-08-21 13:42:25,228] {logging_mixin.py:115} INFO - [2022-08-21 13:42:25,228] {dag.py:2972} INFO - Setting next_dagrun for example_branch_python_operator_decorator to 2022-08-20T00:00:00+00:00, run_after=2022-08-21T00:00:00+00:00
[2022-08-21 13:42:25,242] {processor.py:161} INFO - Processing /home/airflow/.local/lib/python3.7/site-packages/airflow/example_dags/example_branch_operator_decorator.py took 0.082 seconds
[2022-08-21 13:42:56,128] {processor.py:153} INFO - Started process (PID=2926) to work on /home/airflow/.local/lib/python3.7/site-packages/airflow/example_dags/example_branch_operator_decorator.py
[2022-08-21 13:42:56,129] {processor.py:641} INFO - Processing file /home/airflow/.local/lib/python3.7/site-packages/airflow/example_dags/example_branch_operator_decorator.py for tasks to queue
[2022-08-21 13:42:56,130] {logging_mixin.py:115} INFO - [2022-08-21 13:42:56,130] {dagbag.py:508} INFO - Filling up the DagBag from /home/airflow/.local/lib/python3.7/site-packages/airflow/example_dags/example_branch_operator_decorator.py
[2022-08-21 13:42:56,157] {processor.py:651} INFO - DAG(s) dict_keys(['example_branch_python_operator_decorator']) retrieved from /home/airflow/.local/lib/python3.7/site-packages/airflow/example_dags/example_branch_operator_decorator.py
[2022-08-21 13:42:56,183] {logging_mixin.py:115} INFO - [2022-08-21 13:42:56,183] {dag.py:2420} INFO - Sync 1 DAGs
[2022-08-21 13:42:56,209] {logging_mixin.py:115} INFO - [2022-08-21 13:42:56,209] {dag.py:2972} INFO - Setting next_dagrun for example_branch_python_operator_decorator to 2022-08-20T00:00:00+00:00, run_after=2022-08-21T00:00:00+00:00
[2022-08-21 13:42:56,221] {processor.py:161} INFO - Processing /home/airflow/.local/lib/python3.7/site-packages/airflow/example_dags/example_branch_operator_decorator.py took 0.097 seconds
[2022-08-21 13:43:26,362] {processor.py:153} INFO - Started process (PID=2987) to work on /home/airflow/.local/lib/python3.7/site-packages/airflow/example_dags/example_branch_operator_decorator.py
[2022-08-21 13:43:26,363] {processor.py:641} INFO - Processing file /home/airflow/.local/lib/python3.7/site-packages/airflow/example_dags/example_branch_operator_decorator.py for tasks to queue
[2022-08-21 13:43:26,364] {logging_mixin.py:115} INFO - [2022-08-21 13:43:26,363] {dagbag.py:508} INFO - Filling up the DagBag from /home/airflow/.local/lib/python3.7/site-packages/airflow/example_dags/example_branch_operator_decorator.py
[2022-08-21 13:43:26,387] {processor.py:651} INFO - DAG(s) dict_keys(['example_branch_python_operator_decorator']) retrieved from /home/airflow/.local/lib/python3.7/site-packages/airflow/example_dags/example_branch_operator_decorator.py
[2022-08-21 13:43:26,416] {logging_mixin.py:115} INFO - [2022-08-21 13:43:26,416] {dag.py:2420} INFO - Sync 1 DAGs
[2022-08-21 13:43:26,446] {logging_mixin.py:115} INFO - [2022-08-21 13:43:26,446] {dag.py:2972} INFO - Setting next_dagrun for example_branch_python_operator_decorator to 2022-08-20T00:00:00+00:00, run_after=2022-08-21T00:00:00+00:00
[2022-08-21 13:43:26,461] {processor.py:161} INFO - Processing /home/airflow/.local/lib/python3.7/site-packages/airflow/example_dags/example_branch_operator_decorator.py took 0.102 seconds
[2022-08-21 13:43:56,815] {processor.py:153} INFO - Started process (PID=3039) to work on /home/airflow/.local/lib/python3.7/site-packages/airflow/example_dags/example_branch_operator_decorator.py
[2022-08-21 13:43:56,816] {processor.py:641} INFO - Processing file /home/airflow/.local/lib/python3.7/site-packages/airflow/example_dags/example_branch_operator_decorator.py for tasks to queue
[2022-08-21 13:43:56,816] {logging_mixin.py:115} INFO - [2022-08-21 13:43:56,816] {dagbag.py:508} INFO - Filling up the DagBag from /home/airflow/.local/lib/python3.7/site-packages/airflow/example_dags/example_branch_operator_decorator.py
[2022-08-21 13:43:56,834] {processor.py:651} INFO - DAG(s) dict_keys(['example_branch_python_operator_decorator']) retrieved from /home/airflow/.local/lib/python3.7/site-packages/airflow/example_dags/example_branch_operator_decorator.py
[2022-08-21 13:43:56,856] {logging_mixin.py:115} INFO - [2022-08-21 13:43:56,856] {dag.py:2420} INFO - Sync 1 DAGs
[2022-08-21 13:43:56,883] {logging_mixin.py:115} INFO - [2022-08-21 13:43:56,883] {dag.py:2972} INFO - Setting next_dagrun for example_branch_python_operator_decorator to 2022-08-20T00:00:00+00:00, run_after=2022-08-21T00:00:00+00:00
[2022-08-21 13:43:56,896] {processor.py:161} INFO - Processing /home/airflow/.local/lib/python3.7/site-packages/airflow/example_dags/example_branch_operator_decorator.py took 0.083 seconds
[2022-08-21 13:44:27,724] {processor.py:153} INFO - Started process (PID=3100) to work on /home/airflow/.local/lib/python3.7/site-packages/airflow/example_dags/example_branch_operator_decorator.py
[2022-08-21 13:44:27,725] {processor.py:641} INFO - Processing file /home/airflow/.local/lib/python3.7/site-packages/airflow/example_dags/example_branch_operator_decorator.py for tasks to queue
[2022-08-21 13:44:27,725] {logging_mixin.py:115} INFO - [2022-08-21 13:44:27,725] {dagbag.py:508} INFO - Filling up the DagBag from /home/airflow/.local/lib/python3.7/site-packages/airflow/example_dags/example_branch_operator_decorator.py
[2022-08-21 13:44:27,745] {processor.py:651} INFO - DAG(s) dict_keys(['example_branch_python_operator_decorator']) retrieved from /home/airflow/.local/lib/python3.7/site-packages/airflow/example_dags/example_branch_operator_decorator.py
[2022-08-21 13:44:27,772] {logging_mixin.py:115} INFO - [2022-08-21 13:44:27,771] {dag.py:2420} INFO - Sync 1 DAGs
[2022-08-21 13:44:27,803] {logging_mixin.py:115} INFO - [2022-08-21 13:44:27,803] {dag.py:2972} INFO - Setting next_dagrun for example_branch_python_operator_decorator to 2022-08-20T00:00:00+00:00, run_after=2022-08-21T00:00:00+00:00
[2022-08-21 13:44:27,823] {processor.py:161} INFO - Processing /home/airflow/.local/lib/python3.7/site-packages/airflow/example_dags/example_branch_operator_decorator.py took 0.103 seconds
[2022-08-21 13:44:58,613] {processor.py:153} INFO - Started process (PID=3159) to work on /home/airflow/.local/lib/python3.7/site-packages/airflow/example_dags/example_branch_operator_decorator.py
[2022-08-21 13:44:58,614] {processor.py:641} INFO - Processing file /home/airflow/.local/lib/python3.7/site-packages/airflow/example_dags/example_branch_operator_decorator.py for tasks to queue
[2022-08-21 13:44:58,615] {logging_mixin.py:115} INFO - [2022-08-21 13:44:58,615] {dagbag.py:508} INFO - Filling up the DagBag from /home/airflow/.local/lib/python3.7/site-packages/airflow/example_dags/example_branch_operator_decorator.py
[2022-08-21 13:44:58,636] {processor.py:651} INFO - DAG(s) dict_keys(['example_branch_python_operator_decorator']) retrieved from /home/airflow/.local/lib/python3.7/site-packages/airflow/example_dags/example_branch_operator_decorator.py
[2022-08-21 13:44:58,666] {logging_mixin.py:115} INFO - [2022-08-21 13:44:58,665] {dag.py:2420} INFO - Sync 1 DAGs
[2022-08-21 13:44:58,700] {logging_mixin.py:115} INFO - [2022-08-21 13:44:58,700] {dag.py:2972} INFO - Setting next_dagrun for example_branch_python_operator_decorator to 2022-08-20T00:00:00+00:00, run_after=2022-08-21T00:00:00+00:00
[2022-08-21 13:44:58,719] {processor.py:161} INFO - Processing /home/airflow/.local/lib/python3.7/site-packages/airflow/example_dags/example_branch_operator_decorator.py took 0.111 seconds
[2022-08-21 13:45:29,532] {processor.py:153} INFO - Started process (PID=3213) to work on /home/airflow/.local/lib/python3.7/site-packages/airflow/example_dags/example_branch_operator_decorator.py
[2022-08-21 13:45:29,534] {processor.py:641} INFO - Processing file /home/airflow/.local/lib/python3.7/site-packages/airflow/example_dags/example_branch_operator_decorator.py for tasks to queue
[2022-08-21 13:45:29,535] {logging_mixin.py:115} INFO - [2022-08-21 13:45:29,535] {dagbag.py:508} INFO - Filling up the DagBag from /home/airflow/.local/lib/python3.7/site-packages/airflow/example_dags/example_branch_operator_decorator.py
[2022-08-21 13:45:29,556] {processor.py:651} INFO - DAG(s) dict_keys(['example_branch_python_operator_decorator']) retrieved from /home/airflow/.local/lib/python3.7/site-packages/airflow/example_dags/example_branch_operator_decorator.py
[2022-08-21 13:45:29,587] {logging_mixin.py:115} INFO - [2022-08-21 13:45:29,587] {dag.py:2420} INFO - Sync 1 DAGs
[2022-08-21 13:45:29,616] {logging_mixin.py:115} INFO - [2022-08-21 13:45:29,616] {dag.py:2972} INFO - Setting next_dagrun for example_branch_python_operator_decorator to 2022-08-20T00:00:00+00:00, run_after=2022-08-21T00:00:00+00:00
[2022-08-21 13:45:29,631] {processor.py:161} INFO - Processing /home/airflow/.local/lib/python3.7/site-packages/airflow/example_dags/example_branch_operator_decorator.py took 0.102 seconds
[2022-08-21 13:45:59,689] {processor.py:153} INFO - Started process (PID=3274) to work on /home/airflow/.local/lib/python3.7/site-packages/airflow/example_dags/example_branch_operator_decorator.py
[2022-08-21 13:45:59,690] {processor.py:641} INFO - Processing file /home/airflow/.local/lib/python3.7/site-packages/airflow/example_dags/example_branch_operator_decorator.py for tasks to queue
[2022-08-21 13:45:59,690] {logging_mixin.py:115} INFO - [2022-08-21 13:45:59,690] {dagbag.py:508} INFO - Filling up the DagBag from /home/airflow/.local/lib/python3.7/site-packages/airflow/example_dags/example_branch_operator_decorator.py
[2022-08-21 13:45:59,708] {processor.py:651} INFO - DAG(s) dict_keys(['example_branch_python_operator_decorator']) retrieved from /home/airflow/.local/lib/python3.7/site-packages/airflow/example_dags/example_branch_operator_decorator.py
[2022-08-21 13:45:59,732] {logging_mixin.py:115} INFO - [2022-08-21 13:45:59,732] {dag.py:2420} INFO - Sync 1 DAGs
[2022-08-21 13:45:59,756] {logging_mixin.py:115} INFO - [2022-08-21 13:45:59,755] {dag.py:2972} INFO - Setting next_dagrun for example_branch_python_operator_decorator to 2022-08-20T00:00:00+00:00, run_after=2022-08-21T00:00:00+00:00
[2022-08-21 13:45:59,766] {processor.py:161} INFO - Processing /home/airflow/.local/lib/python3.7/site-packages/airflow/example_dags/example_branch_operator_decorator.py took 0.081 seconds
[2022-08-21 13:46:30,671] {processor.py:153} INFO - Started process (PID=3326) to work on /home/airflow/.local/lib/python3.7/site-packages/airflow/example_dags/example_branch_operator_decorator.py
[2022-08-21 13:46:30,672] {processor.py:641} INFO - Processing file /home/airflow/.local/lib/python3.7/site-packages/airflow/example_dags/example_branch_operator_decorator.py for tasks to queue
[2022-08-21 13:46:30,673] {logging_mixin.py:115} INFO - [2022-08-21 13:46:30,673] {dagbag.py:508} INFO - Filling up the DagBag from /home/airflow/.local/lib/python3.7/site-packages/airflow/example_dags/example_branch_operator_decorator.py
[2022-08-21 13:46:30,689] {processor.py:651} INFO - DAG(s) dict_keys(['example_branch_python_operator_decorator']) retrieved from /home/airflow/.local/lib/python3.7/site-packages/airflow/example_dags/example_branch_operator_decorator.py
[2022-08-21 13:46:30,713] {logging_mixin.py:115} INFO - [2022-08-21 13:46:30,713] {dag.py:2420} INFO - Sync 1 DAGs
[2022-08-21 13:46:30,738] {logging_mixin.py:115} INFO - [2022-08-21 13:46:30,738] {dag.py:2972} INFO - Setting next_dagrun for example_branch_python_operator_decorator to 2022-08-20T00:00:00+00:00, run_after=2022-08-21T00:00:00+00:00
[2022-08-21 13:46:30,753] {processor.py:161} INFO - Processing /home/airflow/.local/lib/python3.7/site-packages/airflow/example_dags/example_branch_operator_decorator.py took 0.084 seconds
[2022-08-21 13:47:00,966] {processor.py:153} INFO - Started process (PID=3389) to work on /home/airflow/.local/lib/python3.7/site-packages/airflow/example_dags/example_branch_operator_decorator.py
[2022-08-21 13:47:00,967] {processor.py:641} INFO - Processing file /home/airflow/.local/lib/python3.7/site-packages/airflow/example_dags/example_branch_operator_decorator.py for tasks to queue
[2022-08-21 13:47:00,969] {logging_mixin.py:115} INFO - [2022-08-21 13:47:00,969] {dagbag.py:508} INFO - Filling up the DagBag from /home/airflow/.local/lib/python3.7/site-packages/airflow/example_dags/example_branch_operator_decorator.py
[2022-08-21 13:47:00,985] {processor.py:651} INFO - DAG(s) dict_keys(['example_branch_python_operator_decorator']) retrieved from /home/airflow/.local/lib/python3.7/site-packages/airflow/example_dags/example_branch_operator_decorator.py
[2022-08-21 13:47:01,012] {logging_mixin.py:115} INFO - [2022-08-21 13:47:01,012] {dag.py:2420} INFO - Sync 1 DAGs
[2022-08-21 13:47:01,035] {logging_mixin.py:115} INFO - [2022-08-21 13:47:01,035] {dag.py:2972} INFO - Setting next_dagrun for example_branch_python_operator_decorator to 2022-08-20T00:00:00+00:00, run_after=2022-08-21T00:00:00+00:00
[2022-08-21 13:47:01,056] {processor.py:161} INFO - Processing /home/airflow/.local/lib/python3.7/site-packages/airflow/example_dags/example_branch_operator_decorator.py took 0.092 seconds
[2022-08-21 13:47:31,744] {processor.py:153} INFO - Started process (PID=3451) to work on /home/airflow/.local/lib/python3.7/site-packages/airflow/example_dags/example_branch_operator_decorator.py
[2022-08-21 13:47:31,745] {processor.py:641} INFO - Processing file /home/airflow/.local/lib/python3.7/site-packages/airflow/example_dags/example_branch_operator_decorator.py for tasks to queue
[2022-08-21 13:47:31,746] {logging_mixin.py:115} INFO - [2022-08-21 13:47:31,746] {dagbag.py:508} INFO - Filling up the DagBag from /home/airflow/.local/lib/python3.7/site-packages/airflow/example_dags/example_branch_operator_decorator.py
[2022-08-21 13:47:31,761] {processor.py:651} INFO - DAG(s) dict_keys(['example_branch_python_operator_decorator']) retrieved from /home/airflow/.local/lib/python3.7/site-packages/airflow/example_dags/example_branch_operator_decorator.py
[2022-08-21 13:47:31,786] {logging_mixin.py:115} INFO - [2022-08-21 13:47:31,786] {dag.py:2420} INFO - Sync 1 DAGs
[2022-08-21 13:47:31,809] {logging_mixin.py:115} INFO - [2022-08-21 13:47:31,809] {dag.py:2972} INFO - Setting next_dagrun for example_branch_python_operator_decorator to 2022-08-20T00:00:00+00:00, run_after=2022-08-21T00:00:00+00:00
[2022-08-21 13:47:31,824] {processor.py:161} INFO - Processing /home/airflow/.local/lib/python3.7/site-packages/airflow/example_dags/example_branch_operator_decorator.py took 0.083 seconds
[2022-08-21 13:48:02,558] {processor.py:153} INFO - Started process (PID=3503) to work on /home/airflow/.local/lib/python3.7/site-packages/airflow/example_dags/example_branch_operator_decorator.py
[2022-08-21 13:48:02,558] {processor.py:641} INFO - Processing file /home/airflow/.local/lib/python3.7/site-packages/airflow/example_dags/example_branch_operator_decorator.py for tasks to queue
[2022-08-21 13:48:02,559] {logging_mixin.py:115} INFO - [2022-08-21 13:48:02,559] {dagbag.py:508} INFO - Filling up the DagBag from /home/airflow/.local/lib/python3.7/site-packages/airflow/example_dags/example_branch_operator_decorator.py
[2022-08-21 13:48:02,581] {processor.py:651} INFO - DAG(s) dict_keys(['example_branch_python_operator_decorator']) retrieved from /home/airflow/.local/lib/python3.7/site-packages/airflow/example_dags/example_branch_operator_decorator.py
[2022-08-21 13:48:02,608] {logging_mixin.py:115} INFO - [2022-08-21 13:48:02,608] {dag.py:2420} INFO - Sync 1 DAGs
[2022-08-21 13:48:02,632] {logging_mixin.py:115} INFO - [2022-08-21 13:48:02,631] {dag.py:2972} INFO - Setting next_dagrun for example_branch_python_operator_decorator to 2022-08-20T00:00:00+00:00, run_after=2022-08-21T00:00:00+00:00
[2022-08-21 13:48:02,647] {processor.py:161} INFO - Processing /home/airflow/.local/lib/python3.7/site-packages/airflow/example_dags/example_branch_operator_decorator.py took 0.092 seconds
[2022-08-21 13:48:33,492] {processor.py:153} INFO - Started process (PID=3565) to work on /home/airflow/.local/lib/python3.7/site-packages/airflow/example_dags/example_branch_operator_decorator.py
[2022-08-21 13:48:33,492] {processor.py:641} INFO - Processing file /home/airflow/.local/lib/python3.7/site-packages/airflow/example_dags/example_branch_operator_decorator.py for tasks to queue
[2022-08-21 13:48:33,493] {logging_mixin.py:115} INFO - [2022-08-21 13:48:33,493] {dagbag.py:508} INFO - Filling up the DagBag from /home/airflow/.local/lib/python3.7/site-packages/airflow/example_dags/example_branch_operator_decorator.py
[2022-08-21 13:48:33,511] {processor.py:651} INFO - DAG(s) dict_keys(['example_branch_python_operator_decorator']) retrieved from /home/airflow/.local/lib/python3.7/site-packages/airflow/example_dags/example_branch_operator_decorator.py
[2022-08-21 13:48:33,536] {logging_mixin.py:115} INFO - [2022-08-21 13:48:33,535] {dag.py:2420} INFO - Sync 1 DAGs
[2022-08-21 13:48:33,559] {logging_mixin.py:115} INFO - [2022-08-21 13:48:33,559] {dag.py:2972} INFO - Setting next_dagrun for example_branch_python_operator_decorator to 2022-08-20T00:00:00+00:00, run_after=2022-08-21T00:00:00+00:00
[2022-08-21 13:48:33,574] {processor.py:161} INFO - Processing /home/airflow/.local/lib/python3.7/site-packages/airflow/example_dags/example_branch_operator_decorator.py took 0.086 seconds
[2022-08-21 13:49:04,108] {processor.py:153} INFO - Started process (PID=3627) to work on /home/airflow/.local/lib/python3.7/site-packages/airflow/example_dags/example_branch_operator_decorator.py
[2022-08-21 13:49:04,109] {processor.py:641} INFO - Processing file /home/airflow/.local/lib/python3.7/site-packages/airflow/example_dags/example_branch_operator_decorator.py for tasks to queue
[2022-08-21 13:49:04,110] {logging_mixin.py:115} INFO - [2022-08-21 13:49:04,110] {dagbag.py:508} INFO - Filling up the DagBag from /home/airflow/.local/lib/python3.7/site-packages/airflow/example_dags/example_branch_operator_decorator.py
[2022-08-21 13:49:04,127] {processor.py:651} INFO - DAG(s) dict_keys(['example_branch_python_operator_decorator']) retrieved from /home/airflow/.local/lib/python3.7/site-packages/airflow/example_dags/example_branch_operator_decorator.py
[2022-08-21 13:49:04,151] {logging_mixin.py:115} INFO - [2022-08-21 13:49:04,150] {dag.py:2420} INFO - Sync 1 DAGs
[2022-08-21 13:49:04,173] {logging_mixin.py:115} INFO - [2022-08-21 13:49:04,173] {dag.py:2972} INFO - Setting next_dagrun for example_branch_python_operator_decorator to 2022-08-20T00:00:00+00:00, run_after=2022-08-21T00:00:00+00:00
[2022-08-21 13:49:04,189] {processor.py:161} INFO - Processing /home/airflow/.local/lib/python3.7/site-packages/airflow/example_dags/example_branch_operator_decorator.py took 0.083 seconds
[2022-08-21 13:49:35,101] {processor.py:153} INFO - Started process (PID=3679) to work on /home/airflow/.local/lib/python3.7/site-packages/airflow/example_dags/example_branch_operator_decorator.py
[2022-08-21 13:49:35,102] {processor.py:641} INFO - Processing file /home/airflow/.local/lib/python3.7/site-packages/airflow/example_dags/example_branch_operator_decorator.py for tasks to queue
[2022-08-21 13:49:35,102] {logging_mixin.py:115} INFO - [2022-08-21 13:49:35,102] {dagbag.py:508} INFO - Filling up the DagBag from /home/airflow/.local/lib/python3.7/site-packages/airflow/example_dags/example_branch_operator_decorator.py
[2022-08-21 13:49:35,118] {processor.py:651} INFO - DAG(s) dict_keys(['example_branch_python_operator_decorator']) retrieved from /home/airflow/.local/lib/python3.7/site-packages/airflow/example_dags/example_branch_operator_decorator.py
[2022-08-21 13:49:35,142] {logging_mixin.py:115} INFO - [2022-08-21 13:49:35,142] {dag.py:2420} INFO - Sync 1 DAGs
[2022-08-21 13:49:35,166] {logging_mixin.py:115} INFO - [2022-08-21 13:49:35,166] {dag.py:2972} INFO - Setting next_dagrun for example_branch_python_operator_decorator to 2022-08-20T00:00:00+00:00, run_after=2022-08-21T00:00:00+00:00
[2022-08-21 13:49:35,182] {processor.py:161} INFO - Processing /home/airflow/.local/lib/python3.7/site-packages/airflow/example_dags/example_branch_operator_decorator.py took 0.084 seconds
[2022-08-21 13:50:06,112] {processor.py:153} INFO - Started process (PID=3740) to work on /home/airflow/.local/lib/python3.7/site-packages/airflow/example_dags/example_branch_operator_decorator.py
[2022-08-21 13:50:06,113] {processor.py:641} INFO - Processing file /home/airflow/.local/lib/python3.7/site-packages/airflow/example_dags/example_branch_operator_decorator.py for tasks to queue
[2022-08-21 13:50:06,114] {logging_mixin.py:115} INFO - [2022-08-21 13:50:06,114] {dagbag.py:508} INFO - Filling up the DagBag from /home/airflow/.local/lib/python3.7/site-packages/airflow/example_dags/example_branch_operator_decorator.py
[2022-08-21 13:50:06,131] {processor.py:651} INFO - DAG(s) dict_keys(['example_branch_python_operator_decorator']) retrieved from /home/airflow/.local/lib/python3.7/site-packages/airflow/example_dags/example_branch_operator_decorator.py
[2022-08-21 13:50:06,154] {logging_mixin.py:115} INFO - [2022-08-21 13:50:06,153] {dag.py:2420} INFO - Sync 1 DAGs
[2022-08-21 13:50:06,177] {logging_mixin.py:115} INFO - [2022-08-21 13:50:06,176] {dag.py:2972} INFO - Setting next_dagrun for example_branch_python_operator_decorator to 2022-08-20T00:00:00+00:00, run_after=2022-08-21T00:00:00+00:00
[2022-08-21 13:50:06,190] {processor.py:161} INFO - Processing /home/airflow/.local/lib/python3.7/site-packages/airflow/example_dags/example_branch_operator_decorator.py took 0.081 seconds
[2022-08-21 13:50:36,288] {processor.py:153} INFO - Started process (PID=3802) to work on /home/airflow/.local/lib/python3.7/site-packages/airflow/example_dags/example_branch_operator_decorator.py
[2022-08-21 13:50:36,288] {processor.py:641} INFO - Processing file /home/airflow/.local/lib/python3.7/site-packages/airflow/example_dags/example_branch_operator_decorator.py for tasks to queue
[2022-08-21 13:50:36,289] {logging_mixin.py:115} INFO - [2022-08-21 13:50:36,289] {dagbag.py:508} INFO - Filling up the DagBag from /home/airflow/.local/lib/python3.7/site-packages/airflow/example_dags/example_branch_operator_decorator.py
[2022-08-21 13:50:36,312] {processor.py:651} INFO - DAG(s) dict_keys(['example_branch_python_operator_decorator']) retrieved from /home/airflow/.local/lib/python3.7/site-packages/airflow/example_dags/example_branch_operator_decorator.py
[2022-08-21 13:50:36,340] {logging_mixin.py:115} INFO - [2022-08-21 13:50:36,340] {dag.py:2420} INFO - Sync 1 DAGs
[2022-08-21 13:50:36,368] {logging_mixin.py:115} INFO - [2022-08-21 13:50:36,368] {dag.py:2972} INFO - Setting next_dagrun for example_branch_python_operator_decorator to 2022-08-20T00:00:00+00:00, run_after=2022-08-21T00:00:00+00:00
[2022-08-21 13:50:36,381] {processor.py:161} INFO - Processing /home/airflow/.local/lib/python3.7/site-packages/airflow/example_dags/example_branch_operator_decorator.py took 0.096 seconds
[2022-08-21 13:51:06,511] {processor.py:153} INFO - Started process (PID=3854) to work on /home/airflow/.local/lib/python3.7/site-packages/airflow/example_dags/example_branch_operator_decorator.py
[2022-08-21 13:51:06,512] {processor.py:641} INFO - Processing file /home/airflow/.local/lib/python3.7/site-packages/airflow/example_dags/example_branch_operator_decorator.py for tasks to queue
[2022-08-21 13:51:06,513] {logging_mixin.py:115} INFO - [2022-08-21 13:51:06,513] {dagbag.py:508} INFO - Filling up the DagBag from /home/airflow/.local/lib/python3.7/site-packages/airflow/example_dags/example_branch_operator_decorator.py
[2022-08-21 13:51:06,531] {processor.py:651} INFO - DAG(s) dict_keys(['example_branch_python_operator_decorator']) retrieved from /home/airflow/.local/lib/python3.7/site-packages/airflow/example_dags/example_branch_operator_decorator.py
[2022-08-21 13:51:06,565] {logging_mixin.py:115} INFO - [2022-08-21 13:51:06,565] {dag.py:2420} INFO - Sync 1 DAGs
[2022-08-21 13:51:06,597] {logging_mixin.py:115} INFO - [2022-08-21 13:51:06,596] {dag.py:2972} INFO - Setting next_dagrun for example_branch_python_operator_decorator to 2022-08-20T00:00:00+00:00, run_after=2022-08-21T00:00:00+00:00
[2022-08-21 13:51:06,615] {processor.py:161} INFO - Processing /home/airflow/.local/lib/python3.7/site-packages/airflow/example_dags/example_branch_operator_decorator.py took 0.107 seconds
[2022-08-21 13:51:36,672] {processor.py:153} INFO - Started process (PID=3915) to work on /home/airflow/.local/lib/python3.7/site-packages/airflow/example_dags/example_branch_operator_decorator.py
[2022-08-21 13:51:36,673] {processor.py:641} INFO - Processing file /home/airflow/.local/lib/python3.7/site-packages/airflow/example_dags/example_branch_operator_decorator.py for tasks to queue
[2022-08-21 13:51:36,674] {logging_mixin.py:115} INFO - [2022-08-21 13:51:36,673] {dagbag.py:508} INFO - Filling up the DagBag from /home/airflow/.local/lib/python3.7/site-packages/airflow/example_dags/example_branch_operator_decorator.py
[2022-08-21 13:51:36,690] {processor.py:651} INFO - DAG(s) dict_keys(['example_branch_python_operator_decorator']) retrieved from /home/airflow/.local/lib/python3.7/site-packages/airflow/example_dags/example_branch_operator_decorator.py
[2022-08-21 13:51:36,716] {logging_mixin.py:115} INFO - [2022-08-21 13:51:36,716] {dag.py:2420} INFO - Sync 1 DAGs
[2022-08-21 13:51:36,738] {logging_mixin.py:115} INFO - [2022-08-21 13:51:36,738] {dag.py:2972} INFO - Setting next_dagrun for example_branch_python_operator_decorator to 2022-08-20T00:00:00+00:00, run_after=2022-08-21T00:00:00+00:00
[2022-08-21 13:51:36,750] {processor.py:161} INFO - Processing /home/airflow/.local/lib/python3.7/site-packages/airflow/example_dags/example_branch_operator_decorator.py took 0.082 seconds
[2022-08-21 13:52:06,860] {processor.py:153} INFO - Started process (PID=3976) to work on /home/airflow/.local/lib/python3.7/site-packages/airflow/example_dags/example_branch_operator_decorator.py
[2022-08-21 13:52:06,861] {processor.py:641} INFO - Processing file /home/airflow/.local/lib/python3.7/site-packages/airflow/example_dags/example_branch_operator_decorator.py for tasks to queue
[2022-08-21 13:52:06,862] {logging_mixin.py:115} INFO - [2022-08-21 13:52:06,861] {dagbag.py:508} INFO - Filling up the DagBag from /home/airflow/.local/lib/python3.7/site-packages/airflow/example_dags/example_branch_operator_decorator.py
[2022-08-21 13:52:06,884] {processor.py:651} INFO - DAG(s) dict_keys(['example_branch_python_operator_decorator']) retrieved from /home/airflow/.local/lib/python3.7/site-packages/airflow/example_dags/example_branch_operator_decorator.py
[2022-08-21 13:52:06,974] {logging_mixin.py:115} INFO - [2022-08-21 13:52:06,974] {dag.py:2420} INFO - Sync 1 DAGs
[2022-08-21 13:52:07,008] {logging_mixin.py:115} INFO - [2022-08-21 13:52:07,007] {dag.py:2972} INFO - Setting next_dagrun for example_branch_python_operator_decorator to 2022-08-20T00:00:00+00:00, run_after=2022-08-21T00:00:00+00:00
[2022-08-21 13:52:07,026] {processor.py:161} INFO - Processing /home/airflow/.local/lib/python3.7/site-packages/airflow/example_dags/example_branch_operator_decorator.py took 0.171 seconds
[2022-08-21 13:52:37,135] {processor.py:153} INFO - Started process (PID=4028) to work on /home/airflow/.local/lib/python3.7/site-packages/airflow/example_dags/example_branch_operator_decorator.py
[2022-08-21 13:52:37,135] {processor.py:641} INFO - Processing file /home/airflow/.local/lib/python3.7/site-packages/airflow/example_dags/example_branch_operator_decorator.py for tasks to queue
[2022-08-21 13:52:37,136] {logging_mixin.py:115} INFO - [2022-08-21 13:52:37,136] {dagbag.py:508} INFO - Filling up the DagBag from /home/airflow/.local/lib/python3.7/site-packages/airflow/example_dags/example_branch_operator_decorator.py
[2022-08-21 13:52:37,151] {processor.py:651} INFO - DAG(s) dict_keys(['example_branch_python_operator_decorator']) retrieved from /home/airflow/.local/lib/python3.7/site-packages/airflow/example_dags/example_branch_operator_decorator.py
[2022-08-21 13:52:37,175] {logging_mixin.py:115} INFO - [2022-08-21 13:52:37,175] {dag.py:2420} INFO - Sync 1 DAGs
[2022-08-21 13:52:37,199] {logging_mixin.py:115} INFO - [2022-08-21 13:52:37,199] {dag.py:2972} INFO - Setting next_dagrun for example_branch_python_operator_decorator to 2022-08-20T00:00:00+00:00, run_after=2022-08-21T00:00:00+00:00
[2022-08-21 13:52:37,217] {processor.py:161} INFO - Processing /home/airflow/.local/lib/python3.7/site-packages/airflow/example_dags/example_branch_operator_decorator.py took 0.085 seconds
[2022-08-21 13:53:07,698] {processor.py:153} INFO - Started process (PID=4089) to work on /home/airflow/.local/lib/python3.7/site-packages/airflow/example_dags/example_branch_operator_decorator.py
[2022-08-21 13:53:07,699] {processor.py:641} INFO - Processing file /home/airflow/.local/lib/python3.7/site-packages/airflow/example_dags/example_branch_operator_decorator.py for tasks to queue
[2022-08-21 13:53:07,700] {logging_mixin.py:115} INFO - [2022-08-21 13:53:07,700] {dagbag.py:508} INFO - Filling up the DagBag from /home/airflow/.local/lib/python3.7/site-packages/airflow/example_dags/example_branch_operator_decorator.py
[2022-08-21 13:53:07,717] {processor.py:651} INFO - DAG(s) dict_keys(['example_branch_python_operator_decorator']) retrieved from /home/airflow/.local/lib/python3.7/site-packages/airflow/example_dags/example_branch_operator_decorator.py
[2022-08-21 13:53:07,743] {logging_mixin.py:115} INFO - [2022-08-21 13:53:07,743] {dag.py:2420} INFO - Sync 1 DAGs
[2022-08-21 13:53:07,769] {logging_mixin.py:115} INFO - [2022-08-21 13:53:07,769] {dag.py:2972} INFO - Setting next_dagrun for example_branch_python_operator_decorator to 2022-08-20T00:00:00+00:00, run_after=2022-08-21T00:00:00+00:00
[2022-08-21 13:53:07,785] {processor.py:161} INFO - Processing /home/airflow/.local/lib/python3.7/site-packages/airflow/example_dags/example_branch_operator_decorator.py took 0.091 seconds
[2022-08-21 13:53:38,791] {processor.py:153} INFO - Started process (PID=4150) to work on /home/airflow/.local/lib/python3.7/site-packages/airflow/example_dags/example_branch_operator_decorator.py
[2022-08-21 13:53:38,792] {processor.py:641} INFO - Processing file /home/airflow/.local/lib/python3.7/site-packages/airflow/example_dags/example_branch_operator_decorator.py for tasks to queue
[2022-08-21 13:53:38,793] {logging_mixin.py:115} INFO - [2022-08-21 13:53:38,793] {dagbag.py:508} INFO - Filling up the DagBag from /home/airflow/.local/lib/python3.7/site-packages/airflow/example_dags/example_branch_operator_decorator.py
[2022-08-21 13:53:38,815] {processor.py:651} INFO - DAG(s) dict_keys(['example_branch_python_operator_decorator']) retrieved from /home/airflow/.local/lib/python3.7/site-packages/airflow/example_dags/example_branch_operator_decorator.py
[2022-08-21 13:53:38,842] {logging_mixin.py:115} INFO - [2022-08-21 13:53:38,842] {dag.py:2420} INFO - Sync 1 DAGs
[2022-08-21 13:53:38,873] {logging_mixin.py:115} INFO - [2022-08-21 13:53:38,873] {dag.py:2972} INFO - Setting next_dagrun for example_branch_python_operator_decorator to 2022-08-20T00:00:00+00:00, run_after=2022-08-21T00:00:00+00:00
[2022-08-21 13:53:38,892] {processor.py:161} INFO - Processing /home/airflow/.local/lib/python3.7/site-packages/airflow/example_dags/example_branch_operator_decorator.py took 0.103 seconds
