[2022-08-21 13:17:59,638] {processor.py:153} INFO - Started process (PID=70) to work on /home/airflow/.local/lib/python3.7/site-packages/airflow/example_dags/example_task_group_decorator.py
[2022-08-21 13:17:59,641] {processor.py:641} INFO - Processing file /home/airflow/.local/lib/python3.7/site-packages/airflow/example_dags/example_task_group_decorator.py for tasks to queue
[2022-08-21 13:17:59,642] {logging_mixin.py:115} INFO - [2022-08-21 13:17:59,642] {dagbag.py:508} INFO - Filling up the DagBag from /home/airflow/.local/lib/python3.7/site-packages/airflow/example_dags/example_task_group_decorator.py
[2022-08-21 13:17:59,708] {processor.py:651} INFO - DAG(s) dict_keys(['example_task_group_decorator']) retrieved from /home/airflow/.local/lib/python3.7/site-packages/airflow/example_dags/example_task_group_decorator.py
[2022-08-21 13:17:59,828] {logging_mixin.py:115} INFO - [2022-08-21 13:17:59,828] {dag.py:2420} INFO - Sync 1 DAGs
[2022-08-21 13:17:59,861] {logging_mixin.py:115} INFO - [2022-08-21 13:17:59,861] {dag.py:2972} INFO - Setting next_dagrun for example_task_group_decorator to 2022-08-20T13:17:59.861233+00:00, run_after=2022-08-21T13:17:59.861233+00:00
[2022-08-21 13:17:59,886] {processor.py:161} INFO - Processing /home/airflow/.local/lib/python3.7/site-packages/airflow/example_dags/example_task_group_decorator.py took 0.256 seconds
[2022-08-21 13:18:29,960] {processor.py:153} INFO - Started process (PID=123) to work on /home/airflow/.local/lib/python3.7/site-packages/airflow/example_dags/example_task_group_decorator.py
[2022-08-21 13:18:29,961] {processor.py:641} INFO - Processing file /home/airflow/.local/lib/python3.7/site-packages/airflow/example_dags/example_task_group_decorator.py for tasks to queue
[2022-08-21 13:18:29,962] {logging_mixin.py:115} INFO - [2022-08-21 13:18:29,962] {dagbag.py:508} INFO - Filling up the DagBag from /home/airflow/.local/lib/python3.7/site-packages/airflow/example_dags/example_task_group_decorator.py
[2022-08-21 13:18:29,994] {processor.py:651} INFO - DAG(s) dict_keys(['example_task_group_decorator']) retrieved from /home/airflow/.local/lib/python3.7/site-packages/airflow/example_dags/example_task_group_decorator.py
[2022-08-21 13:18:30,131] {logging_mixin.py:115} INFO - [2022-08-21 13:18:30,131] {dag.py:2420} INFO - Sync 1 DAGs
[2022-08-21 13:18:30,160] {logging_mixin.py:115} INFO - [2022-08-21 13:18:30,160] {dag.py:2972} INFO - Setting next_dagrun for example_task_group_decorator to 2022-08-20T13:18:30.160203+00:00, run_after=2022-08-21T13:18:30.160203+00:00
[2022-08-21 13:18:30,183] {processor.py:161} INFO - Processing /home/airflow/.local/lib/python3.7/site-packages/airflow/example_dags/example_task_group_decorator.py took 0.226 seconds
[2022-08-21 13:19:00,208] {processor.py:153} INFO - Started process (PID=186) to work on /home/airflow/.local/lib/python3.7/site-packages/airflow/example_dags/example_task_group_decorator.py
[2022-08-21 13:19:00,208] {processor.py:641} INFO - Processing file /home/airflow/.local/lib/python3.7/site-packages/airflow/example_dags/example_task_group_decorator.py for tasks to queue
[2022-08-21 13:19:00,209] {logging_mixin.py:115} INFO - [2022-08-21 13:19:00,209] {dagbag.py:508} INFO - Filling up the DagBag from /home/airflow/.local/lib/python3.7/site-packages/airflow/example_dags/example_task_group_decorator.py
[2022-08-21 13:19:00,237] {processor.py:651} INFO - DAG(s) dict_keys(['example_task_group_decorator']) retrieved from /home/airflow/.local/lib/python3.7/site-packages/airflow/example_dags/example_task_group_decorator.py
[2022-08-21 13:19:00,424] {logging_mixin.py:115} INFO - [2022-08-21 13:19:00,424] {dag.py:2420} INFO - Sync 1 DAGs
[2022-08-21 13:19:00,447] {logging_mixin.py:115} INFO - [2022-08-21 13:19:00,447] {dag.py:2972} INFO - Setting next_dagrun for example_task_group_decorator to 2022-08-20T13:19:00.446926+00:00, run_after=2022-08-21T13:19:00.446926+00:00
[2022-08-21 13:19:00,466] {processor.py:161} INFO - Processing /home/airflow/.local/lib/python3.7/site-packages/airflow/example_dags/example_task_group_decorator.py took 0.262 seconds
[2022-08-21 13:19:31,064] {processor.py:153} INFO - Started process (PID=248) to work on /home/airflow/.local/lib/python3.7/site-packages/airflow/example_dags/example_task_group_decorator.py
[2022-08-21 13:19:31,066] {processor.py:641} INFO - Processing file /home/airflow/.local/lib/python3.7/site-packages/airflow/example_dags/example_task_group_decorator.py for tasks to queue
[2022-08-21 13:19:31,066] {logging_mixin.py:115} INFO - [2022-08-21 13:19:31,066] {dagbag.py:508} INFO - Filling up the DagBag from /home/airflow/.local/lib/python3.7/site-packages/airflow/example_dags/example_task_group_decorator.py
[2022-08-21 13:19:31,101] {processor.py:651} INFO - DAG(s) dict_keys(['example_task_group_decorator']) retrieved from /home/airflow/.local/lib/python3.7/site-packages/airflow/example_dags/example_task_group_decorator.py
[2022-08-21 13:19:31,186] {logging_mixin.py:115} INFO - [2022-08-21 13:19:31,186] {dag.py:2420} INFO - Sync 1 DAGs
[2022-08-21 13:19:31,212] {logging_mixin.py:115} INFO - [2022-08-21 13:19:31,212] {dag.py:2972} INFO - Setting next_dagrun for example_task_group_decorator to 2022-08-20T13:19:31.212387+00:00, run_after=2022-08-21T13:19:31.212387+00:00
[2022-08-21 13:19:31,229] {processor.py:161} INFO - Processing /home/airflow/.local/lib/python3.7/site-packages/airflow/example_dags/example_task_group_decorator.py took 0.168 seconds
[2022-08-21 13:20:01,614] {processor.py:153} INFO - Started process (PID=300) to work on /home/airflow/.local/lib/python3.7/site-packages/airflow/example_dags/example_task_group_decorator.py
[2022-08-21 13:20:01,615] {processor.py:641} INFO - Processing file /home/airflow/.local/lib/python3.7/site-packages/airflow/example_dags/example_task_group_decorator.py for tasks to queue
[2022-08-21 13:20:01,616] {logging_mixin.py:115} INFO - [2022-08-21 13:20:01,615] {dagbag.py:508} INFO - Filling up the DagBag from /home/airflow/.local/lib/python3.7/site-packages/airflow/example_dags/example_task_group_decorator.py
[2022-08-21 13:20:01,637] {processor.py:651} INFO - DAG(s) dict_keys(['example_task_group_decorator']) retrieved from /home/airflow/.local/lib/python3.7/site-packages/airflow/example_dags/example_task_group_decorator.py
[2022-08-21 13:20:01,711] {logging_mixin.py:115} INFO - [2022-08-21 13:20:01,711] {dag.py:2420} INFO - Sync 1 DAGs
[2022-08-21 13:20:01,736] {logging_mixin.py:115} INFO - [2022-08-21 13:20:01,736] {dag.py:2972} INFO - Setting next_dagrun for example_task_group_decorator to 2022-08-20T13:20:01.736196+00:00, run_after=2022-08-21T13:20:01.736196+00:00
[2022-08-21 13:20:01,760] {processor.py:161} INFO - Processing /home/airflow/.local/lib/python3.7/site-packages/airflow/example_dags/example_task_group_decorator.py took 0.149 seconds
[2022-08-21 13:20:31,789] {processor.py:153} INFO - Started process (PID=362) to work on /home/airflow/.local/lib/python3.7/site-packages/airflow/example_dags/example_task_group_decorator.py
[2022-08-21 13:20:31,790] {processor.py:641} INFO - Processing file /home/airflow/.local/lib/python3.7/site-packages/airflow/example_dags/example_task_group_decorator.py for tasks to queue
[2022-08-21 13:20:31,791] {logging_mixin.py:115} INFO - [2022-08-21 13:20:31,791] {dagbag.py:508} INFO - Filling up the DagBag from /home/airflow/.local/lib/python3.7/site-packages/airflow/example_dags/example_task_group_decorator.py
[2022-08-21 13:20:31,824] {processor.py:651} INFO - DAG(s) dict_keys(['example_task_group_decorator']) retrieved from /home/airflow/.local/lib/python3.7/site-packages/airflow/example_dags/example_task_group_decorator.py
[2022-08-21 13:20:31,897] {logging_mixin.py:115} INFO - [2022-08-21 13:20:31,897] {dag.py:2420} INFO - Sync 1 DAGs
[2022-08-21 13:20:31,916] {logging_mixin.py:115} INFO - [2022-08-21 13:20:31,916] {dag.py:2972} INFO - Setting next_dagrun for example_task_group_decorator to 2022-08-20T13:20:31.916501+00:00, run_after=2022-08-21T13:20:31.916501+00:00
[2022-08-21 13:20:31,932] {processor.py:161} INFO - Processing /home/airflow/.local/lib/python3.7/site-packages/airflow/example_dags/example_task_group_decorator.py took 0.146 seconds
[2022-08-21 13:21:02,015] {processor.py:153} INFO - Started process (PID=423) to work on /home/airflow/.local/lib/python3.7/site-packages/airflow/example_dags/example_task_group_decorator.py
[2022-08-21 13:21:02,015] {processor.py:641} INFO - Processing file /home/airflow/.local/lib/python3.7/site-packages/airflow/example_dags/example_task_group_decorator.py for tasks to queue
[2022-08-21 13:21:02,016] {logging_mixin.py:115} INFO - [2022-08-21 13:21:02,016] {dagbag.py:508} INFO - Filling up the DagBag from /home/airflow/.local/lib/python3.7/site-packages/airflow/example_dags/example_task_group_decorator.py
[2022-08-21 13:21:02,040] {processor.py:651} INFO - DAG(s) dict_keys(['example_task_group_decorator']) retrieved from /home/airflow/.local/lib/python3.7/site-packages/airflow/example_dags/example_task_group_decorator.py
[2022-08-21 13:21:02,065] {logging_mixin.py:115} INFO - [2022-08-21 13:21:02,064] {dag.py:2420} INFO - Sync 1 DAGs
[2022-08-21 13:21:02,085] {logging_mixin.py:115} INFO - [2022-08-21 13:21:02,085] {dag.py:2972} INFO - Setting next_dagrun for example_task_group_decorator to 2022-08-20T13:21:02.085312+00:00, run_after=2022-08-21T13:21:02.085312+00:00
[2022-08-21 13:21:02,098] {processor.py:161} INFO - Processing /home/airflow/.local/lib/python3.7/site-packages/airflow/example_dags/example_task_group_decorator.py took 0.087 seconds
[2022-08-21 13:21:32,292] {processor.py:153} INFO - Started process (PID=476) to work on /home/airflow/.local/lib/python3.7/site-packages/airflow/example_dags/example_task_group_decorator.py
[2022-08-21 13:21:32,293] {processor.py:641} INFO - Processing file /home/airflow/.local/lib/python3.7/site-packages/airflow/example_dags/example_task_group_decorator.py for tasks to queue
[2022-08-21 13:21:32,293] {logging_mixin.py:115} INFO - [2022-08-21 13:21:32,293] {dagbag.py:508} INFO - Filling up the DagBag from /home/airflow/.local/lib/python3.7/site-packages/airflow/example_dags/example_task_group_decorator.py
[2022-08-21 13:21:32,318] {processor.py:651} INFO - DAG(s) dict_keys(['example_task_group_decorator']) retrieved from /home/airflow/.local/lib/python3.7/site-packages/airflow/example_dags/example_task_group_decorator.py
[2022-08-21 13:21:32,343] {logging_mixin.py:115} INFO - [2022-08-21 13:21:32,343] {dag.py:2420} INFO - Sync 1 DAGs
[2022-08-21 13:21:32,362] {logging_mixin.py:115} INFO - [2022-08-21 13:21:32,362] {dag.py:2972} INFO - Setting next_dagrun for example_task_group_decorator to 2022-08-20T13:21:32.361936+00:00, run_after=2022-08-21T13:21:32.361936+00:00
[2022-08-21 13:21:32,383] {processor.py:161} INFO - Processing /home/airflow/.local/lib/python3.7/site-packages/airflow/example_dags/example_task_group_decorator.py took 0.094 seconds
[2022-08-21 13:22:02,636] {processor.py:153} INFO - Started process (PID=537) to work on /home/airflow/.local/lib/python3.7/site-packages/airflow/example_dags/example_task_group_decorator.py
[2022-08-21 13:22:02,636] {processor.py:641} INFO - Processing file /home/airflow/.local/lib/python3.7/site-packages/airflow/example_dags/example_task_group_decorator.py for tasks to queue
[2022-08-21 13:22:02,637] {logging_mixin.py:115} INFO - [2022-08-21 13:22:02,637] {dagbag.py:508} INFO - Filling up the DagBag from /home/airflow/.local/lib/python3.7/site-packages/airflow/example_dags/example_task_group_decorator.py
[2022-08-21 13:22:02,661] {processor.py:651} INFO - DAG(s) dict_keys(['example_task_group_decorator']) retrieved from /home/airflow/.local/lib/python3.7/site-packages/airflow/example_dags/example_task_group_decorator.py
[2022-08-21 13:22:02,721] {logging_mixin.py:115} INFO - [2022-08-21 13:22:02,720] {dag.py:2420} INFO - Sync 1 DAGs
[2022-08-21 13:22:02,739] {logging_mixin.py:115} INFO - [2022-08-21 13:22:02,739] {dag.py:2972} INFO - Setting next_dagrun for example_task_group_decorator to 2022-08-20T13:22:02.739334+00:00, run_after=2022-08-21T13:22:02.739334+00:00
[2022-08-21 13:22:02,753] {processor.py:161} INFO - Processing /home/airflow/.local/lib/python3.7/site-packages/airflow/example_dags/example_task_group_decorator.py took 0.121 seconds
[2022-08-21 13:22:32,931] {processor.py:153} INFO - Started process (PID=599) to work on /home/airflow/.local/lib/python3.7/site-packages/airflow/example_dags/example_task_group_decorator.py
[2022-08-21 13:22:32,932] {processor.py:641} INFO - Processing file /home/airflow/.local/lib/python3.7/site-packages/airflow/example_dags/example_task_group_decorator.py for tasks to queue
[2022-08-21 13:22:32,933] {logging_mixin.py:115} INFO - [2022-08-21 13:22:32,933] {dagbag.py:508} INFO - Filling up the DagBag from /home/airflow/.local/lib/python3.7/site-packages/airflow/example_dags/example_task_group_decorator.py
[2022-08-21 13:22:32,968] {processor.py:651} INFO - DAG(s) dict_keys(['example_task_group_decorator']) retrieved from /home/airflow/.local/lib/python3.7/site-packages/airflow/example_dags/example_task_group_decorator.py
[2022-08-21 13:22:33,055] {logging_mixin.py:115} INFO - [2022-08-21 13:22:33,055] {dag.py:2420} INFO - Sync 1 DAGs
[2022-08-21 13:22:33,074] {logging_mixin.py:115} INFO - [2022-08-21 13:22:33,074] {dag.py:2972} INFO - Setting next_dagrun for example_task_group_decorator to 2022-08-20T13:22:33.074504+00:00, run_after=2022-08-21T13:22:33.074504+00:00
[2022-08-21 13:22:33,093] {processor.py:161} INFO - Processing /home/airflow/.local/lib/python3.7/site-packages/airflow/example_dags/example_task_group_decorator.py took 0.164 seconds
[2022-08-21 13:23:03,910] {processor.py:153} INFO - Started process (PID=652) to work on /home/airflow/.local/lib/python3.7/site-packages/airflow/example_dags/example_task_group_decorator.py
[2022-08-21 13:23:03,911] {processor.py:641} INFO - Processing file /home/airflow/.local/lib/python3.7/site-packages/airflow/example_dags/example_task_group_decorator.py for tasks to queue
[2022-08-21 13:23:03,912] {logging_mixin.py:115} INFO - [2022-08-21 13:23:03,912] {dagbag.py:508} INFO - Filling up the DagBag from /home/airflow/.local/lib/python3.7/site-packages/airflow/example_dags/example_task_group_decorator.py
[2022-08-21 13:23:03,949] {processor.py:651} INFO - DAG(s) dict_keys(['example_task_group_decorator']) retrieved from /home/airflow/.local/lib/python3.7/site-packages/airflow/example_dags/example_task_group_decorator.py
[2022-08-21 13:23:04,032] {logging_mixin.py:115} INFO - [2022-08-21 13:23:04,032] {dag.py:2420} INFO - Sync 1 DAGs
[2022-08-21 13:23:04,052] {logging_mixin.py:115} INFO - [2022-08-21 13:23:04,052] {dag.py:2972} INFO - Setting next_dagrun for example_task_group_decorator to 2022-08-20T13:23:04.052422+00:00, run_after=2022-08-21T13:23:04.052422+00:00
[2022-08-21 13:23:04,070] {processor.py:161} INFO - Processing /home/airflow/.local/lib/python3.7/site-packages/airflow/example_dags/example_task_group_decorator.py took 0.163 seconds
[2022-08-21 13:23:34,993] {processor.py:153} INFO - Started process (PID=713) to work on /home/airflow/.local/lib/python3.7/site-packages/airflow/example_dags/example_task_group_decorator.py
[2022-08-21 13:23:34,996] {processor.py:641} INFO - Processing file /home/airflow/.local/lib/python3.7/site-packages/airflow/example_dags/example_task_group_decorator.py for tasks to queue
[2022-08-21 13:23:35,004] {logging_mixin.py:115} INFO - [2022-08-21 13:23:35,004] {dagbag.py:508} INFO - Filling up the DagBag from /home/airflow/.local/lib/python3.7/site-packages/airflow/example_dags/example_task_group_decorator.py
[2022-08-21 13:23:35,072] {processor.py:651} INFO - DAG(s) dict_keys(['example_task_group_decorator']) retrieved from /home/airflow/.local/lib/python3.7/site-packages/airflow/example_dags/example_task_group_decorator.py
[2022-08-21 13:23:35,220] {logging_mixin.py:115} INFO - [2022-08-21 13:23:35,220] {dag.py:2420} INFO - Sync 1 DAGs
[2022-08-21 13:23:35,250] {logging_mixin.py:115} INFO - [2022-08-21 13:23:35,250] {dag.py:2972} INFO - Setting next_dagrun for example_task_group_decorator to 2022-08-20T13:23:35.250031+00:00, run_after=2022-08-21T13:23:35.250031+00:00
[2022-08-21 13:23:35,288] {processor.py:161} INFO - Processing /home/airflow/.local/lib/python3.7/site-packages/airflow/example_dags/example_task_group_decorator.py took 0.298 seconds
[2022-08-21 13:24:06,588] {processor.py:153} INFO - Started process (PID=774) to work on /home/airflow/.local/lib/python3.7/site-packages/airflow/example_dags/example_task_group_decorator.py
[2022-08-21 13:24:06,590] {processor.py:641} INFO - Processing file /home/airflow/.local/lib/python3.7/site-packages/airflow/example_dags/example_task_group_decorator.py for tasks to queue
[2022-08-21 13:24:06,591] {logging_mixin.py:115} INFO - [2022-08-21 13:24:06,591] {dagbag.py:508} INFO - Filling up the DagBag from /home/airflow/.local/lib/python3.7/site-packages/airflow/example_dags/example_task_group_decorator.py
[2022-08-21 13:24:06,648] {processor.py:651} INFO - DAG(s) dict_keys(['example_task_group_decorator']) retrieved from /home/airflow/.local/lib/python3.7/site-packages/airflow/example_dags/example_task_group_decorator.py
[2022-08-21 13:24:06,922] {logging_mixin.py:115} INFO - [2022-08-21 13:24:06,922] {dag.py:2420} INFO - Sync 1 DAGs
[2022-08-21 13:24:07,000] {logging_mixin.py:115} INFO - [2022-08-21 13:24:07,000] {dag.py:2972} INFO - Setting next_dagrun for example_task_group_decorator to 2022-08-20T13:24:06.999880+00:00, run_after=2022-08-21T13:24:06.999880+00:00
[2022-08-21 13:24:07,038] {processor.py:161} INFO - Processing /home/airflow/.local/lib/python3.7/site-packages/airflow/example_dags/example_task_group_decorator.py took 0.454 seconds
[2022-08-21 13:24:37,865] {processor.py:153} INFO - Started process (PID=827) to work on /home/airflow/.local/lib/python3.7/site-packages/airflow/example_dags/example_task_group_decorator.py
[2022-08-21 13:24:37,866] {processor.py:641} INFO - Processing file /home/airflow/.local/lib/python3.7/site-packages/airflow/example_dags/example_task_group_decorator.py for tasks to queue
[2022-08-21 13:24:37,866] {logging_mixin.py:115} INFO - [2022-08-21 13:24:37,866] {dagbag.py:508} INFO - Filling up the DagBag from /home/airflow/.local/lib/python3.7/site-packages/airflow/example_dags/example_task_group_decorator.py
[2022-08-21 13:24:37,893] {processor.py:651} INFO - DAG(s) dict_keys(['example_task_group_decorator']) retrieved from /home/airflow/.local/lib/python3.7/site-packages/airflow/example_dags/example_task_group_decorator.py
[2022-08-21 13:24:37,973] {logging_mixin.py:115} INFO - [2022-08-21 13:24:37,972] {dag.py:2420} INFO - Sync 1 DAGs
[2022-08-21 13:24:37,994] {logging_mixin.py:115} INFO - [2022-08-21 13:24:37,994] {dag.py:2972} INFO - Setting next_dagrun for example_task_group_decorator to 2022-08-20T13:24:37.994520+00:00, run_after=2022-08-21T13:24:37.994520+00:00
[2022-08-21 13:24:38,014] {processor.py:161} INFO - Processing /home/airflow/.local/lib/python3.7/site-packages/airflow/example_dags/example_task_group_decorator.py took 0.152 seconds
[2022-08-21 13:25:08,092] {processor.py:153} INFO - Started process (PID=889) to work on /home/airflow/.local/lib/python3.7/site-packages/airflow/example_dags/example_task_group_decorator.py
[2022-08-21 13:25:08,093] {processor.py:641} INFO - Processing file /home/airflow/.local/lib/python3.7/site-packages/airflow/example_dags/example_task_group_decorator.py for tasks to queue
[2022-08-21 13:25:08,094] {logging_mixin.py:115} INFO - [2022-08-21 13:25:08,094] {dagbag.py:508} INFO - Filling up the DagBag from /home/airflow/.local/lib/python3.7/site-packages/airflow/example_dags/example_task_group_decorator.py
[2022-08-21 13:25:08,123] {processor.py:651} INFO - DAG(s) dict_keys(['example_task_group_decorator']) retrieved from /home/airflow/.local/lib/python3.7/site-packages/airflow/example_dags/example_task_group_decorator.py
[2022-08-21 13:25:08,195] {logging_mixin.py:115} INFO - [2022-08-21 13:25:08,195] {dag.py:2420} INFO - Sync 1 DAGs
[2022-08-21 13:25:08,217] {logging_mixin.py:115} INFO - [2022-08-21 13:25:08,217] {dag.py:2972} INFO - Setting next_dagrun for example_task_group_decorator to 2022-08-20T13:25:08.217405+00:00, run_after=2022-08-21T13:25:08.217405+00:00
[2022-08-21 13:25:08,232] {processor.py:161} INFO - Processing /home/airflow/.local/lib/python3.7/site-packages/airflow/example_dags/example_task_group_decorator.py took 0.142 seconds
[2022-08-21 13:25:38,328] {processor.py:153} INFO - Started process (PID=941) to work on /home/airflow/.local/lib/python3.7/site-packages/airflow/example_dags/example_task_group_decorator.py
[2022-08-21 13:25:38,329] {processor.py:641} INFO - Processing file /home/airflow/.local/lib/python3.7/site-packages/airflow/example_dags/example_task_group_decorator.py for tasks to queue
[2022-08-21 13:25:38,330] {logging_mixin.py:115} INFO - [2022-08-21 13:25:38,329] {dagbag.py:508} INFO - Filling up the DagBag from /home/airflow/.local/lib/python3.7/site-packages/airflow/example_dags/example_task_group_decorator.py
[2022-08-21 13:25:38,355] {processor.py:651} INFO - DAG(s) dict_keys(['example_task_group_decorator']) retrieved from /home/airflow/.local/lib/python3.7/site-packages/airflow/example_dags/example_task_group_decorator.py
[2022-08-21 13:25:38,489] {logging_mixin.py:115} INFO - [2022-08-21 13:25:38,489] {dag.py:2420} INFO - Sync 1 DAGs
[2022-08-21 13:25:38,514] {logging_mixin.py:115} INFO - [2022-08-21 13:25:38,514] {dag.py:2972} INFO - Setting next_dagrun for example_task_group_decorator to 2022-08-20T13:25:38.514305+00:00, run_after=2022-08-21T13:25:38.514305+00:00
[2022-08-21 13:25:38,529] {processor.py:161} INFO - Processing /home/airflow/.local/lib/python3.7/site-packages/airflow/example_dags/example_task_group_decorator.py took 0.205 seconds
[2022-08-21 13:26:08,649] {processor.py:153} INFO - Started process (PID=1003) to work on /home/airflow/.local/lib/python3.7/site-packages/airflow/example_dags/example_task_group_decorator.py
[2022-08-21 13:26:08,650] {processor.py:641} INFO - Processing file /home/airflow/.local/lib/python3.7/site-packages/airflow/example_dags/example_task_group_decorator.py for tasks to queue
[2022-08-21 13:26:08,650] {logging_mixin.py:115} INFO - [2022-08-21 13:26:08,650] {dagbag.py:508} INFO - Filling up the DagBag from /home/airflow/.local/lib/python3.7/site-packages/airflow/example_dags/example_task_group_decorator.py
[2022-08-21 13:26:08,672] {processor.py:651} INFO - DAG(s) dict_keys(['example_task_group_decorator']) retrieved from /home/airflow/.local/lib/python3.7/site-packages/airflow/example_dags/example_task_group_decorator.py
[2022-08-21 13:26:08,698] {logging_mixin.py:115} INFO - [2022-08-21 13:26:08,698] {dag.py:2420} INFO - Sync 1 DAGs
[2022-08-21 13:26:08,718] {logging_mixin.py:115} INFO - [2022-08-21 13:26:08,718] {dag.py:2972} INFO - Setting next_dagrun for example_task_group_decorator to 2022-08-20T13:26:08.718208+00:00, run_after=2022-08-21T13:26:08.718208+00:00
[2022-08-21 13:26:08,736] {processor.py:161} INFO - Processing /home/airflow/.local/lib/python3.7/site-packages/airflow/example_dags/example_task_group_decorator.py took 0.090 seconds
[2022-08-21 13:26:38,766] {processor.py:153} INFO - Started process (PID=1063) to work on /home/airflow/.local/lib/python3.7/site-packages/airflow/example_dags/example_task_group_decorator.py
[2022-08-21 13:26:38,767] {processor.py:641} INFO - Processing file /home/airflow/.local/lib/python3.7/site-packages/airflow/example_dags/example_task_group_decorator.py for tasks to queue
[2022-08-21 13:26:38,768] {logging_mixin.py:115} INFO - [2022-08-21 13:26:38,768] {dagbag.py:508} INFO - Filling up the DagBag from /home/airflow/.local/lib/python3.7/site-packages/airflow/example_dags/example_task_group_decorator.py
[2022-08-21 13:26:38,789] {processor.py:651} INFO - DAG(s) dict_keys(['example_task_group_decorator']) retrieved from /home/airflow/.local/lib/python3.7/site-packages/airflow/example_dags/example_task_group_decorator.py
[2022-08-21 13:26:38,817] {logging_mixin.py:115} INFO - [2022-08-21 13:26:38,817] {dag.py:2420} INFO - Sync 1 DAGs
[2022-08-21 13:26:38,848] {logging_mixin.py:115} INFO - [2022-08-21 13:26:38,848] {dag.py:2972} INFO - Setting next_dagrun for example_task_group_decorator to 2022-08-20T13:26:38.847975+00:00, run_after=2022-08-21T13:26:38.847975+00:00
[2022-08-21 13:26:38,870] {processor.py:161} INFO - Processing /home/airflow/.local/lib/python3.7/site-packages/airflow/example_dags/example_task_group_decorator.py took 0.106 seconds
[2022-08-21 13:27:08,962] {processor.py:153} INFO - Started process (PID=1115) to work on /home/airflow/.local/lib/python3.7/site-packages/airflow/example_dags/example_task_group_decorator.py
[2022-08-21 13:27:08,963] {processor.py:641} INFO - Processing file /home/airflow/.local/lib/python3.7/site-packages/airflow/example_dags/example_task_group_decorator.py for tasks to queue
[2022-08-21 13:27:08,964] {logging_mixin.py:115} INFO - [2022-08-21 13:27:08,964] {dagbag.py:508} INFO - Filling up the DagBag from /home/airflow/.local/lib/python3.7/site-packages/airflow/example_dags/example_task_group_decorator.py
[2022-08-21 13:27:08,985] {processor.py:651} INFO - DAG(s) dict_keys(['example_task_group_decorator']) retrieved from /home/airflow/.local/lib/python3.7/site-packages/airflow/example_dags/example_task_group_decorator.py
[2022-08-21 13:27:09,011] {logging_mixin.py:115} INFO - [2022-08-21 13:27:09,011] {dag.py:2420} INFO - Sync 1 DAGs
[2022-08-21 13:27:09,029] {logging_mixin.py:115} INFO - [2022-08-21 13:27:09,029] {dag.py:2972} INFO - Setting next_dagrun for example_task_group_decorator to 2022-08-20T13:27:09.029030+00:00, run_after=2022-08-21T13:27:09.029030+00:00
[2022-08-21 13:27:09,044] {processor.py:161} INFO - Processing /home/airflow/.local/lib/python3.7/site-packages/airflow/example_dags/example_task_group_decorator.py took 0.085 seconds
[2022-08-21 13:27:39,232] {processor.py:153} INFO - Started process (PID=1177) to work on /home/airflow/.local/lib/python3.7/site-packages/airflow/example_dags/example_task_group_decorator.py
[2022-08-21 13:27:39,233] {processor.py:641} INFO - Processing file /home/airflow/.local/lib/python3.7/site-packages/airflow/example_dags/example_task_group_decorator.py for tasks to queue
[2022-08-21 13:27:39,234] {logging_mixin.py:115} INFO - [2022-08-21 13:27:39,234] {dagbag.py:508} INFO - Filling up the DagBag from /home/airflow/.local/lib/python3.7/site-packages/airflow/example_dags/example_task_group_decorator.py
[2022-08-21 13:27:39,261] {processor.py:651} INFO - DAG(s) dict_keys(['example_task_group_decorator']) retrieved from /home/airflow/.local/lib/python3.7/site-packages/airflow/example_dags/example_task_group_decorator.py
[2022-08-21 13:27:39,357] {logging_mixin.py:115} INFO - [2022-08-21 13:27:39,357] {dag.py:2420} INFO - Sync 1 DAGs
[2022-08-21 13:27:39,384] {logging_mixin.py:115} INFO - [2022-08-21 13:27:39,384] {dag.py:2972} INFO - Setting next_dagrun for example_task_group_decorator to 2022-08-20T13:27:39.383926+00:00, run_after=2022-08-21T13:27:39.383926+00:00
[2022-08-21 13:27:39,402] {processor.py:161} INFO - Processing /home/airflow/.local/lib/python3.7/site-packages/airflow/example_dags/example_task_group_decorator.py took 0.175 seconds
[2022-08-21 13:28:10,144] {processor.py:153} INFO - Started process (PID=1238) to work on /home/airflow/.local/lib/python3.7/site-packages/airflow/example_dags/example_task_group_decorator.py
[2022-08-21 13:28:10,144] {processor.py:641} INFO - Processing file /home/airflow/.local/lib/python3.7/site-packages/airflow/example_dags/example_task_group_decorator.py for tasks to queue
[2022-08-21 13:28:10,145] {logging_mixin.py:115} INFO - [2022-08-21 13:28:10,145] {dagbag.py:508} INFO - Filling up the DagBag from /home/airflow/.local/lib/python3.7/site-packages/airflow/example_dags/example_task_group_decorator.py
[2022-08-21 13:28:10,169] {processor.py:651} INFO - DAG(s) dict_keys(['example_task_group_decorator']) retrieved from /home/airflow/.local/lib/python3.7/site-packages/airflow/example_dags/example_task_group_decorator.py
[2022-08-21 13:28:10,235] {logging_mixin.py:115} INFO - [2022-08-21 13:28:10,235] {dag.py:2420} INFO - Sync 1 DAGs
[2022-08-21 13:28:10,254] {logging_mixin.py:115} INFO - [2022-08-21 13:28:10,254] {dag.py:2972} INFO - Setting next_dagrun for example_task_group_decorator to 2022-08-20T13:28:10.254055+00:00, run_after=2022-08-21T13:28:10.254055+00:00
[2022-08-21 13:28:10,269] {processor.py:161} INFO - Processing /home/airflow/.local/lib/python3.7/site-packages/airflow/example_dags/example_task_group_decorator.py took 0.128 seconds
[2022-08-21 13:28:40,974] {processor.py:153} INFO - Started process (PID=1291) to work on /home/airflow/.local/lib/python3.7/site-packages/airflow/example_dags/example_task_group_decorator.py
[2022-08-21 13:28:40,975] {processor.py:641} INFO - Processing file /home/airflow/.local/lib/python3.7/site-packages/airflow/example_dags/example_task_group_decorator.py for tasks to queue
[2022-08-21 13:28:40,976] {logging_mixin.py:115} INFO - [2022-08-21 13:28:40,976] {dagbag.py:508} INFO - Filling up the DagBag from /home/airflow/.local/lib/python3.7/site-packages/airflow/example_dags/example_task_group_decorator.py
[2022-08-21 13:28:40,997] {processor.py:651} INFO - DAG(s) dict_keys(['example_task_group_decorator']) retrieved from /home/airflow/.local/lib/python3.7/site-packages/airflow/example_dags/example_task_group_decorator.py
[2022-08-21 13:28:41,063] {logging_mixin.py:115} INFO - [2022-08-21 13:28:41,063] {dag.py:2420} INFO - Sync 1 DAGs
[2022-08-21 13:28:41,090] {logging_mixin.py:115} INFO - [2022-08-21 13:28:41,090] {dag.py:2972} INFO - Setting next_dagrun for example_task_group_decorator to 2022-08-20T13:28:41.090398+00:00, run_after=2022-08-21T13:28:41.090398+00:00
[2022-08-21 13:28:41,110] {processor.py:161} INFO - Processing /home/airflow/.local/lib/python3.7/site-packages/airflow/example_dags/example_task_group_decorator.py took 0.138 seconds
[2022-08-21 13:29:11,885] {processor.py:153} INFO - Started process (PID=1352) to work on /home/airflow/.local/lib/python3.7/site-packages/airflow/example_dags/example_task_group_decorator.py
[2022-08-21 13:29:11,886] {processor.py:641} INFO - Processing file /home/airflow/.local/lib/python3.7/site-packages/airflow/example_dags/example_task_group_decorator.py for tasks to queue
[2022-08-21 13:29:11,887] {logging_mixin.py:115} INFO - [2022-08-21 13:29:11,887] {dagbag.py:508} INFO - Filling up the DagBag from /home/airflow/.local/lib/python3.7/site-packages/airflow/example_dags/example_task_group_decorator.py
[2022-08-21 13:29:11,909] {processor.py:651} INFO - DAG(s) dict_keys(['example_task_group_decorator']) retrieved from /home/airflow/.local/lib/python3.7/site-packages/airflow/example_dags/example_task_group_decorator.py
[2022-08-21 13:29:11,934] {logging_mixin.py:115} INFO - [2022-08-21 13:29:11,934] {dag.py:2420} INFO - Sync 1 DAGs
[2022-08-21 13:29:11,954] {logging_mixin.py:115} INFO - [2022-08-21 13:29:11,954] {dag.py:2972} INFO - Setting next_dagrun for example_task_group_decorator to 2022-08-20T13:29:11.954180+00:00, run_after=2022-08-21T13:29:11.954180+00:00
[2022-08-21 13:29:11,969] {processor.py:161} INFO - Processing /home/airflow/.local/lib/python3.7/site-packages/airflow/example_dags/example_task_group_decorator.py took 0.086 seconds
[2022-08-21 13:29:42,791] {processor.py:153} INFO - Started process (PID=1413) to work on /home/airflow/.local/lib/python3.7/site-packages/airflow/example_dags/example_task_group_decorator.py
[2022-08-21 13:29:42,792] {processor.py:641} INFO - Processing file /home/airflow/.local/lib/python3.7/site-packages/airflow/example_dags/example_task_group_decorator.py for tasks to queue
[2022-08-21 13:29:42,793] {logging_mixin.py:115} INFO - [2022-08-21 13:29:42,793] {dagbag.py:508} INFO - Filling up the DagBag from /home/airflow/.local/lib/python3.7/site-packages/airflow/example_dags/example_task_group_decorator.py
[2022-08-21 13:29:42,817] {processor.py:651} INFO - DAG(s) dict_keys(['example_task_group_decorator']) retrieved from /home/airflow/.local/lib/python3.7/site-packages/airflow/example_dags/example_task_group_decorator.py
[2022-08-21 13:29:42,885] {logging_mixin.py:115} INFO - [2022-08-21 13:29:42,885] {dag.py:2420} INFO - Sync 1 DAGs
[2022-08-21 13:29:42,906] {logging_mixin.py:115} INFO - [2022-08-21 13:29:42,906] {dag.py:2972} INFO - Setting next_dagrun for example_task_group_decorator to 2022-08-20T13:29:42.906242+00:00, run_after=2022-08-21T13:29:42.906242+00:00
[2022-08-21 13:29:42,920] {processor.py:161} INFO - Processing /home/airflow/.local/lib/python3.7/site-packages/airflow/example_dags/example_task_group_decorator.py took 0.131 seconds
[2022-08-21 13:30:13,674] {processor.py:153} INFO - Started process (PID=1475) to work on /home/airflow/.local/lib/python3.7/site-packages/airflow/example_dags/example_task_group_decorator.py
[2022-08-21 13:30:13,676] {processor.py:641} INFO - Processing file /home/airflow/.local/lib/python3.7/site-packages/airflow/example_dags/example_task_group_decorator.py for tasks to queue
[2022-08-21 13:30:13,676] {logging_mixin.py:115} INFO - [2022-08-21 13:30:13,676] {dagbag.py:508} INFO - Filling up the DagBag from /home/airflow/.local/lib/python3.7/site-packages/airflow/example_dags/example_task_group_decorator.py
[2022-08-21 13:30:13,699] {processor.py:651} INFO - DAG(s) dict_keys(['example_task_group_decorator']) retrieved from /home/airflow/.local/lib/python3.7/site-packages/airflow/example_dags/example_task_group_decorator.py
[2022-08-21 13:30:13,807] {logging_mixin.py:115} INFO - [2022-08-21 13:30:13,807] {dag.py:2420} INFO - Sync 1 DAGs
[2022-08-21 13:30:13,835] {logging_mixin.py:115} INFO - [2022-08-21 13:30:13,834] {dag.py:2972} INFO - Setting next_dagrun for example_task_group_decorator to 2022-08-20T13:30:13.834640+00:00, run_after=2022-08-21T13:30:13.834640+00:00
[2022-08-21 13:30:13,857] {processor.py:161} INFO - Processing /home/airflow/.local/lib/python3.7/site-packages/airflow/example_dags/example_task_group_decorator.py took 0.186 seconds
[2022-08-21 13:30:43,914] {processor.py:153} INFO - Started process (PID=1527) to work on /home/airflow/.local/lib/python3.7/site-packages/airflow/example_dags/example_task_group_decorator.py
[2022-08-21 13:30:43,914] {processor.py:641} INFO - Processing file /home/airflow/.local/lib/python3.7/site-packages/airflow/example_dags/example_task_group_decorator.py for tasks to queue
[2022-08-21 13:30:43,916] {logging_mixin.py:115} INFO - [2022-08-21 13:30:43,915] {dagbag.py:508} INFO - Filling up the DagBag from /home/airflow/.local/lib/python3.7/site-packages/airflow/example_dags/example_task_group_decorator.py
[2022-08-21 13:30:43,937] {processor.py:651} INFO - DAG(s) dict_keys(['example_task_group_decorator']) retrieved from /home/airflow/.local/lib/python3.7/site-packages/airflow/example_dags/example_task_group_decorator.py
[2022-08-21 13:30:44,004] {logging_mixin.py:115} INFO - [2022-08-21 13:30:44,004] {dag.py:2420} INFO - Sync 1 DAGs
[2022-08-21 13:30:44,029] {logging_mixin.py:115} INFO - [2022-08-21 13:30:44,028] {dag.py:2972} INFO - Setting next_dagrun for example_task_group_decorator to 2022-08-20T13:30:44.027843+00:00, run_after=2022-08-21T13:30:44.027843+00:00
[2022-08-21 13:30:44,052] {processor.py:161} INFO - Processing /home/airflow/.local/lib/python3.7/site-packages/airflow/example_dags/example_task_group_decorator.py took 0.141 seconds
[2022-08-21 13:31:14,363] {processor.py:153} INFO - Started process (PID=1588) to work on /home/airflow/.local/lib/python3.7/site-packages/airflow/example_dags/example_task_group_decorator.py
[2022-08-21 13:31:14,364] {processor.py:641} INFO - Processing file /home/airflow/.local/lib/python3.7/site-packages/airflow/example_dags/example_task_group_decorator.py for tasks to queue
[2022-08-21 13:31:14,365] {logging_mixin.py:115} INFO - [2022-08-21 13:31:14,365] {dagbag.py:508} INFO - Filling up the DagBag from /home/airflow/.local/lib/python3.7/site-packages/airflow/example_dags/example_task_group_decorator.py
[2022-08-21 13:31:14,389] {processor.py:651} INFO - DAG(s) dict_keys(['example_task_group_decorator']) retrieved from /home/airflow/.local/lib/python3.7/site-packages/airflow/example_dags/example_task_group_decorator.py
[2022-08-21 13:31:14,454] {logging_mixin.py:115} INFO - [2022-08-21 13:31:14,453] {dag.py:2420} INFO - Sync 1 DAGs
[2022-08-21 13:31:14,475] {logging_mixin.py:115} INFO - [2022-08-21 13:31:14,475] {dag.py:2972} INFO - Setting next_dagrun for example_task_group_decorator to 2022-08-20T13:31:14.475548+00:00, run_after=2022-08-21T13:31:14.475548+00:00
[2022-08-21 13:31:14,492] {processor.py:161} INFO - Processing /home/airflow/.local/lib/python3.7/site-packages/airflow/example_dags/example_task_group_decorator.py took 0.132 seconds
[2022-08-21 13:31:45,264] {processor.py:153} INFO - Started process (PID=1647) to work on /home/airflow/.local/lib/python3.7/site-packages/airflow/example_dags/example_task_group_decorator.py
[2022-08-21 13:31:45,265] {processor.py:641} INFO - Processing file /home/airflow/.local/lib/python3.7/site-packages/airflow/example_dags/example_task_group_decorator.py for tasks to queue
[2022-08-21 13:31:45,266] {logging_mixin.py:115} INFO - [2022-08-21 13:31:45,266] {dagbag.py:508} INFO - Filling up the DagBag from /home/airflow/.local/lib/python3.7/site-packages/airflow/example_dags/example_task_group_decorator.py
[2022-08-21 13:31:45,298] {processor.py:651} INFO - DAG(s) dict_keys(['example_task_group_decorator']) retrieved from /home/airflow/.local/lib/python3.7/site-packages/airflow/example_dags/example_task_group_decorator.py
[2022-08-21 13:31:45,390] {logging_mixin.py:115} INFO - [2022-08-21 13:31:45,390] {dag.py:2420} INFO - Sync 1 DAGs
[2022-08-21 13:31:45,415] {logging_mixin.py:115} INFO - [2022-08-21 13:31:45,415] {dag.py:2972} INFO - Setting next_dagrun for example_task_group_decorator to 2022-08-20T13:31:45.415423+00:00, run_after=2022-08-21T13:31:45.415423+00:00
[2022-08-21 13:31:45,444] {processor.py:161} INFO - Processing /home/airflow/.local/lib/python3.7/site-packages/airflow/example_dags/example_task_group_decorator.py took 0.185 seconds
[2022-08-21 13:32:16,219] {processor.py:153} INFO - Started process (PID=1702) to work on /home/airflow/.local/lib/python3.7/site-packages/airflow/example_dags/example_task_group_decorator.py
[2022-08-21 13:32:16,220] {processor.py:641} INFO - Processing file /home/airflow/.local/lib/python3.7/site-packages/airflow/example_dags/example_task_group_decorator.py for tasks to queue
[2022-08-21 13:32:16,221] {logging_mixin.py:115} INFO - [2022-08-21 13:32:16,220] {dagbag.py:508} INFO - Filling up the DagBag from /home/airflow/.local/lib/python3.7/site-packages/airflow/example_dags/example_task_group_decorator.py
[2022-08-21 13:32:16,244] {processor.py:651} INFO - DAG(s) dict_keys(['example_task_group_decorator']) retrieved from /home/airflow/.local/lib/python3.7/site-packages/airflow/example_dags/example_task_group_decorator.py
[2022-08-21 13:32:16,308] {logging_mixin.py:115} INFO - [2022-08-21 13:32:16,308] {dag.py:2420} INFO - Sync 1 DAGs
[2022-08-21 13:32:16,326] {logging_mixin.py:115} INFO - [2022-08-21 13:32:16,326] {dag.py:2972} INFO - Setting next_dagrun for example_task_group_decorator to 2022-08-20T13:32:16.326158+00:00, run_after=2022-08-21T13:32:16.326158+00:00
[2022-08-21 13:32:16,342] {processor.py:161} INFO - Processing /home/airflow/.local/lib/python3.7/site-packages/airflow/example_dags/example_task_group_decorator.py took 0.127 seconds
[2022-08-21 13:32:47,049] {processor.py:153} INFO - Started process (PID=1763) to work on /home/airflow/.local/lib/python3.7/site-packages/airflow/example_dags/example_task_group_decorator.py
[2022-08-21 13:32:47,050] {processor.py:641} INFO - Processing file /home/airflow/.local/lib/python3.7/site-packages/airflow/example_dags/example_task_group_decorator.py for tasks to queue
[2022-08-21 13:32:47,051] {logging_mixin.py:115} INFO - [2022-08-21 13:32:47,051] {dagbag.py:508} INFO - Filling up the DagBag from /home/airflow/.local/lib/python3.7/site-packages/airflow/example_dags/example_task_group_decorator.py
[2022-08-21 13:32:47,084] {processor.py:651} INFO - DAG(s) dict_keys(['example_task_group_decorator']) retrieved from /home/airflow/.local/lib/python3.7/site-packages/airflow/example_dags/example_task_group_decorator.py
[2022-08-21 13:32:47,185] {logging_mixin.py:115} INFO - [2022-08-21 13:32:47,185] {dag.py:2420} INFO - Sync 1 DAGs
[2022-08-21 13:32:47,217] {logging_mixin.py:115} INFO - [2022-08-21 13:32:47,217] {dag.py:2972} INFO - Setting next_dagrun for example_task_group_decorator to 2022-08-20T13:32:47.217129+00:00, run_after=2022-08-21T13:32:47.217129+00:00
[2022-08-21 13:32:47,246] {processor.py:161} INFO - Processing /home/airflow/.local/lib/python3.7/site-packages/airflow/example_dags/example_task_group_decorator.py took 0.200 seconds
[2022-08-21 13:33:17,968] {processor.py:153} INFO - Started process (PID=1825) to work on /home/airflow/.local/lib/python3.7/site-packages/airflow/example_dags/example_task_group_decorator.py
[2022-08-21 13:33:17,969] {processor.py:641} INFO - Processing file /home/airflow/.local/lib/python3.7/site-packages/airflow/example_dags/example_task_group_decorator.py for tasks to queue
[2022-08-21 13:33:17,970] {logging_mixin.py:115} INFO - [2022-08-21 13:33:17,970] {dagbag.py:508} INFO - Filling up the DagBag from /home/airflow/.local/lib/python3.7/site-packages/airflow/example_dags/example_task_group_decorator.py
[2022-08-21 13:33:17,997] {processor.py:651} INFO - DAG(s) dict_keys(['example_task_group_decorator']) retrieved from /home/airflow/.local/lib/python3.7/site-packages/airflow/example_dags/example_task_group_decorator.py
[2022-08-21 13:33:18,105] {logging_mixin.py:115} INFO - [2022-08-21 13:33:18,105] {dag.py:2420} INFO - Sync 1 DAGs
[2022-08-21 13:33:18,139] {logging_mixin.py:115} INFO - [2022-08-21 13:33:18,138] {dag.py:2972} INFO - Setting next_dagrun for example_task_group_decorator to 2022-08-20T13:33:18.138618+00:00, run_after=2022-08-21T13:33:18.138618+00:00
[2022-08-21 13:33:18,169] {processor.py:161} INFO - Processing /home/airflow/.local/lib/python3.7/site-packages/airflow/example_dags/example_task_group_decorator.py took 0.205 seconds
[2022-08-21 13:33:48,878] {processor.py:153} INFO - Started process (PID=1877) to work on /home/airflow/.local/lib/python3.7/site-packages/airflow/example_dags/example_task_group_decorator.py
[2022-08-21 13:33:48,879] {processor.py:641} INFO - Processing file /home/airflow/.local/lib/python3.7/site-packages/airflow/example_dags/example_task_group_decorator.py for tasks to queue
[2022-08-21 13:33:48,879] {logging_mixin.py:115} INFO - [2022-08-21 13:33:48,879] {dagbag.py:508} INFO - Filling up the DagBag from /home/airflow/.local/lib/python3.7/site-packages/airflow/example_dags/example_task_group_decorator.py
[2022-08-21 13:33:48,907] {processor.py:651} INFO - DAG(s) dict_keys(['example_task_group_decorator']) retrieved from /home/airflow/.local/lib/python3.7/site-packages/airflow/example_dags/example_task_group_decorator.py
[2022-08-21 13:33:48,937] {logging_mixin.py:115} INFO - [2022-08-21 13:33:48,936] {dag.py:2420} INFO - Sync 1 DAGs
[2022-08-21 13:33:48,973] {logging_mixin.py:115} INFO - [2022-08-21 13:33:48,973] {dag.py:2972} INFO - Setting next_dagrun for example_task_group_decorator to 2022-08-20T13:33:48.972954+00:00, run_after=2022-08-21T13:33:48.972954+00:00
[2022-08-21 13:33:48,998] {processor.py:161} INFO - Processing /home/airflow/.local/lib/python3.7/site-packages/airflow/example_dags/example_task_group_decorator.py took 0.124 seconds
[2022-08-21 13:34:19,037] {processor.py:153} INFO - Started process (PID=1938) to work on /home/airflow/.local/lib/python3.7/site-packages/airflow/example_dags/example_task_group_decorator.py
[2022-08-21 13:34:19,037] {processor.py:641} INFO - Processing file /home/airflow/.local/lib/python3.7/site-packages/airflow/example_dags/example_task_group_decorator.py for tasks to queue
[2022-08-21 13:34:19,038] {logging_mixin.py:115} INFO - [2022-08-21 13:34:19,038] {dagbag.py:508} INFO - Filling up the DagBag from /home/airflow/.local/lib/python3.7/site-packages/airflow/example_dags/example_task_group_decorator.py
[2022-08-21 13:34:19,059] {processor.py:651} INFO - DAG(s) dict_keys(['example_task_group_decorator']) retrieved from /home/airflow/.local/lib/python3.7/site-packages/airflow/example_dags/example_task_group_decorator.py
[2022-08-21 13:34:19,119] {logging_mixin.py:115} INFO - [2022-08-21 13:34:19,119] {dag.py:2420} INFO - Sync 1 DAGs
[2022-08-21 13:34:19,136] {logging_mixin.py:115} INFO - [2022-08-21 13:34:19,135] {dag.py:2972} INFO - Setting next_dagrun for example_task_group_decorator to 2022-08-20T13:34:19.135749+00:00, run_after=2022-08-21T13:34:19.135749+00:00
[2022-08-21 13:34:19,157] {processor.py:161} INFO - Processing /home/airflow/.local/lib/python3.7/site-packages/airflow/example_dags/example_task_group_decorator.py took 0.123 seconds
[2022-08-21 13:34:49,240] {processor.py:153} INFO - Started process (PID=1999) to work on /home/airflow/.local/lib/python3.7/site-packages/airflow/example_dags/example_task_group_decorator.py
[2022-08-21 13:34:49,241] {processor.py:641} INFO - Processing file /home/airflow/.local/lib/python3.7/site-packages/airflow/example_dags/example_task_group_decorator.py for tasks to queue
[2022-08-21 13:34:49,242] {logging_mixin.py:115} INFO - [2022-08-21 13:34:49,242] {dagbag.py:508} INFO - Filling up the DagBag from /home/airflow/.local/lib/python3.7/site-packages/airflow/example_dags/example_task_group_decorator.py
[2022-08-21 13:34:49,264] {processor.py:651} INFO - DAG(s) dict_keys(['example_task_group_decorator']) retrieved from /home/airflow/.local/lib/python3.7/site-packages/airflow/example_dags/example_task_group_decorator.py
[2022-08-21 13:34:49,326] {logging_mixin.py:115} INFO - [2022-08-21 13:34:49,326] {dag.py:2420} INFO - Sync 1 DAGs
[2022-08-21 13:34:49,344] {logging_mixin.py:115} INFO - [2022-08-21 13:34:49,344] {dag.py:2972} INFO - Setting next_dagrun for example_task_group_decorator to 2022-08-20T13:34:49.343933+00:00, run_after=2022-08-21T13:34:49.343933+00:00
[2022-08-21 13:34:49,363] {processor.py:161} INFO - Processing /home/airflow/.local/lib/python3.7/site-packages/airflow/example_dags/example_task_group_decorator.py took 0.126 seconds
[2022-08-21 13:35:20,279] {processor.py:153} INFO - Started process (PID=2051) to work on /home/airflow/.local/lib/python3.7/site-packages/airflow/example_dags/example_task_group_decorator.py
[2022-08-21 13:35:20,280] {processor.py:641} INFO - Processing file /home/airflow/.local/lib/python3.7/site-packages/airflow/example_dags/example_task_group_decorator.py for tasks to queue
[2022-08-21 13:35:20,282] {logging_mixin.py:115} INFO - [2022-08-21 13:35:20,281] {dagbag.py:508} INFO - Filling up the DagBag from /home/airflow/.local/lib/python3.7/site-packages/airflow/example_dags/example_task_group_decorator.py
[2022-08-21 13:35:20,306] {processor.py:651} INFO - DAG(s) dict_keys(['example_task_group_decorator']) retrieved from /home/airflow/.local/lib/python3.7/site-packages/airflow/example_dags/example_task_group_decorator.py
[2022-08-21 13:35:20,367] {logging_mixin.py:115} INFO - [2022-08-21 13:35:20,366] {dag.py:2420} INFO - Sync 1 DAGs
[2022-08-21 13:35:20,385] {logging_mixin.py:115} INFO - [2022-08-21 13:35:20,385] {dag.py:2972} INFO - Setting next_dagrun for example_task_group_decorator to 2022-08-20T13:35:20.385047+00:00, run_after=2022-08-21T13:35:20.385047+00:00
[2022-08-21 13:35:20,402] {processor.py:161} INFO - Processing /home/airflow/.local/lib/python3.7/site-packages/airflow/example_dags/example_task_group_decorator.py took 0.125 seconds
[2022-08-21 13:35:51,171] {processor.py:153} INFO - Started process (PID=2112) to work on /home/airflow/.local/lib/python3.7/site-packages/airflow/example_dags/example_task_group_decorator.py
[2022-08-21 13:35:51,172] {processor.py:641} INFO - Processing file /home/airflow/.local/lib/python3.7/site-packages/airflow/example_dags/example_task_group_decorator.py for tasks to queue
[2022-08-21 13:35:51,173] {logging_mixin.py:115} INFO - [2022-08-21 13:35:51,173] {dagbag.py:508} INFO - Filling up the DagBag from /home/airflow/.local/lib/python3.7/site-packages/airflow/example_dags/example_task_group_decorator.py
[2022-08-21 13:35:51,194] {processor.py:651} INFO - DAG(s) dict_keys(['example_task_group_decorator']) retrieved from /home/airflow/.local/lib/python3.7/site-packages/airflow/example_dags/example_task_group_decorator.py
[2022-08-21 13:35:51,222] {logging_mixin.py:115} INFO - [2022-08-21 13:35:51,222] {dag.py:2420} INFO - Sync 1 DAGs
[2022-08-21 13:35:51,244] {logging_mixin.py:115} INFO - [2022-08-21 13:35:51,244] {dag.py:2972} INFO - Setting next_dagrun for example_task_group_decorator to 2022-08-20T13:35:51.243874+00:00, run_after=2022-08-21T13:35:51.243874+00:00
[2022-08-21 13:35:51,261] {processor.py:161} INFO - Processing /home/airflow/.local/lib/python3.7/site-packages/airflow/example_dags/example_task_group_decorator.py took 0.093 seconds
[2022-08-21 13:36:22,092] {processor.py:153} INFO - Started process (PID=2174) to work on /home/airflow/.local/lib/python3.7/site-packages/airflow/example_dags/example_task_group_decorator.py
[2022-08-21 13:36:22,093] {processor.py:641} INFO - Processing file /home/airflow/.local/lib/python3.7/site-packages/airflow/example_dags/example_task_group_decorator.py for tasks to queue
[2022-08-21 13:36:22,093] {logging_mixin.py:115} INFO - [2022-08-21 13:36:22,093] {dagbag.py:508} INFO - Filling up the DagBag from /home/airflow/.local/lib/python3.7/site-packages/airflow/example_dags/example_task_group_decorator.py
[2022-08-21 13:36:22,114] {processor.py:651} INFO - DAG(s) dict_keys(['example_task_group_decorator']) retrieved from /home/airflow/.local/lib/python3.7/site-packages/airflow/example_dags/example_task_group_decorator.py
[2022-08-21 13:36:22,143] {logging_mixin.py:115} INFO - [2022-08-21 13:36:22,143] {dag.py:2420} INFO - Sync 1 DAGs
[2022-08-21 13:36:22,168] {logging_mixin.py:115} INFO - [2022-08-21 13:36:22,168] {dag.py:2972} INFO - Setting next_dagrun for example_task_group_decorator to 2022-08-20T13:36:22.167798+00:00, run_after=2022-08-21T13:36:22.167798+00:00
[2022-08-21 13:36:22,182] {processor.py:161} INFO - Processing /home/airflow/.local/lib/python3.7/site-packages/airflow/example_dags/example_task_group_decorator.py took 0.092 seconds
[2022-08-21 13:36:52,912] {processor.py:153} INFO - Started process (PID=2226) to work on /home/airflow/.local/lib/python3.7/site-packages/airflow/example_dags/example_task_group_decorator.py
[2022-08-21 13:36:52,912] {processor.py:641} INFO - Processing file /home/airflow/.local/lib/python3.7/site-packages/airflow/example_dags/example_task_group_decorator.py for tasks to queue
[2022-08-21 13:36:52,913] {logging_mixin.py:115} INFO - [2022-08-21 13:36:52,913] {dagbag.py:508} INFO - Filling up the DagBag from /home/airflow/.local/lib/python3.7/site-packages/airflow/example_dags/example_task_group_decorator.py
[2022-08-21 13:36:52,940] {processor.py:651} INFO - DAG(s) dict_keys(['example_task_group_decorator']) retrieved from /home/airflow/.local/lib/python3.7/site-packages/airflow/example_dags/example_task_group_decorator.py
[2022-08-21 13:36:52,967] {logging_mixin.py:115} INFO - [2022-08-21 13:36:52,967] {dag.py:2420} INFO - Sync 1 DAGs
[2022-08-21 13:36:52,988] {logging_mixin.py:115} INFO - [2022-08-21 13:36:52,988] {dag.py:2972} INFO - Setting next_dagrun for example_task_group_decorator to 2022-08-20T13:36:52.988503+00:00, run_after=2022-08-21T13:36:52.988503+00:00
[2022-08-21 13:36:53,004] {processor.py:161} INFO - Processing /home/airflow/.local/lib/python3.7/site-packages/airflow/example_dags/example_task_group_decorator.py took 0.095 seconds
[2022-08-21 13:37:23,666] {processor.py:153} INFO - Started process (PID=2288) to work on /home/airflow/.local/lib/python3.7/site-packages/airflow/example_dags/example_task_group_decorator.py
[2022-08-21 13:37:23,667] {processor.py:641} INFO - Processing file /home/airflow/.local/lib/python3.7/site-packages/airflow/example_dags/example_task_group_decorator.py for tasks to queue
[2022-08-21 13:37:23,668] {logging_mixin.py:115} INFO - [2022-08-21 13:37:23,668] {dagbag.py:508} INFO - Filling up the DagBag from /home/airflow/.local/lib/python3.7/site-packages/airflow/example_dags/example_task_group_decorator.py
[2022-08-21 13:37:23,692] {processor.py:651} INFO - DAG(s) dict_keys(['example_task_group_decorator']) retrieved from /home/airflow/.local/lib/python3.7/site-packages/airflow/example_dags/example_task_group_decorator.py
[2022-08-21 13:37:23,722] {logging_mixin.py:115} INFO - [2022-08-21 13:37:23,722] {dag.py:2420} INFO - Sync 1 DAGs
[2022-08-21 13:37:23,743] {logging_mixin.py:115} INFO - [2022-08-21 13:37:23,743] {dag.py:2972} INFO - Setting next_dagrun for example_task_group_decorator to 2022-08-20T13:37:23.743455+00:00, run_after=2022-08-21T13:37:23.743455+00:00
[2022-08-21 13:37:23,758] {processor.py:161} INFO - Processing /home/airflow/.local/lib/python3.7/site-packages/airflow/example_dags/example_task_group_decorator.py took 0.095 seconds
[2022-08-21 13:37:54,548] {processor.py:153} INFO - Started process (PID=2349) to work on /home/airflow/.local/lib/python3.7/site-packages/airflow/example_dags/example_task_group_decorator.py
[2022-08-21 13:37:54,549] {processor.py:641} INFO - Processing file /home/airflow/.local/lib/python3.7/site-packages/airflow/example_dags/example_task_group_decorator.py for tasks to queue
[2022-08-21 13:37:54,550] {logging_mixin.py:115} INFO - [2022-08-21 13:37:54,549] {dagbag.py:508} INFO - Filling up the DagBag from /home/airflow/.local/lib/python3.7/site-packages/airflow/example_dags/example_task_group_decorator.py
[2022-08-21 13:37:54,573] {processor.py:651} INFO - DAG(s) dict_keys(['example_task_group_decorator']) retrieved from /home/airflow/.local/lib/python3.7/site-packages/airflow/example_dags/example_task_group_decorator.py
[2022-08-21 13:37:54,642] {logging_mixin.py:115} INFO - [2022-08-21 13:37:54,642] {dag.py:2420} INFO - Sync 1 DAGs
[2022-08-21 13:37:54,659] {logging_mixin.py:115} INFO - [2022-08-21 13:37:54,659] {dag.py:2972} INFO - Setting next_dagrun for example_task_group_decorator to 2022-08-20T13:37:54.658839+00:00, run_after=2022-08-21T13:37:54.658839+00:00
[2022-08-21 13:37:54,676] {processor.py:161} INFO - Processing /home/airflow/.local/lib/python3.7/site-packages/airflow/example_dags/example_task_group_decorator.py took 0.131 seconds
[2022-08-21 13:38:25,486] {processor.py:153} INFO - Started process (PID=2410) to work on /home/airflow/.local/lib/python3.7/site-packages/airflow/example_dags/example_task_group_decorator.py
[2022-08-21 13:38:25,487] {processor.py:641} INFO - Processing file /home/airflow/.local/lib/python3.7/site-packages/airflow/example_dags/example_task_group_decorator.py for tasks to queue
[2022-08-21 13:38:25,487] {logging_mixin.py:115} INFO - [2022-08-21 13:38:25,487] {dagbag.py:508} INFO - Filling up the DagBag from /home/airflow/.local/lib/python3.7/site-packages/airflow/example_dags/example_task_group_decorator.py
[2022-08-21 13:38:25,516] {processor.py:651} INFO - DAG(s) dict_keys(['example_task_group_decorator']) retrieved from /home/airflow/.local/lib/python3.7/site-packages/airflow/example_dags/example_task_group_decorator.py
[2022-08-21 13:38:25,598] {logging_mixin.py:115} INFO - [2022-08-21 13:38:25,598] {dag.py:2420} INFO - Sync 1 DAGs
[2022-08-21 13:38:25,619] {logging_mixin.py:115} INFO - [2022-08-21 13:38:25,619] {dag.py:2972} INFO - Setting next_dagrun for example_task_group_decorator to 2022-08-20T13:38:25.619517+00:00, run_after=2022-08-21T13:38:25.619517+00:00
[2022-08-21 13:38:25,639] {processor.py:161} INFO - Processing /home/airflow/.local/lib/python3.7/site-packages/airflow/example_dags/example_task_group_decorator.py took 0.157 seconds
[2022-08-21 13:38:56,497] {processor.py:153} INFO - Started process (PID=2462) to work on /home/airflow/.local/lib/python3.7/site-packages/airflow/example_dags/example_task_group_decorator.py
[2022-08-21 13:38:56,497] {processor.py:641} INFO - Processing file /home/airflow/.local/lib/python3.7/site-packages/airflow/example_dags/example_task_group_decorator.py for tasks to queue
[2022-08-21 13:38:56,498] {logging_mixin.py:115} INFO - [2022-08-21 13:38:56,498] {dagbag.py:508} INFO - Filling up the DagBag from /home/airflow/.local/lib/python3.7/site-packages/airflow/example_dags/example_task_group_decorator.py
[2022-08-21 13:38:56,520] {processor.py:651} INFO - DAG(s) dict_keys(['example_task_group_decorator']) retrieved from /home/airflow/.local/lib/python3.7/site-packages/airflow/example_dags/example_task_group_decorator.py
[2022-08-21 13:38:56,582] {logging_mixin.py:115} INFO - [2022-08-21 13:38:56,582] {dag.py:2420} INFO - Sync 1 DAGs
[2022-08-21 13:38:56,603] {logging_mixin.py:115} INFO - [2022-08-21 13:38:56,603] {dag.py:2972} INFO - Setting next_dagrun for example_task_group_decorator to 2022-08-20T13:38:56.603547+00:00, run_after=2022-08-21T13:38:56.603547+00:00
[2022-08-21 13:38:56,620] {processor.py:161} INFO - Processing /home/airflow/.local/lib/python3.7/site-packages/airflow/example_dags/example_task_group_decorator.py took 0.126 seconds
[2022-08-21 13:39:26,689] {processor.py:153} INFO - Started process (PID=2523) to work on /home/airflow/.local/lib/python3.7/site-packages/airflow/example_dags/example_task_group_decorator.py
[2022-08-21 13:39:26,690] {processor.py:641} INFO - Processing file /home/airflow/.local/lib/python3.7/site-packages/airflow/example_dags/example_task_group_decorator.py for tasks to queue
[2022-08-21 13:39:26,691] {logging_mixin.py:115} INFO - [2022-08-21 13:39:26,691] {dagbag.py:508} INFO - Filling up the DagBag from /home/airflow/.local/lib/python3.7/site-packages/airflow/example_dags/example_task_group_decorator.py
[2022-08-21 13:39:26,713] {processor.py:651} INFO - DAG(s) dict_keys(['example_task_group_decorator']) retrieved from /home/airflow/.local/lib/python3.7/site-packages/airflow/example_dags/example_task_group_decorator.py
[2022-08-21 13:39:26,782] {logging_mixin.py:115} INFO - [2022-08-21 13:39:26,782] {dag.py:2420} INFO - Sync 1 DAGs
[2022-08-21 13:39:26,804] {logging_mixin.py:115} INFO - [2022-08-21 13:39:26,804] {dag.py:2972} INFO - Setting next_dagrun for example_task_group_decorator to 2022-08-20T13:39:26.803812+00:00, run_after=2022-08-21T13:39:26.803812+00:00
[2022-08-21 13:39:26,821] {processor.py:161} INFO - Processing /home/airflow/.local/lib/python3.7/site-packages/airflow/example_dags/example_task_group_decorator.py took 0.135 seconds
[2022-08-21 13:39:57,664] {processor.py:153} INFO - Started process (PID=2587) to work on /home/airflow/.local/lib/python3.7/site-packages/airflow/example_dags/example_task_group_decorator.py
[2022-08-21 13:39:57,665] {processor.py:641} INFO - Processing file /home/airflow/.local/lib/python3.7/site-packages/airflow/example_dags/example_task_group_decorator.py for tasks to queue
[2022-08-21 13:39:57,666] {logging_mixin.py:115} INFO - [2022-08-21 13:39:57,666] {dagbag.py:508} INFO - Filling up the DagBag from /home/airflow/.local/lib/python3.7/site-packages/airflow/example_dags/example_task_group_decorator.py
[2022-08-21 13:39:57,690] {processor.py:651} INFO - DAG(s) dict_keys(['example_task_group_decorator']) retrieved from /home/airflow/.local/lib/python3.7/site-packages/airflow/example_dags/example_task_group_decorator.py
[2022-08-21 13:39:57,766] {logging_mixin.py:115} INFO - [2022-08-21 13:39:57,766] {dag.py:2420} INFO - Sync 1 DAGs
[2022-08-21 13:39:57,790] {logging_mixin.py:115} INFO - [2022-08-21 13:39:57,790] {dag.py:2972} INFO - Setting next_dagrun for example_task_group_decorator to 2022-08-20T13:39:57.790381+00:00, run_after=2022-08-21T13:39:57.790381+00:00
[2022-08-21 13:39:57,808] {processor.py:161} INFO - Processing /home/airflow/.local/lib/python3.7/site-packages/airflow/example_dags/example_task_group_decorator.py took 0.149 seconds
[2022-08-21 13:40:27,855] {processor.py:153} INFO - Started process (PID=2654) to work on /home/airflow/.local/lib/python3.7/site-packages/airflow/example_dags/example_task_group_decorator.py
[2022-08-21 13:40:27,856] {processor.py:641} INFO - Processing file /home/airflow/.local/lib/python3.7/site-packages/airflow/example_dags/example_task_group_decorator.py for tasks to queue
[2022-08-21 13:40:27,857] {logging_mixin.py:115} INFO - [2022-08-21 13:40:27,857] {dagbag.py:508} INFO - Filling up the DagBag from /home/airflow/.local/lib/python3.7/site-packages/airflow/example_dags/example_task_group_decorator.py
[2022-08-21 13:40:27,884] {processor.py:651} INFO - DAG(s) dict_keys(['example_task_group_decorator']) retrieved from /home/airflow/.local/lib/python3.7/site-packages/airflow/example_dags/example_task_group_decorator.py
[2022-08-21 13:40:27,975] {logging_mixin.py:115} INFO - [2022-08-21 13:40:27,975] {dag.py:2420} INFO - Sync 1 DAGs
[2022-08-21 13:40:27,997] {logging_mixin.py:115} INFO - [2022-08-21 13:40:27,997] {dag.py:2972} INFO - Setting next_dagrun for example_task_group_decorator to 2022-08-20T13:40:27.997288+00:00, run_after=2022-08-21T13:40:27.997288+00:00
[2022-08-21 13:40:28,018] {processor.py:161} INFO - Processing /home/airflow/.local/lib/python3.7/site-packages/airflow/example_dags/example_task_group_decorator.py took 0.165 seconds
[2022-08-21 13:40:58,069] {processor.py:153} INFO - Started process (PID=2715) to work on /home/airflow/.local/lib/python3.7/site-packages/airflow/example_dags/example_task_group_decorator.py
[2022-08-21 13:40:58,070] {processor.py:641} INFO - Processing file /home/airflow/.local/lib/python3.7/site-packages/airflow/example_dags/example_task_group_decorator.py for tasks to queue
[2022-08-21 13:40:58,071] {logging_mixin.py:115} INFO - [2022-08-21 13:40:58,071] {dagbag.py:508} INFO - Filling up the DagBag from /home/airflow/.local/lib/python3.7/site-packages/airflow/example_dags/example_task_group_decorator.py
[2022-08-21 13:40:58,094] {processor.py:651} INFO - DAG(s) dict_keys(['example_task_group_decorator']) retrieved from /home/airflow/.local/lib/python3.7/site-packages/airflow/example_dags/example_task_group_decorator.py
[2022-08-21 13:40:58,160] {logging_mixin.py:115} INFO - [2022-08-21 13:40:58,160] {dag.py:2420} INFO - Sync 1 DAGs
[2022-08-21 13:40:58,182] {logging_mixin.py:115} INFO - [2022-08-21 13:40:58,181] {dag.py:2972} INFO - Setting next_dagrun for example_task_group_decorator to 2022-08-20T13:40:58.181436+00:00, run_after=2022-08-21T13:40:58.181436+00:00
[2022-08-21 13:40:58,199] {processor.py:161} INFO - Processing /home/airflow/.local/lib/python3.7/site-packages/airflow/example_dags/example_task_group_decorator.py took 0.132 seconds
[2022-08-21 13:41:28,248] {processor.py:153} INFO - Started process (PID=2771) to work on /home/airflow/.local/lib/python3.7/site-packages/airflow/example_dags/example_task_group_decorator.py
[2022-08-21 13:41:28,249] {processor.py:641} INFO - Processing file /home/airflow/.local/lib/python3.7/site-packages/airflow/example_dags/example_task_group_decorator.py for tasks to queue
[2022-08-21 13:41:28,249] {logging_mixin.py:115} INFO - [2022-08-21 13:41:28,249] {dagbag.py:508} INFO - Filling up the DagBag from /home/airflow/.local/lib/python3.7/site-packages/airflow/example_dags/example_task_group_decorator.py
[2022-08-21 13:41:28,271] {processor.py:651} INFO - DAG(s) dict_keys(['example_task_group_decorator']) retrieved from /home/airflow/.local/lib/python3.7/site-packages/airflow/example_dags/example_task_group_decorator.py
[2022-08-21 13:41:28,341] {logging_mixin.py:115} INFO - [2022-08-21 13:41:28,341] {dag.py:2420} INFO - Sync 1 DAGs
[2022-08-21 13:41:28,365] {logging_mixin.py:115} INFO - [2022-08-21 13:41:28,365] {dag.py:2972} INFO - Setting next_dagrun for example_task_group_decorator to 2022-08-20T13:41:28.365091+00:00, run_after=2022-08-21T13:41:28.365091+00:00
[2022-08-21 13:41:28,385] {processor.py:161} INFO - Processing /home/airflow/.local/lib/python3.7/site-packages/airflow/example_dags/example_task_group_decorator.py took 0.140 seconds
[2022-08-21 13:41:59,345] {processor.py:153} INFO - Started process (PID=2832) to work on /home/airflow/.local/lib/python3.7/site-packages/airflow/example_dags/example_task_group_decorator.py
[2022-08-21 13:41:59,346] {processor.py:641} INFO - Processing file /home/airflow/.local/lib/python3.7/site-packages/airflow/example_dags/example_task_group_decorator.py for tasks to queue
[2022-08-21 13:41:59,347] {logging_mixin.py:115} INFO - [2022-08-21 13:41:59,347] {dagbag.py:508} INFO - Filling up the DagBag from /home/airflow/.local/lib/python3.7/site-packages/airflow/example_dags/example_task_group_decorator.py
[2022-08-21 13:41:59,370] {processor.py:651} INFO - DAG(s) dict_keys(['example_task_group_decorator']) retrieved from /home/airflow/.local/lib/python3.7/site-packages/airflow/example_dags/example_task_group_decorator.py
[2022-08-21 13:41:59,443] {logging_mixin.py:115} INFO - [2022-08-21 13:41:59,443] {dag.py:2420} INFO - Sync 1 DAGs
[2022-08-21 13:41:59,467] {logging_mixin.py:115} INFO - [2022-08-21 13:41:59,467] {dag.py:2972} INFO - Setting next_dagrun for example_task_group_decorator to 2022-08-20T13:41:59.467022+00:00, run_after=2022-08-21T13:41:59.467022+00:00
[2022-08-21 13:41:59,489] {processor.py:161} INFO - Processing /home/airflow/.local/lib/python3.7/site-packages/airflow/example_dags/example_task_group_decorator.py took 0.147 seconds
[2022-08-21 13:42:30,284] {processor.py:153} INFO - Started process (PID=2893) to work on /home/airflow/.local/lib/python3.7/site-packages/airflow/example_dags/example_task_group_decorator.py
[2022-08-21 13:42:30,285] {processor.py:641} INFO - Processing file /home/airflow/.local/lib/python3.7/site-packages/airflow/example_dags/example_task_group_decorator.py for tasks to queue
[2022-08-21 13:42:30,286] {logging_mixin.py:115} INFO - [2022-08-21 13:42:30,286] {dagbag.py:508} INFO - Filling up the DagBag from /home/airflow/.local/lib/python3.7/site-packages/airflow/example_dags/example_task_group_decorator.py
[2022-08-21 13:42:30,307] {processor.py:651} INFO - DAG(s) dict_keys(['example_task_group_decorator']) retrieved from /home/airflow/.local/lib/python3.7/site-packages/airflow/example_dags/example_task_group_decorator.py
[2022-08-21 13:42:30,335] {logging_mixin.py:115} INFO - [2022-08-21 13:42:30,335] {dag.py:2420} INFO - Sync 1 DAGs
[2022-08-21 13:42:30,360] {logging_mixin.py:115} INFO - [2022-08-21 13:42:30,360] {dag.py:2972} INFO - Setting next_dagrun for example_task_group_decorator to 2022-08-20T13:42:30.359701+00:00, run_after=2022-08-21T13:42:30.359701+00:00
[2022-08-21 13:42:30,376] {processor.py:161} INFO - Processing /home/airflow/.local/lib/python3.7/site-packages/airflow/example_dags/example_task_group_decorator.py took 0.095 seconds
[2022-08-21 13:43:00,469] {processor.py:153} INFO - Started process (PID=2945) to work on /home/airflow/.local/lib/python3.7/site-packages/airflow/example_dags/example_task_group_decorator.py
[2022-08-21 13:43:00,470] {processor.py:641} INFO - Processing file /home/airflow/.local/lib/python3.7/site-packages/airflow/example_dags/example_task_group_decorator.py for tasks to queue
[2022-08-21 13:43:00,472] {logging_mixin.py:115} INFO - [2022-08-21 13:43:00,471] {dagbag.py:508} INFO - Filling up the DagBag from /home/airflow/.local/lib/python3.7/site-packages/airflow/example_dags/example_task_group_decorator.py
[2022-08-21 13:43:00,495] {processor.py:651} INFO - DAG(s) dict_keys(['example_task_group_decorator']) retrieved from /home/airflow/.local/lib/python3.7/site-packages/airflow/example_dags/example_task_group_decorator.py
[2022-08-21 13:43:00,566] {logging_mixin.py:115} INFO - [2022-08-21 13:43:00,566] {dag.py:2420} INFO - Sync 1 DAGs
[2022-08-21 13:43:00,590] {logging_mixin.py:115} INFO - [2022-08-21 13:43:00,589] {dag.py:2972} INFO - Setting next_dagrun for example_task_group_decorator to 2022-08-20T13:43:00.589722+00:00, run_after=2022-08-21T13:43:00.589722+00:00
[2022-08-21 13:43:00,607] {processor.py:161} INFO - Processing /home/airflow/.local/lib/python3.7/site-packages/airflow/example_dags/example_task_group_decorator.py took 0.140 seconds
[2022-08-21 13:43:30,649] {processor.py:153} INFO - Started process (PID=3006) to work on /home/airflow/.local/lib/python3.7/site-packages/airflow/example_dags/example_task_group_decorator.py
[2022-08-21 13:43:30,650] {processor.py:641} INFO - Processing file /home/airflow/.local/lib/python3.7/site-packages/airflow/example_dags/example_task_group_decorator.py for tasks to queue
[2022-08-21 13:43:30,651] {logging_mixin.py:115} INFO - [2022-08-21 13:43:30,651] {dagbag.py:508} INFO - Filling up the DagBag from /home/airflow/.local/lib/python3.7/site-packages/airflow/example_dags/example_task_group_decorator.py
[2022-08-21 13:43:30,693] {processor.py:651} INFO - DAG(s) dict_keys(['example_task_group_decorator']) retrieved from /home/airflow/.local/lib/python3.7/site-packages/airflow/example_dags/example_task_group_decorator.py
[2022-08-21 13:43:30,896] {logging_mixin.py:115} INFO - [2022-08-21 13:43:30,895] {dag.py:2420} INFO - Sync 1 DAGs
[2022-08-21 13:43:30,931] {logging_mixin.py:115} INFO - [2022-08-21 13:43:30,931] {dag.py:2972} INFO - Setting next_dagrun for example_task_group_decorator to 2022-08-20T13:43:30.931268+00:00, run_after=2022-08-21T13:43:30.931268+00:00
[2022-08-21 13:43:30,960] {processor.py:161} INFO - Processing /home/airflow/.local/lib/python3.7/site-packages/airflow/example_dags/example_task_group_decorator.py took 0.314 seconds
[2022-08-21 13:44:01,854] {processor.py:153} INFO - Started process (PID=3067) to work on /home/airflow/.local/lib/python3.7/site-packages/airflow/example_dags/example_task_group_decorator.py
[2022-08-21 13:44:01,856] {processor.py:641} INFO - Processing file /home/airflow/.local/lib/python3.7/site-packages/airflow/example_dags/example_task_group_decorator.py for tasks to queue
[2022-08-21 13:44:01,857] {logging_mixin.py:115} INFO - [2022-08-21 13:44:01,856] {dagbag.py:508} INFO - Filling up the DagBag from /home/airflow/.local/lib/python3.7/site-packages/airflow/example_dags/example_task_group_decorator.py
[2022-08-21 13:44:01,896] {processor.py:651} INFO - DAG(s) dict_keys(['example_task_group_decorator']) retrieved from /home/airflow/.local/lib/python3.7/site-packages/airflow/example_dags/example_task_group_decorator.py
[2022-08-21 13:44:01,981] {logging_mixin.py:115} INFO - [2022-08-21 13:44:01,981] {dag.py:2420} INFO - Sync 1 DAGs
[2022-08-21 13:44:02,000] {logging_mixin.py:115} INFO - [2022-08-21 13:44:02,000] {dag.py:2972} INFO - Setting next_dagrun for example_task_group_decorator to 2022-08-20T13:44:01.999820+00:00, run_after=2022-08-21T13:44:01.999820+00:00
[2022-08-21 13:44:02,013] {processor.py:161} INFO - Processing /home/airflow/.local/lib/python3.7/site-packages/airflow/example_dags/example_task_group_decorator.py took 0.162 seconds
[2022-08-21 13:44:32,715] {processor.py:153} INFO - Started process (PID=3119) to work on /home/airflow/.local/lib/python3.7/site-packages/airflow/example_dags/example_task_group_decorator.py
[2022-08-21 13:44:32,716] {processor.py:641} INFO - Processing file /home/airflow/.local/lib/python3.7/site-packages/airflow/example_dags/example_task_group_decorator.py for tasks to queue
[2022-08-21 13:44:32,717] {logging_mixin.py:115} INFO - [2022-08-21 13:44:32,717] {dagbag.py:508} INFO - Filling up the DagBag from /home/airflow/.local/lib/python3.7/site-packages/airflow/example_dags/example_task_group_decorator.py
[2022-08-21 13:44:32,741] {processor.py:651} INFO - DAG(s) dict_keys(['example_task_group_decorator']) retrieved from /home/airflow/.local/lib/python3.7/site-packages/airflow/example_dags/example_task_group_decorator.py
[2022-08-21 13:44:32,811] {logging_mixin.py:115} INFO - [2022-08-21 13:44:32,810] {dag.py:2420} INFO - Sync 1 DAGs
[2022-08-21 13:44:32,834] {logging_mixin.py:115} INFO - [2022-08-21 13:44:32,834] {dag.py:2972} INFO - Setting next_dagrun for example_task_group_decorator to 2022-08-20T13:44:32.833745+00:00, run_after=2022-08-21T13:44:32.833745+00:00
[2022-08-21 13:44:32,851] {processor.py:161} INFO - Processing /home/airflow/.local/lib/python3.7/site-packages/airflow/example_dags/example_task_group_decorator.py took 0.139 seconds
[2022-08-21 13:45:03,631] {processor.py:153} INFO - Started process (PID=3180) to work on /home/airflow/.local/lib/python3.7/site-packages/airflow/example_dags/example_task_group_decorator.py
[2022-08-21 13:45:03,632] {processor.py:641} INFO - Processing file /home/airflow/.local/lib/python3.7/site-packages/airflow/example_dags/example_task_group_decorator.py for tasks to queue
[2022-08-21 13:45:03,633] {logging_mixin.py:115} INFO - [2022-08-21 13:45:03,633] {dagbag.py:508} INFO - Filling up the DagBag from /home/airflow/.local/lib/python3.7/site-packages/airflow/example_dags/example_task_group_decorator.py
[2022-08-21 13:45:03,658] {processor.py:651} INFO - DAG(s) dict_keys(['example_task_group_decorator']) retrieved from /home/airflow/.local/lib/python3.7/site-packages/airflow/example_dags/example_task_group_decorator.py
[2022-08-21 13:45:03,725] {logging_mixin.py:115} INFO - [2022-08-21 13:45:03,725] {dag.py:2420} INFO - Sync 1 DAGs
[2022-08-21 13:45:03,748] {logging_mixin.py:115} INFO - [2022-08-21 13:45:03,748] {dag.py:2972} INFO - Setting next_dagrun for example_task_group_decorator to 2022-08-20T13:45:03.748183+00:00, run_after=2022-08-21T13:45:03.748183+00:00
[2022-08-21 13:45:03,763] {processor.py:161} INFO - Processing /home/airflow/.local/lib/python3.7/site-packages/airflow/example_dags/example_task_group_decorator.py took 0.135 seconds
[2022-08-21 13:45:33,868] {processor.py:153} INFO - Started process (PID=3241) to work on /home/airflow/.local/lib/python3.7/site-packages/airflow/example_dags/example_task_group_decorator.py
[2022-08-21 13:45:33,869] {processor.py:641} INFO - Processing file /home/airflow/.local/lib/python3.7/site-packages/airflow/example_dags/example_task_group_decorator.py for tasks to queue
[2022-08-21 13:45:33,870] {logging_mixin.py:115} INFO - [2022-08-21 13:45:33,870] {dagbag.py:508} INFO - Filling up the DagBag from /home/airflow/.local/lib/python3.7/site-packages/airflow/example_dags/example_task_group_decorator.py
[2022-08-21 13:45:33,901] {processor.py:651} INFO - DAG(s) dict_keys(['example_task_group_decorator']) retrieved from /home/airflow/.local/lib/python3.7/site-packages/airflow/example_dags/example_task_group_decorator.py
[2022-08-21 13:45:33,969] {logging_mixin.py:115} INFO - [2022-08-21 13:45:33,969] {dag.py:2420} INFO - Sync 1 DAGs
[2022-08-21 13:45:33,989] {logging_mixin.py:115} INFO - [2022-08-21 13:45:33,989] {dag.py:2972} INFO - Setting next_dagrun for example_task_group_decorator to 2022-08-20T13:45:33.989422+00:00, run_after=2022-08-21T13:45:33.989422+00:00
[2022-08-21 13:45:34,008] {processor.py:161} INFO - Processing /home/airflow/.local/lib/python3.7/site-packages/airflow/example_dags/example_task_group_decorator.py took 0.143 seconds
[2022-08-21 13:46:04,813] {processor.py:153} INFO - Started process (PID=3293) to work on /home/airflow/.local/lib/python3.7/site-packages/airflow/example_dags/example_task_group_decorator.py
[2022-08-21 13:46:04,813] {processor.py:641} INFO - Processing file /home/airflow/.local/lib/python3.7/site-packages/airflow/example_dags/example_task_group_decorator.py for tasks to queue
[2022-08-21 13:46:04,814] {logging_mixin.py:115} INFO - [2022-08-21 13:46:04,814] {dagbag.py:508} INFO - Filling up the DagBag from /home/airflow/.local/lib/python3.7/site-packages/airflow/example_dags/example_task_group_decorator.py
[2022-08-21 13:46:04,838] {processor.py:651} INFO - DAG(s) dict_keys(['example_task_group_decorator']) retrieved from /home/airflow/.local/lib/python3.7/site-packages/airflow/example_dags/example_task_group_decorator.py
[2022-08-21 13:46:04,922] {logging_mixin.py:115} INFO - [2022-08-21 13:46:04,922] {dag.py:2420} INFO - Sync 1 DAGs
[2022-08-21 13:46:04,948] {logging_mixin.py:115} INFO - [2022-08-21 13:46:04,948] {dag.py:2972} INFO - Setting next_dagrun for example_task_group_decorator to 2022-08-20T13:46:04.948476+00:00, run_after=2022-08-21T13:46:04.948476+00:00
[2022-08-21 13:46:04,972] {processor.py:161} INFO - Processing /home/airflow/.local/lib/python3.7/site-packages/airflow/example_dags/example_task_group_decorator.py took 0.162 seconds
[2022-08-21 13:46:35,144] {processor.py:153} INFO - Started process (PID=3354) to work on /home/airflow/.local/lib/python3.7/site-packages/airflow/example_dags/example_task_group_decorator.py
[2022-08-21 13:46:35,144] {processor.py:641} INFO - Processing file /home/airflow/.local/lib/python3.7/site-packages/airflow/example_dags/example_task_group_decorator.py for tasks to queue
[2022-08-21 13:46:35,145] {logging_mixin.py:115} INFO - [2022-08-21 13:46:35,145] {dagbag.py:508} INFO - Filling up the DagBag from /home/airflow/.local/lib/python3.7/site-packages/airflow/example_dags/example_task_group_decorator.py
[2022-08-21 13:46:35,177] {processor.py:651} INFO - DAG(s) dict_keys(['example_task_group_decorator']) retrieved from /home/airflow/.local/lib/python3.7/site-packages/airflow/example_dags/example_task_group_decorator.py
[2022-08-21 13:46:35,206] {logging_mixin.py:115} INFO - [2022-08-21 13:46:35,206] {dag.py:2420} INFO - Sync 1 DAGs
[2022-08-21 13:46:35,230] {logging_mixin.py:115} INFO - [2022-08-21 13:46:35,229] {dag.py:2972} INFO - Setting next_dagrun for example_task_group_decorator to 2022-08-20T13:46:35.229474+00:00, run_after=2022-08-21T13:46:35.229474+00:00
[2022-08-21 13:46:35,249] {processor.py:161} INFO - Processing /home/airflow/.local/lib/python3.7/site-packages/airflow/example_dags/example_task_group_decorator.py took 0.108 seconds
[2022-08-21 13:47:05,970] {processor.py:153} INFO - Started process (PID=3408) to work on /home/airflow/.local/lib/python3.7/site-packages/airflow/example_dags/example_task_group_decorator.py
[2022-08-21 13:47:05,972] {processor.py:641} INFO - Processing file /home/airflow/.local/lib/python3.7/site-packages/airflow/example_dags/example_task_group_decorator.py for tasks to queue
[2022-08-21 13:47:05,972] {logging_mixin.py:115} INFO - [2022-08-21 13:47:05,972] {dagbag.py:508} INFO - Filling up the DagBag from /home/airflow/.local/lib/python3.7/site-packages/airflow/example_dags/example_task_group_decorator.py
[2022-08-21 13:47:05,994] {processor.py:651} INFO - DAG(s) dict_keys(['example_task_group_decorator']) retrieved from /home/airflow/.local/lib/python3.7/site-packages/airflow/example_dags/example_task_group_decorator.py
[2022-08-21 13:47:06,022] {logging_mixin.py:115} INFO - [2022-08-21 13:47:06,022] {dag.py:2420} INFO - Sync 1 DAGs
[2022-08-21 13:47:06,044] {logging_mixin.py:115} INFO - [2022-08-21 13:47:06,044] {dag.py:2972} INFO - Setting next_dagrun for example_task_group_decorator to 2022-08-20T13:47:06.044687+00:00, run_after=2022-08-21T13:47:06.044687+00:00
[2022-08-21 13:47:06,060] {processor.py:161} INFO - Processing /home/airflow/.local/lib/python3.7/site-packages/airflow/example_dags/example_task_group_decorator.py took 0.093 seconds
[2022-08-21 13:47:36,712] {processor.py:153} INFO - Started process (PID=3470) to work on /home/airflow/.local/lib/python3.7/site-packages/airflow/example_dags/example_task_group_decorator.py
[2022-08-21 13:47:36,712] {processor.py:641} INFO - Processing file /home/airflow/.local/lib/python3.7/site-packages/airflow/example_dags/example_task_group_decorator.py for tasks to queue
[2022-08-21 13:47:36,713] {logging_mixin.py:115} INFO - [2022-08-21 13:47:36,713] {dagbag.py:508} INFO - Filling up the DagBag from /home/airflow/.local/lib/python3.7/site-packages/airflow/example_dags/example_task_group_decorator.py
[2022-08-21 13:47:36,736] {processor.py:651} INFO - DAG(s) dict_keys(['example_task_group_decorator']) retrieved from /home/airflow/.local/lib/python3.7/site-packages/airflow/example_dags/example_task_group_decorator.py
[2022-08-21 13:47:36,801] {logging_mixin.py:115} INFO - [2022-08-21 13:47:36,801] {dag.py:2420} INFO - Sync 1 DAGs
[2022-08-21 13:47:36,820] {logging_mixin.py:115} INFO - [2022-08-21 13:47:36,820] {dag.py:2972} INFO - Setting next_dagrun for example_task_group_decorator to 2022-08-20T13:47:36.820271+00:00, run_after=2022-08-21T13:47:36.820271+00:00
[2022-08-21 13:47:36,836] {processor.py:161} INFO - Processing /home/airflow/.local/lib/python3.7/site-packages/airflow/example_dags/example_task_group_decorator.py took 0.128 seconds
[2022-08-21 13:48:07,611] {processor.py:153} INFO - Started process (PID=3531) to work on /home/airflow/.local/lib/python3.7/site-packages/airflow/example_dags/example_task_group_decorator.py
[2022-08-21 13:48:07,612] {processor.py:641} INFO - Processing file /home/airflow/.local/lib/python3.7/site-packages/airflow/example_dags/example_task_group_decorator.py for tasks to queue
[2022-08-21 13:48:07,613] {logging_mixin.py:115} INFO - [2022-08-21 13:48:07,613] {dagbag.py:508} INFO - Filling up the DagBag from /home/airflow/.local/lib/python3.7/site-packages/airflow/example_dags/example_task_group_decorator.py
[2022-08-21 13:48:07,640] {processor.py:651} INFO - DAG(s) dict_keys(['example_task_group_decorator']) retrieved from /home/airflow/.local/lib/python3.7/site-packages/airflow/example_dags/example_task_group_decorator.py
[2022-08-21 13:48:07,700] {logging_mixin.py:115} INFO - [2022-08-21 13:48:07,700] {dag.py:2420} INFO - Sync 1 DAGs
[2022-08-21 13:48:07,719] {logging_mixin.py:115} INFO - [2022-08-21 13:48:07,719] {dag.py:2972} INFO - Setting next_dagrun for example_task_group_decorator to 2022-08-20T13:48:07.719390+00:00, run_after=2022-08-21T13:48:07.719390+00:00
[2022-08-21 13:48:07,735] {processor.py:161} INFO - Processing /home/airflow/.local/lib/python3.7/site-packages/airflow/example_dags/example_task_group_decorator.py took 0.127 seconds
[2022-08-21 13:48:38,021] {processor.py:153} INFO - Started process (PID=3584) to work on /home/airflow/.local/lib/python3.7/site-packages/airflow/example_dags/example_task_group_decorator.py
[2022-08-21 13:48:38,022] {processor.py:641} INFO - Processing file /home/airflow/.local/lib/python3.7/site-packages/airflow/example_dags/example_task_group_decorator.py for tasks to queue
[2022-08-21 13:48:38,023] {logging_mixin.py:115} INFO - [2022-08-21 13:48:38,023] {dagbag.py:508} INFO - Filling up the DagBag from /home/airflow/.local/lib/python3.7/site-packages/airflow/example_dags/example_task_group_decorator.py
[2022-08-21 13:48:38,045] {processor.py:651} INFO - DAG(s) dict_keys(['example_task_group_decorator']) retrieved from /home/airflow/.local/lib/python3.7/site-packages/airflow/example_dags/example_task_group_decorator.py
[2022-08-21 13:48:38,110] {logging_mixin.py:115} INFO - [2022-08-21 13:48:38,109] {dag.py:2420} INFO - Sync 1 DAGs
[2022-08-21 13:48:38,139] {logging_mixin.py:115} INFO - [2022-08-21 13:48:38,139] {dag.py:2972} INFO - Setting next_dagrun for example_task_group_decorator to 2022-08-20T13:48:38.138706+00:00, run_after=2022-08-21T13:48:38.138706+00:00
[2022-08-21 13:48:38,161] {processor.py:161} INFO - Processing /home/airflow/.local/lib/python3.7/site-packages/airflow/example_dags/example_task_group_decorator.py took 0.143 seconds
[2022-08-21 13:49:08,247] {processor.py:153} INFO - Started process (PID=3646) to work on /home/airflow/.local/lib/python3.7/site-packages/airflow/example_dags/example_task_group_decorator.py
[2022-08-21 13:49:08,248] {processor.py:641} INFO - Processing file /home/airflow/.local/lib/python3.7/site-packages/airflow/example_dags/example_task_group_decorator.py for tasks to queue
[2022-08-21 13:49:08,248] {logging_mixin.py:115} INFO - [2022-08-21 13:49:08,248] {dagbag.py:508} INFO - Filling up the DagBag from /home/airflow/.local/lib/python3.7/site-packages/airflow/example_dags/example_task_group_decorator.py
[2022-08-21 13:49:08,274] {processor.py:651} INFO - DAG(s) dict_keys(['example_task_group_decorator']) retrieved from /home/airflow/.local/lib/python3.7/site-packages/airflow/example_dags/example_task_group_decorator.py
[2022-08-21 13:49:08,303] {logging_mixin.py:115} INFO - [2022-08-21 13:49:08,303] {dag.py:2420} INFO - Sync 1 DAGs
[2022-08-21 13:49:08,324] {logging_mixin.py:115} INFO - [2022-08-21 13:49:08,323] {dag.py:2972} INFO - Setting next_dagrun for example_task_group_decorator to 2022-08-20T13:49:08.323703+00:00, run_after=2022-08-21T13:49:08.323703+00:00
[2022-08-21 13:49:08,340] {processor.py:161} INFO - Processing /home/airflow/.local/lib/python3.7/site-packages/airflow/example_dags/example_task_group_decorator.py took 0.098 seconds
[2022-08-21 13:49:39,334] {processor.py:153} INFO - Started process (PID=3707) to work on /home/airflow/.local/lib/python3.7/site-packages/airflow/example_dags/example_task_group_decorator.py
[2022-08-21 13:49:39,335] {processor.py:641} INFO - Processing file /home/airflow/.local/lib/python3.7/site-packages/airflow/example_dags/example_task_group_decorator.py for tasks to queue
[2022-08-21 13:49:39,335] {logging_mixin.py:115} INFO - [2022-08-21 13:49:39,335] {dagbag.py:508} INFO - Filling up the DagBag from /home/airflow/.local/lib/python3.7/site-packages/airflow/example_dags/example_task_group_decorator.py
[2022-08-21 13:49:39,357] {processor.py:651} INFO - DAG(s) dict_keys(['example_task_group_decorator']) retrieved from /home/airflow/.local/lib/python3.7/site-packages/airflow/example_dags/example_task_group_decorator.py
[2022-08-21 13:49:39,439] {logging_mixin.py:115} INFO - [2022-08-21 13:49:39,439] {dag.py:2420} INFO - Sync 1 DAGs
[2022-08-21 13:49:39,466] {logging_mixin.py:115} INFO - [2022-08-21 13:49:39,465] {dag.py:2972} INFO - Setting next_dagrun for example_task_group_decorator to 2022-08-20T13:49:39.464939+00:00, run_after=2022-08-21T13:49:39.464939+00:00
[2022-08-21 13:49:39,487] {processor.py:161} INFO - Processing /home/airflow/.local/lib/python3.7/site-packages/airflow/example_dags/example_task_group_decorator.py took 0.157 seconds
[2022-08-21 13:50:10,293] {processor.py:153} INFO - Started process (PID=3759) to work on /home/airflow/.local/lib/python3.7/site-packages/airflow/example_dags/example_task_group_decorator.py
[2022-08-21 13:50:10,294] {processor.py:641} INFO - Processing file /home/airflow/.local/lib/python3.7/site-packages/airflow/example_dags/example_task_group_decorator.py for tasks to queue
[2022-08-21 13:50:10,295] {logging_mixin.py:115} INFO - [2022-08-21 13:50:10,295] {dagbag.py:508} INFO - Filling up the DagBag from /home/airflow/.local/lib/python3.7/site-packages/airflow/example_dags/example_task_group_decorator.py
[2022-08-21 13:50:10,316] {processor.py:651} INFO - DAG(s) dict_keys(['example_task_group_decorator']) retrieved from /home/airflow/.local/lib/python3.7/site-packages/airflow/example_dags/example_task_group_decorator.py
[2022-08-21 13:50:10,376] {logging_mixin.py:115} INFO - [2022-08-21 13:50:10,376] {dag.py:2420} INFO - Sync 1 DAGs
[2022-08-21 13:50:10,395] {logging_mixin.py:115} INFO - [2022-08-21 13:50:10,395] {dag.py:2972} INFO - Setting next_dagrun for example_task_group_decorator to 2022-08-20T13:50:10.395514+00:00, run_after=2022-08-21T13:50:10.395514+00:00
[2022-08-21 13:50:10,411] {processor.py:161} INFO - Processing /home/airflow/.local/lib/python3.7/site-packages/airflow/example_dags/example_task_group_decorator.py took 0.121 seconds
[2022-08-21 13:50:40,590] {processor.py:153} INFO - Started process (PID=3821) to work on /home/airflow/.local/lib/python3.7/site-packages/airflow/example_dags/example_task_group_decorator.py
[2022-08-21 13:50:40,591] {processor.py:641} INFO - Processing file /home/airflow/.local/lib/python3.7/site-packages/airflow/example_dags/example_task_group_decorator.py for tasks to queue
[2022-08-21 13:50:40,592] {logging_mixin.py:115} INFO - [2022-08-21 13:50:40,592] {dagbag.py:508} INFO - Filling up the DagBag from /home/airflow/.local/lib/python3.7/site-packages/airflow/example_dags/example_task_group_decorator.py
[2022-08-21 13:50:40,615] {processor.py:651} INFO - DAG(s) dict_keys(['example_task_group_decorator']) retrieved from /home/airflow/.local/lib/python3.7/site-packages/airflow/example_dags/example_task_group_decorator.py
[2022-08-21 13:50:40,681] {logging_mixin.py:115} INFO - [2022-08-21 13:50:40,681] {dag.py:2420} INFO - Sync 1 DAGs
[2022-08-21 13:50:40,701] {logging_mixin.py:115} INFO - [2022-08-21 13:50:40,701] {dag.py:2972} INFO - Setting next_dagrun for example_task_group_decorator to 2022-08-20T13:50:40.700938+00:00, run_after=2022-08-21T13:50:40.700938+00:00
[2022-08-21 13:50:40,716] {processor.py:161} INFO - Processing /home/airflow/.local/lib/python3.7/site-packages/airflow/example_dags/example_task_group_decorator.py took 0.128 seconds
[2022-08-21 13:51:10,766] {processor.py:153} INFO - Started process (PID=3882) to work on /home/airflow/.local/lib/python3.7/site-packages/airflow/example_dags/example_task_group_decorator.py
[2022-08-21 13:51:10,767] {processor.py:641} INFO - Processing file /home/airflow/.local/lib/python3.7/site-packages/airflow/example_dags/example_task_group_decorator.py for tasks to queue
[2022-08-21 13:51:10,769] {logging_mixin.py:115} INFO - [2022-08-21 13:51:10,768] {dagbag.py:508} INFO - Filling up the DagBag from /home/airflow/.local/lib/python3.7/site-packages/airflow/example_dags/example_task_group_decorator.py
[2022-08-21 13:51:10,794] {processor.py:651} INFO - DAG(s) dict_keys(['example_task_group_decorator']) retrieved from /home/airflow/.local/lib/python3.7/site-packages/airflow/example_dags/example_task_group_decorator.py
[2022-08-21 13:51:10,828] {logging_mixin.py:115} INFO - [2022-08-21 13:51:10,828] {dag.py:2420} INFO - Sync 1 DAGs
[2022-08-21 13:51:10,853] {logging_mixin.py:115} INFO - [2022-08-21 13:51:10,853] {dag.py:2972} INFO - Setting next_dagrun for example_task_group_decorator to 2022-08-20T13:51:10.853666+00:00, run_after=2022-08-21T13:51:10.853666+00:00
[2022-08-21 13:51:10,867] {processor.py:161} INFO - Processing /home/airflow/.local/lib/python3.7/site-packages/airflow/example_dags/example_task_group_decorator.py took 0.108 seconds
[2022-08-21 13:51:40,957] {processor.py:153} INFO - Started process (PID=3934) to work on /home/airflow/.local/lib/python3.7/site-packages/airflow/example_dags/example_task_group_decorator.py
[2022-08-21 13:51:40,958] {processor.py:641} INFO - Processing file /home/airflow/.local/lib/python3.7/site-packages/airflow/example_dags/example_task_group_decorator.py for tasks to queue
[2022-08-21 13:51:40,959] {logging_mixin.py:115} INFO - [2022-08-21 13:51:40,959] {dagbag.py:508} INFO - Filling up the DagBag from /home/airflow/.local/lib/python3.7/site-packages/airflow/example_dags/example_task_group_decorator.py
[2022-08-21 13:51:40,988] {processor.py:651} INFO - DAG(s) dict_keys(['example_task_group_decorator']) retrieved from /home/airflow/.local/lib/python3.7/site-packages/airflow/example_dags/example_task_group_decorator.py
[2022-08-21 13:51:41,062] {logging_mixin.py:115} INFO - [2022-08-21 13:51:41,062] {dag.py:2420} INFO - Sync 1 DAGs
[2022-08-21 13:51:41,085] {logging_mixin.py:115} INFO - [2022-08-21 13:51:41,084] {dag.py:2972} INFO - Setting next_dagrun for example_task_group_decorator to 2022-08-20T13:51:41.084548+00:00, run_after=2022-08-21T13:51:41.084548+00:00
[2022-08-21 13:51:41,108] {processor.py:161} INFO - Processing /home/airflow/.local/lib/python3.7/site-packages/airflow/example_dags/example_task_group_decorator.py took 0.153 seconds
[2022-08-21 13:52:11,184] {processor.py:153} INFO - Started process (PID=3995) to work on /home/airflow/.local/lib/python3.7/site-packages/airflow/example_dags/example_task_group_decorator.py
[2022-08-21 13:52:11,185] {processor.py:641} INFO - Processing file /home/airflow/.local/lib/python3.7/site-packages/airflow/example_dags/example_task_group_decorator.py for tasks to queue
[2022-08-21 13:52:11,186] {logging_mixin.py:115} INFO - [2022-08-21 13:52:11,186] {dagbag.py:508} INFO - Filling up the DagBag from /home/airflow/.local/lib/python3.7/site-packages/airflow/example_dags/example_task_group_decorator.py
[2022-08-21 13:52:11,209] {processor.py:651} INFO - DAG(s) dict_keys(['example_task_group_decorator']) retrieved from /home/airflow/.local/lib/python3.7/site-packages/airflow/example_dags/example_task_group_decorator.py
[2022-08-21 13:52:11,279] {logging_mixin.py:115} INFO - [2022-08-21 13:52:11,279] {dag.py:2420} INFO - Sync 1 DAGs
[2022-08-21 13:52:11,301] {logging_mixin.py:115} INFO - [2022-08-21 13:52:11,301] {dag.py:2972} INFO - Setting next_dagrun for example_task_group_decorator to 2022-08-20T13:52:11.300899+00:00, run_after=2022-08-21T13:52:11.300899+00:00
[2022-08-21 13:52:11,318] {processor.py:161} INFO - Processing /home/airflow/.local/lib/python3.7/site-packages/airflow/example_dags/example_task_group_decorator.py took 0.137 seconds
[2022-08-21 13:52:41,822] {processor.py:153} INFO - Started process (PID=4056) to work on /home/airflow/.local/lib/python3.7/site-packages/airflow/example_dags/example_task_group_decorator.py
[2022-08-21 13:52:41,823] {processor.py:641} INFO - Processing file /home/airflow/.local/lib/python3.7/site-packages/airflow/example_dags/example_task_group_decorator.py for tasks to queue
[2022-08-21 13:52:41,824] {logging_mixin.py:115} INFO - [2022-08-21 13:52:41,824] {dagbag.py:508} INFO - Filling up the DagBag from /home/airflow/.local/lib/python3.7/site-packages/airflow/example_dags/example_task_group_decorator.py
[2022-08-21 13:52:41,858] {processor.py:651} INFO - DAG(s) dict_keys(['example_task_group_decorator']) retrieved from /home/airflow/.local/lib/python3.7/site-packages/airflow/example_dags/example_task_group_decorator.py
[2022-08-21 13:52:41,895] {logging_mixin.py:115} INFO - [2022-08-21 13:52:41,894] {dag.py:2420} INFO - Sync 1 DAGs
[2022-08-21 13:52:41,929] {logging_mixin.py:115} INFO - [2022-08-21 13:52:41,929] {dag.py:2972} INFO - Setting next_dagrun for example_task_group_decorator to 2022-08-20T13:52:41.928780+00:00, run_after=2022-08-21T13:52:41.928780+00:00
[2022-08-21 13:52:41,950] {processor.py:161} INFO - Processing /home/airflow/.local/lib/python3.7/site-packages/airflow/example_dags/example_task_group_decorator.py took 0.130 seconds
[2022-08-21 13:53:12,745] {processor.py:153} INFO - Started process (PID=4108) to work on /home/airflow/.local/lib/python3.7/site-packages/airflow/example_dags/example_task_group_decorator.py
[2022-08-21 13:53:12,746] {processor.py:641} INFO - Processing file /home/airflow/.local/lib/python3.7/site-packages/airflow/example_dags/example_task_group_decorator.py for tasks to queue
[2022-08-21 13:53:12,747] {logging_mixin.py:115} INFO - [2022-08-21 13:53:12,747] {dagbag.py:508} INFO - Filling up the DagBag from /home/airflow/.local/lib/python3.7/site-packages/airflow/example_dags/example_task_group_decorator.py
[2022-08-21 13:53:12,777] {processor.py:651} INFO - DAG(s) dict_keys(['example_task_group_decorator']) retrieved from /home/airflow/.local/lib/python3.7/site-packages/airflow/example_dags/example_task_group_decorator.py
[2022-08-21 13:53:12,856] {logging_mixin.py:115} INFO - [2022-08-21 13:53:12,856] {dag.py:2420} INFO - Sync 1 DAGs
[2022-08-21 13:53:12,876] {logging_mixin.py:115} INFO - [2022-08-21 13:53:12,876] {dag.py:2972} INFO - Setting next_dagrun for example_task_group_decorator to 2022-08-20T13:53:12.876352+00:00, run_after=2022-08-21T13:53:12.876352+00:00
[2022-08-21 13:53:12,891] {processor.py:161} INFO - Processing /home/airflow/.local/lib/python3.7/site-packages/airflow/example_dags/example_task_group_decorator.py took 0.150 seconds
[2022-08-21 13:53:43,123] {processor.py:153} INFO - Started process (PID=4169) to work on /home/airflow/.local/lib/python3.7/site-packages/airflow/example_dags/example_task_group_decorator.py
[2022-08-21 13:53:43,124] {processor.py:641} INFO - Processing file /home/airflow/.local/lib/python3.7/site-packages/airflow/example_dags/example_task_group_decorator.py for tasks to queue
[2022-08-21 13:53:43,125] {logging_mixin.py:115} INFO - [2022-08-21 13:53:43,125] {dagbag.py:508} INFO - Filling up the DagBag from /home/airflow/.local/lib/python3.7/site-packages/airflow/example_dags/example_task_group_decorator.py
[2022-08-21 13:53:43,147] {processor.py:651} INFO - DAG(s) dict_keys(['example_task_group_decorator']) retrieved from /home/airflow/.local/lib/python3.7/site-packages/airflow/example_dags/example_task_group_decorator.py
[2022-08-21 13:53:43,175] {logging_mixin.py:115} INFO - [2022-08-21 13:53:43,174] {dag.py:2420} INFO - Sync 1 DAGs
[2022-08-21 13:53:43,194] {logging_mixin.py:115} INFO - [2022-08-21 13:53:43,194] {dag.py:2972} INFO - Setting next_dagrun for example_task_group_decorator to 2022-08-20T13:53:43.194462+00:00, run_after=2022-08-21T13:53:43.194462+00:00
[2022-08-21 13:53:43,210] {processor.py:161} INFO - Processing /home/airflow/.local/lib/python3.7/site-packages/airflow/example_dags/example_task_group_decorator.py took 0.089 seconds
