[2022-08-21 13:17:59,171] {processor.py:153} INFO - Started process (PID=66) to work on /home/airflow/.local/lib/python3.7/site-packages/airflow/example_dags/example_nested_branch_dag.py
[2022-08-21 13:17:59,172] {processor.py:641} INFO - Processing file /home/airflow/.local/lib/python3.7/site-packages/airflow/example_dags/example_nested_branch_dag.py for tasks to queue
[2022-08-21 13:17:59,173] {logging_mixin.py:115} INFO - [2022-08-21 13:17:59,173] {dagbag.py:508} INFO - Filling up the DagBag from /home/airflow/.local/lib/python3.7/site-packages/airflow/example_dags/example_nested_branch_dag.py
[2022-08-21 13:17:59,184] {processor.py:651} INFO - DAG(s) dict_keys(['example_nested_branch_dag']) retrieved from /home/airflow/.local/lib/python3.7/site-packages/airflow/example_dags/example_nested_branch_dag.py
[2022-08-21 13:17:59,208] {logging_mixin.py:115} INFO - [2022-08-21 13:17:59,208] {dag.py:2420} INFO - Sync 1 DAGs
[2022-08-21 13:17:59,241] {logging_mixin.py:115} INFO - [2022-08-21 13:17:59,241] {dag.py:2972} INFO - Setting next_dagrun for example_nested_branch_dag to 2022-08-20T00:00:00+00:00, run_after=2022-08-21T00:00:00+00:00
[2022-08-21 13:17:59,261] {processor.py:161} INFO - Processing /home/airflow/.local/lib/python3.7/site-packages/airflow/example_dags/example_nested_branch_dag.py took 0.093 seconds
[2022-08-21 13:18:29,738] {processor.py:153} INFO - Started process (PID=119) to work on /home/airflow/.local/lib/python3.7/site-packages/airflow/example_dags/example_nested_branch_dag.py
[2022-08-21 13:18:29,739] {processor.py:641} INFO - Processing file /home/airflow/.local/lib/python3.7/site-packages/airflow/example_dags/example_nested_branch_dag.py for tasks to queue
[2022-08-21 13:18:29,740] {logging_mixin.py:115} INFO - [2022-08-21 13:18:29,740] {dagbag.py:508} INFO - Filling up the DagBag from /home/airflow/.local/lib/python3.7/site-packages/airflow/example_dags/example_nested_branch_dag.py
[2022-08-21 13:18:29,749] {processor.py:651} INFO - DAG(s) dict_keys(['example_nested_branch_dag']) retrieved from /home/airflow/.local/lib/python3.7/site-packages/airflow/example_dags/example_nested_branch_dag.py
[2022-08-21 13:18:29,778] {logging_mixin.py:115} INFO - [2022-08-21 13:18:29,778] {dag.py:2420} INFO - Sync 1 DAGs
[2022-08-21 13:18:29,800] {logging_mixin.py:115} INFO - [2022-08-21 13:18:29,800] {dag.py:2972} INFO - Setting next_dagrun for example_nested_branch_dag to 2022-08-20T00:00:00+00:00, run_after=2022-08-21T00:00:00+00:00
[2022-08-21 13:18:29,815] {processor.py:161} INFO - Processing /home/airflow/.local/lib/python3.7/site-packages/airflow/example_dags/example_nested_branch_dag.py took 0.081 seconds
[2022-08-21 13:18:59,976] {processor.py:153} INFO - Started process (PID=182) to work on /home/airflow/.local/lib/python3.7/site-packages/airflow/example_dags/example_nested_branch_dag.py
[2022-08-21 13:18:59,978] {processor.py:641} INFO - Processing file /home/airflow/.local/lib/python3.7/site-packages/airflow/example_dags/example_nested_branch_dag.py for tasks to queue
[2022-08-21 13:18:59,979] {logging_mixin.py:115} INFO - [2022-08-21 13:18:59,979] {dagbag.py:508} INFO - Filling up the DagBag from /home/airflow/.local/lib/python3.7/site-packages/airflow/example_dags/example_nested_branch_dag.py
[2022-08-21 13:18:59,994] {processor.py:651} INFO - DAG(s) dict_keys(['example_nested_branch_dag']) retrieved from /home/airflow/.local/lib/python3.7/site-packages/airflow/example_dags/example_nested_branch_dag.py
[2022-08-21 13:19:00,036] {logging_mixin.py:115} INFO - [2022-08-21 13:19:00,036] {dag.py:2420} INFO - Sync 1 DAGs
[2022-08-21 13:19:00,075] {logging_mixin.py:115} INFO - [2022-08-21 13:19:00,075] {dag.py:2972} INFO - Setting next_dagrun for example_nested_branch_dag to 2022-08-20T00:00:00+00:00, run_after=2022-08-21T00:00:00+00:00
[2022-08-21 13:19:00,094] {processor.py:161} INFO - Processing /home/airflow/.local/lib/python3.7/site-packages/airflow/example_dags/example_nested_branch_dag.py took 0.123 seconds
[2022-08-21 13:19:30,790] {processor.py:153} INFO - Started process (PID=244) to work on /home/airflow/.local/lib/python3.7/site-packages/airflow/example_dags/example_nested_branch_dag.py
[2022-08-21 13:19:30,791] {processor.py:641} INFO - Processing file /home/airflow/.local/lib/python3.7/site-packages/airflow/example_dags/example_nested_branch_dag.py for tasks to queue
[2022-08-21 13:19:30,792] {logging_mixin.py:115} INFO - [2022-08-21 13:19:30,792] {dagbag.py:508} INFO - Filling up the DagBag from /home/airflow/.local/lib/python3.7/site-packages/airflow/example_dags/example_nested_branch_dag.py
[2022-08-21 13:19:30,802] {processor.py:651} INFO - DAG(s) dict_keys(['example_nested_branch_dag']) retrieved from /home/airflow/.local/lib/python3.7/site-packages/airflow/example_dags/example_nested_branch_dag.py
[2022-08-21 13:19:30,828] {logging_mixin.py:115} INFO - [2022-08-21 13:19:30,828] {dag.py:2420} INFO - Sync 1 DAGs
[2022-08-21 13:19:30,850] {logging_mixin.py:115} INFO - [2022-08-21 13:19:30,849] {dag.py:2972} INFO - Setting next_dagrun for example_nested_branch_dag to 2022-08-20T00:00:00+00:00, run_after=2022-08-21T00:00:00+00:00
[2022-08-21 13:19:30,867] {processor.py:161} INFO - Processing /home/airflow/.local/lib/python3.7/site-packages/airflow/example_dags/example_nested_branch_dag.py took 0.079 seconds
[2022-08-21 13:20:01,282] {processor.py:153} INFO - Started process (PID=296) to work on /home/airflow/.local/lib/python3.7/site-packages/airflow/example_dags/example_nested_branch_dag.py
[2022-08-21 13:20:01,284] {processor.py:641} INFO - Processing file /home/airflow/.local/lib/python3.7/site-packages/airflow/example_dags/example_nested_branch_dag.py for tasks to queue
[2022-08-21 13:20:01,285] {logging_mixin.py:115} INFO - [2022-08-21 13:20:01,285] {dagbag.py:508} INFO - Filling up the DagBag from /home/airflow/.local/lib/python3.7/site-packages/airflow/example_dags/example_nested_branch_dag.py
[2022-08-21 13:20:01,301] {processor.py:651} INFO - DAG(s) dict_keys(['example_nested_branch_dag']) retrieved from /home/airflow/.local/lib/python3.7/site-packages/airflow/example_dags/example_nested_branch_dag.py
[2022-08-21 13:20:01,337] {logging_mixin.py:115} INFO - [2022-08-21 13:20:01,337] {dag.py:2420} INFO - Sync 1 DAGs
[2022-08-21 13:20:01,365] {logging_mixin.py:115} INFO - [2022-08-21 13:20:01,365] {dag.py:2972} INFO - Setting next_dagrun for example_nested_branch_dag to 2022-08-20T00:00:00+00:00, run_after=2022-08-21T00:00:00+00:00
[2022-08-21 13:20:01,386] {processor.py:161} INFO - Processing /home/airflow/.local/lib/python3.7/site-packages/airflow/example_dags/example_nested_branch_dag.py took 0.108 seconds
[2022-08-21 13:20:31,448] {processor.py:153} INFO - Started process (PID=358) to work on /home/airflow/.local/lib/python3.7/site-packages/airflow/example_dags/example_nested_branch_dag.py
[2022-08-21 13:20:31,449] {processor.py:641} INFO - Processing file /home/airflow/.local/lib/python3.7/site-packages/airflow/example_dags/example_nested_branch_dag.py for tasks to queue
[2022-08-21 13:20:31,449] {logging_mixin.py:115} INFO - [2022-08-21 13:20:31,449] {dagbag.py:508} INFO - Filling up the DagBag from /home/airflow/.local/lib/python3.7/site-packages/airflow/example_dags/example_nested_branch_dag.py
[2022-08-21 13:20:31,458] {processor.py:651} INFO - DAG(s) dict_keys(['example_nested_branch_dag']) retrieved from /home/airflow/.local/lib/python3.7/site-packages/airflow/example_dags/example_nested_branch_dag.py
[2022-08-21 13:20:31,484] {logging_mixin.py:115} INFO - [2022-08-21 13:20:31,484] {dag.py:2420} INFO - Sync 1 DAGs
[2022-08-21 13:20:31,508] {logging_mixin.py:115} INFO - [2022-08-21 13:20:31,508] {dag.py:2972} INFO - Setting next_dagrun for example_nested_branch_dag to 2022-08-20T00:00:00+00:00, run_after=2022-08-21T00:00:00+00:00
[2022-08-21 13:20:31,525] {processor.py:161} INFO - Processing /home/airflow/.local/lib/python3.7/site-packages/airflow/example_dags/example_nested_branch_dag.py took 0.080 seconds
[2022-08-21 13:21:01,762] {processor.py:153} INFO - Started process (PID=419) to work on /home/airflow/.local/lib/python3.7/site-packages/airflow/example_dags/example_nested_branch_dag.py
[2022-08-21 13:21:01,763] {processor.py:641} INFO - Processing file /home/airflow/.local/lib/python3.7/site-packages/airflow/example_dags/example_nested_branch_dag.py for tasks to queue
[2022-08-21 13:21:01,764] {logging_mixin.py:115} INFO - [2022-08-21 13:21:01,764] {dagbag.py:508} INFO - Filling up the DagBag from /home/airflow/.local/lib/python3.7/site-packages/airflow/example_dags/example_nested_branch_dag.py
[2022-08-21 13:21:01,775] {processor.py:651} INFO - DAG(s) dict_keys(['example_nested_branch_dag']) retrieved from /home/airflow/.local/lib/python3.7/site-packages/airflow/example_dags/example_nested_branch_dag.py
[2022-08-21 13:21:01,807] {logging_mixin.py:115} INFO - [2022-08-21 13:21:01,806] {dag.py:2420} INFO - Sync 1 DAGs
[2022-08-21 13:21:01,849] {logging_mixin.py:115} INFO - [2022-08-21 13:21:01,849] {dag.py:2972} INFO - Setting next_dagrun for example_nested_branch_dag to 2022-08-20T00:00:00+00:00, run_after=2022-08-21T00:00:00+00:00
[2022-08-21 13:21:01,874] {processor.py:161} INFO - Processing /home/airflow/.local/lib/python3.7/site-packages/airflow/example_dags/example_nested_branch_dag.py took 0.115 seconds
[2022-08-21 13:21:32,065] {processor.py:153} INFO - Started process (PID=472) to work on /home/airflow/.local/lib/python3.7/site-packages/airflow/example_dags/example_nested_branch_dag.py
[2022-08-21 13:21:32,067] {processor.py:641} INFO - Processing file /home/airflow/.local/lib/python3.7/site-packages/airflow/example_dags/example_nested_branch_dag.py for tasks to queue
[2022-08-21 13:21:32,069] {logging_mixin.py:115} INFO - [2022-08-21 13:21:32,069] {dagbag.py:508} INFO - Filling up the DagBag from /home/airflow/.local/lib/python3.7/site-packages/airflow/example_dags/example_nested_branch_dag.py
[2022-08-21 13:21:32,082] {processor.py:651} INFO - DAG(s) dict_keys(['example_nested_branch_dag']) retrieved from /home/airflow/.local/lib/python3.7/site-packages/airflow/example_dags/example_nested_branch_dag.py
[2022-08-21 13:21:32,112] {logging_mixin.py:115} INFO - [2022-08-21 13:21:32,112] {dag.py:2420} INFO - Sync 1 DAGs
[2022-08-21 13:21:32,143] {logging_mixin.py:115} INFO - [2022-08-21 13:21:32,143] {dag.py:2972} INFO - Setting next_dagrun for example_nested_branch_dag to 2022-08-20T00:00:00+00:00, run_after=2022-08-21T00:00:00+00:00
[2022-08-21 13:21:32,159] {processor.py:161} INFO - Processing /home/airflow/.local/lib/python3.7/site-packages/airflow/example_dags/example_nested_branch_dag.py took 0.098 seconds
[2022-08-21 13:22:02,268] {processor.py:153} INFO - Started process (PID=533) to work on /home/airflow/.local/lib/python3.7/site-packages/airflow/example_dags/example_nested_branch_dag.py
[2022-08-21 13:22:02,269] {processor.py:641} INFO - Processing file /home/airflow/.local/lib/python3.7/site-packages/airflow/example_dags/example_nested_branch_dag.py for tasks to queue
[2022-08-21 13:22:02,270] {logging_mixin.py:115} INFO - [2022-08-21 13:22:02,270] {dagbag.py:508} INFO - Filling up the DagBag from /home/airflow/.local/lib/python3.7/site-packages/airflow/example_dags/example_nested_branch_dag.py
[2022-08-21 13:22:02,279] {processor.py:651} INFO - DAG(s) dict_keys(['example_nested_branch_dag']) retrieved from /home/airflow/.local/lib/python3.7/site-packages/airflow/example_dags/example_nested_branch_dag.py
[2022-08-21 13:22:02,306] {logging_mixin.py:115} INFO - [2022-08-21 13:22:02,306] {dag.py:2420} INFO - Sync 1 DAGs
[2022-08-21 13:22:02,327] {logging_mixin.py:115} INFO - [2022-08-21 13:22:02,327] {dag.py:2972} INFO - Setting next_dagrun for example_nested_branch_dag to 2022-08-20T00:00:00+00:00, run_after=2022-08-21T00:00:00+00:00
[2022-08-21 13:22:02,345] {processor.py:161} INFO - Processing /home/airflow/.local/lib/python3.7/site-packages/airflow/example_dags/example_nested_branch_dag.py took 0.080 seconds
[2022-08-21 13:22:32,364] {processor.py:153} INFO - Started process (PID=594) to work on /home/airflow/.local/lib/python3.7/site-packages/airflow/example_dags/example_nested_branch_dag.py
[2022-08-21 13:22:32,365] {processor.py:641} INFO - Processing file /home/airflow/.local/lib/python3.7/site-packages/airflow/example_dags/example_nested_branch_dag.py for tasks to queue
[2022-08-21 13:22:32,365] {logging_mixin.py:115} INFO - [2022-08-21 13:22:32,365] {dagbag.py:508} INFO - Filling up the DagBag from /home/airflow/.local/lib/python3.7/site-packages/airflow/example_dags/example_nested_branch_dag.py
[2022-08-21 13:22:32,384] {processor.py:651} INFO - DAG(s) dict_keys(['example_nested_branch_dag']) retrieved from /home/airflow/.local/lib/python3.7/site-packages/airflow/example_dags/example_nested_branch_dag.py
[2022-08-21 13:22:32,491] {logging_mixin.py:115} INFO - [2022-08-21 13:22:32,490] {dag.py:2420} INFO - Sync 1 DAGs
[2022-08-21 13:22:32,522] {logging_mixin.py:115} INFO - [2022-08-21 13:22:32,522] {dag.py:2972} INFO - Setting next_dagrun for example_nested_branch_dag to 2022-08-20T00:00:00+00:00, run_after=2022-08-21T00:00:00+00:00
[2022-08-21 13:22:32,535] {processor.py:161} INFO - Processing /home/airflow/.local/lib/python3.7/site-packages/airflow/example_dags/example_nested_branch_dag.py took 0.173 seconds
[2022-08-21 13:23:02,600] {processor.py:153} INFO - Started process (PID=647) to work on /home/airflow/.local/lib/python3.7/site-packages/airflow/example_dags/example_nested_branch_dag.py
[2022-08-21 13:23:02,601] {processor.py:641} INFO - Processing file /home/airflow/.local/lib/python3.7/site-packages/airflow/example_dags/example_nested_branch_dag.py for tasks to queue
[2022-08-21 13:23:02,602] {logging_mixin.py:115} INFO - [2022-08-21 13:23:02,602] {dagbag.py:508} INFO - Filling up the DagBag from /home/airflow/.local/lib/python3.7/site-packages/airflow/example_dags/example_nested_branch_dag.py
[2022-08-21 13:23:02,613] {processor.py:651} INFO - DAG(s) dict_keys(['example_nested_branch_dag']) retrieved from /home/airflow/.local/lib/python3.7/site-packages/airflow/example_dags/example_nested_branch_dag.py
[2022-08-21 13:23:02,643] {logging_mixin.py:115} INFO - [2022-08-21 13:23:02,643] {dag.py:2420} INFO - Sync 1 DAGs
[2022-08-21 13:23:02,673] {logging_mixin.py:115} INFO - [2022-08-21 13:23:02,673] {dag.py:2972} INFO - Setting next_dagrun for example_nested_branch_dag to 2022-08-20T00:00:00+00:00, run_after=2022-08-21T00:00:00+00:00
[2022-08-21 13:23:02,685] {processor.py:161} INFO - Processing /home/airflow/.local/lib/python3.7/site-packages/airflow/example_dags/example_nested_branch_dag.py took 0.088 seconds
[2022-08-21 13:23:33,621] {processor.py:153} INFO - Started process (PID=708) to work on /home/airflow/.local/lib/python3.7/site-packages/airflow/example_dags/example_nested_branch_dag.py
[2022-08-21 13:23:33,622] {processor.py:641} INFO - Processing file /home/airflow/.local/lib/python3.7/site-packages/airflow/example_dags/example_nested_branch_dag.py for tasks to queue
[2022-08-21 13:23:33,623] {logging_mixin.py:115} INFO - [2022-08-21 13:23:33,623] {dagbag.py:508} INFO - Filling up the DagBag from /home/airflow/.local/lib/python3.7/site-packages/airflow/example_dags/example_nested_branch_dag.py
[2022-08-21 13:23:33,634] {processor.py:651} INFO - DAG(s) dict_keys(['example_nested_branch_dag']) retrieved from /home/airflow/.local/lib/python3.7/site-packages/airflow/example_dags/example_nested_branch_dag.py
[2022-08-21 13:23:33,659] {logging_mixin.py:115} INFO - [2022-08-21 13:23:33,659] {dag.py:2420} INFO - Sync 1 DAGs
[2022-08-21 13:23:33,684] {logging_mixin.py:115} INFO - [2022-08-21 13:23:33,684] {dag.py:2972} INFO - Setting next_dagrun for example_nested_branch_dag to 2022-08-20T00:00:00+00:00, run_after=2022-08-21T00:00:00+00:00
[2022-08-21 13:23:33,699] {processor.py:161} INFO - Processing /home/airflow/.local/lib/python3.7/site-packages/airflow/example_dags/example_nested_branch_dag.py took 0.081 seconds
[2022-08-21 13:24:05,184] {processor.py:153} INFO - Started process (PID=769) to work on /home/airflow/.local/lib/python3.7/site-packages/airflow/example_dags/example_nested_branch_dag.py
[2022-08-21 13:24:05,186] {processor.py:641} INFO - Processing file /home/airflow/.local/lib/python3.7/site-packages/airflow/example_dags/example_nested_branch_dag.py for tasks to queue
[2022-08-21 13:24:05,187] {logging_mixin.py:115} INFO - [2022-08-21 13:24:05,187] {dagbag.py:508} INFO - Filling up the DagBag from /home/airflow/.local/lib/python3.7/site-packages/airflow/example_dags/example_nested_branch_dag.py
[2022-08-21 13:24:05,224] {processor.py:651} INFO - DAG(s) dict_keys(['example_nested_branch_dag']) retrieved from /home/airflow/.local/lib/python3.7/site-packages/airflow/example_dags/example_nested_branch_dag.py
[2022-08-21 13:24:05,296] {logging_mixin.py:115} INFO - [2022-08-21 13:24:05,296] {dag.py:2420} INFO - Sync 1 DAGs
[2022-08-21 13:24:05,385] {logging_mixin.py:115} INFO - [2022-08-21 13:24:05,385] {dag.py:2972} INFO - Setting next_dagrun for example_nested_branch_dag to 2022-08-20T00:00:00+00:00, run_after=2022-08-21T00:00:00+00:00
[2022-08-21 13:24:05,426] {processor.py:161} INFO - Processing /home/airflow/.local/lib/python3.7/site-packages/airflow/example_dags/example_nested_branch_dag.py took 0.248 seconds
[2022-08-21 13:24:35,626] {processor.py:153} INFO - Started process (PID=821) to work on /home/airflow/.local/lib/python3.7/site-packages/airflow/example_dags/example_nested_branch_dag.py
[2022-08-21 13:24:35,627] {processor.py:641} INFO - Processing file /home/airflow/.local/lib/python3.7/site-packages/airflow/example_dags/example_nested_branch_dag.py for tasks to queue
[2022-08-21 13:24:35,628] {logging_mixin.py:115} INFO - [2022-08-21 13:24:35,628] {dagbag.py:508} INFO - Filling up the DagBag from /home/airflow/.local/lib/python3.7/site-packages/airflow/example_dags/example_nested_branch_dag.py
[2022-08-21 13:24:35,642] {processor.py:651} INFO - DAG(s) dict_keys(['example_nested_branch_dag']) retrieved from /home/airflow/.local/lib/python3.7/site-packages/airflow/example_dags/example_nested_branch_dag.py
[2022-08-21 13:24:35,668] {logging_mixin.py:115} INFO - [2022-08-21 13:24:35,668] {dag.py:2420} INFO - Sync 1 DAGs
[2022-08-21 13:24:35,692] {logging_mixin.py:115} INFO - [2022-08-21 13:24:35,692] {dag.py:2972} INFO - Setting next_dagrun for example_nested_branch_dag to 2022-08-20T00:00:00+00:00, run_after=2022-08-21T00:00:00+00:00
[2022-08-21 13:24:35,717] {processor.py:161} INFO - Processing /home/airflow/.local/lib/python3.7/site-packages/airflow/example_dags/example_nested_branch_dag.py took 0.093 seconds
[2022-08-21 13:25:05,769] {processor.py:153} INFO - Started process (PID=882) to work on /home/airflow/.local/lib/python3.7/site-packages/airflow/example_dags/example_nested_branch_dag.py
[2022-08-21 13:25:05,770] {processor.py:641} INFO - Processing file /home/airflow/.local/lib/python3.7/site-packages/airflow/example_dags/example_nested_branch_dag.py for tasks to queue
[2022-08-21 13:25:05,771] {logging_mixin.py:115} INFO - [2022-08-21 13:25:05,771] {dagbag.py:508} INFO - Filling up the DagBag from /home/airflow/.local/lib/python3.7/site-packages/airflow/example_dags/example_nested_branch_dag.py
[2022-08-21 13:25:05,779] {processor.py:651} INFO - DAG(s) dict_keys(['example_nested_branch_dag']) retrieved from /home/airflow/.local/lib/python3.7/site-packages/airflow/example_dags/example_nested_branch_dag.py
[2022-08-21 13:25:05,839] {logging_mixin.py:115} INFO - [2022-08-21 13:25:05,839] {dag.py:2420} INFO - Sync 1 DAGs
[2022-08-21 13:25:05,859] {logging_mixin.py:115} INFO - [2022-08-21 13:25:05,859] {dag.py:2972} INFO - Setting next_dagrun for example_nested_branch_dag to 2022-08-20T00:00:00+00:00, run_after=2022-08-21T00:00:00+00:00
[2022-08-21 13:25:05,871] {processor.py:161} INFO - Processing /home/airflow/.local/lib/python3.7/site-packages/airflow/example_dags/example_nested_branch_dag.py took 0.104 seconds
[2022-08-21 13:25:35,990] {processor.py:153} INFO - Started process (PID=935) to work on /home/airflow/.local/lib/python3.7/site-packages/airflow/example_dags/example_nested_branch_dag.py
[2022-08-21 13:25:35,991] {processor.py:641} INFO - Processing file /home/airflow/.local/lib/python3.7/site-packages/airflow/example_dags/example_nested_branch_dag.py for tasks to queue
[2022-08-21 13:25:35,991] {logging_mixin.py:115} INFO - [2022-08-21 13:25:35,991] {dagbag.py:508} INFO - Filling up the DagBag from /home/airflow/.local/lib/python3.7/site-packages/airflow/example_dags/example_nested_branch_dag.py
[2022-08-21 13:25:36,000] {processor.py:651} INFO - DAG(s) dict_keys(['example_nested_branch_dag']) retrieved from /home/airflow/.local/lib/python3.7/site-packages/airflow/example_dags/example_nested_branch_dag.py
[2022-08-21 13:25:36,023] {logging_mixin.py:115} INFO - [2022-08-21 13:25:36,023] {dag.py:2420} INFO - Sync 1 DAGs
[2022-08-21 13:25:36,043] {logging_mixin.py:115} INFO - [2022-08-21 13:25:36,043] {dag.py:2972} INFO - Setting next_dagrun for example_nested_branch_dag to 2022-08-20T00:00:00+00:00, run_after=2022-08-21T00:00:00+00:00
[2022-08-21 13:25:36,056] {processor.py:161} INFO - Processing /home/airflow/.local/lib/python3.7/site-packages/airflow/example_dags/example_nested_branch_dag.py took 0.068 seconds
[2022-08-21 13:26:06,123] {processor.py:153} INFO - Started process (PID=996) to work on /home/airflow/.local/lib/python3.7/site-packages/airflow/example_dags/example_nested_branch_dag.py
[2022-08-21 13:26:06,124] {processor.py:641} INFO - Processing file /home/airflow/.local/lib/python3.7/site-packages/airflow/example_dags/example_nested_branch_dag.py for tasks to queue
[2022-08-21 13:26:06,125] {logging_mixin.py:115} INFO - [2022-08-21 13:26:06,125] {dagbag.py:508} INFO - Filling up the DagBag from /home/airflow/.local/lib/python3.7/site-packages/airflow/example_dags/example_nested_branch_dag.py
[2022-08-21 13:26:06,139] {processor.py:651} INFO - DAG(s) dict_keys(['example_nested_branch_dag']) retrieved from /home/airflow/.local/lib/python3.7/site-packages/airflow/example_dags/example_nested_branch_dag.py
[2022-08-21 13:26:06,166] {logging_mixin.py:115} INFO - [2022-08-21 13:26:06,166] {dag.py:2420} INFO - Sync 1 DAGs
[2022-08-21 13:26:06,189] {logging_mixin.py:115} INFO - [2022-08-21 13:26:06,189] {dag.py:2972} INFO - Setting next_dagrun for example_nested_branch_dag to 2022-08-20T00:00:00+00:00, run_after=2022-08-21T00:00:00+00:00
[2022-08-21 13:26:06,203] {processor.py:161} INFO - Processing /home/airflow/.local/lib/python3.7/site-packages/airflow/example_dags/example_nested_branch_dag.py took 0.083 seconds
[2022-08-21 13:26:36,378] {processor.py:153} INFO - Started process (PID=1057) to work on /home/airflow/.local/lib/python3.7/site-packages/airflow/example_dags/example_nested_branch_dag.py
[2022-08-21 13:26:36,379] {processor.py:641} INFO - Processing file /home/airflow/.local/lib/python3.7/site-packages/airflow/example_dags/example_nested_branch_dag.py for tasks to queue
[2022-08-21 13:26:36,380] {logging_mixin.py:115} INFO - [2022-08-21 13:26:36,380] {dagbag.py:508} INFO - Filling up the DagBag from /home/airflow/.local/lib/python3.7/site-packages/airflow/example_dags/example_nested_branch_dag.py
[2022-08-21 13:26:36,389] {processor.py:651} INFO - DAG(s) dict_keys(['example_nested_branch_dag']) retrieved from /home/airflow/.local/lib/python3.7/site-packages/airflow/example_dags/example_nested_branch_dag.py
[2022-08-21 13:26:36,412] {logging_mixin.py:115} INFO - [2022-08-21 13:26:36,412] {dag.py:2420} INFO - Sync 1 DAGs
[2022-08-21 13:26:36,433] {logging_mixin.py:115} INFO - [2022-08-21 13:26:36,433] {dag.py:2972} INFO - Setting next_dagrun for example_nested_branch_dag to 2022-08-20T00:00:00+00:00, run_after=2022-08-21T00:00:00+00:00
[2022-08-21 13:26:36,453] {processor.py:161} INFO - Processing /home/airflow/.local/lib/python3.7/site-packages/airflow/example_dags/example_nested_branch_dag.py took 0.077 seconds
[2022-08-21 13:27:06,526] {processor.py:153} INFO - Started process (PID=1109) to work on /home/airflow/.local/lib/python3.7/site-packages/airflow/example_dags/example_nested_branch_dag.py
[2022-08-21 13:27:06,526] {processor.py:641} INFO - Processing file /home/airflow/.local/lib/python3.7/site-packages/airflow/example_dags/example_nested_branch_dag.py for tasks to queue
[2022-08-21 13:27:06,527] {logging_mixin.py:115} INFO - [2022-08-21 13:27:06,527] {dagbag.py:508} INFO - Filling up the DagBag from /home/airflow/.local/lib/python3.7/site-packages/airflow/example_dags/example_nested_branch_dag.py
[2022-08-21 13:27:06,539] {processor.py:651} INFO - DAG(s) dict_keys(['example_nested_branch_dag']) retrieved from /home/airflow/.local/lib/python3.7/site-packages/airflow/example_dags/example_nested_branch_dag.py
[2022-08-21 13:27:06,561] {logging_mixin.py:115} INFO - [2022-08-21 13:27:06,561] {dag.py:2420} INFO - Sync 1 DAGs
[2022-08-21 13:27:06,583] {logging_mixin.py:115} INFO - [2022-08-21 13:27:06,583] {dag.py:2972} INFO - Setting next_dagrun for example_nested_branch_dag to 2022-08-20T00:00:00+00:00, run_after=2022-08-21T00:00:00+00:00
[2022-08-21 13:27:06,601] {processor.py:161} INFO - Processing /home/airflow/.local/lib/python3.7/site-packages/airflow/example_dags/example_nested_branch_dag.py took 0.078 seconds
[2022-08-21 13:27:36,838] {processor.py:153} INFO - Started process (PID=1171) to work on /home/airflow/.local/lib/python3.7/site-packages/airflow/example_dags/example_nested_branch_dag.py
[2022-08-21 13:27:36,838] {processor.py:641} INFO - Processing file /home/airflow/.local/lib/python3.7/site-packages/airflow/example_dags/example_nested_branch_dag.py for tasks to queue
[2022-08-21 13:27:36,839] {logging_mixin.py:115} INFO - [2022-08-21 13:27:36,839] {dagbag.py:508} INFO - Filling up the DagBag from /home/airflow/.local/lib/python3.7/site-packages/airflow/example_dags/example_nested_branch_dag.py
[2022-08-21 13:27:36,848] {processor.py:651} INFO - DAG(s) dict_keys(['example_nested_branch_dag']) retrieved from /home/airflow/.local/lib/python3.7/site-packages/airflow/example_dags/example_nested_branch_dag.py
[2022-08-21 13:27:36,878] {logging_mixin.py:115} INFO - [2022-08-21 13:27:36,878] {dag.py:2420} INFO - Sync 1 DAGs
[2022-08-21 13:27:36,908] {logging_mixin.py:115} INFO - [2022-08-21 13:27:36,908] {dag.py:2972} INFO - Setting next_dagrun for example_nested_branch_dag to 2022-08-20T00:00:00+00:00, run_after=2022-08-21T00:00:00+00:00
[2022-08-21 13:27:36,929] {processor.py:161} INFO - Processing /home/airflow/.local/lib/python3.7/site-packages/airflow/example_dags/example_nested_branch_dag.py took 0.094 seconds
[2022-08-21 13:28:07,830] {processor.py:153} INFO - Started process (PID=1232) to work on /home/airflow/.local/lib/python3.7/site-packages/airflow/example_dags/example_nested_branch_dag.py
[2022-08-21 13:28:07,831] {processor.py:641} INFO - Processing file /home/airflow/.local/lib/python3.7/site-packages/airflow/example_dags/example_nested_branch_dag.py for tasks to queue
[2022-08-21 13:28:07,832] {logging_mixin.py:115} INFO - [2022-08-21 13:28:07,832] {dagbag.py:508} INFO - Filling up the DagBag from /home/airflow/.local/lib/python3.7/site-packages/airflow/example_dags/example_nested_branch_dag.py
[2022-08-21 13:28:07,842] {processor.py:651} INFO - DAG(s) dict_keys(['example_nested_branch_dag']) retrieved from /home/airflow/.local/lib/python3.7/site-packages/airflow/example_dags/example_nested_branch_dag.py
[2022-08-21 13:28:07,864] {logging_mixin.py:115} INFO - [2022-08-21 13:28:07,864] {dag.py:2420} INFO - Sync 1 DAGs
[2022-08-21 13:28:07,889] {logging_mixin.py:115} INFO - [2022-08-21 13:28:07,889] {dag.py:2972} INFO - Setting next_dagrun for example_nested_branch_dag to 2022-08-20T00:00:00+00:00, run_after=2022-08-21T00:00:00+00:00
[2022-08-21 13:28:07,902] {processor.py:161} INFO - Processing /home/airflow/.local/lib/python3.7/site-packages/airflow/example_dags/example_nested_branch_dag.py took 0.075 seconds
[2022-08-21 13:28:38,650] {processor.py:153} INFO - Started process (PID=1285) to work on /home/airflow/.local/lib/python3.7/site-packages/airflow/example_dags/example_nested_branch_dag.py
[2022-08-21 13:28:38,651] {processor.py:641} INFO - Processing file /home/airflow/.local/lib/python3.7/site-packages/airflow/example_dags/example_nested_branch_dag.py for tasks to queue
[2022-08-21 13:28:38,651] {logging_mixin.py:115} INFO - [2022-08-21 13:28:38,651] {dagbag.py:508} INFO - Filling up the DagBag from /home/airflow/.local/lib/python3.7/site-packages/airflow/example_dags/example_nested_branch_dag.py
[2022-08-21 13:28:38,659] {processor.py:651} INFO - DAG(s) dict_keys(['example_nested_branch_dag']) retrieved from /home/airflow/.local/lib/python3.7/site-packages/airflow/example_dags/example_nested_branch_dag.py
[2022-08-21 13:28:38,684] {logging_mixin.py:115} INFO - [2022-08-21 13:28:38,684] {dag.py:2420} INFO - Sync 1 DAGs
[2022-08-21 13:28:38,704] {logging_mixin.py:115} INFO - [2022-08-21 13:28:38,704] {dag.py:2972} INFO - Setting next_dagrun for example_nested_branch_dag to 2022-08-20T00:00:00+00:00, run_after=2022-08-21T00:00:00+00:00
[2022-08-21 13:28:38,721] {processor.py:161} INFO - Processing /home/airflow/.local/lib/python3.7/site-packages/airflow/example_dags/example_nested_branch_dag.py took 0.074 seconds
[2022-08-21 13:29:09,613] {processor.py:153} INFO - Started process (PID=1346) to work on /home/airflow/.local/lib/python3.7/site-packages/airflow/example_dags/example_nested_branch_dag.py
[2022-08-21 13:29:09,614] {processor.py:641} INFO - Processing file /home/airflow/.local/lib/python3.7/site-packages/airflow/example_dags/example_nested_branch_dag.py for tasks to queue
[2022-08-21 13:29:09,615] {logging_mixin.py:115} INFO - [2022-08-21 13:29:09,615] {dagbag.py:508} INFO - Filling up the DagBag from /home/airflow/.local/lib/python3.7/site-packages/airflow/example_dags/example_nested_branch_dag.py
[2022-08-21 13:29:09,624] {processor.py:651} INFO - DAG(s) dict_keys(['example_nested_branch_dag']) retrieved from /home/airflow/.local/lib/python3.7/site-packages/airflow/example_dags/example_nested_branch_dag.py
[2022-08-21 13:29:09,651] {logging_mixin.py:115} INFO - [2022-08-21 13:29:09,651] {dag.py:2420} INFO - Sync 1 DAGs
[2022-08-21 13:29:09,672] {logging_mixin.py:115} INFO - [2022-08-21 13:29:09,672] {dag.py:2972} INFO - Setting next_dagrun for example_nested_branch_dag to 2022-08-20T00:00:00+00:00, run_after=2022-08-21T00:00:00+00:00
[2022-08-21 13:29:09,686] {processor.py:161} INFO - Processing /home/airflow/.local/lib/python3.7/site-packages/airflow/example_dags/example_nested_branch_dag.py took 0.076 seconds
[2022-08-21 13:29:40,500] {processor.py:153} INFO - Started process (PID=1407) to work on /home/airflow/.local/lib/python3.7/site-packages/airflow/example_dags/example_nested_branch_dag.py
[2022-08-21 13:29:40,501] {processor.py:641} INFO - Processing file /home/airflow/.local/lib/python3.7/site-packages/airflow/example_dags/example_nested_branch_dag.py for tasks to queue
[2022-08-21 13:29:40,502] {logging_mixin.py:115} INFO - [2022-08-21 13:29:40,502] {dagbag.py:508} INFO - Filling up the DagBag from /home/airflow/.local/lib/python3.7/site-packages/airflow/example_dags/example_nested_branch_dag.py
[2022-08-21 13:29:40,511] {processor.py:651} INFO - DAG(s) dict_keys(['example_nested_branch_dag']) retrieved from /home/airflow/.local/lib/python3.7/site-packages/airflow/example_dags/example_nested_branch_dag.py
[2022-08-21 13:29:40,533] {logging_mixin.py:115} INFO - [2022-08-21 13:29:40,533] {dag.py:2420} INFO - Sync 1 DAGs
[2022-08-21 13:29:40,554] {logging_mixin.py:115} INFO - [2022-08-21 13:29:40,554] {dag.py:2972} INFO - Setting next_dagrun for example_nested_branch_dag to 2022-08-20T00:00:00+00:00, run_after=2022-08-21T00:00:00+00:00
[2022-08-21 13:29:40,566] {processor.py:161} INFO - Processing /home/airflow/.local/lib/python3.7/site-packages/airflow/example_dags/example_nested_branch_dag.py took 0.068 seconds
[2022-08-21 13:30:11,335] {processor.py:153} INFO - Started process (PID=1459) to work on /home/airflow/.local/lib/python3.7/site-packages/airflow/example_dags/example_nested_branch_dag.py
[2022-08-21 13:30:11,335] {processor.py:641} INFO - Processing file /home/airflow/.local/lib/python3.7/site-packages/airflow/example_dags/example_nested_branch_dag.py for tasks to queue
[2022-08-21 13:30:11,336] {logging_mixin.py:115} INFO - [2022-08-21 13:30:11,336] {dagbag.py:508} INFO - Filling up the DagBag from /home/airflow/.local/lib/python3.7/site-packages/airflow/example_dags/example_nested_branch_dag.py
[2022-08-21 13:30:11,345] {processor.py:651} INFO - DAG(s) dict_keys(['example_nested_branch_dag']) retrieved from /home/airflow/.local/lib/python3.7/site-packages/airflow/example_dags/example_nested_branch_dag.py
[2022-08-21 13:30:11,369] {logging_mixin.py:115} INFO - [2022-08-21 13:30:11,369] {dag.py:2420} INFO - Sync 1 DAGs
[2022-08-21 13:30:11,391] {logging_mixin.py:115} INFO - [2022-08-21 13:30:11,391] {dag.py:2972} INFO - Setting next_dagrun for example_nested_branch_dag to 2022-08-20T00:00:00+00:00, run_after=2022-08-21T00:00:00+00:00
[2022-08-21 13:30:11,408] {processor.py:161} INFO - Processing /home/airflow/.local/lib/python3.7/site-packages/airflow/example_dags/example_nested_branch_dag.py took 0.076 seconds
[2022-08-21 13:30:41,446] {processor.py:153} INFO - Started process (PID=1521) to work on /home/airflow/.local/lib/python3.7/site-packages/airflow/example_dags/example_nested_branch_dag.py
[2022-08-21 13:30:41,446] {processor.py:641} INFO - Processing file /home/airflow/.local/lib/python3.7/site-packages/airflow/example_dags/example_nested_branch_dag.py for tasks to queue
[2022-08-21 13:30:41,447] {logging_mixin.py:115} INFO - [2022-08-21 13:30:41,447] {dagbag.py:508} INFO - Filling up the DagBag from /home/airflow/.local/lib/python3.7/site-packages/airflow/example_dags/example_nested_branch_dag.py
[2022-08-21 13:30:41,456] {processor.py:651} INFO - DAG(s) dict_keys(['example_nested_branch_dag']) retrieved from /home/airflow/.local/lib/python3.7/site-packages/airflow/example_dags/example_nested_branch_dag.py
[2022-08-21 13:30:41,483] {logging_mixin.py:115} INFO - [2022-08-21 13:30:41,483] {dag.py:2420} INFO - Sync 1 DAGs
[2022-08-21 13:30:41,509] {logging_mixin.py:115} INFO - [2022-08-21 13:30:41,509] {dag.py:2972} INFO - Setting next_dagrun for example_nested_branch_dag to 2022-08-20T00:00:00+00:00, run_after=2022-08-21T00:00:00+00:00
[2022-08-21 13:30:41,524] {processor.py:161} INFO - Processing /home/airflow/.local/lib/python3.7/site-packages/airflow/example_dags/example_nested_branch_dag.py took 0.081 seconds
[2022-08-21 13:31:11,851] {processor.py:153} INFO - Started process (PID=1582) to work on /home/airflow/.local/lib/python3.7/site-packages/airflow/example_dags/example_nested_branch_dag.py
[2022-08-21 13:31:11,852] {processor.py:641} INFO - Processing file /home/airflow/.local/lib/python3.7/site-packages/airflow/example_dags/example_nested_branch_dag.py for tasks to queue
[2022-08-21 13:31:11,853] {logging_mixin.py:115} INFO - [2022-08-21 13:31:11,853] {dagbag.py:508} INFO - Filling up the DagBag from /home/airflow/.local/lib/python3.7/site-packages/airflow/example_dags/example_nested_branch_dag.py
[2022-08-21 13:31:11,867] {processor.py:651} INFO - DAG(s) dict_keys(['example_nested_branch_dag']) retrieved from /home/airflow/.local/lib/python3.7/site-packages/airflow/example_dags/example_nested_branch_dag.py
[2022-08-21 13:31:11,906] {logging_mixin.py:115} INFO - [2022-08-21 13:31:11,905] {dag.py:2420} INFO - Sync 1 DAGs
[2022-08-21 13:31:11,939] {logging_mixin.py:115} INFO - [2022-08-21 13:31:11,939] {dag.py:2972} INFO - Setting next_dagrun for example_nested_branch_dag to 2022-08-20T00:00:00+00:00, run_after=2022-08-21T00:00:00+00:00
[2022-08-21 13:31:11,959] {processor.py:161} INFO - Processing /home/airflow/.local/lib/python3.7/site-packages/airflow/example_dags/example_nested_branch_dag.py took 0.113 seconds
[2022-08-21 13:31:41,996] {processor.py:153} INFO - Started process (PID=1634) to work on /home/airflow/.local/lib/python3.7/site-packages/airflow/example_dags/example_nested_branch_dag.py
[2022-08-21 13:31:41,997] {processor.py:641} INFO - Processing file /home/airflow/.local/lib/python3.7/site-packages/airflow/example_dags/example_nested_branch_dag.py for tasks to queue
[2022-08-21 13:31:41,998] {logging_mixin.py:115} INFO - [2022-08-21 13:31:41,998] {dagbag.py:508} INFO - Filling up the DagBag from /home/airflow/.local/lib/python3.7/site-packages/airflow/example_dags/example_nested_branch_dag.py
[2022-08-21 13:31:42,010] {processor.py:651} INFO - DAG(s) dict_keys(['example_nested_branch_dag']) retrieved from /home/airflow/.local/lib/python3.7/site-packages/airflow/example_dags/example_nested_branch_dag.py
[2022-08-21 13:31:42,035] {logging_mixin.py:115} INFO - [2022-08-21 13:31:42,035] {dag.py:2420} INFO - Sync 1 DAGs
[2022-08-21 13:31:42,056] {logging_mixin.py:115} INFO - [2022-08-21 13:31:42,055] {dag.py:2972} INFO - Setting next_dagrun for example_nested_branch_dag to 2022-08-20T00:00:00+00:00, run_after=2022-08-21T00:00:00+00:00
[2022-08-21 13:31:42,076] {processor.py:161} INFO - Processing /home/airflow/.local/lib/python3.7/site-packages/airflow/example_dags/example_nested_branch_dag.py took 0.082 seconds
[2022-08-21 13:32:12,982] {processor.py:153} INFO - Started process (PID=1696) to work on /home/airflow/.local/lib/python3.7/site-packages/airflow/example_dags/example_nested_branch_dag.py
[2022-08-21 13:32:12,983] {processor.py:641} INFO - Processing file /home/airflow/.local/lib/python3.7/site-packages/airflow/example_dags/example_nested_branch_dag.py for tasks to queue
[2022-08-21 13:32:12,983] {logging_mixin.py:115} INFO - [2022-08-21 13:32:12,983] {dagbag.py:508} INFO - Filling up the DagBag from /home/airflow/.local/lib/python3.7/site-packages/airflow/example_dags/example_nested_branch_dag.py
[2022-08-21 13:32:12,992] {processor.py:651} INFO - DAG(s) dict_keys(['example_nested_branch_dag']) retrieved from /home/airflow/.local/lib/python3.7/site-packages/airflow/example_dags/example_nested_branch_dag.py
[2022-08-21 13:32:13,016] {logging_mixin.py:115} INFO - [2022-08-21 13:32:13,016] {dag.py:2420} INFO - Sync 1 DAGs
[2022-08-21 13:32:13,039] {logging_mixin.py:115} INFO - [2022-08-21 13:32:13,038] {dag.py:2972} INFO - Setting next_dagrun for example_nested_branch_dag to 2022-08-20T00:00:00+00:00, run_after=2022-08-21T00:00:00+00:00
[2022-08-21 13:32:13,056] {processor.py:161} INFO - Processing /home/airflow/.local/lib/python3.7/site-packages/airflow/example_dags/example_nested_branch_dag.py took 0.077 seconds
[2022-08-21 13:32:43,772] {processor.py:153} INFO - Started process (PID=1757) to work on /home/airflow/.local/lib/python3.7/site-packages/airflow/example_dags/example_nested_branch_dag.py
[2022-08-21 13:32:43,773] {processor.py:641} INFO - Processing file /home/airflow/.local/lib/python3.7/site-packages/airflow/example_dags/example_nested_branch_dag.py for tasks to queue
[2022-08-21 13:32:43,774] {logging_mixin.py:115} INFO - [2022-08-21 13:32:43,774] {dagbag.py:508} INFO - Filling up the DagBag from /home/airflow/.local/lib/python3.7/site-packages/airflow/example_dags/example_nested_branch_dag.py
[2022-08-21 13:32:43,784] {processor.py:651} INFO - DAG(s) dict_keys(['example_nested_branch_dag']) retrieved from /home/airflow/.local/lib/python3.7/site-packages/airflow/example_dags/example_nested_branch_dag.py
[2022-08-21 13:32:43,809] {logging_mixin.py:115} INFO - [2022-08-21 13:32:43,809] {dag.py:2420} INFO - Sync 1 DAGs
[2022-08-21 13:32:43,834] {logging_mixin.py:115} INFO - [2022-08-21 13:32:43,834] {dag.py:2972} INFO - Setting next_dagrun for example_nested_branch_dag to 2022-08-20T00:00:00+00:00, run_after=2022-08-21T00:00:00+00:00
[2022-08-21 13:32:43,852] {processor.py:161} INFO - Processing /home/airflow/.local/lib/python3.7/site-packages/airflow/example_dags/example_nested_branch_dag.py took 0.086 seconds
[2022-08-21 13:33:14,645] {processor.py:153} INFO - Started process (PID=1810) to work on /home/airflow/.local/lib/python3.7/site-packages/airflow/example_dags/example_nested_branch_dag.py
[2022-08-21 13:33:14,646] {processor.py:641} INFO - Processing file /home/airflow/.local/lib/python3.7/site-packages/airflow/example_dags/example_nested_branch_dag.py for tasks to queue
[2022-08-21 13:33:14,647] {logging_mixin.py:115} INFO - [2022-08-21 13:33:14,647] {dagbag.py:508} INFO - Filling up the DagBag from /home/airflow/.local/lib/python3.7/site-packages/airflow/example_dags/example_nested_branch_dag.py
[2022-08-21 13:33:14,658] {processor.py:651} INFO - DAG(s) dict_keys(['example_nested_branch_dag']) retrieved from /home/airflow/.local/lib/python3.7/site-packages/airflow/example_dags/example_nested_branch_dag.py
[2022-08-21 13:33:14,685] {logging_mixin.py:115} INFO - [2022-08-21 13:33:14,685] {dag.py:2420} INFO - Sync 1 DAGs
[2022-08-21 13:33:14,710] {logging_mixin.py:115} INFO - [2022-08-21 13:33:14,709] {dag.py:2972} INFO - Setting next_dagrun for example_nested_branch_dag to 2022-08-20T00:00:00+00:00, run_after=2022-08-21T00:00:00+00:00
[2022-08-21 13:33:14,723] {processor.py:161} INFO - Processing /home/airflow/.local/lib/python3.7/site-packages/airflow/example_dags/example_nested_branch_dag.py took 0.081 seconds
[2022-08-21 13:33:45,649] {processor.py:153} INFO - Started process (PID=1871) to work on /home/airflow/.local/lib/python3.7/site-packages/airflow/example_dags/example_nested_branch_dag.py
[2022-08-21 13:33:45,650] {processor.py:641} INFO - Processing file /home/airflow/.local/lib/python3.7/site-packages/airflow/example_dags/example_nested_branch_dag.py for tasks to queue
[2022-08-21 13:33:45,651] {logging_mixin.py:115} INFO - [2022-08-21 13:33:45,651] {dagbag.py:508} INFO - Filling up the DagBag from /home/airflow/.local/lib/python3.7/site-packages/airflow/example_dags/example_nested_branch_dag.py
[2022-08-21 13:33:45,664] {processor.py:651} INFO - DAG(s) dict_keys(['example_nested_branch_dag']) retrieved from /home/airflow/.local/lib/python3.7/site-packages/airflow/example_dags/example_nested_branch_dag.py
[2022-08-21 13:33:45,693] {logging_mixin.py:115} INFO - [2022-08-21 13:33:45,693] {dag.py:2420} INFO - Sync 1 DAGs
[2022-08-21 13:33:45,717] {logging_mixin.py:115} INFO - [2022-08-21 13:33:45,716] {dag.py:2972} INFO - Setting next_dagrun for example_nested_branch_dag to 2022-08-20T00:00:00+00:00, run_after=2022-08-21T00:00:00+00:00
[2022-08-21 13:33:45,736] {processor.py:161} INFO - Processing /home/airflow/.local/lib/python3.7/site-packages/airflow/example_dags/example_nested_branch_dag.py took 0.090 seconds
[2022-08-21 13:34:16,640] {processor.py:153} INFO - Started process (PID=1932) to work on /home/airflow/.local/lib/python3.7/site-packages/airflow/example_dags/example_nested_branch_dag.py
[2022-08-21 13:34:16,641] {processor.py:641} INFO - Processing file /home/airflow/.local/lib/python3.7/site-packages/airflow/example_dags/example_nested_branch_dag.py for tasks to queue
[2022-08-21 13:34:16,642] {logging_mixin.py:115} INFO - [2022-08-21 13:34:16,642] {dagbag.py:508} INFO - Filling up the DagBag from /home/airflow/.local/lib/python3.7/site-packages/airflow/example_dags/example_nested_branch_dag.py
[2022-08-21 13:34:16,653] {processor.py:651} INFO - DAG(s) dict_keys(['example_nested_branch_dag']) retrieved from /home/airflow/.local/lib/python3.7/site-packages/airflow/example_dags/example_nested_branch_dag.py
[2022-08-21 13:34:16,701] {logging_mixin.py:115} INFO - [2022-08-21 13:34:16,701] {dag.py:2420} INFO - Sync 1 DAGs
[2022-08-21 13:34:16,725] {logging_mixin.py:115} INFO - [2022-08-21 13:34:16,725] {dag.py:2972} INFO - Setting next_dagrun for example_nested_branch_dag to 2022-08-20T00:00:00+00:00, run_after=2022-08-21T00:00:00+00:00
[2022-08-21 13:34:16,737] {processor.py:161} INFO - Processing /home/airflow/.local/lib/python3.7/site-packages/airflow/example_dags/example_nested_branch_dag.py took 0.099 seconds
[2022-08-21 13:34:46,777] {processor.py:153} INFO - Started process (PID=1984) to work on /home/airflow/.local/lib/python3.7/site-packages/airflow/example_dags/example_nested_branch_dag.py
[2022-08-21 13:34:46,778] {processor.py:641} INFO - Processing file /home/airflow/.local/lib/python3.7/site-packages/airflow/example_dags/example_nested_branch_dag.py for tasks to queue
[2022-08-21 13:34:46,778] {logging_mixin.py:115} INFO - [2022-08-21 13:34:46,778] {dagbag.py:508} INFO - Filling up the DagBag from /home/airflow/.local/lib/python3.7/site-packages/airflow/example_dags/example_nested_branch_dag.py
[2022-08-21 13:34:46,787] {processor.py:651} INFO - DAG(s) dict_keys(['example_nested_branch_dag']) retrieved from /home/airflow/.local/lib/python3.7/site-packages/airflow/example_dags/example_nested_branch_dag.py
[2022-08-21 13:34:46,812] {logging_mixin.py:115} INFO - [2022-08-21 13:34:46,812] {dag.py:2420} INFO - Sync 1 DAGs
[2022-08-21 13:34:46,834] {logging_mixin.py:115} INFO - [2022-08-21 13:34:46,834] {dag.py:2972} INFO - Setting next_dagrun for example_nested_branch_dag to 2022-08-20T00:00:00+00:00, run_after=2022-08-21T00:00:00+00:00
[2022-08-21 13:34:46,851] {processor.py:161} INFO - Processing /home/airflow/.local/lib/python3.7/site-packages/airflow/example_dags/example_nested_branch_dag.py took 0.077 seconds
[2022-08-21 13:35:16,969] {processor.py:153} INFO - Started process (PID=2045) to work on /home/airflow/.local/lib/python3.7/site-packages/airflow/example_dags/example_nested_branch_dag.py
[2022-08-21 13:35:16,969] {processor.py:641} INFO - Processing file /home/airflow/.local/lib/python3.7/site-packages/airflow/example_dags/example_nested_branch_dag.py for tasks to queue
[2022-08-21 13:35:16,970] {logging_mixin.py:115} INFO - [2022-08-21 13:35:16,970] {dagbag.py:508} INFO - Filling up the DagBag from /home/airflow/.local/lib/python3.7/site-packages/airflow/example_dags/example_nested_branch_dag.py
[2022-08-21 13:35:16,979] {processor.py:651} INFO - DAG(s) dict_keys(['example_nested_branch_dag']) retrieved from /home/airflow/.local/lib/python3.7/site-packages/airflow/example_dags/example_nested_branch_dag.py
[2022-08-21 13:35:17,003] {logging_mixin.py:115} INFO - [2022-08-21 13:35:17,003] {dag.py:2420} INFO - Sync 1 DAGs
[2022-08-21 13:35:17,027] {logging_mixin.py:115} INFO - [2022-08-21 13:35:17,027] {dag.py:2972} INFO - Setting next_dagrun for example_nested_branch_dag to 2022-08-20T00:00:00+00:00, run_after=2022-08-21T00:00:00+00:00
[2022-08-21 13:35:17,045] {processor.py:161} INFO - Processing /home/airflow/.local/lib/python3.7/site-packages/airflow/example_dags/example_nested_branch_dag.py took 0.080 seconds
[2022-08-21 13:35:47,835] {processor.py:153} INFO - Started process (PID=2106) to work on /home/airflow/.local/lib/python3.7/site-packages/airflow/example_dags/example_nested_branch_dag.py
[2022-08-21 13:35:47,836] {processor.py:641} INFO - Processing file /home/airflow/.local/lib/python3.7/site-packages/airflow/example_dags/example_nested_branch_dag.py for tasks to queue
[2022-08-21 13:35:47,837] {logging_mixin.py:115} INFO - [2022-08-21 13:35:47,837] {dagbag.py:508} INFO - Filling up the DagBag from /home/airflow/.local/lib/python3.7/site-packages/airflow/example_dags/example_nested_branch_dag.py
[2022-08-21 13:35:47,846] {processor.py:651} INFO - DAG(s) dict_keys(['example_nested_branch_dag']) retrieved from /home/airflow/.local/lib/python3.7/site-packages/airflow/example_dags/example_nested_branch_dag.py
[2022-08-21 13:35:47,869] {logging_mixin.py:115} INFO - [2022-08-21 13:35:47,869] {dag.py:2420} INFO - Sync 1 DAGs
[2022-08-21 13:35:47,887] {logging_mixin.py:115} INFO - [2022-08-21 13:35:47,887] {dag.py:2972} INFO - Setting next_dagrun for example_nested_branch_dag to 2022-08-20T00:00:00+00:00, run_after=2022-08-21T00:00:00+00:00
[2022-08-21 13:35:47,904] {processor.py:161} INFO - Processing /home/airflow/.local/lib/python3.7/site-packages/airflow/example_dags/example_nested_branch_dag.py took 0.072 seconds
[2022-08-21 13:36:18,737] {processor.py:153} INFO - Started process (PID=2158) to work on /home/airflow/.local/lib/python3.7/site-packages/airflow/example_dags/example_nested_branch_dag.py
[2022-08-21 13:36:18,738] {processor.py:641} INFO - Processing file /home/airflow/.local/lib/python3.7/site-packages/airflow/example_dags/example_nested_branch_dag.py for tasks to queue
[2022-08-21 13:36:18,739] {logging_mixin.py:115} INFO - [2022-08-21 13:36:18,739] {dagbag.py:508} INFO - Filling up the DagBag from /home/airflow/.local/lib/python3.7/site-packages/airflow/example_dags/example_nested_branch_dag.py
[2022-08-21 13:36:18,748] {processor.py:651} INFO - DAG(s) dict_keys(['example_nested_branch_dag']) retrieved from /home/airflow/.local/lib/python3.7/site-packages/airflow/example_dags/example_nested_branch_dag.py
[2022-08-21 13:36:18,770] {logging_mixin.py:115} INFO - [2022-08-21 13:36:18,770] {dag.py:2420} INFO - Sync 1 DAGs
[2022-08-21 13:36:18,789] {logging_mixin.py:115} INFO - [2022-08-21 13:36:18,788] {dag.py:2972} INFO - Setting next_dagrun for example_nested_branch_dag to 2022-08-20T00:00:00+00:00, run_after=2022-08-21T00:00:00+00:00
[2022-08-21 13:36:18,800] {processor.py:161} INFO - Processing /home/airflow/.local/lib/python3.7/site-packages/airflow/example_dags/example_nested_branch_dag.py took 0.066 seconds
[2022-08-21 13:36:49,685] {processor.py:153} INFO - Started process (PID=2220) to work on /home/airflow/.local/lib/python3.7/site-packages/airflow/example_dags/example_nested_branch_dag.py
[2022-08-21 13:36:49,686] {processor.py:641} INFO - Processing file /home/airflow/.local/lib/python3.7/site-packages/airflow/example_dags/example_nested_branch_dag.py for tasks to queue
[2022-08-21 13:36:49,687] {logging_mixin.py:115} INFO - [2022-08-21 13:36:49,687] {dagbag.py:508} INFO - Filling up the DagBag from /home/airflow/.local/lib/python3.7/site-packages/airflow/example_dags/example_nested_branch_dag.py
[2022-08-21 13:36:49,700] {processor.py:651} INFO - DAG(s) dict_keys(['example_nested_branch_dag']) retrieved from /home/airflow/.local/lib/python3.7/site-packages/airflow/example_dags/example_nested_branch_dag.py
[2022-08-21 13:36:49,724] {logging_mixin.py:115} INFO - [2022-08-21 13:36:49,724] {dag.py:2420} INFO - Sync 1 DAGs
[2022-08-21 13:36:49,746] {logging_mixin.py:115} INFO - [2022-08-21 13:36:49,746] {dag.py:2972} INFO - Setting next_dagrun for example_nested_branch_dag to 2022-08-20T00:00:00+00:00, run_after=2022-08-21T00:00:00+00:00
[2022-08-21 13:36:49,763] {processor.py:161} INFO - Processing /home/airflow/.local/lib/python3.7/site-packages/airflow/example_dags/example_nested_branch_dag.py took 0.080 seconds
[2022-08-21 13:37:20,456] {processor.py:153} INFO - Started process (PID=2282) to work on /home/airflow/.local/lib/python3.7/site-packages/airflow/example_dags/example_nested_branch_dag.py
[2022-08-21 13:37:20,457] {processor.py:641} INFO - Processing file /home/airflow/.local/lib/python3.7/site-packages/airflow/example_dags/example_nested_branch_dag.py for tasks to queue
[2022-08-21 13:37:20,458] {logging_mixin.py:115} INFO - [2022-08-21 13:37:20,458] {dagbag.py:508} INFO - Filling up the DagBag from /home/airflow/.local/lib/python3.7/site-packages/airflow/example_dags/example_nested_branch_dag.py
[2022-08-21 13:37:20,467] {processor.py:651} INFO - DAG(s) dict_keys(['example_nested_branch_dag']) retrieved from /home/airflow/.local/lib/python3.7/site-packages/airflow/example_dags/example_nested_branch_dag.py
[2022-08-21 13:37:20,489] {logging_mixin.py:115} INFO - [2022-08-21 13:37:20,489] {dag.py:2420} INFO - Sync 1 DAGs
[2022-08-21 13:37:20,510] {logging_mixin.py:115} INFO - [2022-08-21 13:37:20,510] {dag.py:2972} INFO - Setting next_dagrun for example_nested_branch_dag to 2022-08-20T00:00:00+00:00, run_after=2022-08-21T00:00:00+00:00
[2022-08-21 13:37:20,526] {processor.py:161} INFO - Processing /home/airflow/.local/lib/python3.7/site-packages/airflow/example_dags/example_nested_branch_dag.py took 0.072 seconds
[2022-08-21 13:37:51,300] {processor.py:153} INFO - Started process (PID=2343) to work on /home/airflow/.local/lib/python3.7/site-packages/airflow/example_dags/example_nested_branch_dag.py
[2022-08-21 13:37:51,301] {processor.py:641} INFO - Processing file /home/airflow/.local/lib/python3.7/site-packages/airflow/example_dags/example_nested_branch_dag.py for tasks to queue
[2022-08-21 13:37:51,302] {logging_mixin.py:115} INFO - [2022-08-21 13:37:51,302] {dagbag.py:508} INFO - Filling up the DagBag from /home/airflow/.local/lib/python3.7/site-packages/airflow/example_dags/example_nested_branch_dag.py
[2022-08-21 13:37:51,313] {processor.py:651} INFO - DAG(s) dict_keys(['example_nested_branch_dag']) retrieved from /home/airflow/.local/lib/python3.7/site-packages/airflow/example_dags/example_nested_branch_dag.py
[2022-08-21 13:37:51,406] {logging_mixin.py:115} INFO - [2022-08-21 13:37:51,406] {dag.py:2420} INFO - Sync 1 DAGs
[2022-08-21 13:37:51,444] {logging_mixin.py:115} INFO - [2022-08-21 13:37:51,444] {dag.py:2972} INFO - Setting next_dagrun for example_nested_branch_dag to 2022-08-20T00:00:00+00:00, run_after=2022-08-21T00:00:00+00:00
[2022-08-21 13:37:51,458] {processor.py:161} INFO - Processing /home/airflow/.local/lib/python3.7/site-packages/airflow/example_dags/example_nested_branch_dag.py took 0.161 seconds
[2022-08-21 13:38:22,258] {processor.py:153} INFO - Started process (PID=2395) to work on /home/airflow/.local/lib/python3.7/site-packages/airflow/example_dags/example_nested_branch_dag.py
[2022-08-21 13:38:22,259] {processor.py:641} INFO - Processing file /home/airflow/.local/lib/python3.7/site-packages/airflow/example_dags/example_nested_branch_dag.py for tasks to queue
[2022-08-21 13:38:22,260] {logging_mixin.py:115} INFO - [2022-08-21 13:38:22,260] {dagbag.py:508} INFO - Filling up the DagBag from /home/airflow/.local/lib/python3.7/site-packages/airflow/example_dags/example_nested_branch_dag.py
[2022-08-21 13:38:22,270] {processor.py:651} INFO - DAG(s) dict_keys(['example_nested_branch_dag']) retrieved from /home/airflow/.local/lib/python3.7/site-packages/airflow/example_dags/example_nested_branch_dag.py
[2022-08-21 13:38:22,293] {logging_mixin.py:115} INFO - [2022-08-21 13:38:22,293] {dag.py:2420} INFO - Sync 1 DAGs
[2022-08-21 13:38:22,315] {logging_mixin.py:115} INFO - [2022-08-21 13:38:22,315] {dag.py:2972} INFO - Setting next_dagrun for example_nested_branch_dag to 2022-08-20T00:00:00+00:00, run_after=2022-08-21T00:00:00+00:00
[2022-08-21 13:38:22,334] {processor.py:161} INFO - Processing /home/airflow/.local/lib/python3.7/site-packages/airflow/example_dags/example_nested_branch_dag.py took 0.079 seconds
[2022-08-21 13:38:53,239] {processor.py:153} INFO - Started process (PID=2456) to work on /home/airflow/.local/lib/python3.7/site-packages/airflow/example_dags/example_nested_branch_dag.py
[2022-08-21 13:38:53,239] {processor.py:641} INFO - Processing file /home/airflow/.local/lib/python3.7/site-packages/airflow/example_dags/example_nested_branch_dag.py for tasks to queue
[2022-08-21 13:38:53,240] {logging_mixin.py:115} INFO - [2022-08-21 13:38:53,240] {dagbag.py:508} INFO - Filling up the DagBag from /home/airflow/.local/lib/python3.7/site-packages/airflow/example_dags/example_nested_branch_dag.py
[2022-08-21 13:38:53,252] {processor.py:651} INFO - DAG(s) dict_keys(['example_nested_branch_dag']) retrieved from /home/airflow/.local/lib/python3.7/site-packages/airflow/example_dags/example_nested_branch_dag.py
[2022-08-21 13:38:53,280] {logging_mixin.py:115} INFO - [2022-08-21 13:38:53,280] {dag.py:2420} INFO - Sync 1 DAGs
[2022-08-21 13:38:53,305] {logging_mixin.py:115} INFO - [2022-08-21 13:38:53,305] {dag.py:2972} INFO - Setting next_dagrun for example_nested_branch_dag to 2022-08-20T00:00:00+00:00, run_after=2022-08-21T00:00:00+00:00
[2022-08-21 13:38:53,330] {processor.py:161} INFO - Processing /home/airflow/.local/lib/python3.7/site-packages/airflow/example_dags/example_nested_branch_dag.py took 0.096 seconds
[2022-08-21 13:39:23,424] {processor.py:153} INFO - Started process (PID=2517) to work on /home/airflow/.local/lib/python3.7/site-packages/airflow/example_dags/example_nested_branch_dag.py
[2022-08-21 13:39:23,426] {processor.py:641} INFO - Processing file /home/airflow/.local/lib/python3.7/site-packages/airflow/example_dags/example_nested_branch_dag.py for tasks to queue
[2022-08-21 13:39:23,428] {logging_mixin.py:115} INFO - [2022-08-21 13:39:23,428] {dagbag.py:508} INFO - Filling up the DagBag from /home/airflow/.local/lib/python3.7/site-packages/airflow/example_dags/example_nested_branch_dag.py
[2022-08-21 13:39:23,443] {processor.py:651} INFO - DAG(s) dict_keys(['example_nested_branch_dag']) retrieved from /home/airflow/.local/lib/python3.7/site-packages/airflow/example_dags/example_nested_branch_dag.py
[2022-08-21 13:39:23,472] {logging_mixin.py:115} INFO - [2022-08-21 13:39:23,471] {dag.py:2420} INFO - Sync 1 DAGs
[2022-08-21 13:39:23,505] {logging_mixin.py:115} INFO - [2022-08-21 13:39:23,505] {dag.py:2972} INFO - Setting next_dagrun for example_nested_branch_dag to 2022-08-20T00:00:00+00:00, run_after=2022-08-21T00:00:00+00:00
[2022-08-21 13:39:23,540] {processor.py:161} INFO - Processing /home/airflow/.local/lib/python3.7/site-packages/airflow/example_dags/example_nested_branch_dag.py took 0.119 seconds
[2022-08-21 13:39:54,426] {processor.py:153} INFO - Started process (PID=2571) to work on /home/airflow/.local/lib/python3.7/site-packages/airflow/example_dags/example_nested_branch_dag.py
[2022-08-21 13:39:54,427] {processor.py:641} INFO - Processing file /home/airflow/.local/lib/python3.7/site-packages/airflow/example_dags/example_nested_branch_dag.py for tasks to queue
[2022-08-21 13:39:54,429] {logging_mixin.py:115} INFO - [2022-08-21 13:39:54,428] {dagbag.py:508} INFO - Filling up the DagBag from /home/airflow/.local/lib/python3.7/site-packages/airflow/example_dags/example_nested_branch_dag.py
[2022-08-21 13:39:54,440] {processor.py:651} INFO - DAG(s) dict_keys(['example_nested_branch_dag']) retrieved from /home/airflow/.local/lib/python3.7/site-packages/airflow/example_dags/example_nested_branch_dag.py
[2022-08-21 13:39:54,463] {logging_mixin.py:115} INFO - [2022-08-21 13:39:54,463] {dag.py:2420} INFO - Sync 1 DAGs
[2022-08-21 13:39:54,486] {logging_mixin.py:115} INFO - [2022-08-21 13:39:54,486] {dag.py:2972} INFO - Setting next_dagrun for example_nested_branch_dag to 2022-08-20T00:00:00+00:00, run_after=2022-08-21T00:00:00+00:00
[2022-08-21 13:39:54,505] {processor.py:161} INFO - Processing /home/airflow/.local/lib/python3.7/site-packages/airflow/example_dags/example_nested_branch_dag.py took 0.082 seconds
[2022-08-21 13:40:25,499] {processor.py:153} INFO - Started process (PID=2647) to work on /home/airflow/.local/lib/python3.7/site-packages/airflow/example_dags/example_nested_branch_dag.py
[2022-08-21 13:40:25,500] {processor.py:641} INFO - Processing file /home/airflow/.local/lib/python3.7/site-packages/airflow/example_dags/example_nested_branch_dag.py for tasks to queue
[2022-08-21 13:40:25,500] {logging_mixin.py:115} INFO - [2022-08-21 13:40:25,500] {dagbag.py:508} INFO - Filling up the DagBag from /home/airflow/.local/lib/python3.7/site-packages/airflow/example_dags/example_nested_branch_dag.py
[2022-08-21 13:40:25,511] {processor.py:651} INFO - DAG(s) dict_keys(['example_nested_branch_dag']) retrieved from /home/airflow/.local/lib/python3.7/site-packages/airflow/example_dags/example_nested_branch_dag.py
[2022-08-21 13:40:25,537] {logging_mixin.py:115} INFO - [2022-08-21 13:40:25,537] {dag.py:2420} INFO - Sync 1 DAGs
[2022-08-21 13:40:25,559] {logging_mixin.py:115} INFO - [2022-08-21 13:40:25,559] {dag.py:2972} INFO - Setting next_dagrun for example_nested_branch_dag to 2022-08-20T00:00:00+00:00, run_after=2022-08-21T00:00:00+00:00
[2022-08-21 13:40:25,577] {processor.py:161} INFO - Processing /home/airflow/.local/lib/python3.7/site-packages/airflow/example_dags/example_nested_branch_dag.py took 0.081 seconds
[2022-08-21 13:40:55,697] {processor.py:153} INFO - Started process (PID=2709) to work on /home/airflow/.local/lib/python3.7/site-packages/airflow/example_dags/example_nested_branch_dag.py
[2022-08-21 13:40:55,698] {processor.py:641} INFO - Processing file /home/airflow/.local/lib/python3.7/site-packages/airflow/example_dags/example_nested_branch_dag.py for tasks to queue
[2022-08-21 13:40:55,699] {logging_mixin.py:115} INFO - [2022-08-21 13:40:55,699] {dagbag.py:508} INFO - Filling up the DagBag from /home/airflow/.local/lib/python3.7/site-packages/airflow/example_dags/example_nested_branch_dag.py
[2022-08-21 13:40:55,709] {processor.py:651} INFO - DAG(s) dict_keys(['example_nested_branch_dag']) retrieved from /home/airflow/.local/lib/python3.7/site-packages/airflow/example_dags/example_nested_branch_dag.py
[2022-08-21 13:40:55,731] {logging_mixin.py:115} INFO - [2022-08-21 13:40:55,731] {dag.py:2420} INFO - Sync 1 DAGs
[2022-08-21 13:40:55,757] {logging_mixin.py:115} INFO - [2022-08-21 13:40:55,756] {dag.py:2972} INFO - Setting next_dagrun for example_nested_branch_dag to 2022-08-20T00:00:00+00:00, run_after=2022-08-21T00:00:00+00:00
[2022-08-21 13:40:55,773] {processor.py:161} INFO - Processing /home/airflow/.local/lib/python3.7/site-packages/airflow/example_dags/example_nested_branch_dag.py took 0.079 seconds
[2022-08-21 13:41:25,840] {processor.py:153} INFO - Started process (PID=2765) to work on /home/airflow/.local/lib/python3.7/site-packages/airflow/example_dags/example_nested_branch_dag.py
[2022-08-21 13:41:25,841] {processor.py:641} INFO - Processing file /home/airflow/.local/lib/python3.7/site-packages/airflow/example_dags/example_nested_branch_dag.py for tasks to queue
[2022-08-21 13:41:25,842] {logging_mixin.py:115} INFO - [2022-08-21 13:41:25,842] {dagbag.py:508} INFO - Filling up the DagBag from /home/airflow/.local/lib/python3.7/site-packages/airflow/example_dags/example_nested_branch_dag.py
[2022-08-21 13:41:25,851] {processor.py:651} INFO - DAG(s) dict_keys(['example_nested_branch_dag']) retrieved from /home/airflow/.local/lib/python3.7/site-packages/airflow/example_dags/example_nested_branch_dag.py
[2022-08-21 13:41:25,875] {logging_mixin.py:115} INFO - [2022-08-21 13:41:25,875] {dag.py:2420} INFO - Sync 1 DAGs
[2022-08-21 13:41:25,896] {logging_mixin.py:115} INFO - [2022-08-21 13:41:25,895] {dag.py:2972} INFO - Setting next_dagrun for example_nested_branch_dag to 2022-08-20T00:00:00+00:00, run_after=2022-08-21T00:00:00+00:00
[2022-08-21 13:41:25,909] {processor.py:161} INFO - Processing /home/airflow/.local/lib/python3.7/site-packages/airflow/example_dags/example_nested_branch_dag.py took 0.072 seconds
[2022-08-21 13:41:56,016] {processor.py:153} INFO - Started process (PID=2826) to work on /home/airflow/.local/lib/python3.7/site-packages/airflow/example_dags/example_nested_branch_dag.py
[2022-08-21 13:41:56,017] {processor.py:641} INFO - Processing file /home/airflow/.local/lib/python3.7/site-packages/airflow/example_dags/example_nested_branch_dag.py for tasks to queue
[2022-08-21 13:41:56,018] {logging_mixin.py:115} INFO - [2022-08-21 13:41:56,018] {dagbag.py:508} INFO - Filling up the DagBag from /home/airflow/.local/lib/python3.7/site-packages/airflow/example_dags/example_nested_branch_dag.py
[2022-08-21 13:41:56,027] {processor.py:651} INFO - DAG(s) dict_keys(['example_nested_branch_dag']) retrieved from /home/airflow/.local/lib/python3.7/site-packages/airflow/example_dags/example_nested_branch_dag.py
[2022-08-21 13:41:56,054] {logging_mixin.py:115} INFO - [2022-08-21 13:41:56,054] {dag.py:2420} INFO - Sync 1 DAGs
[2022-08-21 13:41:56,082] {logging_mixin.py:115} INFO - [2022-08-21 13:41:56,082] {dag.py:2972} INFO - Setting next_dagrun for example_nested_branch_dag to 2022-08-20T00:00:00+00:00, run_after=2022-08-21T00:00:00+00:00
[2022-08-21 13:41:56,103] {processor.py:161} INFO - Processing /home/airflow/.local/lib/python3.7/site-packages/airflow/example_dags/example_nested_branch_dag.py took 0.090 seconds
[2022-08-21 13:42:26,955] {processor.py:153} INFO - Started process (PID=2879) to work on /home/airflow/.local/lib/python3.7/site-packages/airflow/example_dags/example_nested_branch_dag.py
[2022-08-21 13:42:26,956] {processor.py:641} INFO - Processing file /home/airflow/.local/lib/python3.7/site-packages/airflow/example_dags/example_nested_branch_dag.py for tasks to queue
[2022-08-21 13:42:26,956] {logging_mixin.py:115} INFO - [2022-08-21 13:42:26,956] {dagbag.py:508} INFO - Filling up the DagBag from /home/airflow/.local/lib/python3.7/site-packages/airflow/example_dags/example_nested_branch_dag.py
[2022-08-21 13:42:26,966] {processor.py:651} INFO - DAG(s) dict_keys(['example_nested_branch_dag']) retrieved from /home/airflow/.local/lib/python3.7/site-packages/airflow/example_dags/example_nested_branch_dag.py
[2022-08-21 13:42:26,992] {logging_mixin.py:115} INFO - [2022-08-21 13:42:26,992] {dag.py:2420} INFO - Sync 1 DAGs
[2022-08-21 13:42:27,013] {logging_mixin.py:115} INFO - [2022-08-21 13:42:27,013] {dag.py:2972} INFO - Setting next_dagrun for example_nested_branch_dag to 2022-08-20T00:00:00+00:00, run_after=2022-08-21T00:00:00+00:00
[2022-08-21 13:42:27,035] {processor.py:161} INFO - Processing /home/airflow/.local/lib/python3.7/site-packages/airflow/example_dags/example_nested_branch_dag.py took 0.082 seconds
[2022-08-21 13:42:57,924] {processor.py:153} INFO - Started process (PID=2940) to work on /home/airflow/.local/lib/python3.7/site-packages/airflow/example_dags/example_nested_branch_dag.py
[2022-08-21 13:42:57,925] {processor.py:641} INFO - Processing file /home/airflow/.local/lib/python3.7/site-packages/airflow/example_dags/example_nested_branch_dag.py for tasks to queue
[2022-08-21 13:42:57,926] {logging_mixin.py:115} INFO - [2022-08-21 13:42:57,926] {dagbag.py:508} INFO - Filling up the DagBag from /home/airflow/.local/lib/python3.7/site-packages/airflow/example_dags/example_nested_branch_dag.py
[2022-08-21 13:42:57,938] {processor.py:651} INFO - DAG(s) dict_keys(['example_nested_branch_dag']) retrieved from /home/airflow/.local/lib/python3.7/site-packages/airflow/example_dags/example_nested_branch_dag.py
[2022-08-21 13:42:57,961] {logging_mixin.py:115} INFO - [2022-08-21 13:42:57,961] {dag.py:2420} INFO - Sync 1 DAGs
[2022-08-21 13:42:57,984] {logging_mixin.py:115} INFO - [2022-08-21 13:42:57,984] {dag.py:2972} INFO - Setting next_dagrun for example_nested_branch_dag to 2022-08-20T00:00:00+00:00, run_after=2022-08-21T00:00:00+00:00
[2022-08-21 13:42:58,004] {processor.py:161} INFO - Processing /home/airflow/.local/lib/python3.7/site-packages/airflow/example_dags/example_nested_branch_dag.py took 0.082 seconds
[2022-08-21 13:43:28,304] {processor.py:153} INFO - Started process (PID=3001) to work on /home/airflow/.local/lib/python3.7/site-packages/airflow/example_dags/example_nested_branch_dag.py
[2022-08-21 13:43:28,305] {processor.py:641} INFO - Processing file /home/airflow/.local/lib/python3.7/site-packages/airflow/example_dags/example_nested_branch_dag.py for tasks to queue
[2022-08-21 13:43:28,306] {logging_mixin.py:115} INFO - [2022-08-21 13:43:28,306] {dagbag.py:508} INFO - Filling up the DagBag from /home/airflow/.local/lib/python3.7/site-packages/airflow/example_dags/example_nested_branch_dag.py
[2022-08-21 13:43:28,318] {processor.py:651} INFO - DAG(s) dict_keys(['example_nested_branch_dag']) retrieved from /home/airflow/.local/lib/python3.7/site-packages/airflow/example_dags/example_nested_branch_dag.py
[2022-08-21 13:43:28,353] {logging_mixin.py:115} INFO - [2022-08-21 13:43:28,353] {dag.py:2420} INFO - Sync 1 DAGs
[2022-08-21 13:43:28,380] {logging_mixin.py:115} INFO - [2022-08-21 13:43:28,379] {dag.py:2972} INFO - Setting next_dagrun for example_nested_branch_dag to 2022-08-20T00:00:00+00:00, run_after=2022-08-21T00:00:00+00:00
[2022-08-21 13:43:28,394] {processor.py:161} INFO - Processing /home/airflow/.local/lib/python3.7/site-packages/airflow/example_dags/example_nested_branch_dag.py took 0.093 seconds
[2022-08-21 13:43:58,503] {processor.py:153} INFO - Started process (PID=3053) to work on /home/airflow/.local/lib/python3.7/site-packages/airflow/example_dags/example_nested_branch_dag.py
[2022-08-21 13:43:58,504] {processor.py:641} INFO - Processing file /home/airflow/.local/lib/python3.7/site-packages/airflow/example_dags/example_nested_branch_dag.py for tasks to queue
[2022-08-21 13:43:58,504] {logging_mixin.py:115} INFO - [2022-08-21 13:43:58,504] {dagbag.py:508} INFO - Filling up the DagBag from /home/airflow/.local/lib/python3.7/site-packages/airflow/example_dags/example_nested_branch_dag.py
[2022-08-21 13:43:58,514] {processor.py:651} INFO - DAG(s) dict_keys(['example_nested_branch_dag']) retrieved from /home/airflow/.local/lib/python3.7/site-packages/airflow/example_dags/example_nested_branch_dag.py
[2022-08-21 13:43:58,543] {logging_mixin.py:115} INFO - [2022-08-21 13:43:58,543] {dag.py:2420} INFO - Sync 1 DAGs
[2022-08-21 13:43:58,569] {logging_mixin.py:115} INFO - [2022-08-21 13:43:58,569] {dag.py:2972} INFO - Setting next_dagrun for example_nested_branch_dag to 2022-08-20T00:00:00+00:00, run_after=2022-08-21T00:00:00+00:00
[2022-08-21 13:43:58,587] {processor.py:161} INFO - Processing /home/airflow/.local/lib/python3.7/site-packages/airflow/example_dags/example_nested_branch_dag.py took 0.087 seconds
[2022-08-21 13:44:29,472] {processor.py:153} INFO - Started process (PID=3114) to work on /home/airflow/.local/lib/python3.7/site-packages/airflow/example_dags/example_nested_branch_dag.py
[2022-08-21 13:44:29,473] {processor.py:641} INFO - Processing file /home/airflow/.local/lib/python3.7/site-packages/airflow/example_dags/example_nested_branch_dag.py for tasks to queue
[2022-08-21 13:44:29,475] {logging_mixin.py:115} INFO - [2022-08-21 13:44:29,475] {dagbag.py:508} INFO - Filling up the DagBag from /home/airflow/.local/lib/python3.7/site-packages/airflow/example_dags/example_nested_branch_dag.py
[2022-08-21 13:44:29,486] {processor.py:651} INFO - DAG(s) dict_keys(['example_nested_branch_dag']) retrieved from /home/airflow/.local/lib/python3.7/site-packages/airflow/example_dags/example_nested_branch_dag.py
[2022-08-21 13:44:29,517] {logging_mixin.py:115} INFO - [2022-08-21 13:44:29,517] {dag.py:2420} INFO - Sync 1 DAGs
[2022-08-21 13:44:29,539] {logging_mixin.py:115} INFO - [2022-08-21 13:44:29,539] {dag.py:2972} INFO - Setting next_dagrun for example_nested_branch_dag to 2022-08-20T00:00:00+00:00, run_after=2022-08-21T00:00:00+00:00
[2022-08-21 13:44:29,556] {processor.py:161} INFO - Processing /home/airflow/.local/lib/python3.7/site-packages/airflow/example_dags/example_nested_branch_dag.py took 0.087 seconds
[2022-08-21 13:45:00,398] {processor.py:153} INFO - Started process (PID=3175) to work on /home/airflow/.local/lib/python3.7/site-packages/airflow/example_dags/example_nested_branch_dag.py
[2022-08-21 13:45:00,399] {processor.py:641} INFO - Processing file /home/airflow/.local/lib/python3.7/site-packages/airflow/example_dags/example_nested_branch_dag.py for tasks to queue
[2022-08-21 13:45:00,400] {logging_mixin.py:115} INFO - [2022-08-21 13:45:00,400] {dagbag.py:508} INFO - Filling up the DagBag from /home/airflow/.local/lib/python3.7/site-packages/airflow/example_dags/example_nested_branch_dag.py
[2022-08-21 13:45:00,411] {processor.py:651} INFO - DAG(s) dict_keys(['example_nested_branch_dag']) retrieved from /home/airflow/.local/lib/python3.7/site-packages/airflow/example_dags/example_nested_branch_dag.py
[2022-08-21 13:45:00,442] {logging_mixin.py:115} INFO - [2022-08-21 13:45:00,442] {dag.py:2420} INFO - Sync 1 DAGs
[2022-08-21 13:45:00,470] {logging_mixin.py:115} INFO - [2022-08-21 13:45:00,470] {dag.py:2972} INFO - Setting next_dagrun for example_nested_branch_dag to 2022-08-20T00:00:00+00:00, run_after=2022-08-21T00:00:00+00:00
[2022-08-21 13:45:00,487] {processor.py:161} INFO - Processing /home/airflow/.local/lib/python3.7/site-packages/airflow/example_dags/example_nested_branch_dag.py took 0.092 seconds
[2022-08-21 13:45:31,428] {processor.py:153} INFO - Started process (PID=3227) to work on /home/airflow/.local/lib/python3.7/site-packages/airflow/example_dags/example_nested_branch_dag.py
[2022-08-21 13:45:31,429] {processor.py:641} INFO - Processing file /home/airflow/.local/lib/python3.7/site-packages/airflow/example_dags/example_nested_branch_dag.py for tasks to queue
[2022-08-21 13:45:31,430] {logging_mixin.py:115} INFO - [2022-08-21 13:45:31,430] {dagbag.py:508} INFO - Filling up the DagBag from /home/airflow/.local/lib/python3.7/site-packages/airflow/example_dags/example_nested_branch_dag.py
[2022-08-21 13:45:31,442] {processor.py:651} INFO - DAG(s) dict_keys(['example_nested_branch_dag']) retrieved from /home/airflow/.local/lib/python3.7/site-packages/airflow/example_dags/example_nested_branch_dag.py
[2022-08-21 13:45:31,469] {logging_mixin.py:115} INFO - [2022-08-21 13:45:31,469] {dag.py:2420} INFO - Sync 1 DAGs
[2022-08-21 13:45:31,492] {logging_mixin.py:115} INFO - [2022-08-21 13:45:31,492] {dag.py:2972} INFO - Setting next_dagrun for example_nested_branch_dag to 2022-08-20T00:00:00+00:00, run_after=2022-08-21T00:00:00+00:00
[2022-08-21 13:45:31,508] {processor.py:161} INFO - Processing /home/airflow/.local/lib/python3.7/site-packages/airflow/example_dags/example_nested_branch_dag.py took 0.082 seconds
[2022-08-21 13:46:01,583] {processor.py:153} INFO - Started process (PID=3288) to work on /home/airflow/.local/lib/python3.7/site-packages/airflow/example_dags/example_nested_branch_dag.py
[2022-08-21 13:46:01,584] {processor.py:641} INFO - Processing file /home/airflow/.local/lib/python3.7/site-packages/airflow/example_dags/example_nested_branch_dag.py for tasks to queue
[2022-08-21 13:46:01,585] {logging_mixin.py:115} INFO - [2022-08-21 13:46:01,585] {dagbag.py:508} INFO - Filling up the DagBag from /home/airflow/.local/lib/python3.7/site-packages/airflow/example_dags/example_nested_branch_dag.py
[2022-08-21 13:46:01,597] {processor.py:651} INFO - DAG(s) dict_keys(['example_nested_branch_dag']) retrieved from /home/airflow/.local/lib/python3.7/site-packages/airflow/example_dags/example_nested_branch_dag.py
[2022-08-21 13:46:01,623] {logging_mixin.py:115} INFO - [2022-08-21 13:46:01,623] {dag.py:2420} INFO - Sync 1 DAGs
[2022-08-21 13:46:01,648] {logging_mixin.py:115} INFO - [2022-08-21 13:46:01,647] {dag.py:2972} INFO - Setting next_dagrun for example_nested_branch_dag to 2022-08-20T00:00:00+00:00, run_after=2022-08-21T00:00:00+00:00
[2022-08-21 13:46:01,665] {processor.py:161} INFO - Processing /home/airflow/.local/lib/python3.7/site-packages/airflow/example_dags/example_nested_branch_dag.py took 0.085 seconds
[2022-08-21 13:46:32,707] {processor.py:153} INFO - Started process (PID=3349) to work on /home/airflow/.local/lib/python3.7/site-packages/airflow/example_dags/example_nested_branch_dag.py
[2022-08-21 13:46:32,708] {processor.py:641} INFO - Processing file /home/airflow/.local/lib/python3.7/site-packages/airflow/example_dags/example_nested_branch_dag.py for tasks to queue
[2022-08-21 13:46:32,708] {logging_mixin.py:115} INFO - [2022-08-21 13:46:32,708] {dagbag.py:508} INFO - Filling up the DagBag from /home/airflow/.local/lib/python3.7/site-packages/airflow/example_dags/example_nested_branch_dag.py
[2022-08-21 13:46:32,719] {processor.py:651} INFO - DAG(s) dict_keys(['example_nested_branch_dag']) retrieved from /home/airflow/.local/lib/python3.7/site-packages/airflow/example_dags/example_nested_branch_dag.py
[2022-08-21 13:46:32,753] {logging_mixin.py:115} INFO - [2022-08-21 13:46:32,753] {dag.py:2420} INFO - Sync 1 DAGs
[2022-08-21 13:46:32,786] {logging_mixin.py:115} INFO - [2022-08-21 13:46:32,786] {dag.py:2972} INFO - Setting next_dagrun for example_nested_branch_dag to 2022-08-20T00:00:00+00:00, run_after=2022-08-21T00:00:00+00:00
[2022-08-21 13:46:32,815] {processor.py:161} INFO - Processing /home/airflow/.local/lib/python3.7/site-packages/airflow/example_dags/example_nested_branch_dag.py took 0.112 seconds
[2022-08-21 13:47:03,709] {processor.py:153} INFO - Started process (PID=3403) to work on /home/airflow/.local/lib/python3.7/site-packages/airflow/example_dags/example_nested_branch_dag.py
[2022-08-21 13:47:03,710] {processor.py:641} INFO - Processing file /home/airflow/.local/lib/python3.7/site-packages/airflow/example_dags/example_nested_branch_dag.py for tasks to queue
[2022-08-21 13:47:03,711] {logging_mixin.py:115} INFO - [2022-08-21 13:47:03,711] {dagbag.py:508} INFO - Filling up the DagBag from /home/airflow/.local/lib/python3.7/site-packages/airflow/example_dags/example_nested_branch_dag.py
[2022-08-21 13:47:03,720] {processor.py:651} INFO - DAG(s) dict_keys(['example_nested_branch_dag']) retrieved from /home/airflow/.local/lib/python3.7/site-packages/airflow/example_dags/example_nested_branch_dag.py
[2022-08-21 13:47:03,747] {logging_mixin.py:115} INFO - [2022-08-21 13:47:03,747] {dag.py:2420} INFO - Sync 1 DAGs
[2022-08-21 13:47:03,769] {logging_mixin.py:115} INFO - [2022-08-21 13:47:03,768] {dag.py:2972} INFO - Setting next_dagrun for example_nested_branch_dag to 2022-08-20T00:00:00+00:00, run_after=2022-08-21T00:00:00+00:00
[2022-08-21 13:47:03,786] {processor.py:161} INFO - Processing /home/airflow/.local/lib/python3.7/site-packages/airflow/example_dags/example_nested_branch_dag.py took 0.079 seconds
[2022-08-21 13:47:34,446] {processor.py:153} INFO - Started process (PID=3465) to work on /home/airflow/.local/lib/python3.7/site-packages/airflow/example_dags/example_nested_branch_dag.py
[2022-08-21 13:47:34,447] {processor.py:641} INFO - Processing file /home/airflow/.local/lib/python3.7/site-packages/airflow/example_dags/example_nested_branch_dag.py for tasks to queue
[2022-08-21 13:47:34,447] {logging_mixin.py:115} INFO - [2022-08-21 13:47:34,447] {dagbag.py:508} INFO - Filling up the DagBag from /home/airflow/.local/lib/python3.7/site-packages/airflow/example_dags/example_nested_branch_dag.py
[2022-08-21 13:47:34,458] {processor.py:651} INFO - DAG(s) dict_keys(['example_nested_branch_dag']) retrieved from /home/airflow/.local/lib/python3.7/site-packages/airflow/example_dags/example_nested_branch_dag.py
[2022-08-21 13:47:34,493] {logging_mixin.py:115} INFO - [2022-08-21 13:47:34,493] {dag.py:2420} INFO - Sync 1 DAGs
[2022-08-21 13:47:34,520] {logging_mixin.py:115} INFO - [2022-08-21 13:47:34,520] {dag.py:2972} INFO - Setting next_dagrun for example_nested_branch_dag to 2022-08-20T00:00:00+00:00, run_after=2022-08-21T00:00:00+00:00
[2022-08-21 13:47:34,539] {processor.py:161} INFO - Processing /home/airflow/.local/lib/python3.7/site-packages/airflow/example_dags/example_nested_branch_dag.py took 0.096 seconds
[2022-08-21 13:48:05,248] {processor.py:153} INFO - Started process (PID=3526) to work on /home/airflow/.local/lib/python3.7/site-packages/airflow/example_dags/example_nested_branch_dag.py
[2022-08-21 13:48:05,249] {processor.py:641} INFO - Processing file /home/airflow/.local/lib/python3.7/site-packages/airflow/example_dags/example_nested_branch_dag.py for tasks to queue
[2022-08-21 13:48:05,250] {logging_mixin.py:115} INFO - [2022-08-21 13:48:05,250] {dagbag.py:508} INFO - Filling up the DagBag from /home/airflow/.local/lib/python3.7/site-packages/airflow/example_dags/example_nested_branch_dag.py
[2022-08-21 13:48:05,262] {processor.py:651} INFO - DAG(s) dict_keys(['example_nested_branch_dag']) retrieved from /home/airflow/.local/lib/python3.7/site-packages/airflow/example_dags/example_nested_branch_dag.py
[2022-08-21 13:48:05,291] {logging_mixin.py:115} INFO - [2022-08-21 13:48:05,291] {dag.py:2420} INFO - Sync 1 DAGs
[2022-08-21 13:48:05,316] {logging_mixin.py:115} INFO - [2022-08-21 13:48:05,316] {dag.py:2972} INFO - Setting next_dagrun for example_nested_branch_dag to 2022-08-20T00:00:00+00:00, run_after=2022-08-21T00:00:00+00:00
[2022-08-21 13:48:05,331] {processor.py:161} INFO - Processing /home/airflow/.local/lib/python3.7/site-packages/airflow/example_dags/example_nested_branch_dag.py took 0.086 seconds
[2022-08-21 13:48:35,683] {processor.py:153} INFO - Started process (PID=3579) to work on /home/airflow/.local/lib/python3.7/site-packages/airflow/example_dags/example_nested_branch_dag.py
[2022-08-21 13:48:35,684] {processor.py:641} INFO - Processing file /home/airflow/.local/lib/python3.7/site-packages/airflow/example_dags/example_nested_branch_dag.py for tasks to queue
[2022-08-21 13:48:35,684] {logging_mixin.py:115} INFO - [2022-08-21 13:48:35,684] {dagbag.py:508} INFO - Filling up the DagBag from /home/airflow/.local/lib/python3.7/site-packages/airflow/example_dags/example_nested_branch_dag.py
[2022-08-21 13:48:35,694] {processor.py:651} INFO - DAG(s) dict_keys(['example_nested_branch_dag']) retrieved from /home/airflow/.local/lib/python3.7/site-packages/airflow/example_dags/example_nested_branch_dag.py
[2022-08-21 13:48:35,722] {logging_mixin.py:115} INFO - [2022-08-21 13:48:35,722] {dag.py:2420} INFO - Sync 1 DAGs
[2022-08-21 13:48:35,748] {logging_mixin.py:115} INFO - [2022-08-21 13:48:35,748] {dag.py:2972} INFO - Setting next_dagrun for example_nested_branch_dag to 2022-08-20T00:00:00+00:00, run_after=2022-08-21T00:00:00+00:00
[2022-08-21 13:48:35,768] {processor.py:161} INFO - Processing /home/airflow/.local/lib/python3.7/site-packages/airflow/example_dags/example_nested_branch_dag.py took 0.088 seconds
[2022-08-21 13:49:05,922] {processor.py:153} INFO - Started process (PID=3641) to work on /home/airflow/.local/lib/python3.7/site-packages/airflow/example_dags/example_nested_branch_dag.py
[2022-08-21 13:49:05,923] {processor.py:641} INFO - Processing file /home/airflow/.local/lib/python3.7/site-packages/airflow/example_dags/example_nested_branch_dag.py for tasks to queue
[2022-08-21 13:49:05,924] {logging_mixin.py:115} INFO - [2022-08-21 13:49:05,924] {dagbag.py:508} INFO - Filling up the DagBag from /home/airflow/.local/lib/python3.7/site-packages/airflow/example_dags/example_nested_branch_dag.py
[2022-08-21 13:49:05,939] {processor.py:651} INFO - DAG(s) dict_keys(['example_nested_branch_dag']) retrieved from /home/airflow/.local/lib/python3.7/site-packages/airflow/example_dags/example_nested_branch_dag.py
[2022-08-21 13:49:05,977] {logging_mixin.py:115} INFO - [2022-08-21 13:49:05,976] {dag.py:2420} INFO - Sync 1 DAGs
[2022-08-21 13:49:06,010] {logging_mixin.py:115} INFO - [2022-08-21 13:49:06,009] {dag.py:2972} INFO - Setting next_dagrun for example_nested_branch_dag to 2022-08-20T00:00:00+00:00, run_after=2022-08-21T00:00:00+00:00
[2022-08-21 13:49:06,035] {processor.py:161} INFO - Processing /home/airflow/.local/lib/python3.7/site-packages/airflow/example_dags/example_nested_branch_dag.py took 0.116 seconds
[2022-08-21 13:49:36,914] {processor.py:153} INFO - Started process (PID=3693) to work on /home/airflow/.local/lib/python3.7/site-packages/airflow/example_dags/example_nested_branch_dag.py
[2022-08-21 13:49:36,915] {processor.py:641} INFO - Processing file /home/airflow/.local/lib/python3.7/site-packages/airflow/example_dags/example_nested_branch_dag.py for tasks to queue
[2022-08-21 13:49:36,916] {logging_mixin.py:115} INFO - [2022-08-21 13:49:36,915] {dagbag.py:508} INFO - Filling up the DagBag from /home/airflow/.local/lib/python3.7/site-packages/airflow/example_dags/example_nested_branch_dag.py
[2022-08-21 13:49:36,924] {processor.py:651} INFO - DAG(s) dict_keys(['example_nested_branch_dag']) retrieved from /home/airflow/.local/lib/python3.7/site-packages/airflow/example_dags/example_nested_branch_dag.py
[2022-08-21 13:49:36,951] {logging_mixin.py:115} INFO - [2022-08-21 13:49:36,951] {dag.py:2420} INFO - Sync 1 DAGs
[2022-08-21 13:49:36,975] {logging_mixin.py:115} INFO - [2022-08-21 13:49:36,975] {dag.py:2972} INFO - Setting next_dagrun for example_nested_branch_dag to 2022-08-20T00:00:00+00:00, run_after=2022-08-21T00:00:00+00:00
[2022-08-21 13:49:36,994] {processor.py:161} INFO - Processing /home/airflow/.local/lib/python3.7/site-packages/airflow/example_dags/example_nested_branch_dag.py took 0.082 seconds
[2022-08-21 13:50:07,948] {processor.py:153} INFO - Started process (PID=3754) to work on /home/airflow/.local/lib/python3.7/site-packages/airflow/example_dags/example_nested_branch_dag.py
[2022-08-21 13:50:07,949] {processor.py:641} INFO - Processing file /home/airflow/.local/lib/python3.7/site-packages/airflow/example_dags/example_nested_branch_dag.py for tasks to queue
[2022-08-21 13:50:07,950] {logging_mixin.py:115} INFO - [2022-08-21 13:50:07,950] {dagbag.py:508} INFO - Filling up the DagBag from /home/airflow/.local/lib/python3.7/site-packages/airflow/example_dags/example_nested_branch_dag.py
[2022-08-21 13:50:07,963] {processor.py:651} INFO - DAG(s) dict_keys(['example_nested_branch_dag']) retrieved from /home/airflow/.local/lib/python3.7/site-packages/airflow/example_dags/example_nested_branch_dag.py
[2022-08-21 13:50:07,989] {logging_mixin.py:115} INFO - [2022-08-21 13:50:07,989] {dag.py:2420} INFO - Sync 1 DAGs
[2022-08-21 13:50:08,019] {logging_mixin.py:115} INFO - [2022-08-21 13:50:08,019] {dag.py:2972} INFO - Setting next_dagrun for example_nested_branch_dag to 2022-08-20T00:00:00+00:00, run_after=2022-08-21T00:00:00+00:00
[2022-08-21 13:50:08,038] {processor.py:161} INFO - Processing /home/airflow/.local/lib/python3.7/site-packages/airflow/example_dags/example_nested_branch_dag.py took 0.092 seconds
[2022-08-21 13:50:38,214] {processor.py:153} INFO - Started process (PID=3816) to work on /home/airflow/.local/lib/python3.7/site-packages/airflow/example_dags/example_nested_branch_dag.py
[2022-08-21 13:50:38,215] {processor.py:641} INFO - Processing file /home/airflow/.local/lib/python3.7/site-packages/airflow/example_dags/example_nested_branch_dag.py for tasks to queue
[2022-08-21 13:50:38,216] {logging_mixin.py:115} INFO - [2022-08-21 13:50:38,216] {dagbag.py:508} INFO - Filling up the DagBag from /home/airflow/.local/lib/python3.7/site-packages/airflow/example_dags/example_nested_branch_dag.py
[2022-08-21 13:50:38,226] {processor.py:651} INFO - DAG(s) dict_keys(['example_nested_branch_dag']) retrieved from /home/airflow/.local/lib/python3.7/site-packages/airflow/example_dags/example_nested_branch_dag.py
[2022-08-21 13:50:38,252] {logging_mixin.py:115} INFO - [2022-08-21 13:50:38,252] {dag.py:2420} INFO - Sync 1 DAGs
[2022-08-21 13:50:38,275] {logging_mixin.py:115} INFO - [2022-08-21 13:50:38,275] {dag.py:2972} INFO - Setting next_dagrun for example_nested_branch_dag to 2022-08-20T00:00:00+00:00, run_after=2022-08-21T00:00:00+00:00
[2022-08-21 13:50:38,297] {processor.py:161} INFO - Processing /home/airflow/.local/lib/python3.7/site-packages/airflow/example_dags/example_nested_branch_dag.py took 0.086 seconds
[2022-08-21 13:51:08,392] {processor.py:153} INFO - Started process (PID=3868) to work on /home/airflow/.local/lib/python3.7/site-packages/airflow/example_dags/example_nested_branch_dag.py
[2022-08-21 13:51:08,393] {processor.py:641} INFO - Processing file /home/airflow/.local/lib/python3.7/site-packages/airflow/example_dags/example_nested_branch_dag.py for tasks to queue
[2022-08-21 13:51:08,394] {logging_mixin.py:115} INFO - [2022-08-21 13:51:08,394] {dagbag.py:508} INFO - Filling up the DagBag from /home/airflow/.local/lib/python3.7/site-packages/airflow/example_dags/example_nested_branch_dag.py
[2022-08-21 13:51:08,403] {processor.py:651} INFO - DAG(s) dict_keys(['example_nested_branch_dag']) retrieved from /home/airflow/.local/lib/python3.7/site-packages/airflow/example_dags/example_nested_branch_dag.py
[2022-08-21 13:51:08,427] {logging_mixin.py:115} INFO - [2022-08-21 13:51:08,427] {dag.py:2420} INFO - Sync 1 DAGs
[2022-08-21 13:51:08,449] {logging_mixin.py:115} INFO - [2022-08-21 13:51:08,449] {dag.py:2972} INFO - Setting next_dagrun for example_nested_branch_dag to 2022-08-20T00:00:00+00:00, run_after=2022-08-21T00:00:00+00:00
[2022-08-21 13:51:08,470] {processor.py:161} INFO - Processing /home/airflow/.local/lib/python3.7/site-packages/airflow/example_dags/example_nested_branch_dag.py took 0.080 seconds
[2022-08-21 13:51:38,637] {processor.py:153} INFO - Started process (PID=3929) to work on /home/airflow/.local/lib/python3.7/site-packages/airflow/example_dags/example_nested_branch_dag.py
[2022-08-21 13:51:38,638] {processor.py:641} INFO - Processing file /home/airflow/.local/lib/python3.7/site-packages/airflow/example_dags/example_nested_branch_dag.py for tasks to queue
[2022-08-21 13:51:38,639] {logging_mixin.py:115} INFO - [2022-08-21 13:51:38,638] {dagbag.py:508} INFO - Filling up the DagBag from /home/airflow/.local/lib/python3.7/site-packages/airflow/example_dags/example_nested_branch_dag.py
[2022-08-21 13:51:38,648] {processor.py:651} INFO - DAG(s) dict_keys(['example_nested_branch_dag']) retrieved from /home/airflow/.local/lib/python3.7/site-packages/airflow/example_dags/example_nested_branch_dag.py
[2022-08-21 13:51:38,672] {logging_mixin.py:115} INFO - [2022-08-21 13:51:38,672] {dag.py:2420} INFO - Sync 1 DAGs
[2022-08-21 13:51:38,693] {logging_mixin.py:115} INFO - [2022-08-21 13:51:38,693] {dag.py:2972} INFO - Setting next_dagrun for example_nested_branch_dag to 2022-08-20T00:00:00+00:00, run_after=2022-08-21T00:00:00+00:00
[2022-08-21 13:51:38,706] {processor.py:161} INFO - Processing /home/airflow/.local/lib/python3.7/site-packages/airflow/example_dags/example_nested_branch_dag.py took 0.071 seconds
[2022-08-21 13:52:08,860] {processor.py:153} INFO - Started process (PID=3990) to work on /home/airflow/.local/lib/python3.7/site-packages/airflow/example_dags/example_nested_branch_dag.py
[2022-08-21 13:52:08,865] {processor.py:641} INFO - Processing file /home/airflow/.local/lib/python3.7/site-packages/airflow/example_dags/example_nested_branch_dag.py for tasks to queue
[2022-08-21 13:52:08,870] {logging_mixin.py:115} INFO - [2022-08-21 13:52:08,868] {dagbag.py:508} INFO - Filling up the DagBag from /home/airflow/.local/lib/python3.7/site-packages/airflow/example_dags/example_nested_branch_dag.py
[2022-08-21 13:52:08,887] {processor.py:651} INFO - DAG(s) dict_keys(['example_nested_branch_dag']) retrieved from /home/airflow/.local/lib/python3.7/site-packages/airflow/example_dags/example_nested_branch_dag.py
[2022-08-21 13:52:08,911] {logging_mixin.py:115} INFO - [2022-08-21 13:52:08,911] {dag.py:2420} INFO - Sync 1 DAGs
[2022-08-21 13:52:08,932] {logging_mixin.py:115} INFO - [2022-08-21 13:52:08,932] {dag.py:2972} INFO - Setting next_dagrun for example_nested_branch_dag to 2022-08-20T00:00:00+00:00, run_after=2022-08-21T00:00:00+00:00
[2022-08-21 13:52:08,945] {processor.py:161} INFO - Processing /home/airflow/.local/lib/python3.7/site-packages/airflow/example_dags/example_nested_branch_dag.py took 0.089 seconds
[2022-08-21 13:52:39,468] {processor.py:153} INFO - Started process (PID=4042) to work on /home/airflow/.local/lib/python3.7/site-packages/airflow/example_dags/example_nested_branch_dag.py
[2022-08-21 13:52:39,469] {processor.py:641} INFO - Processing file /home/airflow/.local/lib/python3.7/site-packages/airflow/example_dags/example_nested_branch_dag.py for tasks to queue
[2022-08-21 13:52:39,470] {logging_mixin.py:115} INFO - [2022-08-21 13:52:39,470] {dagbag.py:508} INFO - Filling up the DagBag from /home/airflow/.local/lib/python3.7/site-packages/airflow/example_dags/example_nested_branch_dag.py
[2022-08-21 13:52:39,482] {processor.py:651} INFO - DAG(s) dict_keys(['example_nested_branch_dag']) retrieved from /home/airflow/.local/lib/python3.7/site-packages/airflow/example_dags/example_nested_branch_dag.py
[2022-08-21 13:52:39,507] {logging_mixin.py:115} INFO - [2022-08-21 13:52:39,507] {dag.py:2420} INFO - Sync 1 DAGs
[2022-08-21 13:52:39,534] {logging_mixin.py:115} INFO - [2022-08-21 13:52:39,533] {dag.py:2972} INFO - Setting next_dagrun for example_nested_branch_dag to 2022-08-20T00:00:00+00:00, run_after=2022-08-21T00:00:00+00:00
[2022-08-21 13:52:39,553] {processor.py:161} INFO - Processing /home/airflow/.local/lib/python3.7/site-packages/airflow/example_dags/example_nested_branch_dag.py took 0.087 seconds
[2022-08-21 13:53:10,502] {processor.py:153} INFO - Started process (PID=4103) to work on /home/airflow/.local/lib/python3.7/site-packages/airflow/example_dags/example_nested_branch_dag.py
[2022-08-21 13:53:10,503] {processor.py:641} INFO - Processing file /home/airflow/.local/lib/python3.7/site-packages/airflow/example_dags/example_nested_branch_dag.py for tasks to queue
[2022-08-21 13:53:10,504] {logging_mixin.py:115} INFO - [2022-08-21 13:53:10,504] {dagbag.py:508} INFO - Filling up the DagBag from /home/airflow/.local/lib/python3.7/site-packages/airflow/example_dags/example_nested_branch_dag.py
[2022-08-21 13:53:10,513] {processor.py:651} INFO - DAG(s) dict_keys(['example_nested_branch_dag']) retrieved from /home/airflow/.local/lib/python3.7/site-packages/airflow/example_dags/example_nested_branch_dag.py
[2022-08-21 13:53:10,540] {logging_mixin.py:115} INFO - [2022-08-21 13:53:10,540] {dag.py:2420} INFO - Sync 1 DAGs
[2022-08-21 13:53:10,564] {logging_mixin.py:115} INFO - [2022-08-21 13:53:10,564] {dag.py:2972} INFO - Setting next_dagrun for example_nested_branch_dag to 2022-08-20T00:00:00+00:00, run_after=2022-08-21T00:00:00+00:00
[2022-08-21 13:53:10,581] {processor.py:161} INFO - Processing /home/airflow/.local/lib/python3.7/site-packages/airflow/example_dags/example_nested_branch_dag.py took 0.081 seconds
[2022-08-21 13:53:40,721] {processor.py:153} INFO - Started process (PID=4164) to work on /home/airflow/.local/lib/python3.7/site-packages/airflow/example_dags/example_nested_branch_dag.py
[2022-08-21 13:53:40,723] {processor.py:641} INFO - Processing file /home/airflow/.local/lib/python3.7/site-packages/airflow/example_dags/example_nested_branch_dag.py for tasks to queue
[2022-08-21 13:53:40,723] {logging_mixin.py:115} INFO - [2022-08-21 13:53:40,723] {dagbag.py:508} INFO - Filling up the DagBag from /home/airflow/.local/lib/python3.7/site-packages/airflow/example_dags/example_nested_branch_dag.py
[2022-08-21 13:53:40,733] {processor.py:651} INFO - DAG(s) dict_keys(['example_nested_branch_dag']) retrieved from /home/airflow/.local/lib/python3.7/site-packages/airflow/example_dags/example_nested_branch_dag.py
[2022-08-21 13:53:40,767] {logging_mixin.py:115} INFO - [2022-08-21 13:53:40,767] {dag.py:2420} INFO - Sync 1 DAGs
[2022-08-21 13:53:40,801] {logging_mixin.py:115} INFO - [2022-08-21 13:53:40,801] {dag.py:2972} INFO - Setting next_dagrun for example_nested_branch_dag to 2022-08-20T00:00:00+00:00, run_after=2022-08-21T00:00:00+00:00
[2022-08-21 13:53:40,828] {processor.py:161} INFO - Processing /home/airflow/.local/lib/python3.7/site-packages/airflow/example_dags/example_nested_branch_dag.py took 0.110 seconds
