[2022-08-21 13:17:58,902] {processor.py:153} INFO - Started process (PID=63) to work on /home/airflow/.local/lib/python3.7/site-packages/airflow/example_dags/example_sla_dag.py
[2022-08-21 13:17:58,903] {processor.py:641} INFO - Processing file /home/airflow/.local/lib/python3.7/site-packages/airflow/example_dags/example_sla_dag.py for tasks to queue
[2022-08-21 13:17:58,904] {logging_mixin.py:115} INFO - [2022-08-21 13:17:58,904] {dagbag.py:508} INFO - Filling up the DagBag from /home/airflow/.local/lib/python3.7/site-packages/airflow/example_dags/example_sla_dag.py
[2022-08-21 13:17:58,929] {processor.py:651} INFO - DAG(s) dict_keys(['example_sla_dag']) retrieved from /home/airflow/.local/lib/python3.7/site-packages/airflow/example_dags/example_sla_dag.py
[2022-08-21 13:17:58,961] {logging_mixin.py:115} INFO - [2022-08-21 13:17:58,961] {dag.py:2420} INFO - Sync 1 DAGs
[2022-08-21 13:17:58,995] {logging_mixin.py:115} INFO - [2022-08-21 13:17:58,995] {dag.py:2972} INFO - Setting next_dagrun for example_sla_dag to 2022-08-21T13:14:00+00:00, run_after=2022-08-21T13:16:00+00:00
[2022-08-21 13:17:59,012] {processor.py:161} INFO - Processing /home/airflow/.local/lib/python3.7/site-packages/airflow/example_dags/example_sla_dag.py took 0.117 seconds
[2022-08-21 13:18:29,520] {processor.py:153} INFO - Started process (PID=116) to work on /home/airflow/.local/lib/python3.7/site-packages/airflow/example_dags/example_sla_dag.py
[2022-08-21 13:18:29,521] {processor.py:641} INFO - Processing file /home/airflow/.local/lib/python3.7/site-packages/airflow/example_dags/example_sla_dag.py for tasks to queue
[2022-08-21 13:18:29,522] {logging_mixin.py:115} INFO - [2022-08-21 13:18:29,521] {dagbag.py:508} INFO - Filling up the DagBag from /home/airflow/.local/lib/python3.7/site-packages/airflow/example_dags/example_sla_dag.py
[2022-08-21 13:18:29,542] {processor.py:651} INFO - DAG(s) dict_keys(['example_sla_dag']) retrieved from /home/airflow/.local/lib/python3.7/site-packages/airflow/example_dags/example_sla_dag.py
[2022-08-21 13:18:29,567] {logging_mixin.py:115} INFO - [2022-08-21 13:18:29,567] {dag.py:2420} INFO - Sync 1 DAGs
[2022-08-21 13:18:29,593] {logging_mixin.py:115} INFO - [2022-08-21 13:18:29,593] {dag.py:2972} INFO - Setting next_dagrun for example_sla_dag to 2022-08-21T13:16:00+00:00, run_after=2022-08-21T13:18:00+00:00
[2022-08-21 13:18:29,605] {processor.py:161} INFO - Processing /home/airflow/.local/lib/python3.7/site-packages/airflow/example_dags/example_sla_dag.py took 0.089 seconds
[2022-08-21 13:18:59,760] {processor.py:153} INFO - Started process (PID=179) to work on /home/airflow/.local/lib/python3.7/site-packages/airflow/example_dags/example_sla_dag.py
[2022-08-21 13:18:59,760] {processor.py:641} INFO - Processing file /home/airflow/.local/lib/python3.7/site-packages/airflow/example_dags/example_sla_dag.py for tasks to queue
[2022-08-21 13:18:59,761] {logging_mixin.py:115} INFO - [2022-08-21 13:18:59,761] {dagbag.py:508} INFO - Filling up the DagBag from /home/airflow/.local/lib/python3.7/site-packages/airflow/example_dags/example_sla_dag.py
[2022-08-21 13:18:59,778] {processor.py:651} INFO - DAG(s) dict_keys(['example_sla_dag']) retrieved from /home/airflow/.local/lib/python3.7/site-packages/airflow/example_dags/example_sla_dag.py
[2022-08-21 13:18:59,802] {logging_mixin.py:115} INFO - [2022-08-21 13:18:59,802] {dag.py:2420} INFO - Sync 1 DAGs
[2022-08-21 13:18:59,828] {logging_mixin.py:115} INFO - [2022-08-21 13:18:59,828] {dag.py:2972} INFO - Setting next_dagrun for example_sla_dag to 2022-08-21T13:16:00+00:00, run_after=2022-08-21T13:18:00+00:00
[2022-08-21 13:18:59,845] {processor.py:161} INFO - Processing /home/airflow/.local/lib/python3.7/site-packages/airflow/example_dags/example_sla_dag.py took 0.089 seconds
[2022-08-21 13:19:30,265] {processor.py:153} INFO - Started process (PID=241) to work on /home/airflow/.local/lib/python3.7/site-packages/airflow/example_dags/example_sla_dag.py
[2022-08-21 13:19:30,266] {processor.py:641} INFO - Processing file /home/airflow/.local/lib/python3.7/site-packages/airflow/example_dags/example_sla_dag.py for tasks to queue
[2022-08-21 13:19:30,267] {logging_mixin.py:115} INFO - [2022-08-21 13:19:30,267] {dagbag.py:508} INFO - Filling up the DagBag from /home/airflow/.local/lib/python3.7/site-packages/airflow/example_dags/example_sla_dag.py
[2022-08-21 13:19:30,288] {processor.py:651} INFO - DAG(s) dict_keys(['example_sla_dag']) retrieved from /home/airflow/.local/lib/python3.7/site-packages/airflow/example_dags/example_sla_dag.py
[2022-08-21 13:19:30,314] {logging_mixin.py:115} INFO - [2022-08-21 13:19:30,314] {dag.py:2420} INFO - Sync 1 DAGs
[2022-08-21 13:19:30,338] {logging_mixin.py:115} INFO - [2022-08-21 13:19:30,338] {dag.py:2972} INFO - Setting next_dagrun for example_sla_dag to 2022-08-21T13:16:00+00:00, run_after=2022-08-21T13:18:00+00:00
[2022-08-21 13:19:30,359] {processor.py:161} INFO - Processing /home/airflow/.local/lib/python3.7/site-packages/airflow/example_dags/example_sla_dag.py took 0.096 seconds
[2022-08-21 13:20:00,953] {processor.py:153} INFO - Started process (PID=293) to work on /home/airflow/.local/lib/python3.7/site-packages/airflow/example_dags/example_sla_dag.py
[2022-08-21 13:20:00,954] {processor.py:641} INFO - Processing file /home/airflow/.local/lib/python3.7/site-packages/airflow/example_dags/example_sla_dag.py for tasks to queue
[2022-08-21 13:20:00,955] {logging_mixin.py:115} INFO - [2022-08-21 13:20:00,955] {dagbag.py:508} INFO - Filling up the DagBag from /home/airflow/.local/lib/python3.7/site-packages/airflow/example_dags/example_sla_dag.py
[2022-08-21 13:20:00,970] {processor.py:651} INFO - DAG(s) dict_keys(['example_sla_dag']) retrieved from /home/airflow/.local/lib/python3.7/site-packages/airflow/example_dags/example_sla_dag.py
[2022-08-21 13:20:00,993] {logging_mixin.py:115} INFO - [2022-08-21 13:20:00,993] {dag.py:2420} INFO - Sync 1 DAGs
[2022-08-21 13:20:01,016] {logging_mixin.py:115} INFO - [2022-08-21 13:20:01,015] {dag.py:2972} INFO - Setting next_dagrun for example_sla_dag to 2022-08-21T13:18:00+00:00, run_after=2022-08-21T13:20:00+00:00
[2022-08-21 13:20:01,031] {processor.py:161} INFO - Processing /home/airflow/.local/lib/python3.7/site-packages/airflow/example_dags/example_sla_dag.py took 0.080 seconds
[2022-08-21 13:20:31,232] {processor.py:153} INFO - Started process (PID=355) to work on /home/airflow/.local/lib/python3.7/site-packages/airflow/example_dags/example_sla_dag.py
[2022-08-21 13:20:31,234] {processor.py:641} INFO - Processing file /home/airflow/.local/lib/python3.7/site-packages/airflow/example_dags/example_sla_dag.py for tasks to queue
[2022-08-21 13:20:31,235] {logging_mixin.py:115} INFO - [2022-08-21 13:20:31,235] {dagbag.py:508} INFO - Filling up the DagBag from /home/airflow/.local/lib/python3.7/site-packages/airflow/example_dags/example_sla_dag.py
[2022-08-21 13:20:31,255] {processor.py:651} INFO - DAG(s) dict_keys(['example_sla_dag']) retrieved from /home/airflow/.local/lib/python3.7/site-packages/airflow/example_dags/example_sla_dag.py
[2022-08-21 13:20:31,285] {logging_mixin.py:115} INFO - [2022-08-21 13:20:31,284] {dag.py:2420} INFO - Sync 1 DAGs
[2022-08-21 13:20:31,312] {logging_mixin.py:115} INFO - [2022-08-21 13:20:31,312] {dag.py:2972} INFO - Setting next_dagrun for example_sla_dag to 2022-08-21T13:18:00+00:00, run_after=2022-08-21T13:20:00+00:00
[2022-08-21 13:20:31,322] {processor.py:161} INFO - Processing /home/airflow/.local/lib/python3.7/site-packages/airflow/example_dags/example_sla_dag.py took 0.096 seconds
[2022-08-21 13:21:01,551] {processor.py:153} INFO - Started process (PID=416) to work on /home/airflow/.local/lib/python3.7/site-packages/airflow/example_dags/example_sla_dag.py
[2022-08-21 13:21:01,551] {processor.py:641} INFO - Processing file /home/airflow/.local/lib/python3.7/site-packages/airflow/example_dags/example_sla_dag.py for tasks to queue
[2022-08-21 13:21:01,552] {logging_mixin.py:115} INFO - [2022-08-21 13:21:01,552] {dagbag.py:508} INFO - Filling up the DagBag from /home/airflow/.local/lib/python3.7/site-packages/airflow/example_dags/example_sla_dag.py
[2022-08-21 13:21:01,566] {processor.py:651} INFO - DAG(s) dict_keys(['example_sla_dag']) retrieved from /home/airflow/.local/lib/python3.7/site-packages/airflow/example_dags/example_sla_dag.py
[2022-08-21 13:21:01,588] {logging_mixin.py:115} INFO - [2022-08-21 13:21:01,588] {dag.py:2420} INFO - Sync 1 DAGs
[2022-08-21 13:21:01,611] {logging_mixin.py:115} INFO - [2022-08-21 13:21:01,611] {dag.py:2972} INFO - Setting next_dagrun for example_sla_dag to 2022-08-21T13:18:00+00:00, run_after=2022-08-21T13:20:00+00:00
[2022-08-21 13:21:01,627] {processor.py:161} INFO - Processing /home/airflow/.local/lib/python3.7/site-packages/airflow/example_dags/example_sla_dag.py took 0.079 seconds
[2022-08-21 13:21:31,700] {processor.py:153} INFO - Started process (PID=469) to work on /home/airflow/.local/lib/python3.7/site-packages/airflow/example_dags/example_sla_dag.py
[2022-08-21 13:21:31,701] {processor.py:641} INFO - Processing file /home/airflow/.local/lib/python3.7/site-packages/airflow/example_dags/example_sla_dag.py for tasks to queue
[2022-08-21 13:21:31,702] {logging_mixin.py:115} INFO - [2022-08-21 13:21:31,702] {dagbag.py:508} INFO - Filling up the DagBag from /home/airflow/.local/lib/python3.7/site-packages/airflow/example_dags/example_sla_dag.py
[2022-08-21 13:21:31,717] {processor.py:651} INFO - DAG(s) dict_keys(['example_sla_dag']) retrieved from /home/airflow/.local/lib/python3.7/site-packages/airflow/example_dags/example_sla_dag.py
[2022-08-21 13:21:31,741] {logging_mixin.py:115} INFO - [2022-08-21 13:21:31,741] {dag.py:2420} INFO - Sync 1 DAGs
[2022-08-21 13:21:31,771] {logging_mixin.py:115} INFO - [2022-08-21 13:21:31,771] {dag.py:2972} INFO - Setting next_dagrun for example_sla_dag to 2022-08-21T13:18:00+00:00, run_after=2022-08-21T13:20:00+00:00
[2022-08-21 13:21:31,784] {processor.py:161} INFO - Processing /home/airflow/.local/lib/python3.7/site-packages/airflow/example_dags/example_sla_dag.py took 0.088 seconds
[2022-08-21 13:22:02,055] {processor.py:153} INFO - Started process (PID=530) to work on /home/airflow/.local/lib/python3.7/site-packages/airflow/example_dags/example_sla_dag.py
[2022-08-21 13:22:02,056] {processor.py:641} INFO - Processing file /home/airflow/.local/lib/python3.7/site-packages/airflow/example_dags/example_sla_dag.py for tasks to queue
[2022-08-21 13:22:02,057] {logging_mixin.py:115} INFO - [2022-08-21 13:22:02,057] {dagbag.py:508} INFO - Filling up the DagBag from /home/airflow/.local/lib/python3.7/site-packages/airflow/example_dags/example_sla_dag.py
[2022-08-21 13:22:02,076] {processor.py:651} INFO - DAG(s) dict_keys(['example_sla_dag']) retrieved from /home/airflow/.local/lib/python3.7/site-packages/airflow/example_dags/example_sla_dag.py
[2022-08-21 13:22:02,102] {logging_mixin.py:115} INFO - [2022-08-21 13:22:02,102] {dag.py:2420} INFO - Sync 1 DAGs
[2022-08-21 13:22:02,130] {logging_mixin.py:115} INFO - [2022-08-21 13:22:02,130] {dag.py:2972} INFO - Setting next_dagrun for example_sla_dag to 2022-08-21T13:20:00+00:00, run_after=2022-08-21T13:22:00+00:00
[2022-08-21 13:22:02,148] {processor.py:161} INFO - Processing /home/airflow/.local/lib/python3.7/site-packages/airflow/example_dags/example_sla_dag.py took 0.096 seconds
[2022-08-21 13:22:32,257] {processor.py:153} INFO - Started process (PID=592) to work on /home/airflow/.local/lib/python3.7/site-packages/airflow/example_dags/example_sla_dag.py
[2022-08-21 13:22:32,258] {processor.py:641} INFO - Processing file /home/airflow/.local/lib/python3.7/site-packages/airflow/example_dags/example_sla_dag.py for tasks to queue
[2022-08-21 13:22:32,259] {logging_mixin.py:115} INFO - [2022-08-21 13:22:32,259] {dagbag.py:508} INFO - Filling up the DagBag from /home/airflow/.local/lib/python3.7/site-packages/airflow/example_dags/example_sla_dag.py
[2022-08-21 13:22:32,275] {processor.py:651} INFO - DAG(s) dict_keys(['example_sla_dag']) retrieved from /home/airflow/.local/lib/python3.7/site-packages/airflow/example_dags/example_sla_dag.py
[2022-08-21 13:22:32,300] {logging_mixin.py:115} INFO - [2022-08-21 13:22:32,300] {dag.py:2420} INFO - Sync 1 DAGs
[2022-08-21 13:22:32,331] {logging_mixin.py:115} INFO - [2022-08-21 13:22:32,331] {dag.py:2972} INFO - Setting next_dagrun for example_sla_dag to 2022-08-21T13:20:00+00:00, run_after=2022-08-21T13:22:00+00:00
[2022-08-21 13:22:32,345] {processor.py:161} INFO - Processing /home/airflow/.local/lib/python3.7/site-packages/airflow/example_dags/example_sla_dag.py took 0.090 seconds
[2022-08-21 13:23:02,496] {processor.py:153} INFO - Started process (PID=645) to work on /home/airflow/.local/lib/python3.7/site-packages/airflow/example_dags/example_sla_dag.py
[2022-08-21 13:23:02,497] {processor.py:641} INFO - Processing file /home/airflow/.local/lib/python3.7/site-packages/airflow/example_dags/example_sla_dag.py for tasks to queue
[2022-08-21 13:23:02,498] {logging_mixin.py:115} INFO - [2022-08-21 13:23:02,498] {dagbag.py:508} INFO - Filling up the DagBag from /home/airflow/.local/lib/python3.7/site-packages/airflow/example_dags/example_sla_dag.py
[2022-08-21 13:23:02,514] {processor.py:651} INFO - DAG(s) dict_keys(['example_sla_dag']) retrieved from /home/airflow/.local/lib/python3.7/site-packages/airflow/example_dags/example_sla_dag.py
[2022-08-21 13:23:02,541] {logging_mixin.py:115} INFO - [2022-08-21 13:23:02,541] {dag.py:2420} INFO - Sync 1 DAGs
[2022-08-21 13:23:02,567] {logging_mixin.py:115} INFO - [2022-08-21 13:23:02,567] {dag.py:2972} INFO - Setting next_dagrun for example_sla_dag to 2022-08-21T13:20:00+00:00, run_after=2022-08-21T13:22:00+00:00
[2022-08-21 13:23:02,581] {processor.py:161} INFO - Processing /home/airflow/.local/lib/python3.7/site-packages/airflow/example_dags/example_sla_dag.py took 0.089 seconds
[2022-08-21 13:23:33,515] {processor.py:153} INFO - Started process (PID=706) to work on /home/airflow/.local/lib/python3.7/site-packages/airflow/example_dags/example_sla_dag.py
[2022-08-21 13:23:33,516] {processor.py:641} INFO - Processing file /home/airflow/.local/lib/python3.7/site-packages/airflow/example_dags/example_sla_dag.py for tasks to queue
[2022-08-21 13:23:33,517] {logging_mixin.py:115} INFO - [2022-08-21 13:23:33,517] {dagbag.py:508} INFO - Filling up the DagBag from /home/airflow/.local/lib/python3.7/site-packages/airflow/example_dags/example_sla_dag.py
[2022-08-21 13:23:33,534] {processor.py:651} INFO - DAG(s) dict_keys(['example_sla_dag']) retrieved from /home/airflow/.local/lib/python3.7/site-packages/airflow/example_dags/example_sla_dag.py
[2022-08-21 13:23:33,558] {logging_mixin.py:115} INFO - [2022-08-21 13:23:33,558] {dag.py:2420} INFO - Sync 1 DAGs
[2022-08-21 13:23:33,587] {logging_mixin.py:115} INFO - [2022-08-21 13:23:33,587] {dag.py:2972} INFO - Setting next_dagrun for example_sla_dag to 2022-08-21T13:20:00+00:00, run_after=2022-08-21T13:22:00+00:00
[2022-08-21 13:23:33,600] {processor.py:161} INFO - Processing /home/airflow/.local/lib/python3.7/site-packages/airflow/example_dags/example_sla_dag.py took 0.088 seconds
[2022-08-21 13:24:04,799] {processor.py:153} INFO - Started process (PID=765) to work on /home/airflow/.local/lib/python3.7/site-packages/airflow/example_dags/example_sla_dag.py
[2022-08-21 13:24:04,801] {processor.py:641} INFO - Processing file /home/airflow/.local/lib/python3.7/site-packages/airflow/example_dags/example_sla_dag.py for tasks to queue
[2022-08-21 13:24:04,802] {logging_mixin.py:115} INFO - [2022-08-21 13:24:04,802] {dagbag.py:508} INFO - Filling up the DagBag from /home/airflow/.local/lib/python3.7/site-packages/airflow/example_dags/example_sla_dag.py
[2022-08-21 13:24:04,848] {processor.py:651} INFO - DAG(s) dict_keys(['example_sla_dag']) retrieved from /home/airflow/.local/lib/python3.7/site-packages/airflow/example_dags/example_sla_dag.py
[2022-08-21 13:24:04,933] {logging_mixin.py:115} INFO - [2022-08-21 13:24:04,933] {dag.py:2420} INFO - Sync 1 DAGs
[2022-08-21 13:24:05,033] {logging_mixin.py:115} INFO - [2022-08-21 13:24:05,032] {dag.py:2972} INFO - Setting next_dagrun for example_sla_dag to 2022-08-21T13:22:00+00:00, run_after=2022-08-21T13:24:00+00:00
[2022-08-21 13:24:05,087] {processor.py:161} INFO - Processing /home/airflow/.local/lib/python3.7/site-packages/airflow/example_dags/example_sla_dag.py took 0.300 seconds
[2022-08-21 13:24:35,399] {processor.py:153} INFO - Started process (PID=819) to work on /home/airflow/.local/lib/python3.7/site-packages/airflow/example_dags/example_sla_dag.py
[2022-08-21 13:24:35,401] {processor.py:641} INFO - Processing file /home/airflow/.local/lib/python3.7/site-packages/airflow/example_dags/example_sla_dag.py for tasks to queue
[2022-08-21 13:24:35,401] {logging_mixin.py:115} INFO - [2022-08-21 13:24:35,401] {dagbag.py:508} INFO - Filling up the DagBag from /home/airflow/.local/lib/python3.7/site-packages/airflow/example_dags/example_sla_dag.py
[2022-08-21 13:24:35,417] {processor.py:651} INFO - DAG(s) dict_keys(['example_sla_dag']) retrieved from /home/airflow/.local/lib/python3.7/site-packages/airflow/example_dags/example_sla_dag.py
[2022-08-21 13:24:35,443] {logging_mixin.py:115} INFO - [2022-08-21 13:24:35,443] {dag.py:2420} INFO - Sync 1 DAGs
[2022-08-21 13:24:35,466] {logging_mixin.py:115} INFO - [2022-08-21 13:24:35,466] {dag.py:2972} INFO - Setting next_dagrun for example_sla_dag to 2022-08-21T13:22:00+00:00, run_after=2022-08-21T13:24:00+00:00
[2022-08-21 13:24:35,482] {processor.py:161} INFO - Processing /home/airflow/.local/lib/python3.7/site-packages/airflow/example_dags/example_sla_dag.py took 0.086 seconds
[2022-08-21 13:25:05,576] {processor.py:153} INFO - Started process (PID=880) to work on /home/airflow/.local/lib/python3.7/site-packages/airflow/example_dags/example_sla_dag.py
[2022-08-21 13:25:05,577] {processor.py:641} INFO - Processing file /home/airflow/.local/lib/python3.7/site-packages/airflow/example_dags/example_sla_dag.py for tasks to queue
[2022-08-21 13:25:05,577] {logging_mixin.py:115} INFO - [2022-08-21 13:25:05,577] {dagbag.py:508} INFO - Filling up the DagBag from /home/airflow/.local/lib/python3.7/site-packages/airflow/example_dags/example_sla_dag.py
[2022-08-21 13:25:05,604] {processor.py:651} INFO - DAG(s) dict_keys(['example_sla_dag']) retrieved from /home/airflow/.local/lib/python3.7/site-packages/airflow/example_dags/example_sla_dag.py
[2022-08-21 13:25:05,627] {logging_mixin.py:115} INFO - [2022-08-21 13:25:05,627] {dag.py:2420} INFO - Sync 1 DAGs
[2022-08-21 13:25:05,650] {logging_mixin.py:115} INFO - [2022-08-21 13:25:05,650] {dag.py:2972} INFO - Setting next_dagrun for example_sla_dag to 2022-08-21T13:22:00+00:00, run_after=2022-08-21T13:24:00+00:00
[2022-08-21 13:25:05,663] {processor.py:161} INFO - Processing /home/airflow/.local/lib/python3.7/site-packages/airflow/example_dags/example_sla_dag.py took 0.090 seconds
[2022-08-21 13:25:35,780] {processor.py:153} INFO - Started process (PID=933) to work on /home/airflow/.local/lib/python3.7/site-packages/airflow/example_dags/example_sla_dag.py
[2022-08-21 13:25:35,780] {processor.py:641} INFO - Processing file /home/airflow/.local/lib/python3.7/site-packages/airflow/example_dags/example_sla_dag.py for tasks to queue
[2022-08-21 13:25:35,781] {logging_mixin.py:115} INFO - [2022-08-21 13:25:35,781] {dagbag.py:508} INFO - Filling up the DagBag from /home/airflow/.local/lib/python3.7/site-packages/airflow/example_dags/example_sla_dag.py
[2022-08-21 13:25:35,797] {processor.py:651} INFO - DAG(s) dict_keys(['example_sla_dag']) retrieved from /home/airflow/.local/lib/python3.7/site-packages/airflow/example_dags/example_sla_dag.py
[2022-08-21 13:25:35,821] {logging_mixin.py:115} INFO - [2022-08-21 13:25:35,821] {dag.py:2420} INFO - Sync 1 DAGs
[2022-08-21 13:25:35,844] {logging_mixin.py:115} INFO - [2022-08-21 13:25:35,844] {dag.py:2972} INFO - Setting next_dagrun for example_sla_dag to 2022-08-21T13:22:00+00:00, run_after=2022-08-21T13:24:00+00:00
[2022-08-21 13:25:35,860] {processor.py:161} INFO - Processing /home/airflow/.local/lib/python3.7/site-packages/airflow/example_dags/example_sla_dag.py took 0.083 seconds
[2022-08-21 13:26:06,002] {processor.py:153} INFO - Started process (PID=994) to work on /home/airflow/.local/lib/python3.7/site-packages/airflow/example_dags/example_sla_dag.py
[2022-08-21 13:26:06,003] {processor.py:641} INFO - Processing file /home/airflow/.local/lib/python3.7/site-packages/airflow/example_dags/example_sla_dag.py for tasks to queue
[2022-08-21 13:26:06,004] {logging_mixin.py:115} INFO - [2022-08-21 13:26:06,004] {dagbag.py:508} INFO - Filling up the DagBag from /home/airflow/.local/lib/python3.7/site-packages/airflow/example_dags/example_sla_dag.py
[2022-08-21 13:26:06,020] {processor.py:651} INFO - DAG(s) dict_keys(['example_sla_dag']) retrieved from /home/airflow/.local/lib/python3.7/site-packages/airflow/example_dags/example_sla_dag.py
[2022-08-21 13:26:06,046] {logging_mixin.py:115} INFO - [2022-08-21 13:26:06,045] {dag.py:2420} INFO - Sync 1 DAGs
[2022-08-21 13:26:06,082] {logging_mixin.py:115} INFO - [2022-08-21 13:26:06,081] {dag.py:2972} INFO - Setting next_dagrun for example_sla_dag to 2022-08-21T13:24:00+00:00, run_after=2022-08-21T13:26:00+00:00
[2022-08-21 13:26:06,098] {processor.py:161} INFO - Processing /home/airflow/.local/lib/python3.7/site-packages/airflow/example_dags/example_sla_dag.py took 0.098 seconds
[2022-08-21 13:26:36,162] {processor.py:153} INFO - Started process (PID=1055) to work on /home/airflow/.local/lib/python3.7/site-packages/airflow/example_dags/example_sla_dag.py
[2022-08-21 13:26:36,163] {processor.py:641} INFO - Processing file /home/airflow/.local/lib/python3.7/site-packages/airflow/example_dags/example_sla_dag.py for tasks to queue
[2022-08-21 13:26:36,163] {logging_mixin.py:115} INFO - [2022-08-21 13:26:36,163] {dagbag.py:508} INFO - Filling up the DagBag from /home/airflow/.local/lib/python3.7/site-packages/airflow/example_dags/example_sla_dag.py
[2022-08-21 13:26:36,185] {processor.py:651} INFO - DAG(s) dict_keys(['example_sla_dag']) retrieved from /home/airflow/.local/lib/python3.7/site-packages/airflow/example_dags/example_sla_dag.py
[2022-08-21 13:26:36,211] {logging_mixin.py:115} INFO - [2022-08-21 13:26:36,211] {dag.py:2420} INFO - Sync 1 DAGs
[2022-08-21 13:26:36,236] {logging_mixin.py:115} INFO - [2022-08-21 13:26:36,236] {dag.py:2972} INFO - Setting next_dagrun for example_sla_dag to 2022-08-21T13:24:00+00:00, run_after=2022-08-21T13:26:00+00:00
[2022-08-21 13:26:36,250] {processor.py:161} INFO - Processing /home/airflow/.local/lib/python3.7/site-packages/airflow/example_dags/example_sla_dag.py took 0.091 seconds
[2022-08-21 13:27:06,420] {processor.py:153} INFO - Started process (PID=1107) to work on /home/airflow/.local/lib/python3.7/site-packages/airflow/example_dags/example_sla_dag.py
[2022-08-21 13:27:06,421] {processor.py:641} INFO - Processing file /home/airflow/.local/lib/python3.7/site-packages/airflow/example_dags/example_sla_dag.py for tasks to queue
[2022-08-21 13:27:06,421] {logging_mixin.py:115} INFO - [2022-08-21 13:27:06,421] {dagbag.py:508} INFO - Filling up the DagBag from /home/airflow/.local/lib/python3.7/site-packages/airflow/example_dags/example_sla_dag.py
[2022-08-21 13:27:06,437] {processor.py:651} INFO - DAG(s) dict_keys(['example_sla_dag']) retrieved from /home/airflow/.local/lib/python3.7/site-packages/airflow/example_dags/example_sla_dag.py
[2022-08-21 13:27:06,459] {logging_mixin.py:115} INFO - [2022-08-21 13:27:06,459] {dag.py:2420} INFO - Sync 1 DAGs
[2022-08-21 13:27:06,482] {logging_mixin.py:115} INFO - [2022-08-21 13:27:06,482] {dag.py:2972} INFO - Setting next_dagrun for example_sla_dag to 2022-08-21T13:24:00+00:00, run_after=2022-08-21T13:26:00+00:00
[2022-08-21 13:27:06,499] {processor.py:161} INFO - Processing /home/airflow/.local/lib/python3.7/site-packages/airflow/example_dags/example_sla_dag.py took 0.084 seconds
[2022-08-21 13:27:36,730] {processor.py:153} INFO - Started process (PID=1169) to work on /home/airflow/.local/lib/python3.7/site-packages/airflow/example_dags/example_sla_dag.py
[2022-08-21 13:27:36,731] {processor.py:641} INFO - Processing file /home/airflow/.local/lib/python3.7/site-packages/airflow/example_dags/example_sla_dag.py for tasks to queue
[2022-08-21 13:27:36,732] {logging_mixin.py:115} INFO - [2022-08-21 13:27:36,732] {dagbag.py:508} INFO - Filling up the DagBag from /home/airflow/.local/lib/python3.7/site-packages/airflow/example_dags/example_sla_dag.py
[2022-08-21 13:27:36,750] {processor.py:651} INFO - DAG(s) dict_keys(['example_sla_dag']) retrieved from /home/airflow/.local/lib/python3.7/site-packages/airflow/example_dags/example_sla_dag.py
[2022-08-21 13:27:36,775] {logging_mixin.py:115} INFO - [2022-08-21 13:27:36,775] {dag.py:2420} INFO - Sync 1 DAGs
[2022-08-21 13:27:36,800] {logging_mixin.py:115} INFO - [2022-08-21 13:27:36,800] {dag.py:2972} INFO - Setting next_dagrun for example_sla_dag to 2022-08-21T13:24:00+00:00, run_after=2022-08-21T13:26:00+00:00
[2022-08-21 13:27:36,814] {processor.py:161} INFO - Processing /home/airflow/.local/lib/python3.7/site-packages/airflow/example_dags/example_sla_dag.py took 0.087 seconds
[2022-08-21 13:28:07,614] {processor.py:153} INFO - Started process (PID=1230) to work on /home/airflow/.local/lib/python3.7/site-packages/airflow/example_dags/example_sla_dag.py
[2022-08-21 13:28:07,615] {processor.py:641} INFO - Processing file /home/airflow/.local/lib/python3.7/site-packages/airflow/example_dags/example_sla_dag.py for tasks to queue
[2022-08-21 13:28:07,616] {logging_mixin.py:115} INFO - [2022-08-21 13:28:07,616] {dagbag.py:508} INFO - Filling up the DagBag from /home/airflow/.local/lib/python3.7/site-packages/airflow/example_dags/example_sla_dag.py
[2022-08-21 13:28:07,631] {processor.py:651} INFO - DAG(s) dict_keys(['example_sla_dag']) retrieved from /home/airflow/.local/lib/python3.7/site-packages/airflow/example_dags/example_sla_dag.py
[2022-08-21 13:28:07,655] {logging_mixin.py:115} INFO - [2022-08-21 13:28:07,655] {dag.py:2420} INFO - Sync 1 DAGs
[2022-08-21 13:28:07,679] {logging_mixin.py:115} INFO - [2022-08-21 13:28:07,679] {dag.py:2972} INFO - Setting next_dagrun for example_sla_dag to 2022-08-21T13:26:00+00:00, run_after=2022-08-21T13:28:00+00:00
[2022-08-21 13:28:07,698] {processor.py:161} INFO - Processing /home/airflow/.local/lib/python3.7/site-packages/airflow/example_dags/example_sla_dag.py took 0.087 seconds
[2022-08-21 13:28:38,404] {processor.py:153} INFO - Started process (PID=1283) to work on /home/airflow/.local/lib/python3.7/site-packages/airflow/example_dags/example_sla_dag.py
[2022-08-21 13:28:38,405] {processor.py:641} INFO - Processing file /home/airflow/.local/lib/python3.7/site-packages/airflow/example_dags/example_sla_dag.py for tasks to queue
[2022-08-21 13:28:38,406] {logging_mixin.py:115} INFO - [2022-08-21 13:28:38,406] {dagbag.py:508} INFO - Filling up the DagBag from /home/airflow/.local/lib/python3.7/site-packages/airflow/example_dags/example_sla_dag.py
[2022-08-21 13:28:38,430] {processor.py:651} INFO - DAG(s) dict_keys(['example_sla_dag']) retrieved from /home/airflow/.local/lib/python3.7/site-packages/airflow/example_dags/example_sla_dag.py
[2022-08-21 13:28:38,472] {logging_mixin.py:115} INFO - [2022-08-21 13:28:38,471] {dag.py:2420} INFO - Sync 1 DAGs
[2022-08-21 13:28:38,509] {logging_mixin.py:115} INFO - [2022-08-21 13:28:38,509] {dag.py:2972} INFO - Setting next_dagrun for example_sla_dag to 2022-08-21T13:26:00+00:00, run_after=2022-08-21T13:28:00+00:00
[2022-08-21 13:28:38,528] {processor.py:161} INFO - Processing /home/airflow/.local/lib/python3.7/site-packages/airflow/example_dags/example_sla_dag.py took 0.128 seconds
[2022-08-21 13:29:09,393] {processor.py:153} INFO - Started process (PID=1344) to work on /home/airflow/.local/lib/python3.7/site-packages/airflow/example_dags/example_sla_dag.py
[2022-08-21 13:29:09,394] {processor.py:641} INFO - Processing file /home/airflow/.local/lib/python3.7/site-packages/airflow/example_dags/example_sla_dag.py for tasks to queue
[2022-08-21 13:29:09,396] {logging_mixin.py:115} INFO - [2022-08-21 13:29:09,395] {dagbag.py:508} INFO - Filling up the DagBag from /home/airflow/.local/lib/python3.7/site-packages/airflow/example_dags/example_sla_dag.py
[2022-08-21 13:29:09,414] {processor.py:651} INFO - DAG(s) dict_keys(['example_sla_dag']) retrieved from /home/airflow/.local/lib/python3.7/site-packages/airflow/example_dags/example_sla_dag.py
[2022-08-21 13:29:09,438] {logging_mixin.py:115} INFO - [2022-08-21 13:29:09,438] {dag.py:2420} INFO - Sync 1 DAGs
[2022-08-21 13:29:09,464] {logging_mixin.py:115} INFO - [2022-08-21 13:29:09,464] {dag.py:2972} INFO - Setting next_dagrun for example_sla_dag to 2022-08-21T13:26:00+00:00, run_after=2022-08-21T13:28:00+00:00
[2022-08-21 13:29:09,482] {processor.py:161} INFO - Processing /home/airflow/.local/lib/python3.7/site-packages/airflow/example_dags/example_sla_dag.py took 0.092 seconds
[2022-08-21 13:29:40,307] {processor.py:153} INFO - Started process (PID=1405) to work on /home/airflow/.local/lib/python3.7/site-packages/airflow/example_dags/example_sla_dag.py
[2022-08-21 13:29:40,308] {processor.py:641} INFO - Processing file /home/airflow/.local/lib/python3.7/site-packages/airflow/example_dags/example_sla_dag.py for tasks to queue
[2022-08-21 13:29:40,309] {logging_mixin.py:115} INFO - [2022-08-21 13:29:40,309] {dagbag.py:508} INFO - Filling up the DagBag from /home/airflow/.local/lib/python3.7/site-packages/airflow/example_dags/example_sla_dag.py
[2022-08-21 13:29:40,323] {processor.py:651} INFO - DAG(s) dict_keys(['example_sla_dag']) retrieved from /home/airflow/.local/lib/python3.7/site-packages/airflow/example_dags/example_sla_dag.py
[2022-08-21 13:29:40,346] {logging_mixin.py:115} INFO - [2022-08-21 13:29:40,346] {dag.py:2420} INFO - Sync 1 DAGs
[2022-08-21 13:29:40,368] {logging_mixin.py:115} INFO - [2022-08-21 13:29:40,368] {dag.py:2972} INFO - Setting next_dagrun for example_sla_dag to 2022-08-21T13:26:00+00:00, run_after=2022-08-21T13:28:00+00:00
[2022-08-21 13:29:40,382] {processor.py:161} INFO - Processing /home/airflow/.local/lib/python3.7/site-packages/airflow/example_dags/example_sla_dag.py took 0.077 seconds
[2022-08-21 13:30:11,124] {processor.py:153} INFO - Started process (PID=1457) to work on /home/airflow/.local/lib/python3.7/site-packages/airflow/example_dags/example_sla_dag.py
[2022-08-21 13:30:11,125] {processor.py:641} INFO - Processing file /home/airflow/.local/lib/python3.7/site-packages/airflow/example_dags/example_sla_dag.py for tasks to queue
[2022-08-21 13:30:11,126] {logging_mixin.py:115} INFO - [2022-08-21 13:30:11,125] {dagbag.py:508} INFO - Filling up the DagBag from /home/airflow/.local/lib/python3.7/site-packages/airflow/example_dags/example_sla_dag.py
[2022-08-21 13:30:11,145] {processor.py:651} INFO - DAG(s) dict_keys(['example_sla_dag']) retrieved from /home/airflow/.local/lib/python3.7/site-packages/airflow/example_dags/example_sla_dag.py
[2022-08-21 13:30:11,172] {logging_mixin.py:115} INFO - [2022-08-21 13:30:11,172] {dag.py:2420} INFO - Sync 1 DAGs
[2022-08-21 13:30:11,196] {logging_mixin.py:115} INFO - [2022-08-21 13:30:11,196] {dag.py:2972} INFO - Setting next_dagrun for example_sla_dag to 2022-08-21T13:28:00+00:00, run_after=2022-08-21T13:30:00+00:00
[2022-08-21 13:30:11,214] {processor.py:161} INFO - Processing /home/airflow/.local/lib/python3.7/site-packages/airflow/example_dags/example_sla_dag.py took 0.093 seconds
[2022-08-21 13:30:41,323] {processor.py:153} INFO - Started process (PID=1519) to work on /home/airflow/.local/lib/python3.7/site-packages/airflow/example_dags/example_sla_dag.py
[2022-08-21 13:30:41,324] {processor.py:641} INFO - Processing file /home/airflow/.local/lib/python3.7/site-packages/airflow/example_dags/example_sla_dag.py for tasks to queue
[2022-08-21 13:30:41,325] {logging_mixin.py:115} INFO - [2022-08-21 13:30:41,325] {dagbag.py:508} INFO - Filling up the DagBag from /home/airflow/.local/lib/python3.7/site-packages/airflow/example_dags/example_sla_dag.py
[2022-08-21 13:30:41,343] {processor.py:651} INFO - DAG(s) dict_keys(['example_sla_dag']) retrieved from /home/airflow/.local/lib/python3.7/site-packages/airflow/example_dags/example_sla_dag.py
[2022-08-21 13:30:41,368] {logging_mixin.py:115} INFO - [2022-08-21 13:30:41,368] {dag.py:2420} INFO - Sync 1 DAGs
[2022-08-21 13:30:41,402] {logging_mixin.py:115} INFO - [2022-08-21 13:30:41,402] {dag.py:2972} INFO - Setting next_dagrun for example_sla_dag to 2022-08-21T13:28:00+00:00, run_after=2022-08-21T13:30:00+00:00
[2022-08-21 13:30:41,420] {processor.py:161} INFO - Processing /home/airflow/.local/lib/python3.7/site-packages/airflow/example_dags/example_sla_dag.py took 0.100 seconds
[2022-08-21 13:31:11,696] {processor.py:153} INFO - Started process (PID=1580) to work on /home/airflow/.local/lib/python3.7/site-packages/airflow/example_dags/example_sla_dag.py
[2022-08-21 13:31:11,697] {processor.py:641} INFO - Processing file /home/airflow/.local/lib/python3.7/site-packages/airflow/example_dags/example_sla_dag.py for tasks to queue
[2022-08-21 13:31:11,698] {logging_mixin.py:115} INFO - [2022-08-21 13:31:11,697] {dagbag.py:508} INFO - Filling up the DagBag from /home/airflow/.local/lib/python3.7/site-packages/airflow/example_dags/example_sla_dag.py
[2022-08-21 13:31:11,721] {processor.py:651} INFO - DAG(s) dict_keys(['example_sla_dag']) retrieved from /home/airflow/.local/lib/python3.7/site-packages/airflow/example_dags/example_sla_dag.py
[2022-08-21 13:31:11,756] {logging_mixin.py:115} INFO - [2022-08-21 13:31:11,756] {dag.py:2420} INFO - Sync 1 DAGs
[2022-08-21 13:31:11,793] {logging_mixin.py:115} INFO - [2022-08-21 13:31:11,792] {dag.py:2972} INFO - Setting next_dagrun for example_sla_dag to 2022-08-21T13:28:00+00:00, run_after=2022-08-21T13:30:00+00:00
[2022-08-21 13:31:11,817] {processor.py:161} INFO - Processing /home/airflow/.local/lib/python3.7/site-packages/airflow/example_dags/example_sla_dag.py took 0.125 seconds
[2022-08-21 13:31:41,890] {processor.py:153} INFO - Started process (PID=1632) to work on /home/airflow/.local/lib/python3.7/site-packages/airflow/example_dags/example_sla_dag.py
[2022-08-21 13:31:41,891] {processor.py:641} INFO - Processing file /home/airflow/.local/lib/python3.7/site-packages/airflow/example_dags/example_sla_dag.py for tasks to queue
[2022-08-21 13:31:41,892] {logging_mixin.py:115} INFO - [2022-08-21 13:31:41,892] {dagbag.py:508} INFO - Filling up the DagBag from /home/airflow/.local/lib/python3.7/site-packages/airflow/example_dags/example_sla_dag.py
[2022-08-21 13:31:41,907] {processor.py:651} INFO - DAG(s) dict_keys(['example_sla_dag']) retrieved from /home/airflow/.local/lib/python3.7/site-packages/airflow/example_dags/example_sla_dag.py
[2022-08-21 13:31:41,930] {logging_mixin.py:115} INFO - [2022-08-21 13:31:41,930] {dag.py:2420} INFO - Sync 1 DAGs
[2022-08-21 13:31:41,952] {logging_mixin.py:115} INFO - [2022-08-21 13:31:41,952] {dag.py:2972} INFO - Setting next_dagrun for example_sla_dag to 2022-08-21T13:28:00+00:00, run_after=2022-08-21T13:30:00+00:00
[2022-08-21 13:31:41,971] {processor.py:161} INFO - Processing /home/airflow/.local/lib/python3.7/site-packages/airflow/example_dags/example_sla_dag.py took 0.083 seconds
[2022-08-21 13:32:12,768] {processor.py:153} INFO - Started process (PID=1694) to work on /home/airflow/.local/lib/python3.7/site-packages/airflow/example_dags/example_sla_dag.py
[2022-08-21 13:32:12,770] {processor.py:641} INFO - Processing file /home/airflow/.local/lib/python3.7/site-packages/airflow/example_dags/example_sla_dag.py for tasks to queue
[2022-08-21 13:32:12,770] {logging_mixin.py:115} INFO - [2022-08-21 13:32:12,770] {dagbag.py:508} INFO - Filling up the DagBag from /home/airflow/.local/lib/python3.7/site-packages/airflow/example_dags/example_sla_dag.py
[2022-08-21 13:32:12,784] {processor.py:651} INFO - DAG(s) dict_keys(['example_sla_dag']) retrieved from /home/airflow/.local/lib/python3.7/site-packages/airflow/example_dags/example_sla_dag.py
[2022-08-21 13:32:12,811] {logging_mixin.py:115} INFO - [2022-08-21 13:32:12,810] {dag.py:2420} INFO - Sync 1 DAGs
[2022-08-21 13:32:12,834] {logging_mixin.py:115} INFO - [2022-08-21 13:32:12,834] {dag.py:2972} INFO - Setting next_dagrun for example_sla_dag to 2022-08-21T13:30:00+00:00, run_after=2022-08-21T13:32:00+00:00
[2022-08-21 13:32:12,853] {processor.py:161} INFO - Processing /home/airflow/.local/lib/python3.7/site-packages/airflow/example_dags/example_sla_dag.py took 0.087 seconds
[2022-08-21 13:32:43,617] {processor.py:153} INFO - Started process (PID=1755) to work on /home/airflow/.local/lib/python3.7/site-packages/airflow/example_dags/example_sla_dag.py
[2022-08-21 13:32:43,618] {processor.py:641} INFO - Processing file /home/airflow/.local/lib/python3.7/site-packages/airflow/example_dags/example_sla_dag.py for tasks to queue
[2022-08-21 13:32:43,619] {logging_mixin.py:115} INFO - [2022-08-21 13:32:43,619] {dagbag.py:508} INFO - Filling up the DagBag from /home/airflow/.local/lib/python3.7/site-packages/airflow/example_dags/example_sla_dag.py
[2022-08-21 13:32:43,641] {processor.py:651} INFO - DAG(s) dict_keys(['example_sla_dag']) retrieved from /home/airflow/.local/lib/python3.7/site-packages/airflow/example_dags/example_sla_dag.py
[2022-08-21 13:32:43,679] {logging_mixin.py:115} INFO - [2022-08-21 13:32:43,679] {dag.py:2420} INFO - Sync 1 DAGs
[2022-08-21 13:32:43,721] {logging_mixin.py:115} INFO - [2022-08-21 13:32:43,721] {dag.py:2972} INFO - Setting next_dagrun for example_sla_dag to 2022-08-21T13:30:00+00:00, run_after=2022-08-21T13:32:00+00:00
[2022-08-21 13:32:43,742] {processor.py:161} INFO - Processing /home/airflow/.local/lib/python3.7/site-packages/airflow/example_dags/example_sla_dag.py took 0.132 seconds
[2022-08-21 13:33:14,446] {processor.py:153} INFO - Started process (PID=1808) to work on /home/airflow/.local/lib/python3.7/site-packages/airflow/example_dags/example_sla_dag.py
[2022-08-21 13:33:14,447] {processor.py:641} INFO - Processing file /home/airflow/.local/lib/python3.7/site-packages/airflow/example_dags/example_sla_dag.py for tasks to queue
[2022-08-21 13:33:14,448] {logging_mixin.py:115} INFO - [2022-08-21 13:33:14,447] {dagbag.py:508} INFO - Filling up the DagBag from /home/airflow/.local/lib/python3.7/site-packages/airflow/example_dags/example_sla_dag.py
[2022-08-21 13:33:14,462] {processor.py:651} INFO - DAG(s) dict_keys(['example_sla_dag']) retrieved from /home/airflow/.local/lib/python3.7/site-packages/airflow/example_dags/example_sla_dag.py
[2022-08-21 13:33:14,485] {logging_mixin.py:115} INFO - [2022-08-21 13:33:14,485] {dag.py:2420} INFO - Sync 1 DAGs
[2022-08-21 13:33:14,511] {logging_mixin.py:115} INFO - [2022-08-21 13:33:14,511] {dag.py:2972} INFO - Setting next_dagrun for example_sla_dag to 2022-08-21T13:30:00+00:00, run_after=2022-08-21T13:32:00+00:00
[2022-08-21 13:33:14,523] {processor.py:161} INFO - Processing /home/airflow/.local/lib/python3.7/site-packages/airflow/example_dags/example_sla_dag.py took 0.080 seconds
[2022-08-21 13:33:45,423] {processor.py:153} INFO - Started process (PID=1869) to work on /home/airflow/.local/lib/python3.7/site-packages/airflow/example_dags/example_sla_dag.py
[2022-08-21 13:33:45,424] {processor.py:641} INFO - Processing file /home/airflow/.local/lib/python3.7/site-packages/airflow/example_dags/example_sla_dag.py for tasks to queue
[2022-08-21 13:33:45,425] {logging_mixin.py:115} INFO - [2022-08-21 13:33:45,425] {dagbag.py:508} INFO - Filling up the DagBag from /home/airflow/.local/lib/python3.7/site-packages/airflow/example_dags/example_sla_dag.py
[2022-08-21 13:33:45,444] {processor.py:651} INFO - DAG(s) dict_keys(['example_sla_dag']) retrieved from /home/airflow/.local/lib/python3.7/site-packages/airflow/example_dags/example_sla_dag.py
[2022-08-21 13:33:45,471] {logging_mixin.py:115} INFO - [2022-08-21 13:33:45,471] {dag.py:2420} INFO - Sync 1 DAGs
[2022-08-21 13:33:45,499] {logging_mixin.py:115} INFO - [2022-08-21 13:33:45,499] {dag.py:2972} INFO - Setting next_dagrun for example_sla_dag to 2022-08-21T13:30:00+00:00, run_after=2022-08-21T13:32:00+00:00
[2022-08-21 13:33:45,514] {processor.py:161} INFO - Processing /home/airflow/.local/lib/python3.7/site-packages/airflow/example_dags/example_sla_dag.py took 0.093 seconds
[2022-08-21 13:34:16,416] {processor.py:153} INFO - Started process (PID=1930) to work on /home/airflow/.local/lib/python3.7/site-packages/airflow/example_dags/example_sla_dag.py
[2022-08-21 13:34:16,416] {processor.py:641} INFO - Processing file /home/airflow/.local/lib/python3.7/site-packages/airflow/example_dags/example_sla_dag.py for tasks to queue
[2022-08-21 13:34:16,417] {logging_mixin.py:115} INFO - [2022-08-21 13:34:16,417] {dagbag.py:508} INFO - Filling up the DagBag from /home/airflow/.local/lib/python3.7/site-packages/airflow/example_dags/example_sla_dag.py
[2022-08-21 13:34:16,432] {processor.py:651} INFO - DAG(s) dict_keys(['example_sla_dag']) retrieved from /home/airflow/.local/lib/python3.7/site-packages/airflow/example_dags/example_sla_dag.py
[2022-08-21 13:34:16,458] {logging_mixin.py:115} INFO - [2022-08-21 13:34:16,458] {dag.py:2420} INFO - Sync 1 DAGs
[2022-08-21 13:34:16,487] {logging_mixin.py:115} INFO - [2022-08-21 13:34:16,486] {dag.py:2972} INFO - Setting next_dagrun for example_sla_dag to 2022-08-21T13:32:00+00:00, run_after=2022-08-21T13:34:00+00:00
[2022-08-21 13:34:16,502] {processor.py:161} INFO - Processing /home/airflow/.local/lib/python3.7/site-packages/airflow/example_dags/example_sla_dag.py took 0.089 seconds
[2022-08-21 13:34:46,563] {processor.py:153} INFO - Started process (PID=1982) to work on /home/airflow/.local/lib/python3.7/site-packages/airflow/example_dags/example_sla_dag.py
[2022-08-21 13:34:46,564] {processor.py:641} INFO - Processing file /home/airflow/.local/lib/python3.7/site-packages/airflow/example_dags/example_sla_dag.py for tasks to queue
[2022-08-21 13:34:46,565] {logging_mixin.py:115} INFO - [2022-08-21 13:34:46,565] {dagbag.py:508} INFO - Filling up the DagBag from /home/airflow/.local/lib/python3.7/site-packages/airflow/example_dags/example_sla_dag.py
[2022-08-21 13:34:46,581] {processor.py:651} INFO - DAG(s) dict_keys(['example_sla_dag']) retrieved from /home/airflow/.local/lib/python3.7/site-packages/airflow/example_dags/example_sla_dag.py
[2022-08-21 13:34:46,605] {logging_mixin.py:115} INFO - [2022-08-21 13:34:46,605] {dag.py:2420} INFO - Sync 1 DAGs
[2022-08-21 13:34:46,632] {logging_mixin.py:115} INFO - [2022-08-21 13:34:46,631] {dag.py:2972} INFO - Setting next_dagrun for example_sla_dag to 2022-08-21T13:32:00+00:00, run_after=2022-08-21T13:34:00+00:00
[2022-08-21 13:34:46,645] {processor.py:161} INFO - Processing /home/airflow/.local/lib/python3.7/site-packages/airflow/example_dags/example_sla_dag.py took 0.085 seconds
[2022-08-21 13:35:16,749] {processor.py:153} INFO - Started process (PID=2043) to work on /home/airflow/.local/lib/python3.7/site-packages/airflow/example_dags/example_sla_dag.py
[2022-08-21 13:35:16,750] {processor.py:641} INFO - Processing file /home/airflow/.local/lib/python3.7/site-packages/airflow/example_dags/example_sla_dag.py for tasks to queue
[2022-08-21 13:35:16,751] {logging_mixin.py:115} INFO - [2022-08-21 13:35:16,751] {dagbag.py:508} INFO - Filling up the DagBag from /home/airflow/.local/lib/python3.7/site-packages/airflow/example_dags/example_sla_dag.py
[2022-08-21 13:35:16,765] {processor.py:651} INFO - DAG(s) dict_keys(['example_sla_dag']) retrieved from /home/airflow/.local/lib/python3.7/site-packages/airflow/example_dags/example_sla_dag.py
[2022-08-21 13:35:16,790] {logging_mixin.py:115} INFO - [2022-08-21 13:35:16,790] {dag.py:2420} INFO - Sync 1 DAGs
[2022-08-21 13:35:16,818] {logging_mixin.py:115} INFO - [2022-08-21 13:35:16,818] {dag.py:2972} INFO - Setting next_dagrun for example_sla_dag to 2022-08-21T13:32:00+00:00, run_after=2022-08-21T13:34:00+00:00
[2022-08-21 13:35:16,835] {processor.py:161} INFO - Processing /home/airflow/.local/lib/python3.7/site-packages/airflow/example_dags/example_sla_dag.py took 0.088 seconds
[2022-08-21 13:35:47,735] {processor.py:153} INFO - Started process (PID=2104) to work on /home/airflow/.local/lib/python3.7/site-packages/airflow/example_dags/example_sla_dag.py
[2022-08-21 13:35:47,736] {processor.py:641} INFO - Processing file /home/airflow/.local/lib/python3.7/site-packages/airflow/example_dags/example_sla_dag.py for tasks to queue
[2022-08-21 13:35:47,736] {logging_mixin.py:115} INFO - [2022-08-21 13:35:47,736] {dagbag.py:508} INFO - Filling up the DagBag from /home/airflow/.local/lib/python3.7/site-packages/airflow/example_dags/example_sla_dag.py
[2022-08-21 13:35:47,751] {processor.py:651} INFO - DAG(s) dict_keys(['example_sla_dag']) retrieved from /home/airflow/.local/lib/python3.7/site-packages/airflow/example_dags/example_sla_dag.py
[2022-08-21 13:35:47,777] {logging_mixin.py:115} INFO - [2022-08-21 13:35:47,777] {dag.py:2420} INFO - Sync 1 DAGs
[2022-08-21 13:35:47,800] {logging_mixin.py:115} INFO - [2022-08-21 13:35:47,800] {dag.py:2972} INFO - Setting next_dagrun for example_sla_dag to 2022-08-21T13:32:00+00:00, run_after=2022-08-21T13:34:00+00:00
[2022-08-21 13:35:47,816] {processor.py:161} INFO - Processing /home/airflow/.local/lib/python3.7/site-packages/airflow/example_dags/example_sla_dag.py took 0.084 seconds
[2022-08-21 13:36:18,628] {processor.py:153} INFO - Started process (PID=2156) to work on /home/airflow/.local/lib/python3.7/site-packages/airflow/example_dags/example_sla_dag.py
[2022-08-21 13:36:18,629] {processor.py:641} INFO - Processing file /home/airflow/.local/lib/python3.7/site-packages/airflow/example_dags/example_sla_dag.py for tasks to queue
[2022-08-21 13:36:18,630] {logging_mixin.py:115} INFO - [2022-08-21 13:36:18,630] {dagbag.py:508} INFO - Filling up the DagBag from /home/airflow/.local/lib/python3.7/site-packages/airflow/example_dags/example_sla_dag.py
[2022-08-21 13:36:18,645] {processor.py:651} INFO - DAG(s) dict_keys(['example_sla_dag']) retrieved from /home/airflow/.local/lib/python3.7/site-packages/airflow/example_dags/example_sla_dag.py
[2022-08-21 13:36:18,668] {logging_mixin.py:115} INFO - [2022-08-21 13:36:18,667] {dag.py:2420} INFO - Sync 1 DAGs
[2022-08-21 13:36:18,689] {logging_mixin.py:115} INFO - [2022-08-21 13:36:18,689] {dag.py:2972} INFO - Setting next_dagrun for example_sla_dag to 2022-08-21T13:34:00+00:00, run_after=2022-08-21T13:36:00+00:00
[2022-08-21 13:36:18,707] {processor.py:161} INFO - Processing /home/airflow/.local/lib/python3.7/site-packages/airflow/example_dags/example_sla_dag.py took 0.082 seconds
[2022-08-21 13:36:49,568] {processor.py:153} INFO - Started process (PID=2218) to work on /home/airflow/.local/lib/python3.7/site-packages/airflow/example_dags/example_sla_dag.py
[2022-08-21 13:36:49,569] {processor.py:641} INFO - Processing file /home/airflow/.local/lib/python3.7/site-packages/airflow/example_dags/example_sla_dag.py for tasks to queue
[2022-08-21 13:36:49,570] {logging_mixin.py:115} INFO - [2022-08-21 13:36:49,570] {dagbag.py:508} INFO - Filling up the DagBag from /home/airflow/.local/lib/python3.7/site-packages/airflow/example_dags/example_sla_dag.py
[2022-08-21 13:36:49,585] {processor.py:651} INFO - DAG(s) dict_keys(['example_sla_dag']) retrieved from /home/airflow/.local/lib/python3.7/site-packages/airflow/example_dags/example_sla_dag.py
[2022-08-21 13:36:49,612] {logging_mixin.py:115} INFO - [2022-08-21 13:36:49,612] {dag.py:2420} INFO - Sync 1 DAGs
[2022-08-21 13:36:49,642] {logging_mixin.py:115} INFO - [2022-08-21 13:36:49,642] {dag.py:2972} INFO - Setting next_dagrun for example_sla_dag to 2022-08-21T13:34:00+00:00, run_after=2022-08-21T13:36:00+00:00
[2022-08-21 13:36:49,659] {processor.py:161} INFO - Processing /home/airflow/.local/lib/python3.7/site-packages/airflow/example_dags/example_sla_dag.py took 0.095 seconds
[2022-08-21 13:37:20,355] {processor.py:153} INFO - Started process (PID=2280) to work on /home/airflow/.local/lib/python3.7/site-packages/airflow/example_dags/example_sla_dag.py
[2022-08-21 13:37:20,357] {processor.py:641} INFO - Processing file /home/airflow/.local/lib/python3.7/site-packages/airflow/example_dags/example_sla_dag.py for tasks to queue
[2022-08-21 13:37:20,357] {logging_mixin.py:115} INFO - [2022-08-21 13:37:20,357] {dagbag.py:508} INFO - Filling up the DagBag from /home/airflow/.local/lib/python3.7/site-packages/airflow/example_dags/example_sla_dag.py
[2022-08-21 13:37:20,373] {processor.py:651} INFO - DAG(s) dict_keys(['example_sla_dag']) retrieved from /home/airflow/.local/lib/python3.7/site-packages/airflow/example_dags/example_sla_dag.py
[2022-08-21 13:37:20,397] {logging_mixin.py:115} INFO - [2022-08-21 13:37:20,397] {dag.py:2420} INFO - Sync 1 DAGs
[2022-08-21 13:37:20,420] {logging_mixin.py:115} INFO - [2022-08-21 13:37:20,420] {dag.py:2972} INFO - Setting next_dagrun for example_sla_dag to 2022-08-21T13:34:00+00:00, run_after=2022-08-21T13:36:00+00:00
[2022-08-21 13:37:20,433] {processor.py:161} INFO - Processing /home/airflow/.local/lib/python3.7/site-packages/airflow/example_dags/example_sla_dag.py took 0.080 seconds
[2022-08-21 13:37:51,188] {processor.py:153} INFO - Started process (PID=2341) to work on /home/airflow/.local/lib/python3.7/site-packages/airflow/example_dags/example_sla_dag.py
[2022-08-21 13:37:51,189] {processor.py:641} INFO - Processing file /home/airflow/.local/lib/python3.7/site-packages/airflow/example_dags/example_sla_dag.py for tasks to queue
[2022-08-21 13:37:51,190] {logging_mixin.py:115} INFO - [2022-08-21 13:37:51,190] {dagbag.py:508} INFO - Filling up the DagBag from /home/airflow/.local/lib/python3.7/site-packages/airflow/example_dags/example_sla_dag.py
[2022-08-21 13:37:51,205] {processor.py:651} INFO - DAG(s) dict_keys(['example_sla_dag']) retrieved from /home/airflow/.local/lib/python3.7/site-packages/airflow/example_dags/example_sla_dag.py
[2022-08-21 13:37:51,233] {logging_mixin.py:115} INFO - [2022-08-21 13:37:51,233] {dag.py:2420} INFO - Sync 1 DAGs
[2022-08-21 13:37:51,263] {logging_mixin.py:115} INFO - [2022-08-21 13:37:51,263] {dag.py:2972} INFO - Setting next_dagrun for example_sla_dag to 2022-08-21T13:34:00+00:00, run_after=2022-08-21T13:36:00+00:00
[2022-08-21 13:37:51,276] {processor.py:161} INFO - Processing /home/airflow/.local/lib/python3.7/site-packages/airflow/example_dags/example_sla_dag.py took 0.090 seconds
[2022-08-21 13:38:22,143] {processor.py:153} INFO - Started process (PID=2393) to work on /home/airflow/.local/lib/python3.7/site-packages/airflow/example_dags/example_sla_dag.py
[2022-08-21 13:38:22,144] {processor.py:641} INFO - Processing file /home/airflow/.local/lib/python3.7/site-packages/airflow/example_dags/example_sla_dag.py for tasks to queue
[2022-08-21 13:38:22,145] {logging_mixin.py:115} INFO - [2022-08-21 13:38:22,145] {dagbag.py:508} INFO - Filling up the DagBag from /home/airflow/.local/lib/python3.7/site-packages/airflow/example_dags/example_sla_dag.py
[2022-08-21 13:38:22,172] {processor.py:651} INFO - DAG(s) dict_keys(['example_sla_dag']) retrieved from /home/airflow/.local/lib/python3.7/site-packages/airflow/example_dags/example_sla_dag.py
[2022-08-21 13:38:22,201] {logging_mixin.py:115} INFO - [2022-08-21 13:38:22,200] {dag.py:2420} INFO - Sync 1 DAGs
[2022-08-21 13:38:22,224] {logging_mixin.py:115} INFO - [2022-08-21 13:38:22,224] {dag.py:2972} INFO - Setting next_dagrun for example_sla_dag to 2022-08-21T13:36:00+00:00, run_after=2022-08-21T13:38:00+00:00
[2022-08-21 13:38:22,236] {processor.py:161} INFO - Processing /home/airflow/.local/lib/python3.7/site-packages/airflow/example_dags/example_sla_dag.py took 0.098 seconds
[2022-08-21 13:38:53,076] {processor.py:153} INFO - Started process (PID=2454) to work on /home/airflow/.local/lib/python3.7/site-packages/airflow/example_dags/example_sla_dag.py
[2022-08-21 13:38:53,077] {processor.py:641} INFO - Processing file /home/airflow/.local/lib/python3.7/site-packages/airflow/example_dags/example_sla_dag.py for tasks to queue
[2022-08-21 13:38:53,078] {logging_mixin.py:115} INFO - [2022-08-21 13:38:53,078] {dagbag.py:508} INFO - Filling up the DagBag from /home/airflow/.local/lib/python3.7/site-packages/airflow/example_dags/example_sla_dag.py
[2022-08-21 13:38:53,104] {processor.py:651} INFO - DAG(s) dict_keys(['example_sla_dag']) retrieved from /home/airflow/.local/lib/python3.7/site-packages/airflow/example_dags/example_sla_dag.py
[2022-08-21 13:38:53,137] {logging_mixin.py:115} INFO - [2022-08-21 13:38:53,137] {dag.py:2420} INFO - Sync 1 DAGs
[2022-08-21 13:38:53,188] {logging_mixin.py:115} INFO - [2022-08-21 13:38:53,188] {dag.py:2972} INFO - Setting next_dagrun for example_sla_dag to 2022-08-21T13:36:00+00:00, run_after=2022-08-21T13:38:00+00:00
[2022-08-21 13:38:53,215] {processor.py:161} INFO - Processing /home/airflow/.local/lib/python3.7/site-packages/airflow/example_dags/example_sla_dag.py took 0.142 seconds
[2022-08-21 13:39:23,305] {processor.py:153} INFO - Started process (PID=2515) to work on /home/airflow/.local/lib/python3.7/site-packages/airflow/example_dags/example_sla_dag.py
[2022-08-21 13:39:23,306] {processor.py:641} INFO - Processing file /home/airflow/.local/lib/python3.7/site-packages/airflow/example_dags/example_sla_dag.py for tasks to queue
[2022-08-21 13:39:23,307] {logging_mixin.py:115} INFO - [2022-08-21 13:39:23,307] {dagbag.py:508} INFO - Filling up the DagBag from /home/airflow/.local/lib/python3.7/site-packages/airflow/example_dags/example_sla_dag.py
[2022-08-21 13:39:23,329] {processor.py:651} INFO - DAG(s) dict_keys(['example_sla_dag']) retrieved from /home/airflow/.local/lib/python3.7/site-packages/airflow/example_dags/example_sla_dag.py
[2022-08-21 13:39:23,356] {logging_mixin.py:115} INFO - [2022-08-21 13:39:23,356] {dag.py:2420} INFO - Sync 1 DAGs
[2022-08-21 13:39:23,386] {logging_mixin.py:115} INFO - [2022-08-21 13:39:23,386] {dag.py:2972} INFO - Setting next_dagrun for example_sla_dag to 2022-08-21T13:36:00+00:00, run_after=2022-08-21T13:38:00+00:00
[2022-08-21 13:39:23,402] {processor.py:161} INFO - Processing /home/airflow/.local/lib/python3.7/site-packages/airflow/example_dags/example_sla_dag.py took 0.100 seconds
[2022-08-21 13:39:54,317] {processor.py:153} INFO - Started process (PID=2569) to work on /home/airflow/.local/lib/python3.7/site-packages/airflow/example_dags/example_sla_dag.py
[2022-08-21 13:39:54,318] {processor.py:641} INFO - Processing file /home/airflow/.local/lib/python3.7/site-packages/airflow/example_dags/example_sla_dag.py for tasks to queue
[2022-08-21 13:39:54,318] {logging_mixin.py:115} INFO - [2022-08-21 13:39:54,318] {dagbag.py:508} INFO - Filling up the DagBag from /home/airflow/.local/lib/python3.7/site-packages/airflow/example_dags/example_sla_dag.py
[2022-08-21 13:39:54,334] {processor.py:651} INFO - DAG(s) dict_keys(['example_sla_dag']) retrieved from /home/airflow/.local/lib/python3.7/site-packages/airflow/example_dags/example_sla_dag.py
[2022-08-21 13:39:54,359] {logging_mixin.py:115} INFO - [2022-08-21 13:39:54,359] {dag.py:2420} INFO - Sync 1 DAGs
[2022-08-21 13:39:54,386] {logging_mixin.py:115} INFO - [2022-08-21 13:39:54,386] {dag.py:2972} INFO - Setting next_dagrun for example_sla_dag to 2022-08-21T13:36:00+00:00, run_after=2022-08-21T13:38:00+00:00
[2022-08-21 13:39:54,403] {processor.py:161} INFO - Processing /home/airflow/.local/lib/python3.7/site-packages/airflow/example_dags/example_sla_dag.py took 0.089 seconds
[2022-08-21 13:40:25,286] {processor.py:153} INFO - Started process (PID=2645) to work on /home/airflow/.local/lib/python3.7/site-packages/airflow/example_dags/example_sla_dag.py
[2022-08-21 13:40:25,287] {processor.py:641} INFO - Processing file /home/airflow/.local/lib/python3.7/site-packages/airflow/example_dags/example_sla_dag.py for tasks to queue
[2022-08-21 13:40:25,288] {logging_mixin.py:115} INFO - [2022-08-21 13:40:25,288] {dagbag.py:508} INFO - Filling up the DagBag from /home/airflow/.local/lib/python3.7/site-packages/airflow/example_dags/example_sla_dag.py
[2022-08-21 13:40:25,302] {processor.py:651} INFO - DAG(s) dict_keys(['example_sla_dag']) retrieved from /home/airflow/.local/lib/python3.7/site-packages/airflow/example_dags/example_sla_dag.py
[2022-08-21 13:40:25,330] {logging_mixin.py:115} INFO - [2022-08-21 13:40:25,330] {dag.py:2420} INFO - Sync 1 DAGs
[2022-08-21 13:40:25,354] {logging_mixin.py:115} INFO - [2022-08-21 13:40:25,354] {dag.py:2972} INFO - Setting next_dagrun for example_sla_dag to 2022-08-21T13:38:00+00:00, run_after=2022-08-21T13:40:00+00:00
[2022-08-21 13:40:25,372] {processor.py:161} INFO - Processing /home/airflow/.local/lib/python3.7/site-packages/airflow/example_dags/example_sla_dag.py took 0.089 seconds
[2022-08-21 13:40:55,488] {processor.py:153} INFO - Started process (PID=2707) to work on /home/airflow/.local/lib/python3.7/site-packages/airflow/example_dags/example_sla_dag.py
[2022-08-21 13:40:55,489] {processor.py:641} INFO - Processing file /home/airflow/.local/lib/python3.7/site-packages/airflow/example_dags/example_sla_dag.py for tasks to queue
[2022-08-21 13:40:55,490] {logging_mixin.py:115} INFO - [2022-08-21 13:40:55,489] {dagbag.py:508} INFO - Filling up the DagBag from /home/airflow/.local/lib/python3.7/site-packages/airflow/example_dags/example_sla_dag.py
[2022-08-21 13:40:55,513] {processor.py:651} INFO - DAG(s) dict_keys(['example_sla_dag']) retrieved from /home/airflow/.local/lib/python3.7/site-packages/airflow/example_dags/example_sla_dag.py
[2022-08-21 13:40:55,611] {logging_mixin.py:115} INFO - [2022-08-21 13:40:55,611] {dag.py:2420} INFO - Sync 1 DAGs
[2022-08-21 13:40:55,653] {logging_mixin.py:115} INFO - [2022-08-21 13:40:55,653] {dag.py:2972} INFO - Setting next_dagrun for example_sla_dag to 2022-08-21T13:38:00+00:00, run_after=2022-08-21T13:40:00+00:00
[2022-08-21 13:40:55,676] {processor.py:161} INFO - Processing /home/airflow/.local/lib/python3.7/site-packages/airflow/example_dags/example_sla_dag.py took 0.191 seconds
[2022-08-21 13:41:25,726] {processor.py:153} INFO - Started process (PID=2763) to work on /home/airflow/.local/lib/python3.7/site-packages/airflow/example_dags/example_sla_dag.py
[2022-08-21 13:41:25,727] {processor.py:641} INFO - Processing file /home/airflow/.local/lib/python3.7/site-packages/airflow/example_dags/example_sla_dag.py for tasks to queue
[2022-08-21 13:41:25,728] {logging_mixin.py:115} INFO - [2022-08-21 13:41:25,728] {dagbag.py:508} INFO - Filling up the DagBag from /home/airflow/.local/lib/python3.7/site-packages/airflow/example_dags/example_sla_dag.py
[2022-08-21 13:41:25,749] {processor.py:651} INFO - DAG(s) dict_keys(['example_sla_dag']) retrieved from /home/airflow/.local/lib/python3.7/site-packages/airflow/example_dags/example_sla_dag.py
[2022-08-21 13:41:25,776] {logging_mixin.py:115} INFO - [2022-08-21 13:41:25,776] {dag.py:2420} INFO - Sync 1 DAGs
[2022-08-21 13:41:25,806] {logging_mixin.py:115} INFO - [2022-08-21 13:41:25,806] {dag.py:2972} INFO - Setting next_dagrun for example_sla_dag to 2022-08-21T13:38:00+00:00, run_after=2022-08-21T13:40:00+00:00
[2022-08-21 13:41:25,822] {processor.py:161} INFO - Processing /home/airflow/.local/lib/python3.7/site-packages/airflow/example_dags/example_sla_dag.py took 0.099 seconds
[2022-08-21 13:41:55,903] {processor.py:153} INFO - Started process (PID=2824) to work on /home/airflow/.local/lib/python3.7/site-packages/airflow/example_dags/example_sla_dag.py
[2022-08-21 13:41:55,904] {processor.py:641} INFO - Processing file /home/airflow/.local/lib/python3.7/site-packages/airflow/example_dags/example_sla_dag.py for tasks to queue
[2022-08-21 13:41:55,905] {logging_mixin.py:115} INFO - [2022-08-21 13:41:55,905] {dagbag.py:508} INFO - Filling up the DagBag from /home/airflow/.local/lib/python3.7/site-packages/airflow/example_dags/example_sla_dag.py
[2022-08-21 13:41:55,927] {processor.py:651} INFO - DAG(s) dict_keys(['example_sla_dag']) retrieved from /home/airflow/.local/lib/python3.7/site-packages/airflow/example_dags/example_sla_dag.py
[2022-08-21 13:41:55,954] {logging_mixin.py:115} INFO - [2022-08-21 13:41:55,954] {dag.py:2420} INFO - Sync 1 DAGs
[2022-08-21 13:41:55,978] {logging_mixin.py:115} INFO - [2022-08-21 13:41:55,978] {dag.py:2972} INFO - Setting next_dagrun for example_sla_dag to 2022-08-21T13:38:00+00:00, run_after=2022-08-21T13:40:00+00:00
[2022-08-21 13:41:55,993] {processor.py:161} INFO - Processing /home/airflow/.local/lib/python3.7/site-packages/airflow/example_dags/example_sla_dag.py took 0.093 seconds
[2022-08-21 13:42:26,703] {processor.py:153} INFO - Started process (PID=2876) to work on /home/airflow/.local/lib/python3.7/site-packages/airflow/example_dags/example_sla_dag.py
[2022-08-21 13:42:26,704] {processor.py:641} INFO - Processing file /home/airflow/.local/lib/python3.7/site-packages/airflow/example_dags/example_sla_dag.py for tasks to queue
[2022-08-21 13:42:26,704] {logging_mixin.py:115} INFO - [2022-08-21 13:42:26,704] {dagbag.py:508} INFO - Filling up the DagBag from /home/airflow/.local/lib/python3.7/site-packages/airflow/example_dags/example_sla_dag.py
[2022-08-21 13:42:26,719] {processor.py:651} INFO - DAG(s) dict_keys(['example_sla_dag']) retrieved from /home/airflow/.local/lib/python3.7/site-packages/airflow/example_dags/example_sla_dag.py
[2022-08-21 13:42:26,745] {logging_mixin.py:115} INFO - [2022-08-21 13:42:26,744] {dag.py:2420} INFO - Sync 1 DAGs
[2022-08-21 13:42:26,775] {logging_mixin.py:115} INFO - [2022-08-21 13:42:26,775] {dag.py:2972} INFO - Setting next_dagrun for example_sla_dag to 2022-08-21T13:40:00+00:00, run_after=2022-08-21T13:42:00+00:00
[2022-08-21 13:42:26,789] {processor.py:161} INFO - Processing /home/airflow/.local/lib/python3.7/site-packages/airflow/example_dags/example_sla_dag.py took 0.088 seconds
[2022-08-21 13:42:57,705] {processor.py:153} INFO - Started process (PID=2937) to work on /home/airflow/.local/lib/python3.7/site-packages/airflow/example_dags/example_sla_dag.py
[2022-08-21 13:42:57,706] {processor.py:641} INFO - Processing file /home/airflow/.local/lib/python3.7/site-packages/airflow/example_dags/example_sla_dag.py for tasks to queue
[2022-08-21 13:42:57,707] {logging_mixin.py:115} INFO - [2022-08-21 13:42:57,707] {dagbag.py:508} INFO - Filling up the DagBag from /home/airflow/.local/lib/python3.7/site-packages/airflow/example_dags/example_sla_dag.py
[2022-08-21 13:42:57,730] {processor.py:651} INFO - DAG(s) dict_keys(['example_sla_dag']) retrieved from /home/airflow/.local/lib/python3.7/site-packages/airflow/example_dags/example_sla_dag.py
[2022-08-21 13:42:57,759] {logging_mixin.py:115} INFO - [2022-08-21 13:42:57,759] {dag.py:2420} INFO - Sync 1 DAGs
[2022-08-21 13:42:57,789] {logging_mixin.py:115} INFO - [2022-08-21 13:42:57,789] {dag.py:2972} INFO - Setting next_dagrun for example_sla_dag to 2022-08-21T13:40:00+00:00, run_after=2022-08-21T13:42:00+00:00
[2022-08-21 13:42:57,808] {processor.py:161} INFO - Processing /home/airflow/.local/lib/python3.7/site-packages/airflow/example_dags/example_sla_dag.py took 0.108 seconds
[2022-08-21 13:43:28,066] {processor.py:153} INFO - Started process (PID=2998) to work on /home/airflow/.local/lib/python3.7/site-packages/airflow/example_dags/example_sla_dag.py
[2022-08-21 13:43:28,066] {processor.py:641} INFO - Processing file /home/airflow/.local/lib/python3.7/site-packages/airflow/example_dags/example_sla_dag.py for tasks to queue
[2022-08-21 13:43:28,067] {logging_mixin.py:115} INFO - [2022-08-21 13:43:28,067] {dagbag.py:508} INFO - Filling up the DagBag from /home/airflow/.local/lib/python3.7/site-packages/airflow/example_dags/example_sla_dag.py
[2022-08-21 13:43:28,082] {processor.py:651} INFO - DAG(s) dict_keys(['example_sla_dag']) retrieved from /home/airflow/.local/lib/python3.7/site-packages/airflow/example_dags/example_sla_dag.py
[2022-08-21 13:43:28,105] {logging_mixin.py:115} INFO - [2022-08-21 13:43:28,105] {dag.py:2420} INFO - Sync 1 DAGs
[2022-08-21 13:43:28,130] {logging_mixin.py:115} INFO - [2022-08-21 13:43:28,130] {dag.py:2972} INFO - Setting next_dagrun for example_sla_dag to 2022-08-21T13:40:00+00:00, run_after=2022-08-21T13:42:00+00:00
[2022-08-21 13:43:28,142] {processor.py:161} INFO - Processing /home/airflow/.local/lib/python3.7/site-packages/airflow/example_dags/example_sla_dag.py took 0.079 seconds
[2022-08-21 13:43:58,288] {processor.py:153} INFO - Started process (PID=3050) to work on /home/airflow/.local/lib/python3.7/site-packages/airflow/example_dags/example_sla_dag.py
[2022-08-21 13:43:58,289] {processor.py:641} INFO - Processing file /home/airflow/.local/lib/python3.7/site-packages/airflow/example_dags/example_sla_dag.py for tasks to queue
[2022-08-21 13:43:58,290] {logging_mixin.py:115} INFO - [2022-08-21 13:43:58,290] {dagbag.py:508} INFO - Filling up the DagBag from /home/airflow/.local/lib/python3.7/site-packages/airflow/example_dags/example_sla_dag.py
[2022-08-21 13:43:58,306] {processor.py:651} INFO - DAG(s) dict_keys(['example_sla_dag']) retrieved from /home/airflow/.local/lib/python3.7/site-packages/airflow/example_dags/example_sla_dag.py
[2022-08-21 13:43:58,330] {logging_mixin.py:115} INFO - [2022-08-21 13:43:58,330] {dag.py:2420} INFO - Sync 1 DAGs
[2022-08-21 13:43:58,355] {logging_mixin.py:115} INFO - [2022-08-21 13:43:58,354] {dag.py:2972} INFO - Setting next_dagrun for example_sla_dag to 2022-08-21T13:40:00+00:00, run_after=2022-08-21T13:42:00+00:00
[2022-08-21 13:43:58,372] {processor.py:161} INFO - Processing /home/airflow/.local/lib/python3.7/site-packages/airflow/example_dags/example_sla_dag.py took 0.086 seconds
[2022-08-21 13:44:29,253] {processor.py:153} INFO - Started process (PID=3111) to work on /home/airflow/.local/lib/python3.7/site-packages/airflow/example_dags/example_sla_dag.py
[2022-08-21 13:44:29,254] {processor.py:641} INFO - Processing file /home/airflow/.local/lib/python3.7/site-packages/airflow/example_dags/example_sla_dag.py for tasks to queue
[2022-08-21 13:44:29,255] {logging_mixin.py:115} INFO - [2022-08-21 13:44:29,255] {dagbag.py:508} INFO - Filling up the DagBag from /home/airflow/.local/lib/python3.7/site-packages/airflow/example_dags/example_sla_dag.py
[2022-08-21 13:44:29,270] {processor.py:651} INFO - DAG(s) dict_keys(['example_sla_dag']) retrieved from /home/airflow/.local/lib/python3.7/site-packages/airflow/example_dags/example_sla_dag.py
[2022-08-21 13:44:29,293] {logging_mixin.py:115} INFO - [2022-08-21 13:44:29,293] {dag.py:2420} INFO - Sync 1 DAGs
[2022-08-21 13:44:29,319] {logging_mixin.py:115} INFO - [2022-08-21 13:44:29,318] {dag.py:2972} INFO - Setting next_dagrun for example_sla_dag to 2022-08-21T13:42:00+00:00, run_after=2022-08-21T13:44:00+00:00
[2022-08-21 13:44:29,336] {processor.py:161} INFO - Processing /home/airflow/.local/lib/python3.7/site-packages/airflow/example_dags/example_sla_dag.py took 0.085 seconds
[2022-08-21 13:45:00,189] {processor.py:153} INFO - Started process (PID=3172) to work on /home/airflow/.local/lib/python3.7/site-packages/airflow/example_dags/example_sla_dag.py
[2022-08-21 13:45:00,190] {processor.py:641} INFO - Processing file /home/airflow/.local/lib/python3.7/site-packages/airflow/example_dags/example_sla_dag.py for tasks to queue
[2022-08-21 13:45:00,191] {logging_mixin.py:115} INFO - [2022-08-21 13:45:00,191] {dagbag.py:508} INFO - Filling up the DagBag from /home/airflow/.local/lib/python3.7/site-packages/airflow/example_dags/example_sla_dag.py
[2022-08-21 13:45:00,215] {processor.py:651} INFO - DAG(s) dict_keys(['example_sla_dag']) retrieved from /home/airflow/.local/lib/python3.7/site-packages/airflow/example_dags/example_sla_dag.py
[2022-08-21 13:45:00,238] {logging_mixin.py:115} INFO - [2022-08-21 13:45:00,238] {dag.py:2420} INFO - Sync 1 DAGs
[2022-08-21 13:45:00,264] {logging_mixin.py:115} INFO - [2022-08-21 13:45:00,263] {dag.py:2972} INFO - Setting next_dagrun for example_sla_dag to 2022-08-21T13:42:00+00:00, run_after=2022-08-21T13:44:00+00:00
[2022-08-21 13:45:00,277] {processor.py:161} INFO - Processing /home/airflow/.local/lib/python3.7/site-packages/airflow/example_dags/example_sla_dag.py took 0.094 seconds
[2022-08-21 13:45:31,171] {processor.py:153} INFO - Started process (PID=3224) to work on /home/airflow/.local/lib/python3.7/site-packages/airflow/example_dags/example_sla_dag.py
[2022-08-21 13:45:31,172] {processor.py:641} INFO - Processing file /home/airflow/.local/lib/python3.7/site-packages/airflow/example_dags/example_sla_dag.py for tasks to queue
[2022-08-21 13:45:31,173] {logging_mixin.py:115} INFO - [2022-08-21 13:45:31,173] {dagbag.py:508} INFO - Filling up the DagBag from /home/airflow/.local/lib/python3.7/site-packages/airflow/example_dags/example_sla_dag.py
[2022-08-21 13:45:31,189] {processor.py:651} INFO - DAG(s) dict_keys(['example_sla_dag']) retrieved from /home/airflow/.local/lib/python3.7/site-packages/airflow/example_dags/example_sla_dag.py
[2022-08-21 13:45:31,214] {logging_mixin.py:115} INFO - [2022-08-21 13:45:31,213] {dag.py:2420} INFO - Sync 1 DAGs
[2022-08-21 13:45:31,239] {logging_mixin.py:115} INFO - [2022-08-21 13:45:31,239] {dag.py:2972} INFO - Setting next_dagrun for example_sla_dag to 2022-08-21T13:42:00+00:00, run_after=2022-08-21T13:44:00+00:00
[2022-08-21 13:45:31,256] {processor.py:161} INFO - Processing /home/airflow/.local/lib/python3.7/site-packages/airflow/example_dags/example_sla_dag.py took 0.088 seconds
[2022-08-21 13:46:01,318] {processor.py:153} INFO - Started process (PID=3285) to work on /home/airflow/.local/lib/python3.7/site-packages/airflow/example_dags/example_sla_dag.py
[2022-08-21 13:46:01,319] {processor.py:641} INFO - Processing file /home/airflow/.local/lib/python3.7/site-packages/airflow/example_dags/example_sla_dag.py for tasks to queue
[2022-08-21 13:46:01,320] {logging_mixin.py:115} INFO - [2022-08-21 13:46:01,320] {dagbag.py:508} INFO - Filling up the DagBag from /home/airflow/.local/lib/python3.7/site-packages/airflow/example_dags/example_sla_dag.py
[2022-08-21 13:46:01,336] {processor.py:651} INFO - DAG(s) dict_keys(['example_sla_dag']) retrieved from /home/airflow/.local/lib/python3.7/site-packages/airflow/example_dags/example_sla_dag.py
[2022-08-21 13:46:01,358] {logging_mixin.py:115} INFO - [2022-08-21 13:46:01,358] {dag.py:2420} INFO - Sync 1 DAGs
[2022-08-21 13:46:01,384] {logging_mixin.py:115} INFO - [2022-08-21 13:46:01,384] {dag.py:2972} INFO - Setting next_dagrun for example_sla_dag to 2022-08-21T13:44:00+00:00, run_after=2022-08-21T13:46:00+00:00
[2022-08-21 13:46:01,403] {processor.py:161} INFO - Processing /home/airflow/.local/lib/python3.7/site-packages/airflow/example_dags/example_sla_dag.py took 0.087 seconds
[2022-08-21 13:46:32,337] {processor.py:153} INFO - Started process (PID=3346) to work on /home/airflow/.local/lib/python3.7/site-packages/airflow/example_dags/example_sla_dag.py
[2022-08-21 13:46:32,338] {processor.py:641} INFO - Processing file /home/airflow/.local/lib/python3.7/site-packages/airflow/example_dags/example_sla_dag.py for tasks to queue
[2022-08-21 13:46:32,339] {logging_mixin.py:115} INFO - [2022-08-21 13:46:32,339] {dagbag.py:508} INFO - Filling up the DagBag from /home/airflow/.local/lib/python3.7/site-packages/airflow/example_dags/example_sla_dag.py
[2022-08-21 13:46:32,360] {processor.py:651} INFO - DAG(s) dict_keys(['example_sla_dag']) retrieved from /home/airflow/.local/lib/python3.7/site-packages/airflow/example_dags/example_sla_dag.py
[2022-08-21 13:46:32,390] {logging_mixin.py:115} INFO - [2022-08-21 13:46:32,389] {dag.py:2420} INFO - Sync 1 DAGs
[2022-08-21 13:46:32,429] {logging_mixin.py:115} INFO - [2022-08-21 13:46:32,429] {dag.py:2972} INFO - Setting next_dagrun for example_sla_dag to 2022-08-21T13:44:00+00:00, run_after=2022-08-21T13:46:00+00:00
[2022-08-21 13:46:32,447] {processor.py:161} INFO - Processing /home/airflow/.local/lib/python3.7/site-packages/airflow/example_dags/example_sla_dag.py took 0.114 seconds
[2022-08-21 13:47:02,507] {processor.py:153} INFO - Started process (PID=3400) to work on /home/airflow/.local/lib/python3.7/site-packages/airflow/example_dags/example_sla_dag.py
[2022-08-21 13:47:02,507] {processor.py:641} INFO - Processing file /home/airflow/.local/lib/python3.7/site-packages/airflow/example_dags/example_sla_dag.py for tasks to queue
[2022-08-21 13:47:02,509] {logging_mixin.py:115} INFO - [2022-08-21 13:47:02,508] {dagbag.py:508} INFO - Filling up the DagBag from /home/airflow/.local/lib/python3.7/site-packages/airflow/example_dags/example_sla_dag.py
[2022-08-21 13:47:02,526] {processor.py:651} INFO - DAG(s) dict_keys(['example_sla_dag']) retrieved from /home/airflow/.local/lib/python3.7/site-packages/airflow/example_dags/example_sla_dag.py
[2022-08-21 13:47:02,553] {logging_mixin.py:115} INFO - [2022-08-21 13:47:02,553] {dag.py:2420} INFO - Sync 1 DAGs
[2022-08-21 13:47:02,579] {logging_mixin.py:115} INFO - [2022-08-21 13:47:02,579] {dag.py:2972} INFO - Setting next_dagrun for example_sla_dag to 2022-08-21T13:44:00+00:00, run_after=2022-08-21T13:46:00+00:00
[2022-08-21 13:47:02,593] {processor.py:161} INFO - Processing /home/airflow/.local/lib/python3.7/site-packages/airflow/example_dags/example_sla_dag.py took 0.090 seconds
[2022-08-21 13:47:33,305] {processor.py:153} INFO - Started process (PID=3462) to work on /home/airflow/.local/lib/python3.7/site-packages/airflow/example_dags/example_sla_dag.py
[2022-08-21 13:47:33,306] {processor.py:641} INFO - Processing file /home/airflow/.local/lib/python3.7/site-packages/airflow/example_dags/example_sla_dag.py for tasks to queue
[2022-08-21 13:47:33,306] {logging_mixin.py:115} INFO - [2022-08-21 13:47:33,306] {dagbag.py:508} INFO - Filling up the DagBag from /home/airflow/.local/lib/python3.7/site-packages/airflow/example_dags/example_sla_dag.py
[2022-08-21 13:47:33,324] {processor.py:651} INFO - DAG(s) dict_keys(['example_sla_dag']) retrieved from /home/airflow/.local/lib/python3.7/site-packages/airflow/example_dags/example_sla_dag.py
[2022-08-21 13:47:33,364] {logging_mixin.py:115} INFO - [2022-08-21 13:47:33,363] {dag.py:2420} INFO - Sync 1 DAGs
[2022-08-21 13:47:33,392] {logging_mixin.py:115} INFO - [2022-08-21 13:47:33,392] {dag.py:2972} INFO - Setting next_dagrun for example_sla_dag to 2022-08-21T13:44:00+00:00, run_after=2022-08-21T13:46:00+00:00
[2022-08-21 13:47:33,409] {processor.py:161} INFO - Processing /home/airflow/.local/lib/python3.7/site-packages/airflow/example_dags/example_sla_dag.py took 0.107 seconds
[2022-08-21 13:48:04,108] {processor.py:153} INFO - Started process (PID=3514) to work on /home/airflow/.local/lib/python3.7/site-packages/airflow/example_dags/example_sla_dag.py
[2022-08-21 13:48:04,109] {processor.py:641} INFO - Processing file /home/airflow/.local/lib/python3.7/site-packages/airflow/example_dags/example_sla_dag.py for tasks to queue
[2022-08-21 13:48:04,110] {logging_mixin.py:115} INFO - [2022-08-21 13:48:04,110] {dagbag.py:508} INFO - Filling up the DagBag from /home/airflow/.local/lib/python3.7/site-packages/airflow/example_dags/example_sla_dag.py
[2022-08-21 13:48:04,124] {processor.py:651} INFO - DAG(s) dict_keys(['example_sla_dag']) retrieved from /home/airflow/.local/lib/python3.7/site-packages/airflow/example_dags/example_sla_dag.py
[2022-08-21 13:48:04,147] {logging_mixin.py:115} INFO - [2022-08-21 13:48:04,147] {dag.py:2420} INFO - Sync 1 DAGs
[2022-08-21 13:48:04,176] {logging_mixin.py:115} INFO - [2022-08-21 13:48:04,176] {dag.py:2972} INFO - Setting next_dagrun for example_sla_dag to 2022-08-21T13:46:00+00:00, run_after=2022-08-21T13:48:00+00:00
[2022-08-21 13:48:04,195] {processor.py:161} INFO - Processing /home/airflow/.local/lib/python3.7/site-packages/airflow/example_dags/example_sla_dag.py took 0.089 seconds
[2022-08-21 13:48:35,177] {processor.py:153} INFO - Started process (PID=3576) to work on /home/airflow/.local/lib/python3.7/site-packages/airflow/example_dags/example_sla_dag.py
[2022-08-21 13:48:35,178] {processor.py:641} INFO - Processing file /home/airflow/.local/lib/python3.7/site-packages/airflow/example_dags/example_sla_dag.py for tasks to queue
[2022-08-21 13:48:35,178] {logging_mixin.py:115} INFO - [2022-08-21 13:48:35,178] {dagbag.py:508} INFO - Filling up the DagBag from /home/airflow/.local/lib/python3.7/site-packages/airflow/example_dags/example_sla_dag.py
[2022-08-21 13:48:35,194] {processor.py:651} INFO - DAG(s) dict_keys(['example_sla_dag']) retrieved from /home/airflow/.local/lib/python3.7/site-packages/airflow/example_dags/example_sla_dag.py
[2022-08-21 13:48:35,221] {logging_mixin.py:115} INFO - [2022-08-21 13:48:35,221] {dag.py:2420} INFO - Sync 1 DAGs
[2022-08-21 13:48:35,248] {logging_mixin.py:115} INFO - [2022-08-21 13:48:35,248] {dag.py:2972} INFO - Setting next_dagrun for example_sla_dag to 2022-08-21T13:46:00+00:00, run_after=2022-08-21T13:48:00+00:00
[2022-08-21 13:48:35,270] {processor.py:161} INFO - Processing /home/airflow/.local/lib/python3.7/site-packages/airflow/example_dags/example_sla_dag.py took 0.096 seconds
[2022-08-21 13:49:05,686] {processor.py:153} INFO - Started process (PID=3638) to work on /home/airflow/.local/lib/python3.7/site-packages/airflow/example_dags/example_sla_dag.py
[2022-08-21 13:49:05,687] {processor.py:641} INFO - Processing file /home/airflow/.local/lib/python3.7/site-packages/airflow/example_dags/example_sla_dag.py for tasks to queue
[2022-08-21 13:49:05,687] {logging_mixin.py:115} INFO - [2022-08-21 13:49:05,687] {dagbag.py:508} INFO - Filling up the DagBag from /home/airflow/.local/lib/python3.7/site-packages/airflow/example_dags/example_sla_dag.py
[2022-08-21 13:49:05,705] {processor.py:651} INFO - DAG(s) dict_keys(['example_sla_dag']) retrieved from /home/airflow/.local/lib/python3.7/site-packages/airflow/example_dags/example_sla_dag.py
[2022-08-21 13:49:05,731] {logging_mixin.py:115} INFO - [2022-08-21 13:49:05,730] {dag.py:2420} INFO - Sync 1 DAGs
[2022-08-21 13:49:05,759] {logging_mixin.py:115} INFO - [2022-08-21 13:49:05,758] {dag.py:2972} INFO - Setting next_dagrun for example_sla_dag to 2022-08-21T13:46:00+00:00, run_after=2022-08-21T13:48:00+00:00
[2022-08-21 13:49:05,776] {processor.py:161} INFO - Processing /home/airflow/.local/lib/python3.7/site-packages/airflow/example_dags/example_sla_dag.py took 0.092 seconds
[2022-08-21 13:49:36,658] {processor.py:153} INFO - Started process (PID=3690) to work on /home/airflow/.local/lib/python3.7/site-packages/airflow/example_dags/example_sla_dag.py
[2022-08-21 13:49:36,659] {processor.py:641} INFO - Processing file /home/airflow/.local/lib/python3.7/site-packages/airflow/example_dags/example_sla_dag.py for tasks to queue
[2022-08-21 13:49:36,660] {logging_mixin.py:115} INFO - [2022-08-21 13:49:36,660] {dagbag.py:508} INFO - Filling up the DagBag from /home/airflow/.local/lib/python3.7/site-packages/airflow/example_dags/example_sla_dag.py
[2022-08-21 13:49:36,680] {processor.py:651} INFO - DAG(s) dict_keys(['example_sla_dag']) retrieved from /home/airflow/.local/lib/python3.7/site-packages/airflow/example_dags/example_sla_dag.py
[2022-08-21 13:49:36,709] {logging_mixin.py:115} INFO - [2022-08-21 13:49:36,709] {dag.py:2420} INFO - Sync 1 DAGs
[2022-08-21 13:49:36,736] {logging_mixin.py:115} INFO - [2022-08-21 13:49:36,735] {dag.py:2972} INFO - Setting next_dagrun for example_sla_dag to 2022-08-21T13:46:00+00:00, run_after=2022-08-21T13:48:00+00:00
[2022-08-21 13:49:36,749] {processor.py:161} INFO - Processing /home/airflow/.local/lib/python3.7/site-packages/airflow/example_dags/example_sla_dag.py took 0.093 seconds
[2022-08-21 13:50:07,674] {processor.py:153} INFO - Started process (PID=3751) to work on /home/airflow/.local/lib/python3.7/site-packages/airflow/example_dags/example_sla_dag.py
[2022-08-21 13:50:07,675] {processor.py:641} INFO - Processing file /home/airflow/.local/lib/python3.7/site-packages/airflow/example_dags/example_sla_dag.py for tasks to queue
[2022-08-21 13:50:07,675] {logging_mixin.py:115} INFO - [2022-08-21 13:50:07,675] {dagbag.py:508} INFO - Filling up the DagBag from /home/airflow/.local/lib/python3.7/site-packages/airflow/example_dags/example_sla_dag.py
[2022-08-21 13:50:07,692] {processor.py:651} INFO - DAG(s) dict_keys(['example_sla_dag']) retrieved from /home/airflow/.local/lib/python3.7/site-packages/airflow/example_dags/example_sla_dag.py
[2022-08-21 13:50:07,720] {logging_mixin.py:115} INFO - [2022-08-21 13:50:07,720] {dag.py:2420} INFO - Sync 1 DAGs
[2022-08-21 13:50:07,747] {logging_mixin.py:115} INFO - [2022-08-21 13:50:07,747] {dag.py:2972} INFO - Setting next_dagrun for example_sla_dag to 2022-08-21T13:48:00+00:00, run_after=2022-08-21T13:50:00+00:00
[2022-08-21 13:50:07,761] {processor.py:161} INFO - Processing /home/airflow/.local/lib/python3.7/site-packages/airflow/example_dags/example_sla_dag.py took 0.090 seconds
[2022-08-21 13:50:37,900] {processor.py:153} INFO - Started process (PID=3813) to work on /home/airflow/.local/lib/python3.7/site-packages/airflow/example_dags/example_sla_dag.py
[2022-08-21 13:50:37,901] {processor.py:641} INFO - Processing file /home/airflow/.local/lib/python3.7/site-packages/airflow/example_dags/example_sla_dag.py for tasks to queue
[2022-08-21 13:50:37,902] {logging_mixin.py:115} INFO - [2022-08-21 13:50:37,902] {dagbag.py:508} INFO - Filling up the DagBag from /home/airflow/.local/lib/python3.7/site-packages/airflow/example_dags/example_sla_dag.py
[2022-08-21 13:50:37,925] {processor.py:651} INFO - DAG(s) dict_keys(['example_sla_dag']) retrieved from /home/airflow/.local/lib/python3.7/site-packages/airflow/example_dags/example_sla_dag.py
[2022-08-21 13:50:38,004] {logging_mixin.py:115} INFO - [2022-08-21 13:50:38,004] {dag.py:2420} INFO - Sync 1 DAGs
[2022-08-21 13:50:38,036] {logging_mixin.py:115} INFO - [2022-08-21 13:50:38,036] {dag.py:2972} INFO - Setting next_dagrun for example_sla_dag to 2022-08-21T13:48:00+00:00, run_after=2022-08-21T13:50:00+00:00
[2022-08-21 13:50:38,048] {processor.py:161} INFO - Processing /home/airflow/.local/lib/python3.7/site-packages/airflow/example_dags/example_sla_dag.py took 0.156 seconds
[2022-08-21 13:51:08,152] {processor.py:153} INFO - Started process (PID=3865) to work on /home/airflow/.local/lib/python3.7/site-packages/airflow/example_dags/example_sla_dag.py
[2022-08-21 13:51:08,153] {processor.py:641} INFO - Processing file /home/airflow/.local/lib/python3.7/site-packages/airflow/example_dags/example_sla_dag.py for tasks to queue
[2022-08-21 13:51:08,154] {logging_mixin.py:115} INFO - [2022-08-21 13:51:08,154] {dagbag.py:508} INFO - Filling up the DagBag from /home/airflow/.local/lib/python3.7/site-packages/airflow/example_dags/example_sla_dag.py
[2022-08-21 13:51:08,184] {processor.py:651} INFO - DAG(s) dict_keys(['example_sla_dag']) retrieved from /home/airflow/.local/lib/python3.7/site-packages/airflow/example_dags/example_sla_dag.py
[2022-08-21 13:51:08,209] {logging_mixin.py:115} INFO - [2022-08-21 13:51:08,209] {dag.py:2420} INFO - Sync 1 DAGs
[2022-08-21 13:51:08,241] {logging_mixin.py:115} INFO - [2022-08-21 13:51:08,241] {dag.py:2972} INFO - Setting next_dagrun for example_sla_dag to 2022-08-21T13:48:00+00:00, run_after=2022-08-21T13:50:00+00:00
[2022-08-21 13:51:08,256] {processor.py:161} INFO - Processing /home/airflow/.local/lib/python3.7/site-packages/airflow/example_dags/example_sla_dag.py took 0.109 seconds
[2022-08-21 13:51:38,394] {processor.py:153} INFO - Started process (PID=3926) to work on /home/airflow/.local/lib/python3.7/site-packages/airflow/example_dags/example_sla_dag.py
[2022-08-21 13:51:38,394] {processor.py:641} INFO - Processing file /home/airflow/.local/lib/python3.7/site-packages/airflow/example_dags/example_sla_dag.py for tasks to queue
[2022-08-21 13:51:38,395] {logging_mixin.py:115} INFO - [2022-08-21 13:51:38,395] {dagbag.py:508} INFO - Filling up the DagBag from /home/airflow/.local/lib/python3.7/site-packages/airflow/example_dags/example_sla_dag.py
[2022-08-21 13:51:38,410] {processor.py:651} INFO - DAG(s) dict_keys(['example_sla_dag']) retrieved from /home/airflow/.local/lib/python3.7/site-packages/airflow/example_dags/example_sla_dag.py
[2022-08-21 13:51:38,436] {logging_mixin.py:115} INFO - [2022-08-21 13:51:38,436] {dag.py:2420} INFO - Sync 1 DAGs
[2022-08-21 13:51:38,461] {logging_mixin.py:115} INFO - [2022-08-21 13:51:38,460] {dag.py:2972} INFO - Setting next_dagrun for example_sla_dag to 2022-08-21T13:48:00+00:00, run_after=2022-08-21T13:50:00+00:00
[2022-08-21 13:51:38,479] {processor.py:161} INFO - Processing /home/airflow/.local/lib/python3.7/site-packages/airflow/example_dags/example_sla_dag.py took 0.087 seconds
[2022-08-21 13:52:08,712] {processor.py:153} INFO - Started process (PID=3988) to work on /home/airflow/.local/lib/python3.7/site-packages/airflow/example_dags/example_sla_dag.py
[2022-08-21 13:52:08,713] {processor.py:641} INFO - Processing file /home/airflow/.local/lib/python3.7/site-packages/airflow/example_dags/example_sla_dag.py for tasks to queue
[2022-08-21 13:52:08,714] {logging_mixin.py:115} INFO - [2022-08-21 13:52:08,713] {dagbag.py:508} INFO - Filling up the DagBag from /home/airflow/.local/lib/python3.7/site-packages/airflow/example_dags/example_sla_dag.py
[2022-08-21 13:52:08,730] {processor.py:651} INFO - DAG(s) dict_keys(['example_sla_dag']) retrieved from /home/airflow/.local/lib/python3.7/site-packages/airflow/example_dags/example_sla_dag.py
[2022-08-21 13:52:08,750] {logging_mixin.py:115} INFO - [2022-08-21 13:52:08,750] {dag.py:2420} INFO - Sync 1 DAGs
[2022-08-21 13:52:08,783] {logging_mixin.py:115} INFO - [2022-08-21 13:52:08,783] {dag.py:2972} INFO - Setting next_dagrun for example_sla_dag to 2022-08-21T13:50:00+00:00, run_after=2022-08-21T13:52:00+00:00
[2022-08-21 13:52:08,799] {processor.py:161} INFO - Processing /home/airflow/.local/lib/python3.7/site-packages/airflow/example_dags/example_sla_dag.py took 0.090 seconds
[2022-08-21 13:52:39,238] {processor.py:153} INFO - Started process (PID=4040) to work on /home/airflow/.local/lib/python3.7/site-packages/airflow/example_dags/example_sla_dag.py
[2022-08-21 13:52:39,254] {processor.py:641} INFO - Processing file /home/airflow/.local/lib/python3.7/site-packages/airflow/example_dags/example_sla_dag.py for tasks to queue
[2022-08-21 13:52:39,258] {logging_mixin.py:115} INFO - [2022-08-21 13:52:39,257] {dagbag.py:508} INFO - Filling up the DagBag from /home/airflow/.local/lib/python3.7/site-packages/airflow/example_dags/example_sla_dag.py
[2022-08-21 13:52:39,300] {processor.py:651} INFO - DAG(s) dict_keys(['example_sla_dag']) retrieved from /home/airflow/.local/lib/python3.7/site-packages/airflow/example_dags/example_sla_dag.py
[2022-08-21 13:52:39,361] {logging_mixin.py:115} INFO - [2022-08-21 13:52:39,361] {dag.py:2420} INFO - Sync 1 DAGs
[2022-08-21 13:52:39,415] {logging_mixin.py:115} INFO - [2022-08-21 13:52:39,415] {dag.py:2972} INFO - Setting next_dagrun for example_sla_dag to 2022-08-21T13:50:00+00:00, run_after=2022-08-21T13:52:00+00:00
[2022-08-21 13:52:39,437] {processor.py:161} INFO - Processing /home/airflow/.local/lib/python3.7/site-packages/airflow/example_dags/example_sla_dag.py took 0.209 seconds
[2022-08-21 13:53:10,390] {processor.py:153} INFO - Started process (PID=4101) to work on /home/airflow/.local/lib/python3.7/site-packages/airflow/example_dags/example_sla_dag.py
[2022-08-21 13:53:10,391] {processor.py:641} INFO - Processing file /home/airflow/.local/lib/python3.7/site-packages/airflow/example_dags/example_sla_dag.py for tasks to queue
[2022-08-21 13:53:10,392] {logging_mixin.py:115} INFO - [2022-08-21 13:53:10,392] {dagbag.py:508} INFO - Filling up the DagBag from /home/airflow/.local/lib/python3.7/site-packages/airflow/example_dags/example_sla_dag.py
[2022-08-21 13:53:10,411] {processor.py:651} INFO - DAG(s) dict_keys(['example_sla_dag']) retrieved from /home/airflow/.local/lib/python3.7/site-packages/airflow/example_dags/example_sla_dag.py
[2022-08-21 13:53:10,439] {logging_mixin.py:115} INFO - [2022-08-21 13:53:10,439] {dag.py:2420} INFO - Sync 1 DAGs
[2022-08-21 13:53:10,464] {logging_mixin.py:115} INFO - [2022-08-21 13:53:10,464] {dag.py:2972} INFO - Setting next_dagrun for example_sla_dag to 2022-08-21T13:50:00+00:00, run_after=2022-08-21T13:52:00+00:00
[2022-08-21 13:53:10,477] {processor.py:161} INFO - Processing /home/airflow/.local/lib/python3.7/site-packages/airflow/example_dags/example_sla_dag.py took 0.090 seconds
[2022-08-21 13:53:40,607] {processor.py:153} INFO - Started process (PID=4162) to work on /home/airflow/.local/lib/python3.7/site-packages/airflow/example_dags/example_sla_dag.py
[2022-08-21 13:53:40,608] {processor.py:641} INFO - Processing file /home/airflow/.local/lib/python3.7/site-packages/airflow/example_dags/example_sla_dag.py for tasks to queue
[2022-08-21 13:53:40,609] {logging_mixin.py:115} INFO - [2022-08-21 13:53:40,609] {dagbag.py:508} INFO - Filling up the DagBag from /home/airflow/.local/lib/python3.7/site-packages/airflow/example_dags/example_sla_dag.py
[2022-08-21 13:53:40,624] {processor.py:651} INFO - DAG(s) dict_keys(['example_sla_dag']) retrieved from /home/airflow/.local/lib/python3.7/site-packages/airflow/example_dags/example_sla_dag.py
[2022-08-21 13:53:40,648] {logging_mixin.py:115} INFO - [2022-08-21 13:53:40,647] {dag.py:2420} INFO - Sync 1 DAGs
[2022-08-21 13:53:40,669] {logging_mixin.py:115} INFO - [2022-08-21 13:53:40,669] {dag.py:2972} INFO - Setting next_dagrun for example_sla_dag to 2022-08-21T13:50:00+00:00, run_after=2022-08-21T13:52:00+00:00
[2022-08-21 13:53:40,685] {processor.py:161} INFO - Processing /home/airflow/.local/lib/python3.7/site-packages/airflow/example_dags/example_sla_dag.py took 0.081 seconds
