[2022-08-21 13:17:59,031] {processor.py:153} INFO - Started process (PID=65) to work on /home/airflow/.local/lib/python3.7/site-packages/airflow/example_dags/example_branch_operator.py
[2022-08-21 13:17:59,032] {processor.py:641} INFO - Processing file /home/airflow/.local/lib/python3.7/site-packages/airflow/example_dags/example_branch_operator.py for tasks to queue
[2022-08-21 13:17:59,034] {logging_mixin.py:115} INFO - [2022-08-21 13:17:59,034] {dagbag.py:508} INFO - Filling up the DagBag from /home/airflow/.local/lib/python3.7/site-packages/airflow/example_dags/example_branch_operator.py
[2022-08-21 13:17:59,048] {processor.py:651} INFO - DAG(s) dict_keys(['example_branch_operator']) retrieved from /home/airflow/.local/lib/python3.7/site-packages/airflow/example_dags/example_branch_operator.py
[2022-08-21 13:17:59,088] {logging_mixin.py:115} INFO - [2022-08-21 13:17:59,088] {dag.py:2420} INFO - Sync 1 DAGs
[2022-08-21 13:17:59,124] {logging_mixin.py:115} INFO - [2022-08-21 13:17:59,124] {dag.py:2972} INFO - Setting next_dagrun for example_branch_operator to 2022-08-20T00:00:00+00:00, run_after=2022-08-21T00:00:00+00:00
[2022-08-21 13:17:59,142] {processor.py:161} INFO - Processing /home/airflow/.local/lib/python3.7/site-packages/airflow/example_dags/example_branch_operator.py took 0.113 seconds
[2022-08-21 13:18:29,623] {processor.py:153} INFO - Started process (PID=118) to work on /home/airflow/.local/lib/python3.7/site-packages/airflow/example_dags/example_branch_operator.py
[2022-08-21 13:18:29,624] {processor.py:641} INFO - Processing file /home/airflow/.local/lib/python3.7/site-packages/airflow/example_dags/example_branch_operator.py for tasks to queue
[2022-08-21 13:18:29,625] {logging_mixin.py:115} INFO - [2022-08-21 13:18:29,625] {dagbag.py:508} INFO - Filling up the DagBag from /home/airflow/.local/lib/python3.7/site-packages/airflow/example_dags/example_branch_operator.py
[2022-08-21 13:18:29,634] {processor.py:651} INFO - DAG(s) dict_keys(['example_branch_operator']) retrieved from /home/airflow/.local/lib/python3.7/site-packages/airflow/example_dags/example_branch_operator.py
[2022-08-21 13:18:29,660] {logging_mixin.py:115} INFO - [2022-08-21 13:18:29,660] {dag.py:2420} INFO - Sync 1 DAGs
[2022-08-21 13:18:29,684] {logging_mixin.py:115} INFO - [2022-08-21 13:18:29,684] {dag.py:2972} INFO - Setting next_dagrun for example_branch_operator to 2022-08-20T00:00:00+00:00, run_after=2022-08-21T00:00:00+00:00
[2022-08-21 13:18:29,704] {processor.py:161} INFO - Processing /home/airflow/.local/lib/python3.7/site-packages/airflow/example_dags/example_branch_operator.py took 0.083 seconds
[2022-08-21 13:18:59,864] {processor.py:153} INFO - Started process (PID=181) to work on /home/airflow/.local/lib/python3.7/site-packages/airflow/example_dags/example_branch_operator.py
[2022-08-21 13:18:59,865] {processor.py:641} INFO - Processing file /home/airflow/.local/lib/python3.7/site-packages/airflow/example_dags/example_branch_operator.py for tasks to queue
[2022-08-21 13:18:59,866] {logging_mixin.py:115} INFO - [2022-08-21 13:18:59,866] {dagbag.py:508} INFO - Filling up the DagBag from /home/airflow/.local/lib/python3.7/site-packages/airflow/example_dags/example_branch_operator.py
[2022-08-21 13:18:59,876] {processor.py:651} INFO - DAG(s) dict_keys(['example_branch_operator']) retrieved from /home/airflow/.local/lib/python3.7/site-packages/airflow/example_dags/example_branch_operator.py
[2022-08-21 13:18:59,904] {logging_mixin.py:115} INFO - [2022-08-21 13:18:59,904] {dag.py:2420} INFO - Sync 1 DAGs
[2022-08-21 13:18:59,933] {logging_mixin.py:115} INFO - [2022-08-21 13:18:59,933] {dag.py:2972} INFO - Setting next_dagrun for example_branch_operator to 2022-08-20T00:00:00+00:00, run_after=2022-08-21T00:00:00+00:00
[2022-08-21 13:18:59,950] {processor.py:161} INFO - Processing /home/airflow/.local/lib/python3.7/site-packages/airflow/example_dags/example_branch_operator.py took 0.088 seconds
[2022-08-21 13:19:30,694] {processor.py:153} INFO - Started process (PID=243) to work on /home/airflow/.local/lib/python3.7/site-packages/airflow/example_dags/example_branch_operator.py
[2022-08-21 13:19:30,695] {processor.py:641} INFO - Processing file /home/airflow/.local/lib/python3.7/site-packages/airflow/example_dags/example_branch_operator.py for tasks to queue
[2022-08-21 13:19:30,695] {logging_mixin.py:115} INFO - [2022-08-21 13:19:30,695] {dagbag.py:508} INFO - Filling up the DagBag from /home/airflow/.local/lib/python3.7/site-packages/airflow/example_dags/example_branch_operator.py
[2022-08-21 13:19:30,709] {processor.py:651} INFO - DAG(s) dict_keys(['example_branch_operator']) retrieved from /home/airflow/.local/lib/python3.7/site-packages/airflow/example_dags/example_branch_operator.py
[2022-08-21 13:19:30,732] {logging_mixin.py:115} INFO - [2022-08-21 13:19:30,732] {dag.py:2420} INFO - Sync 1 DAGs
[2022-08-21 13:19:30,756] {logging_mixin.py:115} INFO - [2022-08-21 13:19:30,756] {dag.py:2972} INFO - Setting next_dagrun for example_branch_operator to 2022-08-20T00:00:00+00:00, run_after=2022-08-21T00:00:00+00:00
[2022-08-21 13:19:30,767] {processor.py:161} INFO - Processing /home/airflow/.local/lib/python3.7/site-packages/airflow/example_dags/example_branch_operator.py took 0.076 seconds
[2022-08-21 13:20:01,283] {processor.py:153} INFO - Started process (PID=295) to work on /home/airflow/.local/lib/python3.7/site-packages/airflow/example_dags/example_branch_operator.py
[2022-08-21 13:20:01,284] {processor.py:641} INFO - Processing file /home/airflow/.local/lib/python3.7/site-packages/airflow/example_dags/example_branch_operator.py for tasks to queue
[2022-08-21 13:20:01,285] {logging_mixin.py:115} INFO - [2022-08-21 13:20:01,285] {dagbag.py:508} INFO - Filling up the DagBag from /home/airflow/.local/lib/python3.7/site-packages/airflow/example_dags/example_branch_operator.py
[2022-08-21 13:20:01,307] {processor.py:651} INFO - DAG(s) dict_keys(['example_branch_operator']) retrieved from /home/airflow/.local/lib/python3.7/site-packages/airflow/example_dags/example_branch_operator.py
[2022-08-21 13:20:01,346] {logging_mixin.py:115} INFO - [2022-08-21 13:20:01,346] {dag.py:2420} INFO - Sync 1 DAGs
[2022-08-21 13:20:01,375] {logging_mixin.py:115} INFO - [2022-08-21 13:20:01,375] {dag.py:2972} INFO - Setting next_dagrun for example_branch_operator to 2022-08-20T00:00:00+00:00, run_after=2022-08-21T00:00:00+00:00
[2022-08-21 13:20:01,390] {processor.py:161} INFO - Processing /home/airflow/.local/lib/python3.7/site-packages/airflow/example_dags/example_branch_operator.py took 0.113 seconds
[2022-08-21 13:20:31,448] {processor.py:153} INFO - Started process (PID=357) to work on /home/airflow/.local/lib/python3.7/site-packages/airflow/example_dags/example_branch_operator.py
[2022-08-21 13:20:31,449] {processor.py:641} INFO - Processing file /home/airflow/.local/lib/python3.7/site-packages/airflow/example_dags/example_branch_operator.py for tasks to queue
[2022-08-21 13:20:31,449] {logging_mixin.py:115} INFO - [2022-08-21 13:20:31,449] {dagbag.py:508} INFO - Filling up the DagBag from /home/airflow/.local/lib/python3.7/site-packages/airflow/example_dags/example_branch_operator.py
[2022-08-21 13:20:31,459] {processor.py:651} INFO - DAG(s) dict_keys(['example_branch_operator']) retrieved from /home/airflow/.local/lib/python3.7/site-packages/airflow/example_dags/example_branch_operator.py
[2022-08-21 13:20:31,484] {logging_mixin.py:115} INFO - [2022-08-21 13:20:31,484] {dag.py:2420} INFO - Sync 1 DAGs
[2022-08-21 13:20:31,506] {logging_mixin.py:115} INFO - [2022-08-21 13:20:31,506] {dag.py:2972} INFO - Setting next_dagrun for example_branch_operator to 2022-08-20T00:00:00+00:00, run_after=2022-08-21T00:00:00+00:00
[2022-08-21 13:20:31,523] {processor.py:161} INFO - Processing /home/airflow/.local/lib/python3.7/site-packages/airflow/example_dags/example_branch_operator.py took 0.078 seconds
[2022-08-21 13:21:01,653] {processor.py:153} INFO - Started process (PID=418) to work on /home/airflow/.local/lib/python3.7/site-packages/airflow/example_dags/example_branch_operator.py
[2022-08-21 13:21:01,654] {processor.py:641} INFO - Processing file /home/airflow/.local/lib/python3.7/site-packages/airflow/example_dags/example_branch_operator.py for tasks to queue
[2022-08-21 13:21:01,654] {logging_mixin.py:115} INFO - [2022-08-21 13:21:01,654] {dagbag.py:508} INFO - Filling up the DagBag from /home/airflow/.local/lib/python3.7/site-packages/airflow/example_dags/example_branch_operator.py
[2022-08-21 13:21:01,665] {processor.py:651} INFO - DAG(s) dict_keys(['example_branch_operator']) retrieved from /home/airflow/.local/lib/python3.7/site-packages/airflow/example_dags/example_branch_operator.py
[2022-08-21 13:21:01,692] {logging_mixin.py:115} INFO - [2022-08-21 13:21:01,692] {dag.py:2420} INFO - Sync 1 DAGs
[2022-08-21 13:21:01,724] {logging_mixin.py:115} INFO - [2022-08-21 13:21:01,724] {dag.py:2972} INFO - Setting next_dagrun for example_branch_operator to 2022-08-20T00:00:00+00:00, run_after=2022-08-21T00:00:00+00:00
[2022-08-21 13:21:01,743] {processor.py:161} INFO - Processing /home/airflow/.local/lib/python3.7/site-packages/airflow/example_dags/example_branch_operator.py took 0.093 seconds
[2022-08-21 13:21:31,767] {processor.py:153} INFO - Started process (PID=470) to work on /home/airflow/.local/lib/python3.7/site-packages/airflow/example_dags/example_branch_operator.py
[2022-08-21 13:21:31,768] {processor.py:641} INFO - Processing file /home/airflow/.local/lib/python3.7/site-packages/airflow/example_dags/example_branch_operator.py for tasks to queue
[2022-08-21 13:21:31,769] {logging_mixin.py:115} INFO - [2022-08-21 13:21:31,769] {dagbag.py:508} INFO - Filling up the DagBag from /home/airflow/.local/lib/python3.7/site-packages/airflow/example_dags/example_branch_operator.py
[2022-08-21 13:21:31,781] {processor.py:651} INFO - DAG(s) dict_keys(['example_branch_operator']) retrieved from /home/airflow/.local/lib/python3.7/site-packages/airflow/example_dags/example_branch_operator.py
[2022-08-21 13:21:31,806] {logging_mixin.py:115} INFO - [2022-08-21 13:21:31,806] {dag.py:2420} INFO - Sync 1 DAGs
[2022-08-21 13:21:31,831] {logging_mixin.py:115} INFO - [2022-08-21 13:21:31,830] {dag.py:2972} INFO - Setting next_dagrun for example_branch_operator to 2022-08-20T00:00:00+00:00, run_after=2022-08-21T00:00:00+00:00
[2022-08-21 13:21:31,849] {processor.py:161} INFO - Processing /home/airflow/.local/lib/python3.7/site-packages/airflow/example_dags/example_branch_operator.py took 0.085 seconds
[2022-08-21 13:22:02,172] {processor.py:153} INFO - Started process (PID=531) to work on /home/airflow/.local/lib/python3.7/site-packages/airflow/example_dags/example_branch_operator.py
[2022-08-21 13:22:02,173] {processor.py:641} INFO - Processing file /home/airflow/.local/lib/python3.7/site-packages/airflow/example_dags/example_branch_operator.py for tasks to queue
[2022-08-21 13:22:02,174] {logging_mixin.py:115} INFO - [2022-08-21 13:22:02,174] {dagbag.py:508} INFO - Filling up the DagBag from /home/airflow/.local/lib/python3.7/site-packages/airflow/example_dags/example_branch_operator.py
[2022-08-21 13:22:02,184] {processor.py:651} INFO - DAG(s) dict_keys(['example_branch_operator']) retrieved from /home/airflow/.local/lib/python3.7/site-packages/airflow/example_dags/example_branch_operator.py
[2022-08-21 13:22:02,207] {logging_mixin.py:115} INFO - [2022-08-21 13:22:02,207] {dag.py:2420} INFO - Sync 1 DAGs
[2022-08-21 13:22:02,227] {logging_mixin.py:115} INFO - [2022-08-21 13:22:02,227] {dag.py:2972} INFO - Setting next_dagrun for example_branch_operator to 2022-08-20T00:00:00+00:00, run_after=2022-08-21T00:00:00+00:00
[2022-08-21 13:22:02,245] {processor.py:161} INFO - Processing /home/airflow/.local/lib/python3.7/site-packages/airflow/example_dags/example_branch_operator.py took 0.075 seconds
[2022-08-21 13:22:32,329] {processor.py:153} INFO - Started process (PID=593) to work on /home/airflow/.local/lib/python3.7/site-packages/airflow/example_dags/example_branch_operator.py
[2022-08-21 13:22:32,329] {processor.py:641} INFO - Processing file /home/airflow/.local/lib/python3.7/site-packages/airflow/example_dags/example_branch_operator.py for tasks to queue
[2022-08-21 13:22:32,330] {logging_mixin.py:115} INFO - [2022-08-21 13:22:32,330] {dagbag.py:508} INFO - Filling up the DagBag from /home/airflow/.local/lib/python3.7/site-packages/airflow/example_dags/example_branch_operator.py
[2022-08-21 13:22:32,343] {processor.py:651} INFO - DAG(s) dict_keys(['example_branch_operator']) retrieved from /home/airflow/.local/lib/python3.7/site-packages/airflow/example_dags/example_branch_operator.py
[2022-08-21 13:22:32,380] {logging_mixin.py:115} INFO - [2022-08-21 13:22:32,380] {dag.py:2420} INFO - Sync 1 DAGs
[2022-08-21 13:22:32,411] {logging_mixin.py:115} INFO - [2022-08-21 13:22:32,411] {dag.py:2972} INFO - Setting next_dagrun for example_branch_operator to 2022-08-20T00:00:00+00:00, run_after=2022-08-21T00:00:00+00:00
[2022-08-21 13:22:32,430] {processor.py:161} INFO - Processing /home/airflow/.local/lib/python3.7/site-packages/airflow/example_dags/example_branch_operator.py took 0.105 seconds
[2022-08-21 13:23:02,574] {processor.py:153} INFO - Started process (PID=646) to work on /home/airflow/.local/lib/python3.7/site-packages/airflow/example_dags/example_branch_operator.py
[2022-08-21 13:23:02,575] {processor.py:641} INFO - Processing file /home/airflow/.local/lib/python3.7/site-packages/airflow/example_dags/example_branch_operator.py for tasks to queue
[2022-08-21 13:23:02,576] {logging_mixin.py:115} INFO - [2022-08-21 13:23:02,576] {dagbag.py:508} INFO - Filling up the DagBag from /home/airflow/.local/lib/python3.7/site-packages/airflow/example_dags/example_branch_operator.py
[2022-08-21 13:23:02,586] {processor.py:651} INFO - DAG(s) dict_keys(['example_branch_operator']) retrieved from /home/airflow/.local/lib/python3.7/site-packages/airflow/example_dags/example_branch_operator.py
[2022-08-21 13:23:02,613] {logging_mixin.py:115} INFO - [2022-08-21 13:23:02,613] {dag.py:2420} INFO - Sync 1 DAGs
[2022-08-21 13:23:02,642] {logging_mixin.py:115} INFO - [2022-08-21 13:23:02,642] {dag.py:2972} INFO - Setting next_dagrun for example_branch_operator to 2022-08-20T00:00:00+00:00, run_after=2022-08-21T00:00:00+00:00
[2022-08-21 13:23:02,654] {processor.py:161} INFO - Processing /home/airflow/.local/lib/python3.7/site-packages/airflow/example_dags/example_branch_operator.py took 0.083 seconds
[2022-08-21 13:23:33,590] {processor.py:153} INFO - Started process (PID=707) to work on /home/airflow/.local/lib/python3.7/site-packages/airflow/example_dags/example_branch_operator.py
[2022-08-21 13:23:33,591] {processor.py:641} INFO - Processing file /home/airflow/.local/lib/python3.7/site-packages/airflow/example_dags/example_branch_operator.py for tasks to queue
[2022-08-21 13:23:33,591] {logging_mixin.py:115} INFO - [2022-08-21 13:23:33,591] {dagbag.py:508} INFO - Filling up the DagBag from /home/airflow/.local/lib/python3.7/site-packages/airflow/example_dags/example_branch_operator.py
[2022-08-21 13:23:33,604] {processor.py:651} INFO - DAG(s) dict_keys(['example_branch_operator']) retrieved from /home/airflow/.local/lib/python3.7/site-packages/airflow/example_dags/example_branch_operator.py
[2022-08-21 13:23:33,635] {logging_mixin.py:115} INFO - [2022-08-21 13:23:33,635] {dag.py:2420} INFO - Sync 1 DAGs
[2022-08-21 13:23:33,657] {logging_mixin.py:115} INFO - [2022-08-21 13:23:33,657] {dag.py:2972} INFO - Setting next_dagrun for example_branch_operator to 2022-08-20T00:00:00+00:00, run_after=2022-08-21T00:00:00+00:00
[2022-08-21 13:23:33,677] {processor.py:161} INFO - Processing /home/airflow/.local/lib/python3.7/site-packages/airflow/example_dags/example_branch_operator.py took 0.090 seconds
[2022-08-21 13:24:04,942] {processor.py:153} INFO - Started process (PID=768) to work on /home/airflow/.local/lib/python3.7/site-packages/airflow/example_dags/example_branch_operator.py
[2022-08-21 13:24:04,949] {processor.py:641} INFO - Processing file /home/airflow/.local/lib/python3.7/site-packages/airflow/example_dags/example_branch_operator.py for tasks to queue
[2022-08-21 13:24:04,952] {logging_mixin.py:115} INFO - [2022-08-21 13:24:04,952] {dagbag.py:508} INFO - Filling up the DagBag from /home/airflow/.local/lib/python3.7/site-packages/airflow/example_dags/example_branch_operator.py
[2022-08-21 13:24:04,992] {processor.py:651} INFO - DAG(s) dict_keys(['example_branch_operator']) retrieved from /home/airflow/.local/lib/python3.7/site-packages/airflow/example_dags/example_branch_operator.py
[2022-08-21 13:24:05,070] {logging_mixin.py:115} INFO - [2022-08-21 13:24:05,069] {dag.py:2420} INFO - Sync 1 DAGs
[2022-08-21 13:24:05,150] {logging_mixin.py:115} INFO - [2022-08-21 13:24:05,149] {dag.py:2972} INFO - Setting next_dagrun for example_branch_operator to 2022-08-20T00:00:00+00:00, run_after=2022-08-21T00:00:00+00:00
[2022-08-21 13:24:05,193] {processor.py:161} INFO - Processing /home/airflow/.local/lib/python3.7/site-packages/airflow/example_dags/example_branch_operator.py took 0.254 seconds
[2022-08-21 13:24:35,511] {processor.py:153} INFO - Started process (PID=820) to work on /home/airflow/.local/lib/python3.7/site-packages/airflow/example_dags/example_branch_operator.py
[2022-08-21 13:24:35,511] {processor.py:641} INFO - Processing file /home/airflow/.local/lib/python3.7/site-packages/airflow/example_dags/example_branch_operator.py for tasks to queue
[2022-08-21 13:24:35,512] {logging_mixin.py:115} INFO - [2022-08-21 13:24:35,512] {dagbag.py:508} INFO - Filling up the DagBag from /home/airflow/.local/lib/python3.7/site-packages/airflow/example_dags/example_branch_operator.py
[2022-08-21 13:24:35,521] {processor.py:651} INFO - DAG(s) dict_keys(['example_branch_operator']) retrieved from /home/airflow/.local/lib/python3.7/site-packages/airflow/example_dags/example_branch_operator.py
[2022-08-21 13:24:35,548] {logging_mixin.py:115} INFO - [2022-08-21 13:24:35,548] {dag.py:2420} INFO - Sync 1 DAGs
[2022-08-21 13:24:35,576] {logging_mixin.py:115} INFO - [2022-08-21 13:24:35,576] {dag.py:2972} INFO - Setting next_dagrun for example_branch_operator to 2022-08-20T00:00:00+00:00, run_after=2022-08-21T00:00:00+00:00
[2022-08-21 13:24:35,593] {processor.py:161} INFO - Processing /home/airflow/.local/lib/python3.7/site-packages/airflow/example_dags/example_branch_operator.py took 0.085 seconds
[2022-08-21 13:25:05,674] {processor.py:153} INFO - Started process (PID=881) to work on /home/airflow/.local/lib/python3.7/site-packages/airflow/example_dags/example_branch_operator.py
[2022-08-21 13:25:05,675] {processor.py:641} INFO - Processing file /home/airflow/.local/lib/python3.7/site-packages/airflow/example_dags/example_branch_operator.py for tasks to queue
[2022-08-21 13:25:05,676] {logging_mixin.py:115} INFO - [2022-08-21 13:25:05,676] {dagbag.py:508} INFO - Filling up the DagBag from /home/airflow/.local/lib/python3.7/site-packages/airflow/example_dags/example_branch_operator.py
[2022-08-21 13:25:05,685] {processor.py:651} INFO - DAG(s) dict_keys(['example_branch_operator']) retrieved from /home/airflow/.local/lib/python3.7/site-packages/airflow/example_dags/example_branch_operator.py
[2022-08-21 13:25:05,707] {logging_mixin.py:115} INFO - [2022-08-21 13:25:05,707] {dag.py:2420} INFO - Sync 1 DAGs
[2022-08-21 13:25:05,725] {logging_mixin.py:115} INFO - [2022-08-21 13:25:05,725] {dag.py:2972} INFO - Setting next_dagrun for example_branch_operator to 2022-08-20T00:00:00+00:00, run_after=2022-08-21T00:00:00+00:00
[2022-08-21 13:25:05,744] {processor.py:161} INFO - Processing /home/airflow/.local/lib/python3.7/site-packages/airflow/example_dags/example_branch_operator.py took 0.072 seconds
[2022-08-21 13:25:35,887] {processor.py:153} INFO - Started process (PID=934) to work on /home/airflow/.local/lib/python3.7/site-packages/airflow/example_dags/example_branch_operator.py
[2022-08-21 13:25:35,888] {processor.py:641} INFO - Processing file /home/airflow/.local/lib/python3.7/site-packages/airflow/example_dags/example_branch_operator.py for tasks to queue
[2022-08-21 13:25:35,888] {logging_mixin.py:115} INFO - [2022-08-21 13:25:35,888] {dagbag.py:508} INFO - Filling up the DagBag from /home/airflow/.local/lib/python3.7/site-packages/airflow/example_dags/example_branch_operator.py
[2022-08-21 13:25:35,898] {processor.py:651} INFO - DAG(s) dict_keys(['example_branch_operator']) retrieved from /home/airflow/.local/lib/python3.7/site-packages/airflow/example_dags/example_branch_operator.py
[2022-08-21 13:25:35,923] {logging_mixin.py:115} INFO - [2022-08-21 13:25:35,922] {dag.py:2420} INFO - Sync 1 DAGs
[2022-08-21 13:25:35,943] {logging_mixin.py:115} INFO - [2022-08-21 13:25:35,943] {dag.py:2972} INFO - Setting next_dagrun for example_branch_operator to 2022-08-20T00:00:00+00:00, run_after=2022-08-21T00:00:00+00:00
[2022-08-21 13:25:35,961] {processor.py:161} INFO - Processing /home/airflow/.local/lib/python3.7/site-packages/airflow/example_dags/example_branch_operator.py took 0.077 seconds
[2022-08-21 13:26:06,115] {processor.py:153} INFO - Started process (PID=995) to work on /home/airflow/.local/lib/python3.7/site-packages/airflow/example_dags/example_branch_operator.py
[2022-08-21 13:26:06,116] {processor.py:641} INFO - Processing file /home/airflow/.local/lib/python3.7/site-packages/airflow/example_dags/example_branch_operator.py for tasks to queue
[2022-08-21 13:26:06,118] {logging_mixin.py:115} INFO - [2022-08-21 13:26:06,118] {dagbag.py:508} INFO - Filling up the DagBag from /home/airflow/.local/lib/python3.7/site-packages/airflow/example_dags/example_branch_operator.py
[2022-08-21 13:26:06,133] {processor.py:651} INFO - DAG(s) dict_keys(['example_branch_operator']) retrieved from /home/airflow/.local/lib/python3.7/site-packages/airflow/example_dags/example_branch_operator.py
[2022-08-21 13:26:06,163] {logging_mixin.py:115} INFO - [2022-08-21 13:26:06,163] {dag.py:2420} INFO - Sync 1 DAGs
[2022-08-21 13:26:06,186] {logging_mixin.py:115} INFO - [2022-08-21 13:26:06,186] {dag.py:2972} INFO - Setting next_dagrun for example_branch_operator to 2022-08-20T00:00:00+00:00, run_after=2022-08-21T00:00:00+00:00
[2022-08-21 13:26:06,202] {processor.py:161} INFO - Processing /home/airflow/.local/lib/python3.7/site-packages/airflow/example_dags/example_branch_operator.py took 0.090 seconds
[2022-08-21 13:26:36,276] {processor.py:153} INFO - Started process (PID=1056) to work on /home/airflow/.local/lib/python3.7/site-packages/airflow/example_dags/example_branch_operator.py
[2022-08-21 13:26:36,277] {processor.py:641} INFO - Processing file /home/airflow/.local/lib/python3.7/site-packages/airflow/example_dags/example_branch_operator.py for tasks to queue
[2022-08-21 13:26:36,278] {logging_mixin.py:115} INFO - [2022-08-21 13:26:36,277] {dagbag.py:508} INFO - Filling up the DagBag from /home/airflow/.local/lib/python3.7/site-packages/airflow/example_dags/example_branch_operator.py
[2022-08-21 13:26:36,289] {processor.py:651} INFO - DAG(s) dict_keys(['example_branch_operator']) retrieved from /home/airflow/.local/lib/python3.7/site-packages/airflow/example_dags/example_branch_operator.py
[2022-08-21 13:26:36,314] {logging_mixin.py:115} INFO - [2022-08-21 13:26:36,314] {dag.py:2420} INFO - Sync 1 DAGs
[2022-08-21 13:26:36,334] {logging_mixin.py:115} INFO - [2022-08-21 13:26:36,334] {dag.py:2972} INFO - Setting next_dagrun for example_branch_operator to 2022-08-20T00:00:00+00:00, run_after=2022-08-21T00:00:00+00:00
[2022-08-21 13:26:36,354] {processor.py:161} INFO - Processing /home/airflow/.local/lib/python3.7/site-packages/airflow/example_dags/example_branch_operator.py took 0.082 seconds
[2022-08-21 13:27:06,526] {processor.py:153} INFO - Started process (PID=1108) to work on /home/airflow/.local/lib/python3.7/site-packages/airflow/example_dags/example_branch_operator.py
[2022-08-21 13:27:06,526] {processor.py:641} INFO - Processing file /home/airflow/.local/lib/python3.7/site-packages/airflow/example_dags/example_branch_operator.py for tasks to queue
[2022-08-21 13:27:06,527] {logging_mixin.py:115} INFO - [2022-08-21 13:27:06,527] {dagbag.py:508} INFO - Filling up the DagBag from /home/airflow/.local/lib/python3.7/site-packages/airflow/example_dags/example_branch_operator.py
[2022-08-21 13:27:06,537] {processor.py:651} INFO - DAG(s) dict_keys(['example_branch_operator']) retrieved from /home/airflow/.local/lib/python3.7/site-packages/airflow/example_dags/example_branch_operator.py
[2022-08-21 13:27:06,561] {logging_mixin.py:115} INFO - [2022-08-21 13:27:06,561] {dag.py:2420} INFO - Sync 1 DAGs
[2022-08-21 13:27:06,583] {logging_mixin.py:115} INFO - [2022-08-21 13:27:06,583] {dag.py:2972} INFO - Setting next_dagrun for example_branch_operator to 2022-08-20T00:00:00+00:00, run_after=2022-08-21T00:00:00+00:00
[2022-08-21 13:27:06,601] {processor.py:161} INFO - Processing /home/airflow/.local/lib/python3.7/site-packages/airflow/example_dags/example_branch_operator.py took 0.078 seconds
[2022-08-21 13:27:36,731] {processor.py:153} INFO - Started process (PID=1170) to work on /home/airflow/.local/lib/python3.7/site-packages/airflow/example_dags/example_branch_operator.py
[2022-08-21 13:27:36,732] {processor.py:641} INFO - Processing file /home/airflow/.local/lib/python3.7/site-packages/airflow/example_dags/example_branch_operator.py for tasks to queue
[2022-08-21 13:27:36,733] {logging_mixin.py:115} INFO - [2022-08-21 13:27:36,732] {dagbag.py:508} INFO - Filling up the DagBag from /home/airflow/.local/lib/python3.7/site-packages/airflow/example_dags/example_branch_operator.py
[2022-08-21 13:27:36,742] {processor.py:651} INFO - DAG(s) dict_keys(['example_branch_operator']) retrieved from /home/airflow/.local/lib/python3.7/site-packages/airflow/example_dags/example_branch_operator.py
[2022-08-21 13:27:36,769] {logging_mixin.py:115} INFO - [2022-08-21 13:27:36,769] {dag.py:2420} INFO - Sync 1 DAGs
[2022-08-21 13:27:36,790] {logging_mixin.py:115} INFO - [2022-08-21 13:27:36,790] {dag.py:2972} INFO - Setting next_dagrun for example_branch_operator to 2022-08-20T00:00:00+00:00, run_after=2022-08-21T00:00:00+00:00
[2022-08-21 13:27:36,809] {processor.py:161} INFO - Processing /home/airflow/.local/lib/python3.7/site-packages/airflow/example_dags/example_branch_operator.py took 0.082 seconds
[2022-08-21 13:28:07,729] {processor.py:153} INFO - Started process (PID=1231) to work on /home/airflow/.local/lib/python3.7/site-packages/airflow/example_dags/example_branch_operator.py
[2022-08-21 13:28:07,730] {processor.py:641} INFO - Processing file /home/airflow/.local/lib/python3.7/site-packages/airflow/example_dags/example_branch_operator.py for tasks to queue
[2022-08-21 13:28:07,731] {logging_mixin.py:115} INFO - [2022-08-21 13:28:07,731] {dagbag.py:508} INFO - Filling up the DagBag from /home/airflow/.local/lib/python3.7/site-packages/airflow/example_dags/example_branch_operator.py
[2022-08-21 13:28:07,741] {processor.py:651} INFO - DAG(s) dict_keys(['example_branch_operator']) retrieved from /home/airflow/.local/lib/python3.7/site-packages/airflow/example_dags/example_branch_operator.py
[2022-08-21 13:28:07,764] {logging_mixin.py:115} INFO - [2022-08-21 13:28:07,764] {dag.py:2420} INFO - Sync 1 DAGs
[2022-08-21 13:28:07,786] {logging_mixin.py:115} INFO - [2022-08-21 13:28:07,785] {dag.py:2972} INFO - Setting next_dagrun for example_branch_operator to 2022-08-20T00:00:00+00:00, run_after=2022-08-21T00:00:00+00:00
[2022-08-21 13:28:07,803] {processor.py:161} INFO - Processing /home/airflow/.local/lib/python3.7/site-packages/airflow/example_dags/example_branch_operator.py took 0.076 seconds
[2022-08-21 13:28:38,554] {processor.py:153} INFO - Started process (PID=1284) to work on /home/airflow/.local/lib/python3.7/site-packages/airflow/example_dags/example_branch_operator.py
[2022-08-21 13:28:38,555] {processor.py:641} INFO - Processing file /home/airflow/.local/lib/python3.7/site-packages/airflow/example_dags/example_branch_operator.py for tasks to queue
[2022-08-21 13:28:38,555] {logging_mixin.py:115} INFO - [2022-08-21 13:28:38,555] {dagbag.py:508} INFO - Filling up the DagBag from /home/airflow/.local/lib/python3.7/site-packages/airflow/example_dags/example_branch_operator.py
[2022-08-21 13:28:38,565] {processor.py:651} INFO - DAG(s) dict_keys(['example_branch_operator']) retrieved from /home/airflow/.local/lib/python3.7/site-packages/airflow/example_dags/example_branch_operator.py
[2022-08-21 13:28:38,587] {logging_mixin.py:115} INFO - [2022-08-21 13:28:38,587] {dag.py:2420} INFO - Sync 1 DAGs
[2022-08-21 13:28:38,610] {logging_mixin.py:115} INFO - [2022-08-21 13:28:38,610] {dag.py:2972} INFO - Setting next_dagrun for example_branch_operator to 2022-08-20T00:00:00+00:00, run_after=2022-08-21T00:00:00+00:00
[2022-08-21 13:28:38,623] {processor.py:161} INFO - Processing /home/airflow/.local/lib/python3.7/site-packages/airflow/example_dags/example_branch_operator.py took 0.071 seconds
[2022-08-21 13:29:09,505] {processor.py:153} INFO - Started process (PID=1345) to work on /home/airflow/.local/lib/python3.7/site-packages/airflow/example_dags/example_branch_operator.py
[2022-08-21 13:29:09,506] {processor.py:641} INFO - Processing file /home/airflow/.local/lib/python3.7/site-packages/airflow/example_dags/example_branch_operator.py for tasks to queue
[2022-08-21 13:29:09,507] {logging_mixin.py:115} INFO - [2022-08-21 13:29:09,507] {dagbag.py:508} INFO - Filling up the DagBag from /home/airflow/.local/lib/python3.7/site-packages/airflow/example_dags/example_branch_operator.py
[2022-08-21 13:29:09,516] {processor.py:651} INFO - DAG(s) dict_keys(['example_branch_operator']) retrieved from /home/airflow/.local/lib/python3.7/site-packages/airflow/example_dags/example_branch_operator.py
[2022-08-21 13:29:09,541] {logging_mixin.py:115} INFO - [2022-08-21 13:29:09,541] {dag.py:2420} INFO - Sync 1 DAGs
[2022-08-21 13:29:09,563] {logging_mixin.py:115} INFO - [2022-08-21 13:29:09,562] {dag.py:2972} INFO - Setting next_dagrun for example_branch_operator to 2022-08-20T00:00:00+00:00, run_after=2022-08-21T00:00:00+00:00
[2022-08-21 13:29:09,582] {processor.py:161} INFO - Processing /home/airflow/.local/lib/python3.7/site-packages/airflow/example_dags/example_branch_operator.py took 0.079 seconds
[2022-08-21 13:29:40,406] {processor.py:153} INFO - Started process (PID=1406) to work on /home/airflow/.local/lib/python3.7/site-packages/airflow/example_dags/example_branch_operator.py
[2022-08-21 13:29:40,407] {processor.py:641} INFO - Processing file /home/airflow/.local/lib/python3.7/site-packages/airflow/example_dags/example_branch_operator.py for tasks to queue
[2022-08-21 13:29:40,408] {logging_mixin.py:115} INFO - [2022-08-21 13:29:40,407] {dagbag.py:508} INFO - Filling up the DagBag from /home/airflow/.local/lib/python3.7/site-packages/airflow/example_dags/example_branch_operator.py
[2022-08-21 13:29:40,416] {processor.py:651} INFO - DAG(s) dict_keys(['example_branch_operator']) retrieved from /home/airflow/.local/lib/python3.7/site-packages/airflow/example_dags/example_branch_operator.py
[2022-08-21 13:29:40,438] {logging_mixin.py:115} INFO - [2022-08-21 13:29:40,438] {dag.py:2420} INFO - Sync 1 DAGs
[2022-08-21 13:29:40,457] {logging_mixin.py:115} INFO - [2022-08-21 13:29:40,457] {dag.py:2972} INFO - Setting next_dagrun for example_branch_operator to 2022-08-20T00:00:00+00:00, run_after=2022-08-21T00:00:00+00:00
[2022-08-21 13:29:40,474] {processor.py:161} INFO - Processing /home/airflow/.local/lib/python3.7/site-packages/airflow/example_dags/example_branch_operator.py took 0.071 seconds
[2022-08-21 13:30:11,239] {processor.py:153} INFO - Started process (PID=1458) to work on /home/airflow/.local/lib/python3.7/site-packages/airflow/example_dags/example_branch_operator.py
[2022-08-21 13:30:11,239] {processor.py:641} INFO - Processing file /home/airflow/.local/lib/python3.7/site-packages/airflow/example_dags/example_branch_operator.py for tasks to queue
[2022-08-21 13:30:11,240] {logging_mixin.py:115} INFO - [2022-08-21 13:30:11,240] {dagbag.py:508} INFO - Filling up the DagBag from /home/airflow/.local/lib/python3.7/site-packages/airflow/example_dags/example_branch_operator.py
[2022-08-21 13:30:11,249] {processor.py:651} INFO - DAG(s) dict_keys(['example_branch_operator']) retrieved from /home/airflow/.local/lib/python3.7/site-packages/airflow/example_dags/example_branch_operator.py
[2022-08-21 13:30:11,271] {logging_mixin.py:115} INFO - [2022-08-21 13:30:11,271] {dag.py:2420} INFO - Sync 1 DAGs
[2022-08-21 13:30:11,290] {logging_mixin.py:115} INFO - [2022-08-21 13:30:11,290] {dag.py:2972} INFO - Setting next_dagrun for example_branch_operator to 2022-08-20T00:00:00+00:00, run_after=2022-08-21T00:00:00+00:00
[2022-08-21 13:30:11,307] {processor.py:161} INFO - Processing /home/airflow/.local/lib/python3.7/site-packages/airflow/example_dags/example_branch_operator.py took 0.071 seconds
[2022-08-21 13:30:41,436] {processor.py:153} INFO - Started process (PID=1520) to work on /home/airflow/.local/lib/python3.7/site-packages/airflow/example_dags/example_branch_operator.py
[2022-08-21 13:30:41,437] {processor.py:641} INFO - Processing file /home/airflow/.local/lib/python3.7/site-packages/airflow/example_dags/example_branch_operator.py for tasks to queue
[2022-08-21 13:30:41,439] {logging_mixin.py:115} INFO - [2022-08-21 13:30:41,439] {dagbag.py:508} INFO - Filling up the DagBag from /home/airflow/.local/lib/python3.7/site-packages/airflow/example_dags/example_branch_operator.py
[2022-08-21 13:30:41,453] {processor.py:651} INFO - DAG(s) dict_keys(['example_branch_operator']) retrieved from /home/airflow/.local/lib/python3.7/site-packages/airflow/example_dags/example_branch_operator.py
[2022-08-21 13:30:41,481] {logging_mixin.py:115} INFO - [2022-08-21 13:30:41,481] {dag.py:2420} INFO - Sync 1 DAGs
[2022-08-21 13:30:41,506] {logging_mixin.py:115} INFO - [2022-08-21 13:30:41,506] {dag.py:2972} INFO - Setting next_dagrun for example_branch_operator to 2022-08-20T00:00:00+00:00, run_after=2022-08-21T00:00:00+00:00
[2022-08-21 13:30:41,521] {processor.py:161} INFO - Processing /home/airflow/.local/lib/python3.7/site-packages/airflow/example_dags/example_branch_operator.py took 0.089 seconds
[2022-08-21 13:31:11,850] {processor.py:153} INFO - Started process (PID=1581) to work on /home/airflow/.local/lib/python3.7/site-packages/airflow/example_dags/example_branch_operator.py
[2022-08-21 13:31:11,851] {processor.py:641} INFO - Processing file /home/airflow/.local/lib/python3.7/site-packages/airflow/example_dags/example_branch_operator.py for tasks to queue
[2022-08-21 13:31:11,852] {logging_mixin.py:115} INFO - [2022-08-21 13:31:11,852] {dagbag.py:508} INFO - Filling up the DagBag from /home/airflow/.local/lib/python3.7/site-packages/airflow/example_dags/example_branch_operator.py
[2022-08-21 13:31:11,865] {processor.py:651} INFO - DAG(s) dict_keys(['example_branch_operator']) retrieved from /home/airflow/.local/lib/python3.7/site-packages/airflow/example_dags/example_branch_operator.py
[2022-08-21 13:31:11,897] {logging_mixin.py:115} INFO - [2022-08-21 13:31:11,897] {dag.py:2420} INFO - Sync 1 DAGs
[2022-08-21 13:31:11,931] {logging_mixin.py:115} INFO - [2022-08-21 13:31:11,930] {dag.py:2972} INFO - Setting next_dagrun for example_branch_operator to 2022-08-20T00:00:00+00:00, run_after=2022-08-21T00:00:00+00:00
[2022-08-21 13:31:11,950] {processor.py:161} INFO - Processing /home/airflow/.local/lib/python3.7/site-packages/airflow/example_dags/example_branch_operator.py took 0.105 seconds
[2022-08-21 13:31:41,996] {processor.py:153} INFO - Started process (PID=1633) to work on /home/airflow/.local/lib/python3.7/site-packages/airflow/example_dags/example_branch_operator.py
[2022-08-21 13:31:41,997] {processor.py:641} INFO - Processing file /home/airflow/.local/lib/python3.7/site-packages/airflow/example_dags/example_branch_operator.py for tasks to queue
[2022-08-21 13:31:41,998] {logging_mixin.py:115} INFO - [2022-08-21 13:31:41,998] {dagbag.py:508} INFO - Filling up the DagBag from /home/airflow/.local/lib/python3.7/site-packages/airflow/example_dags/example_branch_operator.py
[2022-08-21 13:31:42,011] {processor.py:651} INFO - DAG(s) dict_keys(['example_branch_operator']) retrieved from /home/airflow/.local/lib/python3.7/site-packages/airflow/example_dags/example_branch_operator.py
[2022-08-21 13:31:42,035] {logging_mixin.py:115} INFO - [2022-08-21 13:31:42,035] {dag.py:2420} INFO - Sync 1 DAGs
[2022-08-21 13:31:42,056] {logging_mixin.py:115} INFO - [2022-08-21 13:31:42,055] {dag.py:2972} INFO - Setting next_dagrun for example_branch_operator to 2022-08-20T00:00:00+00:00, run_after=2022-08-21T00:00:00+00:00
[2022-08-21 13:31:42,075] {processor.py:161} INFO - Processing /home/airflow/.local/lib/python3.7/site-packages/airflow/example_dags/example_branch_operator.py took 0.082 seconds
[2022-08-21 13:32:12,881] {processor.py:153} INFO - Started process (PID=1695) to work on /home/airflow/.local/lib/python3.7/site-packages/airflow/example_dags/example_branch_operator.py
[2022-08-21 13:32:12,882] {processor.py:641} INFO - Processing file /home/airflow/.local/lib/python3.7/site-packages/airflow/example_dags/example_branch_operator.py for tasks to queue
[2022-08-21 13:32:12,882] {logging_mixin.py:115} INFO - [2022-08-21 13:32:12,882] {dagbag.py:508} INFO - Filling up the DagBag from /home/airflow/.local/lib/python3.7/site-packages/airflow/example_dags/example_branch_operator.py
[2022-08-21 13:32:12,891] {processor.py:651} INFO - DAG(s) dict_keys(['example_branch_operator']) retrieved from /home/airflow/.local/lib/python3.7/site-packages/airflow/example_dags/example_branch_operator.py
[2022-08-21 13:32:12,916] {logging_mixin.py:115} INFO - [2022-08-21 13:32:12,916] {dag.py:2420} INFO - Sync 1 DAGs
[2022-08-21 13:32:12,939] {logging_mixin.py:115} INFO - [2022-08-21 13:32:12,939] {dag.py:2972} INFO - Setting next_dagrun for example_branch_operator to 2022-08-20T00:00:00+00:00, run_after=2022-08-21T00:00:00+00:00
[2022-08-21 13:32:12,956] {processor.py:161} INFO - Processing /home/airflow/.local/lib/python3.7/site-packages/airflow/example_dags/example_branch_operator.py took 0.077 seconds
[2022-08-21 13:32:43,770] {processor.py:153} INFO - Started process (PID=1756) to work on /home/airflow/.local/lib/python3.7/site-packages/airflow/example_dags/example_branch_operator.py
[2022-08-21 13:32:43,772] {processor.py:641} INFO - Processing file /home/airflow/.local/lib/python3.7/site-packages/airflow/example_dags/example_branch_operator.py for tasks to queue
[2022-08-21 13:32:43,773] {logging_mixin.py:115} INFO - [2022-08-21 13:32:43,773] {dagbag.py:508} INFO - Filling up the DagBag from /home/airflow/.local/lib/python3.7/site-packages/airflow/example_dags/example_branch_operator.py
[2022-08-21 13:32:43,784] {processor.py:651} INFO - DAG(s) dict_keys(['example_branch_operator']) retrieved from /home/airflow/.local/lib/python3.7/site-packages/airflow/example_dags/example_branch_operator.py
[2022-08-21 13:32:43,809] {logging_mixin.py:115} INFO - [2022-08-21 13:32:43,809] {dag.py:2420} INFO - Sync 1 DAGs
[2022-08-21 13:32:43,834] {logging_mixin.py:115} INFO - [2022-08-21 13:32:43,834] {dag.py:2972} INFO - Setting next_dagrun for example_branch_operator to 2022-08-20T00:00:00+00:00, run_after=2022-08-21T00:00:00+00:00
[2022-08-21 13:32:43,852] {processor.py:161} INFO - Processing /home/airflow/.local/lib/python3.7/site-packages/airflow/example_dags/example_branch_operator.py took 0.089 seconds
[2022-08-21 13:33:14,548] {processor.py:153} INFO - Started process (PID=1809) to work on /home/airflow/.local/lib/python3.7/site-packages/airflow/example_dags/example_branch_operator.py
[2022-08-21 13:33:14,548] {processor.py:641} INFO - Processing file /home/airflow/.local/lib/python3.7/site-packages/airflow/example_dags/example_branch_operator.py for tasks to queue
[2022-08-21 13:33:14,549] {logging_mixin.py:115} INFO - [2022-08-21 13:33:14,549] {dagbag.py:508} INFO - Filling up the DagBag from /home/airflow/.local/lib/python3.7/site-packages/airflow/example_dags/example_branch_operator.py
[2022-08-21 13:33:14,558] {processor.py:651} INFO - DAG(s) dict_keys(['example_branch_operator']) retrieved from /home/airflow/.local/lib/python3.7/site-packages/airflow/example_dags/example_branch_operator.py
[2022-08-21 13:33:14,581] {logging_mixin.py:115} INFO - [2022-08-21 13:33:14,581] {dag.py:2420} INFO - Sync 1 DAGs
[2022-08-21 13:33:14,600] {logging_mixin.py:115} INFO - [2022-08-21 13:33:14,600] {dag.py:2972} INFO - Setting next_dagrun for example_branch_operator to 2022-08-20T00:00:00+00:00, run_after=2022-08-21T00:00:00+00:00
[2022-08-21 13:33:14,618] {processor.py:161} INFO - Processing /home/airflow/.local/lib/python3.7/site-packages/airflow/example_dags/example_branch_operator.py took 0.073 seconds
[2022-08-21 13:33:45,538] {processor.py:153} INFO - Started process (PID=1870) to work on /home/airflow/.local/lib/python3.7/site-packages/airflow/example_dags/example_branch_operator.py
[2022-08-21 13:33:45,539] {processor.py:641} INFO - Processing file /home/airflow/.local/lib/python3.7/site-packages/airflow/example_dags/example_branch_operator.py for tasks to queue
[2022-08-21 13:33:45,540] {logging_mixin.py:115} INFO - [2022-08-21 13:33:45,540] {dagbag.py:508} INFO - Filling up the DagBag from /home/airflow/.local/lib/python3.7/site-packages/airflow/example_dags/example_branch_operator.py
[2022-08-21 13:33:45,549] {processor.py:651} INFO - DAG(s) dict_keys(['example_branch_operator']) retrieved from /home/airflow/.local/lib/python3.7/site-packages/airflow/example_dags/example_branch_operator.py
[2022-08-21 13:33:45,575] {logging_mixin.py:115} INFO - [2022-08-21 13:33:45,575] {dag.py:2420} INFO - Sync 1 DAGs
[2022-08-21 13:33:45,596] {logging_mixin.py:115} INFO - [2022-08-21 13:33:45,596] {dag.py:2972} INFO - Setting next_dagrun for example_branch_operator to 2022-08-20T00:00:00+00:00, run_after=2022-08-21T00:00:00+00:00
[2022-08-21 13:33:45,617] {processor.py:161} INFO - Processing /home/airflow/.local/lib/python3.7/site-packages/airflow/example_dags/example_branch_operator.py took 0.081 seconds
[2022-08-21 13:34:16,531] {processor.py:153} INFO - Started process (PID=1931) to work on /home/airflow/.local/lib/python3.7/site-packages/airflow/example_dags/example_branch_operator.py
[2022-08-21 13:34:16,532] {processor.py:641} INFO - Processing file /home/airflow/.local/lib/python3.7/site-packages/airflow/example_dags/example_branch_operator.py for tasks to queue
[2022-08-21 13:34:16,533] {logging_mixin.py:115} INFO - [2022-08-21 13:34:16,533] {dagbag.py:508} INFO - Filling up the DagBag from /home/airflow/.local/lib/python3.7/site-packages/airflow/example_dags/example_branch_operator.py
[2022-08-21 13:34:16,543] {processor.py:651} INFO - DAG(s) dict_keys(['example_branch_operator']) retrieved from /home/airflow/.local/lib/python3.7/site-packages/airflow/example_dags/example_branch_operator.py
[2022-08-21 13:34:16,568] {logging_mixin.py:115} INFO - [2022-08-21 13:34:16,568] {dag.py:2420} INFO - Sync 1 DAGs
[2022-08-21 13:34:16,588] {logging_mixin.py:115} INFO - [2022-08-21 13:34:16,588] {dag.py:2972} INFO - Setting next_dagrun for example_branch_operator to 2022-08-20T00:00:00+00:00, run_after=2022-08-21T00:00:00+00:00
[2022-08-21 13:34:16,604] {processor.py:161} INFO - Processing /home/airflow/.local/lib/python3.7/site-packages/airflow/example_dags/example_branch_operator.py took 0.075 seconds
[2022-08-21 13:34:46,675] {processor.py:153} INFO - Started process (PID=1983) to work on /home/airflow/.local/lib/python3.7/site-packages/airflow/example_dags/example_branch_operator.py
[2022-08-21 13:34:46,676] {processor.py:641} INFO - Processing file /home/airflow/.local/lib/python3.7/site-packages/airflow/example_dags/example_branch_operator.py for tasks to queue
[2022-08-21 13:34:46,677] {logging_mixin.py:115} INFO - [2022-08-21 13:34:46,676] {dagbag.py:508} INFO - Filling up the DagBag from /home/airflow/.local/lib/python3.7/site-packages/airflow/example_dags/example_branch_operator.py
[2022-08-21 13:34:46,687] {processor.py:651} INFO - DAG(s) dict_keys(['example_branch_operator']) retrieved from /home/airflow/.local/lib/python3.7/site-packages/airflow/example_dags/example_branch_operator.py
[2022-08-21 13:34:46,712] {logging_mixin.py:115} INFO - [2022-08-21 13:34:46,712] {dag.py:2420} INFO - Sync 1 DAGs
[2022-08-21 13:34:46,733] {logging_mixin.py:115} INFO - [2022-08-21 13:34:46,733] {dag.py:2972} INFO - Setting next_dagrun for example_branch_operator to 2022-08-20T00:00:00+00:00, run_after=2022-08-21T00:00:00+00:00
[2022-08-21 13:34:46,750] {processor.py:161} INFO - Processing /home/airflow/.local/lib/python3.7/site-packages/airflow/example_dags/example_branch_operator.py took 0.078 seconds
[2022-08-21 13:35:16,864] {processor.py:153} INFO - Started process (PID=2044) to work on /home/airflow/.local/lib/python3.7/site-packages/airflow/example_dags/example_branch_operator.py
[2022-08-21 13:35:16,865] {processor.py:641} INFO - Processing file /home/airflow/.local/lib/python3.7/site-packages/airflow/example_dags/example_branch_operator.py for tasks to queue
[2022-08-21 13:35:16,865] {logging_mixin.py:115} INFO - [2022-08-21 13:35:16,865] {dagbag.py:508} INFO - Filling up the DagBag from /home/airflow/.local/lib/python3.7/site-packages/airflow/example_dags/example_branch_operator.py
[2022-08-21 13:35:16,874] {processor.py:651} INFO - DAG(s) dict_keys(['example_branch_operator']) retrieved from /home/airflow/.local/lib/python3.7/site-packages/airflow/example_dags/example_branch_operator.py
[2022-08-21 13:35:16,899] {logging_mixin.py:115} INFO - [2022-08-21 13:35:16,899] {dag.py:2420} INFO - Sync 1 DAGs
[2022-08-21 13:35:16,923] {logging_mixin.py:115} INFO - [2022-08-21 13:35:16,923] {dag.py:2972} INFO - Setting next_dagrun for example_branch_operator to 2022-08-20T00:00:00+00:00, run_after=2022-08-21T00:00:00+00:00
[2022-08-21 13:35:16,941] {processor.py:161} INFO - Processing /home/airflow/.local/lib/python3.7/site-packages/airflow/example_dags/example_branch_operator.py took 0.080 seconds
[2022-08-21 13:35:47,764] {processor.py:153} INFO - Started process (PID=2105) to work on /home/airflow/.local/lib/python3.7/site-packages/airflow/example_dags/example_branch_operator.py
[2022-08-21 13:35:47,765] {processor.py:641} INFO - Processing file /home/airflow/.local/lib/python3.7/site-packages/airflow/example_dags/example_branch_operator.py for tasks to queue
[2022-08-21 13:35:47,766] {logging_mixin.py:115} INFO - [2022-08-21 13:35:47,766] {dagbag.py:508} INFO - Filling up the DagBag from /home/airflow/.local/lib/python3.7/site-packages/airflow/example_dags/example_branch_operator.py
[2022-08-21 13:35:47,775] {processor.py:651} INFO - DAG(s) dict_keys(['example_branch_operator']) retrieved from /home/airflow/.local/lib/python3.7/site-packages/airflow/example_dags/example_branch_operator.py
[2022-08-21 13:35:47,800] {logging_mixin.py:115} INFO - [2022-08-21 13:35:47,800] {dag.py:2420} INFO - Sync 1 DAGs
[2022-08-21 13:35:47,820] {logging_mixin.py:115} INFO - [2022-08-21 13:35:47,820] {dag.py:2972} INFO - Setting next_dagrun for example_branch_operator to 2022-08-20T00:00:00+00:00, run_after=2022-08-21T00:00:00+00:00
[2022-08-21 13:35:47,836] {processor.py:161} INFO - Processing /home/airflow/.local/lib/python3.7/site-packages/airflow/example_dags/example_branch_operator.py took 0.075 seconds
[2022-08-21 13:36:18,628] {processor.py:153} INFO - Started process (PID=2157) to work on /home/airflow/.local/lib/python3.7/site-packages/airflow/example_dags/example_branch_operator.py
[2022-08-21 13:36:18,629] {processor.py:641} INFO - Processing file /home/airflow/.local/lib/python3.7/site-packages/airflow/example_dags/example_branch_operator.py for tasks to queue
[2022-08-21 13:36:18,630] {logging_mixin.py:115} INFO - [2022-08-21 13:36:18,630] {dagbag.py:508} INFO - Filling up the DagBag from /home/airflow/.local/lib/python3.7/site-packages/airflow/example_dags/example_branch_operator.py
[2022-08-21 13:36:18,640] {processor.py:651} INFO - DAG(s) dict_keys(['example_branch_operator']) retrieved from /home/airflow/.local/lib/python3.7/site-packages/airflow/example_dags/example_branch_operator.py
[2022-08-21 13:36:18,665] {logging_mixin.py:115} INFO - [2022-08-21 13:36:18,664] {dag.py:2420} INFO - Sync 1 DAGs
[2022-08-21 13:36:18,685] {logging_mixin.py:115} INFO - [2022-08-21 13:36:18,685] {dag.py:2972} INFO - Setting next_dagrun for example_branch_operator to 2022-08-20T00:00:00+00:00, run_after=2022-08-21T00:00:00+00:00
[2022-08-21 13:36:18,707] {processor.py:161} INFO - Processing /home/airflow/.local/lib/python3.7/site-packages/airflow/example_dags/example_branch_operator.py took 0.082 seconds
[2022-08-21 13:36:49,572] {processor.py:153} INFO - Started process (PID=2219) to work on /home/airflow/.local/lib/python3.7/site-packages/airflow/example_dags/example_branch_operator.py
[2022-08-21 13:36:49,573] {processor.py:641} INFO - Processing file /home/airflow/.local/lib/python3.7/site-packages/airflow/example_dags/example_branch_operator.py for tasks to queue
[2022-08-21 13:36:49,574] {logging_mixin.py:115} INFO - [2022-08-21 13:36:49,574] {dagbag.py:508} INFO - Filling up the DagBag from /home/airflow/.local/lib/python3.7/site-packages/airflow/example_dags/example_branch_operator.py
[2022-08-21 13:36:49,584] {processor.py:651} INFO - DAG(s) dict_keys(['example_branch_operator']) retrieved from /home/airflow/.local/lib/python3.7/site-packages/airflow/example_dags/example_branch_operator.py
[2022-08-21 13:36:49,612] {logging_mixin.py:115} INFO - [2022-08-21 13:36:49,612] {dag.py:2420} INFO - Sync 1 DAGs
[2022-08-21 13:36:49,637] {logging_mixin.py:115} INFO - [2022-08-21 13:36:49,637] {dag.py:2972} INFO - Setting next_dagrun for example_branch_operator to 2022-08-20T00:00:00+00:00, run_after=2022-08-21T00:00:00+00:00
[2022-08-21 13:36:49,659] {processor.py:161} INFO - Processing /home/airflow/.local/lib/python3.7/site-packages/airflow/example_dags/example_branch_operator.py took 0.090 seconds
[2022-08-21 13:37:20,355] {processor.py:153} INFO - Started process (PID=2281) to work on /home/airflow/.local/lib/python3.7/site-packages/airflow/example_dags/example_branch_operator.py
[2022-08-21 13:37:20,357] {processor.py:641} INFO - Processing file /home/airflow/.local/lib/python3.7/site-packages/airflow/example_dags/example_branch_operator.py for tasks to queue
[2022-08-21 13:37:20,357] {logging_mixin.py:115} INFO - [2022-08-21 13:37:20,357] {dagbag.py:508} INFO - Filling up the DagBag from /home/airflow/.local/lib/python3.7/site-packages/airflow/example_dags/example_branch_operator.py
[2022-08-21 13:37:20,367] {processor.py:651} INFO - DAG(s) dict_keys(['example_branch_operator']) retrieved from /home/airflow/.local/lib/python3.7/site-packages/airflow/example_dags/example_branch_operator.py
[2022-08-21 13:37:20,393] {logging_mixin.py:115} INFO - [2022-08-21 13:37:20,393] {dag.py:2420} INFO - Sync 1 DAGs
[2022-08-21 13:37:20,414] {logging_mixin.py:115} INFO - [2022-08-21 13:37:20,414] {dag.py:2972} INFO - Setting next_dagrun for example_branch_operator to 2022-08-20T00:00:00+00:00, run_after=2022-08-21T00:00:00+00:00
[2022-08-21 13:37:20,427] {processor.py:161} INFO - Processing /home/airflow/.local/lib/python3.7/site-packages/airflow/example_dags/example_branch_operator.py took 0.074 seconds
[2022-08-21 13:37:51,188] {processor.py:153} INFO - Started process (PID=2342) to work on /home/airflow/.local/lib/python3.7/site-packages/airflow/example_dags/example_branch_operator.py
[2022-08-21 13:37:51,189] {processor.py:641} INFO - Processing file /home/airflow/.local/lib/python3.7/site-packages/airflow/example_dags/example_branch_operator.py for tasks to queue
[2022-08-21 13:37:51,190] {logging_mixin.py:115} INFO - [2022-08-21 13:37:51,190] {dagbag.py:508} INFO - Filling up the DagBag from /home/airflow/.local/lib/python3.7/site-packages/airflow/example_dags/example_branch_operator.py
[2022-08-21 13:37:51,202] {processor.py:651} INFO - DAG(s) dict_keys(['example_branch_operator']) retrieved from /home/airflow/.local/lib/python3.7/site-packages/airflow/example_dags/example_branch_operator.py
[2022-08-21 13:37:51,230] {logging_mixin.py:115} INFO - [2022-08-21 13:37:51,230] {dag.py:2420} INFO - Sync 1 DAGs
[2022-08-21 13:37:51,255] {logging_mixin.py:115} INFO - [2022-08-21 13:37:51,255] {dag.py:2972} INFO - Setting next_dagrun for example_branch_operator to 2022-08-20T00:00:00+00:00, run_after=2022-08-21T00:00:00+00:00
[2022-08-21 13:37:51,271] {processor.py:161} INFO - Processing /home/airflow/.local/lib/python3.7/site-packages/airflow/example_dags/example_branch_operator.py took 0.085 seconds
[2022-08-21 13:38:22,258] {processor.py:153} INFO - Started process (PID=2394) to work on /home/airflow/.local/lib/python3.7/site-packages/airflow/example_dags/example_branch_operator.py
[2022-08-21 13:38:22,259] {processor.py:641} INFO - Processing file /home/airflow/.local/lib/python3.7/site-packages/airflow/example_dags/example_branch_operator.py for tasks to queue
[2022-08-21 13:38:22,260] {logging_mixin.py:115} INFO - [2022-08-21 13:38:22,260] {dagbag.py:508} INFO - Filling up the DagBag from /home/airflow/.local/lib/python3.7/site-packages/airflow/example_dags/example_branch_operator.py
[2022-08-21 13:38:22,271] {processor.py:651} INFO - DAG(s) dict_keys(['example_branch_operator']) retrieved from /home/airflow/.local/lib/python3.7/site-packages/airflow/example_dags/example_branch_operator.py
[2022-08-21 13:38:22,293] {logging_mixin.py:115} INFO - [2022-08-21 13:38:22,293] {dag.py:2420} INFO - Sync 1 DAGs
[2022-08-21 13:38:22,315] {logging_mixin.py:115} INFO - [2022-08-21 13:38:22,315] {dag.py:2972} INFO - Setting next_dagrun for example_branch_operator to 2022-08-20T00:00:00+00:00, run_after=2022-08-21T00:00:00+00:00
[2022-08-21 13:38:22,334] {processor.py:161} INFO - Processing /home/airflow/.local/lib/python3.7/site-packages/airflow/example_dags/example_branch_operator.py took 0.079 seconds
[2022-08-21 13:38:53,099] {processor.py:153} INFO - Started process (PID=2455) to work on /home/airflow/.local/lib/python3.7/site-packages/airflow/example_dags/example_branch_operator.py
[2022-08-21 13:38:53,100] {processor.py:641} INFO - Processing file /home/airflow/.local/lib/python3.7/site-packages/airflow/example_dags/example_branch_operator.py for tasks to queue
[2022-08-21 13:38:53,103] {logging_mixin.py:115} INFO - [2022-08-21 13:38:53,103] {dagbag.py:508} INFO - Filling up the DagBag from /home/airflow/.local/lib/python3.7/site-packages/airflow/example_dags/example_branch_operator.py
[2022-08-21 13:38:53,119] {processor.py:651} INFO - DAG(s) dict_keys(['example_branch_operator']) retrieved from /home/airflow/.local/lib/python3.7/site-packages/airflow/example_dags/example_branch_operator.py
[2022-08-21 13:38:53,156] {logging_mixin.py:115} INFO - [2022-08-21 13:38:53,155] {dag.py:2420} INFO - Sync 1 DAGs
[2022-08-21 13:38:53,207] {logging_mixin.py:115} INFO - [2022-08-21 13:38:53,207] {dag.py:2972} INFO - Setting next_dagrun for example_branch_operator to 2022-08-20T00:00:00+00:00, run_after=2022-08-21T00:00:00+00:00
[2022-08-21 13:38:53,228] {processor.py:161} INFO - Processing /home/airflow/.local/lib/python3.7/site-packages/airflow/example_dags/example_branch_operator.py took 0.137 seconds
[2022-08-21 13:39:23,305] {processor.py:153} INFO - Started process (PID=2516) to work on /home/airflow/.local/lib/python3.7/site-packages/airflow/example_dags/example_branch_operator.py
[2022-08-21 13:39:23,306] {processor.py:641} INFO - Processing file /home/airflow/.local/lib/python3.7/site-packages/airflow/example_dags/example_branch_operator.py for tasks to queue
[2022-08-21 13:39:23,307] {logging_mixin.py:115} INFO - [2022-08-21 13:39:23,307] {dagbag.py:508} INFO - Filling up the DagBag from /home/airflow/.local/lib/python3.7/site-packages/airflow/example_dags/example_branch_operator.py
[2022-08-21 13:39:23,321] {processor.py:651} INFO - DAG(s) dict_keys(['example_branch_operator']) retrieved from /home/airflow/.local/lib/python3.7/site-packages/airflow/example_dags/example_branch_operator.py
[2022-08-21 13:39:23,350] {logging_mixin.py:115} INFO - [2022-08-21 13:39:23,350] {dag.py:2420} INFO - Sync 1 DAGs
[2022-08-21 13:39:23,378] {logging_mixin.py:115} INFO - [2022-08-21 13:39:23,378] {dag.py:2972} INFO - Setting next_dagrun for example_branch_operator to 2022-08-20T00:00:00+00:00, run_after=2022-08-21T00:00:00+00:00
[2022-08-21 13:39:23,398] {processor.py:161} INFO - Processing /home/airflow/.local/lib/python3.7/site-packages/airflow/example_dags/example_branch_operator.py took 0.096 seconds
[2022-08-21 13:39:54,317] {processor.py:153} INFO - Started process (PID=2570) to work on /home/airflow/.local/lib/python3.7/site-packages/airflow/example_dags/example_branch_operator.py
[2022-08-21 13:39:54,318] {processor.py:641} INFO - Processing file /home/airflow/.local/lib/python3.7/site-packages/airflow/example_dags/example_branch_operator.py for tasks to queue
[2022-08-21 13:39:54,318] {logging_mixin.py:115} INFO - [2022-08-21 13:39:54,318] {dagbag.py:508} INFO - Filling up the DagBag from /home/airflow/.local/lib/python3.7/site-packages/airflow/example_dags/example_branch_operator.py
[2022-08-21 13:39:54,329] {processor.py:651} INFO - DAG(s) dict_keys(['example_branch_operator']) retrieved from /home/airflow/.local/lib/python3.7/site-packages/airflow/example_dags/example_branch_operator.py
[2022-08-21 13:39:54,357] {logging_mixin.py:115} INFO - [2022-08-21 13:39:54,357] {dag.py:2420} INFO - Sync 1 DAGs
[2022-08-21 13:39:54,383] {logging_mixin.py:115} INFO - [2022-08-21 13:39:54,383] {dag.py:2972} INFO - Setting next_dagrun for example_branch_operator to 2022-08-20T00:00:00+00:00, run_after=2022-08-21T00:00:00+00:00
[2022-08-21 13:39:54,402] {processor.py:161} INFO - Processing /home/airflow/.local/lib/python3.7/site-packages/airflow/example_dags/example_branch_operator.py took 0.088 seconds
[2022-08-21 13:40:25,400] {processor.py:153} INFO - Started process (PID=2646) to work on /home/airflow/.local/lib/python3.7/site-packages/airflow/example_dags/example_branch_operator.py
[2022-08-21 13:40:25,401] {processor.py:641} INFO - Processing file /home/airflow/.local/lib/python3.7/site-packages/airflow/example_dags/example_branch_operator.py for tasks to queue
[2022-08-21 13:40:25,401] {logging_mixin.py:115} INFO - [2022-08-21 13:40:25,401] {dagbag.py:508} INFO - Filling up the DagBag from /home/airflow/.local/lib/python3.7/site-packages/airflow/example_dags/example_branch_operator.py
[2022-08-21 13:40:25,412] {processor.py:651} INFO - DAG(s) dict_keys(['example_branch_operator']) retrieved from /home/airflow/.local/lib/python3.7/site-packages/airflow/example_dags/example_branch_operator.py
[2022-08-21 13:40:25,436] {logging_mixin.py:115} INFO - [2022-08-21 13:40:25,436] {dag.py:2420} INFO - Sync 1 DAGs
[2022-08-21 13:40:25,459] {logging_mixin.py:115} INFO - [2022-08-21 13:40:25,458] {dag.py:2972} INFO - Setting next_dagrun for example_branch_operator to 2022-08-20T00:00:00+00:00, run_after=2022-08-21T00:00:00+00:00
[2022-08-21 13:40:25,472] {processor.py:161} INFO - Processing /home/airflow/.local/lib/python3.7/site-packages/airflow/example_dags/example_branch_operator.py took 0.075 seconds
[2022-08-21 13:40:55,688] {processor.py:153} INFO - Started process (PID=2708) to work on /home/airflow/.local/lib/python3.7/site-packages/airflow/example_dags/example_branch_operator.py
[2022-08-21 13:40:55,689] {processor.py:641} INFO - Processing file /home/airflow/.local/lib/python3.7/site-packages/airflow/example_dags/example_branch_operator.py for tasks to queue
[2022-08-21 13:40:55,689] {logging_mixin.py:115} INFO - [2022-08-21 13:40:55,689] {dagbag.py:508} INFO - Filling up the DagBag from /home/airflow/.local/lib/python3.7/site-packages/airflow/example_dags/example_branch_operator.py
[2022-08-21 13:40:55,703] {processor.py:651} INFO - DAG(s) dict_keys(['example_branch_operator']) retrieved from /home/airflow/.local/lib/python3.7/site-packages/airflow/example_dags/example_branch_operator.py
[2022-08-21 13:40:55,726] {logging_mixin.py:115} INFO - [2022-08-21 13:40:55,726] {dag.py:2420} INFO - Sync 1 DAGs
[2022-08-21 13:40:55,748] {logging_mixin.py:115} INFO - [2022-08-21 13:40:55,748] {dag.py:2972} INFO - Setting next_dagrun for example_branch_operator to 2022-08-20T00:00:00+00:00, run_after=2022-08-21T00:00:00+00:00
[2022-08-21 13:40:55,767] {processor.py:161} INFO - Processing /home/airflow/.local/lib/python3.7/site-packages/airflow/example_dags/example_branch_operator.py took 0.084 seconds
[2022-08-21 13:41:25,814] {processor.py:153} INFO - Started process (PID=2764) to work on /home/airflow/.local/lib/python3.7/site-packages/airflow/example_dags/example_branch_operator.py
[2022-08-21 13:41:25,814] {processor.py:641} INFO - Processing file /home/airflow/.local/lib/python3.7/site-packages/airflow/example_dags/example_branch_operator.py for tasks to queue
[2022-08-21 13:41:25,815] {logging_mixin.py:115} INFO - [2022-08-21 13:41:25,815] {dagbag.py:508} INFO - Filling up the DagBag from /home/airflow/.local/lib/python3.7/site-packages/airflow/example_dags/example_branch_operator.py
[2022-08-21 13:41:25,827] {processor.py:651} INFO - DAG(s) dict_keys(['example_branch_operator']) retrieved from /home/airflow/.local/lib/python3.7/site-packages/airflow/example_dags/example_branch_operator.py
[2022-08-21 13:41:25,853] {logging_mixin.py:115} INFO - [2022-08-21 13:41:25,853] {dag.py:2420} INFO - Sync 1 DAGs
[2022-08-21 13:41:25,874] {logging_mixin.py:115} INFO - [2022-08-21 13:41:25,874] {dag.py:2972} INFO - Setting next_dagrun for example_branch_operator to 2022-08-20T00:00:00+00:00, run_after=2022-08-21T00:00:00+00:00
[2022-08-21 13:41:25,891] {processor.py:161} INFO - Processing /home/airflow/.local/lib/python3.7/site-packages/airflow/example_dags/example_branch_operator.py took 0.081 seconds
[2022-08-21 13:41:56,011] {processor.py:153} INFO - Started process (PID=2825) to work on /home/airflow/.local/lib/python3.7/site-packages/airflow/example_dags/example_branch_operator.py
[2022-08-21 13:41:56,012] {processor.py:641} INFO - Processing file /home/airflow/.local/lib/python3.7/site-packages/airflow/example_dags/example_branch_operator.py for tasks to queue
[2022-08-21 13:41:56,014] {logging_mixin.py:115} INFO - [2022-08-21 13:41:56,013] {dagbag.py:508} INFO - Filling up the DagBag from /home/airflow/.local/lib/python3.7/site-packages/airflow/example_dags/example_branch_operator.py
[2022-08-21 13:41:56,024] {processor.py:651} INFO - DAG(s) dict_keys(['example_branch_operator']) retrieved from /home/airflow/.local/lib/python3.7/site-packages/airflow/example_dags/example_branch_operator.py
[2022-08-21 13:41:56,052] {logging_mixin.py:115} INFO - [2022-08-21 13:41:56,052] {dag.py:2420} INFO - Sync 1 DAGs
[2022-08-21 13:41:56,079] {logging_mixin.py:115} INFO - [2022-08-21 13:41:56,079] {dag.py:2972} INFO - Setting next_dagrun for example_branch_operator to 2022-08-20T00:00:00+00:00, run_after=2022-08-21T00:00:00+00:00
[2022-08-21 13:41:56,102] {processor.py:161} INFO - Processing /home/airflow/.local/lib/python3.7/site-packages/airflow/example_dags/example_branch_operator.py took 0.094 seconds
[2022-08-21 13:42:26,955] {processor.py:153} INFO - Started process (PID=2878) to work on /home/airflow/.local/lib/python3.7/site-packages/airflow/example_dags/example_branch_operator.py
[2022-08-21 13:42:26,956] {processor.py:641} INFO - Processing file /home/airflow/.local/lib/python3.7/site-packages/airflow/example_dags/example_branch_operator.py for tasks to queue
[2022-08-21 13:42:26,956] {logging_mixin.py:115} INFO - [2022-08-21 13:42:26,956] {dagbag.py:508} INFO - Filling up the DagBag from /home/airflow/.local/lib/python3.7/site-packages/airflow/example_dags/example_branch_operator.py
[2022-08-21 13:42:26,966] {processor.py:651} INFO - DAG(s) dict_keys(['example_branch_operator']) retrieved from /home/airflow/.local/lib/python3.7/site-packages/airflow/example_dags/example_branch_operator.py
[2022-08-21 13:42:26,992] {logging_mixin.py:115} INFO - [2022-08-21 13:42:26,992] {dag.py:2420} INFO - Sync 1 DAGs
[2022-08-21 13:42:27,013] {logging_mixin.py:115} INFO - [2022-08-21 13:42:27,013] {dag.py:2972} INFO - Setting next_dagrun for example_branch_operator to 2022-08-20T00:00:00+00:00, run_after=2022-08-21T00:00:00+00:00
[2022-08-21 13:42:27,033] {processor.py:161} INFO - Processing /home/airflow/.local/lib/python3.7/site-packages/airflow/example_dags/example_branch_operator.py took 0.081 seconds
[2022-08-21 13:42:57,924] {processor.py:153} INFO - Started process (PID=2939) to work on /home/airflow/.local/lib/python3.7/site-packages/airflow/example_dags/example_branch_operator.py
[2022-08-21 13:42:57,925] {processor.py:641} INFO - Processing file /home/airflow/.local/lib/python3.7/site-packages/airflow/example_dags/example_branch_operator.py for tasks to queue
[2022-08-21 13:42:57,926] {logging_mixin.py:115} INFO - [2022-08-21 13:42:57,926] {dagbag.py:508} INFO - Filling up the DagBag from /home/airflow/.local/lib/python3.7/site-packages/airflow/example_dags/example_branch_operator.py
[2022-08-21 13:42:57,936] {processor.py:651} INFO - DAG(s) dict_keys(['example_branch_operator']) retrieved from /home/airflow/.local/lib/python3.7/site-packages/airflow/example_dags/example_branch_operator.py
[2022-08-21 13:42:57,961] {logging_mixin.py:115} INFO - [2022-08-21 13:42:57,961] {dag.py:2420} INFO - Sync 1 DAGs
[2022-08-21 13:42:57,984] {logging_mixin.py:115} INFO - [2022-08-21 13:42:57,984] {dag.py:2972} INFO - Setting next_dagrun for example_branch_operator to 2022-08-20T00:00:00+00:00, run_after=2022-08-21T00:00:00+00:00
[2022-08-21 13:42:58,004] {processor.py:161} INFO - Processing /home/airflow/.local/lib/python3.7/site-packages/airflow/example_dags/example_branch_operator.py took 0.082 seconds
[2022-08-21 13:43:28,303] {processor.py:153} INFO - Started process (PID=3000) to work on /home/airflow/.local/lib/python3.7/site-packages/airflow/example_dags/example_branch_operator.py
[2022-08-21 13:43:28,304] {processor.py:641} INFO - Processing file /home/airflow/.local/lib/python3.7/site-packages/airflow/example_dags/example_branch_operator.py for tasks to queue
[2022-08-21 13:43:28,305] {logging_mixin.py:115} INFO - [2022-08-21 13:43:28,305] {dagbag.py:508} INFO - Filling up the DagBag from /home/airflow/.local/lib/python3.7/site-packages/airflow/example_dags/example_branch_operator.py
[2022-08-21 13:43:28,317] {processor.py:651} INFO - DAG(s) dict_keys(['example_branch_operator']) retrieved from /home/airflow/.local/lib/python3.7/site-packages/airflow/example_dags/example_branch_operator.py
[2022-08-21 13:43:28,353] {logging_mixin.py:115} INFO - [2022-08-21 13:43:28,353] {dag.py:2420} INFO - Sync 1 DAGs
[2022-08-21 13:43:28,380] {logging_mixin.py:115} INFO - [2022-08-21 13:43:28,379] {dag.py:2972} INFO - Setting next_dagrun for example_branch_operator to 2022-08-20T00:00:00+00:00, run_after=2022-08-21T00:00:00+00:00
[2022-08-21 13:43:28,394] {processor.py:161} INFO - Processing /home/airflow/.local/lib/python3.7/site-packages/airflow/example_dags/example_branch_operator.py took 0.095 seconds
[2022-08-21 13:43:58,503] {processor.py:153} INFO - Started process (PID=3052) to work on /home/airflow/.local/lib/python3.7/site-packages/airflow/example_dags/example_branch_operator.py
[2022-08-21 13:43:58,503] {processor.py:641} INFO - Processing file /home/airflow/.local/lib/python3.7/site-packages/airflow/example_dags/example_branch_operator.py for tasks to queue
[2022-08-21 13:43:58,504] {logging_mixin.py:115} INFO - [2022-08-21 13:43:58,504] {dagbag.py:508} INFO - Filling up the DagBag from /home/airflow/.local/lib/python3.7/site-packages/airflow/example_dags/example_branch_operator.py
[2022-08-21 13:43:58,515] {processor.py:651} INFO - DAG(s) dict_keys(['example_branch_operator']) retrieved from /home/airflow/.local/lib/python3.7/site-packages/airflow/example_dags/example_branch_operator.py
[2022-08-21 13:43:58,540] {logging_mixin.py:115} INFO - [2022-08-21 13:43:58,540] {dag.py:2420} INFO - Sync 1 DAGs
[2022-08-21 13:43:58,569] {logging_mixin.py:115} INFO - [2022-08-21 13:43:58,569] {dag.py:2972} INFO - Setting next_dagrun for example_branch_operator to 2022-08-20T00:00:00+00:00, run_after=2022-08-21T00:00:00+00:00
[2022-08-21 13:43:58,588] {processor.py:161} INFO - Processing /home/airflow/.local/lib/python3.7/site-packages/airflow/example_dags/example_branch_operator.py took 0.088 seconds
[2022-08-21 13:44:29,472] {processor.py:153} INFO - Started process (PID=3113) to work on /home/airflow/.local/lib/python3.7/site-packages/airflow/example_dags/example_branch_operator.py
[2022-08-21 13:44:29,473] {processor.py:641} INFO - Processing file /home/airflow/.local/lib/python3.7/site-packages/airflow/example_dags/example_branch_operator.py for tasks to queue
[2022-08-21 13:44:29,474] {logging_mixin.py:115} INFO - [2022-08-21 13:44:29,474] {dagbag.py:508} INFO - Filling up the DagBag from /home/airflow/.local/lib/python3.7/site-packages/airflow/example_dags/example_branch_operator.py
[2022-08-21 13:44:29,484] {processor.py:651} INFO - DAG(s) dict_keys(['example_branch_operator']) retrieved from /home/airflow/.local/lib/python3.7/site-packages/airflow/example_dags/example_branch_operator.py
[2022-08-21 13:44:29,515] {logging_mixin.py:115} INFO - [2022-08-21 13:44:29,515] {dag.py:2420} INFO - Sync 1 DAGs
[2022-08-21 13:44:29,539] {logging_mixin.py:115} INFO - [2022-08-21 13:44:29,539] {dag.py:2972} INFO - Setting next_dagrun for example_branch_operator to 2022-08-20T00:00:00+00:00, run_after=2022-08-21T00:00:00+00:00
[2022-08-21 13:44:29,556] {processor.py:161} INFO - Processing /home/airflow/.local/lib/python3.7/site-packages/airflow/example_dags/example_branch_operator.py took 0.087 seconds
[2022-08-21 13:45:00,302] {processor.py:153} INFO - Started process (PID=3174) to work on /home/airflow/.local/lib/python3.7/site-packages/airflow/example_dags/example_branch_operator.py
[2022-08-21 13:45:00,303] {processor.py:641} INFO - Processing file /home/airflow/.local/lib/python3.7/site-packages/airflow/example_dags/example_branch_operator.py for tasks to queue
[2022-08-21 13:45:00,304] {logging_mixin.py:115} INFO - [2022-08-21 13:45:00,304] {dagbag.py:508} INFO - Filling up the DagBag from /home/airflow/.local/lib/python3.7/site-packages/airflow/example_dags/example_branch_operator.py
[2022-08-21 13:45:00,314] {processor.py:651} INFO - DAG(s) dict_keys(['example_branch_operator']) retrieved from /home/airflow/.local/lib/python3.7/site-packages/airflow/example_dags/example_branch_operator.py
[2022-08-21 13:45:00,338] {logging_mixin.py:115} INFO - [2022-08-21 13:45:00,338] {dag.py:2420} INFO - Sync 1 DAGs
[2022-08-21 13:45:00,358] {logging_mixin.py:115} INFO - [2022-08-21 13:45:00,357] {dag.py:2972} INFO - Setting next_dagrun for example_branch_operator to 2022-08-20T00:00:00+00:00, run_after=2022-08-21T00:00:00+00:00
[2022-08-21 13:45:00,377] {processor.py:161} INFO - Processing /home/airflow/.local/lib/python3.7/site-packages/airflow/example_dags/example_branch_operator.py took 0.079 seconds
[2022-08-21 13:45:31,428] {processor.py:153} INFO - Started process (PID=3226) to work on /home/airflow/.local/lib/python3.7/site-packages/airflow/example_dags/example_branch_operator.py
[2022-08-21 13:45:31,429] {processor.py:641} INFO - Processing file /home/airflow/.local/lib/python3.7/site-packages/airflow/example_dags/example_branch_operator.py for tasks to queue
[2022-08-21 13:45:31,430] {logging_mixin.py:115} INFO - [2022-08-21 13:45:31,430] {dagbag.py:508} INFO - Filling up the DagBag from /home/airflow/.local/lib/python3.7/site-packages/airflow/example_dags/example_branch_operator.py
[2022-08-21 13:45:31,442] {processor.py:651} INFO - DAG(s) dict_keys(['example_branch_operator']) retrieved from /home/airflow/.local/lib/python3.7/site-packages/airflow/example_dags/example_branch_operator.py
[2022-08-21 13:45:31,469] {logging_mixin.py:115} INFO - [2022-08-21 13:45:31,469] {dag.py:2420} INFO - Sync 1 DAGs
[2022-08-21 13:45:31,493] {logging_mixin.py:115} INFO - [2022-08-21 13:45:31,493] {dag.py:2972} INFO - Setting next_dagrun for example_branch_operator to 2022-08-20T00:00:00+00:00, run_after=2022-08-21T00:00:00+00:00
[2022-08-21 13:45:31,509] {processor.py:161} INFO - Processing /home/airflow/.local/lib/python3.7/site-packages/airflow/example_dags/example_branch_operator.py took 0.083 seconds
[2022-08-21 13:46:01,583] {processor.py:153} INFO - Started process (PID=3287) to work on /home/airflow/.local/lib/python3.7/site-packages/airflow/example_dags/example_branch_operator.py
[2022-08-21 13:46:01,584] {processor.py:641} INFO - Processing file /home/airflow/.local/lib/python3.7/site-packages/airflow/example_dags/example_branch_operator.py for tasks to queue
[2022-08-21 13:46:01,585] {logging_mixin.py:115} INFO - [2022-08-21 13:46:01,585] {dagbag.py:508} INFO - Filling up the DagBag from /home/airflow/.local/lib/python3.7/site-packages/airflow/example_dags/example_branch_operator.py
[2022-08-21 13:46:01,597] {processor.py:651} INFO - DAG(s) dict_keys(['example_branch_operator']) retrieved from /home/airflow/.local/lib/python3.7/site-packages/airflow/example_dags/example_branch_operator.py
[2022-08-21 13:46:01,624] {logging_mixin.py:115} INFO - [2022-08-21 13:46:01,624] {dag.py:2420} INFO - Sync 1 DAGs
[2022-08-21 13:46:01,648] {logging_mixin.py:115} INFO - [2022-08-21 13:46:01,647] {dag.py:2972} INFO - Setting next_dagrun for example_branch_operator to 2022-08-20T00:00:00+00:00, run_after=2022-08-21T00:00:00+00:00
[2022-08-21 13:46:01,664] {processor.py:161} INFO - Processing /home/airflow/.local/lib/python3.7/site-packages/airflow/example_dags/example_branch_operator.py took 0.085 seconds
[2022-08-21 13:46:32,706] {processor.py:153} INFO - Started process (PID=3348) to work on /home/airflow/.local/lib/python3.7/site-packages/airflow/example_dags/example_branch_operator.py
[2022-08-21 13:46:32,707] {processor.py:641} INFO - Processing file /home/airflow/.local/lib/python3.7/site-packages/airflow/example_dags/example_branch_operator.py for tasks to queue
[2022-08-21 13:46:32,708] {logging_mixin.py:115} INFO - [2022-08-21 13:46:32,708] {dagbag.py:508} INFO - Filling up the DagBag from /home/airflow/.local/lib/python3.7/site-packages/airflow/example_dags/example_branch_operator.py
[2022-08-21 13:46:32,720] {processor.py:651} INFO - DAG(s) dict_keys(['example_branch_operator']) retrieved from /home/airflow/.local/lib/python3.7/site-packages/airflow/example_dags/example_branch_operator.py
[2022-08-21 13:46:32,755] {logging_mixin.py:115} INFO - [2022-08-21 13:46:32,754] {dag.py:2420} INFO - Sync 1 DAGs
[2022-08-21 13:46:32,787] {logging_mixin.py:115} INFO - [2022-08-21 13:46:32,787] {dag.py:2972} INFO - Setting next_dagrun for example_branch_operator to 2022-08-20T00:00:00+00:00, run_after=2022-08-21T00:00:00+00:00
[2022-08-21 13:46:32,816] {processor.py:161} INFO - Processing /home/airflow/.local/lib/python3.7/site-packages/airflow/example_dags/example_branch_operator.py took 0.113 seconds
[2022-08-21 13:47:03,614] {processor.py:153} INFO - Started process (PID=3402) to work on /home/airflow/.local/lib/python3.7/site-packages/airflow/example_dags/example_branch_operator.py
[2022-08-21 13:47:03,615] {processor.py:641} INFO - Processing file /home/airflow/.local/lib/python3.7/site-packages/airflow/example_dags/example_branch_operator.py for tasks to queue
[2022-08-21 13:47:03,616] {logging_mixin.py:115} INFO - [2022-08-21 13:47:03,616] {dagbag.py:508} INFO - Filling up the DagBag from /home/airflow/.local/lib/python3.7/site-packages/airflow/example_dags/example_branch_operator.py
[2022-08-21 13:47:03,628] {processor.py:651} INFO - DAG(s) dict_keys(['example_branch_operator']) retrieved from /home/airflow/.local/lib/python3.7/site-packages/airflow/example_dags/example_branch_operator.py
[2022-08-21 13:47:03,654] {logging_mixin.py:115} INFO - [2022-08-21 13:47:03,654] {dag.py:2420} INFO - Sync 1 DAGs
[2022-08-21 13:47:03,675] {logging_mixin.py:115} INFO - [2022-08-21 13:47:03,675] {dag.py:2972} INFO - Setting next_dagrun for example_branch_operator to 2022-08-20T00:00:00+00:00, run_after=2022-08-21T00:00:00+00:00
[2022-08-21 13:47:03,689] {processor.py:161} INFO - Processing /home/airflow/.local/lib/python3.7/site-packages/airflow/example_dags/example_branch_operator.py took 0.077 seconds
[2022-08-21 13:47:34,352] {processor.py:153} INFO - Started process (PID=3464) to work on /home/airflow/.local/lib/python3.7/site-packages/airflow/example_dags/example_branch_operator.py
[2022-08-21 13:47:34,353] {processor.py:641} INFO - Processing file /home/airflow/.local/lib/python3.7/site-packages/airflow/example_dags/example_branch_operator.py for tasks to queue
[2022-08-21 13:47:34,354] {logging_mixin.py:115} INFO - [2022-08-21 13:47:34,354] {dagbag.py:508} INFO - Filling up the DagBag from /home/airflow/.local/lib/python3.7/site-packages/airflow/example_dags/example_branch_operator.py
[2022-08-21 13:47:34,363] {processor.py:651} INFO - DAG(s) dict_keys(['example_branch_operator']) retrieved from /home/airflow/.local/lib/python3.7/site-packages/airflow/example_dags/example_branch_operator.py
[2022-08-21 13:47:34,388] {logging_mixin.py:115} INFO - [2022-08-21 13:47:34,387] {dag.py:2420} INFO - Sync 1 DAGs
[2022-08-21 13:47:34,408] {logging_mixin.py:115} INFO - [2022-08-21 13:47:34,408] {dag.py:2972} INFO - Setting next_dagrun for example_branch_operator to 2022-08-20T00:00:00+00:00, run_after=2022-08-21T00:00:00+00:00
[2022-08-21 13:47:34,427] {processor.py:161} INFO - Processing /home/airflow/.local/lib/python3.7/site-packages/airflow/example_dags/example_branch_operator.py took 0.077 seconds
[2022-08-21 13:48:05,138] {processor.py:153} INFO - Started process (PID=3525) to work on /home/airflow/.local/lib/python3.7/site-packages/airflow/example_dags/example_branch_operator.py
[2022-08-21 13:48:05,139] {processor.py:641} INFO - Processing file /home/airflow/.local/lib/python3.7/site-packages/airflow/example_dags/example_branch_operator.py for tasks to queue
[2022-08-21 13:48:05,140] {logging_mixin.py:115} INFO - [2022-08-21 13:48:05,140] {dagbag.py:508} INFO - Filling up the DagBag from /home/airflow/.local/lib/python3.7/site-packages/airflow/example_dags/example_branch_operator.py
[2022-08-21 13:48:05,151] {processor.py:651} INFO - DAG(s) dict_keys(['example_branch_operator']) retrieved from /home/airflow/.local/lib/python3.7/site-packages/airflow/example_dags/example_branch_operator.py
[2022-08-21 13:48:05,183] {logging_mixin.py:115} INFO - [2022-08-21 13:48:05,183] {dag.py:2420} INFO - Sync 1 DAGs
[2022-08-21 13:48:05,210] {logging_mixin.py:115} INFO - [2022-08-21 13:48:05,210] {dag.py:2972} INFO - Setting next_dagrun for example_branch_operator to 2022-08-20T00:00:00+00:00, run_after=2022-08-21T00:00:00+00:00
[2022-08-21 13:48:05,227] {processor.py:161} INFO - Processing /home/airflow/.local/lib/python3.7/site-packages/airflow/example_dags/example_branch_operator.py took 0.092 seconds
[2022-08-21 13:48:35,586] {processor.py:153} INFO - Started process (PID=3578) to work on /home/airflow/.local/lib/python3.7/site-packages/airflow/example_dags/example_branch_operator.py
[2022-08-21 13:48:35,586] {processor.py:641} INFO - Processing file /home/airflow/.local/lib/python3.7/site-packages/airflow/example_dags/example_branch_operator.py for tasks to queue
[2022-08-21 13:48:35,587] {logging_mixin.py:115} INFO - [2022-08-21 13:48:35,587] {dagbag.py:508} INFO - Filling up the DagBag from /home/airflow/.local/lib/python3.7/site-packages/airflow/example_dags/example_branch_operator.py
[2022-08-21 13:48:35,597] {processor.py:651} INFO - DAG(s) dict_keys(['example_branch_operator']) retrieved from /home/airflow/.local/lib/python3.7/site-packages/airflow/example_dags/example_branch_operator.py
[2022-08-21 13:48:35,620] {logging_mixin.py:115} INFO - [2022-08-21 13:48:35,620] {dag.py:2420} INFO - Sync 1 DAGs
[2022-08-21 13:48:35,644] {logging_mixin.py:115} INFO - [2022-08-21 13:48:35,644] {dag.py:2972} INFO - Setting next_dagrun for example_branch_operator to 2022-08-20T00:00:00+00:00, run_after=2022-08-21T00:00:00+00:00
[2022-08-21 13:48:35,660] {processor.py:161} INFO - Processing /home/airflow/.local/lib/python3.7/site-packages/airflow/example_dags/example_branch_operator.py took 0.077 seconds
[2022-08-21 13:49:05,802] {processor.py:153} INFO - Started process (PID=3640) to work on /home/airflow/.local/lib/python3.7/site-packages/airflow/example_dags/example_branch_operator.py
[2022-08-21 13:49:05,803] {processor.py:641} INFO - Processing file /home/airflow/.local/lib/python3.7/site-packages/airflow/example_dags/example_branch_operator.py for tasks to queue
[2022-08-21 13:49:05,804] {logging_mixin.py:115} INFO - [2022-08-21 13:49:05,804] {dagbag.py:508} INFO - Filling up the DagBag from /home/airflow/.local/lib/python3.7/site-packages/airflow/example_dags/example_branch_operator.py
[2022-08-21 13:49:05,815] {processor.py:651} INFO - DAG(s) dict_keys(['example_branch_operator']) retrieved from /home/airflow/.local/lib/python3.7/site-packages/airflow/example_dags/example_branch_operator.py
[2022-08-21 13:49:05,845] {logging_mixin.py:115} INFO - [2022-08-21 13:49:05,845] {dag.py:2420} INFO - Sync 1 DAGs
[2022-08-21 13:49:05,880] {logging_mixin.py:115} INFO - [2022-08-21 13:49:05,880] {dag.py:2972} INFO - Setting next_dagrun for example_branch_operator to 2022-08-20T00:00:00+00:00, run_after=2022-08-21T00:00:00+00:00
[2022-08-21 13:49:05,893] {processor.py:161} INFO - Processing /home/airflow/.local/lib/python3.7/site-packages/airflow/example_dags/example_branch_operator.py took 0.094 seconds
[2022-08-21 13:49:36,914] {processor.py:153} INFO - Started process (PID=3692) to work on /home/airflow/.local/lib/python3.7/site-packages/airflow/example_dags/example_branch_operator.py
[2022-08-21 13:49:36,915] {processor.py:641} INFO - Processing file /home/airflow/.local/lib/python3.7/site-packages/airflow/example_dags/example_branch_operator.py for tasks to queue
[2022-08-21 13:49:36,916] {logging_mixin.py:115} INFO - [2022-08-21 13:49:36,915] {dagbag.py:508} INFO - Filling up the DagBag from /home/airflow/.local/lib/python3.7/site-packages/airflow/example_dags/example_branch_operator.py
[2022-08-21 13:49:36,925] {processor.py:651} INFO - DAG(s) dict_keys(['example_branch_operator']) retrieved from /home/airflow/.local/lib/python3.7/site-packages/airflow/example_dags/example_branch_operator.py
[2022-08-21 13:49:36,951] {logging_mixin.py:115} INFO - [2022-08-21 13:49:36,951] {dag.py:2420} INFO - Sync 1 DAGs
[2022-08-21 13:49:36,975] {logging_mixin.py:115} INFO - [2022-08-21 13:49:36,975] {dag.py:2972} INFO - Setting next_dagrun for example_branch_operator to 2022-08-20T00:00:00+00:00, run_after=2022-08-21T00:00:00+00:00
[2022-08-21 13:49:36,994] {processor.py:161} INFO - Processing /home/airflow/.local/lib/python3.7/site-packages/airflow/example_dags/example_branch_operator.py took 0.082 seconds
[2022-08-21 13:50:07,948] {processor.py:153} INFO - Started process (PID=3753) to work on /home/airflow/.local/lib/python3.7/site-packages/airflow/example_dags/example_branch_operator.py
[2022-08-21 13:50:07,949] {processor.py:641} INFO - Processing file /home/airflow/.local/lib/python3.7/site-packages/airflow/example_dags/example_branch_operator.py for tasks to queue
[2022-08-21 13:50:07,950] {logging_mixin.py:115} INFO - [2022-08-21 13:50:07,950] {dagbag.py:508} INFO - Filling up the DagBag from /home/airflow/.local/lib/python3.7/site-packages/airflow/example_dags/example_branch_operator.py
[2022-08-21 13:50:07,964] {processor.py:651} INFO - DAG(s) dict_keys(['example_branch_operator']) retrieved from /home/airflow/.local/lib/python3.7/site-packages/airflow/example_dags/example_branch_operator.py
[2022-08-21 13:50:07,990] {logging_mixin.py:115} INFO - [2022-08-21 13:50:07,989] {dag.py:2420} INFO - Sync 1 DAGs
[2022-08-21 13:50:08,018] {logging_mixin.py:115} INFO - [2022-08-21 13:50:08,018] {dag.py:2972} INFO - Setting next_dagrun for example_branch_operator to 2022-08-20T00:00:00+00:00, run_after=2022-08-21T00:00:00+00:00
[2022-08-21 13:50:08,038] {processor.py:161} INFO - Processing /home/airflow/.local/lib/python3.7/site-packages/airflow/example_dags/example_branch_operator.py took 0.092 seconds
[2022-08-21 13:50:38,214] {processor.py:153} INFO - Started process (PID=3815) to work on /home/airflow/.local/lib/python3.7/site-packages/airflow/example_dags/example_branch_operator.py
[2022-08-21 13:50:38,215] {processor.py:641} INFO - Processing file /home/airflow/.local/lib/python3.7/site-packages/airflow/example_dags/example_branch_operator.py for tasks to queue
[2022-08-21 13:50:38,216] {logging_mixin.py:115} INFO - [2022-08-21 13:50:38,216] {dagbag.py:508} INFO - Filling up the DagBag from /home/airflow/.local/lib/python3.7/site-packages/airflow/example_dags/example_branch_operator.py
[2022-08-21 13:50:38,226] {processor.py:651} INFO - DAG(s) dict_keys(['example_branch_operator']) retrieved from /home/airflow/.local/lib/python3.7/site-packages/airflow/example_dags/example_branch_operator.py
[2022-08-21 13:50:38,252] {logging_mixin.py:115} INFO - [2022-08-21 13:50:38,252] {dag.py:2420} INFO - Sync 1 DAGs
[2022-08-21 13:50:38,275] {logging_mixin.py:115} INFO - [2022-08-21 13:50:38,275] {dag.py:2972} INFO - Setting next_dagrun for example_branch_operator to 2022-08-20T00:00:00+00:00, run_after=2022-08-21T00:00:00+00:00
[2022-08-21 13:50:38,299] {processor.py:161} INFO - Processing /home/airflow/.local/lib/python3.7/site-packages/airflow/example_dags/example_branch_operator.py took 0.089 seconds
[2022-08-21 13:51:08,392] {processor.py:153} INFO - Started process (PID=3867) to work on /home/airflow/.local/lib/python3.7/site-packages/airflow/example_dags/example_branch_operator.py
[2022-08-21 13:51:08,393] {processor.py:641} INFO - Processing file /home/airflow/.local/lib/python3.7/site-packages/airflow/example_dags/example_branch_operator.py for tasks to queue
[2022-08-21 13:51:08,394] {logging_mixin.py:115} INFO - [2022-08-21 13:51:08,394] {dagbag.py:508} INFO - Filling up the DagBag from /home/airflow/.local/lib/python3.7/site-packages/airflow/example_dags/example_branch_operator.py
[2022-08-21 13:51:08,404] {processor.py:651} INFO - DAG(s) dict_keys(['example_branch_operator']) retrieved from /home/airflow/.local/lib/python3.7/site-packages/airflow/example_dags/example_branch_operator.py
[2022-08-21 13:51:08,427] {logging_mixin.py:115} INFO - [2022-08-21 13:51:08,427] {dag.py:2420} INFO - Sync 1 DAGs
[2022-08-21 13:51:08,449] {logging_mixin.py:115} INFO - [2022-08-21 13:51:08,449] {dag.py:2972} INFO - Setting next_dagrun for example_branch_operator to 2022-08-20T00:00:00+00:00, run_after=2022-08-21T00:00:00+00:00
[2022-08-21 13:51:08,468] {processor.py:161} INFO - Processing /home/airflow/.local/lib/python3.7/site-packages/airflow/example_dags/example_branch_operator.py took 0.078 seconds
[2022-08-21 13:51:38,538] {processor.py:153} INFO - Started process (PID=3928) to work on /home/airflow/.local/lib/python3.7/site-packages/airflow/example_dags/example_branch_operator.py
[2022-08-21 13:51:38,540] {processor.py:641} INFO - Processing file /home/airflow/.local/lib/python3.7/site-packages/airflow/example_dags/example_branch_operator.py for tasks to queue
[2022-08-21 13:51:38,541] {logging_mixin.py:115} INFO - [2022-08-21 13:51:38,541] {dagbag.py:508} INFO - Filling up the DagBag from /home/airflow/.local/lib/python3.7/site-packages/airflow/example_dags/example_branch_operator.py
[2022-08-21 13:51:38,554] {processor.py:651} INFO - DAG(s) dict_keys(['example_branch_operator']) retrieved from /home/airflow/.local/lib/python3.7/site-packages/airflow/example_dags/example_branch_operator.py
[2022-08-21 13:51:38,576] {logging_mixin.py:115} INFO - [2022-08-21 13:51:38,576] {dag.py:2420} INFO - Sync 1 DAGs
[2022-08-21 13:51:38,598] {logging_mixin.py:115} INFO - [2022-08-21 13:51:38,598] {dag.py:2972} INFO - Setting next_dagrun for example_branch_operator to 2022-08-20T00:00:00+00:00, run_after=2022-08-21T00:00:00+00:00
[2022-08-21 13:51:38,611] {processor.py:161} INFO - Processing /home/airflow/.local/lib/python3.7/site-packages/airflow/example_dags/example_branch_operator.py took 0.076 seconds
[2022-08-21 13:52:08,860] {processor.py:153} INFO - Started process (PID=3989) to work on /home/airflow/.local/lib/python3.7/site-packages/airflow/example_dags/example_branch_operator.py
[2022-08-21 13:52:08,861] {processor.py:641} INFO - Processing file /home/airflow/.local/lib/python3.7/site-packages/airflow/example_dags/example_branch_operator.py for tasks to queue
[2022-08-21 13:52:08,864] {logging_mixin.py:115} INFO - [2022-08-21 13:52:08,863] {dagbag.py:508} INFO - Filling up the DagBag from /home/airflow/.local/lib/python3.7/site-packages/airflow/example_dags/example_branch_operator.py
[2022-08-21 13:52:08,885] {processor.py:651} INFO - DAG(s) dict_keys(['example_branch_operator']) retrieved from /home/airflow/.local/lib/python3.7/site-packages/airflow/example_dags/example_branch_operator.py
[2022-08-21 13:52:08,910] {logging_mixin.py:115} INFO - [2022-08-21 13:52:08,909] {dag.py:2420} INFO - Sync 1 DAGs
[2022-08-21 13:52:08,933] {logging_mixin.py:115} INFO - [2022-08-21 13:52:08,933] {dag.py:2972} INFO - Setting next_dagrun for example_branch_operator to 2022-08-20T00:00:00+00:00, run_after=2022-08-21T00:00:00+00:00
[2022-08-21 13:52:08,947] {processor.py:161} INFO - Processing /home/airflow/.local/lib/python3.7/site-packages/airflow/example_dags/example_branch_operator.py took 0.091 seconds
[2022-08-21 13:52:39,468] {processor.py:153} INFO - Started process (PID=4041) to work on /home/airflow/.local/lib/python3.7/site-packages/airflow/example_dags/example_branch_operator.py
[2022-08-21 13:52:39,469] {processor.py:641} INFO - Processing file /home/airflow/.local/lib/python3.7/site-packages/airflow/example_dags/example_branch_operator.py for tasks to queue
[2022-08-21 13:52:39,470] {logging_mixin.py:115} INFO - [2022-08-21 13:52:39,470] {dagbag.py:508} INFO - Filling up the DagBag from /home/airflow/.local/lib/python3.7/site-packages/airflow/example_dags/example_branch_operator.py
[2022-08-21 13:52:39,482] {processor.py:651} INFO - DAG(s) dict_keys(['example_branch_operator']) retrieved from /home/airflow/.local/lib/python3.7/site-packages/airflow/example_dags/example_branch_operator.py
[2022-08-21 13:52:39,507] {logging_mixin.py:115} INFO - [2022-08-21 13:52:39,507] {dag.py:2420} INFO - Sync 1 DAGs
[2022-08-21 13:52:39,534] {logging_mixin.py:115} INFO - [2022-08-21 13:52:39,533] {dag.py:2972} INFO - Setting next_dagrun for example_branch_operator to 2022-08-20T00:00:00+00:00, run_after=2022-08-21T00:00:00+00:00
[2022-08-21 13:52:39,553] {processor.py:161} INFO - Processing /home/airflow/.local/lib/python3.7/site-packages/airflow/example_dags/example_branch_operator.py took 0.088 seconds
[2022-08-21 13:53:10,390] {processor.py:153} INFO - Started process (PID=4102) to work on /home/airflow/.local/lib/python3.7/site-packages/airflow/example_dags/example_branch_operator.py
[2022-08-21 13:53:10,391] {processor.py:641} INFO - Processing file /home/airflow/.local/lib/python3.7/site-packages/airflow/example_dags/example_branch_operator.py for tasks to queue
[2022-08-21 13:53:10,392] {logging_mixin.py:115} INFO - [2022-08-21 13:53:10,392] {dagbag.py:508} INFO - Filling up the DagBag from /home/airflow/.local/lib/python3.7/site-packages/airflow/example_dags/example_branch_operator.py
[2022-08-21 13:53:10,404] {processor.py:651} INFO - DAG(s) dict_keys(['example_branch_operator']) retrieved from /home/airflow/.local/lib/python3.7/site-packages/airflow/example_dags/example_branch_operator.py
[2022-08-21 13:53:10,431] {logging_mixin.py:115} INFO - [2022-08-21 13:53:10,431] {dag.py:2420} INFO - Sync 1 DAGs
[2022-08-21 13:53:10,454] {logging_mixin.py:115} INFO - [2022-08-21 13:53:10,454] {dag.py:2972} INFO - Setting next_dagrun for example_branch_operator to 2022-08-20T00:00:00+00:00, run_after=2022-08-21T00:00:00+00:00
[2022-08-21 13:53:10,473] {processor.py:161} INFO - Processing /home/airflow/.local/lib/python3.7/site-packages/airflow/example_dags/example_branch_operator.py took 0.085 seconds
[2022-08-21 13:53:40,607] {processor.py:153} INFO - Started process (PID=4163) to work on /home/airflow/.local/lib/python3.7/site-packages/airflow/example_dags/example_branch_operator.py
[2022-08-21 13:53:40,608] {processor.py:641} INFO - Processing file /home/airflow/.local/lib/python3.7/site-packages/airflow/example_dags/example_branch_operator.py for tasks to queue
[2022-08-21 13:53:40,609] {logging_mixin.py:115} INFO - [2022-08-21 13:53:40,609] {dagbag.py:508} INFO - Filling up the DagBag from /home/airflow/.local/lib/python3.7/site-packages/airflow/example_dags/example_branch_operator.py
[2022-08-21 13:53:40,619] {processor.py:651} INFO - DAG(s) dict_keys(['example_branch_operator']) retrieved from /home/airflow/.local/lib/python3.7/site-packages/airflow/example_dags/example_branch_operator.py
[2022-08-21 13:53:40,643] {logging_mixin.py:115} INFO - [2022-08-21 13:53:40,643] {dag.py:2420} INFO - Sync 1 DAGs
[2022-08-21 13:53:40,665] {logging_mixin.py:115} INFO - [2022-08-21 13:53:40,665] {dag.py:2972} INFO - Setting next_dagrun for example_branch_operator to 2022-08-20T00:00:00+00:00, run_after=2022-08-21T00:00:00+00:00
[2022-08-21 13:53:40,684] {processor.py:161} INFO - Processing /home/airflow/.local/lib/python3.7/site-packages/airflow/example_dags/example_branch_operator.py took 0.080 seconds
