[2022-08-21 13:17:57,961] {processor.py:153} INFO - Started process (PID=51) to work on /home/airflow/.local/lib/python3.7/site-packages/airflow/example_dags/example_branch_labels.py
[2022-08-21 13:17:57,962] {processor.py:641} INFO - Processing file /home/airflow/.local/lib/python3.7/site-packages/airflow/example_dags/example_branch_labels.py for tasks to queue
[2022-08-21 13:17:57,964] {logging_mixin.py:115} INFO - [2022-08-21 13:17:57,964] {dagbag.py:508} INFO - Filling up the DagBag from /home/airflow/.local/lib/python3.7/site-packages/airflow/example_dags/example_branch_labels.py
[2022-08-21 13:17:57,974] {processor.py:651} INFO - DAG(s) dict_keys(['example_branch_labels']) retrieved from /home/airflow/.local/lib/python3.7/site-packages/airflow/example_dags/example_branch_labels.py
[2022-08-21 13:17:57,999] {logging_mixin.py:115} INFO - [2022-08-21 13:17:57,999] {dag.py:2420} INFO - Sync 1 DAGs
[2022-08-21 13:17:58,024] {logging_mixin.py:115} INFO - [2022-08-21 13:17:58,024] {dag.py:2972} INFO - Setting next_dagrun for example_branch_labels to 2022-08-20T00:00:00+00:00, run_after=2022-08-21T00:00:00+00:00
[2022-08-21 13:17:58,043] {processor.py:161} INFO - Processing /home/airflow/.local/lib/python3.7/site-packages/airflow/example_dags/example_branch_labels.py took 0.086 seconds
[2022-08-21 13:18:28,879] {processor.py:153} INFO - Started process (PID=104) to work on /home/airflow/.local/lib/python3.7/site-packages/airflow/example_dags/example_branch_labels.py
[2022-08-21 13:18:28,879] {processor.py:641} INFO - Processing file /home/airflow/.local/lib/python3.7/site-packages/airflow/example_dags/example_branch_labels.py for tasks to queue
[2022-08-21 13:18:28,880] {logging_mixin.py:115} INFO - [2022-08-21 13:18:28,880] {dagbag.py:508} INFO - Filling up the DagBag from /home/airflow/.local/lib/python3.7/site-packages/airflow/example_dags/example_branch_labels.py
[2022-08-21 13:18:28,887] {processor.py:651} INFO - DAG(s) dict_keys(['example_branch_labels']) retrieved from /home/airflow/.local/lib/python3.7/site-packages/airflow/example_dags/example_branch_labels.py
[2022-08-21 13:18:28,914] {logging_mixin.py:115} INFO - [2022-08-21 13:18:28,914] {dag.py:2420} INFO - Sync 1 DAGs
[2022-08-21 13:18:28,934] {logging_mixin.py:115} INFO - [2022-08-21 13:18:28,934] {dag.py:2972} INFO - Setting next_dagrun for example_branch_labels to 2022-08-20T00:00:00+00:00, run_after=2022-08-21T00:00:00+00:00
[2022-08-21 13:18:28,953] {processor.py:161} INFO - Processing /home/airflow/.local/lib/python3.7/site-packages/airflow/example_dags/example_branch_labels.py took 0.077 seconds
[2022-08-21 13:18:59,146] {processor.py:153} INFO - Started process (PID=167) to work on /home/airflow/.local/lib/python3.7/site-packages/airflow/example_dags/example_branch_labels.py
[2022-08-21 13:18:59,147] {processor.py:641} INFO - Processing file /home/airflow/.local/lib/python3.7/site-packages/airflow/example_dags/example_branch_labels.py for tasks to queue
[2022-08-21 13:18:59,148] {logging_mixin.py:115} INFO - [2022-08-21 13:18:59,148] {dagbag.py:508} INFO - Filling up the DagBag from /home/airflow/.local/lib/python3.7/site-packages/airflow/example_dags/example_branch_labels.py
[2022-08-21 13:18:59,154] {processor.py:651} INFO - DAG(s) dict_keys(['example_branch_labels']) retrieved from /home/airflow/.local/lib/python3.7/site-packages/airflow/example_dags/example_branch_labels.py
[2022-08-21 13:18:59,183] {logging_mixin.py:115} INFO - [2022-08-21 13:18:59,183] {dag.py:2420} INFO - Sync 1 DAGs
[2022-08-21 13:18:59,203] {logging_mixin.py:115} INFO - [2022-08-21 13:18:59,203] {dag.py:2972} INFO - Setting next_dagrun for example_branch_labels to 2022-08-20T00:00:00+00:00, run_after=2022-08-21T00:00:00+00:00
[2022-08-21 13:18:59,220] {processor.py:161} INFO - Processing /home/airflow/.local/lib/python3.7/site-packages/airflow/example_dags/example_branch_labels.py took 0.077 seconds
[2022-08-21 13:19:29,393] {processor.py:153} INFO - Started process (PID=229) to work on /home/airflow/.local/lib/python3.7/site-packages/airflow/example_dags/example_branch_labels.py
[2022-08-21 13:19:29,394] {processor.py:641} INFO - Processing file /home/airflow/.local/lib/python3.7/site-packages/airflow/example_dags/example_branch_labels.py for tasks to queue
[2022-08-21 13:19:29,395] {logging_mixin.py:115} INFO - [2022-08-21 13:19:29,395] {dagbag.py:508} INFO - Filling up the DagBag from /home/airflow/.local/lib/python3.7/site-packages/airflow/example_dags/example_branch_labels.py
[2022-08-21 13:19:29,404] {processor.py:651} INFO - DAG(s) dict_keys(['example_branch_labels']) retrieved from /home/airflow/.local/lib/python3.7/site-packages/airflow/example_dags/example_branch_labels.py
[2022-08-21 13:19:29,435] {logging_mixin.py:115} INFO - [2022-08-21 13:19:29,434] {dag.py:2420} INFO - Sync 1 DAGs
[2022-08-21 13:19:29,459] {logging_mixin.py:115} INFO - [2022-08-21 13:19:29,459] {dag.py:2972} INFO - Setting next_dagrun for example_branch_labels to 2022-08-20T00:00:00+00:00, run_after=2022-08-21T00:00:00+00:00
[2022-08-21 13:19:29,472] {processor.py:161} INFO - Processing /home/airflow/.local/lib/python3.7/site-packages/airflow/example_dags/example_branch_labels.py took 0.083 seconds
[2022-08-21 13:20:00,146] {processor.py:153} INFO - Started process (PID=281) to work on /home/airflow/.local/lib/python3.7/site-packages/airflow/example_dags/example_branch_labels.py
[2022-08-21 13:20:00,147] {processor.py:641} INFO - Processing file /home/airflow/.local/lib/python3.7/site-packages/airflow/example_dags/example_branch_labels.py for tasks to queue
[2022-08-21 13:20:00,149] {logging_mixin.py:115} INFO - [2022-08-21 13:20:00,149] {dagbag.py:508} INFO - Filling up the DagBag from /home/airflow/.local/lib/python3.7/site-packages/airflow/example_dags/example_branch_labels.py
[2022-08-21 13:20:00,160] {processor.py:651} INFO - DAG(s) dict_keys(['example_branch_labels']) retrieved from /home/airflow/.local/lib/python3.7/site-packages/airflow/example_dags/example_branch_labels.py
[2022-08-21 13:20:00,186] {logging_mixin.py:115} INFO - [2022-08-21 13:20:00,186] {dag.py:2420} INFO - Sync 1 DAGs
[2022-08-21 13:20:00,212] {logging_mixin.py:115} INFO - [2022-08-21 13:20:00,212] {dag.py:2972} INFO - Setting next_dagrun for example_branch_labels to 2022-08-20T00:00:00+00:00, run_after=2022-08-21T00:00:00+00:00
[2022-08-21 13:20:00,228] {processor.py:161} INFO - Processing /home/airflow/.local/lib/python3.7/site-packages/airflow/example_dags/example_branch_labels.py took 0.086 seconds
[2022-08-21 13:20:30,556] {processor.py:153} INFO - Started process (PID=343) to work on /home/airflow/.local/lib/python3.7/site-packages/airflow/example_dags/example_branch_labels.py
[2022-08-21 13:20:30,557] {processor.py:641} INFO - Processing file /home/airflow/.local/lib/python3.7/site-packages/airflow/example_dags/example_branch_labels.py for tasks to queue
[2022-08-21 13:20:30,558] {logging_mixin.py:115} INFO - [2022-08-21 13:20:30,558] {dagbag.py:508} INFO - Filling up the DagBag from /home/airflow/.local/lib/python3.7/site-packages/airflow/example_dags/example_branch_labels.py
[2022-08-21 13:20:30,565] {processor.py:651} INFO - DAG(s) dict_keys(['example_branch_labels']) retrieved from /home/airflow/.local/lib/python3.7/site-packages/airflow/example_dags/example_branch_labels.py
[2022-08-21 13:20:30,601] {logging_mixin.py:115} INFO - [2022-08-21 13:20:30,601] {dag.py:2420} INFO - Sync 1 DAGs
[2022-08-21 13:20:30,639] {logging_mixin.py:115} INFO - [2022-08-21 13:20:30,639] {dag.py:2972} INFO - Setting next_dagrun for example_branch_labels to 2022-08-20T00:00:00+00:00, run_after=2022-08-21T00:00:00+00:00
[2022-08-21 13:20:30,657] {processor.py:161} INFO - Processing /home/airflow/.local/lib/python3.7/site-packages/airflow/example_dags/example_branch_labels.py took 0.103 seconds
[2022-08-21 13:21:00,756] {processor.py:153} INFO - Started process (PID=404) to work on /home/airflow/.local/lib/python3.7/site-packages/airflow/example_dags/example_branch_labels.py
[2022-08-21 13:21:00,757] {processor.py:641} INFO - Processing file /home/airflow/.local/lib/python3.7/site-packages/airflow/example_dags/example_branch_labels.py for tasks to queue
[2022-08-21 13:21:00,757] {logging_mixin.py:115} INFO - [2022-08-21 13:21:00,757] {dagbag.py:508} INFO - Filling up the DagBag from /home/airflow/.local/lib/python3.7/site-packages/airflow/example_dags/example_branch_labels.py
[2022-08-21 13:21:00,765] {processor.py:651} INFO - DAG(s) dict_keys(['example_branch_labels']) retrieved from /home/airflow/.local/lib/python3.7/site-packages/airflow/example_dags/example_branch_labels.py
[2022-08-21 13:21:00,794] {logging_mixin.py:115} INFO - [2022-08-21 13:21:00,793] {dag.py:2420} INFO - Sync 1 DAGs
[2022-08-21 13:21:00,822] {logging_mixin.py:115} INFO - [2022-08-21 13:21:00,821] {dag.py:2972} INFO - Setting next_dagrun for example_branch_labels to 2022-08-20T00:00:00+00:00, run_after=2022-08-21T00:00:00+00:00
[2022-08-21 13:21:00,846] {processor.py:161} INFO - Processing /home/airflow/.local/lib/python3.7/site-packages/airflow/example_dags/example_branch_labels.py took 0.094 seconds
[2022-08-21 13:21:30,973] {processor.py:153} INFO - Started process (PID=457) to work on /home/airflow/.local/lib/python3.7/site-packages/airflow/example_dags/example_branch_labels.py
[2022-08-21 13:21:30,974] {processor.py:641} INFO - Processing file /home/airflow/.local/lib/python3.7/site-packages/airflow/example_dags/example_branch_labels.py for tasks to queue
[2022-08-21 13:21:30,975] {logging_mixin.py:115} INFO - [2022-08-21 13:21:30,975] {dagbag.py:508} INFO - Filling up the DagBag from /home/airflow/.local/lib/python3.7/site-packages/airflow/example_dags/example_branch_labels.py
[2022-08-21 13:21:30,982] {processor.py:651} INFO - DAG(s) dict_keys(['example_branch_labels']) retrieved from /home/airflow/.local/lib/python3.7/site-packages/airflow/example_dags/example_branch_labels.py
[2022-08-21 13:21:31,009] {logging_mixin.py:115} INFO - [2022-08-21 13:21:31,009] {dag.py:2420} INFO - Sync 1 DAGs
[2022-08-21 13:21:31,034] {logging_mixin.py:115} INFO - [2022-08-21 13:21:31,034] {dag.py:2972} INFO - Setting next_dagrun for example_branch_labels to 2022-08-20T00:00:00+00:00, run_after=2022-08-21T00:00:00+00:00
[2022-08-21 13:21:31,053] {processor.py:161} INFO - Processing /home/airflow/.local/lib/python3.7/site-packages/airflow/example_dags/example_branch_labels.py took 0.082 seconds
[2022-08-21 13:22:01,297] {processor.py:153} INFO - Started process (PID=518) to work on /home/airflow/.local/lib/python3.7/site-packages/airflow/example_dags/example_branch_labels.py
[2022-08-21 13:22:01,297] {processor.py:641} INFO - Processing file /home/airflow/.local/lib/python3.7/site-packages/airflow/example_dags/example_branch_labels.py for tasks to queue
[2022-08-21 13:22:01,298] {logging_mixin.py:115} INFO - [2022-08-21 13:22:01,298] {dagbag.py:508} INFO - Filling up the DagBag from /home/airflow/.local/lib/python3.7/site-packages/airflow/example_dags/example_branch_labels.py
[2022-08-21 13:22:01,304] {processor.py:651} INFO - DAG(s) dict_keys(['example_branch_labels']) retrieved from /home/airflow/.local/lib/python3.7/site-packages/airflow/example_dags/example_branch_labels.py
[2022-08-21 13:22:01,331] {logging_mixin.py:115} INFO - [2022-08-21 13:22:01,331] {dag.py:2420} INFO - Sync 1 DAGs
[2022-08-21 13:22:01,353] {logging_mixin.py:115} INFO - [2022-08-21 13:22:01,353] {dag.py:2972} INFO - Setting next_dagrun for example_branch_labels to 2022-08-20T00:00:00+00:00, run_after=2022-08-21T00:00:00+00:00
[2022-08-21 13:22:01,369] {processor.py:161} INFO - Processing /home/airflow/.local/lib/python3.7/site-packages/airflow/example_dags/example_branch_labels.py took 0.075 seconds
[2022-08-21 13:22:31,507] {processor.py:153} INFO - Started process (PID=570) to work on /home/airflow/.local/lib/python3.7/site-packages/airflow/example_dags/example_branch_labels.py
[2022-08-21 13:22:31,508] {processor.py:641} INFO - Processing file /home/airflow/.local/lib/python3.7/site-packages/airflow/example_dags/example_branch_labels.py for tasks to queue
[2022-08-21 13:22:31,509] {logging_mixin.py:115} INFO - [2022-08-21 13:22:31,509] {dagbag.py:508} INFO - Filling up the DagBag from /home/airflow/.local/lib/python3.7/site-packages/airflow/example_dags/example_branch_labels.py
[2022-08-21 13:22:31,516] {processor.py:651} INFO - DAG(s) dict_keys(['example_branch_labels']) retrieved from /home/airflow/.local/lib/python3.7/site-packages/airflow/example_dags/example_branch_labels.py
[2022-08-21 13:22:31,543] {logging_mixin.py:115} INFO - [2022-08-21 13:22:31,543] {dag.py:2420} INFO - Sync 1 DAGs
[2022-08-21 13:22:31,566] {logging_mixin.py:115} INFO - [2022-08-21 13:22:31,566] {dag.py:2972} INFO - Setting next_dagrun for example_branch_labels to 2022-08-20T00:00:00+00:00, run_after=2022-08-21T00:00:00+00:00
[2022-08-21 13:22:31,589] {processor.py:161} INFO - Processing /home/airflow/.local/lib/python3.7/site-packages/airflow/example_dags/example_branch_labels.py took 0.088 seconds
[2022-08-21 13:23:01,892] {processor.py:153} INFO - Started process (PID=633) to work on /home/airflow/.local/lib/python3.7/site-packages/airflow/example_dags/example_branch_labels.py
[2022-08-21 13:23:01,893] {processor.py:641} INFO - Processing file /home/airflow/.local/lib/python3.7/site-packages/airflow/example_dags/example_branch_labels.py for tasks to queue
[2022-08-21 13:23:01,894] {logging_mixin.py:115} INFO - [2022-08-21 13:23:01,894] {dagbag.py:508} INFO - Filling up the DagBag from /home/airflow/.local/lib/python3.7/site-packages/airflow/example_dags/example_branch_labels.py
[2022-08-21 13:23:01,900] {processor.py:651} INFO - DAG(s) dict_keys(['example_branch_labels']) retrieved from /home/airflow/.local/lib/python3.7/site-packages/airflow/example_dags/example_branch_labels.py
[2022-08-21 13:23:01,924] {logging_mixin.py:115} INFO - [2022-08-21 13:23:01,924] {dag.py:2420} INFO - Sync 1 DAGs
[2022-08-21 13:23:01,945] {logging_mixin.py:115} INFO - [2022-08-21 13:23:01,945] {dag.py:2972} INFO - Setting next_dagrun for example_branch_labels to 2022-08-20T00:00:00+00:00, run_after=2022-08-21T00:00:00+00:00
[2022-08-21 13:23:01,962] {processor.py:161} INFO - Processing /home/airflow/.local/lib/python3.7/site-packages/airflow/example_dags/example_branch_labels.py took 0.072 seconds
[2022-08-21 13:23:32,884] {processor.py:153} INFO - Started process (PID=694) to work on /home/airflow/.local/lib/python3.7/site-packages/airflow/example_dags/example_branch_labels.py
[2022-08-21 13:23:32,885] {processor.py:641} INFO - Processing file /home/airflow/.local/lib/python3.7/site-packages/airflow/example_dags/example_branch_labels.py for tasks to queue
[2022-08-21 13:23:32,886] {logging_mixin.py:115} INFO - [2022-08-21 13:23:32,885] {dagbag.py:508} INFO - Filling up the DagBag from /home/airflow/.local/lib/python3.7/site-packages/airflow/example_dags/example_branch_labels.py
[2022-08-21 13:23:32,892] {processor.py:651} INFO - DAG(s) dict_keys(['example_branch_labels']) retrieved from /home/airflow/.local/lib/python3.7/site-packages/airflow/example_dags/example_branch_labels.py
[2022-08-21 13:23:32,921] {logging_mixin.py:115} INFO - [2022-08-21 13:23:32,921] {dag.py:2420} INFO - Sync 1 DAGs
[2022-08-21 13:23:32,947] {logging_mixin.py:115} INFO - [2022-08-21 13:23:32,947] {dag.py:2972} INFO - Setting next_dagrun for example_branch_labels to 2022-08-20T00:00:00+00:00, run_after=2022-08-21T00:00:00+00:00
[2022-08-21 13:23:32,967] {processor.py:161} INFO - Processing /home/airflow/.local/lib/python3.7/site-packages/airflow/example_dags/example_branch_labels.py took 0.086 seconds
[2022-08-21 13:24:03,288] {processor.py:153} INFO - Started process (PID=746) to work on /home/airflow/.local/lib/python3.7/site-packages/airflow/example_dags/example_branch_labels.py
[2022-08-21 13:24:03,289] {processor.py:641} INFO - Processing file /home/airflow/.local/lib/python3.7/site-packages/airflow/example_dags/example_branch_labels.py for tasks to queue
[2022-08-21 13:24:03,290] {logging_mixin.py:115} INFO - [2022-08-21 13:24:03,290] {dagbag.py:508} INFO - Filling up the DagBag from /home/airflow/.local/lib/python3.7/site-packages/airflow/example_dags/example_branch_labels.py
[2022-08-21 13:24:03,300] {processor.py:651} INFO - DAG(s) dict_keys(['example_branch_labels']) retrieved from /home/airflow/.local/lib/python3.7/site-packages/airflow/example_dags/example_branch_labels.py
[2022-08-21 13:24:03,336] {logging_mixin.py:115} INFO - [2022-08-21 13:24:03,336] {dag.py:2420} INFO - Sync 1 DAGs
[2022-08-21 13:24:03,370] {logging_mixin.py:115} INFO - [2022-08-21 13:24:03,369] {dag.py:2972} INFO - Setting next_dagrun for example_branch_labels to 2022-08-20T00:00:00+00:00, run_after=2022-08-21T00:00:00+00:00
[2022-08-21 13:24:03,389] {processor.py:161} INFO - Processing /home/airflow/.local/lib/python3.7/site-packages/airflow/example_dags/example_branch_labels.py took 0.104 seconds
[2022-08-21 13:24:33,628] {processor.py:153} INFO - Started process (PID=807) to work on /home/airflow/.local/lib/python3.7/site-packages/airflow/example_dags/example_branch_labels.py
[2022-08-21 13:24:33,628] {processor.py:641} INFO - Processing file /home/airflow/.local/lib/python3.7/site-packages/airflow/example_dags/example_branch_labels.py for tasks to queue
[2022-08-21 13:24:33,629] {logging_mixin.py:115} INFO - [2022-08-21 13:24:33,629] {dagbag.py:508} INFO - Filling up the DagBag from /home/airflow/.local/lib/python3.7/site-packages/airflow/example_dags/example_branch_labels.py
[2022-08-21 13:24:33,635] {processor.py:651} INFO - DAG(s) dict_keys(['example_branch_labels']) retrieved from /home/airflow/.local/lib/python3.7/site-packages/airflow/example_dags/example_branch_labels.py
[2022-08-21 13:24:33,671] {logging_mixin.py:115} INFO - [2022-08-21 13:24:33,671] {dag.py:2420} INFO - Sync 1 DAGs
[2022-08-21 13:24:33,709] {logging_mixin.py:115} INFO - [2022-08-21 13:24:33,709] {dag.py:2972} INFO - Setting next_dagrun for example_branch_labels to 2022-08-20T00:00:00+00:00, run_after=2022-08-21T00:00:00+00:00
[2022-08-21 13:24:33,725] {processor.py:161} INFO - Processing /home/airflow/.local/lib/python3.7/site-packages/airflow/example_dags/example_branch_labels.py took 0.101 seconds
[2022-08-21 13:25:03,839] {processor.py:153} INFO - Started process (PID=859) to work on /home/airflow/.local/lib/python3.7/site-packages/airflow/example_dags/example_branch_labels.py
[2022-08-21 13:25:03,840] {processor.py:641} INFO - Processing file /home/airflow/.local/lib/python3.7/site-packages/airflow/example_dags/example_branch_labels.py for tasks to queue
[2022-08-21 13:25:03,841] {logging_mixin.py:115} INFO - [2022-08-21 13:25:03,841] {dagbag.py:508} INFO - Filling up the DagBag from /home/airflow/.local/lib/python3.7/site-packages/airflow/example_dags/example_branch_labels.py
[2022-08-21 13:25:03,852] {processor.py:651} INFO - DAG(s) dict_keys(['example_branch_labels']) retrieved from /home/airflow/.local/lib/python3.7/site-packages/airflow/example_dags/example_branch_labels.py
[2022-08-21 13:25:03,887] {logging_mixin.py:115} INFO - [2022-08-21 13:25:03,887] {dag.py:2420} INFO - Sync 1 DAGs
[2022-08-21 13:25:03,921] {logging_mixin.py:115} INFO - [2022-08-21 13:25:03,921] {dag.py:2972} INFO - Setting next_dagrun for example_branch_labels to 2022-08-20T00:00:00+00:00, run_after=2022-08-21T00:00:00+00:00
[2022-08-21 13:25:03,940] {processor.py:161} INFO - Processing /home/airflow/.local/lib/python3.7/site-packages/airflow/example_dags/example_branch_labels.py took 0.106 seconds
[2022-08-21 13:25:34,082] {processor.py:153} INFO - Started process (PID=921) to work on /home/airflow/.local/lib/python3.7/site-packages/airflow/example_dags/example_branch_labels.py
[2022-08-21 13:25:34,083] {processor.py:641} INFO - Processing file /home/airflow/.local/lib/python3.7/site-packages/airflow/example_dags/example_branch_labels.py for tasks to queue
[2022-08-21 13:25:34,083] {logging_mixin.py:115} INFO - [2022-08-21 13:25:34,083] {dagbag.py:508} INFO - Filling up the DagBag from /home/airflow/.local/lib/python3.7/site-packages/airflow/example_dags/example_branch_labels.py
[2022-08-21 13:25:34,089] {processor.py:651} INFO - DAG(s) dict_keys(['example_branch_labels']) retrieved from /home/airflow/.local/lib/python3.7/site-packages/airflow/example_dags/example_branch_labels.py
[2022-08-21 13:25:34,114] {logging_mixin.py:115} INFO - [2022-08-21 13:25:34,114] {dag.py:2420} INFO - Sync 1 DAGs
[2022-08-21 13:25:34,133] {logging_mixin.py:115} INFO - [2022-08-21 13:25:34,133] {dag.py:2972} INFO - Setting next_dagrun for example_branch_labels to 2022-08-20T00:00:00+00:00, run_after=2022-08-21T00:00:00+00:00
[2022-08-21 13:25:34,150] {processor.py:161} INFO - Processing /home/airflow/.local/lib/python3.7/site-packages/airflow/example_dags/example_branch_labels.py took 0.071 seconds
[2022-08-21 13:26:04,277] {processor.py:153} INFO - Started process (PID=982) to work on /home/airflow/.local/lib/python3.7/site-packages/airflow/example_dags/example_branch_labels.py
[2022-08-21 13:26:04,278] {processor.py:641} INFO - Processing file /home/airflow/.local/lib/python3.7/site-packages/airflow/example_dags/example_branch_labels.py for tasks to queue
[2022-08-21 13:26:04,279] {logging_mixin.py:115} INFO - [2022-08-21 13:26:04,279] {dagbag.py:508} INFO - Filling up the DagBag from /home/airflow/.local/lib/python3.7/site-packages/airflow/example_dags/example_branch_labels.py
[2022-08-21 13:26:04,285] {processor.py:651} INFO - DAG(s) dict_keys(['example_branch_labels']) retrieved from /home/airflow/.local/lib/python3.7/site-packages/airflow/example_dags/example_branch_labels.py
[2022-08-21 13:26:04,312] {logging_mixin.py:115} INFO - [2022-08-21 13:26:04,312] {dag.py:2420} INFO - Sync 1 DAGs
[2022-08-21 13:26:04,333] {logging_mixin.py:115} INFO - [2022-08-21 13:26:04,332] {dag.py:2972} INFO - Setting next_dagrun for example_branch_labels to 2022-08-20T00:00:00+00:00, run_after=2022-08-21T00:00:00+00:00
[2022-08-21 13:26:04,350] {processor.py:161} INFO - Processing /home/airflow/.local/lib/python3.7/site-packages/airflow/example_dags/example_branch_labels.py took 0.076 seconds
[2022-08-21 13:26:34,476] {processor.py:153} INFO - Started process (PID=1034) to work on /home/airflow/.local/lib/python3.7/site-packages/airflow/example_dags/example_branch_labels.py
[2022-08-21 13:26:34,476] {processor.py:641} INFO - Processing file /home/airflow/.local/lib/python3.7/site-packages/airflow/example_dags/example_branch_labels.py for tasks to queue
[2022-08-21 13:26:34,477] {logging_mixin.py:115} INFO - [2022-08-21 13:26:34,477] {dagbag.py:508} INFO - Filling up the DagBag from /home/airflow/.local/lib/python3.7/site-packages/airflow/example_dags/example_branch_labels.py
[2022-08-21 13:26:34,483] {processor.py:651} INFO - DAG(s) dict_keys(['example_branch_labels']) retrieved from /home/airflow/.local/lib/python3.7/site-packages/airflow/example_dags/example_branch_labels.py
[2022-08-21 13:26:34,510] {logging_mixin.py:115} INFO - [2022-08-21 13:26:34,510] {dag.py:2420} INFO - Sync 1 DAGs
[2022-08-21 13:26:34,533] {logging_mixin.py:115} INFO - [2022-08-21 13:26:34,533] {dag.py:2972} INFO - Setting next_dagrun for example_branch_labels to 2022-08-20T00:00:00+00:00, run_after=2022-08-21T00:00:00+00:00
[2022-08-21 13:26:34,553] {processor.py:161} INFO - Processing /home/airflow/.local/lib/python3.7/site-packages/airflow/example_dags/example_branch_labels.py took 0.081 seconds
[2022-08-21 13:27:04,724] {processor.py:153} INFO - Started process (PID=1095) to work on /home/airflow/.local/lib/python3.7/site-packages/airflow/example_dags/example_branch_labels.py
[2022-08-21 13:27:04,725] {processor.py:641} INFO - Processing file /home/airflow/.local/lib/python3.7/site-packages/airflow/example_dags/example_branch_labels.py for tasks to queue
[2022-08-21 13:27:04,728] {logging_mixin.py:115} INFO - [2022-08-21 13:27:04,728] {dagbag.py:508} INFO - Filling up the DagBag from /home/airflow/.local/lib/python3.7/site-packages/airflow/example_dags/example_branch_labels.py
[2022-08-21 13:27:04,739] {processor.py:651} INFO - DAG(s) dict_keys(['example_branch_labels']) retrieved from /home/airflow/.local/lib/python3.7/site-packages/airflow/example_dags/example_branch_labels.py
[2022-08-21 13:27:04,771] {logging_mixin.py:115} INFO - [2022-08-21 13:27:04,771] {dag.py:2420} INFO - Sync 1 DAGs
[2022-08-21 13:27:04,796] {logging_mixin.py:115} INFO - [2022-08-21 13:27:04,796] {dag.py:2972} INFO - Setting next_dagrun for example_branch_labels to 2022-08-20T00:00:00+00:00, run_after=2022-08-21T00:00:00+00:00
[2022-08-21 13:27:04,815] {processor.py:161} INFO - Processing /home/airflow/.local/lib/python3.7/site-packages/airflow/example_dags/example_branch_labels.py took 0.094 seconds
[2022-08-21 13:27:34,850] {processor.py:153} INFO - Started process (PID=1157) to work on /home/airflow/.local/lib/python3.7/site-packages/airflow/example_dags/example_branch_labels.py
[2022-08-21 13:27:34,850] {processor.py:641} INFO - Processing file /home/airflow/.local/lib/python3.7/site-packages/airflow/example_dags/example_branch_labels.py for tasks to queue
[2022-08-21 13:27:34,851] {logging_mixin.py:115} INFO - [2022-08-21 13:27:34,851] {dagbag.py:508} INFO - Filling up the DagBag from /home/airflow/.local/lib/python3.7/site-packages/airflow/example_dags/example_branch_labels.py
[2022-08-21 13:27:34,856] {processor.py:651} INFO - DAG(s) dict_keys(['example_branch_labels']) retrieved from /home/airflow/.local/lib/python3.7/site-packages/airflow/example_dags/example_branch_labels.py
[2022-08-21 13:27:34,880] {logging_mixin.py:115} INFO - [2022-08-21 13:27:34,880] {dag.py:2420} INFO - Sync 1 DAGs
[2022-08-21 13:27:34,904] {logging_mixin.py:115} INFO - [2022-08-21 13:27:34,903] {dag.py:2972} INFO - Setting next_dagrun for example_branch_labels to 2022-08-20T00:00:00+00:00, run_after=2022-08-21T00:00:00+00:00
[2022-08-21 13:27:34,923] {processor.py:161} INFO - Processing /home/airflow/.local/lib/python3.7/site-packages/airflow/example_dags/example_branch_labels.py took 0.076 seconds
[2022-08-21 13:28:05,030] {processor.py:153} INFO - Started process (PID=1209) to work on /home/airflow/.local/lib/python3.7/site-packages/airflow/example_dags/example_branch_labels.py
[2022-08-21 13:28:05,031] {processor.py:641} INFO - Processing file /home/airflow/.local/lib/python3.7/site-packages/airflow/example_dags/example_branch_labels.py for tasks to queue
[2022-08-21 13:28:05,031] {logging_mixin.py:115} INFO - [2022-08-21 13:28:05,031] {dagbag.py:508} INFO - Filling up the DagBag from /home/airflow/.local/lib/python3.7/site-packages/airflow/example_dags/example_branch_labels.py
[2022-08-21 13:28:05,040] {processor.py:651} INFO - DAG(s) dict_keys(['example_branch_labels']) retrieved from /home/airflow/.local/lib/python3.7/site-packages/airflow/example_dags/example_branch_labels.py
[2022-08-21 13:28:05,071] {logging_mixin.py:115} INFO - [2022-08-21 13:28:05,071] {dag.py:2420} INFO - Sync 1 DAGs
[2022-08-21 13:28:05,092] {logging_mixin.py:115} INFO - [2022-08-21 13:28:05,092] {dag.py:2972} INFO - Setting next_dagrun for example_branch_labels to 2022-08-20T00:00:00+00:00, run_after=2022-08-21T00:00:00+00:00
[2022-08-21 13:28:05,104] {processor.py:161} INFO - Processing /home/airflow/.local/lib/python3.7/site-packages/airflow/example_dags/example_branch_labels.py took 0.077 seconds
[2022-08-21 13:28:35,835] {processor.py:153} INFO - Started process (PID=1271) to work on /home/airflow/.local/lib/python3.7/site-packages/airflow/example_dags/example_branch_labels.py
[2022-08-21 13:28:35,836] {processor.py:641} INFO - Processing file /home/airflow/.local/lib/python3.7/site-packages/airflow/example_dags/example_branch_labels.py for tasks to queue
[2022-08-21 13:28:35,836] {logging_mixin.py:115} INFO - [2022-08-21 13:28:35,836] {dagbag.py:508} INFO - Filling up the DagBag from /home/airflow/.local/lib/python3.7/site-packages/airflow/example_dags/example_branch_labels.py
[2022-08-21 13:28:35,844] {processor.py:651} INFO - DAG(s) dict_keys(['example_branch_labels']) retrieved from /home/airflow/.local/lib/python3.7/site-packages/airflow/example_dags/example_branch_labels.py
[2022-08-21 13:28:35,867] {logging_mixin.py:115} INFO - [2022-08-21 13:28:35,867] {dag.py:2420} INFO - Sync 1 DAGs
[2022-08-21 13:28:35,888] {logging_mixin.py:115} INFO - [2022-08-21 13:28:35,888] {dag.py:2972} INFO - Setting next_dagrun for example_branch_labels to 2022-08-20T00:00:00+00:00, run_after=2022-08-21T00:00:00+00:00
[2022-08-21 13:28:35,905] {processor.py:161} INFO - Processing /home/airflow/.local/lib/python3.7/site-packages/airflow/example_dags/example_branch_labels.py took 0.073 seconds
[2022-08-21 13:29:06,782] {processor.py:153} INFO - Started process (PID=1332) to work on /home/airflow/.local/lib/python3.7/site-packages/airflow/example_dags/example_branch_labels.py
[2022-08-21 13:29:06,783] {processor.py:641} INFO - Processing file /home/airflow/.local/lib/python3.7/site-packages/airflow/example_dags/example_branch_labels.py for tasks to queue
[2022-08-21 13:29:06,784] {logging_mixin.py:115} INFO - [2022-08-21 13:29:06,784] {dagbag.py:508} INFO - Filling up the DagBag from /home/airflow/.local/lib/python3.7/site-packages/airflow/example_dags/example_branch_labels.py
[2022-08-21 13:29:06,793] {processor.py:651} INFO - DAG(s) dict_keys(['example_branch_labels']) retrieved from /home/airflow/.local/lib/python3.7/site-packages/airflow/example_dags/example_branch_labels.py
[2022-08-21 13:29:06,819] {logging_mixin.py:115} INFO - [2022-08-21 13:29:06,819] {dag.py:2420} INFO - Sync 1 DAGs
[2022-08-21 13:29:06,840] {logging_mixin.py:115} INFO - [2022-08-21 13:29:06,840] {dag.py:2972} INFO - Setting next_dagrun for example_branch_labels to 2022-08-20T00:00:00+00:00, run_after=2022-08-21T00:00:00+00:00
[2022-08-21 13:29:06,856] {processor.py:161} INFO - Processing /home/airflow/.local/lib/python3.7/site-packages/airflow/example_dags/example_branch_labels.py took 0.077 seconds
[2022-08-21 13:29:37,563] {processor.py:153} INFO - Started process (PID=1384) to work on /home/airflow/.local/lib/python3.7/site-packages/airflow/example_dags/example_branch_labels.py
[2022-08-21 13:29:37,564] {processor.py:641} INFO - Processing file /home/airflow/.local/lib/python3.7/site-packages/airflow/example_dags/example_branch_labels.py for tasks to queue
[2022-08-21 13:29:37,565] {logging_mixin.py:115} INFO - [2022-08-21 13:29:37,565] {dagbag.py:508} INFO - Filling up the DagBag from /home/airflow/.local/lib/python3.7/site-packages/airflow/example_dags/example_branch_labels.py
[2022-08-21 13:29:37,573] {processor.py:651} INFO - DAG(s) dict_keys(['example_branch_labels']) retrieved from /home/airflow/.local/lib/python3.7/site-packages/airflow/example_dags/example_branch_labels.py
[2022-08-21 13:29:37,600] {logging_mixin.py:115} INFO - [2022-08-21 13:29:37,599] {dag.py:2420} INFO - Sync 1 DAGs
[2022-08-21 13:29:37,622] {logging_mixin.py:115} INFO - [2022-08-21 13:29:37,622] {dag.py:2972} INFO - Setting next_dagrun for example_branch_labels to 2022-08-20T00:00:00+00:00, run_after=2022-08-21T00:00:00+00:00
[2022-08-21 13:29:37,639] {processor.py:161} INFO - Processing /home/airflow/.local/lib/python3.7/site-packages/airflow/example_dags/example_branch_labels.py took 0.080 seconds
[2022-08-21 13:30:08,552] {processor.py:153} INFO - Started process (PID=1445) to work on /home/airflow/.local/lib/python3.7/site-packages/airflow/example_dags/example_branch_labels.py
[2022-08-21 13:30:08,553] {processor.py:641} INFO - Processing file /home/airflow/.local/lib/python3.7/site-packages/airflow/example_dags/example_branch_labels.py for tasks to queue
[2022-08-21 13:30:08,554] {logging_mixin.py:115} INFO - [2022-08-21 13:30:08,554] {dagbag.py:508} INFO - Filling up the DagBag from /home/airflow/.local/lib/python3.7/site-packages/airflow/example_dags/example_branch_labels.py
[2022-08-21 13:30:08,562] {processor.py:651} INFO - DAG(s) dict_keys(['example_branch_labels']) retrieved from /home/airflow/.local/lib/python3.7/site-packages/airflow/example_dags/example_branch_labels.py
[2022-08-21 13:30:08,585] {logging_mixin.py:115} INFO - [2022-08-21 13:30:08,585] {dag.py:2420} INFO - Sync 1 DAGs
[2022-08-21 13:30:08,606] {logging_mixin.py:115} INFO - [2022-08-21 13:30:08,605] {dag.py:2972} INFO - Setting next_dagrun for example_branch_labels to 2022-08-20T00:00:00+00:00, run_after=2022-08-21T00:00:00+00:00
[2022-08-21 13:30:08,622] {processor.py:161} INFO - Processing /home/airflow/.local/lib/python3.7/site-packages/airflow/example_dags/example_branch_labels.py took 0.074 seconds
[2022-08-21 13:30:38,702] {processor.py:153} INFO - Started process (PID=1507) to work on /home/airflow/.local/lib/python3.7/site-packages/airflow/example_dags/example_branch_labels.py
[2022-08-21 13:30:38,703] {processor.py:641} INFO - Processing file /home/airflow/.local/lib/python3.7/site-packages/airflow/example_dags/example_branch_labels.py for tasks to queue
[2022-08-21 13:30:38,704] {logging_mixin.py:115} INFO - [2022-08-21 13:30:38,703] {dagbag.py:508} INFO - Filling up the DagBag from /home/airflow/.local/lib/python3.7/site-packages/airflow/example_dags/example_branch_labels.py
[2022-08-21 13:30:38,711] {processor.py:651} INFO - DAG(s) dict_keys(['example_branch_labels']) retrieved from /home/airflow/.local/lib/python3.7/site-packages/airflow/example_dags/example_branch_labels.py
[2022-08-21 13:30:38,735] {logging_mixin.py:115} INFO - [2022-08-21 13:30:38,735] {dag.py:2420} INFO - Sync 1 DAGs
[2022-08-21 13:30:38,754] {logging_mixin.py:115} INFO - [2022-08-21 13:30:38,754] {dag.py:2972} INFO - Setting next_dagrun for example_branch_labels to 2022-08-20T00:00:00+00:00, run_after=2022-08-21T00:00:00+00:00
[2022-08-21 13:30:38,765] {processor.py:161} INFO - Processing /home/airflow/.local/lib/python3.7/site-packages/airflow/example_dags/example_branch_labels.py took 0.066 seconds
[2022-08-21 13:31:08,872] {processor.py:153} INFO - Started process (PID=1559) to work on /home/airflow/.local/lib/python3.7/site-packages/airflow/example_dags/example_branch_labels.py
[2022-08-21 13:31:08,873] {processor.py:641} INFO - Processing file /home/airflow/.local/lib/python3.7/site-packages/airflow/example_dags/example_branch_labels.py for tasks to queue
[2022-08-21 13:31:08,873] {logging_mixin.py:115} INFO - [2022-08-21 13:31:08,873] {dagbag.py:508} INFO - Filling up the DagBag from /home/airflow/.local/lib/python3.7/site-packages/airflow/example_dags/example_branch_labels.py
[2022-08-21 13:31:08,880] {processor.py:651} INFO - DAG(s) dict_keys(['example_branch_labels']) retrieved from /home/airflow/.local/lib/python3.7/site-packages/airflow/example_dags/example_branch_labels.py
[2022-08-21 13:31:08,916] {logging_mixin.py:115} INFO - [2022-08-21 13:31:08,916] {dag.py:2420} INFO - Sync 1 DAGs
[2022-08-21 13:31:08,943] {logging_mixin.py:115} INFO - [2022-08-21 13:31:08,943] {dag.py:2972} INFO - Setting next_dagrun for example_branch_labels to 2022-08-20T00:00:00+00:00, run_after=2022-08-21T00:00:00+00:00
[2022-08-21 13:31:08,955] {processor.py:161} INFO - Processing /home/airflow/.local/lib/python3.7/site-packages/airflow/example_dags/example_branch_labels.py took 0.087 seconds
[2022-08-21 13:31:39,180] {processor.py:153} INFO - Started process (PID=1620) to work on /home/airflow/.local/lib/python3.7/site-packages/airflow/example_dags/example_branch_labels.py
[2022-08-21 13:31:39,180] {processor.py:641} INFO - Processing file /home/airflow/.local/lib/python3.7/site-packages/airflow/example_dags/example_branch_labels.py for tasks to queue
[2022-08-21 13:31:39,181] {logging_mixin.py:115} INFO - [2022-08-21 13:31:39,181] {dagbag.py:508} INFO - Filling up the DagBag from /home/airflow/.local/lib/python3.7/site-packages/airflow/example_dags/example_branch_labels.py
[2022-08-21 13:31:39,187] {processor.py:651} INFO - DAG(s) dict_keys(['example_branch_labels']) retrieved from /home/airflow/.local/lib/python3.7/site-packages/airflow/example_dags/example_branch_labels.py
[2022-08-21 13:31:39,213] {logging_mixin.py:115} INFO - [2022-08-21 13:31:39,212] {dag.py:2420} INFO - Sync 1 DAGs
[2022-08-21 13:31:39,233] {logging_mixin.py:115} INFO - [2022-08-21 13:31:39,233] {dag.py:2972} INFO - Setting next_dagrun for example_branch_labels to 2022-08-20T00:00:00+00:00, run_after=2022-08-21T00:00:00+00:00
[2022-08-21 13:31:39,244] {processor.py:161} INFO - Processing /home/airflow/.local/lib/python3.7/site-packages/airflow/example_dags/example_branch_labels.py took 0.067 seconds
[2022-08-21 13:32:10,139] {processor.py:153} INFO - Started process (PID=1682) to work on /home/airflow/.local/lib/python3.7/site-packages/airflow/example_dags/example_branch_labels.py
[2022-08-21 13:32:10,140] {processor.py:641} INFO - Processing file /home/airflow/.local/lib/python3.7/site-packages/airflow/example_dags/example_branch_labels.py for tasks to queue
[2022-08-21 13:32:10,141] {logging_mixin.py:115} INFO - [2022-08-21 13:32:10,141] {dagbag.py:508} INFO - Filling up the DagBag from /home/airflow/.local/lib/python3.7/site-packages/airflow/example_dags/example_branch_labels.py
[2022-08-21 13:32:10,148] {processor.py:651} INFO - DAG(s) dict_keys(['example_branch_labels']) retrieved from /home/airflow/.local/lib/python3.7/site-packages/airflow/example_dags/example_branch_labels.py
[2022-08-21 13:32:10,171] {logging_mixin.py:115} INFO - [2022-08-21 13:32:10,171] {dag.py:2420} INFO - Sync 1 DAGs
[2022-08-21 13:32:10,194] {logging_mixin.py:115} INFO - [2022-08-21 13:32:10,194] {dag.py:2972} INFO - Setting next_dagrun for example_branch_labels to 2022-08-20T00:00:00+00:00, run_after=2022-08-21T00:00:00+00:00
[2022-08-21 13:32:10,211] {processor.py:161} INFO - Processing /home/airflow/.local/lib/python3.7/site-packages/airflow/example_dags/example_branch_labels.py took 0.075 seconds
[2022-08-21 13:32:40,971] {processor.py:153} INFO - Started process (PID=1734) to work on /home/airflow/.local/lib/python3.7/site-packages/airflow/example_dags/example_branch_labels.py
[2022-08-21 13:32:40,972] {processor.py:641} INFO - Processing file /home/airflow/.local/lib/python3.7/site-packages/airflow/example_dags/example_branch_labels.py for tasks to queue
[2022-08-21 13:32:40,973] {logging_mixin.py:115} INFO - [2022-08-21 13:32:40,973] {dagbag.py:508} INFO - Filling up the DagBag from /home/airflow/.local/lib/python3.7/site-packages/airflow/example_dags/example_branch_labels.py
[2022-08-21 13:32:40,979] {processor.py:651} INFO - DAG(s) dict_keys(['example_branch_labels']) retrieved from /home/airflow/.local/lib/python3.7/site-packages/airflow/example_dags/example_branch_labels.py
[2022-08-21 13:32:41,006] {logging_mixin.py:115} INFO - [2022-08-21 13:32:41,006] {dag.py:2420} INFO - Sync 1 DAGs
[2022-08-21 13:32:41,027] {logging_mixin.py:115} INFO - [2022-08-21 13:32:41,027] {dag.py:2972} INFO - Setting next_dagrun for example_branch_labels to 2022-08-20T00:00:00+00:00, run_after=2022-08-21T00:00:00+00:00
[2022-08-21 13:32:41,048] {processor.py:161} INFO - Processing /home/airflow/.local/lib/python3.7/site-packages/airflow/example_dags/example_branch_labels.py took 0.081 seconds
[2022-08-21 13:33:11,971] {processor.py:153} INFO - Started process (PID=1796) to work on /home/airflow/.local/lib/python3.7/site-packages/airflow/example_dags/example_branch_labels.py
[2022-08-21 13:33:11,972] {processor.py:641} INFO - Processing file /home/airflow/.local/lib/python3.7/site-packages/airflow/example_dags/example_branch_labels.py for tasks to queue
[2022-08-21 13:33:11,973] {logging_mixin.py:115} INFO - [2022-08-21 13:33:11,973] {dagbag.py:508} INFO - Filling up the DagBag from /home/airflow/.local/lib/python3.7/site-packages/airflow/example_dags/example_branch_labels.py
[2022-08-21 13:33:11,980] {processor.py:651} INFO - DAG(s) dict_keys(['example_branch_labels']) retrieved from /home/airflow/.local/lib/python3.7/site-packages/airflow/example_dags/example_branch_labels.py
[2022-08-21 13:33:12,007] {logging_mixin.py:115} INFO - [2022-08-21 13:33:12,007] {dag.py:2420} INFO - Sync 1 DAGs
[2022-08-21 13:33:12,027] {logging_mixin.py:115} INFO - [2022-08-21 13:33:12,027] {dag.py:2972} INFO - Setting next_dagrun for example_branch_labels to 2022-08-20T00:00:00+00:00, run_after=2022-08-21T00:00:00+00:00
[2022-08-21 13:33:12,044] {processor.py:161} INFO - Processing /home/airflow/.local/lib/python3.7/site-packages/airflow/example_dags/example_branch_labels.py took 0.078 seconds
[2022-08-21 13:33:42,796] {processor.py:153} INFO - Started process (PID=1857) to work on /home/airflow/.local/lib/python3.7/site-packages/airflow/example_dags/example_branch_labels.py
[2022-08-21 13:33:42,797] {processor.py:641} INFO - Processing file /home/airflow/.local/lib/python3.7/site-packages/airflow/example_dags/example_branch_labels.py for tasks to queue
[2022-08-21 13:33:42,798] {logging_mixin.py:115} INFO - [2022-08-21 13:33:42,798] {dagbag.py:508} INFO - Filling up the DagBag from /home/airflow/.local/lib/python3.7/site-packages/airflow/example_dags/example_branch_labels.py
[2022-08-21 13:33:42,806] {processor.py:651} INFO - DAG(s) dict_keys(['example_branch_labels']) retrieved from /home/airflow/.local/lib/python3.7/site-packages/airflow/example_dags/example_branch_labels.py
[2022-08-21 13:33:42,831] {logging_mixin.py:115} INFO - [2022-08-21 13:33:42,831] {dag.py:2420} INFO - Sync 1 DAGs
[2022-08-21 13:33:42,852] {logging_mixin.py:115} INFO - [2022-08-21 13:33:42,852] {dag.py:2972} INFO - Setting next_dagrun for example_branch_labels to 2022-08-20T00:00:00+00:00, run_after=2022-08-21T00:00:00+00:00
[2022-08-21 13:33:42,870] {processor.py:161} INFO - Processing /home/airflow/.local/lib/python3.7/site-packages/airflow/example_dags/example_branch_labels.py took 0.077 seconds
[2022-08-21 13:34:13,686] {processor.py:153} INFO - Started process (PID=1909) to work on /home/airflow/.local/lib/python3.7/site-packages/airflow/example_dags/example_branch_labels.py
[2022-08-21 13:34:13,687] {processor.py:641} INFO - Processing file /home/airflow/.local/lib/python3.7/site-packages/airflow/example_dags/example_branch_labels.py for tasks to queue
[2022-08-21 13:34:13,687] {logging_mixin.py:115} INFO - [2022-08-21 13:34:13,687] {dagbag.py:508} INFO - Filling up the DagBag from /home/airflow/.local/lib/python3.7/site-packages/airflow/example_dags/example_branch_labels.py
[2022-08-21 13:34:13,694] {processor.py:651} INFO - DAG(s) dict_keys(['example_branch_labels']) retrieved from /home/airflow/.local/lib/python3.7/site-packages/airflow/example_dags/example_branch_labels.py
[2022-08-21 13:34:13,719] {logging_mixin.py:115} INFO - [2022-08-21 13:34:13,719] {dag.py:2420} INFO - Sync 1 DAGs
[2022-08-21 13:34:13,739] {logging_mixin.py:115} INFO - [2022-08-21 13:34:13,739] {dag.py:2972} INFO - Setting next_dagrun for example_branch_labels to 2022-08-20T00:00:00+00:00, run_after=2022-08-21T00:00:00+00:00
[2022-08-21 13:34:13,756] {processor.py:161} INFO - Processing /home/airflow/.local/lib/python3.7/site-packages/airflow/example_dags/example_branch_labels.py took 0.074 seconds
[2022-08-21 13:34:43,978] {processor.py:153} INFO - Started process (PID=1970) to work on /home/airflow/.local/lib/python3.7/site-packages/airflow/example_dags/example_branch_labels.py
[2022-08-21 13:34:43,979] {processor.py:641} INFO - Processing file /home/airflow/.local/lib/python3.7/site-packages/airflow/example_dags/example_branch_labels.py for tasks to queue
[2022-08-21 13:34:43,980] {logging_mixin.py:115} INFO - [2022-08-21 13:34:43,980] {dagbag.py:508} INFO - Filling up the DagBag from /home/airflow/.local/lib/python3.7/site-packages/airflow/example_dags/example_branch_labels.py
[2022-08-21 13:34:43,987] {processor.py:651} INFO - DAG(s) dict_keys(['example_branch_labels']) retrieved from /home/airflow/.local/lib/python3.7/site-packages/airflow/example_dags/example_branch_labels.py
[2022-08-21 13:34:44,012] {logging_mixin.py:115} INFO - [2022-08-21 13:34:44,012] {dag.py:2420} INFO - Sync 1 DAGs
[2022-08-21 13:34:44,034] {logging_mixin.py:115} INFO - [2022-08-21 13:34:44,034] {dag.py:2972} INFO - Setting next_dagrun for example_branch_labels to 2022-08-20T00:00:00+00:00, run_after=2022-08-21T00:00:00+00:00
[2022-08-21 13:34:44,052] {processor.py:161} INFO - Processing /home/airflow/.local/lib/python3.7/site-packages/airflow/example_dags/example_branch_labels.py took 0.077 seconds
[2022-08-21 13:35:15,034] {processor.py:153} INFO - Started process (PID=2031) to work on /home/airflow/.local/lib/python3.7/site-packages/airflow/example_dags/example_branch_labels.py
[2022-08-21 13:35:15,035] {processor.py:641} INFO - Processing file /home/airflow/.local/lib/python3.7/site-packages/airflow/example_dags/example_branch_labels.py for tasks to queue
[2022-08-21 13:35:15,036] {logging_mixin.py:115} INFO - [2022-08-21 13:35:15,036] {dagbag.py:508} INFO - Filling up the DagBag from /home/airflow/.local/lib/python3.7/site-packages/airflow/example_dags/example_branch_labels.py
[2022-08-21 13:35:15,045] {processor.py:651} INFO - DAG(s) dict_keys(['example_branch_labels']) retrieved from /home/airflow/.local/lib/python3.7/site-packages/airflow/example_dags/example_branch_labels.py
[2022-08-21 13:35:15,078] {logging_mixin.py:115} INFO - [2022-08-21 13:35:15,078] {dag.py:2420} INFO - Sync 1 DAGs
[2022-08-21 13:35:15,099] {logging_mixin.py:115} INFO - [2022-08-21 13:35:15,099] {dag.py:2972} INFO - Setting next_dagrun for example_branch_labels to 2022-08-20T00:00:00+00:00, run_after=2022-08-21T00:00:00+00:00
[2022-08-21 13:35:15,118] {processor.py:161} INFO - Processing /home/airflow/.local/lib/python3.7/site-packages/airflow/example_dags/example_branch_labels.py took 0.088 seconds
[2022-08-21 13:35:46,028] {processor.py:153} INFO - Started process (PID=2092) to work on /home/airflow/.local/lib/python3.7/site-packages/airflow/example_dags/example_branch_labels.py
[2022-08-21 13:35:46,029] {processor.py:641} INFO - Processing file /home/airflow/.local/lib/python3.7/site-packages/airflow/example_dags/example_branch_labels.py for tasks to queue
[2022-08-21 13:35:46,030] {logging_mixin.py:115} INFO - [2022-08-21 13:35:46,030] {dagbag.py:508} INFO - Filling up the DagBag from /home/airflow/.local/lib/python3.7/site-packages/airflow/example_dags/example_branch_labels.py
[2022-08-21 13:35:46,039] {processor.py:651} INFO - DAG(s) dict_keys(['example_branch_labels']) retrieved from /home/airflow/.local/lib/python3.7/site-packages/airflow/example_dags/example_branch_labels.py
[2022-08-21 13:35:46,071] {logging_mixin.py:115} INFO - [2022-08-21 13:35:46,071] {dag.py:2420} INFO - Sync 1 DAGs
[2022-08-21 13:35:46,101] {logging_mixin.py:115} INFO - [2022-08-21 13:35:46,101] {dag.py:2972} INFO - Setting next_dagrun for example_branch_labels to 2022-08-20T00:00:00+00:00, run_after=2022-08-21T00:00:00+00:00
[2022-08-21 13:35:46,116] {processor.py:161} INFO - Processing /home/airflow/.local/lib/python3.7/site-packages/airflow/example_dags/example_branch_labels.py took 0.091 seconds
[2022-08-21 13:36:16,954] {processor.py:153} INFO - Started process (PID=2144) to work on /home/airflow/.local/lib/python3.7/site-packages/airflow/example_dags/example_branch_labels.py
[2022-08-21 13:36:16,955] {processor.py:641} INFO - Processing file /home/airflow/.local/lib/python3.7/site-packages/airflow/example_dags/example_branch_labels.py for tasks to queue
[2022-08-21 13:36:16,955] {logging_mixin.py:115} INFO - [2022-08-21 13:36:16,955] {dagbag.py:508} INFO - Filling up the DagBag from /home/airflow/.local/lib/python3.7/site-packages/airflow/example_dags/example_branch_labels.py
[2022-08-21 13:36:16,962] {processor.py:651} INFO - DAG(s) dict_keys(['example_branch_labels']) retrieved from /home/airflow/.local/lib/python3.7/site-packages/airflow/example_dags/example_branch_labels.py
[2022-08-21 13:36:16,987] {logging_mixin.py:115} INFO - [2022-08-21 13:36:16,987] {dag.py:2420} INFO - Sync 1 DAGs
[2022-08-21 13:36:17,008] {logging_mixin.py:115} INFO - [2022-08-21 13:36:17,007] {dag.py:2972} INFO - Setting next_dagrun for example_branch_labels to 2022-08-20T00:00:00+00:00, run_after=2022-08-21T00:00:00+00:00
[2022-08-21 13:36:17,025] {processor.py:161} INFO - Processing /home/airflow/.local/lib/python3.7/site-packages/airflow/example_dags/example_branch_labels.py took 0.074 seconds
[2022-08-21 13:36:47,867] {processor.py:153} INFO - Started process (PID=2206) to work on /home/airflow/.local/lib/python3.7/site-packages/airflow/example_dags/example_branch_labels.py
[2022-08-21 13:36:47,869] {processor.py:641} INFO - Processing file /home/airflow/.local/lib/python3.7/site-packages/airflow/example_dags/example_branch_labels.py for tasks to queue
[2022-08-21 13:36:47,870] {logging_mixin.py:115} INFO - [2022-08-21 13:36:47,870] {dagbag.py:508} INFO - Filling up the DagBag from /home/airflow/.local/lib/python3.7/site-packages/airflow/example_dags/example_branch_labels.py
[2022-08-21 13:36:47,879] {processor.py:651} INFO - DAG(s) dict_keys(['example_branch_labels']) retrieved from /home/airflow/.local/lib/python3.7/site-packages/airflow/example_dags/example_branch_labels.py
[2022-08-21 13:36:47,911] {logging_mixin.py:115} INFO - [2022-08-21 13:36:47,911] {dag.py:2420} INFO - Sync 1 DAGs
[2022-08-21 13:36:47,945] {logging_mixin.py:115} INFO - [2022-08-21 13:36:47,945] {dag.py:2972} INFO - Setting next_dagrun for example_branch_labels to 2022-08-20T00:00:00+00:00, run_after=2022-08-21T00:00:00+00:00
[2022-08-21 13:36:47,957] {processor.py:161} INFO - Processing /home/airflow/.local/lib/python3.7/site-packages/airflow/example_dags/example_branch_labels.py took 0.093 seconds
[2022-08-21 13:37:18,674] {processor.py:153} INFO - Started process (PID=2268) to work on /home/airflow/.local/lib/python3.7/site-packages/airflow/example_dags/example_branch_labels.py
[2022-08-21 13:37:18,675] {processor.py:641} INFO - Processing file /home/airflow/.local/lib/python3.7/site-packages/airflow/example_dags/example_branch_labels.py for tasks to queue
[2022-08-21 13:37:18,676] {logging_mixin.py:115} INFO - [2022-08-21 13:37:18,676] {dagbag.py:508} INFO - Filling up the DagBag from /home/airflow/.local/lib/python3.7/site-packages/airflow/example_dags/example_branch_labels.py
[2022-08-21 13:37:18,682] {processor.py:651} INFO - DAG(s) dict_keys(['example_branch_labels']) retrieved from /home/airflow/.local/lib/python3.7/site-packages/airflow/example_dags/example_branch_labels.py
[2022-08-21 13:37:18,705] {logging_mixin.py:115} INFO - [2022-08-21 13:37:18,705] {dag.py:2420} INFO - Sync 1 DAGs
[2022-08-21 13:37:18,726] {logging_mixin.py:115} INFO - [2022-08-21 13:37:18,726] {dag.py:2972} INFO - Setting next_dagrun for example_branch_labels to 2022-08-20T00:00:00+00:00, run_after=2022-08-21T00:00:00+00:00
[2022-08-21 13:37:18,738] {processor.py:161} INFO - Processing /home/airflow/.local/lib/python3.7/site-packages/airflow/example_dags/example_branch_labels.py took 0.067 seconds
[2022-08-21 13:37:49,402] {processor.py:153} INFO - Started process (PID=2320) to work on /home/airflow/.local/lib/python3.7/site-packages/airflow/example_dags/example_branch_labels.py
[2022-08-21 13:37:49,403] {processor.py:641} INFO - Processing file /home/airflow/.local/lib/python3.7/site-packages/airflow/example_dags/example_branch_labels.py for tasks to queue
[2022-08-21 13:37:49,404] {logging_mixin.py:115} INFO - [2022-08-21 13:37:49,404] {dagbag.py:508} INFO - Filling up the DagBag from /home/airflow/.local/lib/python3.7/site-packages/airflow/example_dags/example_branch_labels.py
[2022-08-21 13:37:49,412] {processor.py:651} INFO - DAG(s) dict_keys(['example_branch_labels']) retrieved from /home/airflow/.local/lib/python3.7/site-packages/airflow/example_dags/example_branch_labels.py
[2022-08-21 13:37:49,441] {logging_mixin.py:115} INFO - [2022-08-21 13:37:49,441] {dag.py:2420} INFO - Sync 1 DAGs
[2022-08-21 13:37:49,462] {logging_mixin.py:115} INFO - [2022-08-21 13:37:49,462] {dag.py:2972} INFO - Setting next_dagrun for example_branch_labels to 2022-08-20T00:00:00+00:00, run_after=2022-08-21T00:00:00+00:00
[2022-08-21 13:37:49,476] {processor.py:161} INFO - Processing /home/airflow/.local/lib/python3.7/site-packages/airflow/example_dags/example_branch_labels.py took 0.077 seconds
[2022-08-21 13:38:20,396] {processor.py:153} INFO - Started process (PID=2381) to work on /home/airflow/.local/lib/python3.7/site-packages/airflow/example_dags/example_branch_labels.py
[2022-08-21 13:38:20,397] {processor.py:641} INFO - Processing file /home/airflow/.local/lib/python3.7/site-packages/airflow/example_dags/example_branch_labels.py for tasks to queue
[2022-08-21 13:38:20,398] {logging_mixin.py:115} INFO - [2022-08-21 13:38:20,398] {dagbag.py:508} INFO - Filling up the DagBag from /home/airflow/.local/lib/python3.7/site-packages/airflow/example_dags/example_branch_labels.py
[2022-08-21 13:38:20,405] {processor.py:651} INFO - DAG(s) dict_keys(['example_branch_labels']) retrieved from /home/airflow/.local/lib/python3.7/site-packages/airflow/example_dags/example_branch_labels.py
[2022-08-21 13:38:20,430] {logging_mixin.py:115} INFO - [2022-08-21 13:38:20,430] {dag.py:2420} INFO - Sync 1 DAGs
[2022-08-21 13:38:20,452] {logging_mixin.py:115} INFO - [2022-08-21 13:38:20,451] {dag.py:2972} INFO - Setting next_dagrun for example_branch_labels to 2022-08-20T00:00:00+00:00, run_after=2022-08-21T00:00:00+00:00
[2022-08-21 13:38:20,469] {processor.py:161} INFO - Processing /home/airflow/.local/lib/python3.7/site-packages/airflow/example_dags/example_branch_labels.py took 0.076 seconds
[2022-08-21 13:38:51,270] {processor.py:153} INFO - Started process (PID=2442) to work on /home/airflow/.local/lib/python3.7/site-packages/airflow/example_dags/example_branch_labels.py
[2022-08-21 13:38:51,271] {processor.py:641} INFO - Processing file /home/airflow/.local/lib/python3.7/site-packages/airflow/example_dags/example_branch_labels.py for tasks to queue
[2022-08-21 13:38:51,272] {logging_mixin.py:115} INFO - [2022-08-21 13:38:51,272] {dagbag.py:508} INFO - Filling up the DagBag from /home/airflow/.local/lib/python3.7/site-packages/airflow/example_dags/example_branch_labels.py
[2022-08-21 13:38:51,279] {processor.py:651} INFO - DAG(s) dict_keys(['example_branch_labels']) retrieved from /home/airflow/.local/lib/python3.7/site-packages/airflow/example_dags/example_branch_labels.py
[2022-08-21 13:38:51,305] {logging_mixin.py:115} INFO - [2022-08-21 13:38:51,305] {dag.py:2420} INFO - Sync 1 DAGs
[2022-08-21 13:38:51,326] {logging_mixin.py:115} INFO - [2022-08-21 13:38:51,326] {dag.py:2972} INFO - Setting next_dagrun for example_branch_labels to 2022-08-20T00:00:00+00:00, run_after=2022-08-21T00:00:00+00:00
[2022-08-21 13:38:51,338] {processor.py:161} INFO - Processing /home/airflow/.local/lib/python3.7/site-packages/airflow/example_dags/example_branch_labels.py took 0.071 seconds
[2022-08-21 13:39:22,389] {processor.py:153} INFO - Started process (PID=2494) to work on /home/airflow/.local/lib/python3.7/site-packages/airflow/example_dags/example_branch_labels.py
[2022-08-21 13:39:22,390] {processor.py:641} INFO - Processing file /home/airflow/.local/lib/python3.7/site-packages/airflow/example_dags/example_branch_labels.py for tasks to queue
[2022-08-21 13:39:22,390] {logging_mixin.py:115} INFO - [2022-08-21 13:39:22,390] {dagbag.py:508} INFO - Filling up the DagBag from /home/airflow/.local/lib/python3.7/site-packages/airflow/example_dags/example_branch_labels.py
[2022-08-21 13:39:22,397] {processor.py:651} INFO - DAG(s) dict_keys(['example_branch_labels']) retrieved from /home/airflow/.local/lib/python3.7/site-packages/airflow/example_dags/example_branch_labels.py
[2022-08-21 13:39:22,421] {logging_mixin.py:115} INFO - [2022-08-21 13:39:22,421] {dag.py:2420} INFO - Sync 1 DAGs
[2022-08-21 13:39:22,442] {logging_mixin.py:115} INFO - [2022-08-21 13:39:22,442] {dag.py:2972} INFO - Setting next_dagrun for example_branch_labels to 2022-08-20T00:00:00+00:00, run_after=2022-08-21T00:00:00+00:00
[2022-08-21 13:39:22,460] {processor.py:161} INFO - Processing /home/airflow/.local/lib/python3.7/site-packages/airflow/example_dags/example_branch_labels.py took 0.074 seconds
[2022-08-21 13:39:53,474] {processor.py:153} INFO - Started process (PID=2557) to work on /home/airflow/.local/lib/python3.7/site-packages/airflow/example_dags/example_branch_labels.py
[2022-08-21 13:39:53,476] {processor.py:641} INFO - Processing file /home/airflow/.local/lib/python3.7/site-packages/airflow/example_dags/example_branch_labels.py for tasks to queue
[2022-08-21 13:39:53,479] {logging_mixin.py:115} INFO - [2022-08-21 13:39:53,478] {dagbag.py:508} INFO - Filling up the DagBag from /home/airflow/.local/lib/python3.7/site-packages/airflow/example_dags/example_branch_labels.py
[2022-08-21 13:39:53,490] {processor.py:651} INFO - DAG(s) dict_keys(['example_branch_labels']) retrieved from /home/airflow/.local/lib/python3.7/site-packages/airflow/example_dags/example_branch_labels.py
[2022-08-21 13:39:53,524] {logging_mixin.py:115} INFO - [2022-08-21 13:39:53,524] {dag.py:2420} INFO - Sync 1 DAGs
[2022-08-21 13:39:53,549] {logging_mixin.py:115} INFO - [2022-08-21 13:39:53,549] {dag.py:2972} INFO - Setting next_dagrun for example_branch_labels to 2022-08-20T00:00:00+00:00, run_after=2022-08-21T00:00:00+00:00
[2022-08-21 13:39:53,566] {processor.py:161} INFO - Processing /home/airflow/.local/lib/python3.7/site-packages/airflow/example_dags/example_branch_labels.py took 0.097 seconds
[2022-08-21 13:40:23,635] {processor.py:153} INFO - Started process (PID=2633) to work on /home/airflow/.local/lib/python3.7/site-packages/airflow/example_dags/example_branch_labels.py
[2022-08-21 13:40:23,636] {processor.py:641} INFO - Processing file /home/airflow/.local/lib/python3.7/site-packages/airflow/example_dags/example_branch_labels.py for tasks to queue
[2022-08-21 13:40:23,637] {logging_mixin.py:115} INFO - [2022-08-21 13:40:23,637] {dagbag.py:508} INFO - Filling up the DagBag from /home/airflow/.local/lib/python3.7/site-packages/airflow/example_dags/example_branch_labels.py
[2022-08-21 13:40:23,645] {processor.py:651} INFO - DAG(s) dict_keys(['example_branch_labels']) retrieved from /home/airflow/.local/lib/python3.7/site-packages/airflow/example_dags/example_branch_labels.py
[2022-08-21 13:40:23,674] {logging_mixin.py:115} INFO - [2022-08-21 13:40:23,673] {dag.py:2420} INFO - Sync 1 DAGs
[2022-08-21 13:40:23,704] {logging_mixin.py:115} INFO - [2022-08-21 13:40:23,703] {dag.py:2972} INFO - Setting next_dagrun for example_branch_labels to 2022-08-20T00:00:00+00:00, run_after=2022-08-21T00:00:00+00:00
[2022-08-21 13:40:23,726] {processor.py:161} INFO - Processing /home/airflow/.local/lib/python3.7/site-packages/airflow/example_dags/example_branch_labels.py took 0.095 seconds
[2022-08-21 13:40:53,822] {processor.py:153} INFO - Started process (PID=2686) to work on /home/airflow/.local/lib/python3.7/site-packages/airflow/example_dags/example_branch_labels.py
[2022-08-21 13:40:53,823] {processor.py:641} INFO - Processing file /home/airflow/.local/lib/python3.7/site-packages/airflow/example_dags/example_branch_labels.py for tasks to queue
[2022-08-21 13:40:53,823] {logging_mixin.py:115} INFO - [2022-08-21 13:40:53,823] {dagbag.py:508} INFO - Filling up the DagBag from /home/airflow/.local/lib/python3.7/site-packages/airflow/example_dags/example_branch_labels.py
[2022-08-21 13:40:53,837] {processor.py:651} INFO - DAG(s) dict_keys(['example_branch_labels']) retrieved from /home/airflow/.local/lib/python3.7/site-packages/airflow/example_dags/example_branch_labels.py
[2022-08-21 13:40:53,871] {logging_mixin.py:115} INFO - [2022-08-21 13:40:53,871] {dag.py:2420} INFO - Sync 1 DAGs
[2022-08-21 13:40:53,899] {logging_mixin.py:115} INFO - [2022-08-21 13:40:53,899] {dag.py:2972} INFO - Setting next_dagrun for example_branch_labels to 2022-08-20T00:00:00+00:00, run_after=2022-08-21T00:00:00+00:00
[2022-08-21 13:40:53,917] {processor.py:161} INFO - Processing /home/airflow/.local/lib/python3.7/site-packages/airflow/example_dags/example_branch_labels.py took 0.098 seconds
[2022-08-21 13:41:24,009] {processor.py:153} INFO - Started process (PID=2751) to work on /home/airflow/.local/lib/python3.7/site-packages/airflow/example_dags/example_branch_labels.py
[2022-08-21 13:41:24,011] {processor.py:641} INFO - Processing file /home/airflow/.local/lib/python3.7/site-packages/airflow/example_dags/example_branch_labels.py for tasks to queue
[2022-08-21 13:41:24,013] {logging_mixin.py:115} INFO - [2022-08-21 13:41:24,012] {dagbag.py:508} INFO - Filling up the DagBag from /home/airflow/.local/lib/python3.7/site-packages/airflow/example_dags/example_branch_labels.py
[2022-08-21 13:41:24,020] {processor.py:651} INFO - DAG(s) dict_keys(['example_branch_labels']) retrieved from /home/airflow/.local/lib/python3.7/site-packages/airflow/example_dags/example_branch_labels.py
[2022-08-21 13:41:24,047] {logging_mixin.py:115} INFO - [2022-08-21 13:41:24,047] {dag.py:2420} INFO - Sync 1 DAGs
[2022-08-21 13:41:24,066] {logging_mixin.py:115} INFO - [2022-08-21 13:41:24,066] {dag.py:2972} INFO - Setting next_dagrun for example_branch_labels to 2022-08-20T00:00:00+00:00, run_after=2022-08-21T00:00:00+00:00
[2022-08-21 13:41:24,081] {processor.py:161} INFO - Processing /home/airflow/.local/lib/python3.7/site-packages/airflow/example_dags/example_branch_labels.py took 0.077 seconds
[2022-08-21 13:41:54,233] {processor.py:153} INFO - Started process (PID=2812) to work on /home/airflow/.local/lib/python3.7/site-packages/airflow/example_dags/example_branch_labels.py
[2022-08-21 13:41:54,234] {processor.py:641} INFO - Processing file /home/airflow/.local/lib/python3.7/site-packages/airflow/example_dags/example_branch_labels.py for tasks to queue
[2022-08-21 13:41:54,236] {logging_mixin.py:115} INFO - [2022-08-21 13:41:54,235] {dagbag.py:508} INFO - Filling up the DagBag from /home/airflow/.local/lib/python3.7/site-packages/airflow/example_dags/example_branch_labels.py
[2022-08-21 13:41:54,247] {processor.py:651} INFO - DAG(s) dict_keys(['example_branch_labels']) retrieved from /home/airflow/.local/lib/python3.7/site-packages/airflow/example_dags/example_branch_labels.py
[2022-08-21 13:41:54,279] {logging_mixin.py:115} INFO - [2022-08-21 13:41:54,279] {dag.py:2420} INFO - Sync 1 DAGs
[2022-08-21 13:41:54,306] {logging_mixin.py:115} INFO - [2022-08-21 13:41:54,306] {dag.py:2972} INFO - Setting next_dagrun for example_branch_labels to 2022-08-20T00:00:00+00:00, run_after=2022-08-21T00:00:00+00:00
[2022-08-21 13:41:54,323] {processor.py:161} INFO - Processing /home/airflow/.local/lib/python3.7/site-packages/airflow/example_dags/example_branch_labels.py took 0.093 seconds
[2022-08-21 13:42:25,151] {processor.py:153} INFO - Started process (PID=2864) to work on /home/airflow/.local/lib/python3.7/site-packages/airflow/example_dags/example_branch_labels.py
[2022-08-21 13:42:25,152] {processor.py:641} INFO - Processing file /home/airflow/.local/lib/python3.7/site-packages/airflow/example_dags/example_branch_labels.py for tasks to queue
[2022-08-21 13:42:25,153] {logging_mixin.py:115} INFO - [2022-08-21 13:42:25,153] {dagbag.py:508} INFO - Filling up the DagBag from /home/airflow/.local/lib/python3.7/site-packages/airflow/example_dags/example_branch_labels.py
[2022-08-21 13:42:25,159] {processor.py:651} INFO - DAG(s) dict_keys(['example_branch_labels']) retrieved from /home/airflow/.local/lib/python3.7/site-packages/airflow/example_dags/example_branch_labels.py
[2022-08-21 13:42:25,181] {logging_mixin.py:115} INFO - [2022-08-21 13:42:25,181] {dag.py:2420} INFO - Sync 1 DAGs
[2022-08-21 13:42:25,204] {logging_mixin.py:115} INFO - [2022-08-21 13:42:25,204] {dag.py:2972} INFO - Setting next_dagrun for example_branch_labels to 2022-08-20T00:00:00+00:00, run_after=2022-08-21T00:00:00+00:00
[2022-08-21 13:42:25,221] {processor.py:161} INFO - Processing /home/airflow/.local/lib/python3.7/site-packages/airflow/example_dags/example_branch_labels.py took 0.073 seconds
[2022-08-21 13:42:56,108] {processor.py:153} INFO - Started process (PID=2925) to work on /home/airflow/.local/lib/python3.7/site-packages/airflow/example_dags/example_branch_labels.py
[2022-08-21 13:42:56,109] {processor.py:641} INFO - Processing file /home/airflow/.local/lib/python3.7/site-packages/airflow/example_dags/example_branch_labels.py for tasks to queue
[2022-08-21 13:42:56,110] {logging_mixin.py:115} INFO - [2022-08-21 13:42:56,110] {dagbag.py:508} INFO - Filling up the DagBag from /home/airflow/.local/lib/python3.7/site-packages/airflow/example_dags/example_branch_labels.py
[2022-08-21 13:42:56,119] {processor.py:651} INFO - DAG(s) dict_keys(['example_branch_labels']) retrieved from /home/airflow/.local/lib/python3.7/site-packages/airflow/example_dags/example_branch_labels.py
[2022-08-21 13:42:56,155] {logging_mixin.py:115} INFO - [2022-08-21 13:42:56,155] {dag.py:2420} INFO - Sync 1 DAGs
[2022-08-21 13:42:56,179] {logging_mixin.py:115} INFO - [2022-08-21 13:42:56,178] {dag.py:2972} INFO - Setting next_dagrun for example_branch_labels to 2022-08-20T00:00:00+00:00, run_after=2022-08-21T00:00:00+00:00
[2022-08-21 13:42:56,190] {processor.py:161} INFO - Processing /home/airflow/.local/lib/python3.7/site-packages/airflow/example_dags/example_branch_labels.py took 0.086 seconds
[2022-08-21 13:43:26,332] {processor.py:153} INFO - Started process (PID=2986) to work on /home/airflow/.local/lib/python3.7/site-packages/airflow/example_dags/example_branch_labels.py
[2022-08-21 13:43:26,333] {processor.py:641} INFO - Processing file /home/airflow/.local/lib/python3.7/site-packages/airflow/example_dags/example_branch_labels.py for tasks to queue
[2022-08-21 13:43:26,334] {logging_mixin.py:115} INFO - [2022-08-21 13:43:26,334] {dagbag.py:508} INFO - Filling up the DagBag from /home/airflow/.local/lib/python3.7/site-packages/airflow/example_dags/example_branch_labels.py
[2022-08-21 13:43:26,344] {processor.py:651} INFO - DAG(s) dict_keys(['example_branch_labels']) retrieved from /home/airflow/.local/lib/python3.7/site-packages/airflow/example_dags/example_branch_labels.py
[2022-08-21 13:43:26,374] {logging_mixin.py:115} INFO - [2022-08-21 13:43:26,374] {dag.py:2420} INFO - Sync 1 DAGs
[2022-08-21 13:43:26,404] {logging_mixin.py:115} INFO - [2022-08-21 13:43:26,404] {dag.py:2972} INFO - Setting next_dagrun for example_branch_labels to 2022-08-20T00:00:00+00:00, run_after=2022-08-21T00:00:00+00:00
[2022-08-21 13:43:26,424] {processor.py:161} INFO - Processing /home/airflow/.local/lib/python3.7/site-packages/airflow/example_dags/example_branch_labels.py took 0.096 seconds
[2022-08-21 13:43:56,784] {processor.py:153} INFO - Started process (PID=3038) to work on /home/airflow/.local/lib/python3.7/site-packages/airflow/example_dags/example_branch_labels.py
[2022-08-21 13:43:56,785] {processor.py:641} INFO - Processing file /home/airflow/.local/lib/python3.7/site-packages/airflow/example_dags/example_branch_labels.py for tasks to queue
[2022-08-21 13:43:56,786] {logging_mixin.py:115} INFO - [2022-08-21 13:43:56,786] {dagbag.py:508} INFO - Filling up the DagBag from /home/airflow/.local/lib/python3.7/site-packages/airflow/example_dags/example_branch_labels.py
[2022-08-21 13:43:56,793] {processor.py:651} INFO - DAG(s) dict_keys(['example_branch_labels']) retrieved from /home/airflow/.local/lib/python3.7/site-packages/airflow/example_dags/example_branch_labels.py
[2022-08-21 13:43:56,822] {logging_mixin.py:115} INFO - [2022-08-21 13:43:56,822] {dag.py:2420} INFO - Sync 1 DAGs
[2022-08-21 13:43:56,844] {logging_mixin.py:115} INFO - [2022-08-21 13:43:56,844] {dag.py:2972} INFO - Setting next_dagrun for example_branch_labels to 2022-08-20T00:00:00+00:00, run_after=2022-08-21T00:00:00+00:00
[2022-08-21 13:43:56,858] {processor.py:161} INFO - Processing /home/airflow/.local/lib/python3.7/site-packages/airflow/example_dags/example_branch_labels.py took 0.076 seconds
[2022-08-21 13:44:27,695] {processor.py:153} INFO - Started process (PID=3099) to work on /home/airflow/.local/lib/python3.7/site-packages/airflow/example_dags/example_branch_labels.py
[2022-08-21 13:44:27,696] {processor.py:641} INFO - Processing file /home/airflow/.local/lib/python3.7/site-packages/airflow/example_dags/example_branch_labels.py for tasks to queue
[2022-08-21 13:44:27,697] {logging_mixin.py:115} INFO - [2022-08-21 13:44:27,697] {dagbag.py:508} INFO - Filling up the DagBag from /home/airflow/.local/lib/python3.7/site-packages/airflow/example_dags/example_branch_labels.py
[2022-08-21 13:44:27,706] {processor.py:651} INFO - DAG(s) dict_keys(['example_branch_labels']) retrieved from /home/airflow/.local/lib/python3.7/site-packages/airflow/example_dags/example_branch_labels.py
[2022-08-21 13:44:27,736] {logging_mixin.py:115} INFO - [2022-08-21 13:44:27,736] {dag.py:2420} INFO - Sync 1 DAGs
[2022-08-21 13:44:27,762] {logging_mixin.py:115} INFO - [2022-08-21 13:44:27,762] {dag.py:2972} INFO - Setting next_dagrun for example_branch_labels to 2022-08-20T00:00:00+00:00, run_after=2022-08-21T00:00:00+00:00
[2022-08-21 13:44:27,776] {processor.py:161} INFO - Processing /home/airflow/.local/lib/python3.7/site-packages/airflow/example_dags/example_branch_labels.py took 0.085 seconds
[2022-08-21 13:44:58,583] {processor.py:153} INFO - Started process (PID=3158) to work on /home/airflow/.local/lib/python3.7/site-packages/airflow/example_dags/example_branch_labels.py
[2022-08-21 13:44:58,583] {processor.py:641} INFO - Processing file /home/airflow/.local/lib/python3.7/site-packages/airflow/example_dags/example_branch_labels.py for tasks to queue
[2022-08-21 13:44:58,584] {logging_mixin.py:115} INFO - [2022-08-21 13:44:58,584] {dagbag.py:508} INFO - Filling up the DagBag from /home/airflow/.local/lib/python3.7/site-packages/airflow/example_dags/example_branch_labels.py
[2022-08-21 13:44:58,591] {processor.py:651} INFO - DAG(s) dict_keys(['example_branch_labels']) retrieved from /home/airflow/.local/lib/python3.7/site-packages/airflow/example_dags/example_branch_labels.py
[2022-08-21 13:44:58,625] {logging_mixin.py:115} INFO - [2022-08-21 13:44:58,625] {dag.py:2420} INFO - Sync 1 DAGs
[2022-08-21 13:44:58,654] {logging_mixin.py:115} INFO - [2022-08-21 13:44:58,654] {dag.py:2972} INFO - Setting next_dagrun for example_branch_labels to 2022-08-20T00:00:00+00:00, run_after=2022-08-21T00:00:00+00:00
[2022-08-21 13:44:58,674] {processor.py:161} INFO - Processing /home/airflow/.local/lib/python3.7/site-packages/airflow/example_dags/example_branch_labels.py took 0.096 seconds
[2022-08-21 13:45:29,510] {processor.py:153} INFO - Started process (PID=3212) to work on /home/airflow/.local/lib/python3.7/site-packages/airflow/example_dags/example_branch_labels.py
[2022-08-21 13:45:29,510] {processor.py:641} INFO - Processing file /home/airflow/.local/lib/python3.7/site-packages/airflow/example_dags/example_branch_labels.py for tasks to queue
[2022-08-21 13:45:29,511] {logging_mixin.py:115} INFO - [2022-08-21 13:45:29,511] {dagbag.py:508} INFO - Filling up the DagBag from /home/airflow/.local/lib/python3.7/site-packages/airflow/example_dags/example_branch_labels.py
[2022-08-21 13:45:29,520] {processor.py:651} INFO - DAG(s) dict_keys(['example_branch_labels']) retrieved from /home/airflow/.local/lib/python3.7/site-packages/airflow/example_dags/example_branch_labels.py
[2022-08-21 13:45:29,550] {logging_mixin.py:115} INFO - [2022-08-21 13:45:29,550] {dag.py:2420} INFO - Sync 1 DAGs
[2022-08-21 13:45:29,577] {logging_mixin.py:115} INFO - [2022-08-21 13:45:29,576] {dag.py:2972} INFO - Setting next_dagrun for example_branch_labels to 2022-08-21T00:00:00+00:00, run_after=2022-08-22T00:00:00+00:00
[2022-08-21 13:45:29,592] {processor.py:161} INFO - Processing /home/airflow/.local/lib/python3.7/site-packages/airflow/example_dags/example_branch_labels.py took 0.086 seconds
[2022-08-21 13:45:59,663] {processor.py:153} INFO - Started process (PID=3273) to work on /home/airflow/.local/lib/python3.7/site-packages/airflow/example_dags/example_branch_labels.py
[2022-08-21 13:45:59,664] {processor.py:641} INFO - Processing file /home/airflow/.local/lib/python3.7/site-packages/airflow/example_dags/example_branch_labels.py for tasks to queue
[2022-08-21 13:45:59,665] {logging_mixin.py:115} INFO - [2022-08-21 13:45:59,665] {dagbag.py:508} INFO - Filling up the DagBag from /home/airflow/.local/lib/python3.7/site-packages/airflow/example_dags/example_branch_labels.py
[2022-08-21 13:45:59,672] {processor.py:651} INFO - DAG(s) dict_keys(['example_branch_labels']) retrieved from /home/airflow/.local/lib/python3.7/site-packages/airflow/example_dags/example_branch_labels.py
[2022-08-21 13:45:59,701] {logging_mixin.py:115} INFO - [2022-08-21 13:45:59,701] {dag.py:2420} INFO - Sync 1 DAGs
[2022-08-21 13:45:59,727] {logging_mixin.py:115} INFO - [2022-08-21 13:45:59,726] {dag.py:2972} INFO - Setting next_dagrun for example_branch_labels to 2022-08-21T00:00:00+00:00, run_after=2022-08-22T00:00:00+00:00
[2022-08-21 13:45:59,737] {processor.py:161} INFO - Processing /home/airflow/.local/lib/python3.7/site-packages/airflow/example_dags/example_branch_labels.py took 0.076 seconds
[2022-08-21 13:46:30,648] {processor.py:153} INFO - Started process (PID=3325) to work on /home/airflow/.local/lib/python3.7/site-packages/airflow/example_dags/example_branch_labels.py
[2022-08-21 13:46:30,649] {processor.py:641} INFO - Processing file /home/airflow/.local/lib/python3.7/site-packages/airflow/example_dags/example_branch_labels.py for tasks to queue
[2022-08-21 13:46:30,650] {logging_mixin.py:115} INFO - [2022-08-21 13:46:30,650] {dagbag.py:508} INFO - Filling up the DagBag from /home/airflow/.local/lib/python3.7/site-packages/airflow/example_dags/example_branch_labels.py
[2022-08-21 13:46:30,656] {processor.py:651} INFO - DAG(s) dict_keys(['example_branch_labels']) retrieved from /home/airflow/.local/lib/python3.7/site-packages/airflow/example_dags/example_branch_labels.py
[2022-08-21 13:46:30,682] {logging_mixin.py:115} INFO - [2022-08-21 13:46:30,682] {dag.py:2420} INFO - Sync 1 DAGs
[2022-08-21 13:46:30,702] {logging_mixin.py:115} INFO - [2022-08-21 13:46:30,702] {dag.py:2972} INFO - Setting next_dagrun for example_branch_labels to 2022-08-21T00:00:00+00:00, run_after=2022-08-22T00:00:00+00:00
[2022-08-21 13:46:30,721] {processor.py:161} INFO - Processing /home/airflow/.local/lib/python3.7/site-packages/airflow/example_dags/example_branch_labels.py took 0.075 seconds
[2022-08-21 13:47:00,875] {processor.py:153} INFO - Started process (PID=3388) to work on /home/airflow/.local/lib/python3.7/site-packages/airflow/example_dags/example_branch_labels.py
[2022-08-21 13:47:00,876] {processor.py:641} INFO - Processing file /home/airflow/.local/lib/python3.7/site-packages/airflow/example_dags/example_branch_labels.py for tasks to queue
[2022-08-21 13:47:00,876] {logging_mixin.py:115} INFO - [2022-08-21 13:47:00,876] {dagbag.py:508} INFO - Filling up the DagBag from /home/airflow/.local/lib/python3.7/site-packages/airflow/example_dags/example_branch_labels.py
[2022-08-21 13:47:00,885] {processor.py:651} INFO - DAG(s) dict_keys(['example_branch_labels']) retrieved from /home/airflow/.local/lib/python3.7/site-packages/airflow/example_dags/example_branch_labels.py
[2022-08-21 13:47:00,910] {logging_mixin.py:115} INFO - [2022-08-21 13:47:00,910] {dag.py:2420} INFO - Sync 1 DAGs
[2022-08-21 13:47:00,931] {logging_mixin.py:115} INFO - [2022-08-21 13:47:00,931] {dag.py:2972} INFO - Setting next_dagrun for example_branch_labels to 2022-08-21T00:00:00+00:00, run_after=2022-08-22T00:00:00+00:00
[2022-08-21 13:47:00,946] {processor.py:161} INFO - Processing /home/airflow/.local/lib/python3.7/site-packages/airflow/example_dags/example_branch_labels.py took 0.074 seconds
[2022-08-21 13:47:31,729] {processor.py:153} INFO - Started process (PID=3450) to work on /home/airflow/.local/lib/python3.7/site-packages/airflow/example_dags/example_branch_labels.py
[2022-08-21 13:47:31,730] {processor.py:641} INFO - Processing file /home/airflow/.local/lib/python3.7/site-packages/airflow/example_dags/example_branch_labels.py for tasks to queue
[2022-08-21 13:47:31,730] {logging_mixin.py:115} INFO - [2022-08-21 13:47:31,730] {dagbag.py:508} INFO - Filling up the DagBag from /home/airflow/.local/lib/python3.7/site-packages/airflow/example_dags/example_branch_labels.py
[2022-08-21 13:47:31,737] {processor.py:651} INFO - DAG(s) dict_keys(['example_branch_labels']) retrieved from /home/airflow/.local/lib/python3.7/site-packages/airflow/example_dags/example_branch_labels.py
[2022-08-21 13:47:31,761] {logging_mixin.py:115} INFO - [2022-08-21 13:47:31,761] {dag.py:2420} INFO - Sync 1 DAGs
[2022-08-21 13:47:31,782] {logging_mixin.py:115} INFO - [2022-08-21 13:47:31,782] {dag.py:2972} INFO - Setting next_dagrun for example_branch_labels to 2022-08-21T00:00:00+00:00, run_after=2022-08-22T00:00:00+00:00
[2022-08-21 13:47:31,799] {processor.py:161} INFO - Processing /home/airflow/.local/lib/python3.7/site-packages/airflow/example_dags/example_branch_labels.py took 0.073 seconds
[2022-08-21 13:48:02,540] {processor.py:153} INFO - Started process (PID=3502) to work on /home/airflow/.local/lib/python3.7/site-packages/airflow/example_dags/example_branch_labels.py
[2022-08-21 13:48:02,542] {processor.py:641} INFO - Processing file /home/airflow/.local/lib/python3.7/site-packages/airflow/example_dags/example_branch_labels.py for tasks to queue
[2022-08-21 13:48:02,542] {logging_mixin.py:115} INFO - [2022-08-21 13:48:02,542] {dagbag.py:508} INFO - Filling up the DagBag from /home/airflow/.local/lib/python3.7/site-packages/airflow/example_dags/example_branch_labels.py
[2022-08-21 13:48:02,553] {processor.py:651} INFO - DAG(s) dict_keys(['example_branch_labels']) retrieved from /home/airflow/.local/lib/python3.7/site-packages/airflow/example_dags/example_branch_labels.py
[2022-08-21 13:48:02,585] {logging_mixin.py:115} INFO - [2022-08-21 13:48:02,585] {dag.py:2420} INFO - Sync 1 DAGs
[2022-08-21 13:48:02,609] {logging_mixin.py:115} INFO - [2022-08-21 13:48:02,609] {dag.py:2972} INFO - Setting next_dagrun for example_branch_labels to 2022-08-21T00:00:00+00:00, run_after=2022-08-22T00:00:00+00:00
[2022-08-21 13:48:02,626] {processor.py:161} INFO - Processing /home/airflow/.local/lib/python3.7/site-packages/airflow/example_dags/example_branch_labels.py took 0.090 seconds
[2022-08-21 13:48:33,481] {processor.py:153} INFO - Started process (PID=3564) to work on /home/airflow/.local/lib/python3.7/site-packages/airflow/example_dags/example_branch_labels.py
[2022-08-21 13:48:33,482] {processor.py:641} INFO - Processing file /home/airflow/.local/lib/python3.7/site-packages/airflow/example_dags/example_branch_labels.py for tasks to queue
[2022-08-21 13:48:33,482] {logging_mixin.py:115} INFO - [2022-08-21 13:48:33,482] {dagbag.py:508} INFO - Filling up the DagBag from /home/airflow/.local/lib/python3.7/site-packages/airflow/example_dags/example_branch_labels.py
[2022-08-21 13:48:33,489] {processor.py:651} INFO - DAG(s) dict_keys(['example_branch_labels']) retrieved from /home/airflow/.local/lib/python3.7/site-packages/airflow/example_dags/example_branch_labels.py
[2022-08-21 13:48:33,515] {logging_mixin.py:115} INFO - [2022-08-21 13:48:33,515] {dag.py:2420} INFO - Sync 1 DAGs
[2022-08-21 13:48:33,536] {logging_mixin.py:115} INFO - [2022-08-21 13:48:33,536] {dag.py:2972} INFO - Setting next_dagrun for example_branch_labels to 2022-08-21T00:00:00+00:00, run_after=2022-08-22T00:00:00+00:00
[2022-08-21 13:48:33,555] {processor.py:161} INFO - Processing /home/airflow/.local/lib/python3.7/site-packages/airflow/example_dags/example_branch_labels.py took 0.077 seconds
[2022-08-21 13:49:04,093] {processor.py:153} INFO - Started process (PID=3626) to work on /home/airflow/.local/lib/python3.7/site-packages/airflow/example_dags/example_branch_labels.py
[2022-08-21 13:49:04,094] {processor.py:641} INFO - Processing file /home/airflow/.local/lib/python3.7/site-packages/airflow/example_dags/example_branch_labels.py for tasks to queue
[2022-08-21 13:49:04,094] {logging_mixin.py:115} INFO - [2022-08-21 13:49:04,094] {dagbag.py:508} INFO - Filling up the DagBag from /home/airflow/.local/lib/python3.7/site-packages/airflow/example_dags/example_branch_labels.py
[2022-08-21 13:49:04,100] {processor.py:651} INFO - DAG(s) dict_keys(['example_branch_labels']) retrieved from /home/airflow/.local/lib/python3.7/site-packages/airflow/example_dags/example_branch_labels.py
[2022-08-21 13:49:04,126] {logging_mixin.py:115} INFO - [2022-08-21 13:49:04,126] {dag.py:2420} INFO - Sync 1 DAGs
[2022-08-21 13:49:04,147] {logging_mixin.py:115} INFO - [2022-08-21 13:49:04,147] {dag.py:2972} INFO - Setting next_dagrun for example_branch_labels to 2022-08-21T00:00:00+00:00, run_after=2022-08-22T00:00:00+00:00
[2022-08-21 13:49:04,165] {processor.py:161} INFO - Processing /home/airflow/.local/lib/python3.7/site-packages/airflow/example_dags/example_branch_labels.py took 0.075 seconds
[2022-08-21 13:49:35,088] {processor.py:153} INFO - Started process (PID=3678) to work on /home/airflow/.local/lib/python3.7/site-packages/airflow/example_dags/example_branch_labels.py
[2022-08-21 13:49:35,088] {processor.py:641} INFO - Processing file /home/airflow/.local/lib/python3.7/site-packages/airflow/example_dags/example_branch_labels.py for tasks to queue
[2022-08-21 13:49:35,089] {logging_mixin.py:115} INFO - [2022-08-21 13:49:35,089] {dagbag.py:508} INFO - Filling up the DagBag from /home/airflow/.local/lib/python3.7/site-packages/airflow/example_dags/example_branch_labels.py
[2022-08-21 13:49:35,097] {processor.py:651} INFO - DAG(s) dict_keys(['example_branch_labels']) retrieved from /home/airflow/.local/lib/python3.7/site-packages/airflow/example_dags/example_branch_labels.py
[2022-08-21 13:49:35,119] {logging_mixin.py:115} INFO - [2022-08-21 13:49:35,119] {dag.py:2420} INFO - Sync 1 DAGs
[2022-08-21 13:49:35,141] {logging_mixin.py:115} INFO - [2022-08-21 13:49:35,141] {dag.py:2972} INFO - Setting next_dagrun for example_branch_labels to 2022-08-21T00:00:00+00:00, run_after=2022-08-22T00:00:00+00:00
[2022-08-21 13:49:35,159] {processor.py:161} INFO - Processing /home/airflow/.local/lib/python3.7/site-packages/airflow/example_dags/example_branch_labels.py took 0.074 seconds
[2022-08-21 13:50:06,091] {processor.py:153} INFO - Started process (PID=3739) to work on /home/airflow/.local/lib/python3.7/site-packages/airflow/example_dags/example_branch_labels.py
[2022-08-21 13:50:06,092] {processor.py:641} INFO - Processing file /home/airflow/.local/lib/python3.7/site-packages/airflow/example_dags/example_branch_labels.py for tasks to queue
[2022-08-21 13:50:06,094] {logging_mixin.py:115} INFO - [2022-08-21 13:50:06,093] {dagbag.py:508} INFO - Filling up the DagBag from /home/airflow/.local/lib/python3.7/site-packages/airflow/example_dags/example_branch_labels.py
[2022-08-21 13:50:06,102] {processor.py:651} INFO - DAG(s) dict_keys(['example_branch_labels']) retrieved from /home/airflow/.local/lib/python3.7/site-packages/airflow/example_dags/example_branch_labels.py
[2022-08-21 13:50:06,131] {logging_mixin.py:115} INFO - [2022-08-21 13:50:06,131] {dag.py:2420} INFO - Sync 1 DAGs
[2022-08-21 13:50:06,152] {logging_mixin.py:115} INFO - [2022-08-21 13:50:06,152] {dag.py:2972} INFO - Setting next_dagrun for example_branch_labels to 2022-08-21T00:00:00+00:00, run_after=2022-08-22T00:00:00+00:00
[2022-08-21 13:50:06,163] {processor.py:161} INFO - Processing /home/airflow/.local/lib/python3.7/site-packages/airflow/example_dags/example_branch_labels.py took 0.075 seconds
[2022-08-21 13:50:36,268] {processor.py:153} INFO - Started process (PID=3801) to work on /home/airflow/.local/lib/python3.7/site-packages/airflow/example_dags/example_branch_labels.py
[2022-08-21 13:50:36,269] {processor.py:641} INFO - Processing file /home/airflow/.local/lib/python3.7/site-packages/airflow/example_dags/example_branch_labels.py for tasks to queue
[2022-08-21 13:50:36,269] {logging_mixin.py:115} INFO - [2022-08-21 13:50:36,269] {dagbag.py:508} INFO - Filling up the DagBag from /home/airflow/.local/lib/python3.7/site-packages/airflow/example_dags/example_branch_labels.py
[2022-08-21 13:50:36,277] {processor.py:651} INFO - DAG(s) dict_keys(['example_branch_labels']) retrieved from /home/airflow/.local/lib/python3.7/site-packages/airflow/example_dags/example_branch_labels.py
[2022-08-21 13:50:36,303] {logging_mixin.py:115} INFO - [2022-08-21 13:50:36,303] {dag.py:2420} INFO - Sync 1 DAGs
[2022-08-21 13:50:36,331] {logging_mixin.py:115} INFO - [2022-08-21 13:50:36,331] {dag.py:2972} INFO - Setting next_dagrun for example_branch_labels to 2022-08-21T00:00:00+00:00, run_after=2022-08-22T00:00:00+00:00
[2022-08-21 13:50:36,346] {processor.py:161} INFO - Processing /home/airflow/.local/lib/python3.7/site-packages/airflow/example_dags/example_branch_labels.py took 0.082 seconds
[2022-08-21 13:51:06,473] {processor.py:153} INFO - Started process (PID=3853) to work on /home/airflow/.local/lib/python3.7/site-packages/airflow/example_dags/example_branch_labels.py
[2022-08-21 13:51:06,474] {processor.py:641} INFO - Processing file /home/airflow/.local/lib/python3.7/site-packages/airflow/example_dags/example_branch_labels.py for tasks to queue
[2022-08-21 13:51:06,474] {logging_mixin.py:115} INFO - [2022-08-21 13:51:06,474] {dagbag.py:508} INFO - Filling up the DagBag from /home/airflow/.local/lib/python3.7/site-packages/airflow/example_dags/example_branch_labels.py
[2022-08-21 13:51:06,483] {processor.py:651} INFO - DAG(s) dict_keys(['example_branch_labels']) retrieved from /home/airflow/.local/lib/python3.7/site-packages/airflow/example_dags/example_branch_labels.py
[2022-08-21 13:51:06,517] {logging_mixin.py:115} INFO - [2022-08-21 13:51:06,517] {dag.py:2420} INFO - Sync 1 DAGs
[2022-08-21 13:51:06,543] {logging_mixin.py:115} INFO - [2022-08-21 13:51:06,543] {dag.py:2972} INFO - Setting next_dagrun for example_branch_labels to 2022-08-21T00:00:00+00:00, run_after=2022-08-22T00:00:00+00:00
[2022-08-21 13:51:06,569] {processor.py:161} INFO - Processing /home/airflow/.local/lib/python3.7/site-packages/airflow/example_dags/example_branch_labels.py took 0.100 seconds
[2022-08-21 13:51:36,631] {processor.py:153} INFO - Started process (PID=3914) to work on /home/airflow/.local/lib/python3.7/site-packages/airflow/example_dags/example_branch_labels.py
[2022-08-21 13:51:36,632] {processor.py:641} INFO - Processing file /home/airflow/.local/lib/python3.7/site-packages/airflow/example_dags/example_branch_labels.py for tasks to queue
[2022-08-21 13:51:36,633] {logging_mixin.py:115} INFO - [2022-08-21 13:51:36,633] {dagbag.py:508} INFO - Filling up the DagBag from /home/airflow/.local/lib/python3.7/site-packages/airflow/example_dags/example_branch_labels.py
[2022-08-21 13:51:36,641] {processor.py:651} INFO - DAG(s) dict_keys(['example_branch_labels']) retrieved from /home/airflow/.local/lib/python3.7/site-packages/airflow/example_dags/example_branch_labels.py
[2022-08-21 13:51:36,672] {logging_mixin.py:115} INFO - [2022-08-21 13:51:36,672] {dag.py:2420} INFO - Sync 1 DAGs
[2022-08-21 13:51:36,693] {logging_mixin.py:115} INFO - [2022-08-21 13:51:36,693] {dag.py:2972} INFO - Setting next_dagrun for example_branch_labels to 2022-08-21T00:00:00+00:00, run_after=2022-08-22T00:00:00+00:00
[2022-08-21 13:51:36,708] {processor.py:161} INFO - Processing /home/airflow/.local/lib/python3.7/site-packages/airflow/example_dags/example_branch_labels.py took 0.081 seconds
[2022-08-21 13:52:06,753] {processor.py:153} INFO - Started process (PID=3975) to work on /home/airflow/.local/lib/python3.7/site-packages/airflow/example_dags/example_branch_labels.py
[2022-08-21 13:52:06,754] {processor.py:641} INFO - Processing file /home/airflow/.local/lib/python3.7/site-packages/airflow/example_dags/example_branch_labels.py for tasks to queue
[2022-08-21 13:52:06,755] {logging_mixin.py:115} INFO - [2022-08-21 13:52:06,755] {dagbag.py:508} INFO - Filling up the DagBag from /home/airflow/.local/lib/python3.7/site-packages/airflow/example_dags/example_branch_labels.py
[2022-08-21 13:52:06,761] {processor.py:651} INFO - DAG(s) dict_keys(['example_branch_labels']) retrieved from /home/airflow/.local/lib/python3.7/site-packages/airflow/example_dags/example_branch_labels.py
[2022-08-21 13:52:06,793] {logging_mixin.py:115} INFO - [2022-08-21 13:52:06,793] {dag.py:2420} INFO - Sync 1 DAGs
[2022-08-21 13:52:06,820] {logging_mixin.py:115} INFO - [2022-08-21 13:52:06,820] {dag.py:2972} INFO - Setting next_dagrun for example_branch_labels to 2022-08-21T00:00:00+00:00, run_after=2022-08-22T00:00:00+00:00
[2022-08-21 13:52:06,838] {processor.py:161} INFO - Processing /home/airflow/.local/lib/python3.7/site-packages/airflow/example_dags/example_branch_labels.py took 0.088 seconds
[2022-08-21 13:52:36,932] {processor.py:153} INFO - Started process (PID=4026) to work on /home/airflow/.local/lib/python3.7/site-packages/airflow/example_dags/example_branch_labels.py
[2022-08-21 13:52:36,932] {processor.py:641} INFO - Processing file /home/airflow/.local/lib/python3.7/site-packages/airflow/example_dags/example_branch_labels.py for tasks to queue
[2022-08-21 13:52:36,933] {logging_mixin.py:115} INFO - [2022-08-21 13:52:36,933] {dagbag.py:508} INFO - Filling up the DagBag from /home/airflow/.local/lib/python3.7/site-packages/airflow/example_dags/example_branch_labels.py
[2022-08-21 13:52:36,939] {processor.py:651} INFO - DAG(s) dict_keys(['example_branch_labels']) retrieved from /home/airflow/.local/lib/python3.7/site-packages/airflow/example_dags/example_branch_labels.py
[2022-08-21 13:52:36,962] {logging_mixin.py:115} INFO - [2022-08-21 13:52:36,962] {dag.py:2420} INFO - Sync 1 DAGs
[2022-08-21 13:52:36,983] {logging_mixin.py:115} INFO - [2022-08-21 13:52:36,983] {dag.py:2972} INFO - Setting next_dagrun for example_branch_labels to 2022-08-21T00:00:00+00:00, run_after=2022-08-22T00:00:00+00:00
[2022-08-21 13:52:37,001] {processor.py:161} INFO - Processing /home/airflow/.local/lib/python3.7/site-packages/airflow/example_dags/example_branch_labels.py took 0.072 seconds
[2022-08-21 13:53:07,674] {processor.py:153} INFO - Started process (PID=4088) to work on /home/airflow/.local/lib/python3.7/site-packages/airflow/example_dags/example_branch_labels.py
[2022-08-21 13:53:07,675] {processor.py:641} INFO - Processing file /home/airflow/.local/lib/python3.7/site-packages/airflow/example_dags/example_branch_labels.py for tasks to queue
[2022-08-21 13:53:07,677] {logging_mixin.py:115} INFO - [2022-08-21 13:53:07,677] {dagbag.py:508} INFO - Filling up the DagBag from /home/airflow/.local/lib/python3.7/site-packages/airflow/example_dags/example_branch_labels.py
[2022-08-21 13:53:07,685] {processor.py:651} INFO - DAG(s) dict_keys(['example_branch_labels']) retrieved from /home/airflow/.local/lib/python3.7/site-packages/airflow/example_dags/example_branch_labels.py
[2022-08-21 13:53:07,714] {logging_mixin.py:115} INFO - [2022-08-21 13:53:07,714] {dag.py:2420} INFO - Sync 1 DAGs
[2022-08-21 13:53:07,738] {logging_mixin.py:115} INFO - [2022-08-21 13:53:07,738] {dag.py:2972} INFO - Setting next_dagrun for example_branch_labels to 2022-08-21T00:00:00+00:00, run_after=2022-08-22T00:00:00+00:00
[2022-08-21 13:53:07,757] {processor.py:161} INFO - Processing /home/airflow/.local/lib/python3.7/site-packages/airflow/example_dags/example_branch_labels.py took 0.085 seconds
[2022-08-21 13:53:38,686] {processor.py:153} INFO - Started process (PID=4147) to work on /home/airflow/.local/lib/python3.7/site-packages/airflow/example_dags/example_branch_labels.py
[2022-08-21 13:53:38,686] {processor.py:641} INFO - Processing file /home/airflow/.local/lib/python3.7/site-packages/airflow/example_dags/example_branch_labels.py for tasks to queue
[2022-08-21 13:53:38,688] {logging_mixin.py:115} INFO - [2022-08-21 13:53:38,688] {dagbag.py:508} INFO - Filling up the DagBag from /home/airflow/.local/lib/python3.7/site-packages/airflow/example_dags/example_branch_labels.py
[2022-08-21 13:53:38,696] {processor.py:651} INFO - DAG(s) dict_keys(['example_branch_labels']) retrieved from /home/airflow/.local/lib/python3.7/site-packages/airflow/example_dags/example_branch_labels.py
[2022-08-21 13:53:38,727] {logging_mixin.py:115} INFO - [2022-08-21 13:53:38,726] {dag.py:2420} INFO - Sync 1 DAGs
[2022-08-21 13:53:38,752] {logging_mixin.py:115} INFO - [2022-08-21 13:53:38,752] {dag.py:2972} INFO - Setting next_dagrun for example_branch_labels to 2022-08-21T00:00:00+00:00, run_after=2022-08-22T00:00:00+00:00
[2022-08-21 13:53:38,773] {processor.py:161} INFO - Processing /home/airflow/.local/lib/python3.7/site-packages/airflow/example_dags/example_branch_labels.py took 0.090 seconds
