[2022-08-21 13:18:00,016] {processor.py:153} INFO - Started process (PID=74) to work on /home/airflow/.local/lib/python3.7/site-packages/airflow/example_dags/example_latest_only_with_trigger.py
[2022-08-21 13:18:00,021] {processor.py:641} INFO - Processing file /home/airflow/.local/lib/python3.7/site-packages/airflow/example_dags/example_latest_only_with_trigger.py for tasks to queue
[2022-08-21 13:18:00,023] {logging_mixin.py:115} INFO - [2022-08-21 13:18:00,023] {dagbag.py:508} INFO - Filling up the DagBag from /home/airflow/.local/lib/python3.7/site-packages/airflow/example_dags/example_latest_only_with_trigger.py
[2022-08-21 13:18:00,031] {processor.py:651} INFO - DAG(s) dict_keys(['latest_only_with_trigger']) retrieved from /home/airflow/.local/lib/python3.7/site-packages/airflow/example_dags/example_latest_only_with_trigger.py
[2022-08-21 13:18:00,079] {logging_mixin.py:115} INFO - [2022-08-21 13:18:00,078] {dag.py:2420} INFO - Sync 1 DAGs
[2022-08-21 13:18:00,113] {logging_mixin.py:115} INFO - [2022-08-21 13:18:00,113] {dag.py:2972} INFO - Setting next_dagrun for latest_only_with_trigger to 2022-08-21T09:18:00.113071+00:00, run_after=2022-08-21T13:18:00.113071+00:00
[2022-08-21 13:18:00,137] {processor.py:161} INFO - Processing /home/airflow/.local/lib/python3.7/site-packages/airflow/example_dags/example_latest_only_with_trigger.py took 0.128 seconds
[2022-08-21 13:18:30,308] {processor.py:153} INFO - Started process (PID=127) to work on /home/airflow/.local/lib/python3.7/site-packages/airflow/example_dags/example_latest_only_with_trigger.py
[2022-08-21 13:18:30,309] {processor.py:641} INFO - Processing file /home/airflow/.local/lib/python3.7/site-packages/airflow/example_dags/example_latest_only_with_trigger.py for tasks to queue
[2022-08-21 13:18:30,310] {logging_mixin.py:115} INFO - [2022-08-21 13:18:30,310] {dagbag.py:508} INFO - Filling up the DagBag from /home/airflow/.local/lib/python3.7/site-packages/airflow/example_dags/example_latest_only_with_trigger.py
[2022-08-21 13:18:30,317] {processor.py:651} INFO - DAG(s) dict_keys(['latest_only_with_trigger']) retrieved from /home/airflow/.local/lib/python3.7/site-packages/airflow/example_dags/example_latest_only_with_trigger.py
[2022-08-21 13:18:30,340] {logging_mixin.py:115} INFO - [2022-08-21 13:18:30,340] {dag.py:2420} INFO - Sync 1 DAGs
[2022-08-21 13:18:30,362] {logging_mixin.py:115} INFO - [2022-08-21 13:18:30,362] {dag.py:2972} INFO - Setting next_dagrun for latest_only_with_trigger to 2022-08-21T09:18:30.361846+00:00, run_after=2022-08-21T13:18:30.361846+00:00
[2022-08-21 13:18:30,380] {processor.py:161} INFO - Processing /home/airflow/.local/lib/python3.7/site-packages/airflow/example_dags/example_latest_only_with_trigger.py took 0.075 seconds
[2022-08-21 13:19:00,578] {processor.py:153} INFO - Started process (PID=190) to work on /home/airflow/.local/lib/python3.7/site-packages/airflow/example_dags/example_latest_only_with_trigger.py
[2022-08-21 13:19:00,579] {processor.py:641} INFO - Processing file /home/airflow/.local/lib/python3.7/site-packages/airflow/example_dags/example_latest_only_with_trigger.py for tasks to queue
[2022-08-21 13:19:00,580] {logging_mixin.py:115} INFO - [2022-08-21 13:19:00,579] {dagbag.py:508} INFO - Filling up the DagBag from /home/airflow/.local/lib/python3.7/site-packages/airflow/example_dags/example_latest_only_with_trigger.py
[2022-08-21 13:19:00,584] {processor.py:651} INFO - DAG(s) dict_keys(['latest_only_with_trigger']) retrieved from /home/airflow/.local/lib/python3.7/site-packages/airflow/example_dags/example_latest_only_with_trigger.py
[2022-08-21 13:19:00,607] {logging_mixin.py:115} INFO - [2022-08-21 13:19:00,607] {dag.py:2420} INFO - Sync 1 DAGs
[2022-08-21 13:19:00,627] {logging_mixin.py:115} INFO - [2022-08-21 13:19:00,627] {dag.py:2972} INFO - Setting next_dagrun for latest_only_with_trigger to 2022-08-21T09:19:00.627429+00:00, run_after=2022-08-21T13:19:00.627429+00:00
[2022-08-21 13:19:00,645] {processor.py:161} INFO - Processing /home/airflow/.local/lib/python3.7/site-packages/airflow/example_dags/example_latest_only_with_trigger.py took 0.070 seconds
[2022-08-21 13:19:31,380] {processor.py:153} INFO - Started process (PID=252) to work on /home/airflow/.local/lib/python3.7/site-packages/airflow/example_dags/example_latest_only_with_trigger.py
[2022-08-21 13:19:31,381] {processor.py:641} INFO - Processing file /home/airflow/.local/lib/python3.7/site-packages/airflow/example_dags/example_latest_only_with_trigger.py for tasks to queue
[2022-08-21 13:19:31,382] {logging_mixin.py:115} INFO - [2022-08-21 13:19:31,382] {dagbag.py:508} INFO - Filling up the DagBag from /home/airflow/.local/lib/python3.7/site-packages/airflow/example_dags/example_latest_only_with_trigger.py
[2022-08-21 13:19:31,388] {processor.py:651} INFO - DAG(s) dict_keys(['latest_only_with_trigger']) retrieved from /home/airflow/.local/lib/python3.7/site-packages/airflow/example_dags/example_latest_only_with_trigger.py
[2022-08-21 13:19:31,415] {logging_mixin.py:115} INFO - [2022-08-21 13:19:31,415] {dag.py:2420} INFO - Sync 1 DAGs
[2022-08-21 13:19:31,436] {logging_mixin.py:115} INFO - [2022-08-21 13:19:31,436] {dag.py:2972} INFO - Setting next_dagrun for latest_only_with_trigger to 2022-08-21T09:19:31.435813+00:00, run_after=2022-08-21T13:19:31.435813+00:00
[2022-08-21 13:19:31,456] {processor.py:161} INFO - Processing /home/airflow/.local/lib/python3.7/site-packages/airflow/example_dags/example_latest_only_with_trigger.py took 0.080 seconds
[2022-08-21 13:20:01,827] {processor.py:153} INFO - Started process (PID=304) to work on /home/airflow/.local/lib/python3.7/site-packages/airflow/example_dags/example_latest_only_with_trigger.py
[2022-08-21 13:20:01,827] {processor.py:641} INFO - Processing file /home/airflow/.local/lib/python3.7/site-packages/airflow/example_dags/example_latest_only_with_trigger.py for tasks to queue
[2022-08-21 13:20:01,828] {logging_mixin.py:115} INFO - [2022-08-21 13:20:01,828] {dagbag.py:508} INFO - Filling up the DagBag from /home/airflow/.local/lib/python3.7/site-packages/airflow/example_dags/example_latest_only_with_trigger.py
[2022-08-21 13:20:01,834] {processor.py:651} INFO - DAG(s) dict_keys(['latest_only_with_trigger']) retrieved from /home/airflow/.local/lib/python3.7/site-packages/airflow/example_dags/example_latest_only_with_trigger.py
[2022-08-21 13:20:01,915] {logging_mixin.py:115} INFO - [2022-08-21 13:20:01,915] {dag.py:2420} INFO - Sync 1 DAGs
[2022-08-21 13:20:01,939] {logging_mixin.py:115} INFO - [2022-08-21 13:20:01,938] {dag.py:2972} INFO - Setting next_dagrun for latest_only_with_trigger to 2022-08-21T09:20:01.938615+00:00, run_after=2022-08-21T13:20:01.938615+00:00
[2022-08-21 13:20:01,954] {processor.py:161} INFO - Processing /home/airflow/.local/lib/python3.7/site-packages/airflow/example_dags/example_latest_only_with_trigger.py took 0.130 seconds
[2022-08-21 13:20:32,049] {processor.py:153} INFO - Started process (PID=366) to work on /home/airflow/.local/lib/python3.7/site-packages/airflow/example_dags/example_latest_only_with_trigger.py
[2022-08-21 13:20:32,050] {processor.py:641} INFO - Processing file /home/airflow/.local/lib/python3.7/site-packages/airflow/example_dags/example_latest_only_with_trigger.py for tasks to queue
[2022-08-21 13:20:32,051] {logging_mixin.py:115} INFO - [2022-08-21 13:20:32,051] {dagbag.py:508} INFO - Filling up the DagBag from /home/airflow/.local/lib/python3.7/site-packages/airflow/example_dags/example_latest_only_with_trigger.py
[2022-08-21 13:20:32,056] {processor.py:651} INFO - DAG(s) dict_keys(['latest_only_with_trigger']) retrieved from /home/airflow/.local/lib/python3.7/site-packages/airflow/example_dags/example_latest_only_with_trigger.py
[2022-08-21 13:20:32,081] {logging_mixin.py:115} INFO - [2022-08-21 13:20:32,081] {dag.py:2420} INFO - Sync 1 DAGs
[2022-08-21 13:20:32,105] {logging_mixin.py:115} INFO - [2022-08-21 13:20:32,105] {dag.py:2972} INFO - Setting next_dagrun for latest_only_with_trigger to 2022-08-21T09:20:32.104930+00:00, run_after=2022-08-21T13:20:32.104930+00:00
[2022-08-21 13:20:32,117] {processor.py:161} INFO - Processing /home/airflow/.local/lib/python3.7/site-packages/airflow/example_dags/example_latest_only_with_trigger.py took 0.071 seconds
[2022-08-21 13:21:02,212] {processor.py:153} INFO - Started process (PID=427) to work on /home/airflow/.local/lib/python3.7/site-packages/airflow/example_dags/example_latest_only_with_trigger.py
[2022-08-21 13:21:02,213] {processor.py:641} INFO - Processing file /home/airflow/.local/lib/python3.7/site-packages/airflow/example_dags/example_latest_only_with_trigger.py for tasks to queue
[2022-08-21 13:21:02,214] {logging_mixin.py:115} INFO - [2022-08-21 13:21:02,214] {dagbag.py:508} INFO - Filling up the DagBag from /home/airflow/.local/lib/python3.7/site-packages/airflow/example_dags/example_latest_only_with_trigger.py
[2022-08-21 13:21:02,220] {processor.py:651} INFO - DAG(s) dict_keys(['latest_only_with_trigger']) retrieved from /home/airflow/.local/lib/python3.7/site-packages/airflow/example_dags/example_latest_only_with_trigger.py
[2022-08-21 13:21:02,246] {logging_mixin.py:115} INFO - [2022-08-21 13:21:02,246] {dag.py:2420} INFO - Sync 1 DAGs
[2022-08-21 13:21:02,269] {logging_mixin.py:115} INFO - [2022-08-21 13:21:02,268] {dag.py:2972} INFO - Setting next_dagrun for latest_only_with_trigger to 2022-08-21T09:21:02.268646+00:00, run_after=2022-08-21T13:21:02.268646+00:00
[2022-08-21 13:21:02,281] {processor.py:161} INFO - Processing /home/airflow/.local/lib/python3.7/site-packages/airflow/example_dags/example_latest_only_with_trigger.py took 0.073 seconds
[2022-08-21 13:21:32,615] {processor.py:153} INFO - Started process (PID=480) to work on /home/airflow/.local/lib/python3.7/site-packages/airflow/example_dags/example_latest_only_with_trigger.py
[2022-08-21 13:21:32,616] {processor.py:641} INFO - Processing file /home/airflow/.local/lib/python3.7/site-packages/airflow/example_dags/example_latest_only_with_trigger.py for tasks to queue
[2022-08-21 13:21:32,617] {logging_mixin.py:115} INFO - [2022-08-21 13:21:32,617] {dagbag.py:508} INFO - Filling up the DagBag from /home/airflow/.local/lib/python3.7/site-packages/airflow/example_dags/example_latest_only_with_trigger.py
[2022-08-21 13:21:32,621] {processor.py:651} INFO - DAG(s) dict_keys(['latest_only_with_trigger']) retrieved from /home/airflow/.local/lib/python3.7/site-packages/airflow/example_dags/example_latest_only_with_trigger.py
[2022-08-21 13:21:32,645] {logging_mixin.py:115} INFO - [2022-08-21 13:21:32,645] {dag.py:2420} INFO - Sync 1 DAGs
[2022-08-21 13:21:32,668] {logging_mixin.py:115} INFO - [2022-08-21 13:21:32,668] {dag.py:2972} INFO - Setting next_dagrun for latest_only_with_trigger to 2022-08-21T09:21:32.668052+00:00, run_after=2022-08-21T13:21:32.668052+00:00
[2022-08-21 13:21:32,681] {processor.py:161} INFO - Processing /home/airflow/.local/lib/python3.7/site-packages/airflow/example_dags/example_latest_only_with_trigger.py took 0.069 seconds
[2022-08-21 13:22:02,826] {processor.py:153} INFO - Started process (PID=541) to work on /home/airflow/.local/lib/python3.7/site-packages/airflow/example_dags/example_latest_only_with_trigger.py
[2022-08-21 13:22:02,827] {processor.py:641} INFO - Processing file /home/airflow/.local/lib/python3.7/site-packages/airflow/example_dags/example_latest_only_with_trigger.py for tasks to queue
[2022-08-21 13:22:02,828] {logging_mixin.py:115} INFO - [2022-08-21 13:22:02,828] {dagbag.py:508} INFO - Filling up the DagBag from /home/airflow/.local/lib/python3.7/site-packages/airflow/example_dags/example_latest_only_with_trigger.py
[2022-08-21 13:22:02,833] {processor.py:651} INFO - DAG(s) dict_keys(['latest_only_with_trigger']) retrieved from /home/airflow/.local/lib/python3.7/site-packages/airflow/example_dags/example_latest_only_with_trigger.py
[2022-08-21 13:22:02,857] {logging_mixin.py:115} INFO - [2022-08-21 13:22:02,857] {dag.py:2420} INFO - Sync 1 DAGs
[2022-08-21 13:22:02,880] {logging_mixin.py:115} INFO - [2022-08-21 13:22:02,880] {dag.py:2972} INFO - Setting next_dagrun for latest_only_with_trigger to 2022-08-21T09:22:02.880340+00:00, run_after=2022-08-21T13:22:02.880340+00:00
[2022-08-21 13:22:02,894] {processor.py:161} INFO - Processing /home/airflow/.local/lib/python3.7/site-packages/airflow/example_dags/example_latest_only_with_trigger.py took 0.071 seconds
[2022-08-21 13:22:33,184] {processor.py:153} INFO - Started process (PID=603) to work on /home/airflow/.local/lib/python3.7/site-packages/airflow/example_dags/example_latest_only_with_trigger.py
[2022-08-21 13:22:33,185] {processor.py:641} INFO - Processing file /home/airflow/.local/lib/python3.7/site-packages/airflow/example_dags/example_latest_only_with_trigger.py for tasks to queue
[2022-08-21 13:22:33,186] {logging_mixin.py:115} INFO - [2022-08-21 13:22:33,186] {dagbag.py:508} INFO - Filling up the DagBag from /home/airflow/.local/lib/python3.7/site-packages/airflow/example_dags/example_latest_only_with_trigger.py
[2022-08-21 13:22:33,193] {processor.py:651} INFO - DAG(s) dict_keys(['latest_only_with_trigger']) retrieved from /home/airflow/.local/lib/python3.7/site-packages/airflow/example_dags/example_latest_only_with_trigger.py
[2022-08-21 13:22:33,226] {logging_mixin.py:115} INFO - [2022-08-21 13:22:33,226] {dag.py:2420} INFO - Sync 1 DAGs
[2022-08-21 13:22:33,252] {logging_mixin.py:115} INFO - [2022-08-21 13:22:33,252] {dag.py:2972} INFO - Setting next_dagrun for latest_only_with_trigger to 2022-08-21T09:22:33.251907+00:00, run_after=2022-08-21T13:22:33.251907+00:00
[2022-08-21 13:22:33,275] {processor.py:161} INFO - Processing /home/airflow/.local/lib/python3.7/site-packages/airflow/example_dags/example_latest_only_with_trigger.py took 0.094 seconds
[2022-08-21 13:23:04,191] {processor.py:153} INFO - Started process (PID=656) to work on /home/airflow/.local/lib/python3.7/site-packages/airflow/example_dags/example_latest_only_with_trigger.py
[2022-08-21 13:23:04,192] {processor.py:641} INFO - Processing file /home/airflow/.local/lib/python3.7/site-packages/airflow/example_dags/example_latest_only_with_trigger.py for tasks to queue
[2022-08-21 13:23:04,192] {logging_mixin.py:115} INFO - [2022-08-21 13:23:04,192] {dagbag.py:508} INFO - Filling up the DagBag from /home/airflow/.local/lib/python3.7/site-packages/airflow/example_dags/example_latest_only_with_trigger.py
[2022-08-21 13:23:04,199] {processor.py:651} INFO - DAG(s) dict_keys(['latest_only_with_trigger']) retrieved from /home/airflow/.local/lib/python3.7/site-packages/airflow/example_dags/example_latest_only_with_trigger.py
[2022-08-21 13:23:04,223] {logging_mixin.py:115} INFO - [2022-08-21 13:23:04,223] {dag.py:2420} INFO - Sync 1 DAGs
[2022-08-21 13:23:04,248] {logging_mixin.py:115} INFO - [2022-08-21 13:23:04,248] {dag.py:2972} INFO - Setting next_dagrun for latest_only_with_trigger to 2022-08-21T09:23:04.248019+00:00, run_after=2022-08-21T13:23:04.248019+00:00
[2022-08-21 13:23:04,270] {processor.py:161} INFO - Processing /home/airflow/.local/lib/python3.7/site-packages/airflow/example_dags/example_latest_only_with_trigger.py took 0.082 seconds
[2022-08-21 13:23:35,437] {processor.py:153} INFO - Started process (PID=717) to work on /home/airflow/.local/lib/python3.7/site-packages/airflow/example_dags/example_latest_only_with_trigger.py
[2022-08-21 13:23:35,438] {processor.py:641} INFO - Processing file /home/airflow/.local/lib/python3.7/site-packages/airflow/example_dags/example_latest_only_with_trigger.py for tasks to queue
[2022-08-21 13:23:35,439] {logging_mixin.py:115} INFO - [2022-08-21 13:23:35,439] {dagbag.py:508} INFO - Filling up the DagBag from /home/airflow/.local/lib/python3.7/site-packages/airflow/example_dags/example_latest_only_with_trigger.py
[2022-08-21 13:23:35,444] {processor.py:651} INFO - DAG(s) dict_keys(['latest_only_with_trigger']) retrieved from /home/airflow/.local/lib/python3.7/site-packages/airflow/example_dags/example_latest_only_with_trigger.py
[2022-08-21 13:23:35,481] {logging_mixin.py:115} INFO - [2022-08-21 13:23:35,481] {dag.py:2420} INFO - Sync 1 DAGs
[2022-08-21 13:23:35,520] {logging_mixin.py:115} INFO - [2022-08-21 13:23:35,519] {dag.py:2972} INFO - Setting next_dagrun for latest_only_with_trigger to 2022-08-21T09:23:35.519493+00:00, run_after=2022-08-21T13:23:35.519493+00:00
[2022-08-21 13:23:35,539] {processor.py:161} INFO - Processing /home/airflow/.local/lib/python3.7/site-packages/airflow/example_dags/example_latest_only_with_trigger.py took 0.108 seconds
[2022-08-21 13:24:07,517] {processor.py:153} INFO - Started process (PID=778) to work on /home/airflow/.local/lib/python3.7/site-packages/airflow/example_dags/example_latest_only_with_trigger.py
[2022-08-21 13:24:07,518] {processor.py:641} INFO - Processing file /home/airflow/.local/lib/python3.7/site-packages/airflow/example_dags/example_latest_only_with_trigger.py for tasks to queue
[2022-08-21 13:24:07,522] {logging_mixin.py:115} INFO - [2022-08-21 13:24:07,522] {dagbag.py:508} INFO - Filling up the DagBag from /home/airflow/.local/lib/python3.7/site-packages/airflow/example_dags/example_latest_only_with_trigger.py
[2022-08-21 13:24:07,533] {processor.py:651} INFO - DAG(s) dict_keys(['latest_only_with_trigger']) retrieved from /home/airflow/.local/lib/python3.7/site-packages/airflow/example_dags/example_latest_only_with_trigger.py
[2022-08-21 13:24:07,575] {logging_mixin.py:115} INFO - [2022-08-21 13:24:07,575] {dag.py:2420} INFO - Sync 1 DAGs
[2022-08-21 13:24:07,636] {logging_mixin.py:115} INFO - [2022-08-21 13:24:07,636] {dag.py:2972} INFO - Setting next_dagrun for latest_only_with_trigger to 2022-08-21T09:24:07.636029+00:00, run_after=2022-08-21T13:24:07.636029+00:00
[2022-08-21 13:24:07,684] {processor.py:161} INFO - Processing /home/airflow/.local/lib/python3.7/site-packages/airflow/example_dags/example_latest_only_with_trigger.py took 0.170 seconds
[2022-08-21 13:24:38,039] {processor.py:153} INFO - Started process (PID=830) to work on /home/airflow/.local/lib/python3.7/site-packages/airflow/example_dags/example_latest_only_with_trigger.py
[2022-08-21 13:24:38,040] {processor.py:641} INFO - Processing file /home/airflow/.local/lib/python3.7/site-packages/airflow/example_dags/example_latest_only_with_trigger.py for tasks to queue
[2022-08-21 13:24:38,041] {logging_mixin.py:115} INFO - [2022-08-21 13:24:38,041] {dagbag.py:508} INFO - Filling up the DagBag from /home/airflow/.local/lib/python3.7/site-packages/airflow/example_dags/example_latest_only_with_trigger.py
[2022-08-21 13:24:38,046] {processor.py:651} INFO - DAG(s) dict_keys(['latest_only_with_trigger']) retrieved from /home/airflow/.local/lib/python3.7/site-packages/airflow/example_dags/example_latest_only_with_trigger.py
[2022-08-21 13:24:38,077] {logging_mixin.py:115} INFO - [2022-08-21 13:24:38,077] {dag.py:2420} INFO - Sync 1 DAGs
[2022-08-21 13:24:38,100] {logging_mixin.py:115} INFO - [2022-08-21 13:24:38,100] {dag.py:2972} INFO - Setting next_dagrun for latest_only_with_trigger to 2022-08-21T09:24:38.099875+00:00, run_after=2022-08-21T13:24:38.099875+00:00
[2022-08-21 13:24:38,115] {processor.py:161} INFO - Processing /home/airflow/.local/lib/python3.7/site-packages/airflow/example_dags/example_latest_only_with_trigger.py took 0.081 seconds
[2022-08-21 13:25:08,198] {processor.py:153} INFO - Started process (PID=891) to work on /home/airflow/.local/lib/python3.7/site-packages/airflow/example_dags/example_latest_only_with_trigger.py
[2022-08-21 13:25:08,199] {processor.py:641} INFO - Processing file /home/airflow/.local/lib/python3.7/site-packages/airflow/example_dags/example_latest_only_with_trigger.py for tasks to queue
[2022-08-21 13:25:08,200] {logging_mixin.py:115} INFO - [2022-08-21 13:25:08,200] {dagbag.py:508} INFO - Filling up the DagBag from /home/airflow/.local/lib/python3.7/site-packages/airflow/example_dags/example_latest_only_with_trigger.py
[2022-08-21 13:25:08,206] {processor.py:651} INFO - DAG(s) dict_keys(['latest_only_with_trigger']) retrieved from /home/airflow/.local/lib/python3.7/site-packages/airflow/example_dags/example_latest_only_with_trigger.py
[2022-08-21 13:25:08,231] {logging_mixin.py:115} INFO - [2022-08-21 13:25:08,231] {dag.py:2420} INFO - Sync 1 DAGs
[2022-08-21 13:25:08,256] {logging_mixin.py:115} INFO - [2022-08-21 13:25:08,256] {dag.py:2972} INFO - Setting next_dagrun for latest_only_with_trigger to 2022-08-21T09:25:08.256247+00:00, run_after=2022-08-21T13:25:08.256247+00:00
[2022-08-21 13:25:08,269] {processor.py:161} INFO - Processing /home/airflow/.local/lib/python3.7/site-packages/airflow/example_dags/example_latest_only_with_trigger.py took 0.074 seconds
[2022-08-21 13:25:38,550] {processor.py:153} INFO - Started process (PID=951) to work on /home/airflow/.local/lib/python3.7/site-packages/airflow/example_dags/example_latest_only_with_trigger.py
[2022-08-21 13:25:38,551] {processor.py:641} INFO - Processing file /home/airflow/.local/lib/python3.7/site-packages/airflow/example_dags/example_latest_only_with_trigger.py for tasks to queue
[2022-08-21 13:25:38,552] {logging_mixin.py:115} INFO - [2022-08-21 13:25:38,552] {dagbag.py:508} INFO - Filling up the DagBag from /home/airflow/.local/lib/python3.7/site-packages/airflow/example_dags/example_latest_only_with_trigger.py
[2022-08-21 13:25:38,557] {processor.py:651} INFO - DAG(s) dict_keys(['latest_only_with_trigger']) retrieved from /home/airflow/.local/lib/python3.7/site-packages/airflow/example_dags/example_latest_only_with_trigger.py
[2022-08-21 13:25:38,585] {logging_mixin.py:115} INFO - [2022-08-21 13:25:38,585] {dag.py:2420} INFO - Sync 1 DAGs
[2022-08-21 13:25:38,612] {logging_mixin.py:115} INFO - [2022-08-21 13:25:38,611] {dag.py:2972} INFO - Setting next_dagrun for latest_only_with_trigger to 2022-08-21T09:25:38.611775+00:00, run_after=2022-08-21T13:25:38.611775+00:00
[2022-08-21 13:25:38,624] {processor.py:161} INFO - Processing /home/airflow/.local/lib/python3.7/site-packages/airflow/example_dags/example_latest_only_with_trigger.py took 0.077 seconds
[2022-08-21 13:26:08,737] {processor.py:153} INFO - Started process (PID=1005) to work on /home/airflow/.local/lib/python3.7/site-packages/airflow/example_dags/example_latest_only_with_trigger.py
[2022-08-21 13:26:08,738] {processor.py:641} INFO - Processing file /home/airflow/.local/lib/python3.7/site-packages/airflow/example_dags/example_latest_only_with_trigger.py for tasks to queue
[2022-08-21 13:26:08,739] {logging_mixin.py:115} INFO - [2022-08-21 13:26:08,739] {dagbag.py:508} INFO - Filling up the DagBag from /home/airflow/.local/lib/python3.7/site-packages/airflow/example_dags/example_latest_only_with_trigger.py
[2022-08-21 13:26:08,745] {processor.py:651} INFO - DAG(s) dict_keys(['latest_only_with_trigger']) retrieved from /home/airflow/.local/lib/python3.7/site-packages/airflow/example_dags/example_latest_only_with_trigger.py
[2022-08-21 13:26:08,769] {logging_mixin.py:115} INFO - [2022-08-21 13:26:08,769] {dag.py:2420} INFO - Sync 1 DAGs
[2022-08-21 13:26:08,788] {logging_mixin.py:115} INFO - [2022-08-21 13:26:08,788] {dag.py:2972} INFO - Setting next_dagrun for latest_only_with_trigger to 2022-08-21T09:26:08.787990+00:00, run_after=2022-08-21T13:26:08.787990+00:00
[2022-08-21 13:26:08,806] {processor.py:161} INFO - Processing /home/airflow/.local/lib/python3.7/site-packages/airflow/example_dags/example_latest_only_with_trigger.py took 0.072 seconds
[2022-08-21 13:26:38,894] {processor.py:153} INFO - Started process (PID=1066) to work on /home/airflow/.local/lib/python3.7/site-packages/airflow/example_dags/example_latest_only_with_trigger.py
[2022-08-21 13:26:38,895] {processor.py:641} INFO - Processing file /home/airflow/.local/lib/python3.7/site-packages/airflow/example_dags/example_latest_only_with_trigger.py for tasks to queue
[2022-08-21 13:26:38,896] {logging_mixin.py:115} INFO - [2022-08-21 13:26:38,896] {dagbag.py:508} INFO - Filling up the DagBag from /home/airflow/.local/lib/python3.7/site-packages/airflow/example_dags/example_latest_only_with_trigger.py
[2022-08-21 13:26:38,902] {processor.py:651} INFO - DAG(s) dict_keys(['latest_only_with_trigger']) retrieved from /home/airflow/.local/lib/python3.7/site-packages/airflow/example_dags/example_latest_only_with_trigger.py
[2022-08-21 13:26:38,929] {logging_mixin.py:115} INFO - [2022-08-21 13:26:38,929] {dag.py:2420} INFO - Sync 1 DAGs
[2022-08-21 13:26:38,949] {logging_mixin.py:115} INFO - [2022-08-21 13:26:38,949] {dag.py:2972} INFO - Setting next_dagrun for latest_only_with_trigger to 2022-08-21T09:26:38.949013+00:00, run_after=2022-08-21T13:26:38.949013+00:00
[2022-08-21 13:26:38,961] {processor.py:161} INFO - Processing /home/airflow/.local/lib/python3.7/site-packages/airflow/example_dags/example_latest_only_with_trigger.py took 0.070 seconds
[2022-08-21 13:27:09,069] {processor.py:153} INFO - Started process (PID=1118) to work on /home/airflow/.local/lib/python3.7/site-packages/airflow/example_dags/example_latest_only_with_trigger.py
[2022-08-21 13:27:09,070] {processor.py:641} INFO - Processing file /home/airflow/.local/lib/python3.7/site-packages/airflow/example_dags/example_latest_only_with_trigger.py for tasks to queue
[2022-08-21 13:27:09,071] {logging_mixin.py:115} INFO - [2022-08-21 13:27:09,071] {dagbag.py:508} INFO - Filling up the DagBag from /home/airflow/.local/lib/python3.7/site-packages/airflow/example_dags/example_latest_only_with_trigger.py
[2022-08-21 13:27:09,079] {processor.py:651} INFO - DAG(s) dict_keys(['latest_only_with_trigger']) retrieved from /home/airflow/.local/lib/python3.7/site-packages/airflow/example_dags/example_latest_only_with_trigger.py
[2022-08-21 13:27:09,102] {logging_mixin.py:115} INFO - [2022-08-21 13:27:09,102] {dag.py:2420} INFO - Sync 1 DAGs
[2022-08-21 13:27:09,127] {logging_mixin.py:115} INFO - [2022-08-21 13:27:09,127] {dag.py:2972} INFO - Setting next_dagrun for latest_only_with_trigger to 2022-08-21T09:27:09.127496+00:00, run_after=2022-08-21T13:27:09.127496+00:00
[2022-08-21 13:27:09,147] {processor.py:161} INFO - Processing /home/airflow/.local/lib/python3.7/site-packages/airflow/example_dags/example_latest_only_with_trigger.py took 0.080 seconds
[2022-08-21 13:27:39,423] {processor.py:153} INFO - Started process (PID=1180) to work on /home/airflow/.local/lib/python3.7/site-packages/airflow/example_dags/example_latest_only_with_trigger.py
[2022-08-21 13:27:39,424] {processor.py:641} INFO - Processing file /home/airflow/.local/lib/python3.7/site-packages/airflow/example_dags/example_latest_only_with_trigger.py for tasks to queue
[2022-08-21 13:27:39,425] {logging_mixin.py:115} INFO - [2022-08-21 13:27:39,425] {dagbag.py:508} INFO - Filling up the DagBag from /home/airflow/.local/lib/python3.7/site-packages/airflow/example_dags/example_latest_only_with_trigger.py
[2022-08-21 13:27:39,432] {processor.py:651} INFO - DAG(s) dict_keys(['latest_only_with_trigger']) retrieved from /home/airflow/.local/lib/python3.7/site-packages/airflow/example_dags/example_latest_only_with_trigger.py
[2022-08-21 13:27:39,460] {logging_mixin.py:115} INFO - [2022-08-21 13:27:39,459] {dag.py:2420} INFO - Sync 1 DAGs
[2022-08-21 13:27:39,481] {logging_mixin.py:115} INFO - [2022-08-21 13:27:39,481] {dag.py:2972} INFO - Setting next_dagrun for latest_only_with_trigger to 2022-08-21T09:27:39.481500+00:00, run_after=2022-08-21T13:27:39.481500+00:00
[2022-08-21 13:27:39,492] {processor.py:161} INFO - Processing /home/airflow/.local/lib/python3.7/site-packages/airflow/example_dags/example_latest_only_with_trigger.py took 0.071 seconds
[2022-08-21 13:28:10,290] {processor.py:153} INFO - Started process (PID=1241) to work on /home/airflow/.local/lib/python3.7/site-packages/airflow/example_dags/example_latest_only_with_trigger.py
[2022-08-21 13:28:10,291] {processor.py:641} INFO - Processing file /home/airflow/.local/lib/python3.7/site-packages/airflow/example_dags/example_latest_only_with_trigger.py for tasks to queue
[2022-08-21 13:28:10,291] {logging_mixin.py:115} INFO - [2022-08-21 13:28:10,291] {dagbag.py:508} INFO - Filling up the DagBag from /home/airflow/.local/lib/python3.7/site-packages/airflow/example_dags/example_latest_only_with_trigger.py
[2022-08-21 13:28:10,296] {processor.py:651} INFO - DAG(s) dict_keys(['latest_only_with_trigger']) retrieved from /home/airflow/.local/lib/python3.7/site-packages/airflow/example_dags/example_latest_only_with_trigger.py
[2022-08-21 13:28:10,324] {logging_mixin.py:115} INFO - [2022-08-21 13:28:10,324] {dag.py:2420} INFO - Sync 1 DAGs
[2022-08-21 13:28:10,344] {logging_mixin.py:115} INFO - [2022-08-21 13:28:10,344] {dag.py:2972} INFO - Setting next_dagrun for latest_only_with_trigger to 2022-08-21T09:28:10.344367+00:00, run_after=2022-08-21T13:28:10.344367+00:00
[2022-08-21 13:28:10,356] {processor.py:161} INFO - Processing /home/airflow/.local/lib/python3.7/site-packages/airflow/example_dags/example_latest_only_with_trigger.py took 0.069 seconds
[2022-08-21 13:28:41,133] {processor.py:153} INFO - Started process (PID=1294) to work on /home/airflow/.local/lib/python3.7/site-packages/airflow/example_dags/example_latest_only_with_trigger.py
[2022-08-21 13:28:41,135] {processor.py:641} INFO - Processing file /home/airflow/.local/lib/python3.7/site-packages/airflow/example_dags/example_latest_only_with_trigger.py for tasks to queue
[2022-08-21 13:28:41,136] {logging_mixin.py:115} INFO - [2022-08-21 13:28:41,136] {dagbag.py:508} INFO - Filling up the DagBag from /home/airflow/.local/lib/python3.7/site-packages/airflow/example_dags/example_latest_only_with_trigger.py
[2022-08-21 13:28:41,146] {processor.py:651} INFO - DAG(s) dict_keys(['latest_only_with_trigger']) retrieved from /home/airflow/.local/lib/python3.7/site-packages/airflow/example_dags/example_latest_only_with_trigger.py
[2022-08-21 13:28:41,178] {logging_mixin.py:115} INFO - [2022-08-21 13:28:41,178] {dag.py:2420} INFO - Sync 1 DAGs
[2022-08-21 13:28:41,204] {logging_mixin.py:115} INFO - [2022-08-21 13:28:41,204] {dag.py:2972} INFO - Setting next_dagrun for latest_only_with_trigger to 2022-08-21T09:28:41.204419+00:00, run_after=2022-08-21T13:28:41.204419+00:00
[2022-08-21 13:28:41,220] {processor.py:161} INFO - Processing /home/airflow/.local/lib/python3.7/site-packages/airflow/example_dags/example_latest_only_with_trigger.py took 0.091 seconds
[2022-08-21 13:29:11,992] {processor.py:153} INFO - Started process (PID=1355) to work on /home/airflow/.local/lib/python3.7/site-packages/airflow/example_dags/example_latest_only_with_trigger.py
[2022-08-21 13:29:11,992] {processor.py:641} INFO - Processing file /home/airflow/.local/lib/python3.7/site-packages/airflow/example_dags/example_latest_only_with_trigger.py for tasks to queue
[2022-08-21 13:29:11,993] {logging_mixin.py:115} INFO - [2022-08-21 13:29:11,993] {dagbag.py:508} INFO - Filling up the DagBag from /home/airflow/.local/lib/python3.7/site-packages/airflow/example_dags/example_latest_only_with_trigger.py
[2022-08-21 13:29:11,999] {processor.py:651} INFO - DAG(s) dict_keys(['latest_only_with_trigger']) retrieved from /home/airflow/.local/lib/python3.7/site-packages/airflow/example_dags/example_latest_only_with_trigger.py
[2022-08-21 13:29:12,025] {logging_mixin.py:115} INFO - [2022-08-21 13:29:12,024] {dag.py:2420} INFO - Sync 1 DAGs
[2022-08-21 13:29:12,047] {logging_mixin.py:115} INFO - [2022-08-21 13:29:12,047] {dag.py:2972} INFO - Setting next_dagrun for latest_only_with_trigger to 2022-08-21T09:29:12.047037+00:00, run_after=2022-08-21T13:29:12.047037+00:00
[2022-08-21 13:29:12,061] {processor.py:161} INFO - Processing /home/airflow/.local/lib/python3.7/site-packages/airflow/example_dags/example_latest_only_with_trigger.py took 0.072 seconds
[2022-08-21 13:29:42,939] {processor.py:153} INFO - Started process (PID=1416) to work on /home/airflow/.local/lib/python3.7/site-packages/airflow/example_dags/example_latest_only_with_trigger.py
[2022-08-21 13:29:42,940] {processor.py:641} INFO - Processing file /home/airflow/.local/lib/python3.7/site-packages/airflow/example_dags/example_latest_only_with_trigger.py for tasks to queue
[2022-08-21 13:29:42,941] {logging_mixin.py:115} INFO - [2022-08-21 13:29:42,941] {dagbag.py:508} INFO - Filling up the DagBag from /home/airflow/.local/lib/python3.7/site-packages/airflow/example_dags/example_latest_only_with_trigger.py
[2022-08-21 13:29:42,947] {processor.py:651} INFO - DAG(s) dict_keys(['latest_only_with_trigger']) retrieved from /home/airflow/.local/lib/python3.7/site-packages/airflow/example_dags/example_latest_only_with_trigger.py
[2022-08-21 13:29:42,973] {logging_mixin.py:115} INFO - [2022-08-21 13:29:42,972] {dag.py:2420} INFO - Sync 1 DAGs
[2022-08-21 13:29:42,994] {logging_mixin.py:115} INFO - [2022-08-21 13:29:42,994] {dag.py:2972} INFO - Setting next_dagrun for latest_only_with_trigger to 2022-08-21T09:29:42.994622+00:00, run_after=2022-08-21T13:29:42.994622+00:00
[2022-08-21 13:29:43,010] {processor.py:161} INFO - Processing /home/airflow/.local/lib/python3.7/site-packages/airflow/example_dags/example_latest_only_with_trigger.py took 0.073 seconds
[2022-08-21 13:30:13,879] {processor.py:153} INFO - Started process (PID=1478) to work on /home/airflow/.local/lib/python3.7/site-packages/airflow/example_dags/example_latest_only_with_trigger.py
[2022-08-21 13:30:13,880] {processor.py:641} INFO - Processing file /home/airflow/.local/lib/python3.7/site-packages/airflow/example_dags/example_latest_only_with_trigger.py for tasks to queue
[2022-08-21 13:30:13,881] {logging_mixin.py:115} INFO - [2022-08-21 13:30:13,881] {dagbag.py:508} INFO - Filling up the DagBag from /home/airflow/.local/lib/python3.7/site-packages/airflow/example_dags/example_latest_only_with_trigger.py
[2022-08-21 13:30:13,888] {processor.py:651} INFO - DAG(s) dict_keys(['latest_only_with_trigger']) retrieved from /home/airflow/.local/lib/python3.7/site-packages/airflow/example_dags/example_latest_only_with_trigger.py
[2022-08-21 13:30:13,925] {logging_mixin.py:115} INFO - [2022-08-21 13:30:13,924] {dag.py:2420} INFO - Sync 1 DAGs
[2022-08-21 13:30:13,955] {logging_mixin.py:115} INFO - [2022-08-21 13:30:13,954] {dag.py:2972} INFO - Setting next_dagrun for latest_only_with_trigger to 2022-08-21T09:30:13.954623+00:00, run_after=2022-08-21T13:30:13.954623+00:00
[2022-08-21 13:30:13,981] {processor.py:161} INFO - Processing /home/airflow/.local/lib/python3.7/site-packages/airflow/example_dags/example_latest_only_with_trigger.py took 0.106 seconds
[2022-08-21 13:30:44,076] {processor.py:153} INFO - Started process (PID=1530) to work on /home/airflow/.local/lib/python3.7/site-packages/airflow/example_dags/example_latest_only_with_trigger.py
[2022-08-21 13:30:44,078] {processor.py:641} INFO - Processing file /home/airflow/.local/lib/python3.7/site-packages/airflow/example_dags/example_latest_only_with_trigger.py for tasks to queue
[2022-08-21 13:30:44,080] {logging_mixin.py:115} INFO - [2022-08-21 13:30:44,079] {dagbag.py:508} INFO - Filling up the DagBag from /home/airflow/.local/lib/python3.7/site-packages/airflow/example_dags/example_latest_only_with_trigger.py
[2022-08-21 13:30:44,086] {processor.py:651} INFO - DAG(s) dict_keys(['latest_only_with_trigger']) retrieved from /home/airflow/.local/lib/python3.7/site-packages/airflow/example_dags/example_latest_only_with_trigger.py
[2022-08-21 13:30:44,119] {logging_mixin.py:115} INFO - [2022-08-21 13:30:44,119] {dag.py:2420} INFO - Sync 1 DAGs
[2022-08-21 13:30:44,144] {logging_mixin.py:115} INFO - [2022-08-21 13:30:44,143] {dag.py:2972} INFO - Setting next_dagrun for latest_only_with_trigger to 2022-08-21T09:30:44.143597+00:00, run_after=2022-08-21T13:30:44.143597+00:00
[2022-08-21 13:30:44,158] {processor.py:161} INFO - Processing /home/airflow/.local/lib/python3.7/site-packages/airflow/example_dags/example_latest_only_with_trigger.py took 0.084 seconds
[2022-08-21 13:31:14,514] {processor.py:153} INFO - Started process (PID=1591) to work on /home/airflow/.local/lib/python3.7/site-packages/airflow/example_dags/example_latest_only_with_trigger.py
[2022-08-21 13:31:14,515] {processor.py:641} INFO - Processing file /home/airflow/.local/lib/python3.7/site-packages/airflow/example_dags/example_latest_only_with_trigger.py for tasks to queue
[2022-08-21 13:31:14,515] {logging_mixin.py:115} INFO - [2022-08-21 13:31:14,515] {dagbag.py:508} INFO - Filling up the DagBag from /home/airflow/.local/lib/python3.7/site-packages/airflow/example_dags/example_latest_only_with_trigger.py
[2022-08-21 13:31:14,521] {processor.py:651} INFO - DAG(s) dict_keys(['latest_only_with_trigger']) retrieved from /home/airflow/.local/lib/python3.7/site-packages/airflow/example_dags/example_latest_only_with_trigger.py
[2022-08-21 13:31:14,548] {logging_mixin.py:115} INFO - [2022-08-21 13:31:14,548] {dag.py:2420} INFO - Sync 1 DAGs
[2022-08-21 13:31:14,575] {logging_mixin.py:115} INFO - [2022-08-21 13:31:14,575] {dag.py:2972} INFO - Setting next_dagrun for latest_only_with_trigger to 2022-08-21T09:31:14.574870+00:00, run_after=2022-08-21T13:31:14.574870+00:00
[2022-08-21 13:31:14,588] {processor.py:161} INFO - Processing /home/airflow/.local/lib/python3.7/site-packages/airflow/example_dags/example_latest_only_with_trigger.py took 0.077 seconds
[2022-08-21 13:31:45,470] {processor.py:153} INFO - Started process (PID=1652) to work on /home/airflow/.local/lib/python3.7/site-packages/airflow/example_dags/example_latest_only_with_trigger.py
[2022-08-21 13:31:45,471] {processor.py:641} INFO - Processing file /home/airflow/.local/lib/python3.7/site-packages/airflow/example_dags/example_latest_only_with_trigger.py for tasks to queue
[2022-08-21 13:31:45,472] {logging_mixin.py:115} INFO - [2022-08-21 13:31:45,472] {dagbag.py:508} INFO - Filling up the DagBag from /home/airflow/.local/lib/python3.7/site-packages/airflow/example_dags/example_latest_only_with_trigger.py
[2022-08-21 13:31:45,479] {processor.py:651} INFO - DAG(s) dict_keys(['latest_only_with_trigger']) retrieved from /home/airflow/.local/lib/python3.7/site-packages/airflow/example_dags/example_latest_only_with_trigger.py
[2022-08-21 13:31:45,512] {logging_mixin.py:115} INFO - [2022-08-21 13:31:45,512] {dag.py:2420} INFO - Sync 1 DAGs
[2022-08-21 13:31:45,540] {logging_mixin.py:115} INFO - [2022-08-21 13:31:45,539] {dag.py:2972} INFO - Setting next_dagrun for latest_only_with_trigger to 2022-08-21T09:31:45.539102+00:00, run_after=2022-08-21T13:31:45.539102+00:00
[2022-08-21 13:31:45,554] {processor.py:161} INFO - Processing /home/airflow/.local/lib/python3.7/site-packages/airflow/example_dags/example_latest_only_with_trigger.py took 0.089 seconds
[2022-08-21 13:32:16,361] {processor.py:153} INFO - Started process (PID=1705) to work on /home/airflow/.local/lib/python3.7/site-packages/airflow/example_dags/example_latest_only_with_trigger.py
[2022-08-21 13:32:16,362] {processor.py:641} INFO - Processing file /home/airflow/.local/lib/python3.7/site-packages/airflow/example_dags/example_latest_only_with_trigger.py for tasks to queue
[2022-08-21 13:32:16,363] {logging_mixin.py:115} INFO - [2022-08-21 13:32:16,363] {dagbag.py:508} INFO - Filling up the DagBag from /home/airflow/.local/lib/python3.7/site-packages/airflow/example_dags/example_latest_only_with_trigger.py
[2022-08-21 13:32:16,369] {processor.py:651} INFO - DAG(s) dict_keys(['latest_only_with_trigger']) retrieved from /home/airflow/.local/lib/python3.7/site-packages/airflow/example_dags/example_latest_only_with_trigger.py
[2022-08-21 13:32:16,396] {logging_mixin.py:115} INFO - [2022-08-21 13:32:16,396] {dag.py:2420} INFO - Sync 1 DAGs
[2022-08-21 13:32:16,418] {logging_mixin.py:115} INFO - [2022-08-21 13:32:16,417] {dag.py:2972} INFO - Setting next_dagrun for latest_only_with_trigger to 2022-08-21T09:32:16.417598+00:00, run_after=2022-08-21T13:32:16.417598+00:00
[2022-08-21 13:32:16,430] {processor.py:161} INFO - Processing /home/airflow/.local/lib/python3.7/site-packages/airflow/example_dags/example_latest_only_with_trigger.py took 0.071 seconds
[2022-08-21 13:32:47,271] {processor.py:153} INFO - Started process (PID=1766) to work on /home/airflow/.local/lib/python3.7/site-packages/airflow/example_dags/example_latest_only_with_trigger.py
[2022-08-21 13:32:47,272] {processor.py:641} INFO - Processing file /home/airflow/.local/lib/python3.7/site-packages/airflow/example_dags/example_latest_only_with_trigger.py for tasks to queue
[2022-08-21 13:32:47,273] {logging_mixin.py:115} INFO - [2022-08-21 13:32:47,273] {dagbag.py:508} INFO - Filling up the DagBag from /home/airflow/.local/lib/python3.7/site-packages/airflow/example_dags/example_latest_only_with_trigger.py
[2022-08-21 13:32:47,281] {processor.py:651} INFO - DAG(s) dict_keys(['latest_only_with_trigger']) retrieved from /home/airflow/.local/lib/python3.7/site-packages/airflow/example_dags/example_latest_only_with_trigger.py
[2022-08-21 13:32:47,321] {logging_mixin.py:115} INFO - [2022-08-21 13:32:47,321] {dag.py:2420} INFO - Sync 1 DAGs
[2022-08-21 13:32:47,356] {logging_mixin.py:115} INFO - [2022-08-21 13:32:47,356] {dag.py:2972} INFO - Setting next_dagrun for latest_only_with_trigger to 2022-08-21T09:32:47.355707+00:00, run_after=2022-08-21T13:32:47.355707+00:00
[2022-08-21 13:32:47,379] {processor.py:161} INFO - Processing /home/airflow/.local/lib/python3.7/site-packages/airflow/example_dags/example_latest_only_with_trigger.py took 0.113 seconds
[2022-08-21 13:33:18,196] {processor.py:153} INFO - Started process (PID=1828) to work on /home/airflow/.local/lib/python3.7/site-packages/airflow/example_dags/example_latest_only_with_trigger.py
[2022-08-21 13:33:18,197] {processor.py:641} INFO - Processing file /home/airflow/.local/lib/python3.7/site-packages/airflow/example_dags/example_latest_only_with_trigger.py for tasks to queue
[2022-08-21 13:33:18,198] {logging_mixin.py:115} INFO - [2022-08-21 13:33:18,198] {dagbag.py:508} INFO - Filling up the DagBag from /home/airflow/.local/lib/python3.7/site-packages/airflow/example_dags/example_latest_only_with_trigger.py
[2022-08-21 13:33:18,204] {processor.py:651} INFO - DAG(s) dict_keys(['latest_only_with_trigger']) retrieved from /home/airflow/.local/lib/python3.7/site-packages/airflow/example_dags/example_latest_only_with_trigger.py
[2022-08-21 13:33:18,232] {logging_mixin.py:115} INFO - [2022-08-21 13:33:18,232] {dag.py:2420} INFO - Sync 1 DAGs
[2022-08-21 13:33:18,251] {logging_mixin.py:115} INFO - [2022-08-21 13:33:18,251] {dag.py:2972} INFO - Setting next_dagrun for latest_only_with_trigger to 2022-08-21T09:33:18.251654+00:00, run_after=2022-08-21T13:33:18.251654+00:00
[2022-08-21 13:33:18,262] {processor.py:161} INFO - Processing /home/airflow/.local/lib/python3.7/site-packages/airflow/example_dags/example_latest_only_with_trigger.py took 0.069 seconds
[2022-08-21 13:33:49,026] {processor.py:153} INFO - Started process (PID=1880) to work on /home/airflow/.local/lib/python3.7/site-packages/airflow/example_dags/example_latest_only_with_trigger.py
[2022-08-21 13:33:49,027] {processor.py:641} INFO - Processing file /home/airflow/.local/lib/python3.7/site-packages/airflow/example_dags/example_latest_only_with_trigger.py for tasks to queue
[2022-08-21 13:33:49,029] {logging_mixin.py:115} INFO - [2022-08-21 13:33:49,029] {dagbag.py:508} INFO - Filling up the DagBag from /home/airflow/.local/lib/python3.7/site-packages/airflow/example_dags/example_latest_only_with_trigger.py
[2022-08-21 13:33:49,040] {processor.py:651} INFO - DAG(s) dict_keys(['latest_only_with_trigger']) retrieved from /home/airflow/.local/lib/python3.7/site-packages/airflow/example_dags/example_latest_only_with_trigger.py
[2022-08-21 13:33:49,073] {logging_mixin.py:115} INFO - [2022-08-21 13:33:49,073] {dag.py:2420} INFO - Sync 1 DAGs
[2022-08-21 13:33:49,106] {logging_mixin.py:115} INFO - [2022-08-21 13:33:49,106] {dag.py:2972} INFO - Setting next_dagrun for latest_only_with_trigger to 2022-08-21T09:33:49.106060+00:00, run_after=2022-08-21T13:33:49.106060+00:00
[2022-08-21 13:33:49,139] {processor.py:161} INFO - Processing /home/airflow/.local/lib/python3.7/site-packages/airflow/example_dags/example_latest_only_with_trigger.py took 0.117 seconds
[2022-08-21 13:34:19,287] {processor.py:153} INFO - Started process (PID=1941) to work on /home/airflow/.local/lib/python3.7/site-packages/airflow/example_dags/example_latest_only_with_trigger.py
[2022-08-21 13:34:19,288] {processor.py:641} INFO - Processing file /home/airflow/.local/lib/python3.7/site-packages/airflow/example_dags/example_latest_only_with_trigger.py for tasks to queue
[2022-08-21 13:34:19,289] {logging_mixin.py:115} INFO - [2022-08-21 13:34:19,289] {dagbag.py:508} INFO - Filling up the DagBag from /home/airflow/.local/lib/python3.7/site-packages/airflow/example_dags/example_latest_only_with_trigger.py
[2022-08-21 13:34:19,295] {processor.py:651} INFO - DAG(s) dict_keys(['latest_only_with_trigger']) retrieved from /home/airflow/.local/lib/python3.7/site-packages/airflow/example_dags/example_latest_only_with_trigger.py
[2022-08-21 13:34:19,320] {logging_mixin.py:115} INFO - [2022-08-21 13:34:19,320] {dag.py:2420} INFO - Sync 1 DAGs
[2022-08-21 13:34:19,341] {logging_mixin.py:115} INFO - [2022-08-21 13:34:19,341] {dag.py:2972} INFO - Setting next_dagrun for latest_only_with_trigger to 2022-08-21T09:34:19.340937+00:00, run_after=2022-08-21T13:34:19.340937+00:00
[2022-08-21 13:34:19,360] {processor.py:161} INFO - Processing /home/airflow/.local/lib/python3.7/site-packages/airflow/example_dags/example_latest_only_with_trigger.py took 0.075 seconds
[2022-08-21 13:34:49,489] {processor.py:153} INFO - Started process (PID=2002) to work on /home/airflow/.local/lib/python3.7/site-packages/airflow/example_dags/example_latest_only_with_trigger.py
[2022-08-21 13:34:49,490] {processor.py:641} INFO - Processing file /home/airflow/.local/lib/python3.7/site-packages/airflow/example_dags/example_latest_only_with_trigger.py for tasks to queue
[2022-08-21 13:34:49,490] {logging_mixin.py:115} INFO - [2022-08-21 13:34:49,490] {dagbag.py:508} INFO - Filling up the DagBag from /home/airflow/.local/lib/python3.7/site-packages/airflow/example_dags/example_latest_only_with_trigger.py
[2022-08-21 13:34:49,497] {processor.py:651} INFO - DAG(s) dict_keys(['latest_only_with_trigger']) retrieved from /home/airflow/.local/lib/python3.7/site-packages/airflow/example_dags/example_latest_only_with_trigger.py
[2022-08-21 13:34:49,524] {logging_mixin.py:115} INFO - [2022-08-21 13:34:49,524] {dag.py:2420} INFO - Sync 1 DAGs
[2022-08-21 13:34:49,547] {logging_mixin.py:115} INFO - [2022-08-21 13:34:49,547] {dag.py:2972} INFO - Setting next_dagrun for latest_only_with_trigger to 2022-08-21T09:34:49.546978+00:00, run_after=2022-08-21T13:34:49.546978+00:00
[2022-08-21 13:34:49,564] {processor.py:161} INFO - Processing /home/airflow/.local/lib/python3.7/site-packages/airflow/example_dags/example_latest_only_with_trigger.py took 0.078 seconds
[2022-08-21 13:35:20,421] {processor.py:153} INFO - Started process (PID=2054) to work on /home/airflow/.local/lib/python3.7/site-packages/airflow/example_dags/example_latest_only_with_trigger.py
[2022-08-21 13:35:20,422] {processor.py:641} INFO - Processing file /home/airflow/.local/lib/python3.7/site-packages/airflow/example_dags/example_latest_only_with_trigger.py for tasks to queue
[2022-08-21 13:35:20,423] {logging_mixin.py:115} INFO - [2022-08-21 13:35:20,423] {dagbag.py:508} INFO - Filling up the DagBag from /home/airflow/.local/lib/python3.7/site-packages/airflow/example_dags/example_latest_only_with_trigger.py
[2022-08-21 13:35:20,429] {processor.py:651} INFO - DAG(s) dict_keys(['latest_only_with_trigger']) retrieved from /home/airflow/.local/lib/python3.7/site-packages/airflow/example_dags/example_latest_only_with_trigger.py
[2022-08-21 13:35:20,454] {logging_mixin.py:115} INFO - [2022-08-21 13:35:20,453] {dag.py:2420} INFO - Sync 1 DAGs
[2022-08-21 13:35:20,475] {logging_mixin.py:115} INFO - [2022-08-21 13:35:20,475] {dag.py:2972} INFO - Setting next_dagrun for latest_only_with_trigger to 2022-08-21T09:35:20.475058+00:00, run_after=2022-08-21T13:35:20.475058+00:00
[2022-08-21 13:35:20,487] {processor.py:161} INFO - Processing /home/airflow/.local/lib/python3.7/site-packages/airflow/example_dags/example_latest_only_with_trigger.py took 0.069 seconds
[2022-08-21 13:35:51,340] {processor.py:153} INFO - Started process (PID=2115) to work on /home/airflow/.local/lib/python3.7/site-packages/airflow/example_dags/example_latest_only_with_trigger.py
[2022-08-21 13:35:51,342] {processor.py:641} INFO - Processing file /home/airflow/.local/lib/python3.7/site-packages/airflow/example_dags/example_latest_only_with_trigger.py for tasks to queue
[2022-08-21 13:35:51,344] {logging_mixin.py:115} INFO - [2022-08-21 13:35:51,343] {dagbag.py:508} INFO - Filling up the DagBag from /home/airflow/.local/lib/python3.7/site-packages/airflow/example_dags/example_latest_only_with_trigger.py
[2022-08-21 13:35:51,354] {processor.py:651} INFO - DAG(s) dict_keys(['latest_only_with_trigger']) retrieved from /home/airflow/.local/lib/python3.7/site-packages/airflow/example_dags/example_latest_only_with_trigger.py
[2022-08-21 13:35:51,385] {logging_mixin.py:115} INFO - [2022-08-21 13:35:51,385] {dag.py:2420} INFO - Sync 1 DAGs
[2022-08-21 13:35:51,406] {logging_mixin.py:115} INFO - [2022-08-21 13:35:51,406] {dag.py:2972} INFO - Setting next_dagrun for latest_only_with_trigger to 2022-08-21T09:35:51.406000+00:00, run_after=2022-08-21T13:35:51.406000+00:00
[2022-08-21 13:35:51,423] {processor.py:161} INFO - Processing /home/airflow/.local/lib/python3.7/site-packages/airflow/example_dags/example_latest_only_with_trigger.py took 0.087 seconds
[2022-08-21 13:36:22,203] {processor.py:153} INFO - Started process (PID=2177) to work on /home/airflow/.local/lib/python3.7/site-packages/airflow/example_dags/example_latest_only_with_trigger.py
[2022-08-21 13:36:22,204] {processor.py:641} INFO - Processing file /home/airflow/.local/lib/python3.7/site-packages/airflow/example_dags/example_latest_only_with_trigger.py for tasks to queue
[2022-08-21 13:36:22,205] {logging_mixin.py:115} INFO - [2022-08-21 13:36:22,205] {dagbag.py:508} INFO - Filling up the DagBag from /home/airflow/.local/lib/python3.7/site-packages/airflow/example_dags/example_latest_only_with_trigger.py
[2022-08-21 13:36:22,211] {processor.py:651} INFO - DAG(s) dict_keys(['latest_only_with_trigger']) retrieved from /home/airflow/.local/lib/python3.7/site-packages/airflow/example_dags/example_latest_only_with_trigger.py
[2022-08-21 13:36:22,236] {logging_mixin.py:115} INFO - [2022-08-21 13:36:22,236] {dag.py:2420} INFO - Sync 1 DAGs
[2022-08-21 13:36:22,254] {logging_mixin.py:115} INFO - [2022-08-21 13:36:22,254] {dag.py:2972} INFO - Setting next_dagrun for latest_only_with_trigger to 2022-08-21T09:36:22.254674+00:00, run_after=2022-08-21T13:36:22.254674+00:00
[2022-08-21 13:36:22,269] {processor.py:161} INFO - Processing /home/airflow/.local/lib/python3.7/site-packages/airflow/example_dags/example_latest_only_with_trigger.py took 0.068 seconds
[2022-08-21 13:36:53,029] {processor.py:153} INFO - Started process (PID=2229) to work on /home/airflow/.local/lib/python3.7/site-packages/airflow/example_dags/example_latest_only_with_trigger.py
[2022-08-21 13:36:53,031] {processor.py:641} INFO - Processing file /home/airflow/.local/lib/python3.7/site-packages/airflow/example_dags/example_latest_only_with_trigger.py for tasks to queue
[2022-08-21 13:36:53,032] {logging_mixin.py:115} INFO - [2022-08-21 13:36:53,032] {dagbag.py:508} INFO - Filling up the DagBag from /home/airflow/.local/lib/python3.7/site-packages/airflow/example_dags/example_latest_only_with_trigger.py
[2022-08-21 13:36:53,038] {processor.py:651} INFO - DAG(s) dict_keys(['latest_only_with_trigger']) retrieved from /home/airflow/.local/lib/python3.7/site-packages/airflow/example_dags/example_latest_only_with_trigger.py
[2022-08-21 13:36:53,063] {logging_mixin.py:115} INFO - [2022-08-21 13:36:53,063] {dag.py:2420} INFO - Sync 1 DAGs
[2022-08-21 13:36:53,085] {logging_mixin.py:115} INFO - [2022-08-21 13:36:53,084] {dag.py:2972} INFO - Setting next_dagrun for latest_only_with_trigger to 2022-08-21T09:36:53.084728+00:00, run_after=2022-08-21T13:36:53.084728+00:00
[2022-08-21 13:36:53,102] {processor.py:161} INFO - Processing /home/airflow/.local/lib/python3.7/site-packages/airflow/example_dags/example_latest_only_with_trigger.py took 0.077 seconds
[2022-08-21 13:37:23,780] {processor.py:153} INFO - Started process (PID=2291) to work on /home/airflow/.local/lib/python3.7/site-packages/airflow/example_dags/example_latest_only_with_trigger.py
[2022-08-21 13:37:23,781] {processor.py:641} INFO - Processing file /home/airflow/.local/lib/python3.7/site-packages/airflow/example_dags/example_latest_only_with_trigger.py for tasks to queue
[2022-08-21 13:37:23,782] {logging_mixin.py:115} INFO - [2022-08-21 13:37:23,782] {dagbag.py:508} INFO - Filling up the DagBag from /home/airflow/.local/lib/python3.7/site-packages/airflow/example_dags/example_latest_only_with_trigger.py
[2022-08-21 13:37:23,788] {processor.py:651} INFO - DAG(s) dict_keys(['latest_only_with_trigger']) retrieved from /home/airflow/.local/lib/python3.7/site-packages/airflow/example_dags/example_latest_only_with_trigger.py
[2022-08-21 13:37:23,814] {logging_mixin.py:115} INFO - [2022-08-21 13:37:23,814] {dag.py:2420} INFO - Sync 1 DAGs
[2022-08-21 13:37:23,836] {logging_mixin.py:115} INFO - [2022-08-21 13:37:23,836] {dag.py:2972} INFO - Setting next_dagrun for latest_only_with_trigger to 2022-08-21T09:37:23.836277+00:00, run_after=2022-08-21T13:37:23.836277+00:00
[2022-08-21 13:37:23,850] {processor.py:161} INFO - Processing /home/airflow/.local/lib/python3.7/site-packages/airflow/example_dags/example_latest_only_with_trigger.py took 0.073 seconds
[2022-08-21 13:37:54,695] {processor.py:153} INFO - Started process (PID=2352) to work on /home/airflow/.local/lib/python3.7/site-packages/airflow/example_dags/example_latest_only_with_trigger.py
[2022-08-21 13:37:54,696] {processor.py:641} INFO - Processing file /home/airflow/.local/lib/python3.7/site-packages/airflow/example_dags/example_latest_only_with_trigger.py for tasks to queue
[2022-08-21 13:37:54,696] {logging_mixin.py:115} INFO - [2022-08-21 13:37:54,696] {dagbag.py:508} INFO - Filling up the DagBag from /home/airflow/.local/lib/python3.7/site-packages/airflow/example_dags/example_latest_only_with_trigger.py
[2022-08-21 13:37:54,703] {processor.py:651} INFO - DAG(s) dict_keys(['latest_only_with_trigger']) retrieved from /home/airflow/.local/lib/python3.7/site-packages/airflow/example_dags/example_latest_only_with_trigger.py
[2022-08-21 13:37:54,728] {logging_mixin.py:115} INFO - [2022-08-21 13:37:54,728] {dag.py:2420} INFO - Sync 1 DAGs
[2022-08-21 13:37:54,748] {logging_mixin.py:115} INFO - [2022-08-21 13:37:54,748] {dag.py:2972} INFO - Setting next_dagrun for latest_only_with_trigger to 2022-08-21T09:37:54.747942+00:00, run_after=2022-08-21T13:37:54.747942+00:00
[2022-08-21 13:37:54,760] {processor.py:161} INFO - Processing /home/airflow/.local/lib/python3.7/site-packages/airflow/example_dags/example_latest_only_with_trigger.py took 0.067 seconds
[2022-08-21 13:38:25,655] {processor.py:153} INFO - Started process (PID=2413) to work on /home/airflow/.local/lib/python3.7/site-packages/airflow/example_dags/example_latest_only_with_trigger.py
[2022-08-21 13:38:25,656] {processor.py:641} INFO - Processing file /home/airflow/.local/lib/python3.7/site-packages/airflow/example_dags/example_latest_only_with_trigger.py for tasks to queue
[2022-08-21 13:38:25,656] {logging_mixin.py:115} INFO - [2022-08-21 13:38:25,656] {dagbag.py:508} INFO - Filling up the DagBag from /home/airflow/.local/lib/python3.7/site-packages/airflow/example_dags/example_latest_only_with_trigger.py
[2022-08-21 13:38:25,662] {processor.py:651} INFO - DAG(s) dict_keys(['latest_only_with_trigger']) retrieved from /home/airflow/.local/lib/python3.7/site-packages/airflow/example_dags/example_latest_only_with_trigger.py
[2022-08-21 13:38:25,692] {logging_mixin.py:115} INFO - [2022-08-21 13:38:25,692] {dag.py:2420} INFO - Sync 1 DAGs
[2022-08-21 13:38:25,718] {logging_mixin.py:115} INFO - [2022-08-21 13:38:25,718] {dag.py:2972} INFO - Setting next_dagrun for latest_only_with_trigger to 2022-08-21T09:38:25.718147+00:00, run_after=2022-08-21T13:38:25.718147+00:00
[2022-08-21 13:38:25,737] {processor.py:161} INFO - Processing /home/airflow/.local/lib/python3.7/site-packages/airflow/example_dags/example_latest_only_with_trigger.py took 0.085 seconds
[2022-08-21 13:38:56,641] {processor.py:153} INFO - Started process (PID=2465) to work on /home/airflow/.local/lib/python3.7/site-packages/airflow/example_dags/example_latest_only_with_trigger.py
[2022-08-21 13:38:56,642] {processor.py:641} INFO - Processing file /home/airflow/.local/lib/python3.7/site-packages/airflow/example_dags/example_latest_only_with_trigger.py for tasks to queue
[2022-08-21 13:38:56,642] {logging_mixin.py:115} INFO - [2022-08-21 13:38:56,642] {dagbag.py:508} INFO - Filling up the DagBag from /home/airflow/.local/lib/python3.7/site-packages/airflow/example_dags/example_latest_only_with_trigger.py
[2022-08-21 13:38:56,647] {processor.py:651} INFO - DAG(s) dict_keys(['latest_only_with_trigger']) retrieved from /home/airflow/.local/lib/python3.7/site-packages/airflow/example_dags/example_latest_only_with_trigger.py
[2022-08-21 13:38:56,674] {logging_mixin.py:115} INFO - [2022-08-21 13:38:56,674] {dag.py:2420} INFO - Sync 1 DAGs
[2022-08-21 13:38:56,694] {logging_mixin.py:115} INFO - [2022-08-21 13:38:56,694] {dag.py:2972} INFO - Setting next_dagrun for latest_only_with_trigger to 2022-08-21T09:38:56.694160+00:00, run_after=2022-08-21T13:38:56.694160+00:00
[2022-08-21 13:38:56,709] {processor.py:161} INFO - Processing /home/airflow/.local/lib/python3.7/site-packages/airflow/example_dags/example_latest_only_with_trigger.py took 0.071 seconds
[2022-08-21 13:39:26,846] {processor.py:153} INFO - Started process (PID=2526) to work on /home/airflow/.local/lib/python3.7/site-packages/airflow/example_dags/example_latest_only_with_trigger.py
[2022-08-21 13:39:26,847] {processor.py:641} INFO - Processing file /home/airflow/.local/lib/python3.7/site-packages/airflow/example_dags/example_latest_only_with_trigger.py for tasks to queue
[2022-08-21 13:39:26,848] {logging_mixin.py:115} INFO - [2022-08-21 13:39:26,847] {dagbag.py:508} INFO - Filling up the DagBag from /home/airflow/.local/lib/python3.7/site-packages/airflow/example_dags/example_latest_only_with_trigger.py
[2022-08-21 13:39:26,853] {processor.py:651} INFO - DAG(s) dict_keys(['latest_only_with_trigger']) retrieved from /home/airflow/.local/lib/python3.7/site-packages/airflow/example_dags/example_latest_only_with_trigger.py
[2022-08-21 13:39:26,885] {logging_mixin.py:115} INFO - [2022-08-21 13:39:26,884] {dag.py:2420} INFO - Sync 1 DAGs
[2022-08-21 13:39:26,906] {logging_mixin.py:115} INFO - [2022-08-21 13:39:26,906] {dag.py:2972} INFO - Setting next_dagrun for latest_only_with_trigger to 2022-08-21T09:39:26.906508+00:00, run_after=2022-08-21T13:39:26.906508+00:00
[2022-08-21 13:39:26,924] {processor.py:161} INFO - Processing /home/airflow/.local/lib/python3.7/site-packages/airflow/example_dags/example_latest_only_with_trigger.py took 0.082 seconds
[2022-08-21 13:39:57,829] {processor.py:153} INFO - Started process (PID=2590) to work on /home/airflow/.local/lib/python3.7/site-packages/airflow/example_dags/example_latest_only_with_trigger.py
[2022-08-21 13:39:57,829] {processor.py:641} INFO - Processing file /home/airflow/.local/lib/python3.7/site-packages/airflow/example_dags/example_latest_only_with_trigger.py for tasks to queue
[2022-08-21 13:39:57,830] {logging_mixin.py:115} INFO - [2022-08-21 13:39:57,830] {dagbag.py:508} INFO - Filling up the DagBag from /home/airflow/.local/lib/python3.7/site-packages/airflow/example_dags/example_latest_only_with_trigger.py
[2022-08-21 13:39:57,837] {processor.py:651} INFO - DAG(s) dict_keys(['latest_only_with_trigger']) retrieved from /home/airflow/.local/lib/python3.7/site-packages/airflow/example_dags/example_latest_only_with_trigger.py
[2022-08-21 13:39:57,869] {logging_mixin.py:115} INFO - [2022-08-21 13:39:57,869] {dag.py:2420} INFO - Sync 1 DAGs
[2022-08-21 13:39:57,894] {logging_mixin.py:115} INFO - [2022-08-21 13:39:57,894] {dag.py:2972} INFO - Setting next_dagrun for latest_only_with_trigger to 2022-08-21T09:39:57.893520+00:00, run_after=2022-08-21T13:39:57.893520+00:00
[2022-08-21 13:39:57,910] {processor.py:161} INFO - Processing /home/airflow/.local/lib/python3.7/site-packages/airflow/example_dags/example_latest_only_with_trigger.py took 0.086 seconds
[2022-08-21 13:40:28,043] {processor.py:153} INFO - Started process (PID=2656) to work on /home/airflow/.local/lib/python3.7/site-packages/airflow/example_dags/example_latest_only_with_trigger.py
[2022-08-21 13:40:28,045] {processor.py:641} INFO - Processing file /home/airflow/.local/lib/python3.7/site-packages/airflow/example_dags/example_latest_only_with_trigger.py for tasks to queue
[2022-08-21 13:40:28,046] {logging_mixin.py:115} INFO - [2022-08-21 13:40:28,046] {dagbag.py:508} INFO - Filling up the DagBag from /home/airflow/.local/lib/python3.7/site-packages/airflow/example_dags/example_latest_only_with_trigger.py
[2022-08-21 13:40:28,053] {processor.py:651} INFO - DAG(s) dict_keys(['latest_only_with_trigger']) retrieved from /home/airflow/.local/lib/python3.7/site-packages/airflow/example_dags/example_latest_only_with_trigger.py
[2022-08-21 13:40:28,106] {logging_mixin.py:115} INFO - [2022-08-21 13:40:28,106] {dag.py:2420} INFO - Sync 1 DAGs
[2022-08-21 13:40:28,179] {logging_mixin.py:115} INFO - [2022-08-21 13:40:28,179] {dag.py:2972} INFO - Setting next_dagrun for latest_only_with_trigger to 2022-08-21T09:40:28.178198+00:00, run_after=2022-08-21T13:40:28.178198+00:00
[2022-08-21 13:40:28,217] {processor.py:161} INFO - Processing /home/airflow/.local/lib/python3.7/site-packages/airflow/example_dags/example_latest_only_with_trigger.py took 0.181 seconds
[2022-08-21 13:40:58,267] {processor.py:153} INFO - Started process (PID=2718) to work on /home/airflow/.local/lib/python3.7/site-packages/airflow/example_dags/example_latest_only_with_trigger.py
[2022-08-21 13:40:58,268] {processor.py:641} INFO - Processing file /home/airflow/.local/lib/python3.7/site-packages/airflow/example_dags/example_latest_only_with_trigger.py for tasks to queue
[2022-08-21 13:40:58,269] {logging_mixin.py:115} INFO - [2022-08-21 13:40:58,269] {dagbag.py:508} INFO - Filling up the DagBag from /home/airflow/.local/lib/python3.7/site-packages/airflow/example_dags/example_latest_only_with_trigger.py
[2022-08-21 13:40:58,274] {processor.py:651} INFO - DAG(s) dict_keys(['latest_only_with_trigger']) retrieved from /home/airflow/.local/lib/python3.7/site-packages/airflow/example_dags/example_latest_only_with_trigger.py
[2022-08-21 13:40:58,297] {logging_mixin.py:115} INFO - [2022-08-21 13:40:58,297] {dag.py:2420} INFO - Sync 1 DAGs
[2022-08-21 13:40:58,318] {logging_mixin.py:115} INFO - [2022-08-21 13:40:58,318] {dag.py:2972} INFO - Setting next_dagrun for latest_only_with_trigger to 2022-08-21T09:40:58.318143+00:00, run_after=2022-08-21T13:40:58.318143+00:00
[2022-08-21 13:40:58,336] {processor.py:161} INFO - Processing /home/airflow/.local/lib/python3.7/site-packages/airflow/example_dags/example_latest_only_with_trigger.py took 0.071 seconds
[2022-08-21 13:41:28,406] {processor.py:153} INFO - Started process (PID=2774) to work on /home/airflow/.local/lib/python3.7/site-packages/airflow/example_dags/example_latest_only_with_trigger.py
[2022-08-21 13:41:28,407] {processor.py:641} INFO - Processing file /home/airflow/.local/lib/python3.7/site-packages/airflow/example_dags/example_latest_only_with_trigger.py for tasks to queue
[2022-08-21 13:41:28,408] {logging_mixin.py:115} INFO - [2022-08-21 13:41:28,408] {dagbag.py:508} INFO - Filling up the DagBag from /home/airflow/.local/lib/python3.7/site-packages/airflow/example_dags/example_latest_only_with_trigger.py
[2022-08-21 13:41:28,414] {processor.py:651} INFO - DAG(s) dict_keys(['latest_only_with_trigger']) retrieved from /home/airflow/.local/lib/python3.7/site-packages/airflow/example_dags/example_latest_only_with_trigger.py
[2022-08-21 13:41:28,442] {logging_mixin.py:115} INFO - [2022-08-21 13:41:28,441] {dag.py:2420} INFO - Sync 1 DAGs
[2022-08-21 13:41:28,461] {logging_mixin.py:115} INFO - [2022-08-21 13:41:28,461] {dag.py:2972} INFO - Setting next_dagrun for latest_only_with_trigger to 2022-08-21T09:41:28.461224+00:00, run_after=2022-08-21T13:41:28.461224+00:00
[2022-08-21 13:41:28,475] {processor.py:161} INFO - Processing /home/airflow/.local/lib/python3.7/site-packages/airflow/example_dags/example_latest_only_with_trigger.py took 0.071 seconds
[2022-08-21 13:41:59,515] {processor.py:153} INFO - Started process (PID=2835) to work on /home/airflow/.local/lib/python3.7/site-packages/airflow/example_dags/example_latest_only_with_trigger.py
[2022-08-21 13:41:59,515] {processor.py:641} INFO - Processing file /home/airflow/.local/lib/python3.7/site-packages/airflow/example_dags/example_latest_only_with_trigger.py for tasks to queue
[2022-08-21 13:41:59,516] {logging_mixin.py:115} INFO - [2022-08-21 13:41:59,516] {dagbag.py:508} INFO - Filling up the DagBag from /home/airflow/.local/lib/python3.7/site-packages/airflow/example_dags/example_latest_only_with_trigger.py
[2022-08-21 13:41:59,522] {processor.py:651} INFO - DAG(s) dict_keys(['latest_only_with_trigger']) retrieved from /home/airflow/.local/lib/python3.7/site-packages/airflow/example_dags/example_latest_only_with_trigger.py
[2022-08-21 13:41:59,552] {logging_mixin.py:115} INFO - [2022-08-21 13:41:59,552] {dag.py:2420} INFO - Sync 1 DAGs
[2022-08-21 13:41:59,577] {logging_mixin.py:115} INFO - [2022-08-21 13:41:59,577] {dag.py:2972} INFO - Setting next_dagrun for latest_only_with_trigger to 2022-08-21T09:41:59.577046+00:00, run_after=2022-08-21T13:41:59.577046+00:00
[2022-08-21 13:41:59,591] {processor.py:161} INFO - Processing /home/airflow/.local/lib/python3.7/site-packages/airflow/example_dags/example_latest_only_with_trigger.py took 0.081 seconds
[2022-08-21 13:42:30,398] {processor.py:153} INFO - Started process (PID=2896) to work on /home/airflow/.local/lib/python3.7/site-packages/airflow/example_dags/example_latest_only_with_trigger.py
[2022-08-21 13:42:30,399] {processor.py:641} INFO - Processing file /home/airflow/.local/lib/python3.7/site-packages/airflow/example_dags/example_latest_only_with_trigger.py for tasks to queue
[2022-08-21 13:42:30,400] {logging_mixin.py:115} INFO - [2022-08-21 13:42:30,400] {dagbag.py:508} INFO - Filling up the DagBag from /home/airflow/.local/lib/python3.7/site-packages/airflow/example_dags/example_latest_only_with_trigger.py
[2022-08-21 13:42:30,407] {processor.py:651} INFO - DAG(s) dict_keys(['latest_only_with_trigger']) retrieved from /home/airflow/.local/lib/python3.7/site-packages/airflow/example_dags/example_latest_only_with_trigger.py
[2022-08-21 13:42:30,434] {logging_mixin.py:115} INFO - [2022-08-21 13:42:30,434] {dag.py:2420} INFO - Sync 1 DAGs
[2022-08-21 13:42:30,459] {logging_mixin.py:115} INFO - [2022-08-21 13:42:30,459] {dag.py:2972} INFO - Setting next_dagrun for latest_only_with_trigger to 2022-08-21T09:42:30.458798+00:00, run_after=2022-08-21T13:42:30.458798+00:00
[2022-08-21 13:42:30,474] {processor.py:161} INFO - Processing /home/airflow/.local/lib/python3.7/site-packages/airflow/example_dags/example_latest_only_with_trigger.py took 0.080 seconds
[2022-08-21 13:43:00,628] {processor.py:153} INFO - Started process (PID=2948) to work on /home/airflow/.local/lib/python3.7/site-packages/airflow/example_dags/example_latest_only_with_trigger.py
[2022-08-21 13:43:00,629] {processor.py:641} INFO - Processing file /home/airflow/.local/lib/python3.7/site-packages/airflow/example_dags/example_latest_only_with_trigger.py for tasks to queue
[2022-08-21 13:43:00,630] {logging_mixin.py:115} INFO - [2022-08-21 13:43:00,630] {dagbag.py:508} INFO - Filling up the DagBag from /home/airflow/.local/lib/python3.7/site-packages/airflow/example_dags/example_latest_only_with_trigger.py
[2022-08-21 13:43:00,637] {processor.py:651} INFO - DAG(s) dict_keys(['latest_only_with_trigger']) retrieved from /home/airflow/.local/lib/python3.7/site-packages/airflow/example_dags/example_latest_only_with_trigger.py
[2022-08-21 13:43:00,666] {logging_mixin.py:115} INFO - [2022-08-21 13:43:00,666] {dag.py:2420} INFO - Sync 1 DAGs
[2022-08-21 13:43:00,689] {logging_mixin.py:115} INFO - [2022-08-21 13:43:00,689] {dag.py:2972} INFO - Setting next_dagrun for latest_only_with_trigger to 2022-08-21T09:43:00.688748+00:00, run_after=2022-08-21T13:43:00.688748+00:00
[2022-08-21 13:43:00,704] {processor.py:161} INFO - Processing /home/airflow/.local/lib/python3.7/site-packages/airflow/example_dags/example_latest_only_with_trigger.py took 0.079 seconds
[2022-08-21 13:43:30,990] {processor.py:153} INFO - Started process (PID=3009) to work on /home/airflow/.local/lib/python3.7/site-packages/airflow/example_dags/example_latest_only_with_trigger.py
[2022-08-21 13:43:30,991] {processor.py:641} INFO - Processing file /home/airflow/.local/lib/python3.7/site-packages/airflow/example_dags/example_latest_only_with_trigger.py for tasks to queue
[2022-08-21 13:43:30,992] {logging_mixin.py:115} INFO - [2022-08-21 13:43:30,992] {dagbag.py:508} INFO - Filling up the DagBag from /home/airflow/.local/lib/python3.7/site-packages/airflow/example_dags/example_latest_only_with_trigger.py
[2022-08-21 13:43:31,001] {processor.py:651} INFO - DAG(s) dict_keys(['latest_only_with_trigger']) retrieved from /home/airflow/.local/lib/python3.7/site-packages/airflow/example_dags/example_latest_only_with_trigger.py
[2022-08-21 13:43:31,057] {logging_mixin.py:115} INFO - [2022-08-21 13:43:31,057] {dag.py:2420} INFO - Sync 1 DAGs
[2022-08-21 13:43:31,112] {logging_mixin.py:115} INFO - [2022-08-21 13:43:31,111] {dag.py:2972} INFO - Setting next_dagrun for latest_only_with_trigger to 2022-08-21T09:43:31.111260+00:00, run_after=2022-08-21T13:43:31.111260+00:00
[2022-08-21 13:43:31,133] {processor.py:161} INFO - Processing /home/airflow/.local/lib/python3.7/site-packages/airflow/example_dags/example_latest_only_with_trigger.py took 0.148 seconds
[2022-08-21 13:44:02,029] {processor.py:153} INFO - Started process (PID=3070) to work on /home/airflow/.local/lib/python3.7/site-packages/airflow/example_dags/example_latest_only_with_trigger.py
[2022-08-21 13:44:02,030] {processor.py:641} INFO - Processing file /home/airflow/.local/lib/python3.7/site-packages/airflow/example_dags/example_latest_only_with_trigger.py for tasks to queue
[2022-08-21 13:44:02,030] {logging_mixin.py:115} INFO - [2022-08-21 13:44:02,030] {dagbag.py:508} INFO - Filling up the DagBag from /home/airflow/.local/lib/python3.7/site-packages/airflow/example_dags/example_latest_only_with_trigger.py
[2022-08-21 13:44:02,036] {processor.py:651} INFO - DAG(s) dict_keys(['latest_only_with_trigger']) retrieved from /home/airflow/.local/lib/python3.7/site-packages/airflow/example_dags/example_latest_only_with_trigger.py
[2022-08-21 13:44:02,061] {logging_mixin.py:115} INFO - [2022-08-21 13:44:02,061] {dag.py:2420} INFO - Sync 1 DAGs
[2022-08-21 13:44:02,081] {logging_mixin.py:115} INFO - [2022-08-21 13:44:02,081] {dag.py:2972} INFO - Setting next_dagrun for latest_only_with_trigger to 2022-08-21T09:44:02.081568+00:00, run_after=2022-08-21T13:44:02.081568+00:00
[2022-08-21 13:44:02,095] {processor.py:161} INFO - Processing /home/airflow/.local/lib/python3.7/site-packages/airflow/example_dags/example_latest_only_with_trigger.py took 0.069 seconds
[2022-08-21 13:44:32,870] {processor.py:153} INFO - Started process (PID=3122) to work on /home/airflow/.local/lib/python3.7/site-packages/airflow/example_dags/example_latest_only_with_trigger.py
[2022-08-21 13:44:32,871] {processor.py:641} INFO - Processing file /home/airflow/.local/lib/python3.7/site-packages/airflow/example_dags/example_latest_only_with_trigger.py for tasks to queue
[2022-08-21 13:44:32,872] {logging_mixin.py:115} INFO - [2022-08-21 13:44:32,872] {dagbag.py:508} INFO - Filling up the DagBag from /home/airflow/.local/lib/python3.7/site-packages/airflow/example_dags/example_latest_only_with_trigger.py
[2022-08-21 13:44:32,878] {processor.py:651} INFO - DAG(s) dict_keys(['latest_only_with_trigger']) retrieved from /home/airflow/.local/lib/python3.7/site-packages/airflow/example_dags/example_latest_only_with_trigger.py
[2022-08-21 13:44:32,908] {logging_mixin.py:115} INFO - [2022-08-21 13:44:32,908] {dag.py:2420} INFO - Sync 1 DAGs
[2022-08-21 13:44:32,930] {logging_mixin.py:115} INFO - [2022-08-21 13:44:32,930] {dag.py:2972} INFO - Setting next_dagrun for latest_only_with_trigger to 2022-08-21T09:44:32.930314+00:00, run_after=2022-08-21T13:44:32.930314+00:00
[2022-08-21 13:44:32,945] {processor.py:161} INFO - Processing /home/airflow/.local/lib/python3.7/site-packages/airflow/example_dags/example_latest_only_with_trigger.py took 0.078 seconds
[2022-08-21 13:45:03,787] {processor.py:153} INFO - Started process (PID=3183) to work on /home/airflow/.local/lib/python3.7/site-packages/airflow/example_dags/example_latest_only_with_trigger.py
[2022-08-21 13:45:03,788] {processor.py:641} INFO - Processing file /home/airflow/.local/lib/python3.7/site-packages/airflow/example_dags/example_latest_only_with_trigger.py for tasks to queue
[2022-08-21 13:45:03,788] {logging_mixin.py:115} INFO - [2022-08-21 13:45:03,788] {dagbag.py:508} INFO - Filling up the DagBag from /home/airflow/.local/lib/python3.7/site-packages/airflow/example_dags/example_latest_only_with_trigger.py
[2022-08-21 13:45:03,795] {processor.py:651} INFO - DAG(s) dict_keys(['latest_only_with_trigger']) retrieved from /home/airflow/.local/lib/python3.7/site-packages/airflow/example_dags/example_latest_only_with_trigger.py
[2022-08-21 13:45:03,824] {logging_mixin.py:115} INFO - [2022-08-21 13:45:03,824] {dag.py:2420} INFO - Sync 1 DAGs
[2022-08-21 13:45:03,850] {logging_mixin.py:115} INFO - [2022-08-21 13:45:03,850] {dag.py:2972} INFO - Setting next_dagrun for latest_only_with_trigger to 2022-08-21T09:45:03.850252+00:00, run_after=2022-08-21T13:45:03.850252+00:00
[2022-08-21 13:45:03,867] {processor.py:161} INFO - Processing /home/airflow/.local/lib/python3.7/site-packages/airflow/example_dags/example_latest_only_with_trigger.py took 0.084 seconds
[2022-08-21 13:45:34,028] {processor.py:153} INFO - Started process (PID=3244) to work on /home/airflow/.local/lib/python3.7/site-packages/airflow/example_dags/example_latest_only_with_trigger.py
[2022-08-21 13:45:34,028] {processor.py:641} INFO - Processing file /home/airflow/.local/lib/python3.7/site-packages/airflow/example_dags/example_latest_only_with_trigger.py for tasks to queue
[2022-08-21 13:45:34,029] {logging_mixin.py:115} INFO - [2022-08-21 13:45:34,029] {dagbag.py:508} INFO - Filling up the DagBag from /home/airflow/.local/lib/python3.7/site-packages/airflow/example_dags/example_latest_only_with_trigger.py
[2022-08-21 13:45:34,035] {processor.py:651} INFO - DAG(s) dict_keys(['latest_only_with_trigger']) retrieved from /home/airflow/.local/lib/python3.7/site-packages/airflow/example_dags/example_latest_only_with_trigger.py
[2022-08-21 13:45:34,067] {logging_mixin.py:115} INFO - [2022-08-21 13:45:34,067] {dag.py:2420} INFO - Sync 1 DAGs
[2022-08-21 13:45:34,088] {logging_mixin.py:115} INFO - [2022-08-21 13:45:34,088] {dag.py:2972} INFO - Setting next_dagrun for latest_only_with_trigger to 2022-08-21T09:45:34.087868+00:00, run_after=2022-08-21T13:45:34.087868+00:00
[2022-08-21 13:45:34,108] {processor.py:161} INFO - Processing /home/airflow/.local/lib/python3.7/site-packages/airflow/example_dags/example_latest_only_with_trigger.py took 0.085 seconds
[2022-08-21 13:46:04,997] {processor.py:153} INFO - Started process (PID=3296) to work on /home/airflow/.local/lib/python3.7/site-packages/airflow/example_dags/example_latest_only_with_trigger.py
[2022-08-21 13:46:04,998] {processor.py:641} INFO - Processing file /home/airflow/.local/lib/python3.7/site-packages/airflow/example_dags/example_latest_only_with_trigger.py for tasks to queue
[2022-08-21 13:46:04,999] {logging_mixin.py:115} INFO - [2022-08-21 13:46:04,999] {dagbag.py:508} INFO - Filling up the DagBag from /home/airflow/.local/lib/python3.7/site-packages/airflow/example_dags/example_latest_only_with_trigger.py
[2022-08-21 13:46:05,008] {processor.py:651} INFO - DAG(s) dict_keys(['latest_only_with_trigger']) retrieved from /home/airflow/.local/lib/python3.7/site-packages/airflow/example_dags/example_latest_only_with_trigger.py
[2022-08-21 13:46:05,049] {logging_mixin.py:115} INFO - [2022-08-21 13:46:05,049] {dag.py:2420} INFO - Sync 1 DAGs
[2022-08-21 13:46:05,086] {logging_mixin.py:115} INFO - [2022-08-21 13:46:05,086] {dag.py:2972} INFO - Setting next_dagrun for latest_only_with_trigger to 2022-08-21T09:46:05.086074+00:00, run_after=2022-08-21T13:46:05.086074+00:00
[2022-08-21 13:46:05,104] {processor.py:161} INFO - Processing /home/airflow/.local/lib/python3.7/site-packages/airflow/example_dags/example_latest_only_with_trigger.py took 0.111 seconds
[2022-08-21 13:46:35,271] {processor.py:153} INFO - Started process (PID=3357) to work on /home/airflow/.local/lib/python3.7/site-packages/airflow/example_dags/example_latest_only_with_trigger.py
[2022-08-21 13:46:35,272] {processor.py:641} INFO - Processing file /home/airflow/.local/lib/python3.7/site-packages/airflow/example_dags/example_latest_only_with_trigger.py for tasks to queue
[2022-08-21 13:46:35,273] {logging_mixin.py:115} INFO - [2022-08-21 13:46:35,273] {dagbag.py:508} INFO - Filling up the DagBag from /home/airflow/.local/lib/python3.7/site-packages/airflow/example_dags/example_latest_only_with_trigger.py
[2022-08-21 13:46:35,278] {processor.py:651} INFO - DAG(s) dict_keys(['latest_only_with_trigger']) retrieved from /home/airflow/.local/lib/python3.7/site-packages/airflow/example_dags/example_latest_only_with_trigger.py
[2022-08-21 13:46:35,302] {logging_mixin.py:115} INFO - [2022-08-21 13:46:35,302] {dag.py:2420} INFO - Sync 1 DAGs
[2022-08-21 13:46:35,323] {logging_mixin.py:115} INFO - [2022-08-21 13:46:35,323] {dag.py:2972} INFO - Setting next_dagrun for latest_only_with_trigger to 2022-08-21T09:46:35.323220+00:00, run_after=2022-08-21T13:46:35.323220+00:00
[2022-08-21 13:46:35,341] {processor.py:161} INFO - Processing /home/airflow/.local/lib/python3.7/site-packages/airflow/example_dags/example_latest_only_with_trigger.py took 0.073 seconds
[2022-08-21 13:47:06,089] {processor.py:153} INFO - Started process (PID=3411) to work on /home/airflow/.local/lib/python3.7/site-packages/airflow/example_dags/example_latest_only_with_trigger.py
[2022-08-21 13:47:06,089] {processor.py:641} INFO - Processing file /home/airflow/.local/lib/python3.7/site-packages/airflow/example_dags/example_latest_only_with_trigger.py for tasks to queue
[2022-08-21 13:47:06,090] {logging_mixin.py:115} INFO - [2022-08-21 13:47:06,090] {dagbag.py:508} INFO - Filling up the DagBag from /home/airflow/.local/lib/python3.7/site-packages/airflow/example_dags/example_latest_only_with_trigger.py
[2022-08-21 13:47:06,097] {processor.py:651} INFO - DAG(s) dict_keys(['latest_only_with_trigger']) retrieved from /home/airflow/.local/lib/python3.7/site-packages/airflow/example_dags/example_latest_only_with_trigger.py
[2022-08-21 13:47:06,135] {logging_mixin.py:115} INFO - [2022-08-21 13:47:06,135] {dag.py:2420} INFO - Sync 1 DAGs
[2022-08-21 13:47:06,162] {logging_mixin.py:115} INFO - [2022-08-21 13:47:06,162] {dag.py:2972} INFO - Setting next_dagrun for latest_only_with_trigger to 2022-08-21T09:47:06.162454+00:00, run_after=2022-08-21T13:47:06.162454+00:00
[2022-08-21 13:47:06,180] {processor.py:161} INFO - Processing /home/airflow/.local/lib/python3.7/site-packages/airflow/example_dags/example_latest_only_with_trigger.py took 0.094 seconds
[2022-08-21 13:47:36,855] {processor.py:153} INFO - Started process (PID=3473) to work on /home/airflow/.local/lib/python3.7/site-packages/airflow/example_dags/example_latest_only_with_trigger.py
[2022-08-21 13:47:36,856] {processor.py:641} INFO - Processing file /home/airflow/.local/lib/python3.7/site-packages/airflow/example_dags/example_latest_only_with_trigger.py for tasks to queue
[2022-08-21 13:47:36,857] {logging_mixin.py:115} INFO - [2022-08-21 13:47:36,857] {dagbag.py:508} INFO - Filling up the DagBag from /home/airflow/.local/lib/python3.7/site-packages/airflow/example_dags/example_latest_only_with_trigger.py
[2022-08-21 13:47:36,862] {processor.py:651} INFO - DAG(s) dict_keys(['latest_only_with_trigger']) retrieved from /home/airflow/.local/lib/python3.7/site-packages/airflow/example_dags/example_latest_only_with_trigger.py
[2022-08-21 13:47:36,888] {logging_mixin.py:115} INFO - [2022-08-21 13:47:36,888] {dag.py:2420} INFO - Sync 1 DAGs
[2022-08-21 13:47:36,910] {logging_mixin.py:115} INFO - [2022-08-21 13:47:36,910] {dag.py:2972} INFO - Setting next_dagrun for latest_only_with_trigger to 2022-08-21T09:47:36.909752+00:00, run_after=2022-08-21T13:47:36.909752+00:00
[2022-08-21 13:47:36,922] {processor.py:161} INFO - Processing /home/airflow/.local/lib/python3.7/site-packages/airflow/example_dags/example_latest_only_with_trigger.py took 0.069 seconds
[2022-08-21 13:48:07,756] {processor.py:153} INFO - Started process (PID=3534) to work on /home/airflow/.local/lib/python3.7/site-packages/airflow/example_dags/example_latest_only_with_trigger.py
[2022-08-21 13:48:07,757] {processor.py:641} INFO - Processing file /home/airflow/.local/lib/python3.7/site-packages/airflow/example_dags/example_latest_only_with_trigger.py for tasks to queue
[2022-08-21 13:48:07,758] {logging_mixin.py:115} INFO - [2022-08-21 13:48:07,758] {dagbag.py:508} INFO - Filling up the DagBag from /home/airflow/.local/lib/python3.7/site-packages/airflow/example_dags/example_latest_only_with_trigger.py
[2022-08-21 13:48:07,764] {processor.py:651} INFO - DAG(s) dict_keys(['latest_only_with_trigger']) retrieved from /home/airflow/.local/lib/python3.7/site-packages/airflow/example_dags/example_latest_only_with_trigger.py
[2022-08-21 13:48:07,792] {logging_mixin.py:115} INFO - [2022-08-21 13:48:07,792] {dag.py:2420} INFO - Sync 1 DAGs
[2022-08-21 13:48:07,815] {logging_mixin.py:115} INFO - [2022-08-21 13:48:07,815] {dag.py:2972} INFO - Setting next_dagrun for latest_only_with_trigger to 2022-08-21T09:48:07.815061+00:00, run_after=2022-08-21T13:48:07.815061+00:00
[2022-08-21 13:48:07,829] {processor.py:161} INFO - Processing /home/airflow/.local/lib/python3.7/site-packages/airflow/example_dags/example_latest_only_with_trigger.py took 0.075 seconds
[2022-08-21 13:48:38,185] {processor.py:153} INFO - Started process (PID=3587) to work on /home/airflow/.local/lib/python3.7/site-packages/airflow/example_dags/example_latest_only_with_trigger.py
[2022-08-21 13:48:38,187] {processor.py:641} INFO - Processing file /home/airflow/.local/lib/python3.7/site-packages/airflow/example_dags/example_latest_only_with_trigger.py for tasks to queue
[2022-08-21 13:48:38,188] {logging_mixin.py:115} INFO - [2022-08-21 13:48:38,188] {dagbag.py:508} INFO - Filling up the DagBag from /home/airflow/.local/lib/python3.7/site-packages/airflow/example_dags/example_latest_only_with_trigger.py
[2022-08-21 13:48:38,205] {processor.py:651} INFO - DAG(s) dict_keys(['latest_only_with_trigger']) retrieved from /home/airflow/.local/lib/python3.7/site-packages/airflow/example_dags/example_latest_only_with_trigger.py
[2022-08-21 13:48:38,254] {logging_mixin.py:115} INFO - [2022-08-21 13:48:38,253] {dag.py:2420} INFO - Sync 1 DAGs
[2022-08-21 13:48:38,287] {logging_mixin.py:115} INFO - [2022-08-21 13:48:38,287] {dag.py:2972} INFO - Setting next_dagrun for latest_only_with_trigger to 2022-08-21T09:48:38.286800+00:00, run_after=2022-08-21T13:48:38.286800+00:00
[2022-08-21 13:48:38,308] {processor.py:161} INFO - Processing /home/airflow/.local/lib/python3.7/site-packages/airflow/example_dags/example_latest_only_with_trigger.py took 0.127 seconds
[2022-08-21 13:49:08,360] {processor.py:153} INFO - Started process (PID=3649) to work on /home/airflow/.local/lib/python3.7/site-packages/airflow/example_dags/example_latest_only_with_trigger.py
[2022-08-21 13:49:08,361] {processor.py:641} INFO - Processing file /home/airflow/.local/lib/python3.7/site-packages/airflow/example_dags/example_latest_only_with_trigger.py for tasks to queue
[2022-08-21 13:49:08,361] {logging_mixin.py:115} INFO - [2022-08-21 13:49:08,361] {dagbag.py:508} INFO - Filling up the DagBag from /home/airflow/.local/lib/python3.7/site-packages/airflow/example_dags/example_latest_only_with_trigger.py
[2022-08-21 13:49:08,369] {processor.py:651} INFO - DAG(s) dict_keys(['latest_only_with_trigger']) retrieved from /home/airflow/.local/lib/python3.7/site-packages/airflow/example_dags/example_latest_only_with_trigger.py
[2022-08-21 13:49:08,394] {logging_mixin.py:115} INFO - [2022-08-21 13:49:08,394] {dag.py:2420} INFO - Sync 1 DAGs
[2022-08-21 13:49:08,417] {logging_mixin.py:115} INFO - [2022-08-21 13:49:08,417] {dag.py:2972} INFO - Setting next_dagrun for latest_only_with_trigger to 2022-08-21T09:49:08.417226+00:00, run_after=2022-08-21T13:49:08.417226+00:00
[2022-08-21 13:49:08,433] {processor.py:161} INFO - Processing /home/airflow/.local/lib/python3.7/site-packages/airflow/example_dags/example_latest_only_with_trigger.py took 0.076 seconds
[2022-08-21 13:49:39,512] {processor.py:153} INFO - Started process (PID=3710) to work on /home/airflow/.local/lib/python3.7/site-packages/airflow/example_dags/example_latest_only_with_trigger.py
[2022-08-21 13:49:39,513] {processor.py:641} INFO - Processing file /home/airflow/.local/lib/python3.7/site-packages/airflow/example_dags/example_latest_only_with_trigger.py for tasks to queue
[2022-08-21 13:49:39,514] {logging_mixin.py:115} INFO - [2022-08-21 13:49:39,513] {dagbag.py:508} INFO - Filling up the DagBag from /home/airflow/.local/lib/python3.7/site-packages/airflow/example_dags/example_latest_only_with_trigger.py
[2022-08-21 13:49:39,518] {processor.py:651} INFO - DAG(s) dict_keys(['latest_only_with_trigger']) retrieved from /home/airflow/.local/lib/python3.7/site-packages/airflow/example_dags/example_latest_only_with_trigger.py
[2022-08-21 13:49:39,547] {logging_mixin.py:115} INFO - [2022-08-21 13:49:39,547] {dag.py:2420} INFO - Sync 1 DAGs
[2022-08-21 13:49:39,568] {logging_mixin.py:115} INFO - [2022-08-21 13:49:39,568] {dag.py:2972} INFO - Setting next_dagrun for latest_only_with_trigger to 2022-08-21T09:49:39.568495+00:00, run_after=2022-08-21T13:49:39.568495+00:00
[2022-08-21 13:49:39,582] {processor.py:161} INFO - Processing /home/airflow/.local/lib/python3.7/site-packages/airflow/example_dags/example_latest_only_with_trigger.py took 0.073 seconds
[2022-08-21 13:50:10,431] {processor.py:153} INFO - Started process (PID=3762) to work on /home/airflow/.local/lib/python3.7/site-packages/airflow/example_dags/example_latest_only_with_trigger.py
[2022-08-21 13:50:10,432] {processor.py:641} INFO - Processing file /home/airflow/.local/lib/python3.7/site-packages/airflow/example_dags/example_latest_only_with_trigger.py for tasks to queue
[2022-08-21 13:50:10,433] {logging_mixin.py:115} INFO - [2022-08-21 13:50:10,433] {dagbag.py:508} INFO - Filling up the DagBag from /home/airflow/.local/lib/python3.7/site-packages/airflow/example_dags/example_latest_only_with_trigger.py
[2022-08-21 13:50:10,438] {processor.py:651} INFO - DAG(s) dict_keys(['latest_only_with_trigger']) retrieved from /home/airflow/.local/lib/python3.7/site-packages/airflow/example_dags/example_latest_only_with_trigger.py
[2022-08-21 13:50:10,462] {logging_mixin.py:115} INFO - [2022-08-21 13:50:10,461] {dag.py:2420} INFO - Sync 1 DAGs
[2022-08-21 13:50:10,484] {logging_mixin.py:115} INFO - [2022-08-21 13:50:10,484] {dag.py:2972} INFO - Setting next_dagrun for latest_only_with_trigger to 2022-08-21T09:50:10.483855+00:00, run_after=2022-08-21T13:50:10.483855+00:00
[2022-08-21 13:50:10,497] {processor.py:161} INFO - Processing /home/airflow/.local/lib/python3.7/site-packages/airflow/example_dags/example_latest_only_with_trigger.py took 0.069 seconds
[2022-08-21 13:50:40,737] {processor.py:153} INFO - Started process (PID=3824) to work on /home/airflow/.local/lib/python3.7/site-packages/airflow/example_dags/example_latest_only_with_trigger.py
[2022-08-21 13:50:40,738] {processor.py:641} INFO - Processing file /home/airflow/.local/lib/python3.7/site-packages/airflow/example_dags/example_latest_only_with_trigger.py for tasks to queue
[2022-08-21 13:50:40,739] {logging_mixin.py:115} INFO - [2022-08-21 13:50:40,739] {dagbag.py:508} INFO - Filling up the DagBag from /home/airflow/.local/lib/python3.7/site-packages/airflow/example_dags/example_latest_only_with_trigger.py
[2022-08-21 13:50:40,746] {processor.py:651} INFO - DAG(s) dict_keys(['latest_only_with_trigger']) retrieved from /home/airflow/.local/lib/python3.7/site-packages/airflow/example_dags/example_latest_only_with_trigger.py
[2022-08-21 13:50:40,773] {logging_mixin.py:115} INFO - [2022-08-21 13:50:40,773] {dag.py:2420} INFO - Sync 1 DAGs
[2022-08-21 13:50:40,797] {logging_mixin.py:115} INFO - [2022-08-21 13:50:40,797] {dag.py:2972} INFO - Setting next_dagrun for latest_only_with_trigger to 2022-08-21T09:50:40.796626+00:00, run_after=2022-08-21T13:50:40.796626+00:00
[2022-08-21 13:50:40,815] {processor.py:161} INFO - Processing /home/airflow/.local/lib/python3.7/site-packages/airflow/example_dags/example_latest_only_with_trigger.py took 0.081 seconds
[2022-08-21 13:51:11,009] {processor.py:153} INFO - Started process (PID=3885) to work on /home/airflow/.local/lib/python3.7/site-packages/airflow/example_dags/example_latest_only_with_trigger.py
[2022-08-21 13:51:11,010] {processor.py:641} INFO - Processing file /home/airflow/.local/lib/python3.7/site-packages/airflow/example_dags/example_latest_only_with_trigger.py for tasks to queue
[2022-08-21 13:51:11,011] {logging_mixin.py:115} INFO - [2022-08-21 13:51:11,011] {dagbag.py:508} INFO - Filling up the DagBag from /home/airflow/.local/lib/python3.7/site-packages/airflow/example_dags/example_latest_only_with_trigger.py
[2022-08-21 13:51:11,018] {processor.py:651} INFO - DAG(s) dict_keys(['latest_only_with_trigger']) retrieved from /home/airflow/.local/lib/python3.7/site-packages/airflow/example_dags/example_latest_only_with_trigger.py
[2022-08-21 13:51:11,046] {logging_mixin.py:115} INFO - [2022-08-21 13:51:11,046] {dag.py:2420} INFO - Sync 1 DAGs
[2022-08-21 13:51:11,067] {logging_mixin.py:115} INFO - [2022-08-21 13:51:11,067] {dag.py:2972} INFO - Setting next_dagrun for latest_only_with_trigger to 2022-08-21T09:51:11.067509+00:00, run_after=2022-08-21T13:51:11.067509+00:00
[2022-08-21 13:51:11,087] {processor.py:161} INFO - Processing /home/airflow/.local/lib/python3.7/site-packages/airflow/example_dags/example_latest_only_with_trigger.py took 0.081 seconds
[2022-08-21 13:51:41,129] {processor.py:153} INFO - Started process (PID=3937) to work on /home/airflow/.local/lib/python3.7/site-packages/airflow/example_dags/example_latest_only_with_trigger.py
[2022-08-21 13:51:41,131] {processor.py:641} INFO - Processing file /home/airflow/.local/lib/python3.7/site-packages/airflow/example_dags/example_latest_only_with_trigger.py for tasks to queue
[2022-08-21 13:51:41,132] {logging_mixin.py:115} INFO - [2022-08-21 13:51:41,132] {dagbag.py:508} INFO - Filling up the DagBag from /home/airflow/.local/lib/python3.7/site-packages/airflow/example_dags/example_latest_only_with_trigger.py
[2022-08-21 13:51:41,140] {processor.py:651} INFO - DAG(s) dict_keys(['latest_only_with_trigger']) retrieved from /home/airflow/.local/lib/python3.7/site-packages/airflow/example_dags/example_latest_only_with_trigger.py
[2022-08-21 13:51:41,169] {logging_mixin.py:115} INFO - [2022-08-21 13:51:41,169] {dag.py:2420} INFO - Sync 1 DAGs
[2022-08-21 13:51:41,191] {logging_mixin.py:115} INFO - [2022-08-21 13:51:41,191] {dag.py:2972} INFO - Setting next_dagrun for latest_only_with_trigger to 2022-08-21T09:51:41.191020+00:00, run_after=2022-08-21T13:51:41.191020+00:00
[2022-08-21 13:51:41,211] {processor.py:161} INFO - Processing /home/airflow/.local/lib/python3.7/site-packages/airflow/example_dags/example_latest_only_with_trigger.py took 0.085 seconds
[2022-08-21 13:52:11,339] {processor.py:153} INFO - Started process (PID=3998) to work on /home/airflow/.local/lib/python3.7/site-packages/airflow/example_dags/example_latest_only_with_trigger.py
[2022-08-21 13:52:11,340] {processor.py:641} INFO - Processing file /home/airflow/.local/lib/python3.7/site-packages/airflow/example_dags/example_latest_only_with_trigger.py for tasks to queue
[2022-08-21 13:52:11,341] {logging_mixin.py:115} INFO - [2022-08-21 13:52:11,341] {dagbag.py:508} INFO - Filling up the DagBag from /home/airflow/.local/lib/python3.7/site-packages/airflow/example_dags/example_latest_only_with_trigger.py
[2022-08-21 13:52:11,346] {processor.py:651} INFO - DAG(s) dict_keys(['latest_only_with_trigger']) retrieved from /home/airflow/.local/lib/python3.7/site-packages/airflow/example_dags/example_latest_only_with_trigger.py
[2022-08-21 13:52:11,374] {logging_mixin.py:115} INFO - [2022-08-21 13:52:11,374] {dag.py:2420} INFO - Sync 1 DAGs
[2022-08-21 13:52:11,394] {logging_mixin.py:115} INFO - [2022-08-21 13:52:11,393] {dag.py:2972} INFO - Setting next_dagrun for latest_only_with_trigger to 2022-08-21T09:52:11.393746+00:00, run_after=2022-08-21T13:52:11.393746+00:00
[2022-08-21 13:52:11,409] {processor.py:161} INFO - Processing /home/airflow/.local/lib/python3.7/site-packages/airflow/example_dags/example_latest_only_with_trigger.py took 0.073 seconds
[2022-08-21 13:52:41,978] {processor.py:153} INFO - Started process (PID=4059) to work on /home/airflow/.local/lib/python3.7/site-packages/airflow/example_dags/example_latest_only_with_trigger.py
[2022-08-21 13:52:41,979] {processor.py:641} INFO - Processing file /home/airflow/.local/lib/python3.7/site-packages/airflow/example_dags/example_latest_only_with_trigger.py for tasks to queue
[2022-08-21 13:52:41,981] {logging_mixin.py:115} INFO - [2022-08-21 13:52:41,981] {dagbag.py:508} INFO - Filling up the DagBag from /home/airflow/.local/lib/python3.7/site-packages/airflow/example_dags/example_latest_only_with_trigger.py
[2022-08-21 13:52:41,990] {processor.py:651} INFO - DAG(s) dict_keys(['latest_only_with_trigger']) retrieved from /home/airflow/.local/lib/python3.7/site-packages/airflow/example_dags/example_latest_only_with_trigger.py
[2022-08-21 13:52:42,028] {logging_mixin.py:115} INFO - [2022-08-21 13:52:42,027] {dag.py:2420} INFO - Sync 1 DAGs
[2022-08-21 13:52:42,060] {logging_mixin.py:115} INFO - [2022-08-21 13:52:42,059] {dag.py:2972} INFO - Setting next_dagrun for latest_only_with_trigger to 2022-08-21T09:52:42.059603+00:00, run_after=2022-08-21T13:52:42.059603+00:00
[2022-08-21 13:52:42,082] {processor.py:161} INFO - Processing /home/airflow/.local/lib/python3.7/site-packages/airflow/example_dags/example_latest_only_with_trigger.py took 0.109 seconds
[2022-08-21 13:53:12,911] {processor.py:153} INFO - Started process (PID=4111) to work on /home/airflow/.local/lib/python3.7/site-packages/airflow/example_dags/example_latest_only_with_trigger.py
[2022-08-21 13:53:12,912] {processor.py:641} INFO - Processing file /home/airflow/.local/lib/python3.7/site-packages/airflow/example_dags/example_latest_only_with_trigger.py for tasks to queue
[2022-08-21 13:53:12,913] {logging_mixin.py:115} INFO - [2022-08-21 13:53:12,913] {dagbag.py:508} INFO - Filling up the DagBag from /home/airflow/.local/lib/python3.7/site-packages/airflow/example_dags/example_latest_only_with_trigger.py
[2022-08-21 13:53:12,919] {processor.py:651} INFO - DAG(s) dict_keys(['latest_only_with_trigger']) retrieved from /home/airflow/.local/lib/python3.7/site-packages/airflow/example_dags/example_latest_only_with_trigger.py
[2022-08-21 13:53:12,943] {logging_mixin.py:115} INFO - [2022-08-21 13:53:12,943] {dag.py:2420} INFO - Sync 1 DAGs
[2022-08-21 13:53:12,964] {logging_mixin.py:115} INFO - [2022-08-21 13:53:12,964] {dag.py:2972} INFO - Setting next_dagrun for latest_only_with_trigger to 2022-08-21T09:53:12.964430+00:00, run_after=2022-08-21T13:53:12.964430+00:00
[2022-08-21 13:53:12,978] {processor.py:161} INFO - Processing /home/airflow/.local/lib/python3.7/site-packages/airflow/example_dags/example_latest_only_with_trigger.py took 0.069 seconds
[2022-08-21 13:53:43,231] {processor.py:153} INFO - Started process (PID=4172) to work on /home/airflow/.local/lib/python3.7/site-packages/airflow/example_dags/example_latest_only_with_trigger.py
[2022-08-21 13:53:43,232] {processor.py:641} INFO - Processing file /home/airflow/.local/lib/python3.7/site-packages/airflow/example_dags/example_latest_only_with_trigger.py for tasks to queue
[2022-08-21 13:53:43,233] {logging_mixin.py:115} INFO - [2022-08-21 13:53:43,233] {dagbag.py:508} INFO - Filling up the DagBag from /home/airflow/.local/lib/python3.7/site-packages/airflow/example_dags/example_latest_only_with_trigger.py
[2022-08-21 13:53:43,238] {processor.py:651} INFO - DAG(s) dict_keys(['latest_only_with_trigger']) retrieved from /home/airflow/.local/lib/python3.7/site-packages/airflow/example_dags/example_latest_only_with_trigger.py
[2022-08-21 13:53:43,262] {logging_mixin.py:115} INFO - [2022-08-21 13:53:43,262] {dag.py:2420} INFO - Sync 1 DAGs
[2022-08-21 13:53:43,283] {logging_mixin.py:115} INFO - [2022-08-21 13:53:43,283] {dag.py:2972} INFO - Setting next_dagrun for latest_only_with_trigger to 2022-08-21T09:53:43.283585+00:00, run_after=2022-08-21T13:53:43.283585+00:00
[2022-08-21 13:53:43,299] {processor.py:161} INFO - Processing /home/airflow/.local/lib/python3.7/site-packages/airflow/example_dags/example_latest_only_with_trigger.py took 0.072 seconds
