[2022-08-21 13:17:58,589] {processor.py:153} INFO - Started process (PID=59) to work on /home/airflow/.local/lib/python3.7/site-packages/airflow/example_dags/tutorial.py
[2022-08-21 13:17:58,590] {processor.py:641} INFO - Processing file /home/airflow/.local/lib/python3.7/site-packages/airflow/example_dags/tutorial.py for tasks to queue
[2022-08-21 13:17:58,591] {logging_mixin.py:115} INFO - [2022-08-21 13:17:58,591] {dagbag.py:508} INFO - Filling up the DagBag from /home/airflow/.local/lib/python3.7/site-packages/airflow/example_dags/tutorial.py
[2022-08-21 13:17:58,603] {processor.py:651} INFO - DAG(s) dict_keys(['tutorial']) retrieved from /home/airflow/.local/lib/python3.7/site-packages/airflow/example_dags/tutorial.py
[2022-08-21 13:17:58,702] {logging_mixin.py:115} INFO - [2022-08-21 13:17:58,702] {dag.py:2420} INFO - Sync 1 DAGs
[2022-08-21 13:17:58,737] {logging_mixin.py:115} INFO - [2022-08-21 13:17:58,737] {dag.py:2972} INFO - Setting next_dagrun for tutorial to 2022-08-20T13:17:58.737243+00:00, run_after=2022-08-21T13:17:58.737243+00:00
[2022-08-21 13:17:58,758] {processor.py:161} INFO - Processing /home/airflow/.local/lib/python3.7/site-packages/airflow/example_dags/tutorial.py took 0.173 seconds
[2022-08-21 13:18:29,299] {processor.py:153} INFO - Started process (PID=112) to work on /home/airflow/.local/lib/python3.7/site-packages/airflow/example_dags/tutorial.py
[2022-08-21 13:18:29,300] {processor.py:641} INFO - Processing file /home/airflow/.local/lib/python3.7/site-packages/airflow/example_dags/tutorial.py for tasks to queue
[2022-08-21 13:18:29,301] {logging_mixin.py:115} INFO - [2022-08-21 13:18:29,301] {dagbag.py:508} INFO - Filling up the DagBag from /home/airflow/.local/lib/python3.7/site-packages/airflow/example_dags/tutorial.py
[2022-08-21 13:18:29,307] {processor.py:651} INFO - DAG(s) dict_keys(['tutorial']) retrieved from /home/airflow/.local/lib/python3.7/site-packages/airflow/example_dags/tutorial.py
[2022-08-21 13:18:29,331] {logging_mixin.py:115} INFO - [2022-08-21 13:18:29,331] {dag.py:2420} INFO - Sync 1 DAGs
[2022-08-21 13:18:29,354] {logging_mixin.py:115} INFO - [2022-08-21 13:18:29,354] {dag.py:2972} INFO - Setting next_dagrun for tutorial to 2022-08-20T13:18:29.354340+00:00, run_after=2022-08-21T13:18:29.354340+00:00
[2022-08-21 13:18:29,367] {processor.py:161} INFO - Processing /home/airflow/.local/lib/python3.7/site-packages/airflow/example_dags/tutorial.py took 0.071 seconds
[2022-08-21 13:18:59,576] {processor.py:153} INFO - Started process (PID=175) to work on /home/airflow/.local/lib/python3.7/site-packages/airflow/example_dags/tutorial.py
[2022-08-21 13:18:59,577] {processor.py:641} INFO - Processing file /home/airflow/.local/lib/python3.7/site-packages/airflow/example_dags/tutorial.py for tasks to queue
[2022-08-21 13:18:59,578] {logging_mixin.py:115} INFO - [2022-08-21 13:18:59,578] {dagbag.py:508} INFO - Filling up the DagBag from /home/airflow/.local/lib/python3.7/site-packages/airflow/example_dags/tutorial.py
[2022-08-21 13:18:59,583] {processor.py:651} INFO - DAG(s) dict_keys(['tutorial']) retrieved from /home/airflow/.local/lib/python3.7/site-packages/airflow/example_dags/tutorial.py
[2022-08-21 13:18:59,608] {logging_mixin.py:115} INFO - [2022-08-21 13:18:59,608] {dag.py:2420} INFO - Sync 1 DAGs
[2022-08-21 13:18:59,632] {logging_mixin.py:115} INFO - [2022-08-21 13:18:59,632] {dag.py:2972} INFO - Setting next_dagrun for tutorial to 2022-08-20T13:18:59.632591+00:00, run_after=2022-08-21T13:18:59.632591+00:00
[2022-08-21 13:18:59,646] {processor.py:161} INFO - Processing /home/airflow/.local/lib/python3.7/site-packages/airflow/example_dags/tutorial.py took 0.073 seconds
[2022-08-21 13:19:30,068] {processor.py:153} INFO - Started process (PID=237) to work on /home/airflow/.local/lib/python3.7/site-packages/airflow/example_dags/tutorial.py
[2022-08-21 13:19:30,068] {processor.py:641} INFO - Processing file /home/airflow/.local/lib/python3.7/site-packages/airflow/example_dags/tutorial.py for tasks to queue
[2022-08-21 13:19:30,069] {logging_mixin.py:115} INFO - [2022-08-21 13:19:30,069] {dagbag.py:508} INFO - Filling up the DagBag from /home/airflow/.local/lib/python3.7/site-packages/airflow/example_dags/tutorial.py
[2022-08-21 13:19:30,084] {processor.py:651} INFO - DAG(s) dict_keys(['tutorial']) retrieved from /home/airflow/.local/lib/python3.7/site-packages/airflow/example_dags/tutorial.py
[2022-08-21 13:19:30,113] {logging_mixin.py:115} INFO - [2022-08-21 13:19:30,113] {dag.py:2420} INFO - Sync 1 DAGs
[2022-08-21 13:19:30,132] {logging_mixin.py:115} INFO - [2022-08-21 13:19:30,132] {dag.py:2972} INFO - Setting next_dagrun for tutorial to 2022-08-20T13:19:30.132531+00:00, run_after=2022-08-21T13:19:30.132531+00:00
[2022-08-21 13:19:30,153] {processor.py:161} INFO - Processing /home/airflow/.local/lib/python3.7/site-packages/airflow/example_dags/tutorial.py took 0.089 seconds
[2022-08-21 13:20:00,755] {processor.py:153} INFO - Started process (PID=289) to work on /home/airflow/.local/lib/python3.7/site-packages/airflow/example_dags/tutorial.py
[2022-08-21 13:20:00,756] {processor.py:641} INFO - Processing file /home/airflow/.local/lib/python3.7/site-packages/airflow/example_dags/tutorial.py for tasks to queue
[2022-08-21 13:20:00,757] {logging_mixin.py:115} INFO - [2022-08-21 13:20:00,757] {dagbag.py:508} INFO - Filling up the DagBag from /home/airflow/.local/lib/python3.7/site-packages/airflow/example_dags/tutorial.py
[2022-08-21 13:20:00,763] {processor.py:651} INFO - DAG(s) dict_keys(['tutorial']) retrieved from /home/airflow/.local/lib/python3.7/site-packages/airflow/example_dags/tutorial.py
[2022-08-21 13:20:00,794] {logging_mixin.py:115} INFO - [2022-08-21 13:20:00,794] {dag.py:2420} INFO - Sync 1 DAGs
[2022-08-21 13:20:00,818] {logging_mixin.py:115} INFO - [2022-08-21 13:20:00,818] {dag.py:2972} INFO - Setting next_dagrun for tutorial to 2022-08-20T13:20:00.818205+00:00, run_after=2022-08-21T13:20:00.818205+00:00
[2022-08-21 13:20:00,834] {processor.py:161} INFO - Processing /home/airflow/.local/lib/python3.7/site-packages/airflow/example_dags/tutorial.py took 0.082 seconds
[2022-08-21 13:20:31,029] {processor.py:153} INFO - Started process (PID=351) to work on /home/airflow/.local/lib/python3.7/site-packages/airflow/example_dags/tutorial.py
[2022-08-21 13:20:31,031] {processor.py:641} INFO - Processing file /home/airflow/.local/lib/python3.7/site-packages/airflow/example_dags/tutorial.py for tasks to queue
[2022-08-21 13:20:31,032] {logging_mixin.py:115} INFO - [2022-08-21 13:20:31,031] {dagbag.py:508} INFO - Filling up the DagBag from /home/airflow/.local/lib/python3.7/site-packages/airflow/example_dags/tutorial.py
[2022-08-21 13:20:31,037] {processor.py:651} INFO - DAG(s) dict_keys(['tutorial']) retrieved from /home/airflow/.local/lib/python3.7/site-packages/airflow/example_dags/tutorial.py
[2022-08-21 13:20:31,059] {logging_mixin.py:115} INFO - [2022-08-21 13:20:31,059] {dag.py:2420} INFO - Sync 1 DAGs
[2022-08-21 13:20:31,080] {logging_mixin.py:115} INFO - [2022-08-21 13:20:31,080] {dag.py:2972} INFO - Setting next_dagrun for tutorial to 2022-08-20T13:20:31.080390+00:00, run_after=2022-08-21T13:20:31.080390+00:00
[2022-08-21 13:20:31,092] {processor.py:161} INFO - Processing /home/airflow/.local/lib/python3.7/site-packages/airflow/example_dags/tutorial.py took 0.068 seconds
[2022-08-21 13:21:01,262] {processor.py:153} INFO - Started process (PID=412) to work on /home/airflow/.local/lib/python3.7/site-packages/airflow/example_dags/tutorial.py
[2022-08-21 13:21:01,263] {processor.py:641} INFO - Processing file /home/airflow/.local/lib/python3.7/site-packages/airflow/example_dags/tutorial.py for tasks to queue
[2022-08-21 13:21:01,263] {logging_mixin.py:115} INFO - [2022-08-21 13:21:01,263] {dagbag.py:508} INFO - Filling up the DagBag from /home/airflow/.local/lib/python3.7/site-packages/airflow/example_dags/tutorial.py
[2022-08-21 13:21:01,269] {processor.py:651} INFO - DAG(s) dict_keys(['tutorial']) retrieved from /home/airflow/.local/lib/python3.7/site-packages/airflow/example_dags/tutorial.py
[2022-08-21 13:21:01,291] {logging_mixin.py:115} INFO - [2022-08-21 13:21:01,291] {dag.py:2420} INFO - Sync 1 DAGs
[2022-08-21 13:21:01,311] {logging_mixin.py:115} INFO - [2022-08-21 13:21:01,311] {dag.py:2972} INFO - Setting next_dagrun for tutorial to 2022-08-20T13:21:01.310917+00:00, run_after=2022-08-21T13:21:01.310917+00:00
[2022-08-21 13:21:01,323] {processor.py:161} INFO - Processing /home/airflow/.local/lib/python3.7/site-packages/airflow/example_dags/tutorial.py took 0.064 seconds
[2022-08-21 13:21:31,465] {processor.py:153} INFO - Started process (PID=465) to work on /home/airflow/.local/lib/python3.7/site-packages/airflow/example_dags/tutorial.py
[2022-08-21 13:21:31,466] {processor.py:641} INFO - Processing file /home/airflow/.local/lib/python3.7/site-packages/airflow/example_dags/tutorial.py for tasks to queue
[2022-08-21 13:21:31,467] {logging_mixin.py:115} INFO - [2022-08-21 13:21:31,467] {dagbag.py:508} INFO - Filling up the DagBag from /home/airflow/.local/lib/python3.7/site-packages/airflow/example_dags/tutorial.py
[2022-08-21 13:21:31,472] {processor.py:651} INFO - DAG(s) dict_keys(['tutorial']) retrieved from /home/airflow/.local/lib/python3.7/site-packages/airflow/example_dags/tutorial.py
[2022-08-21 13:21:31,498] {logging_mixin.py:115} INFO - [2022-08-21 13:21:31,498] {dag.py:2420} INFO - Sync 1 DAGs
[2022-08-21 13:21:31,520] {logging_mixin.py:115} INFO - [2022-08-21 13:21:31,520] {dag.py:2972} INFO - Setting next_dagrun for tutorial to 2022-08-20T13:21:31.519766+00:00, run_after=2022-08-21T13:21:31.519766+00:00
[2022-08-21 13:21:31,537] {processor.py:161} INFO - Processing /home/airflow/.local/lib/python3.7/site-packages/airflow/example_dags/tutorial.py took 0.076 seconds
[2022-08-21 13:22:01,718] {processor.py:153} INFO - Started process (PID=526) to work on /home/airflow/.local/lib/python3.7/site-packages/airflow/example_dags/tutorial.py
[2022-08-21 13:22:01,719] {processor.py:641} INFO - Processing file /home/airflow/.local/lib/python3.7/site-packages/airflow/example_dags/tutorial.py for tasks to queue
[2022-08-21 13:22:01,720] {logging_mixin.py:115} INFO - [2022-08-21 13:22:01,720] {dagbag.py:508} INFO - Filling up the DagBag from /home/airflow/.local/lib/python3.7/site-packages/airflow/example_dags/tutorial.py
[2022-08-21 13:22:01,725] {processor.py:651} INFO - DAG(s) dict_keys(['tutorial']) retrieved from /home/airflow/.local/lib/python3.7/site-packages/airflow/example_dags/tutorial.py
[2022-08-21 13:22:01,750] {logging_mixin.py:115} INFO - [2022-08-21 13:22:01,750] {dag.py:2420} INFO - Sync 1 DAGs
[2022-08-21 13:22:01,777] {logging_mixin.py:115} INFO - [2022-08-21 13:22:01,776] {dag.py:2972} INFO - Setting next_dagrun for tutorial to 2022-08-20T13:22:01.776571+00:00, run_after=2022-08-21T13:22:01.776571+00:00
[2022-08-21 13:22:01,790] {processor.py:161} INFO - Processing /home/airflow/.local/lib/python3.7/site-packages/airflow/example_dags/tutorial.py took 0.075 seconds
[2022-08-21 13:22:31,992] {processor.py:153} INFO - Started process (PID=586) to work on /home/airflow/.local/lib/python3.7/site-packages/airflow/example_dags/tutorial.py
[2022-08-21 13:22:31,993] {processor.py:641} INFO - Processing file /home/airflow/.local/lib/python3.7/site-packages/airflow/example_dags/tutorial.py for tasks to queue
[2022-08-21 13:22:31,993] {logging_mixin.py:115} INFO - [2022-08-21 13:22:31,993] {dagbag.py:508} INFO - Filling up the DagBag from /home/airflow/.local/lib/python3.7/site-packages/airflow/example_dags/tutorial.py
[2022-08-21 13:22:31,998] {processor.py:651} INFO - DAG(s) dict_keys(['tutorial']) retrieved from /home/airflow/.local/lib/python3.7/site-packages/airflow/example_dags/tutorial.py
[2022-08-21 13:22:32,030] {logging_mixin.py:115} INFO - [2022-08-21 13:22:32,030] {dag.py:2420} INFO - Sync 1 DAGs
[2022-08-21 13:22:32,058] {logging_mixin.py:115} INFO - [2022-08-21 13:22:32,058] {dag.py:2972} INFO - Setting next_dagrun for tutorial to 2022-08-20T13:22:32.058281+00:00, run_after=2022-08-21T13:22:32.058281+00:00
[2022-08-21 13:22:32,081] {processor.py:161} INFO - Processing /home/airflow/.local/lib/python3.7/site-packages/airflow/example_dags/tutorial.py took 0.092 seconds
[2022-08-21 13:23:02,292] {processor.py:153} INFO - Started process (PID=641) to work on /home/airflow/.local/lib/python3.7/site-packages/airflow/example_dags/tutorial.py
[2022-08-21 13:23:02,293] {processor.py:641} INFO - Processing file /home/airflow/.local/lib/python3.7/site-packages/airflow/example_dags/tutorial.py for tasks to queue
[2022-08-21 13:23:02,294] {logging_mixin.py:115} INFO - [2022-08-21 13:23:02,294] {dagbag.py:508} INFO - Filling up the DagBag from /home/airflow/.local/lib/python3.7/site-packages/airflow/example_dags/tutorial.py
[2022-08-21 13:23:02,302] {processor.py:651} INFO - DAG(s) dict_keys(['tutorial']) retrieved from /home/airflow/.local/lib/python3.7/site-packages/airflow/example_dags/tutorial.py
[2022-08-21 13:23:02,332] {logging_mixin.py:115} INFO - [2022-08-21 13:23:02,332] {dag.py:2420} INFO - Sync 1 DAGs
[2022-08-21 13:23:02,358] {logging_mixin.py:115} INFO - [2022-08-21 13:23:02,358] {dag.py:2972} INFO - Setting next_dagrun for tutorial to 2022-08-20T13:23:02.358453+00:00, run_after=2022-08-21T13:23:02.358453+00:00
[2022-08-21 13:23:02,376] {processor.py:161} INFO - Processing /home/airflow/.local/lib/python3.7/site-packages/airflow/example_dags/tutorial.py took 0.087 seconds
[2022-08-21 13:23:33,324] {processor.py:153} INFO - Started process (PID=702) to work on /home/airflow/.local/lib/python3.7/site-packages/airflow/example_dags/tutorial.py
[2022-08-21 13:23:33,325] {processor.py:641} INFO - Processing file /home/airflow/.local/lib/python3.7/site-packages/airflow/example_dags/tutorial.py for tasks to queue
[2022-08-21 13:23:33,326] {logging_mixin.py:115} INFO - [2022-08-21 13:23:33,326] {dagbag.py:508} INFO - Filling up the DagBag from /home/airflow/.local/lib/python3.7/site-packages/airflow/example_dags/tutorial.py
[2022-08-21 13:23:33,333] {processor.py:651} INFO - DAG(s) dict_keys(['tutorial']) retrieved from /home/airflow/.local/lib/python3.7/site-packages/airflow/example_dags/tutorial.py
[2022-08-21 13:23:33,360] {logging_mixin.py:115} INFO - [2022-08-21 13:23:33,360] {dag.py:2420} INFO - Sync 1 DAGs
[2022-08-21 13:23:33,383] {logging_mixin.py:115} INFO - [2022-08-21 13:23:33,383] {dag.py:2972} INFO - Setting next_dagrun for tutorial to 2022-08-20T13:23:33.383094+00:00, run_after=2022-08-21T13:23:33.383094+00:00
[2022-08-21 13:23:33,396] {processor.py:161} INFO - Processing /home/airflow/.local/lib/python3.7/site-packages/airflow/example_dags/tutorial.py took 0.074 seconds
[2022-08-21 13:24:04,118] {processor.py:153} INFO - Started process (PID=756) to work on /home/airflow/.local/lib/python3.7/site-packages/airflow/example_dags/tutorial.py
[2022-08-21 13:24:04,119] {processor.py:641} INFO - Processing file /home/airflow/.local/lib/python3.7/site-packages/airflow/example_dags/tutorial.py for tasks to queue
[2022-08-21 13:24:04,120] {logging_mixin.py:115} INFO - [2022-08-21 13:24:04,120] {dagbag.py:508} INFO - Filling up the DagBag from /home/airflow/.local/lib/python3.7/site-packages/airflow/example_dags/tutorial.py
[2022-08-21 13:24:04,134] {processor.py:651} INFO - DAG(s) dict_keys(['tutorial']) retrieved from /home/airflow/.local/lib/python3.7/site-packages/airflow/example_dags/tutorial.py
[2022-08-21 13:24:04,208] {logging_mixin.py:115} INFO - [2022-08-21 13:24:04,208] {dag.py:2420} INFO - Sync 1 DAGs
[2022-08-21 13:24:04,290] {logging_mixin.py:115} INFO - [2022-08-21 13:24:04,290] {dag.py:2972} INFO - Setting next_dagrun for tutorial to 2022-08-20T13:24:04.289849+00:00, run_after=2022-08-21T13:24:04.289849+00:00
[2022-08-21 13:24:04,354] {processor.py:161} INFO - Processing /home/airflow/.local/lib/python3.7/site-packages/airflow/example_dags/tutorial.py took 0.240 seconds
[2022-08-21 13:24:35,193] {processor.py:153} INFO - Started process (PID=815) to work on /home/airflow/.local/lib/python3.7/site-packages/airflow/example_dags/tutorial.py
[2022-08-21 13:24:35,194] {processor.py:641} INFO - Processing file /home/airflow/.local/lib/python3.7/site-packages/airflow/example_dags/tutorial.py for tasks to queue
[2022-08-21 13:24:35,195] {logging_mixin.py:115} INFO - [2022-08-21 13:24:35,195] {dagbag.py:508} INFO - Filling up the DagBag from /home/airflow/.local/lib/python3.7/site-packages/airflow/example_dags/tutorial.py
[2022-08-21 13:24:35,202] {processor.py:651} INFO - DAG(s) dict_keys(['tutorial']) retrieved from /home/airflow/.local/lib/python3.7/site-packages/airflow/example_dags/tutorial.py
[2022-08-21 13:24:35,239] {logging_mixin.py:115} INFO - [2022-08-21 13:24:35,239] {dag.py:2420} INFO - Sync 1 DAGs
[2022-08-21 13:24:35,261] {logging_mixin.py:115} INFO - [2022-08-21 13:24:35,261] {dag.py:2972} INFO - Setting next_dagrun for tutorial to 2022-08-20T13:24:35.261368+00:00, run_after=2022-08-21T13:24:35.261368+00:00
[2022-08-21 13:24:35,280] {processor.py:161} INFO - Processing /home/airflow/.local/lib/python3.7/site-packages/airflow/example_dags/tutorial.py took 0.089 seconds
[2022-08-21 13:25:05,372] {processor.py:153} INFO - Started process (PID=876) to work on /home/airflow/.local/lib/python3.7/site-packages/airflow/example_dags/tutorial.py
[2022-08-21 13:25:05,373] {processor.py:641} INFO - Processing file /home/airflow/.local/lib/python3.7/site-packages/airflow/example_dags/tutorial.py for tasks to queue
[2022-08-21 13:25:05,373] {logging_mixin.py:115} INFO - [2022-08-21 13:25:05,373] {dagbag.py:508} INFO - Filling up the DagBag from /home/airflow/.local/lib/python3.7/site-packages/airflow/example_dags/tutorial.py
[2022-08-21 13:25:05,378] {processor.py:651} INFO - DAG(s) dict_keys(['tutorial']) retrieved from /home/airflow/.local/lib/python3.7/site-packages/airflow/example_dags/tutorial.py
[2022-08-21 13:25:05,412] {logging_mixin.py:115} INFO - [2022-08-21 13:25:05,412] {dag.py:2420} INFO - Sync 1 DAGs
[2022-08-21 13:25:05,436] {logging_mixin.py:115} INFO - [2022-08-21 13:25:05,435] {dag.py:2972} INFO - Setting next_dagrun for tutorial to 2022-08-20T13:25:05.435530+00:00, run_after=2022-08-21T13:25:05.435530+00:00
[2022-08-21 13:25:05,450] {processor.py:161} INFO - Processing /home/airflow/.local/lib/python3.7/site-packages/airflow/example_dags/tutorial.py took 0.081 seconds
[2022-08-21 13:25:35,593] {processor.py:153} INFO - Started process (PID=929) to work on /home/airflow/.local/lib/python3.7/site-packages/airflow/example_dags/tutorial.py
[2022-08-21 13:25:35,593] {processor.py:641} INFO - Processing file /home/airflow/.local/lib/python3.7/site-packages/airflow/example_dags/tutorial.py for tasks to queue
[2022-08-21 13:25:35,594] {logging_mixin.py:115} INFO - [2022-08-21 13:25:35,594] {dagbag.py:508} INFO - Filling up the DagBag from /home/airflow/.local/lib/python3.7/site-packages/airflow/example_dags/tutorial.py
[2022-08-21 13:25:35,599] {processor.py:651} INFO - DAG(s) dict_keys(['tutorial']) retrieved from /home/airflow/.local/lib/python3.7/site-packages/airflow/example_dags/tutorial.py
[2022-08-21 13:25:35,626] {logging_mixin.py:115} INFO - [2022-08-21 13:25:35,626] {dag.py:2420} INFO - Sync 1 DAGs
[2022-08-21 13:25:35,646] {logging_mixin.py:115} INFO - [2022-08-21 13:25:35,646] {dag.py:2972} INFO - Setting next_dagrun for tutorial to 2022-08-20T13:25:35.646281+00:00, run_after=2022-08-21T13:25:35.646281+00:00
[2022-08-21 13:25:35,659] {processor.py:161} INFO - Processing /home/airflow/.local/lib/python3.7/site-packages/airflow/example_dags/tutorial.py took 0.070 seconds
[2022-08-21 13:26:05,796] {processor.py:153} INFO - Started process (PID=990) to work on /home/airflow/.local/lib/python3.7/site-packages/airflow/example_dags/tutorial.py
[2022-08-21 13:26:05,797] {processor.py:641} INFO - Processing file /home/airflow/.local/lib/python3.7/site-packages/airflow/example_dags/tutorial.py for tasks to queue
[2022-08-21 13:26:05,797] {logging_mixin.py:115} INFO - [2022-08-21 13:26:05,797] {dagbag.py:508} INFO - Filling up the DagBag from /home/airflow/.local/lib/python3.7/site-packages/airflow/example_dags/tutorial.py
[2022-08-21 13:26:05,802] {processor.py:651} INFO - DAG(s) dict_keys(['tutorial']) retrieved from /home/airflow/.local/lib/python3.7/site-packages/airflow/example_dags/tutorial.py
[2022-08-21 13:26:05,831] {logging_mixin.py:115} INFO - [2022-08-21 13:26:05,831] {dag.py:2420} INFO - Sync 1 DAGs
[2022-08-21 13:26:05,852] {logging_mixin.py:115} INFO - [2022-08-21 13:26:05,852] {dag.py:2972} INFO - Setting next_dagrun for tutorial to 2022-08-20T13:26:05.852539+00:00, run_after=2022-08-21T13:26:05.852539+00:00
[2022-08-21 13:26:05,875] {processor.py:161} INFO - Processing /home/airflow/.local/lib/python3.7/site-packages/airflow/example_dags/tutorial.py took 0.081 seconds
[2022-08-21 13:26:35,935] {processor.py:153} INFO - Started process (PID=1051) to work on /home/airflow/.local/lib/python3.7/site-packages/airflow/example_dags/tutorial.py
[2022-08-21 13:26:35,937] {processor.py:641} INFO - Processing file /home/airflow/.local/lib/python3.7/site-packages/airflow/example_dags/tutorial.py for tasks to queue
[2022-08-21 13:26:35,938] {logging_mixin.py:115} INFO - [2022-08-21 13:26:35,938] {dagbag.py:508} INFO - Filling up the DagBag from /home/airflow/.local/lib/python3.7/site-packages/airflow/example_dags/tutorial.py
[2022-08-21 13:26:35,945] {processor.py:651} INFO - DAG(s) dict_keys(['tutorial']) retrieved from /home/airflow/.local/lib/python3.7/site-packages/airflow/example_dags/tutorial.py
[2022-08-21 13:26:35,976] {logging_mixin.py:115} INFO - [2022-08-21 13:26:35,975] {dag.py:2420} INFO - Sync 1 DAGs
[2022-08-21 13:26:36,003] {logging_mixin.py:115} INFO - [2022-08-21 13:26:36,003] {dag.py:2972} INFO - Setting next_dagrun for tutorial to 2022-08-20T13:26:36.002570+00:00, run_after=2022-08-21T13:26:36.002570+00:00
[2022-08-21 13:26:36,018] {processor.py:161} INFO - Processing /home/airflow/.local/lib/python3.7/site-packages/airflow/example_dags/tutorial.py took 0.086 seconds
[2022-08-21 13:27:06,216] {processor.py:153} INFO - Started process (PID=1103) to work on /home/airflow/.local/lib/python3.7/site-packages/airflow/example_dags/tutorial.py
[2022-08-21 13:27:06,217] {processor.py:641} INFO - Processing file /home/airflow/.local/lib/python3.7/site-packages/airflow/example_dags/tutorial.py for tasks to queue
[2022-08-21 13:27:06,218] {logging_mixin.py:115} INFO - [2022-08-21 13:27:06,218] {dagbag.py:508} INFO - Filling up the DagBag from /home/airflow/.local/lib/python3.7/site-packages/airflow/example_dags/tutorial.py
[2022-08-21 13:27:06,223] {processor.py:651} INFO - DAG(s) dict_keys(['tutorial']) retrieved from /home/airflow/.local/lib/python3.7/site-packages/airflow/example_dags/tutorial.py
[2022-08-21 13:27:06,248] {logging_mixin.py:115} INFO - [2022-08-21 13:27:06,248] {dag.py:2420} INFO - Sync 1 DAGs
[2022-08-21 13:27:06,268] {logging_mixin.py:115} INFO - [2022-08-21 13:27:06,267] {dag.py:2972} INFO - Setting next_dagrun for tutorial to 2022-08-20T13:27:06.267666+00:00, run_after=2022-08-21T13:27:06.267666+00:00
[2022-08-21 13:27:06,281] {processor.py:161} INFO - Processing /home/airflow/.local/lib/python3.7/site-packages/airflow/example_dags/tutorial.py took 0.068 seconds
[2022-08-21 13:27:36,400] {processor.py:153} INFO - Started process (PID=1165) to work on /home/airflow/.local/lib/python3.7/site-packages/airflow/example_dags/tutorial.py
[2022-08-21 13:27:36,401] {processor.py:641} INFO - Processing file /home/airflow/.local/lib/python3.7/site-packages/airflow/example_dags/tutorial.py for tasks to queue
[2022-08-21 13:27:36,402] {logging_mixin.py:115} INFO - [2022-08-21 13:27:36,402] {dagbag.py:508} INFO - Filling up the DagBag from /home/airflow/.local/lib/python3.7/site-packages/airflow/example_dags/tutorial.py
[2022-08-21 13:27:36,408] {processor.py:651} INFO - DAG(s) dict_keys(['tutorial']) retrieved from /home/airflow/.local/lib/python3.7/site-packages/airflow/example_dags/tutorial.py
[2022-08-21 13:27:36,436] {logging_mixin.py:115} INFO - [2022-08-21 13:27:36,436] {dag.py:2420} INFO - Sync 1 DAGs
[2022-08-21 13:27:36,456] {logging_mixin.py:115} INFO - [2022-08-21 13:27:36,456] {dag.py:2972} INFO - Setting next_dagrun for tutorial to 2022-08-20T13:27:36.456231+00:00, run_after=2022-08-21T13:27:36.456231+00:00
[2022-08-21 13:27:36,476] {processor.py:161} INFO - Processing /home/airflow/.local/lib/python3.7/site-packages/airflow/example_dags/tutorial.py took 0.080 seconds
[2022-08-21 13:28:06,510] {processor.py:153} INFO - Started process (PID=1217) to work on /home/airflow/.local/lib/python3.7/site-packages/airflow/example_dags/tutorial.py
[2022-08-21 13:28:06,511] {processor.py:641} INFO - Processing file /home/airflow/.local/lib/python3.7/site-packages/airflow/example_dags/tutorial.py for tasks to queue
[2022-08-21 13:28:06,511] {logging_mixin.py:115} INFO - [2022-08-21 13:28:06,511] {dagbag.py:508} INFO - Filling up the DagBag from /home/airflow/.local/lib/python3.7/site-packages/airflow/example_dags/tutorial.py
[2022-08-21 13:28:06,516] {processor.py:651} INFO - DAG(s) dict_keys(['tutorial']) retrieved from /home/airflow/.local/lib/python3.7/site-packages/airflow/example_dags/tutorial.py
[2022-08-21 13:28:06,543] {logging_mixin.py:115} INFO - [2022-08-21 13:28:06,543] {dag.py:2420} INFO - Sync 1 DAGs
[2022-08-21 13:28:06,562] {logging_mixin.py:115} INFO - [2022-08-21 13:28:06,562] {dag.py:2972} INFO - Setting next_dagrun for tutorial to 2022-08-20T13:28:06.562632+00:00, run_after=2022-08-21T13:28:06.562632+00:00
[2022-08-21 13:28:06,583] {processor.py:161} INFO - Processing /home/airflow/.local/lib/python3.7/site-packages/airflow/example_dags/tutorial.py took 0.076 seconds
[2022-08-21 13:28:37,213] {processor.py:153} INFO - Started process (PID=1279) to work on /home/airflow/.local/lib/python3.7/site-packages/airflow/example_dags/tutorial.py
[2022-08-21 13:28:37,214] {processor.py:641} INFO - Processing file /home/airflow/.local/lib/python3.7/site-packages/airflow/example_dags/tutorial.py for tasks to queue
[2022-08-21 13:28:37,215] {logging_mixin.py:115} INFO - [2022-08-21 13:28:37,215] {dagbag.py:508} INFO - Filling up the DagBag from /home/airflow/.local/lib/python3.7/site-packages/airflow/example_dags/tutorial.py
[2022-08-21 13:28:37,220] {processor.py:651} INFO - DAG(s) dict_keys(['tutorial']) retrieved from /home/airflow/.local/lib/python3.7/site-packages/airflow/example_dags/tutorial.py
[2022-08-21 13:28:37,246] {logging_mixin.py:115} INFO - [2022-08-21 13:28:37,246] {dag.py:2420} INFO - Sync 1 DAGs
[2022-08-21 13:28:37,264] {logging_mixin.py:115} INFO - [2022-08-21 13:28:37,264] {dag.py:2972} INFO - Setting next_dagrun for tutorial to 2022-08-20T13:28:37.264527+00:00, run_after=2022-08-21T13:28:37.264527+00:00
[2022-08-21 13:28:37,283] {processor.py:161} INFO - Processing /home/airflow/.local/lib/python3.7/site-packages/airflow/example_dags/tutorial.py took 0.072 seconds
[2022-08-21 13:29:08,199] {processor.py:153} INFO - Started process (PID=1340) to work on /home/airflow/.local/lib/python3.7/site-packages/airflow/example_dags/tutorial.py
[2022-08-21 13:29:08,200] {processor.py:641} INFO - Processing file /home/airflow/.local/lib/python3.7/site-packages/airflow/example_dags/tutorial.py for tasks to queue
[2022-08-21 13:29:08,200] {logging_mixin.py:115} INFO - [2022-08-21 13:29:08,200] {dagbag.py:508} INFO - Filling up the DagBag from /home/airflow/.local/lib/python3.7/site-packages/airflow/example_dags/tutorial.py
[2022-08-21 13:29:08,207] {processor.py:651} INFO - DAG(s) dict_keys(['tutorial']) retrieved from /home/airflow/.local/lib/python3.7/site-packages/airflow/example_dags/tutorial.py
[2022-08-21 13:29:08,232] {logging_mixin.py:115} INFO - [2022-08-21 13:29:08,232] {dag.py:2420} INFO - Sync 1 DAGs
[2022-08-21 13:29:08,251] {logging_mixin.py:115} INFO - [2022-08-21 13:29:08,251] {dag.py:2972} INFO - Setting next_dagrun for tutorial to 2022-08-20T13:29:08.251140+00:00, run_after=2022-08-21T13:29:08.251140+00:00
[2022-08-21 13:29:08,266] {processor.py:161} INFO - Processing /home/airflow/.local/lib/python3.7/site-packages/airflow/example_dags/tutorial.py took 0.070 seconds
[2022-08-21 13:29:39,068] {processor.py:153} INFO - Started process (PID=1401) to work on /home/airflow/.local/lib/python3.7/site-packages/airflow/example_dags/tutorial.py
[2022-08-21 13:29:39,068] {processor.py:641} INFO - Processing file /home/airflow/.local/lib/python3.7/site-packages/airflow/example_dags/tutorial.py for tasks to queue
[2022-08-21 13:29:39,069] {logging_mixin.py:115} INFO - [2022-08-21 13:29:39,069] {dagbag.py:508} INFO - Filling up the DagBag from /home/airflow/.local/lib/python3.7/site-packages/airflow/example_dags/tutorial.py
[2022-08-21 13:29:39,076] {processor.py:651} INFO - DAG(s) dict_keys(['tutorial']) retrieved from /home/airflow/.local/lib/python3.7/site-packages/airflow/example_dags/tutorial.py
[2022-08-21 13:29:39,105] {logging_mixin.py:115} INFO - [2022-08-21 13:29:39,105] {dag.py:2420} INFO - Sync 1 DAGs
[2022-08-21 13:29:39,135] {logging_mixin.py:115} INFO - [2022-08-21 13:29:39,134] {dag.py:2972} INFO - Setting next_dagrun for tutorial to 2022-08-20T13:29:39.134676+00:00, run_after=2022-08-21T13:29:39.134676+00:00
[2022-08-21 13:29:39,157] {processor.py:161} INFO - Processing /home/airflow/.local/lib/python3.7/site-packages/airflow/example_dags/tutorial.py took 0.093 seconds
[2022-08-21 13:30:09,974] {processor.py:153} INFO - Started process (PID=1453) to work on /home/airflow/.local/lib/python3.7/site-packages/airflow/example_dags/tutorial.py
[2022-08-21 13:30:09,975] {processor.py:641} INFO - Processing file /home/airflow/.local/lib/python3.7/site-packages/airflow/example_dags/tutorial.py for tasks to queue
[2022-08-21 13:30:09,976] {logging_mixin.py:115} INFO - [2022-08-21 13:30:09,976] {dagbag.py:508} INFO - Filling up the DagBag from /home/airflow/.local/lib/python3.7/site-packages/airflow/example_dags/tutorial.py
[2022-08-21 13:30:09,984] {processor.py:651} INFO - DAG(s) dict_keys(['tutorial']) retrieved from /home/airflow/.local/lib/python3.7/site-packages/airflow/example_dags/tutorial.py
[2022-08-21 13:30:10,018] {logging_mixin.py:115} INFO - [2022-08-21 13:30:10,018] {dag.py:2420} INFO - Sync 1 DAGs
[2022-08-21 13:30:10,041] {logging_mixin.py:115} INFO - [2022-08-21 13:30:10,041] {dag.py:2972} INFO - Setting next_dagrun for tutorial to 2022-08-20T13:30:10.040662+00:00, run_after=2022-08-21T13:30:10.040662+00:00
[2022-08-21 13:30:10,056] {processor.py:161} INFO - Processing /home/airflow/.local/lib/python3.7/site-packages/airflow/example_dags/tutorial.py took 0.086 seconds
[2022-08-21 13:30:40,204] {processor.py:153} INFO - Started process (PID=1515) to work on /home/airflow/.local/lib/python3.7/site-packages/airflow/example_dags/tutorial.py
[2022-08-21 13:30:40,205] {processor.py:641} INFO - Processing file /home/airflow/.local/lib/python3.7/site-packages/airflow/example_dags/tutorial.py for tasks to queue
[2022-08-21 13:30:40,205] {logging_mixin.py:115} INFO - [2022-08-21 13:30:40,205] {dagbag.py:508} INFO - Filling up the DagBag from /home/airflow/.local/lib/python3.7/site-packages/airflow/example_dags/tutorial.py
[2022-08-21 13:30:40,212] {processor.py:651} INFO - DAG(s) dict_keys(['tutorial']) retrieved from /home/airflow/.local/lib/python3.7/site-packages/airflow/example_dags/tutorial.py
[2022-08-21 13:30:40,243] {logging_mixin.py:115} INFO - [2022-08-21 13:30:40,243] {dag.py:2420} INFO - Sync 1 DAGs
[2022-08-21 13:30:40,271] {logging_mixin.py:115} INFO - [2022-08-21 13:30:40,271] {dag.py:2972} INFO - Setting next_dagrun for tutorial to 2022-08-20T13:30:40.271510+00:00, run_after=2022-08-21T13:30:40.271510+00:00
[2022-08-21 13:30:40,288] {processor.py:161} INFO - Processing /home/airflow/.local/lib/python3.7/site-packages/airflow/example_dags/tutorial.py took 0.088 seconds
[2022-08-21 13:31:10,453] {processor.py:153} INFO - Started process (PID=1574) to work on /home/airflow/.local/lib/python3.7/site-packages/airflow/example_dags/tutorial.py
[2022-08-21 13:31:10,455] {processor.py:641} INFO - Processing file /home/airflow/.local/lib/python3.7/site-packages/airflow/example_dags/tutorial.py for tasks to queue
[2022-08-21 13:31:10,455] {logging_mixin.py:115} INFO - [2022-08-21 13:31:10,455] {dagbag.py:508} INFO - Filling up the DagBag from /home/airflow/.local/lib/python3.7/site-packages/airflow/example_dags/tutorial.py
[2022-08-21 13:31:10,462] {processor.py:651} INFO - DAG(s) dict_keys(['tutorial']) retrieved from /home/airflow/.local/lib/python3.7/site-packages/airflow/example_dags/tutorial.py
[2022-08-21 13:31:10,510] {logging_mixin.py:115} INFO - [2022-08-21 13:31:10,509] {dag.py:2420} INFO - Sync 1 DAGs
[2022-08-21 13:31:10,559] {logging_mixin.py:115} INFO - [2022-08-21 13:31:10,559] {dag.py:2972} INFO - Setting next_dagrun for tutorial to 2022-08-20T13:31:10.558738+00:00, run_after=2022-08-21T13:31:10.558738+00:00
[2022-08-21 13:31:10,581] {processor.py:161} INFO - Processing /home/airflow/.local/lib/python3.7/site-packages/airflow/example_dags/tutorial.py took 0.132 seconds
[2022-08-21 13:31:40,694] {processor.py:153} INFO - Started process (PID=1628) to work on /home/airflow/.local/lib/python3.7/site-packages/airflow/example_dags/tutorial.py
[2022-08-21 13:31:40,695] {processor.py:641} INFO - Processing file /home/airflow/.local/lib/python3.7/site-packages/airflow/example_dags/tutorial.py for tasks to queue
[2022-08-21 13:31:40,695] {logging_mixin.py:115} INFO - [2022-08-21 13:31:40,695] {dagbag.py:508} INFO - Filling up the DagBag from /home/airflow/.local/lib/python3.7/site-packages/airflow/example_dags/tutorial.py
[2022-08-21 13:31:40,700] {processor.py:651} INFO - DAG(s) dict_keys(['tutorial']) retrieved from /home/airflow/.local/lib/python3.7/site-packages/airflow/example_dags/tutorial.py
[2022-08-21 13:31:40,727] {logging_mixin.py:115} INFO - [2022-08-21 13:31:40,727] {dag.py:2420} INFO - Sync 1 DAGs
[2022-08-21 13:31:40,747] {logging_mixin.py:115} INFO - [2022-08-21 13:31:40,747] {dag.py:2972} INFO - Setting next_dagrun for tutorial to 2022-08-20T13:31:40.747055+00:00, run_after=2022-08-21T13:31:40.747055+00:00
[2022-08-21 13:31:40,768] {processor.py:161} INFO - Processing /home/airflow/.local/lib/python3.7/site-packages/airflow/example_dags/tutorial.py took 0.077 seconds
[2022-08-21 13:32:11,578] {processor.py:153} INFO - Started process (PID=1690) to work on /home/airflow/.local/lib/python3.7/site-packages/airflow/example_dags/tutorial.py
[2022-08-21 13:32:11,579] {processor.py:641} INFO - Processing file /home/airflow/.local/lib/python3.7/site-packages/airflow/example_dags/tutorial.py for tasks to queue
[2022-08-21 13:32:11,580] {logging_mixin.py:115} INFO - [2022-08-21 13:32:11,579] {dagbag.py:508} INFO - Filling up the DagBag from /home/airflow/.local/lib/python3.7/site-packages/airflow/example_dags/tutorial.py
[2022-08-21 13:32:11,586] {processor.py:651} INFO - DAG(s) dict_keys(['tutorial']) retrieved from /home/airflow/.local/lib/python3.7/site-packages/airflow/example_dags/tutorial.py
[2022-08-21 13:32:11,615] {logging_mixin.py:115} INFO - [2022-08-21 13:32:11,615] {dag.py:2420} INFO - Sync 1 DAGs
[2022-08-21 13:32:11,638] {logging_mixin.py:115} INFO - [2022-08-21 13:32:11,637] {dag.py:2972} INFO - Setting next_dagrun for tutorial to 2022-08-20T13:32:11.637360+00:00, run_after=2022-08-21T13:32:11.637360+00:00
[2022-08-21 13:32:11,651] {processor.py:161} INFO - Processing /home/airflow/.local/lib/python3.7/site-packages/airflow/example_dags/tutorial.py took 0.077 seconds
[2022-08-21 13:32:42,420] {processor.py:153} INFO - Started process (PID=1751) to work on /home/airflow/.local/lib/python3.7/site-packages/airflow/example_dags/tutorial.py
[2022-08-21 13:32:42,421] {processor.py:641} INFO - Processing file /home/airflow/.local/lib/python3.7/site-packages/airflow/example_dags/tutorial.py for tasks to queue
[2022-08-21 13:32:42,422] {logging_mixin.py:115} INFO - [2022-08-21 13:32:42,422] {dagbag.py:508} INFO - Filling up the DagBag from /home/airflow/.local/lib/python3.7/site-packages/airflow/example_dags/tutorial.py
[2022-08-21 13:32:42,428] {processor.py:651} INFO - DAG(s) dict_keys(['tutorial']) retrieved from /home/airflow/.local/lib/python3.7/site-packages/airflow/example_dags/tutorial.py
[2022-08-21 13:32:42,456] {logging_mixin.py:115} INFO - [2022-08-21 13:32:42,456] {dag.py:2420} INFO - Sync 1 DAGs
[2022-08-21 13:32:42,483] {logging_mixin.py:115} INFO - [2022-08-21 13:32:42,482] {dag.py:2972} INFO - Setting next_dagrun for tutorial to 2022-08-20T13:32:42.482366+00:00, run_after=2022-08-21T13:32:42.482366+00:00
[2022-08-21 13:32:42,502] {processor.py:161} INFO - Processing /home/airflow/.local/lib/python3.7/site-packages/airflow/example_dags/tutorial.py took 0.085 seconds
[2022-08-21 13:33:13,349] {processor.py:153} INFO - Started process (PID=1804) to work on /home/airflow/.local/lib/python3.7/site-packages/airflow/example_dags/tutorial.py
[2022-08-21 13:33:13,350] {processor.py:641} INFO - Processing file /home/airflow/.local/lib/python3.7/site-packages/airflow/example_dags/tutorial.py for tasks to queue
[2022-08-21 13:33:13,351] {logging_mixin.py:115} INFO - [2022-08-21 13:33:13,351] {dagbag.py:508} INFO - Filling up the DagBag from /home/airflow/.local/lib/python3.7/site-packages/airflow/example_dags/tutorial.py
[2022-08-21 13:33:13,356] {processor.py:651} INFO - DAG(s) dict_keys(['tutorial']) retrieved from /home/airflow/.local/lib/python3.7/site-packages/airflow/example_dags/tutorial.py
[2022-08-21 13:33:13,380] {logging_mixin.py:115} INFO - [2022-08-21 13:33:13,379] {dag.py:2420} INFO - Sync 1 DAGs
[2022-08-21 13:33:13,402] {logging_mixin.py:115} INFO - [2022-08-21 13:33:13,401] {dag.py:2972} INFO - Setting next_dagrun for tutorial to 2022-08-20T13:33:13.401743+00:00, run_after=2022-08-21T13:33:13.401743+00:00
[2022-08-21 13:33:13,415] {processor.py:161} INFO - Processing /home/airflow/.local/lib/python3.7/site-packages/airflow/example_dags/tutorial.py took 0.069 seconds
[2022-08-21 13:33:44,240] {processor.py:153} INFO - Started process (PID=1865) to work on /home/airflow/.local/lib/python3.7/site-packages/airflow/example_dags/tutorial.py
[2022-08-21 13:33:44,241] {processor.py:641} INFO - Processing file /home/airflow/.local/lib/python3.7/site-packages/airflow/example_dags/tutorial.py for tasks to queue
[2022-08-21 13:33:44,242] {logging_mixin.py:115} INFO - [2022-08-21 13:33:44,241] {dagbag.py:508} INFO - Filling up the DagBag from /home/airflow/.local/lib/python3.7/site-packages/airflow/example_dags/tutorial.py
[2022-08-21 13:33:44,247] {processor.py:651} INFO - DAG(s) dict_keys(['tutorial']) retrieved from /home/airflow/.local/lib/python3.7/site-packages/airflow/example_dags/tutorial.py
[2022-08-21 13:33:44,274] {logging_mixin.py:115} INFO - [2022-08-21 13:33:44,274] {dag.py:2420} INFO - Sync 1 DAGs
[2022-08-21 13:33:44,298] {logging_mixin.py:115} INFO - [2022-08-21 13:33:44,298] {dag.py:2972} INFO - Setting next_dagrun for tutorial to 2022-08-20T13:33:44.298240+00:00, run_after=2022-08-21T13:33:44.298240+00:00
[2022-08-21 13:33:44,312] {processor.py:161} INFO - Processing /home/airflow/.local/lib/python3.7/site-packages/airflow/example_dags/tutorial.py took 0.075 seconds
[2022-08-21 13:34:15,144] {processor.py:153} INFO - Started process (PID=1926) to work on /home/airflow/.local/lib/python3.7/site-packages/airflow/example_dags/tutorial.py
[2022-08-21 13:34:15,145] {processor.py:641} INFO - Processing file /home/airflow/.local/lib/python3.7/site-packages/airflow/example_dags/tutorial.py for tasks to queue
[2022-08-21 13:34:15,146] {logging_mixin.py:115} INFO - [2022-08-21 13:34:15,146] {dagbag.py:508} INFO - Filling up the DagBag from /home/airflow/.local/lib/python3.7/site-packages/airflow/example_dags/tutorial.py
[2022-08-21 13:34:15,153] {processor.py:651} INFO - DAG(s) dict_keys(['tutorial']) retrieved from /home/airflow/.local/lib/python3.7/site-packages/airflow/example_dags/tutorial.py
[2022-08-21 13:34:15,183] {logging_mixin.py:115} INFO - [2022-08-21 13:34:15,183] {dag.py:2420} INFO - Sync 1 DAGs
[2022-08-21 13:34:15,209] {logging_mixin.py:115} INFO - [2022-08-21 13:34:15,209] {dag.py:2972} INFO - Setting next_dagrun for tutorial to 2022-08-20T13:34:15.209533+00:00, run_after=2022-08-21T13:34:15.209533+00:00
[2022-08-21 13:34:15,231] {processor.py:161} INFO - Processing /home/airflow/.local/lib/python3.7/site-packages/airflow/example_dags/tutorial.py took 0.090 seconds
[2022-08-21 13:34:45,374] {processor.py:153} INFO - Started process (PID=1978) to work on /home/airflow/.local/lib/python3.7/site-packages/airflow/example_dags/tutorial.py
[2022-08-21 13:34:45,375] {processor.py:641} INFO - Processing file /home/airflow/.local/lib/python3.7/site-packages/airflow/example_dags/tutorial.py for tasks to queue
[2022-08-21 13:34:45,376] {logging_mixin.py:115} INFO - [2022-08-21 13:34:45,376] {dagbag.py:508} INFO - Filling up the DagBag from /home/airflow/.local/lib/python3.7/site-packages/airflow/example_dags/tutorial.py
[2022-08-21 13:34:45,382] {processor.py:651} INFO - DAG(s) dict_keys(['tutorial']) retrieved from /home/airflow/.local/lib/python3.7/site-packages/airflow/example_dags/tutorial.py
[2022-08-21 13:34:45,406] {logging_mixin.py:115} INFO - [2022-08-21 13:34:45,406] {dag.py:2420} INFO - Sync 1 DAGs
[2022-08-21 13:34:45,426] {logging_mixin.py:115} INFO - [2022-08-21 13:34:45,426] {dag.py:2972} INFO - Setting next_dagrun for tutorial to 2022-08-20T13:34:45.426336+00:00, run_after=2022-08-21T13:34:45.426336+00:00
[2022-08-21 13:34:45,446] {processor.py:161} INFO - Processing /home/airflow/.local/lib/python3.7/site-packages/airflow/example_dags/tutorial.py took 0.076 seconds
[2022-08-21 13:35:16,419] {processor.py:153} INFO - Started process (PID=2039) to work on /home/airflow/.local/lib/python3.7/site-packages/airflow/example_dags/tutorial.py
[2022-08-21 13:35:16,420] {processor.py:641} INFO - Processing file /home/airflow/.local/lib/python3.7/site-packages/airflow/example_dags/tutorial.py for tasks to queue
[2022-08-21 13:35:16,421] {logging_mixin.py:115} INFO - [2022-08-21 13:35:16,421] {dagbag.py:508} INFO - Filling up the DagBag from /home/airflow/.local/lib/python3.7/site-packages/airflow/example_dags/tutorial.py
[2022-08-21 13:35:16,425] {processor.py:651} INFO - DAG(s) dict_keys(['tutorial']) retrieved from /home/airflow/.local/lib/python3.7/site-packages/airflow/example_dags/tutorial.py
[2022-08-21 13:35:16,451] {logging_mixin.py:115} INFO - [2022-08-21 13:35:16,451] {dag.py:2420} INFO - Sync 1 DAGs
[2022-08-21 13:35:16,472] {logging_mixin.py:115} INFO - [2022-08-21 13:35:16,471] {dag.py:2972} INFO - Setting next_dagrun for tutorial to 2022-08-20T13:35:16.471720+00:00, run_after=2022-08-21T13:35:16.471720+00:00
[2022-08-21 13:35:16,489] {processor.py:161} INFO - Processing /home/airflow/.local/lib/python3.7/site-packages/airflow/example_dags/tutorial.py took 0.073 seconds
[2022-08-21 13:35:47,468] {processor.py:153} INFO - Started process (PID=2100) to work on /home/airflow/.local/lib/python3.7/site-packages/airflow/example_dags/tutorial.py
[2022-08-21 13:35:47,469] {processor.py:641} INFO - Processing file /home/airflow/.local/lib/python3.7/site-packages/airflow/example_dags/tutorial.py for tasks to queue
[2022-08-21 13:35:47,470] {logging_mixin.py:115} INFO - [2022-08-21 13:35:47,470] {dagbag.py:508} INFO - Filling up the DagBag from /home/airflow/.local/lib/python3.7/site-packages/airflow/example_dags/tutorial.py
[2022-08-21 13:35:47,475] {processor.py:651} INFO - DAG(s) dict_keys(['tutorial']) retrieved from /home/airflow/.local/lib/python3.7/site-packages/airflow/example_dags/tutorial.py
[2022-08-21 13:35:47,501] {logging_mixin.py:115} INFO - [2022-08-21 13:35:47,501] {dag.py:2420} INFO - Sync 1 DAGs
[2022-08-21 13:35:47,522] {logging_mixin.py:115} INFO - [2022-08-21 13:35:47,522] {dag.py:2972} INFO - Setting next_dagrun for tutorial to 2022-08-20T13:35:47.521913+00:00, run_after=2022-08-21T13:35:47.521913+00:00
[2022-08-21 13:35:47,540] {processor.py:161} INFO - Processing /home/airflow/.local/lib/python3.7/site-packages/airflow/example_dags/tutorial.py took 0.075 seconds
[2022-08-21 13:36:18,330] {processor.py:153} INFO - Started process (PID=2152) to work on /home/airflow/.local/lib/python3.7/site-packages/airflow/example_dags/tutorial.py
[2022-08-21 13:36:18,331] {processor.py:641} INFO - Processing file /home/airflow/.local/lib/python3.7/site-packages/airflow/example_dags/tutorial.py for tasks to queue
[2022-08-21 13:36:18,332] {logging_mixin.py:115} INFO - [2022-08-21 13:36:18,332] {dagbag.py:508} INFO - Filling up the DagBag from /home/airflow/.local/lib/python3.7/site-packages/airflow/example_dags/tutorial.py
[2022-08-21 13:36:18,336] {processor.py:651} INFO - DAG(s) dict_keys(['tutorial']) retrieved from /home/airflow/.local/lib/python3.7/site-packages/airflow/example_dags/tutorial.py
[2022-08-21 13:36:18,365] {logging_mixin.py:115} INFO - [2022-08-21 13:36:18,364] {dag.py:2420} INFO - Sync 1 DAGs
[2022-08-21 13:36:18,386] {logging_mixin.py:115} INFO - [2022-08-21 13:36:18,386] {dag.py:2972} INFO - Setting next_dagrun for tutorial to 2022-08-20T13:36:18.386172+00:00, run_after=2022-08-21T13:36:18.386172+00:00
[2022-08-21 13:36:18,401] {processor.py:161} INFO - Processing /home/airflow/.local/lib/python3.7/site-packages/airflow/example_dags/tutorial.py took 0.073 seconds
[2022-08-21 13:36:49,280] {processor.py:153} INFO - Started process (PID=2214) to work on /home/airflow/.local/lib/python3.7/site-packages/airflow/example_dags/tutorial.py
[2022-08-21 13:36:49,281] {processor.py:641} INFO - Processing file /home/airflow/.local/lib/python3.7/site-packages/airflow/example_dags/tutorial.py for tasks to queue
[2022-08-21 13:36:49,282] {logging_mixin.py:115} INFO - [2022-08-21 13:36:49,282] {dagbag.py:508} INFO - Filling up the DagBag from /home/airflow/.local/lib/python3.7/site-packages/airflow/example_dags/tutorial.py
[2022-08-21 13:36:49,287] {processor.py:651} INFO - DAG(s) dict_keys(['tutorial']) retrieved from /home/airflow/.local/lib/python3.7/site-packages/airflow/example_dags/tutorial.py
[2022-08-21 13:36:49,313] {logging_mixin.py:115} INFO - [2022-08-21 13:36:49,313] {dag.py:2420} INFO - Sync 1 DAGs
[2022-08-21 13:36:49,334] {logging_mixin.py:115} INFO - [2022-08-21 13:36:49,334] {dag.py:2972} INFO - Setting next_dagrun for tutorial to 2022-08-20T13:36:49.334212+00:00, run_after=2022-08-21T13:36:49.334212+00:00
[2022-08-21 13:36:49,352] {processor.py:161} INFO - Processing /home/airflow/.local/lib/python3.7/site-packages/airflow/example_dags/tutorial.py took 0.075 seconds
[2022-08-21 13:37:20,083] {processor.py:153} INFO - Started process (PID=2276) to work on /home/airflow/.local/lib/python3.7/site-packages/airflow/example_dags/tutorial.py
[2022-08-21 13:37:20,084] {processor.py:641} INFO - Processing file /home/airflow/.local/lib/python3.7/site-packages/airflow/example_dags/tutorial.py for tasks to queue
[2022-08-21 13:37:20,085] {logging_mixin.py:115} INFO - [2022-08-21 13:37:20,084] {dagbag.py:508} INFO - Filling up the DagBag from /home/airflow/.local/lib/python3.7/site-packages/airflow/example_dags/tutorial.py
[2022-08-21 13:37:20,090] {processor.py:651} INFO - DAG(s) dict_keys(['tutorial']) retrieved from /home/airflow/.local/lib/python3.7/site-packages/airflow/example_dags/tutorial.py
[2022-08-21 13:37:20,114] {logging_mixin.py:115} INFO - [2022-08-21 13:37:20,114] {dag.py:2420} INFO - Sync 1 DAGs
[2022-08-21 13:37:20,134] {logging_mixin.py:115} INFO - [2022-08-21 13:37:20,133] {dag.py:2972} INFO - Setting next_dagrun for tutorial to 2022-08-20T13:37:20.133711+00:00, run_after=2022-08-21T13:37:20.133711+00:00
[2022-08-21 13:37:20,147] {processor.py:161} INFO - Processing /home/airflow/.local/lib/python3.7/site-packages/airflow/example_dags/tutorial.py took 0.066 seconds
[2022-08-21 13:37:50,880] {processor.py:153} INFO - Started process (PID=2335) to work on /home/airflow/.local/lib/python3.7/site-packages/airflow/example_dags/tutorial.py
[2022-08-21 13:37:50,881] {processor.py:641} INFO - Processing file /home/airflow/.local/lib/python3.7/site-packages/airflow/example_dags/tutorial.py for tasks to queue
[2022-08-21 13:37:50,882] {logging_mixin.py:115} INFO - [2022-08-21 13:37:50,882] {dagbag.py:508} INFO - Filling up the DagBag from /home/airflow/.local/lib/python3.7/site-packages/airflow/example_dags/tutorial.py
[2022-08-21 13:37:50,889] {processor.py:651} INFO - DAG(s) dict_keys(['tutorial']) retrieved from /home/airflow/.local/lib/python3.7/site-packages/airflow/example_dags/tutorial.py
[2022-08-21 13:37:50,914] {logging_mixin.py:115} INFO - [2022-08-21 13:37:50,914] {dag.py:2420} INFO - Sync 1 DAGs
[2022-08-21 13:37:50,936] {logging_mixin.py:115} INFO - [2022-08-21 13:37:50,936] {dag.py:2972} INFO - Setting next_dagrun for tutorial to 2022-08-20T13:37:50.935819+00:00, run_after=2022-08-21T13:37:50.935819+00:00
[2022-08-21 13:37:50,955] {processor.py:161} INFO - Processing /home/airflow/.local/lib/python3.7/site-packages/airflow/example_dags/tutorial.py took 0.079 seconds
[2022-08-21 13:38:21,773] {processor.py:153} INFO - Started process (PID=2389) to work on /home/airflow/.local/lib/python3.7/site-packages/airflow/example_dags/tutorial.py
[2022-08-21 13:38:21,774] {processor.py:641} INFO - Processing file /home/airflow/.local/lib/python3.7/site-packages/airflow/example_dags/tutorial.py for tasks to queue
[2022-08-21 13:38:21,775] {logging_mixin.py:115} INFO - [2022-08-21 13:38:21,775] {dagbag.py:508} INFO - Filling up the DagBag from /home/airflow/.local/lib/python3.7/site-packages/airflow/example_dags/tutorial.py
[2022-08-21 13:38:21,781] {processor.py:651} INFO - DAG(s) dict_keys(['tutorial']) retrieved from /home/airflow/.local/lib/python3.7/site-packages/airflow/example_dags/tutorial.py
[2022-08-21 13:38:21,808] {logging_mixin.py:115} INFO - [2022-08-21 13:38:21,808] {dag.py:2420} INFO - Sync 1 DAGs
[2022-08-21 13:38:21,830] {logging_mixin.py:115} INFO - [2022-08-21 13:38:21,830] {dag.py:2972} INFO - Setting next_dagrun for tutorial to 2022-08-20T13:38:21.829887+00:00, run_after=2022-08-21T13:38:21.829887+00:00
[2022-08-21 13:38:21,845] {processor.py:161} INFO - Processing /home/airflow/.local/lib/python3.7/site-packages/airflow/example_dags/tutorial.py took 0.075 seconds
[2022-08-21 13:38:52,742] {processor.py:153} INFO - Started process (PID=2450) to work on /home/airflow/.local/lib/python3.7/site-packages/airflow/example_dags/tutorial.py
[2022-08-21 13:38:52,745] {processor.py:641} INFO - Processing file /home/airflow/.local/lib/python3.7/site-packages/airflow/example_dags/tutorial.py for tasks to queue
[2022-08-21 13:38:52,746] {logging_mixin.py:115} INFO - [2022-08-21 13:38:52,746] {dagbag.py:508} INFO - Filling up the DagBag from /home/airflow/.local/lib/python3.7/site-packages/airflow/example_dags/tutorial.py
[2022-08-21 13:38:52,753] {processor.py:651} INFO - DAG(s) dict_keys(['tutorial']) retrieved from /home/airflow/.local/lib/python3.7/site-packages/airflow/example_dags/tutorial.py
[2022-08-21 13:38:52,780] {logging_mixin.py:115} INFO - [2022-08-21 13:38:52,780] {dag.py:2420} INFO - Sync 1 DAGs
[2022-08-21 13:38:52,805] {logging_mixin.py:115} INFO - [2022-08-21 13:38:52,805] {dag.py:2972} INFO - Setting next_dagrun for tutorial to 2022-08-20T13:38:52.804816+00:00, run_after=2022-08-21T13:38:52.804816+00:00
[2022-08-21 13:38:52,818] {processor.py:161} INFO - Processing /home/airflow/.local/lib/python3.7/site-packages/airflow/example_dags/tutorial.py took 0.081 seconds
[2022-08-21 13:39:22,991] {processor.py:153} INFO - Started process (PID=2511) to work on /home/airflow/.local/lib/python3.7/site-packages/airflow/example_dags/tutorial.py
[2022-08-21 13:39:22,991] {processor.py:641} INFO - Processing file /home/airflow/.local/lib/python3.7/site-packages/airflow/example_dags/tutorial.py for tasks to queue
[2022-08-21 13:39:22,993] {logging_mixin.py:115} INFO - [2022-08-21 13:39:22,992] {dagbag.py:508} INFO - Filling up the DagBag from /home/airflow/.local/lib/python3.7/site-packages/airflow/example_dags/tutorial.py
[2022-08-21 13:39:22,999] {processor.py:651} INFO - DAG(s) dict_keys(['tutorial']) retrieved from /home/airflow/.local/lib/python3.7/site-packages/airflow/example_dags/tutorial.py
[2022-08-21 13:39:23,024] {logging_mixin.py:115} INFO - [2022-08-21 13:39:23,023] {dag.py:2420} INFO - Sync 1 DAGs
[2022-08-21 13:39:23,045] {logging_mixin.py:115} INFO - [2022-08-21 13:39:23,045] {dag.py:2972} INFO - Setting next_dagrun for tutorial to 2022-08-20T13:39:23.045149+00:00, run_after=2022-08-21T13:39:23.045149+00:00
[2022-08-21 13:39:23,065] {processor.py:161} INFO - Processing /home/airflow/.local/lib/python3.7/site-packages/airflow/example_dags/tutorial.py took 0.078 seconds
[2022-08-21 13:39:53,933] {processor.py:153} INFO - Started process (PID=2565) to work on /home/airflow/.local/lib/python3.7/site-packages/airflow/example_dags/tutorial.py
[2022-08-21 13:39:53,933] {processor.py:641} INFO - Processing file /home/airflow/.local/lib/python3.7/site-packages/airflow/example_dags/tutorial.py for tasks to queue
[2022-08-21 13:39:53,934] {logging_mixin.py:115} INFO - [2022-08-21 13:39:53,934] {dagbag.py:508} INFO - Filling up the DagBag from /home/airflow/.local/lib/python3.7/site-packages/airflow/example_dags/tutorial.py
[2022-08-21 13:39:53,939] {processor.py:651} INFO - DAG(s) dict_keys(['tutorial']) retrieved from /home/airflow/.local/lib/python3.7/site-packages/airflow/example_dags/tutorial.py
[2022-08-21 13:39:53,966] {logging_mixin.py:115} INFO - [2022-08-21 13:39:53,965] {dag.py:2420} INFO - Sync 1 DAGs
[2022-08-21 13:39:53,987] {logging_mixin.py:115} INFO - [2022-08-21 13:39:53,987] {dag.py:2972} INFO - Setting next_dagrun for tutorial to 2022-08-20T13:39:53.987405+00:00, run_after=2022-08-21T13:39:53.987405+00:00
[2022-08-21 13:39:54,005] {processor.py:161} INFO - Processing /home/airflow/.local/lib/python3.7/site-packages/airflow/example_dags/tutorial.py took 0.075 seconds
[2022-08-21 13:40:24,099] {processor.py:153} INFO - Started process (PID=2641) to work on /home/airflow/.local/lib/python3.7/site-packages/airflow/example_dags/tutorial.py
[2022-08-21 13:40:24,100] {processor.py:641} INFO - Processing file /home/airflow/.local/lib/python3.7/site-packages/airflow/example_dags/tutorial.py for tasks to queue
[2022-08-21 13:40:24,101] {logging_mixin.py:115} INFO - [2022-08-21 13:40:24,101] {dagbag.py:508} INFO - Filling up the DagBag from /home/airflow/.local/lib/python3.7/site-packages/airflow/example_dags/tutorial.py
[2022-08-21 13:40:24,106] {processor.py:651} INFO - DAG(s) dict_keys(['tutorial']) retrieved from /home/airflow/.local/lib/python3.7/site-packages/airflow/example_dags/tutorial.py
[2022-08-21 13:40:24,130] {logging_mixin.py:115} INFO - [2022-08-21 13:40:24,130] {dag.py:2420} INFO - Sync 1 DAGs
[2022-08-21 13:40:24,150] {logging_mixin.py:115} INFO - [2022-08-21 13:40:24,150] {dag.py:2972} INFO - Setting next_dagrun for tutorial to 2022-08-20T13:40:24.149993+00:00, run_after=2022-08-21T13:40:24.149993+00:00
[2022-08-21 13:40:24,167] {processor.py:161} INFO - Processing /home/airflow/.local/lib/python3.7/site-packages/airflow/example_dags/tutorial.py took 0.070 seconds
[2022-08-21 13:40:54,286] {processor.py:153} INFO - Started process (PID=2694) to work on /home/airflow/.local/lib/python3.7/site-packages/airflow/example_dags/tutorial.py
[2022-08-21 13:40:54,287] {processor.py:641} INFO - Processing file /home/airflow/.local/lib/python3.7/site-packages/airflow/example_dags/tutorial.py for tasks to queue
[2022-08-21 13:40:54,287] {logging_mixin.py:115} INFO - [2022-08-21 13:40:54,287] {dagbag.py:508} INFO - Filling up the DagBag from /home/airflow/.local/lib/python3.7/site-packages/airflow/example_dags/tutorial.py
[2022-08-21 13:40:54,292] {processor.py:651} INFO - DAG(s) dict_keys(['tutorial']) retrieved from /home/airflow/.local/lib/python3.7/site-packages/airflow/example_dags/tutorial.py
[2022-08-21 13:40:54,319] {logging_mixin.py:115} INFO - [2022-08-21 13:40:54,319] {dag.py:2420} INFO - Sync 1 DAGs
[2022-08-21 13:40:54,339] {logging_mixin.py:115} INFO - [2022-08-21 13:40:54,339] {dag.py:2972} INFO - Setting next_dagrun for tutorial to 2022-08-20T13:40:54.339552+00:00, run_after=2022-08-21T13:40:54.339552+00:00
[2022-08-21 13:40:54,357] {processor.py:161} INFO - Processing /home/airflow/.local/lib/python3.7/site-packages/airflow/example_dags/tutorial.py took 0.074 seconds
[2022-08-21 13:41:24,553] {processor.py:153} INFO - Started process (PID=2759) to work on /home/airflow/.local/lib/python3.7/site-packages/airflow/example_dags/tutorial.py
[2022-08-21 13:41:24,554] {processor.py:641} INFO - Processing file /home/airflow/.local/lib/python3.7/site-packages/airflow/example_dags/tutorial.py for tasks to queue
[2022-08-21 13:41:24,555] {logging_mixin.py:115} INFO - [2022-08-21 13:41:24,555] {dagbag.py:508} INFO - Filling up the DagBag from /home/airflow/.local/lib/python3.7/site-packages/airflow/example_dags/tutorial.py
[2022-08-21 13:41:24,560] {processor.py:651} INFO - DAG(s) dict_keys(['tutorial']) retrieved from /home/airflow/.local/lib/python3.7/site-packages/airflow/example_dags/tutorial.py
[2022-08-21 13:41:24,587] {logging_mixin.py:115} INFO - [2022-08-21 13:41:24,587] {dag.py:2420} INFO - Sync 1 DAGs
[2022-08-21 13:41:24,609] {logging_mixin.py:115} INFO - [2022-08-21 13:41:24,609] {dag.py:2972} INFO - Setting next_dagrun for tutorial to 2022-08-20T13:41:24.609546+00:00, run_after=2022-08-21T13:41:24.609546+00:00
[2022-08-21 13:41:24,623] {processor.py:161} INFO - Processing /home/airflow/.local/lib/python3.7/site-packages/airflow/example_dags/tutorial.py took 0.073 seconds
[2022-08-21 13:41:54,749] {processor.py:153} INFO - Started process (PID=2820) to work on /home/airflow/.local/lib/python3.7/site-packages/airflow/example_dags/tutorial.py
[2022-08-21 13:41:54,749] {processor.py:641} INFO - Processing file /home/airflow/.local/lib/python3.7/site-packages/airflow/example_dags/tutorial.py for tasks to queue
[2022-08-21 13:41:54,750] {logging_mixin.py:115} INFO - [2022-08-21 13:41:54,750] {dagbag.py:508} INFO - Filling up the DagBag from /home/airflow/.local/lib/python3.7/site-packages/airflow/example_dags/tutorial.py
[2022-08-21 13:41:54,755] {processor.py:651} INFO - DAG(s) dict_keys(['tutorial']) retrieved from /home/airflow/.local/lib/python3.7/site-packages/airflow/example_dags/tutorial.py
[2022-08-21 13:41:54,779] {logging_mixin.py:115} INFO - [2022-08-21 13:41:54,778] {dag.py:2420} INFO - Sync 1 DAGs
[2022-08-21 13:41:54,801] {logging_mixin.py:115} INFO - [2022-08-21 13:41:54,801] {dag.py:2972} INFO - Setting next_dagrun for tutorial to 2022-08-20T13:41:54.801342+00:00, run_after=2022-08-21T13:41:54.801342+00:00
[2022-08-21 13:41:54,816] {processor.py:161} INFO - Processing /home/airflow/.local/lib/python3.7/site-packages/airflow/example_dags/tutorial.py took 0.070 seconds
[2022-08-21 13:42:25,556] {processor.py:153} INFO - Started process (PID=2872) to work on /home/airflow/.local/lib/python3.7/site-packages/airflow/example_dags/tutorial.py
[2022-08-21 13:42:25,557] {processor.py:641} INFO - Processing file /home/airflow/.local/lib/python3.7/site-packages/airflow/example_dags/tutorial.py for tasks to queue
[2022-08-21 13:42:25,558] {logging_mixin.py:115} INFO - [2022-08-21 13:42:25,558] {dagbag.py:508} INFO - Filling up the DagBag from /home/airflow/.local/lib/python3.7/site-packages/airflow/example_dags/tutorial.py
[2022-08-21 13:42:25,563] {processor.py:651} INFO - DAG(s) dict_keys(['tutorial']) retrieved from /home/airflow/.local/lib/python3.7/site-packages/airflow/example_dags/tutorial.py
[2022-08-21 13:42:25,587] {logging_mixin.py:115} INFO - [2022-08-21 13:42:25,587] {dag.py:2420} INFO - Sync 1 DAGs
[2022-08-21 13:42:25,609] {logging_mixin.py:115} INFO - [2022-08-21 13:42:25,608] {dag.py:2972} INFO - Setting next_dagrun for tutorial to 2022-08-20T13:42:25.608700+00:00, run_after=2022-08-21T13:42:25.608700+00:00
[2022-08-21 13:42:25,623] {processor.py:161} INFO - Processing /home/airflow/.local/lib/python3.7/site-packages/airflow/example_dags/tutorial.py took 0.069 seconds
[2022-08-21 13:42:56,528] {processor.py:153} INFO - Started process (PID=2933) to work on /home/airflow/.local/lib/python3.7/site-packages/airflow/example_dags/tutorial.py
[2022-08-21 13:42:56,529] {processor.py:641} INFO - Processing file /home/airflow/.local/lib/python3.7/site-packages/airflow/example_dags/tutorial.py for tasks to queue
[2022-08-21 13:42:56,530] {logging_mixin.py:115} INFO - [2022-08-21 13:42:56,530] {dagbag.py:508} INFO - Filling up the DagBag from /home/airflow/.local/lib/python3.7/site-packages/airflow/example_dags/tutorial.py
[2022-08-21 13:42:56,535] {processor.py:651} INFO - DAG(s) dict_keys(['tutorial']) retrieved from /home/airflow/.local/lib/python3.7/site-packages/airflow/example_dags/tutorial.py
[2022-08-21 13:42:56,562] {logging_mixin.py:115} INFO - [2022-08-21 13:42:56,562] {dag.py:2420} INFO - Sync 1 DAGs
[2022-08-21 13:42:56,587] {logging_mixin.py:115} INFO - [2022-08-21 13:42:56,587] {dag.py:2972} INFO - Setting next_dagrun for tutorial to 2022-08-20T13:42:56.586858+00:00, run_after=2022-08-21T13:42:56.586858+00:00
[2022-08-21 13:42:56,599] {processor.py:161} INFO - Processing /home/airflow/.local/lib/python3.7/site-packages/airflow/example_dags/tutorial.py took 0.074 seconds
[2022-08-21 13:43:26,860] {processor.py:153} INFO - Started process (PID=2994) to work on /home/airflow/.local/lib/python3.7/site-packages/airflow/example_dags/tutorial.py
[2022-08-21 13:43:26,861] {processor.py:641} INFO - Processing file /home/airflow/.local/lib/python3.7/site-packages/airflow/example_dags/tutorial.py for tasks to queue
[2022-08-21 13:43:26,861] {logging_mixin.py:115} INFO - [2022-08-21 13:43:26,861] {dagbag.py:508} INFO - Filling up the DagBag from /home/airflow/.local/lib/python3.7/site-packages/airflow/example_dags/tutorial.py
[2022-08-21 13:43:26,867] {processor.py:651} INFO - DAG(s) dict_keys(['tutorial']) retrieved from /home/airflow/.local/lib/python3.7/site-packages/airflow/example_dags/tutorial.py
[2022-08-21 13:43:26,894] {logging_mixin.py:115} INFO - [2022-08-21 13:43:26,894] {dag.py:2420} INFO - Sync 1 DAGs
[2022-08-21 13:43:26,918] {logging_mixin.py:115} INFO - [2022-08-21 13:43:26,918] {dag.py:2972} INFO - Setting next_dagrun for tutorial to 2022-08-20T13:43:26.918223+00:00, run_after=2022-08-21T13:43:26.918223+00:00
[2022-08-21 13:43:26,932] {processor.py:161} INFO - Processing /home/airflow/.local/lib/python3.7/site-packages/airflow/example_dags/tutorial.py took 0.075 seconds
[2022-08-21 13:43:57,186] {processor.py:153} INFO - Started process (PID=3046) to work on /home/airflow/.local/lib/python3.7/site-packages/airflow/example_dags/tutorial.py
[2022-08-21 13:43:57,186] {processor.py:641} INFO - Processing file /home/airflow/.local/lib/python3.7/site-packages/airflow/example_dags/tutorial.py for tasks to queue
[2022-08-21 13:43:57,187] {logging_mixin.py:115} INFO - [2022-08-21 13:43:57,187] {dagbag.py:508} INFO - Filling up the DagBag from /home/airflow/.local/lib/python3.7/site-packages/airflow/example_dags/tutorial.py
[2022-08-21 13:43:57,192] {processor.py:651} INFO - DAG(s) dict_keys(['tutorial']) retrieved from /home/airflow/.local/lib/python3.7/site-packages/airflow/example_dags/tutorial.py
[2022-08-21 13:43:57,216] {logging_mixin.py:115} INFO - [2022-08-21 13:43:57,216] {dag.py:2420} INFO - Sync 1 DAGs
[2022-08-21 13:43:57,235] {logging_mixin.py:115} INFO - [2022-08-21 13:43:57,235] {dag.py:2972} INFO - Setting next_dagrun for tutorial to 2022-08-20T13:43:57.235004+00:00, run_after=2022-08-21T13:43:57.235004+00:00
[2022-08-21 13:43:57,252] {processor.py:161} INFO - Processing /home/airflow/.local/lib/python3.7/site-packages/airflow/example_dags/tutorial.py took 0.070 seconds
[2022-08-21 13:44:28,127] {processor.py:153} INFO - Started process (PID=3107) to work on /home/airflow/.local/lib/python3.7/site-packages/airflow/example_dags/tutorial.py
[2022-08-21 13:44:28,127] {processor.py:641} INFO - Processing file /home/airflow/.local/lib/python3.7/site-packages/airflow/example_dags/tutorial.py for tasks to queue
[2022-08-21 13:44:28,128] {logging_mixin.py:115} INFO - [2022-08-21 13:44:28,128] {dagbag.py:508} INFO - Filling up the DagBag from /home/airflow/.local/lib/python3.7/site-packages/airflow/example_dags/tutorial.py
[2022-08-21 13:44:28,134] {processor.py:651} INFO - DAG(s) dict_keys(['tutorial']) retrieved from /home/airflow/.local/lib/python3.7/site-packages/airflow/example_dags/tutorial.py
[2022-08-21 13:44:28,159] {logging_mixin.py:115} INFO - [2022-08-21 13:44:28,159] {dag.py:2420} INFO - Sync 1 DAGs
[2022-08-21 13:44:28,181] {logging_mixin.py:115} INFO - [2022-08-21 13:44:28,181] {dag.py:2972} INFO - Setting next_dagrun for tutorial to 2022-08-20T13:44:28.181653+00:00, run_after=2022-08-21T13:44:28.181653+00:00
[2022-08-21 13:44:28,199] {processor.py:161} INFO - Processing /home/airflow/.local/lib/python3.7/site-packages/airflow/example_dags/tutorial.py took 0.076 seconds
[2022-08-21 13:44:59,061] {processor.py:153} INFO - Started process (PID=3168) to work on /home/airflow/.local/lib/python3.7/site-packages/airflow/example_dags/tutorial.py
[2022-08-21 13:44:59,062] {processor.py:641} INFO - Processing file /home/airflow/.local/lib/python3.7/site-packages/airflow/example_dags/tutorial.py for tasks to queue
[2022-08-21 13:44:59,063] {logging_mixin.py:115} INFO - [2022-08-21 13:44:59,063] {dagbag.py:508} INFO - Filling up the DagBag from /home/airflow/.local/lib/python3.7/site-packages/airflow/example_dags/tutorial.py
[2022-08-21 13:44:59,069] {processor.py:651} INFO - DAG(s) dict_keys(['tutorial']) retrieved from /home/airflow/.local/lib/python3.7/site-packages/airflow/example_dags/tutorial.py
[2022-08-21 13:44:59,100] {logging_mixin.py:115} INFO - [2022-08-21 13:44:59,099] {dag.py:2420} INFO - Sync 1 DAGs
[2022-08-21 13:44:59,126] {logging_mixin.py:115} INFO - [2022-08-21 13:44:59,125] {dag.py:2972} INFO - Setting next_dagrun for tutorial to 2022-08-20T13:44:59.125669+00:00, run_after=2022-08-21T13:44:59.125669+00:00
[2022-08-21 13:44:59,141] {processor.py:161} INFO - Processing /home/airflow/.local/lib/python3.7/site-packages/airflow/example_dags/tutorial.py took 0.082 seconds
[2022-08-21 13:45:29,985] {processor.py:153} INFO - Started process (PID=3220) to work on /home/airflow/.local/lib/python3.7/site-packages/airflow/example_dags/tutorial.py
[2022-08-21 13:45:29,986] {processor.py:641} INFO - Processing file /home/airflow/.local/lib/python3.7/site-packages/airflow/example_dags/tutorial.py for tasks to queue
[2022-08-21 13:45:29,986] {logging_mixin.py:115} INFO - [2022-08-21 13:45:29,986] {dagbag.py:508} INFO - Filling up the DagBag from /home/airflow/.local/lib/python3.7/site-packages/airflow/example_dags/tutorial.py
[2022-08-21 13:45:29,993] {processor.py:651} INFO - DAG(s) dict_keys(['tutorial']) retrieved from /home/airflow/.local/lib/python3.7/site-packages/airflow/example_dags/tutorial.py
[2022-08-21 13:45:30,027] {logging_mixin.py:115} INFO - [2022-08-21 13:45:30,027] {dag.py:2420} INFO - Sync 1 DAGs
[2022-08-21 13:45:30,058] {logging_mixin.py:115} INFO - [2022-08-21 13:45:30,058] {dag.py:2972} INFO - Setting next_dagrun for tutorial to 2022-08-20T13:45:30.058024+00:00, run_after=2022-08-21T13:45:30.058024+00:00
[2022-08-21 13:45:30,077] {processor.py:161} INFO - Processing /home/airflow/.local/lib/python3.7/site-packages/airflow/example_dags/tutorial.py took 0.098 seconds
[2022-08-21 13:46:00,153] {processor.py:153} INFO - Started process (PID=3281) to work on /home/airflow/.local/lib/python3.7/site-packages/airflow/example_dags/tutorial.py
[2022-08-21 13:46:00,154] {processor.py:641} INFO - Processing file /home/airflow/.local/lib/python3.7/site-packages/airflow/example_dags/tutorial.py for tasks to queue
[2022-08-21 13:46:00,155] {logging_mixin.py:115} INFO - [2022-08-21 13:46:00,155] {dagbag.py:508} INFO - Filling up the DagBag from /home/airflow/.local/lib/python3.7/site-packages/airflow/example_dags/tutorial.py
[2022-08-21 13:46:00,160] {processor.py:651} INFO - DAG(s) dict_keys(['tutorial']) retrieved from /home/airflow/.local/lib/python3.7/site-packages/airflow/example_dags/tutorial.py
[2022-08-21 13:46:00,184] {logging_mixin.py:115} INFO - [2022-08-21 13:46:00,184] {dag.py:2420} INFO - Sync 1 DAGs
[2022-08-21 13:46:00,210] {logging_mixin.py:115} INFO - [2022-08-21 13:46:00,209] {dag.py:2972} INFO - Setting next_dagrun for tutorial to 2022-08-20T13:46:00.209732+00:00, run_after=2022-08-21T13:46:00.209732+00:00
[2022-08-21 13:46:00,224] {processor.py:161} INFO - Processing /home/airflow/.local/lib/python3.7/site-packages/airflow/example_dags/tutorial.py took 0.073 seconds
[2022-08-21 13:46:31,105] {processor.py:153} INFO - Started process (PID=3333) to work on /home/airflow/.local/lib/python3.7/site-packages/airflow/example_dags/tutorial.py
[2022-08-21 13:46:31,106] {processor.py:641} INFO - Processing file /home/airflow/.local/lib/python3.7/site-packages/airflow/example_dags/tutorial.py for tasks to queue
[2022-08-21 13:46:31,107] {logging_mixin.py:115} INFO - [2022-08-21 13:46:31,107] {dagbag.py:508} INFO - Filling up the DagBag from /home/airflow/.local/lib/python3.7/site-packages/airflow/example_dags/tutorial.py
[2022-08-21 13:46:31,114] {processor.py:651} INFO - DAG(s) dict_keys(['tutorial']) retrieved from /home/airflow/.local/lib/python3.7/site-packages/airflow/example_dags/tutorial.py
[2022-08-21 13:46:31,142] {logging_mixin.py:115} INFO - [2022-08-21 13:46:31,142] {dag.py:2420} INFO - Sync 1 DAGs
[2022-08-21 13:46:31,161] {logging_mixin.py:115} INFO - [2022-08-21 13:46:31,161] {dag.py:2972} INFO - Setting next_dagrun for tutorial to 2022-08-20T13:46:31.161237+00:00, run_after=2022-08-21T13:46:31.161237+00:00
[2022-08-21 13:46:31,179] {processor.py:161} INFO - Processing /home/airflow/.local/lib/python3.7/site-packages/airflow/example_dags/tutorial.py took 0.077 seconds
[2022-08-21 13:47:01,390] {processor.py:153} INFO - Started process (PID=3396) to work on /home/airflow/.local/lib/python3.7/site-packages/airflow/example_dags/tutorial.py
[2022-08-21 13:47:01,391] {processor.py:641} INFO - Processing file /home/airflow/.local/lib/python3.7/site-packages/airflow/example_dags/tutorial.py for tasks to queue
[2022-08-21 13:47:01,391] {logging_mixin.py:115} INFO - [2022-08-21 13:47:01,391] {dagbag.py:508} INFO - Filling up the DagBag from /home/airflow/.local/lib/python3.7/site-packages/airflow/example_dags/tutorial.py
[2022-08-21 13:47:01,397] {processor.py:651} INFO - DAG(s) dict_keys(['tutorial']) retrieved from /home/airflow/.local/lib/python3.7/site-packages/airflow/example_dags/tutorial.py
[2022-08-21 13:47:01,423] {logging_mixin.py:115} INFO - [2022-08-21 13:47:01,423] {dag.py:2420} INFO - Sync 1 DAGs
[2022-08-21 13:47:01,447] {logging_mixin.py:115} INFO - [2022-08-21 13:47:01,447] {dag.py:2972} INFO - Setting next_dagrun for tutorial to 2022-08-20T13:47:01.447038+00:00, run_after=2022-08-21T13:47:01.447038+00:00
[2022-08-21 13:47:01,461] {processor.py:161} INFO - Processing /home/airflow/.local/lib/python3.7/site-packages/airflow/example_dags/tutorial.py took 0.074 seconds
[2022-08-21 13:47:32,117] {processor.py:153} INFO - Started process (PID=3458) to work on /home/airflow/.local/lib/python3.7/site-packages/airflow/example_dags/tutorial.py
[2022-08-21 13:47:32,118] {processor.py:641} INFO - Processing file /home/airflow/.local/lib/python3.7/site-packages/airflow/example_dags/tutorial.py for tasks to queue
[2022-08-21 13:47:32,119] {logging_mixin.py:115} INFO - [2022-08-21 13:47:32,119] {dagbag.py:508} INFO - Filling up the DagBag from /home/airflow/.local/lib/python3.7/site-packages/airflow/example_dags/tutorial.py
[2022-08-21 13:47:32,125] {processor.py:651} INFO - DAG(s) dict_keys(['tutorial']) retrieved from /home/airflow/.local/lib/python3.7/site-packages/airflow/example_dags/tutorial.py
[2022-08-21 13:47:32,149] {logging_mixin.py:115} INFO - [2022-08-21 13:47:32,149] {dag.py:2420} INFO - Sync 1 DAGs
[2022-08-21 13:47:32,169] {logging_mixin.py:115} INFO - [2022-08-21 13:47:32,169] {dag.py:2972} INFO - Setting next_dagrun for tutorial to 2022-08-20T13:47:32.169519+00:00, run_after=2022-08-21T13:47:32.169519+00:00
[2022-08-21 13:47:32,183] {processor.py:161} INFO - Processing /home/airflow/.local/lib/python3.7/site-packages/airflow/example_dags/tutorial.py took 0.069 seconds
[2022-08-21 13:48:02,951] {processor.py:153} INFO - Started process (PID=3510) to work on /home/airflow/.local/lib/python3.7/site-packages/airflow/example_dags/tutorial.py
[2022-08-21 13:48:02,952] {processor.py:641} INFO - Processing file /home/airflow/.local/lib/python3.7/site-packages/airflow/example_dags/tutorial.py for tasks to queue
[2022-08-21 13:48:02,952] {logging_mixin.py:115} INFO - [2022-08-21 13:48:02,952] {dagbag.py:508} INFO - Filling up the DagBag from /home/airflow/.local/lib/python3.7/site-packages/airflow/example_dags/tutorial.py
[2022-08-21 13:48:02,958] {processor.py:651} INFO - DAG(s) dict_keys(['tutorial']) retrieved from /home/airflow/.local/lib/python3.7/site-packages/airflow/example_dags/tutorial.py
[2022-08-21 13:48:02,981] {logging_mixin.py:115} INFO - [2022-08-21 13:48:02,981] {dag.py:2420} INFO - Sync 1 DAGs
[2022-08-21 13:48:03,006] {logging_mixin.py:115} INFO - [2022-08-21 13:48:03,005] {dag.py:2972} INFO - Setting next_dagrun for tutorial to 2022-08-20T13:48:03.005741+00:00, run_after=2022-08-21T13:48:03.005741+00:00
[2022-08-21 13:48:03,020] {processor.py:161} INFO - Processing /home/airflow/.local/lib/python3.7/site-packages/airflow/example_dags/tutorial.py took 0.072 seconds
[2022-08-21 13:48:33,943] {processor.py:153} INFO - Started process (PID=3572) to work on /home/airflow/.local/lib/python3.7/site-packages/airflow/example_dags/tutorial.py
[2022-08-21 13:48:33,944] {processor.py:641} INFO - Processing file /home/airflow/.local/lib/python3.7/site-packages/airflow/example_dags/tutorial.py for tasks to queue
[2022-08-21 13:48:33,945] {logging_mixin.py:115} INFO - [2022-08-21 13:48:33,945] {dagbag.py:508} INFO - Filling up the DagBag from /home/airflow/.local/lib/python3.7/site-packages/airflow/example_dags/tutorial.py
[2022-08-21 13:48:33,953] {processor.py:651} INFO - DAG(s) dict_keys(['tutorial']) retrieved from /home/airflow/.local/lib/python3.7/site-packages/airflow/example_dags/tutorial.py
[2022-08-21 13:48:34,002] {logging_mixin.py:115} INFO - [2022-08-21 13:48:34,002] {dag.py:2420} INFO - Sync 1 DAGs
[2022-08-21 13:48:34,037] {logging_mixin.py:115} INFO - [2022-08-21 13:48:34,037] {dag.py:2972} INFO - Setting next_dagrun for tutorial to 2022-08-20T13:48:34.036975+00:00, run_after=2022-08-21T13:48:34.036975+00:00
[2022-08-21 13:48:34,060] {processor.py:161} INFO - Processing /home/airflow/.local/lib/python3.7/site-packages/airflow/example_dags/tutorial.py took 0.122 seconds
[2022-08-21 13:49:04,494] {processor.py:153} INFO - Started process (PID=3634) to work on /home/airflow/.local/lib/python3.7/site-packages/airflow/example_dags/tutorial.py
[2022-08-21 13:49:04,495] {processor.py:641} INFO - Processing file /home/airflow/.local/lib/python3.7/site-packages/airflow/example_dags/tutorial.py for tasks to queue
[2022-08-21 13:49:04,496] {logging_mixin.py:115} INFO - [2022-08-21 13:49:04,496] {dagbag.py:508} INFO - Filling up the DagBag from /home/airflow/.local/lib/python3.7/site-packages/airflow/example_dags/tutorial.py
[2022-08-21 13:49:04,500] {processor.py:651} INFO - DAG(s) dict_keys(['tutorial']) retrieved from /home/airflow/.local/lib/python3.7/site-packages/airflow/example_dags/tutorial.py
[2022-08-21 13:49:04,527] {logging_mixin.py:115} INFO - [2022-08-21 13:49:04,527] {dag.py:2420} INFO - Sync 1 DAGs
[2022-08-21 13:49:04,548] {logging_mixin.py:115} INFO - [2022-08-21 13:49:04,548] {dag.py:2972} INFO - Setting next_dagrun for tutorial to 2022-08-20T13:49:04.548551+00:00, run_after=2022-08-21T13:49:04.548551+00:00
[2022-08-21 13:49:04,568] {processor.py:161} INFO - Processing /home/airflow/.local/lib/python3.7/site-packages/airflow/example_dags/tutorial.py took 0.076 seconds
[2022-08-21 13:49:35,493] {processor.py:153} INFO - Started process (PID=3686) to work on /home/airflow/.local/lib/python3.7/site-packages/airflow/example_dags/tutorial.py
[2022-08-21 13:49:35,494] {processor.py:641} INFO - Processing file /home/airflow/.local/lib/python3.7/site-packages/airflow/example_dags/tutorial.py for tasks to queue
[2022-08-21 13:49:35,495] {logging_mixin.py:115} INFO - [2022-08-21 13:49:35,495] {dagbag.py:508} INFO - Filling up the DagBag from /home/airflow/.local/lib/python3.7/site-packages/airflow/example_dags/tutorial.py
[2022-08-21 13:49:35,500] {processor.py:651} INFO - DAG(s) dict_keys(['tutorial']) retrieved from /home/airflow/.local/lib/python3.7/site-packages/airflow/example_dags/tutorial.py
[2022-08-21 13:49:35,524] {logging_mixin.py:115} INFO - [2022-08-21 13:49:35,524] {dag.py:2420} INFO - Sync 1 DAGs
[2022-08-21 13:49:35,547] {logging_mixin.py:115} INFO - [2022-08-21 13:49:35,547] {dag.py:2972} INFO - Setting next_dagrun for tutorial to 2022-08-20T13:49:35.546753+00:00, run_after=2022-08-21T13:49:35.546753+00:00
[2022-08-21 13:49:35,563] {processor.py:161} INFO - Processing /home/airflow/.local/lib/python3.7/site-packages/airflow/example_dags/tutorial.py took 0.074 seconds
[2022-08-21 13:50:06,482] {processor.py:153} INFO - Started process (PID=3747) to work on /home/airflow/.local/lib/python3.7/site-packages/airflow/example_dags/tutorial.py
[2022-08-21 13:50:06,483] {processor.py:641} INFO - Processing file /home/airflow/.local/lib/python3.7/site-packages/airflow/example_dags/tutorial.py for tasks to queue
[2022-08-21 13:50:06,484] {logging_mixin.py:115} INFO - [2022-08-21 13:50:06,484] {dagbag.py:508} INFO - Filling up the DagBag from /home/airflow/.local/lib/python3.7/site-packages/airflow/example_dags/tutorial.py
[2022-08-21 13:50:06,488] {processor.py:651} INFO - DAG(s) dict_keys(['tutorial']) retrieved from /home/airflow/.local/lib/python3.7/site-packages/airflow/example_dags/tutorial.py
[2022-08-21 13:50:06,513] {logging_mixin.py:115} INFO - [2022-08-21 13:50:06,512] {dag.py:2420} INFO - Sync 1 DAGs
[2022-08-21 13:50:06,533] {logging_mixin.py:115} INFO - [2022-08-21 13:50:06,532] {dag.py:2972} INFO - Setting next_dagrun for tutorial to 2022-08-20T13:50:06.532649+00:00, run_after=2022-08-21T13:50:06.532649+00:00
[2022-08-21 13:50:06,552] {processor.py:161} INFO - Processing /home/airflow/.local/lib/python3.7/site-packages/airflow/example_dags/tutorial.py took 0.073 seconds
[2022-08-21 13:50:36,681] {processor.py:153} INFO - Started process (PID=3809) to work on /home/airflow/.local/lib/python3.7/site-packages/airflow/example_dags/tutorial.py
[2022-08-21 13:50:36,681] {processor.py:641} INFO - Processing file /home/airflow/.local/lib/python3.7/site-packages/airflow/example_dags/tutorial.py for tasks to queue
[2022-08-21 13:50:36,682] {logging_mixin.py:115} INFO - [2022-08-21 13:50:36,682] {dagbag.py:508} INFO - Filling up the DagBag from /home/airflow/.local/lib/python3.7/site-packages/airflow/example_dags/tutorial.py
[2022-08-21 13:50:36,686] {processor.py:651} INFO - DAG(s) dict_keys(['tutorial']) retrieved from /home/airflow/.local/lib/python3.7/site-packages/airflow/example_dags/tutorial.py
[2022-08-21 13:50:36,715] {logging_mixin.py:115} INFO - [2022-08-21 13:50:36,715] {dag.py:2420} INFO - Sync 1 DAGs
[2022-08-21 13:50:36,736] {logging_mixin.py:115} INFO - [2022-08-21 13:50:36,736] {dag.py:2972} INFO - Setting next_dagrun for tutorial to 2022-08-20T13:50:36.736409+00:00, run_after=2022-08-21T13:50:36.736409+00:00
[2022-08-21 13:50:36,756] {processor.py:161} INFO - Processing /home/airflow/.local/lib/python3.7/site-packages/airflow/example_dags/tutorial.py took 0.078 seconds
[2022-08-21 13:51:06,939] {processor.py:153} INFO - Started process (PID=3861) to work on /home/airflow/.local/lib/python3.7/site-packages/airflow/example_dags/tutorial.py
[2022-08-21 13:51:06,940] {processor.py:641} INFO - Processing file /home/airflow/.local/lib/python3.7/site-packages/airflow/example_dags/tutorial.py for tasks to queue
[2022-08-21 13:51:06,941] {logging_mixin.py:115} INFO - [2022-08-21 13:51:06,941] {dagbag.py:508} INFO - Filling up the DagBag from /home/airflow/.local/lib/python3.7/site-packages/airflow/example_dags/tutorial.py
[2022-08-21 13:51:06,947] {processor.py:651} INFO - DAG(s) dict_keys(['tutorial']) retrieved from /home/airflow/.local/lib/python3.7/site-packages/airflow/example_dags/tutorial.py
[2022-08-21 13:51:06,977] {logging_mixin.py:115} INFO - [2022-08-21 13:51:06,977] {dag.py:2420} INFO - Sync 1 DAGs
[2022-08-21 13:51:06,998] {logging_mixin.py:115} INFO - [2022-08-21 13:51:06,998] {dag.py:2972} INFO - Setting next_dagrun for tutorial to 2022-08-20T13:51:06.998211+00:00, run_after=2022-08-21T13:51:06.998211+00:00
[2022-08-21 13:51:07,012] {processor.py:161} INFO - Processing /home/airflow/.local/lib/python3.7/site-packages/airflow/example_dags/tutorial.py took 0.076 seconds
[2022-08-21 13:51:37,061] {processor.py:153} INFO - Started process (PID=3922) to work on /home/airflow/.local/lib/python3.7/site-packages/airflow/example_dags/tutorial.py
[2022-08-21 13:51:37,062] {processor.py:641} INFO - Processing file /home/airflow/.local/lib/python3.7/site-packages/airflow/example_dags/tutorial.py for tasks to queue
[2022-08-21 13:51:37,062] {logging_mixin.py:115} INFO - [2022-08-21 13:51:37,062] {dagbag.py:508} INFO - Filling up the DagBag from /home/airflow/.local/lib/python3.7/site-packages/airflow/example_dags/tutorial.py
[2022-08-21 13:51:37,067] {processor.py:651} INFO - DAG(s) dict_keys(['tutorial']) retrieved from /home/airflow/.local/lib/python3.7/site-packages/airflow/example_dags/tutorial.py
[2022-08-21 13:51:37,091] {logging_mixin.py:115} INFO - [2022-08-21 13:51:37,091] {dag.py:2420} INFO - Sync 1 DAGs
[2022-08-21 13:51:37,112] {logging_mixin.py:115} INFO - [2022-08-21 13:51:37,112] {dag.py:2972} INFO - Setting next_dagrun for tutorial to 2022-08-20T13:51:37.112538+00:00, run_after=2022-08-21T13:51:37.112538+00:00
[2022-08-21 13:51:37,132] {processor.py:161} INFO - Processing /home/airflow/.local/lib/python3.7/site-packages/airflow/example_dags/tutorial.py took 0.073 seconds
[2022-08-21 13:52:07,353] {processor.py:153} INFO - Started process (PID=3983) to work on /home/airflow/.local/lib/python3.7/site-packages/airflow/example_dags/tutorial.py
[2022-08-21 13:52:07,354] {processor.py:641} INFO - Processing file /home/airflow/.local/lib/python3.7/site-packages/airflow/example_dags/tutorial.py for tasks to queue
[2022-08-21 13:52:07,355] {logging_mixin.py:115} INFO - [2022-08-21 13:52:07,355] {dagbag.py:508} INFO - Filling up the DagBag from /home/airflow/.local/lib/python3.7/site-packages/airflow/example_dags/tutorial.py
[2022-08-21 13:52:07,360] {processor.py:651} INFO - DAG(s) dict_keys(['tutorial']) retrieved from /home/airflow/.local/lib/python3.7/site-packages/airflow/example_dags/tutorial.py
[2022-08-21 13:52:07,389] {logging_mixin.py:115} INFO - [2022-08-21 13:52:07,389] {dag.py:2420} INFO - Sync 1 DAGs
[2022-08-21 13:52:07,416] {logging_mixin.py:115} INFO - [2022-08-21 13:52:07,416] {dag.py:2972} INFO - Setting next_dagrun for tutorial to 2022-08-20T13:52:07.416447+00:00, run_after=2022-08-21T13:52:07.416447+00:00
[2022-08-21 13:52:07,431] {processor.py:161} INFO - Processing /home/airflow/.local/lib/python3.7/site-packages/airflow/example_dags/tutorial.py took 0.081 seconds
[2022-08-21 13:52:37,538] {processor.py:153} INFO - Started process (PID=4035) to work on /home/airflow/.local/lib/python3.7/site-packages/airflow/example_dags/tutorial.py
[2022-08-21 13:52:37,539] {processor.py:641} INFO - Processing file /home/airflow/.local/lib/python3.7/site-packages/airflow/example_dags/tutorial.py for tasks to queue
[2022-08-21 13:52:37,540] {logging_mixin.py:115} INFO - [2022-08-21 13:52:37,540] {dagbag.py:508} INFO - Filling up the DagBag from /home/airflow/.local/lib/python3.7/site-packages/airflow/example_dags/tutorial.py
[2022-08-21 13:52:37,545] {processor.py:651} INFO - DAG(s) dict_keys(['tutorial']) retrieved from /home/airflow/.local/lib/python3.7/site-packages/airflow/example_dags/tutorial.py
[2022-08-21 13:52:37,568] {logging_mixin.py:115} INFO - [2022-08-21 13:52:37,568] {dag.py:2420} INFO - Sync 1 DAGs
[2022-08-21 13:52:37,591] {logging_mixin.py:115} INFO - [2022-08-21 13:52:37,591] {dag.py:2972} INFO - Setting next_dagrun for tutorial to 2022-08-20T13:52:37.591070+00:00, run_after=2022-08-21T13:52:37.591070+00:00
[2022-08-21 13:52:37,613] {processor.py:161} INFO - Processing /home/airflow/.local/lib/python3.7/site-packages/airflow/example_dags/tutorial.py took 0.078 seconds
[2022-08-21 13:53:08,122] {processor.py:153} INFO - Started process (PID=4096) to work on /home/airflow/.local/lib/python3.7/site-packages/airflow/example_dags/tutorial.py
[2022-08-21 13:53:08,123] {processor.py:641} INFO - Processing file /home/airflow/.local/lib/python3.7/site-packages/airflow/example_dags/tutorial.py for tasks to queue
[2022-08-21 13:53:08,124] {logging_mixin.py:115} INFO - [2022-08-21 13:53:08,124] {dagbag.py:508} INFO - Filling up the DagBag from /home/airflow/.local/lib/python3.7/site-packages/airflow/example_dags/tutorial.py
[2022-08-21 13:53:08,132] {processor.py:651} INFO - DAG(s) dict_keys(['tutorial']) retrieved from /home/airflow/.local/lib/python3.7/site-packages/airflow/example_dags/tutorial.py
[2022-08-21 13:53:08,156] {logging_mixin.py:115} INFO - [2022-08-21 13:53:08,156] {dag.py:2420} INFO - Sync 1 DAGs
[2022-08-21 13:53:08,179] {logging_mixin.py:115} INFO - [2022-08-21 13:53:08,179] {dag.py:2972} INFO - Setting next_dagrun for tutorial to 2022-08-20T13:53:08.179162+00:00, run_after=2022-08-21T13:53:08.179162+00:00
[2022-08-21 13:53:08,195] {processor.py:161} INFO - Processing /home/airflow/.local/lib/python3.7/site-packages/airflow/example_dags/tutorial.py took 0.075 seconds
[2022-08-21 13:53:39,152] {processor.py:153} INFO - Started process (PID=4157) to work on /home/airflow/.local/lib/python3.7/site-packages/airflow/example_dags/tutorial.py
[2022-08-21 13:53:39,153] {processor.py:641} INFO - Processing file /home/airflow/.local/lib/python3.7/site-packages/airflow/example_dags/tutorial.py for tasks to queue
[2022-08-21 13:53:39,154] {logging_mixin.py:115} INFO - [2022-08-21 13:53:39,153] {dagbag.py:508} INFO - Filling up the DagBag from /home/airflow/.local/lib/python3.7/site-packages/airflow/example_dags/tutorial.py
[2022-08-21 13:53:39,160] {processor.py:651} INFO - DAG(s) dict_keys(['tutorial']) retrieved from /home/airflow/.local/lib/python3.7/site-packages/airflow/example_dags/tutorial.py
[2022-08-21 13:53:39,186] {logging_mixin.py:115} INFO - [2022-08-21 13:53:39,185] {dag.py:2420} INFO - Sync 1 DAGs
[2022-08-21 13:53:39,210] {logging_mixin.py:115} INFO - [2022-08-21 13:53:39,210] {dag.py:2972} INFO - Setting next_dagrun for tutorial to 2022-08-20T13:53:39.210572+00:00, run_after=2022-08-21T13:53:39.210572+00:00
[2022-08-21 13:53:39,229] {processor.py:161} INFO - Processing /home/airflow/.local/lib/python3.7/site-packages/airflow/example_dags/tutorial.py took 0.080 seconds
