[2022-08-21 13:17:58,269] {processor.py:153} INFO - Started process (PID=56) to work on /home/airflow/.local/lib/python3.7/site-packages/airflow/example_dags/tutorial_etl_dag.py
[2022-08-21 13:17:58,270] {processor.py:641} INFO - Processing file /home/airflow/.local/lib/python3.7/site-packages/airflow/example_dags/tutorial_etl_dag.py for tasks to queue
[2022-08-21 13:17:58,271] {logging_mixin.py:115} INFO - [2022-08-21 13:17:58,271] {dagbag.py:508} INFO - Filling up the DagBag from /home/airflow/.local/lib/python3.7/site-packages/airflow/example_dags/tutorial_etl_dag.py
[2022-08-21 13:17:58,278] {processor.py:651} INFO - DAG(s) dict_keys(['tutorial_etl_dag']) retrieved from /home/airflow/.local/lib/python3.7/site-packages/airflow/example_dags/tutorial_etl_dag.py
[2022-08-21 13:17:58,304] {logging_mixin.py:115} INFO - [2022-08-21 13:17:58,304] {dag.py:2420} INFO - Sync 1 DAGs
[2022-08-21 13:17:58,329] {logging_mixin.py:115} INFO - [2022-08-21 13:17:58,329] {dag.py:2972} INFO - Setting next_dagrun for tutorial_etl_dag to None, run_after=None
[2022-08-21 13:17:58,351] {processor.py:161} INFO - Processing /home/airflow/.local/lib/python3.7/site-packages/airflow/example_dags/tutorial_etl_dag.py took 0.086 seconds
[2022-08-21 13:18:29,126] {processor.py:153} INFO - Started process (PID=109) to work on /home/airflow/.local/lib/python3.7/site-packages/airflow/example_dags/tutorial_etl_dag.py
[2022-08-21 13:18:29,127] {processor.py:641} INFO - Processing file /home/airflow/.local/lib/python3.7/site-packages/airflow/example_dags/tutorial_etl_dag.py for tasks to queue
[2022-08-21 13:18:29,128] {logging_mixin.py:115} INFO - [2022-08-21 13:18:29,128] {dagbag.py:508} INFO - Filling up the DagBag from /home/airflow/.local/lib/python3.7/site-packages/airflow/example_dags/tutorial_etl_dag.py
[2022-08-21 13:18:29,134] {processor.py:651} INFO - DAG(s) dict_keys(['tutorial_etl_dag']) retrieved from /home/airflow/.local/lib/python3.7/site-packages/airflow/example_dags/tutorial_etl_dag.py
[2022-08-21 13:18:29,159] {logging_mixin.py:115} INFO - [2022-08-21 13:18:29,159] {dag.py:2420} INFO - Sync 1 DAGs
[2022-08-21 13:18:29,180] {logging_mixin.py:115} INFO - [2022-08-21 13:18:29,180] {dag.py:2972} INFO - Setting next_dagrun for tutorial_etl_dag to None, run_after=None
[2022-08-21 13:18:29,195] {processor.py:161} INFO - Processing /home/airflow/.local/lib/python3.7/site-packages/airflow/example_dags/tutorial_etl_dag.py took 0.072 seconds
[2022-08-21 13:18:59,402] {processor.py:153} INFO - Started process (PID=172) to work on /home/airflow/.local/lib/python3.7/site-packages/airflow/example_dags/tutorial_etl_dag.py
[2022-08-21 13:18:59,402] {processor.py:641} INFO - Processing file /home/airflow/.local/lib/python3.7/site-packages/airflow/example_dags/tutorial_etl_dag.py for tasks to queue
[2022-08-21 13:18:59,403] {logging_mixin.py:115} INFO - [2022-08-21 13:18:59,403] {dagbag.py:508} INFO - Filling up the DagBag from /home/airflow/.local/lib/python3.7/site-packages/airflow/example_dags/tutorial_etl_dag.py
[2022-08-21 13:18:59,412] {processor.py:651} INFO - DAG(s) dict_keys(['tutorial_etl_dag']) retrieved from /home/airflow/.local/lib/python3.7/site-packages/airflow/example_dags/tutorial_etl_dag.py
[2022-08-21 13:18:59,435] {logging_mixin.py:115} INFO - [2022-08-21 13:18:59,434] {dag.py:2420} INFO - Sync 1 DAGs
[2022-08-21 13:18:59,460] {logging_mixin.py:115} INFO - [2022-08-21 13:18:59,460] {dag.py:2972} INFO - Setting next_dagrun for tutorial_etl_dag to None, run_after=None
[2022-08-21 13:18:59,475] {processor.py:161} INFO - Processing /home/airflow/.local/lib/python3.7/site-packages/airflow/example_dags/tutorial_etl_dag.py took 0.076 seconds
[2022-08-21 13:19:29,791] {processor.py:153} INFO - Started process (PID=234) to work on /home/airflow/.local/lib/python3.7/site-packages/airflow/example_dags/tutorial_etl_dag.py
[2022-08-21 13:19:29,791] {processor.py:641} INFO - Processing file /home/airflow/.local/lib/python3.7/site-packages/airflow/example_dags/tutorial_etl_dag.py for tasks to queue
[2022-08-21 13:19:29,792] {logging_mixin.py:115} INFO - [2022-08-21 13:19:29,792] {dagbag.py:508} INFO - Filling up the DagBag from /home/airflow/.local/lib/python3.7/site-packages/airflow/example_dags/tutorial_etl_dag.py
[2022-08-21 13:19:29,798] {processor.py:651} INFO - DAG(s) dict_keys(['tutorial_etl_dag']) retrieved from /home/airflow/.local/lib/python3.7/site-packages/airflow/example_dags/tutorial_etl_dag.py
[2022-08-21 13:19:29,823] {logging_mixin.py:115} INFO - [2022-08-21 13:19:29,823] {dag.py:2420} INFO - Sync 1 DAGs
[2022-08-21 13:19:29,845] {logging_mixin.py:115} INFO - [2022-08-21 13:19:29,845] {dag.py:2972} INFO - Setting next_dagrun for tutorial_etl_dag to None, run_after=None
[2022-08-21 13:19:29,863] {processor.py:161} INFO - Processing /home/airflow/.local/lib/python3.7/site-packages/airflow/example_dags/tutorial_etl_dag.py took 0.077 seconds
[2022-08-21 13:20:00,496] {processor.py:153} INFO - Started process (PID=286) to work on /home/airflow/.local/lib/python3.7/site-packages/airflow/example_dags/tutorial_etl_dag.py
[2022-08-21 13:20:00,497] {processor.py:641} INFO - Processing file /home/airflow/.local/lib/python3.7/site-packages/airflow/example_dags/tutorial_etl_dag.py for tasks to queue
[2022-08-21 13:20:00,497] {logging_mixin.py:115} INFO - [2022-08-21 13:20:00,497] {dagbag.py:508} INFO - Filling up the DagBag from /home/airflow/.local/lib/python3.7/site-packages/airflow/example_dags/tutorial_etl_dag.py
[2022-08-21 13:20:00,505] {processor.py:651} INFO - DAG(s) dict_keys(['tutorial_etl_dag']) retrieved from /home/airflow/.local/lib/python3.7/site-packages/airflow/example_dags/tutorial_etl_dag.py
[2022-08-21 13:20:00,532] {logging_mixin.py:115} INFO - [2022-08-21 13:20:00,531] {dag.py:2420} INFO - Sync 1 DAGs
[2022-08-21 13:20:00,557] {logging_mixin.py:115} INFO - [2022-08-21 13:20:00,557] {dag.py:2972} INFO - Setting next_dagrun for tutorial_etl_dag to None, run_after=None
[2022-08-21 13:20:00,569] {processor.py:161} INFO - Processing /home/airflow/.local/lib/python3.7/site-packages/airflow/example_dags/tutorial_etl_dag.py took 0.075 seconds
[2022-08-21 13:20:30,798] {processor.py:153} INFO - Started process (PID=348) to work on /home/airflow/.local/lib/python3.7/site-packages/airflow/example_dags/tutorial_etl_dag.py
[2022-08-21 13:20:30,799] {processor.py:641} INFO - Processing file /home/airflow/.local/lib/python3.7/site-packages/airflow/example_dags/tutorial_etl_dag.py for tasks to queue
[2022-08-21 13:20:30,800] {logging_mixin.py:115} INFO - [2022-08-21 13:20:30,800] {dagbag.py:508} INFO - Filling up the DagBag from /home/airflow/.local/lib/python3.7/site-packages/airflow/example_dags/tutorial_etl_dag.py
[2022-08-21 13:20:30,807] {processor.py:651} INFO - DAG(s) dict_keys(['tutorial_etl_dag']) retrieved from /home/airflow/.local/lib/python3.7/site-packages/airflow/example_dags/tutorial_etl_dag.py
[2022-08-21 13:20:30,840] {logging_mixin.py:115} INFO - [2022-08-21 13:20:30,840] {dag.py:2420} INFO - Sync 1 DAGs
[2022-08-21 13:20:30,882] {logging_mixin.py:115} INFO - [2022-08-21 13:20:30,881] {dag.py:2972} INFO - Setting next_dagrun for tutorial_etl_dag to None, run_after=None
[2022-08-21 13:20:30,906] {processor.py:161} INFO - Processing /home/airflow/.local/lib/python3.7/site-packages/airflow/example_dags/tutorial_etl_dag.py took 0.112 seconds
[2022-08-21 13:21:01,067] {processor.py:153} INFO - Started process (PID=409) to work on /home/airflow/.local/lib/python3.7/site-packages/airflow/example_dags/tutorial_etl_dag.py
[2022-08-21 13:21:01,068] {processor.py:641} INFO - Processing file /home/airflow/.local/lib/python3.7/site-packages/airflow/example_dags/tutorial_etl_dag.py for tasks to queue
[2022-08-21 13:21:01,069] {logging_mixin.py:115} INFO - [2022-08-21 13:21:01,069] {dagbag.py:508} INFO - Filling up the DagBag from /home/airflow/.local/lib/python3.7/site-packages/airflow/example_dags/tutorial_etl_dag.py
[2022-08-21 13:21:01,078] {processor.py:651} INFO - DAG(s) dict_keys(['tutorial_etl_dag']) retrieved from /home/airflow/.local/lib/python3.7/site-packages/airflow/example_dags/tutorial_etl_dag.py
[2022-08-21 13:21:01,107] {logging_mixin.py:115} INFO - [2022-08-21 13:21:01,107] {dag.py:2420} INFO - Sync 1 DAGs
[2022-08-21 13:21:01,144] {logging_mixin.py:115} INFO - [2022-08-21 13:21:01,144] {dag.py:2972} INFO - Setting next_dagrun for tutorial_etl_dag to None, run_after=None
[2022-08-21 13:21:01,170] {processor.py:161} INFO - Processing /home/airflow/.local/lib/python3.7/site-packages/airflow/example_dags/tutorial_etl_dag.py took 0.108 seconds
[2022-08-21 13:21:31,275] {processor.py:153} INFO - Started process (PID=462) to work on /home/airflow/.local/lib/python3.7/site-packages/airflow/example_dags/tutorial_etl_dag.py
[2022-08-21 13:21:31,275] {processor.py:641} INFO - Processing file /home/airflow/.local/lib/python3.7/site-packages/airflow/example_dags/tutorial_etl_dag.py for tasks to queue
[2022-08-21 13:21:31,276] {logging_mixin.py:115} INFO - [2022-08-21 13:21:31,276] {dagbag.py:508} INFO - Filling up the DagBag from /home/airflow/.local/lib/python3.7/site-packages/airflow/example_dags/tutorial_etl_dag.py
[2022-08-21 13:21:31,283] {processor.py:651} INFO - DAG(s) dict_keys(['tutorial_etl_dag']) retrieved from /home/airflow/.local/lib/python3.7/site-packages/airflow/example_dags/tutorial_etl_dag.py
[2022-08-21 13:21:31,309] {logging_mixin.py:115} INFO - [2022-08-21 13:21:31,309] {dag.py:2420} INFO - Sync 1 DAGs
[2022-08-21 13:21:31,331] {logging_mixin.py:115} INFO - [2022-08-21 13:21:31,331] {dag.py:2972} INFO - Setting next_dagrun for tutorial_etl_dag to None, run_after=None
[2022-08-21 13:21:31,344] {processor.py:161} INFO - Processing /home/airflow/.local/lib/python3.7/site-packages/airflow/example_dags/tutorial_etl_dag.py took 0.076 seconds
[2022-08-21 13:22:01,530] {processor.py:153} INFO - Started process (PID=523) to work on /home/airflow/.local/lib/python3.7/site-packages/airflow/example_dags/tutorial_etl_dag.py
[2022-08-21 13:22:01,531] {processor.py:641} INFO - Processing file /home/airflow/.local/lib/python3.7/site-packages/airflow/example_dags/tutorial_etl_dag.py for tasks to queue
[2022-08-21 13:22:01,531] {logging_mixin.py:115} INFO - [2022-08-21 13:22:01,531] {dagbag.py:508} INFO - Filling up the DagBag from /home/airflow/.local/lib/python3.7/site-packages/airflow/example_dags/tutorial_etl_dag.py
[2022-08-21 13:22:01,537] {processor.py:651} INFO - DAG(s) dict_keys(['tutorial_etl_dag']) retrieved from /home/airflow/.local/lib/python3.7/site-packages/airflow/example_dags/tutorial_etl_dag.py
[2022-08-21 13:22:01,564] {logging_mixin.py:115} INFO - [2022-08-21 13:22:01,563] {dag.py:2420} INFO - Sync 1 DAGs
[2022-08-21 13:22:01,586] {logging_mixin.py:115} INFO - [2022-08-21 13:22:01,586] {dag.py:2972} INFO - Setting next_dagrun for tutorial_etl_dag to None, run_after=None
[2022-08-21 13:22:01,598] {processor.py:161} INFO - Processing /home/airflow/.local/lib/python3.7/site-packages/airflow/example_dags/tutorial_etl_dag.py took 0.071 seconds
[2022-08-21 13:22:31,760] {processor.py:153} INFO - Started process (PID=575) to work on /home/airflow/.local/lib/python3.7/site-packages/airflow/example_dags/tutorial_etl_dag.py
[2022-08-21 13:22:31,760] {processor.py:641} INFO - Processing file /home/airflow/.local/lib/python3.7/site-packages/airflow/example_dags/tutorial_etl_dag.py for tasks to queue
[2022-08-21 13:22:31,761] {logging_mixin.py:115} INFO - [2022-08-21 13:22:31,761] {dagbag.py:508} INFO - Filling up the DagBag from /home/airflow/.local/lib/python3.7/site-packages/airflow/example_dags/tutorial_etl_dag.py
[2022-08-21 13:22:31,770] {processor.py:651} INFO - DAG(s) dict_keys(['tutorial_etl_dag']) retrieved from /home/airflow/.local/lib/python3.7/site-packages/airflow/example_dags/tutorial_etl_dag.py
[2022-08-21 13:22:31,798] {logging_mixin.py:115} INFO - [2022-08-21 13:22:31,798] {dag.py:2420} INFO - Sync 1 DAGs
[2022-08-21 13:22:31,822] {logging_mixin.py:115} INFO - [2022-08-21 13:22:31,822] {dag.py:2972} INFO - Setting next_dagrun for tutorial_etl_dag to None, run_after=None
[2022-08-21 13:22:31,833] {processor.py:161} INFO - Processing /home/airflow/.local/lib/python3.7/site-packages/airflow/example_dags/tutorial_etl_dag.py took 0.076 seconds
[2022-08-21 13:23:02,122] {processor.py:153} INFO - Started process (PID=638) to work on /home/airflow/.local/lib/python3.7/site-packages/airflow/example_dags/tutorial_etl_dag.py
[2022-08-21 13:23:02,123] {processor.py:641} INFO - Processing file /home/airflow/.local/lib/python3.7/site-packages/airflow/example_dags/tutorial_etl_dag.py for tasks to queue
[2022-08-21 13:23:02,124] {logging_mixin.py:115} INFO - [2022-08-21 13:23:02,124] {dagbag.py:508} INFO - Filling up the DagBag from /home/airflow/.local/lib/python3.7/site-packages/airflow/example_dags/tutorial_etl_dag.py
[2022-08-21 13:23:02,130] {processor.py:651} INFO - DAG(s) dict_keys(['tutorial_etl_dag']) retrieved from /home/airflow/.local/lib/python3.7/site-packages/airflow/example_dags/tutorial_etl_dag.py
[2022-08-21 13:23:02,153] {logging_mixin.py:115} INFO - [2022-08-21 13:23:02,153] {dag.py:2420} INFO - Sync 1 DAGs
[2022-08-21 13:23:02,174] {logging_mixin.py:115} INFO - [2022-08-21 13:23:02,174] {dag.py:2972} INFO - Setting next_dagrun for tutorial_etl_dag to None, run_after=None
[2022-08-21 13:23:02,188] {processor.py:161} INFO - Processing /home/airflow/.local/lib/python3.7/site-packages/airflow/example_dags/tutorial_etl_dag.py took 0.069 seconds
[2022-08-21 13:23:33,139] {processor.py:153} INFO - Started process (PID=699) to work on /home/airflow/.local/lib/python3.7/site-packages/airflow/example_dags/tutorial_etl_dag.py
[2022-08-21 13:23:33,140] {processor.py:641} INFO - Processing file /home/airflow/.local/lib/python3.7/site-packages/airflow/example_dags/tutorial_etl_dag.py for tasks to queue
[2022-08-21 13:23:33,141] {logging_mixin.py:115} INFO - [2022-08-21 13:23:33,141] {dagbag.py:508} INFO - Filling up the DagBag from /home/airflow/.local/lib/python3.7/site-packages/airflow/example_dags/tutorial_etl_dag.py
[2022-08-21 13:23:33,148] {processor.py:651} INFO - DAG(s) dict_keys(['tutorial_etl_dag']) retrieved from /home/airflow/.local/lib/python3.7/site-packages/airflow/example_dags/tutorial_etl_dag.py
[2022-08-21 13:23:33,173] {logging_mixin.py:115} INFO - [2022-08-21 13:23:33,173] {dag.py:2420} INFO - Sync 1 DAGs
[2022-08-21 13:23:33,193] {logging_mixin.py:115} INFO - [2022-08-21 13:23:33,193] {dag.py:2972} INFO - Setting next_dagrun for tutorial_etl_dag to None, run_after=None
[2022-08-21 13:23:33,208] {processor.py:161} INFO - Processing /home/airflow/.local/lib/python3.7/site-packages/airflow/example_dags/tutorial_etl_dag.py took 0.072 seconds
[2022-08-21 13:24:03,691] {processor.py:153} INFO - Started process (PID=751) to work on /home/airflow/.local/lib/python3.7/site-packages/airflow/example_dags/tutorial_etl_dag.py
[2022-08-21 13:24:03,693] {processor.py:641} INFO - Processing file /home/airflow/.local/lib/python3.7/site-packages/airflow/example_dags/tutorial_etl_dag.py for tasks to queue
[2022-08-21 13:24:03,694] {logging_mixin.py:115} INFO - [2022-08-21 13:24:03,694] {dagbag.py:508} INFO - Filling up the DagBag from /home/airflow/.local/lib/python3.7/site-packages/airflow/example_dags/tutorial_etl_dag.py
[2022-08-21 13:24:03,705] {processor.py:651} INFO - DAG(s) dict_keys(['tutorial_etl_dag']) retrieved from /home/airflow/.local/lib/python3.7/site-packages/airflow/example_dags/tutorial_etl_dag.py
[2022-08-21 13:24:03,749] {logging_mixin.py:115} INFO - [2022-08-21 13:24:03,747] {dag.py:2420} INFO - Sync 1 DAGs
[2022-08-21 13:24:03,792] {logging_mixin.py:115} INFO - [2022-08-21 13:24:03,792] {dag.py:2972} INFO - Setting next_dagrun for tutorial_etl_dag to None, run_after=None
[2022-08-21 13:24:03,826] {processor.py:161} INFO - Processing /home/airflow/.local/lib/python3.7/site-packages/airflow/example_dags/tutorial_etl_dag.py took 0.138 seconds
[2022-08-21 13:24:33,927] {processor.py:153} INFO - Started process (PID=812) to work on /home/airflow/.local/lib/python3.7/site-packages/airflow/example_dags/tutorial_etl_dag.py
[2022-08-21 13:24:33,928] {processor.py:641} INFO - Processing file /home/airflow/.local/lib/python3.7/site-packages/airflow/example_dags/tutorial_etl_dag.py for tasks to queue
[2022-08-21 13:24:33,929] {logging_mixin.py:115} INFO - [2022-08-21 13:24:33,929] {dagbag.py:508} INFO - Filling up the DagBag from /home/airflow/.local/lib/python3.7/site-packages/airflow/example_dags/tutorial_etl_dag.py
[2022-08-21 13:24:33,940] {processor.py:651} INFO - DAG(s) dict_keys(['tutorial_etl_dag']) retrieved from /home/airflow/.local/lib/python3.7/site-packages/airflow/example_dags/tutorial_etl_dag.py
[2022-08-21 13:24:34,006] {logging_mixin.py:115} INFO - [2022-08-21 13:24:34,006] {dag.py:2420} INFO - Sync 1 DAGs
[2022-08-21 13:24:34,038] {logging_mixin.py:115} INFO - [2022-08-21 13:24:34,038] {dag.py:2972} INFO - Setting next_dagrun for tutorial_etl_dag to None, run_after=None
[2022-08-21 13:24:34,060] {processor.py:161} INFO - Processing /home/airflow/.local/lib/python3.7/site-packages/airflow/example_dags/tutorial_etl_dag.py took 0.136 seconds
[2022-08-21 13:25:04,208] {processor.py:153} INFO - Started process (PID=871) to work on /home/airflow/.local/lib/python3.7/site-packages/airflow/example_dags/tutorial_etl_dag.py
[2022-08-21 13:25:04,209] {processor.py:641} INFO - Processing file /home/airflow/.local/lib/python3.7/site-packages/airflow/example_dags/tutorial_etl_dag.py for tasks to queue
[2022-08-21 13:25:04,209] {logging_mixin.py:115} INFO - [2022-08-21 13:25:04,209] {dagbag.py:508} INFO - Filling up the DagBag from /home/airflow/.local/lib/python3.7/site-packages/airflow/example_dags/tutorial_etl_dag.py
[2022-08-21 13:25:04,217] {processor.py:651} INFO - DAG(s) dict_keys(['tutorial_etl_dag']) retrieved from /home/airflow/.local/lib/python3.7/site-packages/airflow/example_dags/tutorial_etl_dag.py
[2022-08-21 13:25:04,242] {logging_mixin.py:115} INFO - [2022-08-21 13:25:04,242] {dag.py:2420} INFO - Sync 1 DAGs
[2022-08-21 13:25:04,271] {logging_mixin.py:115} INFO - [2022-08-21 13:25:04,271] {dag.py:2972} INFO - Setting next_dagrun for tutorial_etl_dag to None, run_after=None
[2022-08-21 13:25:04,285] {processor.py:161} INFO - Processing /home/airflow/.local/lib/python3.7/site-packages/airflow/example_dags/tutorial_etl_dag.py took 0.080 seconds
[2022-08-21 13:25:34,491] {processor.py:153} INFO - Started process (PID=926) to work on /home/airflow/.local/lib/python3.7/site-packages/airflow/example_dags/tutorial_etl_dag.py
[2022-08-21 13:25:34,492] {processor.py:641} INFO - Processing file /home/airflow/.local/lib/python3.7/site-packages/airflow/example_dags/tutorial_etl_dag.py for tasks to queue
[2022-08-21 13:25:34,493] {logging_mixin.py:115} INFO - [2022-08-21 13:25:34,493] {dagbag.py:508} INFO - Filling up the DagBag from /home/airflow/.local/lib/python3.7/site-packages/airflow/example_dags/tutorial_etl_dag.py
[2022-08-21 13:25:34,498] {processor.py:651} INFO - DAG(s) dict_keys(['tutorial_etl_dag']) retrieved from /home/airflow/.local/lib/python3.7/site-packages/airflow/example_dags/tutorial_etl_dag.py
[2022-08-21 13:25:34,523] {logging_mixin.py:115} INFO - [2022-08-21 13:25:34,523] {dag.py:2420} INFO - Sync 1 DAGs
[2022-08-21 13:25:34,546] {logging_mixin.py:115} INFO - [2022-08-21 13:25:34,546] {dag.py:2972} INFO - Setting next_dagrun for tutorial_etl_dag to None, run_after=None
[2022-08-21 13:25:34,564] {processor.py:161} INFO - Processing /home/airflow/.local/lib/python3.7/site-packages/airflow/example_dags/tutorial_etl_dag.py took 0.075 seconds
[2022-08-21 13:26:04,687] {processor.py:153} INFO - Started process (PID=987) to work on /home/airflow/.local/lib/python3.7/site-packages/airflow/example_dags/tutorial_etl_dag.py
[2022-08-21 13:26:04,688] {processor.py:641} INFO - Processing file /home/airflow/.local/lib/python3.7/site-packages/airflow/example_dags/tutorial_etl_dag.py for tasks to queue
[2022-08-21 13:26:04,689] {logging_mixin.py:115} INFO - [2022-08-21 13:26:04,689] {dagbag.py:508} INFO - Filling up the DagBag from /home/airflow/.local/lib/python3.7/site-packages/airflow/example_dags/tutorial_etl_dag.py
[2022-08-21 13:26:04,697] {processor.py:651} INFO - DAG(s) dict_keys(['tutorial_etl_dag']) retrieved from /home/airflow/.local/lib/python3.7/site-packages/airflow/example_dags/tutorial_etl_dag.py
[2022-08-21 13:26:04,723] {logging_mixin.py:115} INFO - [2022-08-21 13:26:04,723] {dag.py:2420} INFO - Sync 1 DAGs
[2022-08-21 13:26:04,744] {logging_mixin.py:115} INFO - [2022-08-21 13:26:04,744] {dag.py:2972} INFO - Setting next_dagrun for tutorial_etl_dag to None, run_after=None
[2022-08-21 13:26:04,764] {processor.py:161} INFO - Processing /home/airflow/.local/lib/python3.7/site-packages/airflow/example_dags/tutorial_etl_dag.py took 0.080 seconds
[2022-08-21 13:26:34,794] {processor.py:153} INFO - Started process (PID=1039) to work on /home/airflow/.local/lib/python3.7/site-packages/airflow/example_dags/tutorial_etl_dag.py
[2022-08-21 13:26:34,795] {processor.py:641} INFO - Processing file /home/airflow/.local/lib/python3.7/site-packages/airflow/example_dags/tutorial_etl_dag.py for tasks to queue
[2022-08-21 13:26:34,796] {logging_mixin.py:115} INFO - [2022-08-21 13:26:34,796] {dagbag.py:508} INFO - Filling up the DagBag from /home/airflow/.local/lib/python3.7/site-packages/airflow/example_dags/tutorial_etl_dag.py
[2022-08-21 13:26:34,802] {processor.py:651} INFO - DAG(s) dict_keys(['tutorial_etl_dag']) retrieved from /home/airflow/.local/lib/python3.7/site-packages/airflow/example_dags/tutorial_etl_dag.py
[2022-08-21 13:26:34,828] {logging_mixin.py:115} INFO - [2022-08-21 13:26:34,827] {dag.py:2420} INFO - Sync 1 DAGs
[2022-08-21 13:26:34,848] {logging_mixin.py:115} INFO - [2022-08-21 13:26:34,848] {dag.py:2972} INFO - Setting next_dagrun for tutorial_etl_dag to None, run_after=None
[2022-08-21 13:26:34,861] {processor.py:161} INFO - Processing /home/airflow/.local/lib/python3.7/site-packages/airflow/example_dags/tutorial_etl_dag.py took 0.069 seconds
[2022-08-21 13:27:05,040] {processor.py:153} INFO - Started process (PID=1100) to work on /home/airflow/.local/lib/python3.7/site-packages/airflow/example_dags/tutorial_etl_dag.py
[2022-08-21 13:27:05,041] {processor.py:641} INFO - Processing file /home/airflow/.local/lib/python3.7/site-packages/airflow/example_dags/tutorial_etl_dag.py for tasks to queue
[2022-08-21 13:27:05,042] {logging_mixin.py:115} INFO - [2022-08-21 13:27:05,042] {dagbag.py:508} INFO - Filling up the DagBag from /home/airflow/.local/lib/python3.7/site-packages/airflow/example_dags/tutorial_etl_dag.py
[2022-08-21 13:27:05,050] {processor.py:651} INFO - DAG(s) dict_keys(['tutorial_etl_dag']) retrieved from /home/airflow/.local/lib/python3.7/site-packages/airflow/example_dags/tutorial_etl_dag.py
[2022-08-21 13:27:05,080] {logging_mixin.py:115} INFO - [2022-08-21 13:27:05,080] {dag.py:2420} INFO - Sync 1 DAGs
[2022-08-21 13:27:05,107] {logging_mixin.py:115} INFO - [2022-08-21 13:27:05,107] {dag.py:2972} INFO - Setting next_dagrun for tutorial_etl_dag to None, run_after=None
[2022-08-21 13:27:05,119] {processor.py:161} INFO - Processing /home/airflow/.local/lib/python3.7/site-packages/airflow/example_dags/tutorial_etl_dag.py took 0.083 seconds
[2022-08-21 13:27:35,235] {processor.py:153} INFO - Started process (PID=1162) to work on /home/airflow/.local/lib/python3.7/site-packages/airflow/example_dags/tutorial_etl_dag.py
[2022-08-21 13:27:35,236] {processor.py:641} INFO - Processing file /home/airflow/.local/lib/python3.7/site-packages/airflow/example_dags/tutorial_etl_dag.py for tasks to queue
[2022-08-21 13:27:35,236] {logging_mixin.py:115} INFO - [2022-08-21 13:27:35,236] {dagbag.py:508} INFO - Filling up the DagBag from /home/airflow/.local/lib/python3.7/site-packages/airflow/example_dags/tutorial_etl_dag.py
[2022-08-21 13:27:35,242] {processor.py:651} INFO - DAG(s) dict_keys(['tutorial_etl_dag']) retrieved from /home/airflow/.local/lib/python3.7/site-packages/airflow/example_dags/tutorial_etl_dag.py
[2022-08-21 13:27:35,268] {logging_mixin.py:115} INFO - [2022-08-21 13:27:35,268] {dag.py:2420} INFO - Sync 1 DAGs
[2022-08-21 13:27:35,291] {logging_mixin.py:115} INFO - [2022-08-21 13:27:35,291] {dag.py:2972} INFO - Setting next_dagrun for tutorial_etl_dag to None, run_after=None
[2022-08-21 13:27:35,307] {processor.py:161} INFO - Processing /home/airflow/.local/lib/python3.7/site-packages/airflow/example_dags/tutorial_etl_dag.py took 0.079 seconds
[2022-08-21 13:28:06,287] {processor.py:153} INFO - Started process (PID=1214) to work on /home/airflow/.local/lib/python3.7/site-packages/airflow/example_dags/tutorial_etl_dag.py
[2022-08-21 13:28:06,288] {processor.py:641} INFO - Processing file /home/airflow/.local/lib/python3.7/site-packages/airflow/example_dags/tutorial_etl_dag.py for tasks to queue
[2022-08-21 13:28:06,289] {logging_mixin.py:115} INFO - [2022-08-21 13:28:06,288] {dagbag.py:508} INFO - Filling up the DagBag from /home/airflow/.local/lib/python3.7/site-packages/airflow/example_dags/tutorial_etl_dag.py
[2022-08-21 13:28:06,296] {processor.py:651} INFO - DAG(s) dict_keys(['tutorial_etl_dag']) retrieved from /home/airflow/.local/lib/python3.7/site-packages/airflow/example_dags/tutorial_etl_dag.py
[2022-08-21 13:28:06,320] {logging_mixin.py:115} INFO - [2022-08-21 13:28:06,320] {dag.py:2420} INFO - Sync 1 DAGs
[2022-08-21 13:28:06,344] {logging_mixin.py:115} INFO - [2022-08-21 13:28:06,344] {dag.py:2972} INFO - Setting next_dagrun for tutorial_etl_dag to None, run_after=None
[2022-08-21 13:28:06,356] {processor.py:161} INFO - Processing /home/airflow/.local/lib/python3.7/site-packages/airflow/example_dags/tutorial_etl_dag.py took 0.072 seconds
[2022-08-21 13:28:37,031] {processor.py:153} INFO - Started process (PID=1276) to work on /home/airflow/.local/lib/python3.7/site-packages/airflow/example_dags/tutorial_etl_dag.py
[2022-08-21 13:28:37,032] {processor.py:641} INFO - Processing file /home/airflow/.local/lib/python3.7/site-packages/airflow/example_dags/tutorial_etl_dag.py for tasks to queue
[2022-08-21 13:28:37,032] {logging_mixin.py:115} INFO - [2022-08-21 13:28:37,032] {dagbag.py:508} INFO - Filling up the DagBag from /home/airflow/.local/lib/python3.7/site-packages/airflow/example_dags/tutorial_etl_dag.py
[2022-08-21 13:28:37,038] {processor.py:651} INFO - DAG(s) dict_keys(['tutorial_etl_dag']) retrieved from /home/airflow/.local/lib/python3.7/site-packages/airflow/example_dags/tutorial_etl_dag.py
[2022-08-21 13:28:37,061] {logging_mixin.py:115} INFO - [2022-08-21 13:28:37,061] {dag.py:2420} INFO - Sync 1 DAGs
[2022-08-21 13:28:37,082] {logging_mixin.py:115} INFO - [2022-08-21 13:28:37,082] {dag.py:2972} INFO - Setting next_dagrun for tutorial_etl_dag to None, run_after=None
[2022-08-21 13:28:37,099] {processor.py:161} INFO - Processing /home/airflow/.local/lib/python3.7/site-packages/airflow/example_dags/tutorial_etl_dag.py took 0.071 seconds
[2022-08-21 13:29:08,043] {processor.py:153} INFO - Started process (PID=1337) to work on /home/airflow/.local/lib/python3.7/site-packages/airflow/example_dags/tutorial_etl_dag.py
[2022-08-21 13:29:08,044] {processor.py:641} INFO - Processing file /home/airflow/.local/lib/python3.7/site-packages/airflow/example_dags/tutorial_etl_dag.py for tasks to queue
[2022-08-21 13:29:08,045] {logging_mixin.py:115} INFO - [2022-08-21 13:29:08,045] {dagbag.py:508} INFO - Filling up the DagBag from /home/airflow/.local/lib/python3.7/site-packages/airflow/example_dags/tutorial_etl_dag.py
[2022-08-21 13:29:08,053] {processor.py:651} INFO - DAG(s) dict_keys(['tutorial_etl_dag']) retrieved from /home/airflow/.local/lib/python3.7/site-packages/airflow/example_dags/tutorial_etl_dag.py
[2022-08-21 13:29:08,084] {logging_mixin.py:115} INFO - [2022-08-21 13:29:08,083] {dag.py:2420} INFO - Sync 1 DAGs
[2022-08-21 13:29:08,109] {logging_mixin.py:115} INFO - [2022-08-21 13:29:08,108] {dag.py:2972} INFO - Setting next_dagrun for tutorial_etl_dag to None, run_after=None
[2022-08-21 13:29:08,123] {processor.py:161} INFO - Processing /home/airflow/.local/lib/python3.7/site-packages/airflow/example_dags/tutorial_etl_dag.py took 0.085 seconds
[2022-08-21 13:29:38,869] {processor.py:153} INFO - Started process (PID=1398) to work on /home/airflow/.local/lib/python3.7/site-packages/airflow/example_dags/tutorial_etl_dag.py
[2022-08-21 13:29:38,870] {processor.py:641} INFO - Processing file /home/airflow/.local/lib/python3.7/site-packages/airflow/example_dags/tutorial_etl_dag.py for tasks to queue
[2022-08-21 13:29:38,871] {logging_mixin.py:115} INFO - [2022-08-21 13:29:38,871] {dagbag.py:508} INFO - Filling up the DagBag from /home/airflow/.local/lib/python3.7/site-packages/airflow/example_dags/tutorial_etl_dag.py
[2022-08-21 13:29:38,883] {processor.py:651} INFO - DAG(s) dict_keys(['tutorial_etl_dag']) retrieved from /home/airflow/.local/lib/python3.7/site-packages/airflow/example_dags/tutorial_etl_dag.py
[2022-08-21 13:29:38,917] {logging_mixin.py:115} INFO - [2022-08-21 13:29:38,917] {dag.py:2420} INFO - Sync 1 DAGs
[2022-08-21 13:29:38,946] {logging_mixin.py:115} INFO - [2022-08-21 13:29:38,946] {dag.py:2972} INFO - Setting next_dagrun for tutorial_etl_dag to None, run_after=None
[2022-08-21 13:29:38,968] {processor.py:161} INFO - Processing /home/airflow/.local/lib/python3.7/site-packages/airflow/example_dags/tutorial_etl_dag.py took 0.102 seconds
[2022-08-21 13:30:09,818] {processor.py:153} INFO - Started process (PID=1450) to work on /home/airflow/.local/lib/python3.7/site-packages/airflow/example_dags/tutorial_etl_dag.py
[2022-08-21 13:30:09,819] {processor.py:641} INFO - Processing file /home/airflow/.local/lib/python3.7/site-packages/airflow/example_dags/tutorial_etl_dag.py for tasks to queue
[2022-08-21 13:30:09,820] {logging_mixin.py:115} INFO - [2022-08-21 13:30:09,820] {dagbag.py:508} INFO - Filling up the DagBag from /home/airflow/.local/lib/python3.7/site-packages/airflow/example_dags/tutorial_etl_dag.py
[2022-08-21 13:30:09,826] {processor.py:651} INFO - DAG(s) dict_keys(['tutorial_etl_dag']) retrieved from /home/airflow/.local/lib/python3.7/site-packages/airflow/example_dags/tutorial_etl_dag.py
[2022-08-21 13:30:09,850] {logging_mixin.py:115} INFO - [2022-08-21 13:30:09,850] {dag.py:2420} INFO - Sync 1 DAGs
[2022-08-21 13:30:09,872] {logging_mixin.py:115} INFO - [2022-08-21 13:30:09,872] {dag.py:2972} INFO - Setting next_dagrun for tutorial_etl_dag to None, run_after=None
[2022-08-21 13:30:09,886] {processor.py:161} INFO - Processing /home/airflow/.local/lib/python3.7/site-packages/airflow/example_dags/tutorial_etl_dag.py took 0.070 seconds
[2022-08-21 13:30:39,997] {processor.py:153} INFO - Started process (PID=1512) to work on /home/airflow/.local/lib/python3.7/site-packages/airflow/example_dags/tutorial_etl_dag.py
[2022-08-21 13:30:39,998] {processor.py:641} INFO - Processing file /home/airflow/.local/lib/python3.7/site-packages/airflow/example_dags/tutorial_etl_dag.py for tasks to queue
[2022-08-21 13:30:39,999] {logging_mixin.py:115} INFO - [2022-08-21 13:30:39,999] {dagbag.py:508} INFO - Filling up the DagBag from /home/airflow/.local/lib/python3.7/site-packages/airflow/example_dags/tutorial_etl_dag.py
[2022-08-21 13:30:40,008] {processor.py:651} INFO - DAG(s) dict_keys(['tutorial_etl_dag']) retrieved from /home/airflow/.local/lib/python3.7/site-packages/airflow/example_dags/tutorial_etl_dag.py
[2022-08-21 13:30:40,044] {logging_mixin.py:115} INFO - [2022-08-21 13:30:40,043] {dag.py:2420} INFO - Sync 1 DAGs
[2022-08-21 13:30:40,080] {logging_mixin.py:115} INFO - [2022-08-21 13:30:40,080] {dag.py:2972} INFO - Setting next_dagrun for tutorial_etl_dag to None, run_after=None
[2022-08-21 13:30:40,103] {processor.py:161} INFO - Processing /home/airflow/.local/lib/python3.7/site-packages/airflow/example_dags/tutorial_etl_dag.py took 0.111 seconds
[2022-08-21 13:31:10,250] {processor.py:153} INFO - Started process (PID=1571) to work on /home/airflow/.local/lib/python3.7/site-packages/airflow/example_dags/tutorial_etl_dag.py
[2022-08-21 13:31:10,251] {processor.py:641} INFO - Processing file /home/airflow/.local/lib/python3.7/site-packages/airflow/example_dags/tutorial_etl_dag.py for tasks to queue
[2022-08-21 13:31:10,252] {logging_mixin.py:115} INFO - [2022-08-21 13:31:10,252] {dagbag.py:508} INFO - Filling up the DagBag from /home/airflow/.local/lib/python3.7/site-packages/airflow/example_dags/tutorial_etl_dag.py
[2022-08-21 13:31:10,259] {processor.py:651} INFO - DAG(s) dict_keys(['tutorial_etl_dag']) retrieved from /home/airflow/.local/lib/python3.7/site-packages/airflow/example_dags/tutorial_etl_dag.py
[2022-08-21 13:31:10,292] {logging_mixin.py:115} INFO - [2022-08-21 13:31:10,292] {dag.py:2420} INFO - Sync 1 DAGs
[2022-08-21 13:31:10,323] {logging_mixin.py:115} INFO - [2022-08-21 13:31:10,323] {dag.py:2972} INFO - Setting next_dagrun for tutorial_etl_dag to None, run_after=None
[2022-08-21 13:31:10,339] {processor.py:161} INFO - Processing /home/airflow/.local/lib/python3.7/site-packages/airflow/example_dags/tutorial_etl_dag.py took 0.093 seconds
[2022-08-21 13:31:40,412] {processor.py:153} INFO - Started process (PID=1625) to work on /home/airflow/.local/lib/python3.7/site-packages/airflow/example_dags/tutorial_etl_dag.py
[2022-08-21 13:31:40,413] {processor.py:641} INFO - Processing file /home/airflow/.local/lib/python3.7/site-packages/airflow/example_dags/tutorial_etl_dag.py for tasks to queue
[2022-08-21 13:31:40,414] {logging_mixin.py:115} INFO - [2022-08-21 13:31:40,414] {dagbag.py:508} INFO - Filling up the DagBag from /home/airflow/.local/lib/python3.7/site-packages/airflow/example_dags/tutorial_etl_dag.py
[2022-08-21 13:31:40,420] {processor.py:651} INFO - DAG(s) dict_keys(['tutorial_etl_dag']) retrieved from /home/airflow/.local/lib/python3.7/site-packages/airflow/example_dags/tutorial_etl_dag.py
[2022-08-21 13:31:40,445] {logging_mixin.py:115} INFO - [2022-08-21 13:31:40,445] {dag.py:2420} INFO - Sync 1 DAGs
[2022-08-21 13:31:40,470] {logging_mixin.py:115} INFO - [2022-08-21 13:31:40,470] {dag.py:2972} INFO - Setting next_dagrun for tutorial_etl_dag to None, run_after=None
[2022-08-21 13:31:40,485] {processor.py:161} INFO - Processing /home/airflow/.local/lib/python3.7/site-packages/airflow/example_dags/tutorial_etl_dag.py took 0.076 seconds
[2022-08-21 13:32:11,390] {processor.py:153} INFO - Started process (PID=1687) to work on /home/airflow/.local/lib/python3.7/site-packages/airflow/example_dags/tutorial_etl_dag.py
[2022-08-21 13:32:11,391] {processor.py:641} INFO - Processing file /home/airflow/.local/lib/python3.7/site-packages/airflow/example_dags/tutorial_etl_dag.py for tasks to queue
[2022-08-21 13:32:11,392] {logging_mixin.py:115} INFO - [2022-08-21 13:32:11,392] {dagbag.py:508} INFO - Filling up the DagBag from /home/airflow/.local/lib/python3.7/site-packages/airflow/example_dags/tutorial_etl_dag.py
[2022-08-21 13:32:11,402] {processor.py:651} INFO - DAG(s) dict_keys(['tutorial_etl_dag']) retrieved from /home/airflow/.local/lib/python3.7/site-packages/airflow/example_dags/tutorial_etl_dag.py
[2022-08-21 13:32:11,432] {logging_mixin.py:115} INFO - [2022-08-21 13:32:11,432] {dag.py:2420} INFO - Sync 1 DAGs
[2022-08-21 13:32:11,459] {logging_mixin.py:115} INFO - [2022-08-21 13:32:11,459] {dag.py:2972} INFO - Setting next_dagrun for tutorial_etl_dag to None, run_after=None
[2022-08-21 13:32:11,475] {processor.py:161} INFO - Processing /home/airflow/.local/lib/python3.7/site-packages/airflow/example_dags/tutorial_etl_dag.py took 0.088 seconds
[2022-08-21 13:32:42,252] {processor.py:153} INFO - Started process (PID=1746) to work on /home/airflow/.local/lib/python3.7/site-packages/airflow/example_dags/tutorial_etl_dag.py
[2022-08-21 13:32:42,253] {processor.py:641} INFO - Processing file /home/airflow/.local/lib/python3.7/site-packages/airflow/example_dags/tutorial_etl_dag.py for tasks to queue
[2022-08-21 13:32:42,253] {logging_mixin.py:115} INFO - [2022-08-21 13:32:42,253] {dagbag.py:508} INFO - Filling up the DagBag from /home/airflow/.local/lib/python3.7/site-packages/airflow/example_dags/tutorial_etl_dag.py
[2022-08-21 13:32:42,260] {processor.py:651} INFO - DAG(s) dict_keys(['tutorial_etl_dag']) retrieved from /home/airflow/.local/lib/python3.7/site-packages/airflow/example_dags/tutorial_etl_dag.py
[2022-08-21 13:32:42,289] {logging_mixin.py:115} INFO - [2022-08-21 13:32:42,289] {dag.py:2420} INFO - Sync 1 DAGs
[2022-08-21 13:32:42,312] {logging_mixin.py:115} INFO - [2022-08-21 13:32:42,312] {dag.py:2972} INFO - Setting next_dagrun for tutorial_etl_dag to None, run_after=None
[2022-08-21 13:32:42,325] {processor.py:161} INFO - Processing /home/airflow/.local/lib/python3.7/site-packages/airflow/example_dags/tutorial_etl_dag.py took 0.075 seconds
[2022-08-21 13:33:13,201] {processor.py:153} INFO - Started process (PID=1801) to work on /home/airflow/.local/lib/python3.7/site-packages/airflow/example_dags/tutorial_etl_dag.py
[2022-08-21 13:33:13,202] {processor.py:641} INFO - Processing file /home/airflow/.local/lib/python3.7/site-packages/airflow/example_dags/tutorial_etl_dag.py for tasks to queue
[2022-08-21 13:33:13,202] {logging_mixin.py:115} INFO - [2022-08-21 13:33:13,202] {dagbag.py:508} INFO - Filling up the DagBag from /home/airflow/.local/lib/python3.7/site-packages/airflow/example_dags/tutorial_etl_dag.py
[2022-08-21 13:33:13,209] {processor.py:651} INFO - DAG(s) dict_keys(['tutorial_etl_dag']) retrieved from /home/airflow/.local/lib/python3.7/site-packages/airflow/example_dags/tutorial_etl_dag.py
[2022-08-21 13:33:13,232] {logging_mixin.py:115} INFO - [2022-08-21 13:33:13,232] {dag.py:2420} INFO - Sync 1 DAGs
[2022-08-21 13:33:13,255] {logging_mixin.py:115} INFO - [2022-08-21 13:33:13,254] {dag.py:2972} INFO - Setting next_dagrun for tutorial_etl_dag to None, run_after=None
[2022-08-21 13:33:13,267] {processor.py:161} INFO - Processing /home/airflow/.local/lib/python3.7/site-packages/airflow/example_dags/tutorial_etl_dag.py took 0.069 seconds
[2022-08-21 13:33:44,059] {processor.py:153} INFO - Started process (PID=1862) to work on /home/airflow/.local/lib/python3.7/site-packages/airflow/example_dags/tutorial_etl_dag.py
[2022-08-21 13:33:44,060] {processor.py:641} INFO - Processing file /home/airflow/.local/lib/python3.7/site-packages/airflow/example_dags/tutorial_etl_dag.py for tasks to queue
[2022-08-21 13:33:44,061] {logging_mixin.py:115} INFO - [2022-08-21 13:33:44,061] {dagbag.py:508} INFO - Filling up the DagBag from /home/airflow/.local/lib/python3.7/site-packages/airflow/example_dags/tutorial_etl_dag.py
[2022-08-21 13:33:44,067] {processor.py:651} INFO - DAG(s) dict_keys(['tutorial_etl_dag']) retrieved from /home/airflow/.local/lib/python3.7/site-packages/airflow/example_dags/tutorial_etl_dag.py
[2022-08-21 13:33:44,089] {logging_mixin.py:115} INFO - [2022-08-21 13:33:44,089] {dag.py:2420} INFO - Sync 1 DAGs
[2022-08-21 13:33:44,109] {logging_mixin.py:115} INFO - [2022-08-21 13:33:44,109] {dag.py:2972} INFO - Setting next_dagrun for tutorial_etl_dag to None, run_after=None
[2022-08-21 13:33:44,121] {processor.py:161} INFO - Processing /home/airflow/.local/lib/python3.7/site-packages/airflow/example_dags/tutorial_etl_dag.py took 0.065 seconds
[2022-08-21 13:34:14,978] {processor.py:153} INFO - Started process (PID=1923) to work on /home/airflow/.local/lib/python3.7/site-packages/airflow/example_dags/tutorial_etl_dag.py
[2022-08-21 13:34:14,980] {processor.py:641} INFO - Processing file /home/airflow/.local/lib/python3.7/site-packages/airflow/example_dags/tutorial_etl_dag.py for tasks to queue
[2022-08-21 13:34:14,981] {logging_mixin.py:115} INFO - [2022-08-21 13:34:14,980] {dagbag.py:508} INFO - Filling up the DagBag from /home/airflow/.local/lib/python3.7/site-packages/airflow/example_dags/tutorial_etl_dag.py
[2022-08-21 13:34:14,990] {processor.py:651} INFO - DAG(s) dict_keys(['tutorial_etl_dag']) retrieved from /home/airflow/.local/lib/python3.7/site-packages/airflow/example_dags/tutorial_etl_dag.py
[2022-08-21 13:34:15,028] {logging_mixin.py:115} INFO - [2022-08-21 13:34:15,028] {dag.py:2420} INFO - Sync 1 DAGs
[2022-08-21 13:34:15,063] {logging_mixin.py:115} INFO - [2022-08-21 13:34:15,063] {dag.py:2972} INFO - Setting next_dagrun for tutorial_etl_dag to None, run_after=None
[2022-08-21 13:34:15,090] {processor.py:161} INFO - Processing /home/airflow/.local/lib/python3.7/site-packages/airflow/example_dags/tutorial_etl_dag.py took 0.117 seconds
[2022-08-21 13:34:45,185] {processor.py:153} INFO - Started process (PID=1975) to work on /home/airflow/.local/lib/python3.7/site-packages/airflow/example_dags/tutorial_etl_dag.py
[2022-08-21 13:34:45,186] {processor.py:641} INFO - Processing file /home/airflow/.local/lib/python3.7/site-packages/airflow/example_dags/tutorial_etl_dag.py for tasks to queue
[2022-08-21 13:34:45,187] {logging_mixin.py:115} INFO - [2022-08-21 13:34:45,187] {dagbag.py:508} INFO - Filling up the DagBag from /home/airflow/.local/lib/python3.7/site-packages/airflow/example_dags/tutorial_etl_dag.py
[2022-08-21 13:34:45,194] {processor.py:651} INFO - DAG(s) dict_keys(['tutorial_etl_dag']) retrieved from /home/airflow/.local/lib/python3.7/site-packages/airflow/example_dags/tutorial_etl_dag.py
[2022-08-21 13:34:45,219] {logging_mixin.py:115} INFO - [2022-08-21 13:34:45,219] {dag.py:2420} INFO - Sync 1 DAGs
[2022-08-21 13:34:45,238] {logging_mixin.py:115} INFO - [2022-08-21 13:34:45,238] {dag.py:2972} INFO - Setting next_dagrun for tutorial_etl_dag to None, run_after=None
[2022-08-21 13:34:45,255] {processor.py:161} INFO - Processing /home/airflow/.local/lib/python3.7/site-packages/airflow/example_dags/tutorial_etl_dag.py took 0.073 seconds
[2022-08-21 13:35:16,285] {processor.py:153} INFO - Started process (PID=2036) to work on /home/airflow/.local/lib/python3.7/site-packages/airflow/example_dags/tutorial_etl_dag.py
[2022-08-21 13:35:16,286] {processor.py:641} INFO - Processing file /home/airflow/.local/lib/python3.7/site-packages/airflow/example_dags/tutorial_etl_dag.py for tasks to queue
[2022-08-21 13:35:16,287] {logging_mixin.py:115} INFO - [2022-08-21 13:35:16,287] {dagbag.py:508} INFO - Filling up the DagBag from /home/airflow/.local/lib/python3.7/site-packages/airflow/example_dags/tutorial_etl_dag.py
[2022-08-21 13:35:16,293] {processor.py:651} INFO - DAG(s) dict_keys(['tutorial_etl_dag']) retrieved from /home/airflow/.local/lib/python3.7/site-packages/airflow/example_dags/tutorial_etl_dag.py
[2022-08-21 13:35:16,318] {logging_mixin.py:115} INFO - [2022-08-21 13:35:16,318] {dag.py:2420} INFO - Sync 1 DAGs
[2022-08-21 13:35:16,339] {logging_mixin.py:115} INFO - [2022-08-21 13:35:16,339] {dag.py:2972} INFO - Setting next_dagrun for tutorial_etl_dag to None, run_after=None
[2022-08-21 13:35:16,352] {processor.py:161} INFO - Processing /home/airflow/.local/lib/python3.7/site-packages/airflow/example_dags/tutorial_etl_dag.py took 0.069 seconds
[2022-08-21 13:35:47,260] {processor.py:153} INFO - Started process (PID=2097) to work on /home/airflow/.local/lib/python3.7/site-packages/airflow/example_dags/tutorial_etl_dag.py
[2022-08-21 13:35:47,261] {processor.py:641} INFO - Processing file /home/airflow/.local/lib/python3.7/site-packages/airflow/example_dags/tutorial_etl_dag.py for tasks to queue
[2022-08-21 13:35:47,262] {logging_mixin.py:115} INFO - [2022-08-21 13:35:47,262] {dagbag.py:508} INFO - Filling up the DagBag from /home/airflow/.local/lib/python3.7/site-packages/airflow/example_dags/tutorial_etl_dag.py
[2022-08-21 13:35:47,269] {processor.py:651} INFO - DAG(s) dict_keys(['tutorial_etl_dag']) retrieved from /home/airflow/.local/lib/python3.7/site-packages/airflow/example_dags/tutorial_etl_dag.py
[2022-08-21 13:35:47,293] {logging_mixin.py:115} INFO - [2022-08-21 13:35:47,293] {dag.py:2420} INFO - Sync 1 DAGs
[2022-08-21 13:35:47,312] {logging_mixin.py:115} INFO - [2022-08-21 13:35:47,312] {dag.py:2972} INFO - Setting next_dagrun for tutorial_etl_dag to None, run_after=None
[2022-08-21 13:35:47,332] {processor.py:161} INFO - Processing /home/airflow/.local/lib/python3.7/site-packages/airflow/example_dags/tutorial_etl_dag.py took 0.075 seconds
[2022-08-21 13:36:18,190] {processor.py:153} INFO - Started process (PID=2149) to work on /home/airflow/.local/lib/python3.7/site-packages/airflow/example_dags/tutorial_etl_dag.py
[2022-08-21 13:36:18,191] {processor.py:641} INFO - Processing file /home/airflow/.local/lib/python3.7/site-packages/airflow/example_dags/tutorial_etl_dag.py for tasks to queue
[2022-08-21 13:36:18,192] {logging_mixin.py:115} INFO - [2022-08-21 13:36:18,192] {dagbag.py:508} INFO - Filling up the DagBag from /home/airflow/.local/lib/python3.7/site-packages/airflow/example_dags/tutorial_etl_dag.py
[2022-08-21 13:36:18,199] {processor.py:651} INFO - DAG(s) dict_keys(['tutorial_etl_dag']) retrieved from /home/airflow/.local/lib/python3.7/site-packages/airflow/example_dags/tutorial_etl_dag.py
[2022-08-21 13:36:18,223] {logging_mixin.py:115} INFO - [2022-08-21 13:36:18,223] {dag.py:2420} INFO - Sync 1 DAGs
[2022-08-21 13:36:18,244] {logging_mixin.py:115} INFO - [2022-08-21 13:36:18,244] {dag.py:2972} INFO - Setting next_dagrun for tutorial_etl_dag to None, run_after=None
[2022-08-21 13:36:18,257] {processor.py:161} INFO - Processing /home/airflow/.local/lib/python3.7/site-packages/airflow/example_dags/tutorial_etl_dag.py took 0.072 seconds
[2022-08-21 13:36:49,136] {processor.py:153} INFO - Started process (PID=2211) to work on /home/airflow/.local/lib/python3.7/site-packages/airflow/example_dags/tutorial_etl_dag.py
[2022-08-21 13:36:49,137] {processor.py:641} INFO - Processing file /home/airflow/.local/lib/python3.7/site-packages/airflow/example_dags/tutorial_etl_dag.py for tasks to queue
[2022-08-21 13:36:49,138] {logging_mixin.py:115} INFO - [2022-08-21 13:36:49,138] {dagbag.py:508} INFO - Filling up the DagBag from /home/airflow/.local/lib/python3.7/site-packages/airflow/example_dags/tutorial_etl_dag.py
[2022-08-21 13:36:49,146] {processor.py:651} INFO - DAG(s) dict_keys(['tutorial_etl_dag']) retrieved from /home/airflow/.local/lib/python3.7/site-packages/airflow/example_dags/tutorial_etl_dag.py
[2022-08-21 13:36:49,172] {logging_mixin.py:115} INFO - [2022-08-21 13:36:49,172] {dag.py:2420} INFO - Sync 1 DAGs
[2022-08-21 13:36:49,199] {logging_mixin.py:115} INFO - [2022-08-21 13:36:49,199] {dag.py:2972} INFO - Setting next_dagrun for tutorial_etl_dag to None, run_after=None
[2022-08-21 13:36:49,213] {processor.py:161} INFO - Processing /home/airflow/.local/lib/python3.7/site-packages/airflow/example_dags/tutorial_etl_dag.py took 0.080 seconds
[2022-08-21 13:37:19,907] {processor.py:153} INFO - Started process (PID=2273) to work on /home/airflow/.local/lib/python3.7/site-packages/airflow/example_dags/tutorial_etl_dag.py
[2022-08-21 13:37:19,908] {processor.py:641} INFO - Processing file /home/airflow/.local/lib/python3.7/site-packages/airflow/example_dags/tutorial_etl_dag.py for tasks to queue
[2022-08-21 13:37:19,909] {logging_mixin.py:115} INFO - [2022-08-21 13:37:19,909] {dagbag.py:508} INFO - Filling up the DagBag from /home/airflow/.local/lib/python3.7/site-packages/airflow/example_dags/tutorial_etl_dag.py
[2022-08-21 13:37:19,919] {processor.py:651} INFO - DAG(s) dict_keys(['tutorial_etl_dag']) retrieved from /home/airflow/.local/lib/python3.7/site-packages/airflow/example_dags/tutorial_etl_dag.py
[2022-08-21 13:37:19,947] {logging_mixin.py:115} INFO - [2022-08-21 13:37:19,947] {dag.py:2420} INFO - Sync 1 DAGs
[2022-08-21 13:37:19,979] {logging_mixin.py:115} INFO - [2022-08-21 13:37:19,979] {dag.py:2972} INFO - Setting next_dagrun for tutorial_etl_dag to None, run_after=None
[2022-08-21 13:37:19,997] {processor.py:161} INFO - Processing /home/airflow/.local/lib/python3.7/site-packages/airflow/example_dags/tutorial_etl_dag.py took 0.093 seconds
[2022-08-21 13:37:50,656] {processor.py:153} INFO - Started process (PID=2325) to work on /home/airflow/.local/lib/python3.7/site-packages/airflow/example_dags/tutorial_etl_dag.py
[2022-08-21 13:37:50,657] {processor.py:641} INFO - Processing file /home/airflow/.local/lib/python3.7/site-packages/airflow/example_dags/tutorial_etl_dag.py for tasks to queue
[2022-08-21 13:37:50,658] {logging_mixin.py:115} INFO - [2022-08-21 13:37:50,658] {dagbag.py:508} INFO - Filling up the DagBag from /home/airflow/.local/lib/python3.7/site-packages/airflow/example_dags/tutorial_etl_dag.py
[2022-08-21 13:37:50,664] {processor.py:651} INFO - DAG(s) dict_keys(['tutorial_etl_dag']) retrieved from /home/airflow/.local/lib/python3.7/site-packages/airflow/example_dags/tutorial_etl_dag.py
[2022-08-21 13:37:50,693] {logging_mixin.py:115} INFO - [2022-08-21 13:37:50,693] {dag.py:2420} INFO - Sync 1 DAGs
[2022-08-21 13:37:50,731] {logging_mixin.py:115} INFO - [2022-08-21 13:37:50,731] {dag.py:2972} INFO - Setting next_dagrun for tutorial_etl_dag to None, run_after=None
[2022-08-21 13:37:50,744] {processor.py:161} INFO - Processing /home/airflow/.local/lib/python3.7/site-packages/airflow/example_dags/tutorial_etl_dag.py took 0.091 seconds
[2022-08-21 13:38:21,629] {processor.py:153} INFO - Started process (PID=2386) to work on /home/airflow/.local/lib/python3.7/site-packages/airflow/example_dags/tutorial_etl_dag.py
[2022-08-21 13:38:21,630] {processor.py:641} INFO - Processing file /home/airflow/.local/lib/python3.7/site-packages/airflow/example_dags/tutorial_etl_dag.py for tasks to queue
[2022-08-21 13:38:21,631] {logging_mixin.py:115} INFO - [2022-08-21 13:38:21,631] {dagbag.py:508} INFO - Filling up the DagBag from /home/airflow/.local/lib/python3.7/site-packages/airflow/example_dags/tutorial_etl_dag.py
[2022-08-21 13:38:21,637] {processor.py:651} INFO - DAG(s) dict_keys(['tutorial_etl_dag']) retrieved from /home/airflow/.local/lib/python3.7/site-packages/airflow/example_dags/tutorial_etl_dag.py
[2022-08-21 13:38:21,660] {logging_mixin.py:115} INFO - [2022-08-21 13:38:21,660] {dag.py:2420} INFO - Sync 1 DAGs
[2022-08-21 13:38:21,683] {logging_mixin.py:115} INFO - [2022-08-21 13:38:21,682] {dag.py:2972} INFO - Setting next_dagrun for tutorial_etl_dag to None, run_after=None
[2022-08-21 13:38:21,696] {processor.py:161} INFO - Processing /home/airflow/.local/lib/python3.7/site-packages/airflow/example_dags/tutorial_etl_dag.py took 0.070 seconds
[2022-08-21 13:38:52,535] {processor.py:153} INFO - Started process (PID=2447) to work on /home/airflow/.local/lib/python3.7/site-packages/airflow/example_dags/tutorial_etl_dag.py
[2022-08-21 13:38:52,536] {processor.py:641} INFO - Processing file /home/airflow/.local/lib/python3.7/site-packages/airflow/example_dags/tutorial_etl_dag.py for tasks to queue
[2022-08-21 13:38:52,538] {logging_mixin.py:115} INFO - [2022-08-21 13:38:52,538] {dagbag.py:508} INFO - Filling up the DagBag from /home/airflow/.local/lib/python3.7/site-packages/airflow/example_dags/tutorial_etl_dag.py
[2022-08-21 13:38:52,545] {processor.py:651} INFO - DAG(s) dict_keys(['tutorial_etl_dag']) retrieved from /home/airflow/.local/lib/python3.7/site-packages/airflow/example_dags/tutorial_etl_dag.py
[2022-08-21 13:38:52,579] {logging_mixin.py:115} INFO - [2022-08-21 13:38:52,579] {dag.py:2420} INFO - Sync 1 DAGs
[2022-08-21 13:38:52,607] {logging_mixin.py:115} INFO - [2022-08-21 13:38:52,607] {dag.py:2972} INFO - Setting next_dagrun for tutorial_etl_dag to None, run_after=None
[2022-08-21 13:38:52,623] {processor.py:161} INFO - Processing /home/airflow/.local/lib/python3.7/site-packages/airflow/example_dags/tutorial_etl_dag.py took 0.091 seconds
[2022-08-21 13:39:22,854] {processor.py:153} INFO - Started process (PID=2506) to work on /home/airflow/.local/lib/python3.7/site-packages/airflow/example_dags/tutorial_etl_dag.py
[2022-08-21 13:39:22,854] {processor.py:641} INFO - Processing file /home/airflow/.local/lib/python3.7/site-packages/airflow/example_dags/tutorial_etl_dag.py for tasks to queue
[2022-08-21 13:39:22,855] {logging_mixin.py:115} INFO - [2022-08-21 13:39:22,855] {dagbag.py:508} INFO - Filling up the DagBag from /home/airflow/.local/lib/python3.7/site-packages/airflow/example_dags/tutorial_etl_dag.py
[2022-08-21 13:39:22,862] {processor.py:651} INFO - DAG(s) dict_keys(['tutorial_etl_dag']) retrieved from /home/airflow/.local/lib/python3.7/site-packages/airflow/example_dags/tutorial_etl_dag.py
[2022-08-21 13:39:22,890] {logging_mixin.py:115} INFO - [2022-08-21 13:39:22,890] {dag.py:2420} INFO - Sync 1 DAGs
[2022-08-21 13:39:22,918] {logging_mixin.py:115} INFO - [2022-08-21 13:39:22,918] {dag.py:2972} INFO - Setting next_dagrun for tutorial_etl_dag to None, run_after=None
[2022-08-21 13:39:22,939] {processor.py:161} INFO - Processing /home/airflow/.local/lib/python3.7/site-packages/airflow/example_dags/tutorial_etl_dag.py took 0.089 seconds
[2022-08-21 13:39:53,732] {processor.py:153} INFO - Started process (PID=2562) to work on /home/airflow/.local/lib/python3.7/site-packages/airflow/example_dags/tutorial_etl_dag.py
[2022-08-21 13:39:53,733] {processor.py:641} INFO - Processing file /home/airflow/.local/lib/python3.7/site-packages/airflow/example_dags/tutorial_etl_dag.py for tasks to queue
[2022-08-21 13:39:53,734] {logging_mixin.py:115} INFO - [2022-08-21 13:39:53,734] {dagbag.py:508} INFO - Filling up the DagBag from /home/airflow/.local/lib/python3.7/site-packages/airflow/example_dags/tutorial_etl_dag.py
[2022-08-21 13:39:53,741] {processor.py:651} INFO - DAG(s) dict_keys(['tutorial_etl_dag']) retrieved from /home/airflow/.local/lib/python3.7/site-packages/airflow/example_dags/tutorial_etl_dag.py
[2022-08-21 13:39:53,766] {logging_mixin.py:115} INFO - [2022-08-21 13:39:53,766] {dag.py:2420} INFO - Sync 1 DAGs
[2022-08-21 13:39:53,785] {logging_mixin.py:115} INFO - [2022-08-21 13:39:53,785] {dag.py:2972} INFO - Setting next_dagrun for tutorial_etl_dag to None, run_after=None
[2022-08-21 13:39:53,803] {processor.py:161} INFO - Processing /home/airflow/.local/lib/python3.7/site-packages/airflow/example_dags/tutorial_etl_dag.py took 0.075 seconds
[2022-08-21 13:40:23,918] {processor.py:153} INFO - Started process (PID=2638) to work on /home/airflow/.local/lib/python3.7/site-packages/airflow/example_dags/tutorial_etl_dag.py
[2022-08-21 13:40:23,918] {processor.py:641} INFO - Processing file /home/airflow/.local/lib/python3.7/site-packages/airflow/example_dags/tutorial_etl_dag.py for tasks to queue
[2022-08-21 13:40:23,919] {logging_mixin.py:115} INFO - [2022-08-21 13:40:23,919] {dagbag.py:508} INFO - Filling up the DagBag from /home/airflow/.local/lib/python3.7/site-packages/airflow/example_dags/tutorial_etl_dag.py
[2022-08-21 13:40:23,925] {processor.py:651} INFO - DAG(s) dict_keys(['tutorial_etl_dag']) retrieved from /home/airflow/.local/lib/python3.7/site-packages/airflow/example_dags/tutorial_etl_dag.py
[2022-08-21 13:40:23,949] {logging_mixin.py:115} INFO - [2022-08-21 13:40:23,949] {dag.py:2420} INFO - Sync 1 DAGs
[2022-08-21 13:40:23,970] {logging_mixin.py:115} INFO - [2022-08-21 13:40:23,970] {dag.py:2972} INFO - Setting next_dagrun for tutorial_etl_dag to None, run_after=None
[2022-08-21 13:40:23,988] {processor.py:161} INFO - Processing /home/airflow/.local/lib/python3.7/site-packages/airflow/example_dags/tutorial_etl_dag.py took 0.073 seconds
[2022-08-21 13:40:54,086] {processor.py:153} INFO - Started process (PID=2691) to work on /home/airflow/.local/lib/python3.7/site-packages/airflow/example_dags/tutorial_etl_dag.py
[2022-08-21 13:40:54,086] {processor.py:641} INFO - Processing file /home/airflow/.local/lib/python3.7/site-packages/airflow/example_dags/tutorial_etl_dag.py for tasks to queue
[2022-08-21 13:40:54,088] {logging_mixin.py:115} INFO - [2022-08-21 13:40:54,087] {dagbag.py:508} INFO - Filling up the DagBag from /home/airflow/.local/lib/python3.7/site-packages/airflow/example_dags/tutorial_etl_dag.py
[2022-08-21 13:40:54,097] {processor.py:651} INFO - DAG(s) dict_keys(['tutorial_etl_dag']) retrieved from /home/airflow/.local/lib/python3.7/site-packages/airflow/example_dags/tutorial_etl_dag.py
[2022-08-21 13:40:54,123] {logging_mixin.py:115} INFO - [2022-08-21 13:40:54,123] {dag.py:2420} INFO - Sync 1 DAGs
[2022-08-21 13:40:54,145] {logging_mixin.py:115} INFO - [2022-08-21 13:40:54,145] {dag.py:2972} INFO - Setting next_dagrun for tutorial_etl_dag to None, run_after=None
[2022-08-21 13:40:54,162] {processor.py:161} INFO - Processing /home/airflow/.local/lib/python3.7/site-packages/airflow/example_dags/tutorial_etl_dag.py took 0.079 seconds
[2022-08-21 13:41:24,363] {processor.py:153} INFO - Started process (PID=2756) to work on /home/airflow/.local/lib/python3.7/site-packages/airflow/example_dags/tutorial_etl_dag.py
[2022-08-21 13:41:24,364] {processor.py:641} INFO - Processing file /home/airflow/.local/lib/python3.7/site-packages/airflow/example_dags/tutorial_etl_dag.py for tasks to queue
[2022-08-21 13:41:24,364] {logging_mixin.py:115} INFO - [2022-08-21 13:41:24,364] {dagbag.py:508} INFO - Filling up the DagBag from /home/airflow/.local/lib/python3.7/site-packages/airflow/example_dags/tutorial_etl_dag.py
[2022-08-21 13:41:24,370] {processor.py:651} INFO - DAG(s) dict_keys(['tutorial_etl_dag']) retrieved from /home/airflow/.local/lib/python3.7/site-packages/airflow/example_dags/tutorial_etl_dag.py
[2022-08-21 13:41:24,394] {logging_mixin.py:115} INFO - [2022-08-21 13:41:24,394] {dag.py:2420} INFO - Sync 1 DAGs
[2022-08-21 13:41:24,416] {logging_mixin.py:115} INFO - [2022-08-21 13:41:24,416] {dag.py:2972} INFO - Setting next_dagrun for tutorial_etl_dag to None, run_after=None
[2022-08-21 13:41:24,434] {processor.py:161} INFO - Processing /home/airflow/.local/lib/python3.7/site-packages/airflow/example_dags/tutorial_etl_dag.py took 0.073 seconds
[2022-08-21 13:41:54,536] {processor.py:153} INFO - Started process (PID=2817) to work on /home/airflow/.local/lib/python3.7/site-packages/airflow/example_dags/tutorial_etl_dag.py
[2022-08-21 13:41:54,537] {processor.py:641} INFO - Processing file /home/airflow/.local/lib/python3.7/site-packages/airflow/example_dags/tutorial_etl_dag.py for tasks to queue
[2022-08-21 13:41:54,538] {logging_mixin.py:115} INFO - [2022-08-21 13:41:54,538] {dagbag.py:508} INFO - Filling up the DagBag from /home/airflow/.local/lib/python3.7/site-packages/airflow/example_dags/tutorial_etl_dag.py
[2022-08-21 13:41:54,547] {processor.py:651} INFO - DAG(s) dict_keys(['tutorial_etl_dag']) retrieved from /home/airflow/.local/lib/python3.7/site-packages/airflow/example_dags/tutorial_etl_dag.py
[2022-08-21 13:41:54,587] {logging_mixin.py:115} INFO - [2022-08-21 13:41:54,587] {dag.py:2420} INFO - Sync 1 DAGs
[2022-08-21 13:41:54,623] {logging_mixin.py:115} INFO - [2022-08-21 13:41:54,622] {dag.py:2972} INFO - Setting next_dagrun for tutorial_etl_dag to None, run_after=None
[2022-08-21 13:41:54,641] {processor.py:161} INFO - Processing /home/airflow/.local/lib/python3.7/site-packages/airflow/example_dags/tutorial_etl_dag.py took 0.111 seconds
[2022-08-21 13:42:25,384] {processor.py:153} INFO - Started process (PID=2869) to work on /home/airflow/.local/lib/python3.7/site-packages/airflow/example_dags/tutorial_etl_dag.py
[2022-08-21 13:42:25,385] {processor.py:641} INFO - Processing file /home/airflow/.local/lib/python3.7/site-packages/airflow/example_dags/tutorial_etl_dag.py for tasks to queue
[2022-08-21 13:42:25,386] {logging_mixin.py:115} INFO - [2022-08-21 13:42:25,386] {dagbag.py:508} INFO - Filling up the DagBag from /home/airflow/.local/lib/python3.7/site-packages/airflow/example_dags/tutorial_etl_dag.py
[2022-08-21 13:42:25,393] {processor.py:651} INFO - DAG(s) dict_keys(['tutorial_etl_dag']) retrieved from /home/airflow/.local/lib/python3.7/site-packages/airflow/example_dags/tutorial_etl_dag.py
[2022-08-21 13:42:25,417] {logging_mixin.py:115} INFO - [2022-08-21 13:42:25,417] {dag.py:2420} INFO - Sync 1 DAGs
[2022-08-21 13:42:25,442] {logging_mixin.py:115} INFO - [2022-08-21 13:42:25,441] {dag.py:2972} INFO - Setting next_dagrun for tutorial_etl_dag to None, run_after=None
[2022-08-21 13:42:25,457] {processor.py:161} INFO - Processing /home/airflow/.local/lib/python3.7/site-packages/airflow/example_dags/tutorial_etl_dag.py took 0.075 seconds
[2022-08-21 13:42:56,362] {processor.py:153} INFO - Started process (PID=2930) to work on /home/airflow/.local/lib/python3.7/site-packages/airflow/example_dags/tutorial_etl_dag.py
[2022-08-21 13:42:56,362] {processor.py:641} INFO - Processing file /home/airflow/.local/lib/python3.7/site-packages/airflow/example_dags/tutorial_etl_dag.py for tasks to queue
[2022-08-21 13:42:56,363] {logging_mixin.py:115} INFO - [2022-08-21 13:42:56,363] {dagbag.py:508} INFO - Filling up the DagBag from /home/airflow/.local/lib/python3.7/site-packages/airflow/example_dags/tutorial_etl_dag.py
[2022-08-21 13:42:56,370] {processor.py:651} INFO - DAG(s) dict_keys(['tutorial_etl_dag']) retrieved from /home/airflow/.local/lib/python3.7/site-packages/airflow/example_dags/tutorial_etl_dag.py
[2022-08-21 13:42:56,395] {logging_mixin.py:115} INFO - [2022-08-21 13:42:56,395] {dag.py:2420} INFO - Sync 1 DAGs
[2022-08-21 13:42:56,419] {logging_mixin.py:115} INFO - [2022-08-21 13:42:56,419] {dag.py:2972} INFO - Setting next_dagrun for tutorial_etl_dag to None, run_after=None
[2022-08-21 13:42:56,434] {processor.py:161} INFO - Processing /home/airflow/.local/lib/python3.7/site-packages/airflow/example_dags/tutorial_etl_dag.py took 0.075 seconds
[2022-08-21 13:43:26,671] {processor.py:153} INFO - Started process (PID=2991) to work on /home/airflow/.local/lib/python3.7/site-packages/airflow/example_dags/tutorial_etl_dag.py
[2022-08-21 13:43:26,672] {processor.py:641} INFO - Processing file /home/airflow/.local/lib/python3.7/site-packages/airflow/example_dags/tutorial_etl_dag.py for tasks to queue
[2022-08-21 13:43:26,673] {logging_mixin.py:115} INFO - [2022-08-21 13:43:26,673] {dagbag.py:508} INFO - Filling up the DagBag from /home/airflow/.local/lib/python3.7/site-packages/airflow/example_dags/tutorial_etl_dag.py
[2022-08-21 13:43:26,681] {processor.py:651} INFO - DAG(s) dict_keys(['tutorial_etl_dag']) retrieved from /home/airflow/.local/lib/python3.7/site-packages/airflow/example_dags/tutorial_etl_dag.py
[2022-08-21 13:43:26,711] {logging_mixin.py:115} INFO - [2022-08-21 13:43:26,711] {dag.py:2420} INFO - Sync 1 DAGs
[2022-08-21 13:43:26,740] {logging_mixin.py:115} INFO - [2022-08-21 13:43:26,740] {dag.py:2972} INFO - Setting next_dagrun for tutorial_etl_dag to None, run_after=None
[2022-08-21 13:43:26,758] {processor.py:161} INFO - Processing /home/airflow/.local/lib/python3.7/site-packages/airflow/example_dags/tutorial_etl_dag.py took 0.093 seconds
[2022-08-21 13:43:57,009] {processor.py:153} INFO - Started process (PID=3043) to work on /home/airflow/.local/lib/python3.7/site-packages/airflow/example_dags/tutorial_etl_dag.py
[2022-08-21 13:43:57,010] {processor.py:641} INFO - Processing file /home/airflow/.local/lib/python3.7/site-packages/airflow/example_dags/tutorial_etl_dag.py for tasks to queue
[2022-08-21 13:43:57,010] {logging_mixin.py:115} INFO - [2022-08-21 13:43:57,010] {dagbag.py:508} INFO - Filling up the DagBag from /home/airflow/.local/lib/python3.7/site-packages/airflow/example_dags/tutorial_etl_dag.py
[2022-08-21 13:43:57,017] {processor.py:651} INFO - DAG(s) dict_keys(['tutorial_etl_dag']) retrieved from /home/airflow/.local/lib/python3.7/site-packages/airflow/example_dags/tutorial_etl_dag.py
[2022-08-21 13:43:57,043] {logging_mixin.py:115} INFO - [2022-08-21 13:43:57,043] {dag.py:2420} INFO - Sync 1 DAGs
[2022-08-21 13:43:57,069] {logging_mixin.py:115} INFO - [2022-08-21 13:43:57,069] {dag.py:2972} INFO - Setting next_dagrun for tutorial_etl_dag to None, run_after=None
[2022-08-21 13:43:57,083] {processor.py:161} INFO - Processing /home/airflow/.local/lib/python3.7/site-packages/airflow/example_dags/tutorial_etl_dag.py took 0.076 seconds
[2022-08-21 13:44:27,955] {processor.py:153} INFO - Started process (PID=3104) to work on /home/airflow/.local/lib/python3.7/site-packages/airflow/example_dags/tutorial_etl_dag.py
[2022-08-21 13:44:27,956] {processor.py:641} INFO - Processing file /home/airflow/.local/lib/python3.7/site-packages/airflow/example_dags/tutorial_etl_dag.py for tasks to queue
[2022-08-21 13:44:27,957] {logging_mixin.py:115} INFO - [2022-08-21 13:44:27,957] {dagbag.py:508} INFO - Filling up the DagBag from /home/airflow/.local/lib/python3.7/site-packages/airflow/example_dags/tutorial_etl_dag.py
[2022-08-21 13:44:27,963] {processor.py:651} INFO - DAG(s) dict_keys(['tutorial_etl_dag']) retrieved from /home/airflow/.local/lib/python3.7/site-packages/airflow/example_dags/tutorial_etl_dag.py
[2022-08-21 13:44:27,988] {logging_mixin.py:115} INFO - [2022-08-21 13:44:27,988] {dag.py:2420} INFO - Sync 1 DAGs
[2022-08-21 13:44:28,010] {logging_mixin.py:115} INFO - [2022-08-21 13:44:28,009] {dag.py:2972} INFO - Setting next_dagrun for tutorial_etl_dag to None, run_after=None
[2022-08-21 13:44:28,026] {processor.py:161} INFO - Processing /home/airflow/.local/lib/python3.7/site-packages/airflow/example_dags/tutorial_etl_dag.py took 0.074 seconds
[2022-08-21 13:44:58,864] {processor.py:153} INFO - Started process (PID=3165) to work on /home/airflow/.local/lib/python3.7/site-packages/airflow/example_dags/tutorial_etl_dag.py
[2022-08-21 13:44:58,865] {processor.py:641} INFO - Processing file /home/airflow/.local/lib/python3.7/site-packages/airflow/example_dags/tutorial_etl_dag.py for tasks to queue
[2022-08-21 13:44:58,865] {logging_mixin.py:115} INFO - [2022-08-21 13:44:58,865] {dagbag.py:508} INFO - Filling up the DagBag from /home/airflow/.local/lib/python3.7/site-packages/airflow/example_dags/tutorial_etl_dag.py
[2022-08-21 13:44:58,874] {processor.py:651} INFO - DAG(s) dict_keys(['tutorial_etl_dag']) retrieved from /home/airflow/.local/lib/python3.7/site-packages/airflow/example_dags/tutorial_etl_dag.py
[2022-08-21 13:44:58,901] {logging_mixin.py:115} INFO - [2022-08-21 13:44:58,901] {dag.py:2420} INFO - Sync 1 DAGs
[2022-08-21 13:44:58,929] {logging_mixin.py:115} INFO - [2022-08-21 13:44:58,929] {dag.py:2972} INFO - Setting next_dagrun for tutorial_etl_dag to None, run_after=None
[2022-08-21 13:44:58,945] {processor.py:161} INFO - Processing /home/airflow/.local/lib/python3.7/site-packages/airflow/example_dags/tutorial_etl_dag.py took 0.085 seconds
[2022-08-21 13:45:29,769] {processor.py:153} INFO - Started process (PID=3217) to work on /home/airflow/.local/lib/python3.7/site-packages/airflow/example_dags/tutorial_etl_dag.py
[2022-08-21 13:45:29,770] {processor.py:641} INFO - Processing file /home/airflow/.local/lib/python3.7/site-packages/airflow/example_dags/tutorial_etl_dag.py for tasks to queue
[2022-08-21 13:45:29,771] {logging_mixin.py:115} INFO - [2022-08-21 13:45:29,770] {dagbag.py:508} INFO - Filling up the DagBag from /home/airflow/.local/lib/python3.7/site-packages/airflow/example_dags/tutorial_etl_dag.py
[2022-08-21 13:45:29,779] {processor.py:651} INFO - DAG(s) dict_keys(['tutorial_etl_dag']) retrieved from /home/airflow/.local/lib/python3.7/site-packages/airflow/example_dags/tutorial_etl_dag.py
[2022-08-21 13:45:29,805] {logging_mixin.py:115} INFO - [2022-08-21 13:45:29,805] {dag.py:2420} INFO - Sync 1 DAGs
[2022-08-21 13:45:29,831] {logging_mixin.py:115} INFO - [2022-08-21 13:45:29,831] {dag.py:2972} INFO - Setting next_dagrun for tutorial_etl_dag to None, run_after=None
[2022-08-21 13:45:29,852] {processor.py:161} INFO - Processing /home/airflow/.local/lib/python3.7/site-packages/airflow/example_dags/tutorial_etl_dag.py took 0.087 seconds
[2022-08-21 13:45:59,928] {processor.py:153} INFO - Started process (PID=3278) to work on /home/airflow/.local/lib/python3.7/site-packages/airflow/example_dags/tutorial_etl_dag.py
[2022-08-21 13:45:59,929] {processor.py:641} INFO - Processing file /home/airflow/.local/lib/python3.7/site-packages/airflow/example_dags/tutorial_etl_dag.py for tasks to queue
[2022-08-21 13:45:59,930] {logging_mixin.py:115} INFO - [2022-08-21 13:45:59,930] {dagbag.py:508} INFO - Filling up the DagBag from /home/airflow/.local/lib/python3.7/site-packages/airflow/example_dags/tutorial_etl_dag.py
[2022-08-21 13:45:59,940] {processor.py:651} INFO - DAG(s) dict_keys(['tutorial_etl_dag']) retrieved from /home/airflow/.local/lib/python3.7/site-packages/airflow/example_dags/tutorial_etl_dag.py
[2022-08-21 13:45:59,975] {logging_mixin.py:115} INFO - [2022-08-21 13:45:59,975] {dag.py:2420} INFO - Sync 1 DAGs
[2022-08-21 13:46:00,005] {logging_mixin.py:115} INFO - [2022-08-21 13:46:00,005] {dag.py:2972} INFO - Setting next_dagrun for tutorial_etl_dag to None, run_after=None
[2022-08-21 13:46:00,031] {processor.py:161} INFO - Processing /home/airflow/.local/lib/python3.7/site-packages/airflow/example_dags/tutorial_etl_dag.py took 0.106 seconds
[2022-08-21 13:46:30,898] {processor.py:153} INFO - Started process (PID=3330) to work on /home/airflow/.local/lib/python3.7/site-packages/airflow/example_dags/tutorial_etl_dag.py
[2022-08-21 13:46:30,899] {processor.py:641} INFO - Processing file /home/airflow/.local/lib/python3.7/site-packages/airflow/example_dags/tutorial_etl_dag.py for tasks to queue
[2022-08-21 13:46:30,899] {logging_mixin.py:115} INFO - [2022-08-21 13:46:30,899] {dagbag.py:508} INFO - Filling up the DagBag from /home/airflow/.local/lib/python3.7/site-packages/airflow/example_dags/tutorial_etl_dag.py
[2022-08-21 13:46:30,909] {processor.py:651} INFO - DAG(s) dict_keys(['tutorial_etl_dag']) retrieved from /home/airflow/.local/lib/python3.7/site-packages/airflow/example_dags/tutorial_etl_dag.py
[2022-08-21 13:46:30,935] {logging_mixin.py:115} INFO - [2022-08-21 13:46:30,935] {dag.py:2420} INFO - Sync 1 DAGs
[2022-08-21 13:46:30,960] {logging_mixin.py:115} INFO - [2022-08-21 13:46:30,960] {dag.py:2972} INFO - Setting next_dagrun for tutorial_etl_dag to None, run_after=None
[2022-08-21 13:46:30,976] {processor.py:161} INFO - Processing /home/airflow/.local/lib/python3.7/site-packages/airflow/example_dags/tutorial_etl_dag.py took 0.081 seconds
[2022-08-21 13:47:01,195] {processor.py:153} INFO - Started process (PID=3393) to work on /home/airflow/.local/lib/python3.7/site-packages/airflow/example_dags/tutorial_etl_dag.py
[2022-08-21 13:47:01,195] {processor.py:641} INFO - Processing file /home/airflow/.local/lib/python3.7/site-packages/airflow/example_dags/tutorial_etl_dag.py for tasks to queue
[2022-08-21 13:47:01,196] {logging_mixin.py:115} INFO - [2022-08-21 13:47:01,196] {dagbag.py:508} INFO - Filling up the DagBag from /home/airflow/.local/lib/python3.7/site-packages/airflow/example_dags/tutorial_etl_dag.py
[2022-08-21 13:47:01,203] {processor.py:651} INFO - DAG(s) dict_keys(['tutorial_etl_dag']) retrieved from /home/airflow/.local/lib/python3.7/site-packages/airflow/example_dags/tutorial_etl_dag.py
[2022-08-21 13:47:01,227] {logging_mixin.py:115} INFO - [2022-08-21 13:47:01,227] {dag.py:2420} INFO - Sync 1 DAGs
[2022-08-21 13:47:01,248] {logging_mixin.py:115} INFO - [2022-08-21 13:47:01,248] {dag.py:2972} INFO - Setting next_dagrun for tutorial_etl_dag to None, run_after=None
[2022-08-21 13:47:01,267] {processor.py:161} INFO - Processing /home/airflow/.local/lib/python3.7/site-packages/airflow/example_dags/tutorial_etl_dag.py took 0.075 seconds
[2022-08-21 13:47:31,932] {processor.py:153} INFO - Started process (PID=3455) to work on /home/airflow/.local/lib/python3.7/site-packages/airflow/example_dags/tutorial_etl_dag.py
[2022-08-21 13:47:31,932] {processor.py:641} INFO - Processing file /home/airflow/.local/lib/python3.7/site-packages/airflow/example_dags/tutorial_etl_dag.py for tasks to queue
[2022-08-21 13:47:31,933] {logging_mixin.py:115} INFO - [2022-08-21 13:47:31,933] {dagbag.py:508} INFO - Filling up the DagBag from /home/airflow/.local/lib/python3.7/site-packages/airflow/example_dags/tutorial_etl_dag.py
[2022-08-21 13:47:31,939] {processor.py:651} INFO - DAG(s) dict_keys(['tutorial_etl_dag']) retrieved from /home/airflow/.local/lib/python3.7/site-packages/airflow/example_dags/tutorial_etl_dag.py
[2022-08-21 13:47:31,962] {logging_mixin.py:115} INFO - [2022-08-21 13:47:31,962] {dag.py:2420} INFO - Sync 1 DAGs
[2022-08-21 13:47:31,980] {logging_mixin.py:115} INFO - [2022-08-21 13:47:31,980] {dag.py:2972} INFO - Setting next_dagrun for tutorial_etl_dag to None, run_after=None
[2022-08-21 13:47:32,000] {processor.py:161} INFO - Processing /home/airflow/.local/lib/python3.7/site-packages/airflow/example_dags/tutorial_etl_dag.py took 0.071 seconds
[2022-08-21 13:48:02,789] {processor.py:153} INFO - Started process (PID=3507) to work on /home/airflow/.local/lib/python3.7/site-packages/airflow/example_dags/tutorial_etl_dag.py
[2022-08-21 13:48:02,789] {processor.py:641} INFO - Processing file /home/airflow/.local/lib/python3.7/site-packages/airflow/example_dags/tutorial_etl_dag.py for tasks to queue
[2022-08-21 13:48:02,790] {logging_mixin.py:115} INFO - [2022-08-21 13:48:02,790] {dagbag.py:508} INFO - Filling up the DagBag from /home/airflow/.local/lib/python3.7/site-packages/airflow/example_dags/tutorial_etl_dag.py
[2022-08-21 13:48:02,795] {processor.py:651} INFO - DAG(s) dict_keys(['tutorial_etl_dag']) retrieved from /home/airflow/.local/lib/python3.7/site-packages/airflow/example_dags/tutorial_etl_dag.py
[2022-08-21 13:48:02,819] {logging_mixin.py:115} INFO - [2022-08-21 13:48:02,819] {dag.py:2420} INFO - Sync 1 DAGs
[2022-08-21 13:48:02,840] {logging_mixin.py:115} INFO - [2022-08-21 13:48:02,840] {dag.py:2972} INFO - Setting next_dagrun for tutorial_etl_dag to None, run_after=None
[2022-08-21 13:48:02,855] {processor.py:161} INFO - Processing /home/airflow/.local/lib/python3.7/site-packages/airflow/example_dags/tutorial_etl_dag.py took 0.069 seconds
[2022-08-21 13:48:33,714] {processor.py:153} INFO - Started process (PID=3569) to work on /home/airflow/.local/lib/python3.7/site-packages/airflow/example_dags/tutorial_etl_dag.py
[2022-08-21 13:48:33,715] {processor.py:641} INFO - Processing file /home/airflow/.local/lib/python3.7/site-packages/airflow/example_dags/tutorial_etl_dag.py for tasks to queue
[2022-08-21 13:48:33,716] {logging_mixin.py:115} INFO - [2022-08-21 13:48:33,716] {dagbag.py:508} INFO - Filling up the DagBag from /home/airflow/.local/lib/python3.7/site-packages/airflow/example_dags/tutorial_etl_dag.py
[2022-08-21 13:48:33,722] {processor.py:651} INFO - DAG(s) dict_keys(['tutorial_etl_dag']) retrieved from /home/airflow/.local/lib/python3.7/site-packages/airflow/example_dags/tutorial_etl_dag.py
[2022-08-21 13:48:33,747] {logging_mixin.py:115} INFO - [2022-08-21 13:48:33,747] {dag.py:2420} INFO - Sync 1 DAGs
[2022-08-21 13:48:33,769] {logging_mixin.py:115} INFO - [2022-08-21 13:48:33,769] {dag.py:2972} INFO - Setting next_dagrun for tutorial_etl_dag to None, run_after=None
[2022-08-21 13:48:33,788] {processor.py:161} INFO - Processing /home/airflow/.local/lib/python3.7/site-packages/airflow/example_dags/tutorial_etl_dag.py took 0.077 seconds
[2022-08-21 13:49:04,299] {processor.py:153} INFO - Started process (PID=3631) to work on /home/airflow/.local/lib/python3.7/site-packages/airflow/example_dags/tutorial_etl_dag.py
[2022-08-21 13:49:04,300] {processor.py:641} INFO - Processing file /home/airflow/.local/lib/python3.7/site-packages/airflow/example_dags/tutorial_etl_dag.py for tasks to queue
[2022-08-21 13:49:04,300] {logging_mixin.py:115} INFO - [2022-08-21 13:49:04,300] {dagbag.py:508} INFO - Filling up the DagBag from /home/airflow/.local/lib/python3.7/site-packages/airflow/example_dags/tutorial_etl_dag.py
[2022-08-21 13:49:04,306] {processor.py:651} INFO - DAG(s) dict_keys(['tutorial_etl_dag']) retrieved from /home/airflow/.local/lib/python3.7/site-packages/airflow/example_dags/tutorial_etl_dag.py
[2022-08-21 13:49:04,330] {logging_mixin.py:115} INFO - [2022-08-21 13:49:04,330] {dag.py:2420} INFO - Sync 1 DAGs
[2022-08-21 13:49:04,350] {logging_mixin.py:115} INFO - [2022-08-21 13:49:04,350] {dag.py:2972} INFO - Setting next_dagrun for tutorial_etl_dag to None, run_after=None
[2022-08-21 13:49:04,368] {processor.py:161} INFO - Processing /home/airflow/.local/lib/python3.7/site-packages/airflow/example_dags/tutorial_etl_dag.py took 0.072 seconds
[2022-08-21 13:49:35,324] {processor.py:153} INFO - Started process (PID=3683) to work on /home/airflow/.local/lib/python3.7/site-packages/airflow/example_dags/tutorial_etl_dag.py
[2022-08-21 13:49:35,325] {processor.py:641} INFO - Processing file /home/airflow/.local/lib/python3.7/site-packages/airflow/example_dags/tutorial_etl_dag.py for tasks to queue
[2022-08-21 13:49:35,326] {logging_mixin.py:115} INFO - [2022-08-21 13:49:35,326] {dagbag.py:508} INFO - Filling up the DagBag from /home/airflow/.local/lib/python3.7/site-packages/airflow/example_dags/tutorial_etl_dag.py
[2022-08-21 13:49:35,332] {processor.py:651} INFO - DAG(s) dict_keys(['tutorial_etl_dag']) retrieved from /home/airflow/.local/lib/python3.7/site-packages/airflow/example_dags/tutorial_etl_dag.py
[2022-08-21 13:49:35,357] {logging_mixin.py:115} INFO - [2022-08-21 13:49:35,356] {dag.py:2420} INFO - Sync 1 DAGs
[2022-08-21 13:49:35,377] {logging_mixin.py:115} INFO - [2022-08-21 13:49:35,377] {dag.py:2972} INFO - Setting next_dagrun for tutorial_etl_dag to None, run_after=None
[2022-08-21 13:49:35,394] {processor.py:161} INFO - Processing /home/airflow/.local/lib/python3.7/site-packages/airflow/example_dags/tutorial_etl_dag.py took 0.073 seconds
[2022-08-21 13:50:06,294] {processor.py:153} INFO - Started process (PID=3744) to work on /home/airflow/.local/lib/python3.7/site-packages/airflow/example_dags/tutorial_etl_dag.py
[2022-08-21 13:50:06,295] {processor.py:641} INFO - Processing file /home/airflow/.local/lib/python3.7/site-packages/airflow/example_dags/tutorial_etl_dag.py for tasks to queue
[2022-08-21 13:50:06,296] {logging_mixin.py:115} INFO - [2022-08-21 13:50:06,296] {dagbag.py:508} INFO - Filling up the DagBag from /home/airflow/.local/lib/python3.7/site-packages/airflow/example_dags/tutorial_etl_dag.py
[2022-08-21 13:50:06,302] {processor.py:651} INFO - DAG(s) dict_keys(['tutorial_etl_dag']) retrieved from /home/airflow/.local/lib/python3.7/site-packages/airflow/example_dags/tutorial_etl_dag.py
[2022-08-21 13:50:06,324] {logging_mixin.py:115} INFO - [2022-08-21 13:50:06,324] {dag.py:2420} INFO - Sync 1 DAGs
[2022-08-21 13:50:06,345] {logging_mixin.py:115} INFO - [2022-08-21 13:50:06,345] {dag.py:2972} INFO - Setting next_dagrun for tutorial_etl_dag to None, run_after=None
[2022-08-21 13:50:06,363] {processor.py:161} INFO - Processing /home/airflow/.local/lib/python3.7/site-packages/airflow/example_dags/tutorial_etl_dag.py took 0.071 seconds
[2022-08-21 13:50:36,490] {processor.py:153} INFO - Started process (PID=3806) to work on /home/airflow/.local/lib/python3.7/site-packages/airflow/example_dags/tutorial_etl_dag.py
[2022-08-21 13:50:36,491] {processor.py:641} INFO - Processing file /home/airflow/.local/lib/python3.7/site-packages/airflow/example_dags/tutorial_etl_dag.py for tasks to queue
[2022-08-21 13:50:36,492] {logging_mixin.py:115} INFO - [2022-08-21 13:50:36,492] {dagbag.py:508} INFO - Filling up the DagBag from /home/airflow/.local/lib/python3.7/site-packages/airflow/example_dags/tutorial_etl_dag.py
[2022-08-21 13:50:36,501] {processor.py:651} INFO - DAG(s) dict_keys(['tutorial_etl_dag']) retrieved from /home/airflow/.local/lib/python3.7/site-packages/airflow/example_dags/tutorial_etl_dag.py
[2022-08-21 13:50:36,524] {logging_mixin.py:115} INFO - [2022-08-21 13:50:36,524] {dag.py:2420} INFO - Sync 1 DAGs
[2022-08-21 13:50:36,547] {logging_mixin.py:115} INFO - [2022-08-21 13:50:36,546] {dag.py:2972} INFO - Setting next_dagrun for tutorial_etl_dag to None, run_after=None
[2022-08-21 13:50:36,562] {processor.py:161} INFO - Processing /home/airflow/.local/lib/python3.7/site-packages/airflow/example_dags/tutorial_etl_dag.py took 0.075 seconds
[2022-08-21 13:51:06,734] {processor.py:153} INFO - Started process (PID=3858) to work on /home/airflow/.local/lib/python3.7/site-packages/airflow/example_dags/tutorial_etl_dag.py
[2022-08-21 13:51:06,735] {processor.py:641} INFO - Processing file /home/airflow/.local/lib/python3.7/site-packages/airflow/example_dags/tutorial_etl_dag.py for tasks to queue
[2022-08-21 13:51:06,735] {logging_mixin.py:115} INFO - [2022-08-21 13:51:06,735] {dagbag.py:508} INFO - Filling up the DagBag from /home/airflow/.local/lib/python3.7/site-packages/airflow/example_dags/tutorial_etl_dag.py
[2022-08-21 13:51:06,742] {processor.py:651} INFO - DAG(s) dict_keys(['tutorial_etl_dag']) retrieved from /home/airflow/.local/lib/python3.7/site-packages/airflow/example_dags/tutorial_etl_dag.py
[2022-08-21 13:51:06,771] {logging_mixin.py:115} INFO - [2022-08-21 13:51:06,771] {dag.py:2420} INFO - Sync 1 DAGs
[2022-08-21 13:51:06,793] {logging_mixin.py:115} INFO - [2022-08-21 13:51:06,793] {dag.py:2972} INFO - Setting next_dagrun for tutorial_etl_dag to None, run_after=None
[2022-08-21 13:51:06,810] {processor.py:161} INFO - Processing /home/airflow/.local/lib/python3.7/site-packages/airflow/example_dags/tutorial_etl_dag.py took 0.079 seconds
[2022-08-21 13:51:36,861] {processor.py:153} INFO - Started process (PID=3919) to work on /home/airflow/.local/lib/python3.7/site-packages/airflow/example_dags/tutorial_etl_dag.py
[2022-08-21 13:51:36,861] {processor.py:641} INFO - Processing file /home/airflow/.local/lib/python3.7/site-packages/airflow/example_dags/tutorial_etl_dag.py for tasks to queue
[2022-08-21 13:51:36,862] {logging_mixin.py:115} INFO - [2022-08-21 13:51:36,862] {dagbag.py:508} INFO - Filling up the DagBag from /home/airflow/.local/lib/python3.7/site-packages/airflow/example_dags/tutorial_etl_dag.py
[2022-08-21 13:51:36,870] {processor.py:651} INFO - DAG(s) dict_keys(['tutorial_etl_dag']) retrieved from /home/airflow/.local/lib/python3.7/site-packages/airflow/example_dags/tutorial_etl_dag.py
[2022-08-21 13:51:36,894] {logging_mixin.py:115} INFO - [2022-08-21 13:51:36,894] {dag.py:2420} INFO - Sync 1 DAGs
[2022-08-21 13:51:36,914] {logging_mixin.py:115} INFO - [2022-08-21 13:51:36,914] {dag.py:2972} INFO - Setting next_dagrun for tutorial_etl_dag to None, run_after=None
[2022-08-21 13:51:36,933] {processor.py:161} INFO - Processing /home/airflow/.local/lib/python3.7/site-packages/airflow/example_dags/tutorial_etl_dag.py took 0.075 seconds
[2022-08-21 13:52:07,149] {processor.py:153} INFO - Started process (PID=3980) to work on /home/airflow/.local/lib/python3.7/site-packages/airflow/example_dags/tutorial_etl_dag.py
[2022-08-21 13:52:07,150] {processor.py:641} INFO - Processing file /home/airflow/.local/lib/python3.7/site-packages/airflow/example_dags/tutorial_etl_dag.py for tasks to queue
[2022-08-21 13:52:07,151] {logging_mixin.py:115} INFO - [2022-08-21 13:52:07,151] {dagbag.py:508} INFO - Filling up the DagBag from /home/airflow/.local/lib/python3.7/site-packages/airflow/example_dags/tutorial_etl_dag.py
[2022-08-21 13:52:07,158] {processor.py:651} INFO - DAG(s) dict_keys(['tutorial_etl_dag']) retrieved from /home/airflow/.local/lib/python3.7/site-packages/airflow/example_dags/tutorial_etl_dag.py
[2022-08-21 13:52:07,186] {logging_mixin.py:115} INFO - [2022-08-21 13:52:07,185] {dag.py:2420} INFO - Sync 1 DAGs
[2022-08-21 13:52:07,208] {logging_mixin.py:115} INFO - [2022-08-21 13:52:07,208] {dag.py:2972} INFO - Setting next_dagrun for tutorial_etl_dag to None, run_after=None
[2022-08-21 13:52:07,227] {processor.py:161} INFO - Processing /home/airflow/.local/lib/python3.7/site-packages/airflow/example_dags/tutorial_etl_dag.py took 0.080 seconds
[2022-08-21 13:52:37,378] {processor.py:153} INFO - Started process (PID=4032) to work on /home/airflow/.local/lib/python3.7/site-packages/airflow/example_dags/tutorial_etl_dag.py
[2022-08-21 13:52:37,379] {processor.py:641} INFO - Processing file /home/airflow/.local/lib/python3.7/site-packages/airflow/example_dags/tutorial_etl_dag.py for tasks to queue
[2022-08-21 13:52:37,380] {logging_mixin.py:115} INFO - [2022-08-21 13:52:37,380] {dagbag.py:508} INFO - Filling up the DagBag from /home/airflow/.local/lib/python3.7/site-packages/airflow/example_dags/tutorial_etl_dag.py
[2022-08-21 13:52:37,387] {processor.py:651} INFO - DAG(s) dict_keys(['tutorial_etl_dag']) retrieved from /home/airflow/.local/lib/python3.7/site-packages/airflow/example_dags/tutorial_etl_dag.py
[2022-08-21 13:52:37,412] {logging_mixin.py:115} INFO - [2022-08-21 13:52:37,412] {dag.py:2420} INFO - Sync 1 DAGs
[2022-08-21 13:52:37,434] {logging_mixin.py:115} INFO - [2022-08-21 13:52:37,434] {dag.py:2972} INFO - Setting next_dagrun for tutorial_etl_dag to None, run_after=None
[2022-08-21 13:52:37,450] {processor.py:161} INFO - Processing /home/airflow/.local/lib/python3.7/site-packages/airflow/example_dags/tutorial_etl_dag.py took 0.074 seconds
[2022-08-21 13:53:07,936] {processor.py:153} INFO - Started process (PID=4093) to work on /home/airflow/.local/lib/python3.7/site-packages/airflow/example_dags/tutorial_etl_dag.py
[2022-08-21 13:53:07,937] {processor.py:641} INFO - Processing file /home/airflow/.local/lib/python3.7/site-packages/airflow/example_dags/tutorial_etl_dag.py for tasks to queue
[2022-08-21 13:53:07,938] {logging_mixin.py:115} INFO - [2022-08-21 13:53:07,938] {dagbag.py:508} INFO - Filling up the DagBag from /home/airflow/.local/lib/python3.7/site-packages/airflow/example_dags/tutorial_etl_dag.py
[2022-08-21 13:53:07,945] {processor.py:651} INFO - DAG(s) dict_keys(['tutorial_etl_dag']) retrieved from /home/airflow/.local/lib/python3.7/site-packages/airflow/example_dags/tutorial_etl_dag.py
[2022-08-21 13:53:07,973] {logging_mixin.py:115} INFO - [2022-08-21 13:53:07,972] {dag.py:2420} INFO - Sync 1 DAGs
[2022-08-21 13:53:07,996] {logging_mixin.py:115} INFO - [2022-08-21 13:53:07,996] {dag.py:2972} INFO - Setting next_dagrun for tutorial_etl_dag to None, run_after=None
[2022-08-21 13:53:08,012] {processor.py:161} INFO - Processing /home/airflow/.local/lib/python3.7/site-packages/airflow/example_dags/tutorial_etl_dag.py took 0.079 seconds
[2022-08-21 13:53:39,019] {processor.py:153} INFO - Started process (PID=4154) to work on /home/airflow/.local/lib/python3.7/site-packages/airflow/example_dags/tutorial_etl_dag.py
[2022-08-21 13:53:39,020] {processor.py:641} INFO - Processing file /home/airflow/.local/lib/python3.7/site-packages/airflow/example_dags/tutorial_etl_dag.py for tasks to queue
[2022-08-21 13:53:39,021] {logging_mixin.py:115} INFO - [2022-08-21 13:53:39,021] {dagbag.py:508} INFO - Filling up the DagBag from /home/airflow/.local/lib/python3.7/site-packages/airflow/example_dags/tutorial_etl_dag.py
[2022-08-21 13:53:39,029] {processor.py:651} INFO - DAG(s) dict_keys(['tutorial_etl_dag']) retrieved from /home/airflow/.local/lib/python3.7/site-packages/airflow/example_dags/tutorial_etl_dag.py
[2022-08-21 13:53:39,056] {logging_mixin.py:115} INFO - [2022-08-21 13:53:39,056] {dag.py:2420} INFO - Sync 1 DAGs
[2022-08-21 13:53:39,083] {logging_mixin.py:115} INFO - [2022-08-21 13:53:39,083] {dag.py:2972} INFO - Setting next_dagrun for tutorial_etl_dag to None, run_after=None
[2022-08-21 13:53:39,105] {processor.py:161} INFO - Processing /home/airflow/.local/lib/python3.7/site-packages/airflow/example_dags/tutorial_etl_dag.py took 0.090 seconds
