[2022-08-21 13:40:08,655] {taskinstance.py:1179} INFO - Dependencies all met for <TaskInstance: example_bash_operator.runme_2 scheduled__2022-08-20T00:00:00+00:00 [queued]>
[2022-08-21 13:40:08,670] {taskinstance.py:1179} INFO - Dependencies all met for <TaskInstance: example_bash_operator.runme_2 scheduled__2022-08-20T00:00:00+00:00 [queued]>
[2022-08-21 13:40:08,670] {taskinstance.py:1376} INFO - 
--------------------------------------------------------------------------------
[2022-08-21 13:40:08,671] {taskinstance.py:1377} INFO - Starting attempt 1 of 1
[2022-08-21 13:40:08,671] {taskinstance.py:1378} INFO - 
--------------------------------------------------------------------------------
[2022-08-21 13:40:08,690] {taskinstance.py:1397} INFO - Executing <Task(BashOperator): runme_2> on 2022-08-20 00:00:00+00:00
[2022-08-21 13:40:08,702] {standard_task_runner.py:52} INFO - Started process 1115 to run task
[2022-08-21 13:40:08,710] {standard_task_runner.py:79} INFO - Running: ['***', 'tasks', 'run', 'example_bash_operator', 'runme_2', 'scheduled__2022-08-20T00:00:00+00:00', '--job-id', '10', '--raw', '--subdir', '/home/***/.local/lib/python3.7/site-packages/***/example_dags/example_bash_operator.py', '--cfg-path', '/tmp/tmp_qblx0yt', '--error-file', '/tmp/tmpkx5la96r']
[2022-08-21 13:40:08,711] {standard_task_runner.py:80} INFO - Job 10: Subtask runme_2
[2022-08-21 13:40:08,852] {task_command.py:371} INFO - Running <TaskInstance: example_bash_operator.runme_2 scheduled__2022-08-20T00:00:00+00:00 [running]> on host 9be3abb2dacb
[2022-08-21 13:40:09,070] {taskinstance.py:1591} INFO - Exporting the following env vars:
AIRFLOW_CTX_DAG_OWNER=***
AIRFLOW_CTX_DAG_ID=example_bash_operator
AIRFLOW_CTX_TASK_ID=runme_2
AIRFLOW_CTX_EXECUTION_DATE=2022-08-20T00:00:00+00:00
AIRFLOW_CTX_TRY_NUMBER=1
AIRFLOW_CTX_DAG_RUN_ID=scheduled__2022-08-20T00:00:00+00:00
[2022-08-21 13:40:09,074] {subprocess.py:62} INFO - Tmp dir root location: 
 /tmp
[2022-08-21 13:40:09,078] {subprocess.py:74} INFO - Running command: ['bash', '-c', 'echo "example_bash_operator__runme_2__20220820" && sleep 1']
[2022-08-21 13:40:09,106] {subprocess.py:85} INFO - Output:
[2022-08-21 13:40:09,112] {subprocess.py:92} INFO - example_bash_operator__runme_2__20220820
[2022-08-21 13:40:10,115] {subprocess.py:96} INFO - Command exited with return code 0
[2022-08-21 13:40:10,155] {taskinstance.py:1420} INFO - Marking task as SUCCESS. dag_id=example_bash_operator, task_id=runme_2, execution_date=20220820T000000, start_date=20220821T134008, end_date=20220821T134010
[2022-08-21 13:40:10,190] {local_task_job.py:156} INFO - Task exited with return code 0
[2022-08-21 13:40:10,246] {local_task_job.py:273} INFO - 0 downstream tasks scheduled from follow-on schedule check
