[2022-08-21 13:44:46,121] {taskinstance.py:1179} INFO - Dependencies all met for <TaskInstance: example_branch_datetime_operator_2.datetime_branch scheduled__2022-08-20T00:00:00+00:00 [queued]>
[2022-08-21 13:44:46,137] {taskinstance.py:1179} INFO - Dependencies all met for <TaskInstance: example_branch_datetime_operator_2.datetime_branch scheduled__2022-08-20T00:00:00+00:00 [queued]>
[2022-08-21 13:44:46,138] {taskinstance.py:1376} INFO - 
--------------------------------------------------------------------------------
[2022-08-21 13:44:46,143] {taskinstance.py:1377} INFO - Starting attempt 1 of 1
[2022-08-21 13:44:46,143] {taskinstance.py:1378} INFO - 
--------------------------------------------------------------------------------
[2022-08-21 13:44:46,159] {taskinstance.py:1397} INFO - Executing <Task(BranchDateTimeOperator): datetime_branch> on 2022-08-20 00:00:00+00:00
[2022-08-21 13:44:46,163] {standard_task_runner.py:52} INFO - Started process 1361 to run task
[2022-08-21 13:44:46,166] {standard_task_runner.py:79} INFO - Running: ['***', 'tasks', 'run', 'example_branch_datetime_operator_2', 'datetime_branch', 'scheduled__2022-08-20T00:00:00+00:00', '--job-id', '19', '--raw', '--subdir', '/home/***/.local/lib/python3.7/site-packages/***/example_dags/example_branch_datetime_operator.py', '--cfg-path', '/tmp/tmpvx9o5f32', '--error-file', '/tmp/tmpai3a00rl']
[2022-08-21 13:44:46,168] {standard_task_runner.py:80} INFO - Job 19: Subtask datetime_branch
[2022-08-21 13:44:46,233] {task_command.py:371} INFO - Running <TaskInstance: example_branch_datetime_operator_2.datetime_branch scheduled__2022-08-20T00:00:00+00:00 [running]> on host 9be3abb2dacb
[2022-08-21 13:44:46,297] {taskinstance.py:1591} INFO - Exporting the following env vars:
AIRFLOW_CTX_DAG_OWNER=***
AIRFLOW_CTX_DAG_ID=example_branch_datetime_operator_2
AIRFLOW_CTX_TASK_ID=datetime_branch
AIRFLOW_CTX_EXECUTION_DATE=2022-08-20T00:00:00+00:00
AIRFLOW_CTX_TRY_NUMBER=1
AIRFLOW_CTX_DAG_RUN_ID=scheduled__2022-08-20T00:00:00+00:00
[2022-08-21 13:44:46,298] {skipmixin.py:140} INFO - Following branch ['date_outside_range']
[2022-08-21 13:44:46,299] {skipmixin.py:175} INFO - Skipping tasks ['date_in_range']
[2022-08-21 13:44:46,346] {taskinstance.py:1420} INFO - Marking task as SUCCESS. dag_id=example_branch_datetime_operator_2, task_id=datetime_branch, execution_date=20220820T000000, start_date=20220821T134446, end_date=20220821T134446
[2022-08-21 13:44:46,380] {local_task_job.py:156} INFO - Task exited with return code 0
[2022-08-21 13:44:46,424] {local_task_job.py:273} INFO - 1 downstream tasks scheduled from follow-on schedule check
