[2022-08-21 13:40:09,079] {taskinstance.py:1179} INFO - Dependencies all met for <TaskInstance: example_bash_operator.runme_1 scheduled__2022-08-20T00:00:00+00:00 [queued]>
[2022-08-21 13:40:09,115] {taskinstance.py:1179} INFO - Dependencies all met for <TaskInstance: example_bash_operator.runme_1 scheduled__2022-08-20T00:00:00+00:00 [queued]>
[2022-08-21 13:40:09,118] {taskinstance.py:1376} INFO - 
--------------------------------------------------------------------------------
[2022-08-21 13:40:09,120] {taskinstance.py:1377} INFO - Starting attempt 1 of 1
[2022-08-21 13:40:09,124] {taskinstance.py:1378} INFO - 
--------------------------------------------------------------------------------
[2022-08-21 13:40:09,162] {taskinstance.py:1397} INFO - Executing <Task(BashOperator): runme_1> on 2022-08-20 00:00:00+00:00
[2022-08-21 13:40:09,179] {standard_task_runner.py:52} INFO - Started process 1125 to run task
[2022-08-21 13:40:09,189] {standard_task_runner.py:79} INFO - Running: ['***', 'tasks', 'run', 'example_bash_operator', 'runme_1', 'scheduled__2022-08-20T00:00:00+00:00', '--job-id', '12', '--raw', '--subdir', '/home/***/.local/lib/python3.7/site-packages/***/example_dags/example_bash_operator.py', '--cfg-path', '/tmp/tmpd43w_slv', '--error-file', '/tmp/tmp7qh2ymzk']
[2022-08-21 13:40:09,189] {standard_task_runner.py:80} INFO - Job 12: Subtask runme_1
[2022-08-21 13:40:09,357] {task_command.py:371} INFO - Running <TaskInstance: example_bash_operator.runme_1 scheduled__2022-08-20T00:00:00+00:00 [running]> on host 9be3abb2dacb
[2022-08-21 13:40:09,552] {taskinstance.py:1591} INFO - Exporting the following env vars:
AIRFLOW_CTX_DAG_OWNER=***
AIRFLOW_CTX_DAG_ID=example_bash_operator
AIRFLOW_CTX_TASK_ID=runme_1
AIRFLOW_CTX_EXECUTION_DATE=2022-08-20T00:00:00+00:00
AIRFLOW_CTX_TRY_NUMBER=1
AIRFLOW_CTX_DAG_RUN_ID=scheduled__2022-08-20T00:00:00+00:00
[2022-08-21 13:40:09,555] {subprocess.py:62} INFO - Tmp dir root location: 
 /tmp
[2022-08-21 13:40:09,557] {subprocess.py:74} INFO - Running command: ['bash', '-c', 'echo "example_bash_operator__runme_1__20220820" && sleep 1']
[2022-08-21 13:40:09,599] {subprocess.py:85} INFO - Output:
[2022-08-21 13:40:09,605] {subprocess.py:92} INFO - example_bash_operator__runme_1__20220820
[2022-08-21 13:40:10,602] {subprocess.py:96} INFO - Command exited with return code 0
[2022-08-21 13:40:10,643] {taskinstance.py:1420} INFO - Marking task as SUCCESS. dag_id=example_bash_operator, task_id=runme_1, execution_date=20220820T000000, start_date=20220821T134009, end_date=20220821T134010
[2022-08-21 13:40:10,675] {local_task_job.py:156} INFO - Task exited with return code 0
[2022-08-21 13:40:10,721] {local_task_job.py:273} INFO - 0 downstream tasks scheduled from follow-on schedule check
