[2022-08-21 13:40:08,856] {taskinstance.py:1179} INFO - Dependencies all met for <TaskInstance: example_bash_operator.also_run_this scheduled__2022-08-20T00:00:00+00:00 [queued]>
[2022-08-21 13:40:08,896] {taskinstance.py:1179} INFO - Dependencies all met for <TaskInstance: example_bash_operator.also_run_this scheduled__2022-08-20T00:00:00+00:00 [queued]>
[2022-08-21 13:40:08,897] {taskinstance.py:1376} INFO - 
--------------------------------------------------------------------------------
[2022-08-21 13:40:08,902] {taskinstance.py:1377} INFO - Starting attempt 1 of 1
[2022-08-21 13:40:08,903] {taskinstance.py:1378} INFO - 
--------------------------------------------------------------------------------
[2022-08-21 13:40:08,934] {taskinstance.py:1397} INFO - Executing <Task(BashOperator): also_run_this> on 2022-08-20 00:00:00+00:00
[2022-08-21 13:40:08,942] {standard_task_runner.py:52} INFO - Started process 1120 to run task
[2022-08-21 13:40:08,963] {standard_task_runner.py:79} INFO - Running: ['***', 'tasks', 'run', 'example_bash_operator', 'also_run_this', 'scheduled__2022-08-20T00:00:00+00:00', '--job-id', '11', '--raw', '--subdir', '/home/***/.local/lib/python3.7/site-packages/***/example_dags/example_bash_operator.py', '--cfg-path', '/tmp/tmp6qwaqgbl', '--error-file', '/tmp/tmpiazzt4jg']
[2022-08-21 13:40:08,964] {standard_task_runner.py:80} INFO - Job 11: Subtask also_run_this
[2022-08-21 13:40:09,177] {task_command.py:371} INFO - Running <TaskInstance: example_bash_operator.also_run_this scheduled__2022-08-20T00:00:00+00:00 [running]> on host 9be3abb2dacb
[2022-08-21 13:40:09,333] {taskinstance.py:1591} INFO - Exporting the following env vars:
AIRFLOW_CTX_DAG_OWNER=***
AIRFLOW_CTX_DAG_ID=example_bash_operator
AIRFLOW_CTX_TASK_ID=also_run_this
AIRFLOW_CTX_EXECUTION_DATE=2022-08-20T00:00:00+00:00
AIRFLOW_CTX_TRY_NUMBER=1
AIRFLOW_CTX_DAG_RUN_ID=scheduled__2022-08-20T00:00:00+00:00
[2022-08-21 13:40:09,337] {subprocess.py:62} INFO - Tmp dir root location: 
 /tmp
[2022-08-21 13:40:09,338] {subprocess.py:74} INFO - Running command: ['bash', '-c', 'echo "run_id=scheduled__2022-08-20T00:00:00+00:00 | dag_run=<DagRun example_bash_operator @ 2022-08-20 00:00:00+00:00: scheduled__2022-08-20T00:00:00+00:00, externally triggered: False>"']
[2022-08-21 13:40:09,361] {subprocess.py:85} INFO - Output:
[2022-08-21 13:40:09,374] {subprocess.py:92} INFO - run_id=scheduled__2022-08-20T00:00:00+00:00 | dag_run=<DagRun example_bash_operator @ 2022-08-20 00:00:00+00:00: scheduled__2022-08-20T00:00:00+00:00, externally triggered: False>
[2022-08-21 13:40:09,381] {subprocess.py:96} INFO - Command exited with return code 0
[2022-08-21 13:40:09,468] {taskinstance.py:1420} INFO - Marking task as SUCCESS. dag_id=example_bash_operator, task_id=also_run_this, execution_date=20220820T000000, start_date=20220821T134008, end_date=20220821T134009
[2022-08-21 13:40:09,543] {local_task_job.py:156} INFO - Task exited with return code 0
[2022-08-21 13:40:09,645] {local_task_job.py:273} INFO - 0 downstream tasks scheduled from follow-on schedule check
