[2022-08-21 13:40:08,756] {taskinstance.py:1179} INFO - Dependencies all met for <TaskInstance: example_bash_operator.this_will_skip scheduled__2022-08-20T00:00:00+00:00 [queued]>
[2022-08-21 13:40:08,804] {taskinstance.py:1179} INFO - Dependencies all met for <TaskInstance: example_bash_operator.this_will_skip scheduled__2022-08-20T00:00:00+00:00 [queued]>
[2022-08-21 13:40:08,804] {taskinstance.py:1376} INFO - 
--------------------------------------------------------------------------------
[2022-08-21 13:40:08,811] {taskinstance.py:1377} INFO - Starting attempt 1 of 1
[2022-08-21 13:40:08,813] {taskinstance.py:1378} INFO - 
--------------------------------------------------------------------------------
[2022-08-21 13:40:08,844] {taskinstance.py:1397} INFO - Executing <Task(BashOperator): this_will_skip> on 2022-08-20 00:00:00+00:00
[2022-08-21 13:40:08,852] {standard_task_runner.py:52} INFO - Started process 1118 to run task
[2022-08-21 13:40:08,863] {standard_task_runner.py:79} INFO - Running: ['***', 'tasks', 'run', 'example_bash_operator', 'this_will_skip', 'scheduled__2022-08-20T00:00:00+00:00', '--job-id', '9', '--raw', '--subdir', '/home/***/.local/lib/python3.7/site-packages/***/example_dags/example_bash_operator.py', '--cfg-path', '/tmp/tmpno3i5ry5', '--error-file', '/tmp/tmpibmekma0']
[2022-08-21 13:40:08,866] {standard_task_runner.py:80} INFO - Job 9: Subtask this_will_skip
[2022-08-21 13:40:09,021] {task_command.py:371} INFO - Running <TaskInstance: example_bash_operator.this_will_skip scheduled__2022-08-20T00:00:00+00:00 [running]> on host 9be3abb2dacb
[2022-08-21 13:40:09,250] {taskinstance.py:1591} INFO - Exporting the following env vars:
AIRFLOW_CTX_DAG_OWNER=***
AIRFLOW_CTX_DAG_ID=example_bash_operator
AIRFLOW_CTX_TASK_ID=this_will_skip
AIRFLOW_CTX_EXECUTION_DATE=2022-08-20T00:00:00+00:00
AIRFLOW_CTX_TRY_NUMBER=1
AIRFLOW_CTX_DAG_RUN_ID=scheduled__2022-08-20T00:00:00+00:00
[2022-08-21 13:40:09,253] {subprocess.py:62} INFO - Tmp dir root location: 
 /tmp
[2022-08-21 13:40:09,255] {subprocess.py:74} INFO - Running command: ['bash', '-c', 'echo "hello world"; exit 99;']
[2022-08-21 13:40:09,273] {subprocess.py:85} INFO - Output:
[2022-08-21 13:40:09,275] {subprocess.py:92} INFO - hello world
[2022-08-21 13:40:09,276] {subprocess.py:96} INFO - Command exited with return code 99
[2022-08-21 13:40:09,277] {taskinstance.py:1498} INFO - Bash command returned exit code 99. Skipping.
[2022-08-21 13:40:09,299] {taskinstance.py:1420} INFO - Marking task as SKIPPED. dag_id=example_bash_operator, task_id=this_will_skip, execution_date=20220820T000000, start_date=20220821T134008, end_date=20220821T134009
[2022-08-21 13:40:09,358] {local_task_job.py:156} INFO - Task exited with return code 0
[2022-08-21 13:40:09,446] {local_task_job.py:273} INFO - 0 downstream tasks scheduled from follow-on schedule check
